[0.254s] Invoking command in '/home/locobot/LoCoBotRos/interbotix_ws/build/moveit_resources_panda_description': CMAKE_PREFIX_PATH=${CMAKE_PREFIX_PATH}:/home/locobot/LoCoBotRos/interbotix_ws/install/moveit_configs_utils:/home/locobot/LoCoBotRos/interbotix_ws/install/launch_param_builder:/home/locobot/LoCoBotRos/interbotix_ws/install/interbotix_xs_modules:/home/locobot/LoCoBotRos/interbotix_ws/install/interbotix_common_modules:/opt/ros/humble /usr/bin/cmake --build /home/locobot/LoCoBotRos/interbotix_ws/build/moveit_resources_panda_description -- -j16 -l16
[1.065s] Invoked command in '/home/locobot/LoCoBotRos/interbotix_ws/build/moveit_resources_panda_description' returned '0': CMAKE_PREFIX_PATH=${CMAKE_PREFIX_PATH}:/home/locobot/LoCoBotRos/interbotix_ws/install/moveit_configs_utils:/home/locobot/LoCoBotRos/interbotix_ws/install/launch_param_builder:/home/locobot/LoCoBotRos/interbotix_ws/install/interbotix_xs_modules:/home/locobot/LoCoBotRos/interbotix_ws/install/interbotix_common_modules:/opt/ros/humble /usr/bin/cmake --build /home/locobot/LoCoBotRos/interbotix_ws/build/moveit_resources_panda_description -- -j16 -l16
[1.106s] Invoking command in '/home/locobot/LoCoBotRos/interbotix_ws/build/moveit_resources_panda_description': CMAKE_PREFIX_PATH=${CMAKE_PREFIX_PATH}:/home/locobot/LoCoBotRos/interbotix_ws/install/moveit_configs_utils:/home/locobot/LoCoBotRos/interbotix_ws/install/launch_param_builder:/home/locobot/LoCoBotRos/interbotix_ws/install/interbotix_xs_modules:/home/locobot/LoCoBotRos/interbotix_ws/install/interbotix_common_modules:/opt/ros/humble /usr/bin/cmake --install /home/locobot/LoCoBotRos/interbotix_ws/build/moveit_resources_panda_description
[1.163s] -- Install configuration: "Release"
[1.163s] -- Up-to-date: /home/locobot/LoCoBotRos/interbotix_ws/install/moveit_resources_panda_description/share/ament_index/resource_index/package_run_dependencies/moveit_resources_panda_description
[1.163s] -- Up-to-date: /home/locobot/LoCoBotRos/interbotix_ws/install/moveit_resources_panda_description/share/ament_index/resource_index/parent_prefix_path/moveit_resources_panda_description
[1.165s] -- Up-to-date: /home/locobot/LoCoBotRos/interbotix_ws/install/moveit_resources_panda_description/share/moveit_resources_panda_description/environment/ament_prefix_path.sh
[1.166s] -- Up-to-date: /home/locobot/LoCoBotRos/interbotix_ws/install/moveit_resources_panda_description/share/moveit_resources_panda_description/environment/ament_prefix_path.dsv
[1.168s] -- Up-to-date: /home/locobot/LoCoBotRos/interbotix_ws/install/moveit_resources_panda_description/share/moveit_resources_panda_description/environment/path.sh
[1.168s] -- Up-to-date: /home/locobot/LoCoBotRos/interbotix_ws/install/moveit_resources_panda_description/share/moveit_resources_panda_description/environment/path.dsv
[1.168s] -- Up-to-date: /home/locobot/LoCoBotRos/interbotix_ws/install/moveit_resources_panda_description/share/moveit_resources_panda_description/local_setup.bash
[1.168s] -- Up-to-date: /home/locobot/LoCoBotRos/interbotix_ws/install/moveit_resources_panda_description/share/moveit_resources_panda_description/local_setup.sh
[1.169s] -- Up-to-date: /home/locobot/LoCoBotRos/interbotix_ws/install/moveit_resources_panda_description/share/moveit_resources_panda_description/local_setup.zsh
[1.169s] -- Up-to-date: /home/locobot/LoCoBotRos/interbotix_ws/install/moveit_resources_panda_description/share/moveit_resources_panda_description/local_setup.dsv
[1.171s] -- Installing: /home/locobot/LoCoBotRos/interbotix_ws/install/moveit_resources_panda_description/share/moveit_resources_panda_description/package.dsv
[1.171s] -- Up-to-date: /home/locobot/LoCoBotRos/interbotix_ws/install/moveit_resources_panda_description/share/ament_index/resource_index/packages/moveit_resources_panda_description
[1.173s] -- Up-to-date: /home/locobot/LoCoBotRos/interbotix_ws/install/moveit_resources_panda_description/share/moveit_resources_panda_description/cmake/moveit_resources_panda_descriptionConfig.cmake
[1.174s] -- Up-to-date: /home/locobot/LoCoBotRos/interbotix_ws/install/moveit_resources_panda_description/share/moveit_resources_panda_description/cmake/moveit_resources_panda_descriptionConfig-version.cmake
[1.175s] -- Up-to-date: /home/locobot/LoCoBotRos/interbotix_ws/install/moveit_resources_panda_description/share/moveit_resources_panda_description/package.xml
[1.175s] -- Up-to-date: /home/locobot/LoCoBotRos/interbotix_ws/install/moveit_resources_panda_description/share/moveit_resources_panda_description/meshes
[1.175s] -- Up-to-date: /home/locobot/LoCoBotRos/interbotix_ws/install/moveit_resources_panda_description/share/moveit_resources_panda_description/meshes/collision
[1.175s] -- Up-to-date: /home/locobot/LoCoBotRos/interbotix_ws/install/moveit_resources_panda_description/share/moveit_resources_panda_description/meshes/collision/link7.stl
[1.175s] -- Up-to-date: /home/locobot/LoCoBotRos/interbotix_ws/install/moveit_resources_panda_description/share/moveit_resources_panda_description/meshes/collision/link5.stl
[1.175s] -- Up-to-date: /home/locobot/LoCoBotRos/interbotix_ws/install/moveit_resources_panda_description/share/moveit_resources_panda_description/meshes/collision/link3.stl
[1.175s] -- Up-to-date: /home/locobot/LoCoBotRos/interbotix_ws/install/moveit_resources_panda_description/share/moveit_resources_panda_description/meshes/collision/finger.stl
[1.176s] -- Up-to-date: /home/locobot/LoCoBotRos/interbotix_ws/install/moveit_resources_panda_description/share/moveit_resources_panda_description/meshes/collision/link1.stl
[1.176s] -- Up-to-date: /home/locobot/LoCoBotRos/interbotix_ws/install/moveit_resources_panda_description/share/moveit_resources_panda_description/meshes/collision/link4.stl
[1.176s] -- Up-to-date: /home/locobot/LoCoBotRos/interbotix_ws/install/moveit_resources_panda_description/share/moveit_resources_panda_description/meshes/collision/hand.stl
[1.176s] -- Up-to-date: /home/locobot/LoCoBotRos/interbotix_ws/install/moveit_resources_panda_description/share/moveit_resources_panda_description/meshes/collision/link0.stl
[1.176s] -- Up-to-date: /home/locobot/LoCoBotRos/interbotix_ws/install/moveit_resources_panda_description/share/moveit_resources_panda_description/meshes/collision/link2.stl
[1.176s] -- Up-to-date: /home/locobot/LoCoBotRos/interbotix_ws/install/moveit_resources_panda_description/share/moveit_resources_panda_description/meshes/collision/link6.stl
[1.176s] -- Up-to-date: /home/locobot/LoCoBotRos/interbotix_ws/install/moveit_resources_panda_description/share/moveit_resources_panda_description/meshes/visual
[1.177s] -- Up-to-date: /home/locobot/LoCoBotRos/interbotix_ws/install/moveit_resources_panda_description/share/moveit_resources_panda_description/meshes/visual/link4.dae
[1.177s] -- Up-to-date: /home/locobot/LoCoBotRos/interbotix_ws/install/moveit_resources_panda_description/share/moveit_resources_panda_description/meshes/visual/link6.dae
[1.178s] -- Up-to-date: /home/locobot/LoCoBotRos/interbotix_ws/install/moveit_resources_panda_description/share/moveit_resources_panda_description/meshes/visual/link0.dae
[1.179s] -- Up-to-date: /home/locobot/LoCoBotRos/interbotix_ws/install/moveit_resources_panda_description/share/moveit_resources_panda_description/meshes/visual/finger.dae
[1.181s] -- Up-to-date: /home/locobot/LoCoBotRos/interbotix_ws/install/moveit_resources_panda_description/share/moveit_resources_panda_description/meshes/visual/link5.dae
[1.183s] -- Up-to-date: /home/locobot/LoCoBotRos/interbotix_ws/install/moveit_resources_panda_description/share/moveit_resources_panda_description/meshes/visual/link3.dae
[1.184s] -- Up-to-date: /home/locobot/LoCoBotRos/interbotix_ws/install/moveit_resources_panda_description/share/moveit_resources_panda_description/meshes/visual/hand.dae
[1.184s] -- Up-to-date: /home/locobot/LoCoBotRos/interbotix_ws/install/moveit_resources_panda_description/share/moveit_resources_panda_description/meshes/visual/link1.dae
[1.185s] -- Up-to-date: /home/locobot/LoCoBotRos/interbotix_ws/install/moveit_resources_panda_description/share/moveit_resources_panda_description/meshes/visual/link7.dae
[1.185s] -- Up-to-date: /home/locobot/LoCoBotRos/interbotix_ws/install/moveit_resources_panda_description/share/moveit_resources_panda_description/meshes/visual/link2.dae
[1.185s] -- Up-to-date: /home/locobot/LoCoBotRos/interbotix_ws/install/moveit_resources_panda_description/share/moveit_resources_panda_description/urdf
[1.185s] -- Up-to-date: /home/locobot/LoCoBotRos/interbotix_ws/install/moveit_resources_panda_description/share/moveit_resources_panda_description/urdf/panda.urdf
[1.276s] Invoked command in '/home/locobot/LoCoBotRos/interbotix_ws/build/moveit_resources_panda_description' returned '0': CMAKE_PREFIX_PATH=${CMAKE_PREFIX_PATH}:/home/locobot/LoCoBotRos/interbotix_ws/install/moveit_configs_utils:/home/locobot/LoCoBotRos/interbotix_ws/install/launch_param_builder:/home/locobot/LoCoBotRos/interbotix_ws/install/interbotix_xs_modules:/home/locobot/LoCoBotRos/interbotix_ws/install/interbotix_common_modules:/opt/ros/humble /usr/bin/cmake --install /home/locobot/LoCoBotRos/interbotix_ws/build/moveit_resources_panda_description
