[0.292s] Invoking command in '/home/locobot/LoCoBotRos/interbotix_ws/build/moveit_task_constructor_msgs': CMAKE_PREFIX_PATH=${CMAKE_PREFIX_PATH}:/home/locobot/LoCoBotRos/interbotix_ws/install/moveit_configs_utils:/home/locobot/LoCoBotRos/interbotix_ws/install/launch_param_builder:/home/locobot/LoCoBotRos/interbotix_ws/install/interbotix_xs_modules:/home/locobot/LoCoBotRos/interbotix_ws/install/interbotix_common_modules:/opt/ros/humble /usr/bin/cmake --build /home/locobot/LoCoBotRos/interbotix_ws/build/moveit_task_constructor_msgs -- -j16 -l16
[0.306s] [  0%] Built target moveit_task_constructor_msgs__cpp
[0.306s] [ 12%] Built target moveit_task_constructor_msgs__rosidl_generator_c
[0.308s] [ 12%] Built target ament_cmake_python_copy_moveit_task_constructor_msgs
[0.355s] [ 24%] Built target moveit_task_constructor_msgs__rosidl_typesupport_cpp
[0.363s] [ 36%] Built target moveit_task_constructor_msgs__rosidl_typesupport_introspection_c
[0.371s] [ 69%] Built target moveit_task_constructor_msgs__rosidl_typesupport_fastrtps_cpp
[0.371s] [ 71%] Built target moveit_task_constructor_msgs__rosidl_typesupport_c
[0.371s] [ 71%] Built target moveit_task_constructor_msgs__rosidl_typesupport_fastrtps_c
[0.371s] [ 83%] Built target moveit_task_constructor_msgs__rosidl_typesupport_introspection_cpp
[0.426s] [ 83%] Built target moveit_task_constructor_msgs
[0.471s] [ 84%] Built target moveit_task_constructor_msgs__py
[0.512s] [ 95%] Built target moveit_task_constructor_msgs__rosidl_generator_py
[0.565s] [ 97%] Built target moveit_task_constructor_msgs__rosidl_typesupport_fastrtps_c__pyext
[0.566s] [ 99%] Built target moveit_task_constructor_msgs__rosidl_typesupport_introspection_c__pyext
[0.566s] [100%] Built target moveit_task_constructor_msgs__rosidl_typesupport_c__pyext
[0.669s] running egg_info
[0.670s] writing moveit_task_constructor_msgs.egg-info/PKG-INFO
[0.670s] writing dependency_links to moveit_task_constructor_msgs.egg-info/dependency_links.txt
[0.670s] writing top-level names to moveit_task_constructor_msgs.egg-info/top_level.txt
[0.676s] reading manifest file 'moveit_task_constructor_msgs.egg-info/SOURCES.txt'
[0.677s] writing manifest file 'moveit_task_constructor_msgs.egg-info/SOURCES.txt'
[0.739s] [100%] Built target ament_cmake_python_build_moveit_task_constructor_msgs_egg
[0.963s] Invoked command in '/home/locobot/LoCoBotRos/interbotix_ws/build/moveit_task_constructor_msgs' returned '0': CMAKE_PREFIX_PATH=${CMAKE_PREFIX_PATH}:/home/locobot/LoCoBotRos/interbotix_ws/install/moveit_configs_utils:/home/locobot/LoCoBotRos/interbotix_ws/install/launch_param_builder:/home/locobot/LoCoBotRos/interbotix_ws/install/interbotix_xs_modules:/home/locobot/LoCoBotRos/interbotix_ws/install/interbotix_common_modules:/opt/ros/humble /usr/bin/cmake --build /home/locobot/LoCoBotRos/interbotix_ws/build/moveit_task_constructor_msgs -- -j16 -l16
[0.965s] Invoking command in '/home/locobot/LoCoBotRos/interbotix_ws/build/moveit_task_constructor_msgs': CMAKE_PREFIX_PATH=${CMAKE_PREFIX_PATH}:/home/locobot/LoCoBotRos/interbotix_ws/install/moveit_configs_utils:/home/locobot/LoCoBotRos/interbotix_ws/install/launch_param_builder:/home/locobot/LoCoBotRos/interbotix_ws/install/interbotix_xs_modules:/home/locobot/LoCoBotRos/interbotix_ws/install/interbotix_common_modules:/opt/ros/humble /usr/bin/cmake --install /home/locobot/LoCoBotRos/interbotix_ws/build/moveit_task_constructor_msgs
[0.983s] -- Install configuration: "Release"
[0.984s] -- Up-to-date: /home/locobot/LoCoBotRos/interbotix_ws/install/moveit_task_constructor_msgs/share/ament_index/resource_index/rosidl_interfaces/moveit_task_constructor_msgs
[0.985s] -- Up-to-date: /home/locobot/LoCoBotRos/interbotix_ws/install/moveit_task_constructor_msgs/include/moveit_task_constructor_msgs/moveit_task_constructor_msgs
[0.985s] -- Up-to-date: /home/locobot/LoCoBotRos/interbotix_ws/install/moveit_task_constructor_msgs/include/moveit_task_constructor_msgs/moveit_task_constructor_msgs/msg
[0.985s] -- Up-to-date: /home/locobot/LoCoBotRos/interbotix_ws/install/moveit_task_constructor_msgs/include/moveit_task_constructor_msgs/moveit_task_constructor_msgs/msg/detail
[0.986s] -- Up-to-date: /home/locobot/LoCoBotRos/interbotix_ws/install/moveit_task_constructor_msgs/include/moveit_task_constructor_msgs/moveit_task_constructor_msgs/msg/detail/trajectory_execution_info__functions.h
[0.986s] -- Up-to-date: /home/locobot/LoCoBotRos/interbotix_ws/install/moveit_task_constructor_msgs/include/moveit_task_constructor_msgs/moveit_task_constructor_msgs/msg/detail/property__type_support.h
[0.986s] -- Up-to-date: /home/locobot/LoCoBotRos/interbotix_ws/install/moveit_task_constructor_msgs/include/moveit_task_constructor_msgs/moveit_task_constructor_msgs/msg/detail/task_description__functions.h
[0.986s] -- Up-to-date: /home/locobot/LoCoBotRos/interbotix_ws/install/moveit_task_constructor_msgs/include/moveit_task_constructor_msgs/moveit_task_constructor_msgs/msg/detail/sub_trajectory__struct.h
[0.986s] -- Up-to-date: /home/locobot/LoCoBotRos/interbotix_ws/install/moveit_task_constructor_msgs/include/moveit_task_constructor_msgs/moveit_task_constructor_msgs/msg/detail/task_description__struct.h
[0.989s] -- Up-to-date: /home/locobot/LoCoBotRos/interbotix_ws/install/moveit_task_constructor_msgs/include/moveit_task_constructor_msgs/moveit_task_constructor_msgs/msg/detail/stage_statistics__functions.h
[0.989s] -- Up-to-date: /home/locobot/LoCoBotRos/interbotix_ws/install/moveit_task_constructor_msgs/include/moveit_task_constructor_msgs/moveit_task_constructor_msgs/msg/detail/solution_info__struct.h
[0.989s] -- Up-to-date: /home/locobot/LoCoBotRos/interbotix_ws/install/moveit_task_constructor_msgs/include/moveit_task_constructor_msgs/moveit_task_constructor_msgs/msg/detail/sub_solution__functions.h
[0.990s] -- Up-to-date: /home/locobot/LoCoBotRos/interbotix_ws/install/moveit_task_constructor_msgs/include/moveit_task_constructor_msgs/moveit_task_constructor_msgs/msg/detail/stage_description__type_support.h
[0.990s] -- Up-to-date: /home/locobot/LoCoBotRos/interbotix_ws/install/moveit_task_constructor_msgs/include/moveit_task_constructor_msgs/moveit_task_constructor_msgs/msg/detail/sub_solution__type_support.h
[0.990s] -- Up-to-date: /home/locobot/LoCoBotRos/interbotix_ws/install/moveit_task_constructor_msgs/include/moveit_task_constructor_msgs/moveit_task_constructor_msgs/msg/detail/stage_description__struct.h
[0.990s] -- Up-to-date: /home/locobot/LoCoBotRos/interbotix_ws/install/moveit_task_constructor_msgs/include/moveit_task_constructor_msgs/moveit_task_constructor_msgs/msg/detail/sub_trajectory__functions.c
[0.991s] -- Up-to-date: /home/locobot/LoCoBotRos/interbotix_ws/install/moveit_task_constructor_msgs/include/moveit_task_constructor_msgs/moveit_task_constructor_msgs/msg/detail/task_description__functions.c
[0.991s] -- Up-to-date: /home/locobot/LoCoBotRos/interbotix_ws/install/moveit_task_constructor_msgs/include/moveit_task_constructor_msgs/moveit_task_constructor_msgs/msg/detail/trajectory_execution_info__struct.h
[0.991s] -- Up-to-date: /home/locobot/LoCoBotRos/interbotix_ws/install/moveit_task_constructor_msgs/include/moveit_task_constructor_msgs/moveit_task_constructor_msgs/msg/detail/sub_trajectory__functions.h
[0.991s] -- Up-to-date: /home/locobot/LoCoBotRos/interbotix_ws/install/moveit_task_constructor_msgs/include/moveit_task_constructor_msgs/moveit_task_constructor_msgs/msg/detail/task_statistics__functions.h
[0.991s] -- Up-to-date: /home/locobot/LoCoBotRos/interbotix_ws/install/moveit_task_constructor_msgs/include/moveit_task_constructor_msgs/moveit_task_constructor_msgs/msg/detail/stage_description__functions.c
[0.991s] -- Up-to-date: /home/locobot/LoCoBotRos/interbotix_ws/install/moveit_task_constructor_msgs/include/moveit_task_constructor_msgs/moveit_task_constructor_msgs/msg/detail/task_statistics__type_support.h
[0.993s] -- Up-to-date: /home/locobot/LoCoBotRos/interbotix_ws/install/moveit_task_constructor_msgs/include/moveit_task_constructor_msgs/moveit_task_constructor_msgs/msg/detail/solution_info__functions.h
[0.994s] -- Up-to-date: /home/locobot/LoCoBotRos/interbotix_ws/install/moveit_task_constructor_msgs/include/moveit_task_constructor_msgs/moveit_task_constructor_msgs/msg/detail/sub_solution__struct.h
[0.994s] -- Up-to-date: /home/locobot/LoCoBotRos/interbotix_ws/install/moveit_task_constructor_msgs/include/moveit_task_constructor_msgs/moveit_task_constructor_msgs/msg/detail/stage_statistics__struct.h
[0.994s] -- Up-to-date: /home/locobot/LoCoBotRos/interbotix_ws/install/moveit_task_constructor_msgs/include/moveit_task_constructor_msgs/moveit_task_constructor_msgs/msg/detail/stage_statistics__functions.c
[0.994s] -- Up-to-date: /home/locobot/LoCoBotRos/interbotix_ws/install/moveit_task_constructor_msgs/include/moveit_task_constructor_msgs/moveit_task_constructor_msgs/msg/detail/sub_trajectory__type_support.h
[0.994s] -- Up-to-date: /home/locobot/LoCoBotRos/interbotix_ws/install/moveit_task_constructor_msgs/include/moveit_task_constructor_msgs/moveit_task_constructor_msgs/msg/detail/solution__struct.h
[0.994s] -- Up-to-date: /home/locobot/LoCoBotRos/interbotix_ws/install/moveit_task_constructor_msgs/include/moveit_task_constructor_msgs/moveit_task_constructor_msgs/msg/detail/task_statistics__functions.c
[0.994s] -- Up-to-date: /home/locobot/LoCoBotRos/interbotix_ws/install/moveit_task_constructor_msgs/include/moveit_task_constructor_msgs/moveit_task_constructor_msgs/msg/detail/trajectory_execution_info__type_support.h
[0.995s] -- Up-to-date: /home/locobot/LoCoBotRos/interbotix_ws/install/moveit_task_constructor_msgs/include/moveit_task_constructor_msgs/moveit_task_constructor_msgs/msg/detail/stage_statistics__type_support.h
[0.996s] -- Up-to-date: /home/locobot/LoCoBotRos/interbotix_ws/install/moveit_task_constructor_msgs/include/moveit_task_constructor_msgs/moveit_task_constructor_msgs/msg/detail/solution__functions.c
[0.996s] -- Up-to-date: /home/locobot/LoCoBotRos/interbotix_ws/install/moveit_task_constructor_msgs/include/moveit_task_constructor_msgs/moveit_task_constructor_msgs/msg/detail/solution__functions.h
[0.997s] -- Up-to-date: /home/locobot/LoCoBotRos/interbotix_ws/install/moveit_task_constructor_msgs/include/moveit_task_constructor_msgs/moveit_task_constructor_msgs/msg/detail/stage_description__functions.h
[0.997s] -- Up-to-date: /home/locobot/LoCoBotRos/interbotix_ws/install/moveit_task_constructor_msgs/include/moveit_task_constructor_msgs/moveit_task_constructor_msgs/msg/detail/solution__type_support.h
[0.997s] -- Up-to-date: /home/locobot/LoCoBotRos/interbotix_ws/install/moveit_task_constructor_msgs/include/moveit_task_constructor_msgs/moveit_task_constructor_msgs/msg/detail/property__functions.h
[0.997s] -- Up-to-date: /home/locobot/LoCoBotRos/interbotix_ws/install/moveit_task_constructor_msgs/include/moveit_task_constructor_msgs/moveit_task_constructor_msgs/msg/detail/sub_solution__functions.c
[0.998s] -- Up-to-date: /home/locobot/LoCoBotRos/interbotix_ws/install/moveit_task_constructor_msgs/include/moveit_task_constructor_msgs/moveit_task_constructor_msgs/msg/detail/property__struct.h
[0.998s] -- Up-to-date: /home/locobot/LoCoBotRos/interbotix_ws/install/moveit_task_constructor_msgs/include/moveit_task_constructor_msgs/moveit_task_constructor_msgs/msg/detail/solution_info__functions.c
[0.998s] -- Up-to-date: /home/locobot/LoCoBotRos/interbotix_ws/install/moveit_task_constructor_msgs/include/moveit_task_constructor_msgs/moveit_task_constructor_msgs/msg/detail/solution_info__type_support.h
[0.998s] -- Up-to-date: /home/locobot/LoCoBotRos/interbotix_ws/install/moveit_task_constructor_msgs/include/moveit_task_constructor_msgs/moveit_task_constructor_msgs/msg/detail/task_description__type_support.h
[0.998s] -- Up-to-date: /home/locobot/LoCoBotRos/interbotix_ws/install/moveit_task_constructor_msgs/include/moveit_task_constructor_msgs/moveit_task_constructor_msgs/msg/detail/task_statistics__struct.h
[0.998s] -- Up-to-date: /home/locobot/LoCoBotRos/interbotix_ws/install/moveit_task_constructor_msgs/include/moveit_task_constructor_msgs/moveit_task_constructor_msgs/msg/detail/trajectory_execution_info__functions.c
[0.998s] -- Up-to-date: /home/locobot/LoCoBotRos/interbotix_ws/install/moveit_task_constructor_msgs/include/moveit_task_constructor_msgs/moveit_task_constructor_msgs/msg/detail/property__functions.c
[0.999s] -- Up-to-date: /home/locobot/LoCoBotRos/interbotix_ws/install/moveit_task_constructor_msgs/include/moveit_task_constructor_msgs/moveit_task_constructor_msgs/msg/sub_trajectory.h
[0.999s] -- Up-to-date: /home/locobot/LoCoBotRos/interbotix_ws/install/moveit_task_constructor_msgs/include/moveit_task_constructor_msgs/moveit_task_constructor_msgs/msg/trajectory_execution_info.h
[0.999s] -- Up-to-date: /home/locobot/LoCoBotRos/interbotix_ws/install/moveit_task_constructor_msgs/include/moveit_task_constructor_msgs/moveit_task_constructor_msgs/msg/solution_info.h
[0.999s] -- Up-to-date: /home/locobot/LoCoBotRos/interbotix_ws/install/moveit_task_constructor_msgs/include/moveit_task_constructor_msgs/moveit_task_constructor_msgs/msg/stage_description.h
[0.999s] -- Up-to-date: /home/locobot/LoCoBotRos/interbotix_ws/install/moveit_task_constructor_msgs/include/moveit_task_constructor_msgs/moveit_task_constructor_msgs/msg/task_description.h
[0.999s] -- Up-to-date: /home/locobot/LoCoBotRos/interbotix_ws/install/moveit_task_constructor_msgs/include/moveit_task_constructor_msgs/moveit_task_constructor_msgs/msg/solution.h
[0.999s] -- Up-to-date: /home/locobot/LoCoBotRos/interbotix_ws/install/moveit_task_constructor_msgs/include/moveit_task_constructor_msgs/moveit_task_constructor_msgs/msg/rosidl_generator_c__visibility_control.h
[1.001s] -- Up-to-date: /home/locobot/LoCoBotRos/interbotix_ws/install/moveit_task_constructor_msgs/include/moveit_task_constructor_msgs/moveit_task_constructor_msgs/msg/task_statistics.h
[1.001s] -- Up-to-date: /home/locobot/LoCoBotRos/interbotix_ws/install/moveit_task_constructor_msgs/include/moveit_task_constructor_msgs/moveit_task_constructor_msgs/msg/sub_solution.h
[1.001s] -- Up-to-date: /home/locobot/LoCoBotRos/interbotix_ws/install/moveit_task_constructor_msgs/include/moveit_task_constructor_msgs/moveit_task_constructor_msgs/msg/stage_statistics.h
[1.001s] -- Up-to-date: /home/locobot/LoCoBotRos/interbotix_ws/install/moveit_task_constructor_msgs/include/moveit_task_constructor_msgs/moveit_task_constructor_msgs/msg/property.h
[1.001s] -- Up-to-date: /home/locobot/LoCoBotRos/interbotix_ws/install/moveit_task_constructor_msgs/include/moveit_task_constructor_msgs/moveit_task_constructor_msgs/action
[1.001s] -- Up-to-date: /home/locobot/LoCoBotRos/interbotix_ws/install/moveit_task_constructor_msgs/include/moveit_task_constructor_msgs/moveit_task_constructor_msgs/action/detail
[1.001s] -- Up-to-date: /home/locobot/LoCoBotRos/interbotix_ws/install/moveit_task_constructor_msgs/include/moveit_task_constructor_msgs/moveit_task_constructor_msgs/action/detail/execute_task_solution__functions.c
[1.002s] -- Up-to-date: /home/locobot/LoCoBotRos/interbotix_ws/install/moveit_task_constructor_msgs/include/moveit_task_constructor_msgs/moveit_task_constructor_msgs/action/detail/execute_task_solution__struct.h
[1.002s] -- Up-to-date: /home/locobot/LoCoBotRos/interbotix_ws/install/moveit_task_constructor_msgs/include/moveit_task_constructor_msgs/moveit_task_constructor_msgs/action/detail/execute_task_solution__type_support.h
[1.002s] -- Up-to-date: /home/locobot/LoCoBotRos/interbotix_ws/install/moveit_task_constructor_msgs/include/moveit_task_constructor_msgs/moveit_task_constructor_msgs/action/detail/execute_task_solution__functions.h
[1.002s] -- Up-to-date: /home/locobot/LoCoBotRos/interbotix_ws/install/moveit_task_constructor_msgs/include/moveit_task_constructor_msgs/moveit_task_constructor_msgs/action/execute_task_solution.h
[1.002s] -- Up-to-date: /home/locobot/LoCoBotRos/interbotix_ws/install/moveit_task_constructor_msgs/include/moveit_task_constructor_msgs/moveit_task_constructor_msgs/srv
[1.002s] -- Up-to-date: /home/locobot/LoCoBotRos/interbotix_ws/install/moveit_task_constructor_msgs/include/moveit_task_constructor_msgs/moveit_task_constructor_msgs/srv/detail
[1.002s] -- Up-to-date: /home/locobot/LoCoBotRos/interbotix_ws/install/moveit_task_constructor_msgs/include/moveit_task_constructor_msgs/moveit_task_constructor_msgs/srv/detail/get_solution__functions.h
[1.002s] -- Up-to-date: /home/locobot/LoCoBotRos/interbotix_ws/install/moveit_task_constructor_msgs/include/moveit_task_constructor_msgs/moveit_task_constructor_msgs/srv/detail/get_solution__functions.c
[1.002s] -- Up-to-date: /home/locobot/LoCoBotRos/interbotix_ws/install/moveit_task_constructor_msgs/include/moveit_task_constructor_msgs/moveit_task_constructor_msgs/srv/detail/get_solution__type_support.h
[1.003s] -- Up-to-date: /home/locobot/LoCoBotRos/interbotix_ws/install/moveit_task_constructor_msgs/include/moveit_task_constructor_msgs/moveit_task_constructor_msgs/srv/detail/get_solution__struct.h
[1.003s] -- Up-to-date: /home/locobot/LoCoBotRos/interbotix_ws/install/moveit_task_constructor_msgs/include/moveit_task_constructor_msgs/moveit_task_constructor_msgs/srv/get_solution.h
[1.003s] -- Up-to-date: /home/locobot/LoCoBotRos/interbotix_ws/install/moveit_task_constructor_msgs/share/moveit_task_constructor_msgs/environment/library_path.sh
[1.003s] -- Up-to-date: /home/locobot/LoCoBotRos/interbotix_ws/install/moveit_task_constructor_msgs/share/moveit_task_constructor_msgs/environment/library_path.dsv
[1.003s] -- Up-to-date: /home/locobot/LoCoBotRos/interbotix_ws/install/moveit_task_constructor_msgs/lib/libmoveit_task_constructor_msgs__rosidl_generator_c.so
[1.003s] -- Up-to-date: /home/locobot/LoCoBotRos/interbotix_ws/install/moveit_task_constructor_msgs/include/moveit_task_constructor_msgs/moveit_task_constructor_msgs
[1.003s] -- Up-to-date: /home/locobot/LoCoBotRos/interbotix_ws/install/moveit_task_constructor_msgs/include/moveit_task_constructor_msgs/moveit_task_constructor_msgs/msg
[1.003s] -- Up-to-date: /home/locobot/LoCoBotRos/interbotix_ws/install/moveit_task_constructor_msgs/include/moveit_task_constructor_msgs/moveit_task_constructor_msgs/msg/detail
[1.003s] -- Up-to-date: /home/locobot/LoCoBotRos/interbotix_ws/install/moveit_task_constructor_msgs/include/moveit_task_constructor_msgs/moveit_task_constructor_msgs/msg/detail/property__rosidl_typesupport_fastrtps_c.h
[1.003s] -- Up-to-date: /home/locobot/LoCoBotRos/interbotix_ws/install/moveit_task_constructor_msgs/include/moveit_task_constructor_msgs/moveit_task_constructor_msgs/msg/detail/sub_trajectory__rosidl_typesupport_fastrtps_c.h
[1.003s] -- Up-to-date: /home/locobot/LoCoBotRos/interbotix_ws/install/moveit_task_constructor_msgs/include/moveit_task_constructor_msgs/moveit_task_constructor_msgs/msg/detail/task_description__rosidl_typesupport_fastrtps_c.h
[1.004s] -- Up-to-date: /home/locobot/LoCoBotRos/interbotix_ws/install/moveit_task_constructor_msgs/include/moveit_task_constructor_msgs/moveit_task_constructor_msgs/msg/detail/stage_statistics__rosidl_typesupport_fastrtps_c.h
[1.004s] -- Up-to-date: /home/locobot/LoCoBotRos/interbotix_ws/install/moveit_task_constructor_msgs/include/moveit_task_constructor_msgs/moveit_task_constructor_msgs/msg/detail/sub_solution__rosidl_typesupport_fastrtps_c.h
[1.004s] -- Up-to-date: /home/locobot/LoCoBotRos/interbotix_ws/install/moveit_task_constructor_msgs/include/moveit_task_constructor_msgs/moveit_task_constructor_msgs/msg/detail/stage_description__rosidl_typesupport_fastrtps_c.h
[1.004s] -- Up-to-date: /home/locobot/LoCoBotRos/interbotix_ws/install/moveit_task_constructor_msgs/include/moveit_task_constructor_msgs/moveit_task_constructor_msgs/msg/detail/trajectory_execution_info__rosidl_typesupport_fastrtps_c.h
[1.004s] -- Up-to-date: /home/locobot/LoCoBotRos/interbotix_ws/install/moveit_task_constructor_msgs/include/moveit_task_constructor_msgs/moveit_task_constructor_msgs/msg/detail/solution__rosidl_typesupport_fastrtps_c.h
[1.005s] -- Up-to-date: /home/locobot/LoCoBotRos/interbotix_ws/install/moveit_task_constructor_msgs/include/moveit_task_constructor_msgs/moveit_task_constructor_msgs/msg/detail/solution_info__rosidl_typesupport_fastrtps_c.h
[1.005s] -- Up-to-date: /home/locobot/LoCoBotRos/interbotix_ws/install/moveit_task_constructor_msgs/include/moveit_task_constructor_msgs/moveit_task_constructor_msgs/msg/detail/task_statistics__rosidl_typesupport_fastrtps_c.h
[1.005s] -- Up-to-date: /home/locobot/LoCoBotRos/interbotix_ws/install/moveit_task_constructor_msgs/include/moveit_task_constructor_msgs/moveit_task_constructor_msgs/msg/rosidl_typesupport_fastrtps_c__visibility_control.h
[1.005s] -- Up-to-date: /home/locobot/LoCoBotRos/interbotix_ws/install/moveit_task_constructor_msgs/include/moveit_task_constructor_msgs/moveit_task_constructor_msgs/action
[1.005s] -- Up-to-date: /home/locobot/LoCoBotRos/interbotix_ws/install/moveit_task_constructor_msgs/include/moveit_task_constructor_msgs/moveit_task_constructor_msgs/action/detail
[1.005s] -- Up-to-date: /home/locobot/LoCoBotRos/interbotix_ws/install/moveit_task_constructor_msgs/include/moveit_task_constructor_msgs/moveit_task_constructor_msgs/action/detail/execute_task_solution__rosidl_typesupport_fastrtps_c.h
[1.005s] -- Up-to-date: /home/locobot/LoCoBotRos/interbotix_ws/install/moveit_task_constructor_msgs/include/moveit_task_constructor_msgs/moveit_task_constructor_msgs/srv
[1.005s] -- Up-to-date: /home/locobot/LoCoBotRos/interbotix_ws/install/moveit_task_constructor_msgs/include/moveit_task_constructor_msgs/moveit_task_constructor_msgs/srv/detail
[1.005s] -- Up-to-date: /home/locobot/LoCoBotRos/interbotix_ws/install/moveit_task_constructor_msgs/include/moveit_task_constructor_msgs/moveit_task_constructor_msgs/srv/detail/get_solution__rosidl_typesupport_fastrtps_c.h
[1.005s] -- Up-to-date: /home/locobot/LoCoBotRos/interbotix_ws/install/moveit_task_constructor_msgs/lib/libmoveit_task_constructor_msgs__rosidl_typesupport_fastrtps_c.so
[1.005s] -- Up-to-date: /home/locobot/LoCoBotRos/interbotix_ws/install/moveit_task_constructor_msgs/include/moveit_task_constructor_msgs/moveit_task_constructor_msgs
[1.006s] -- Up-to-date: /home/locobot/LoCoBotRos/interbotix_ws/install/moveit_task_constructor_msgs/include/moveit_task_constructor_msgs/moveit_task_constructor_msgs/msg
[1.006s] -- Up-to-date: /home/locobot/LoCoBotRos/interbotix_ws/install/moveit_task_constructor_msgs/include/moveit_task_constructor_msgs/moveit_task_constructor_msgs/msg/detail
[1.006s] -- Up-to-date: /home/locobot/LoCoBotRos/interbotix_ws/install/moveit_task_constructor_msgs/include/moveit_task_constructor_msgs/moveit_task_constructor_msgs/msg/detail/solution__type_support.hpp
[1.006s] -- Up-to-date: /home/locobot/LoCoBotRos/interbotix_ws/install/moveit_task_constructor_msgs/include/moveit_task_constructor_msgs/moveit_task_constructor_msgs/msg/detail/task_description__builder.hpp
[1.006s] -- Up-to-date: /home/locobot/LoCoBotRos/interbotix_ws/install/moveit_task_constructor_msgs/include/moveit_task_constructor_msgs/moveit_task_constructor_msgs/msg/detail/solution_info__type_support.hpp
[1.006s] -- Up-to-date: /home/locobot/LoCoBotRos/interbotix_ws/install/moveit_task_constructor_msgs/include/moveit_task_constructor_msgs/moveit_task_constructor_msgs/msg/detail/task_statistics__type_support.hpp
[1.006s] -- Up-to-date: /home/locobot/LoCoBotRos/interbotix_ws/install/moveit_task_constructor_msgs/include/moveit_task_constructor_msgs/moveit_task_constructor_msgs/msg/detail/task_statistics__builder.hpp
[1.006s] -- Up-to-date: /home/locobot/LoCoBotRos/interbotix_ws/install/moveit_task_constructor_msgs/include/moveit_task_constructor_msgs/moveit_task_constructor_msgs/msg/detail/stage_statistics__struct.hpp
[1.006s] -- Up-to-date: /home/locobot/LoCoBotRos/interbotix_ws/install/moveit_task_constructor_msgs/include/moveit_task_constructor_msgs/moveit_task_constructor_msgs/msg/detail/stage_statistics__builder.hpp
[1.006s] -- Up-to-date: /home/locobot/LoCoBotRos/interbotix_ws/install/moveit_task_constructor_msgs/include/moveit_task_constructor_msgs/moveit_task_constructor_msgs/msg/detail/stage_description__type_support.hpp
[1.006s] -- Up-to-date: /home/locobot/LoCoBotRos/interbotix_ws/install/moveit_task_constructor_msgs/include/moveit_task_constructor_msgs/moveit_task_constructor_msgs/msg/detail/property__builder.hpp
[1.006s] -- Up-to-date: /home/locobot/LoCoBotRos/interbotix_ws/install/moveit_task_constructor_msgs/include/moveit_task_constructor_msgs/moveit_task_constructor_msgs/msg/detail/trajectory_execution_info__type_support.hpp
[1.006s] -- Up-to-date: /home/locobot/LoCoBotRos/interbotix_ws/install/moveit_task_constructor_msgs/include/moveit_task_constructor_msgs/moveit_task_constructor_msgs/msg/detail/stage_description__traits.hpp
[1.006s] -- Up-to-date: /home/locobot/LoCoBotRos/interbotix_ws/install/moveit_task_constructor_msgs/include/moveit_task_constructor_msgs/moveit_task_constructor_msgs/msg/detail/solution_info__struct.hpp
[1.007s] -- Up-to-date: /home/locobot/LoCoBotRos/interbotix_ws/install/moveit_task_constructor_msgs/include/moveit_task_constructor_msgs/moveit_task_constructor_msgs/msg/detail/trajectory_execution_info__struct.hpp
[1.007s] -- Up-to-date: /home/locobot/LoCoBotRos/interbotix_ws/install/moveit_task_constructor_msgs/include/moveit_task_constructor_msgs/moveit_task_constructor_msgs/msg/detail/trajectory_execution_info__builder.hpp
[1.007s] -- Up-to-date: /home/locobot/LoCoBotRos/interbotix_ws/install/moveit_task_constructor_msgs/include/moveit_task_constructor_msgs/moveit_task_constructor_msgs/msg/detail/property__type_support.hpp
[1.007s] -- Up-to-date: /home/locobot/LoCoBotRos/interbotix_ws/install/moveit_task_constructor_msgs/include/moveit_task_constructor_msgs/moveit_task_constructor_msgs/msg/detail/stage_description__builder.hpp
[1.007s] -- Up-to-date: /home/locobot/LoCoBotRos/interbotix_ws/install/moveit_task_constructor_msgs/include/moveit_task_constructor_msgs/moveit_task_constructor_msgs/msg/detail/sub_trajectory__struct.hpp
[1.007s] -- Up-to-date: /home/locobot/LoCoBotRos/interbotix_ws/install/moveit_task_constructor_msgs/include/moveit_task_constructor_msgs/moveit_task_constructor_msgs/msg/detail/task_description__traits.hpp
[1.007s] -- Up-to-date: /home/locobot/LoCoBotRos/interbotix_ws/install/moveit_task_constructor_msgs/include/moveit_task_constructor_msgs/moveit_task_constructor_msgs/msg/detail/task_statistics__traits.hpp
[1.007s] -- Up-to-date: /home/locobot/LoCoBotRos/interbotix_ws/install/moveit_task_constructor_msgs/include/moveit_task_constructor_msgs/moveit_task_constructor_msgs/msg/detail/stage_description__struct.hpp
[1.007s] -- Up-to-date: /home/locobot/LoCoBotRos/interbotix_ws/install/moveit_task_constructor_msgs/include/moveit_task_constructor_msgs/moveit_task_constructor_msgs/msg/detail/solution__builder.hpp
[1.007s] -- Up-to-date: /home/locobot/LoCoBotRos/interbotix_ws/install/moveit_task_constructor_msgs/include/moveit_task_constructor_msgs/moveit_task_constructor_msgs/msg/detail/task_description__type_support.hpp
[1.007s] -- Up-to-date: /home/locobot/LoCoBotRos/interbotix_ws/install/moveit_task_constructor_msgs/include/moveit_task_constructor_msgs/moveit_task_constructor_msgs/msg/detail/trajectory_execution_info__traits.hpp
[1.008s] -- Up-to-date: /home/locobot/LoCoBotRos/interbotix_ws/install/moveit_task_constructor_msgs/include/moveit_task_constructor_msgs/moveit_task_constructor_msgs/msg/detail/sub_solution__traits.hpp
[1.008s] -- Up-to-date: /home/locobot/LoCoBotRos/interbotix_ws/install/moveit_task_constructor_msgs/include/moveit_task_constructor_msgs/moveit_task_constructor_msgs/msg/detail/task_description__struct.hpp
[1.008s] -- Up-to-date: /home/locobot/LoCoBotRos/interbotix_ws/install/moveit_task_constructor_msgs/include/moveit_task_constructor_msgs/moveit_task_constructor_msgs/msg/detail/stage_statistics__traits.hpp
[1.008s] -- Up-to-date: /home/locobot/LoCoBotRos/interbotix_ws/install/moveit_task_constructor_msgs/include/moveit_task_constructor_msgs/moveit_task_constructor_msgs/msg/detail/property__struct.hpp
[1.008s] -- Up-to-date: /home/locobot/LoCoBotRos/interbotix_ws/install/moveit_task_constructor_msgs/include/moveit_task_constructor_msgs/moveit_task_constructor_msgs/msg/detail/task_statistics__struct.hpp
[1.008s] -- Up-to-date: /home/locobot/LoCoBotRos/interbotix_ws/install/moveit_task_constructor_msgs/include/moveit_task_constructor_msgs/moveit_task_constructor_msgs/msg/detail/solution_info__builder.hpp
[1.008s] -- Up-to-date: /home/locobot/LoCoBotRos/interbotix_ws/install/moveit_task_constructor_msgs/include/moveit_task_constructor_msgs/moveit_task_constructor_msgs/msg/detail/sub_trajectory__traits.hpp
[1.008s] -- Up-to-date: /home/locobot/LoCoBotRos/interbotix_ws/install/moveit_task_constructor_msgs/include/moveit_task_constructor_msgs/moveit_task_constructor_msgs/msg/detail/sub_trajectory__builder.hpp
[1.008s] -- Up-to-date: /home/locobot/LoCoBotRos/interbotix_ws/install/moveit_task_constructor_msgs/include/moveit_task_constructor_msgs/moveit_task_constructor_msgs/msg/detail/property__traits.hpp
[1.009s] -- Up-to-date: /home/locobot/LoCoBotRos/interbotix_ws/install/moveit_task_constructor_msgs/include/moveit_task_constructor_msgs/moveit_task_constructor_msgs/msg/detail/solution_info__traits.hpp
[1.009s] -- Up-to-date: /home/locobot/LoCoBotRos/interbotix_ws/install/moveit_task_constructor_msgs/include/moveit_task_constructor_msgs/moveit_task_constructor_msgs/msg/detail/solution__traits.hpp
[1.009s] -- Up-to-date: /home/locobot/LoCoBotRos/interbotix_ws/install/moveit_task_constructor_msgs/include/moveit_task_constructor_msgs/moveit_task_constructor_msgs/msg/detail/solution__struct.hpp
[1.009s] -- Up-to-date: /home/locobot/LoCoBotRos/interbotix_ws/install/moveit_task_constructor_msgs/include/moveit_task_constructor_msgs/moveit_task_constructor_msgs/msg/detail/sub_solution__struct.hpp
[1.009s] -- Up-to-date: /home/locobot/LoCoBotRos/interbotix_ws/install/moveit_task_constructor_msgs/include/moveit_task_constructor_msgs/moveit_task_constructor_msgs/msg/detail/sub_trajectory__type_support.hpp
[1.009s] -- Up-to-date: /home/locobot/LoCoBotRos/interbotix_ws/install/moveit_task_constructor_msgs/include/moveit_task_constructor_msgs/moveit_task_constructor_msgs/msg/detail/sub_solution__type_support.hpp
[1.009s] -- Up-to-date: /home/locobot/LoCoBotRos/interbotix_ws/install/moveit_task_constructor_msgs/include/moveit_task_constructor_msgs/moveit_task_constructor_msgs/msg/detail/sub_solution__builder.hpp
[1.010s] -- Up-to-date: /home/locobot/LoCoBotRos/interbotix_ws/install/moveit_task_constructor_msgs/include/moveit_task_constructor_msgs/moveit_task_constructor_msgs/msg/detail/stage_statistics__type_support.hpp
[1.010s] -- Up-to-date: /home/locobot/LoCoBotRos/interbotix_ws/install/moveit_task_constructor_msgs/include/moveit_task_constructor_msgs/moveit_task_constructor_msgs/msg/task_description.hpp
[1.010s] -- Up-to-date: /home/locobot/LoCoBotRos/interbotix_ws/install/moveit_task_constructor_msgs/include/moveit_task_constructor_msgs/moveit_task_constructor_msgs/msg/solution_info.hpp
[1.010s] -- Up-to-date: /home/locobot/LoCoBotRos/interbotix_ws/install/moveit_task_constructor_msgs/include/moveit_task_constructor_msgs/moveit_task_constructor_msgs/msg/property.hpp
[1.010s] -- Up-to-date: /home/locobot/LoCoBotRos/interbotix_ws/install/moveit_task_constructor_msgs/include/moveit_task_constructor_msgs/moveit_task_constructor_msgs/msg/solution.hpp
[1.010s] -- Up-to-date: /home/locobot/LoCoBotRos/interbotix_ws/install/moveit_task_constructor_msgs/include/moveit_task_constructor_msgs/moveit_task_constructor_msgs/msg/task_statistics.hpp
[1.010s] -- Up-to-date: /home/locobot/LoCoBotRos/interbotix_ws/install/moveit_task_constructor_msgs/include/moveit_task_constructor_msgs/moveit_task_constructor_msgs/msg/trajectory_execution_info.hpp
[1.010s] -- Up-to-date: /home/locobot/LoCoBotRos/interbotix_ws/install/moveit_task_constructor_msgs/include/moveit_task_constructor_msgs/moveit_task_constructor_msgs/msg/rosidl_generator_cpp__visibility_control.hpp
[1.011s] -- Up-to-date: /home/locobot/LoCoBotRos/interbotix_ws/install/moveit_task_constructor_msgs/include/moveit_task_constructor_msgs/moveit_task_constructor_msgs/msg/sub_trajectory.hpp
[1.011s] -- Up-to-date: /home/locobot/LoCoBotRos/interbotix_ws/install/moveit_task_constructor_msgs/include/moveit_task_constructor_msgs/moveit_task_constructor_msgs/msg/stage_description.hpp
[1.011s] -- Up-to-date: /home/locobot/LoCoBotRos/interbotix_ws/install/moveit_task_constructor_msgs/include/moveit_task_constructor_msgs/moveit_task_constructor_msgs/msg/stage_statistics.hpp
[1.011s] -- Up-to-date: /home/locobot/LoCoBotRos/interbotix_ws/install/moveit_task_constructor_msgs/include/moveit_task_constructor_msgs/moveit_task_constructor_msgs/msg/sub_solution.hpp
[1.011s] -- Up-to-date: /home/locobot/LoCoBotRos/interbotix_ws/install/moveit_task_constructor_msgs/include/moveit_task_constructor_msgs/moveit_task_constructor_msgs/action
[1.012s] -- Up-to-date: /home/locobot/LoCoBotRos/interbotix_ws/install/moveit_task_constructor_msgs/include/moveit_task_constructor_msgs/moveit_task_constructor_msgs/action/detail
[1.012s] -- Up-to-date: /home/locobot/LoCoBotRos/interbotix_ws/install/moveit_task_constructor_msgs/include/moveit_task_constructor_msgs/moveit_task_constructor_msgs/action/detail/execute_task_solution__traits.hpp
[1.012s] -- Up-to-date: /home/locobot/LoCoBotRos/interbotix_ws/install/moveit_task_constructor_msgs/include/moveit_task_constructor_msgs/moveit_task_constructor_msgs/action/detail/execute_task_solution__builder.hpp
[1.012s] -- Up-to-date: /home/locobot/LoCoBotRos/interbotix_ws/install/moveit_task_constructor_msgs/include/moveit_task_constructor_msgs/moveit_task_constructor_msgs/action/detail/execute_task_solution__struct.hpp
[1.012s] -- Up-to-date: /home/locobot/LoCoBotRos/interbotix_ws/install/moveit_task_constructor_msgs/include/moveit_task_constructor_msgs/moveit_task_constructor_msgs/action/detail/execute_task_solution__type_support.hpp
[1.012s] -- Up-to-date: /home/locobot/LoCoBotRos/interbotix_ws/install/moveit_task_constructor_msgs/include/moveit_task_constructor_msgs/moveit_task_constructor_msgs/action/execute_task_solution.hpp
[1.013s] -- Up-to-date: /home/locobot/LoCoBotRos/interbotix_ws/install/moveit_task_constructor_msgs/include/moveit_task_constructor_msgs/moveit_task_constructor_msgs/srv
[1.013s] -- Up-to-date: /home/locobot/LoCoBotRos/interbotix_ws/install/moveit_task_constructor_msgs/include/moveit_task_constructor_msgs/moveit_task_constructor_msgs/srv/detail
[1.013s] -- Up-to-date: /home/locobot/LoCoBotRos/interbotix_ws/install/moveit_task_constructor_msgs/include/moveit_task_constructor_msgs/moveit_task_constructor_msgs/srv/detail/get_solution__traits.hpp
[1.013s] -- Up-to-date: /home/locobot/LoCoBotRos/interbotix_ws/install/moveit_task_constructor_msgs/include/moveit_task_constructor_msgs/moveit_task_constructor_msgs/srv/detail/get_solution__type_support.hpp
[1.013s] -- Up-to-date: /home/locobot/LoCoBotRos/interbotix_ws/install/moveit_task_constructor_msgs/include/moveit_task_constructor_msgs/moveit_task_constructor_msgs/srv/detail/get_solution__struct.hpp
[1.014s] -- Up-to-date: /home/locobot/LoCoBotRos/interbotix_ws/install/moveit_task_constructor_msgs/include/moveit_task_constructor_msgs/moveit_task_constructor_msgs/srv/detail/get_solution__builder.hpp
[1.014s] -- Up-to-date: /home/locobot/LoCoBotRos/interbotix_ws/install/moveit_task_constructor_msgs/include/moveit_task_constructor_msgs/moveit_task_constructor_msgs/srv/get_solution.hpp
[1.015s] -- Up-to-date: /home/locobot/LoCoBotRos/interbotix_ws/install/moveit_task_constructor_msgs/include/moveit_task_constructor_msgs/moveit_task_constructor_msgs
[1.015s] -- Up-to-date: /home/locobot/LoCoBotRos/interbotix_ws/install/moveit_task_constructor_msgs/include/moveit_task_constructor_msgs/moveit_task_constructor_msgs/msg
[1.015s] -- Up-to-date: /home/locobot/LoCoBotRos/interbotix_ws/install/moveit_task_constructor_msgs/include/moveit_task_constructor_msgs/moveit_task_constructor_msgs/msg/detail
[1.015s] -- Up-to-date: /home/locobot/LoCoBotRos/interbotix_ws/install/moveit_task_constructor_msgs/include/moveit_task_constructor_msgs/moveit_task_constructor_msgs/msg/detail/trajectory_execution_info__rosidl_typesupport_fastrtps_cpp.hpp
[1.015s] -- Up-to-date: /home/locobot/LoCoBotRos/interbotix_ws/install/moveit_task_constructor_msgs/include/moveit_task_constructor_msgs/moveit_task_constructor_msgs/msg/detail/task_statistics__rosidl_typesupport_fastrtps_cpp.hpp
[1.016s] -- Up-to-date: /home/locobot/LoCoBotRos/interbotix_ws/install/moveit_task_constructor_msgs/include/moveit_task_constructor_msgs/moveit_task_constructor_msgs/msg/detail/solution__rosidl_typesupport_fastrtps_cpp.hpp
[1.016s] -- Up-to-date: /home/locobot/LoCoBotRos/interbotix_ws/install/moveit_task_constructor_msgs/include/moveit_task_constructor_msgs/moveit_task_constructor_msgs/msg/detail/dds_fastrtps
[1.018s] -- Up-to-date: /home/locobot/LoCoBotRos/interbotix_ws/install/moveit_task_constructor_msgs/include/moveit_task_constructor_msgs/moveit_task_constructor_msgs/msg/detail/task_description__rosidl_typesupport_fastrtps_cpp.hpp
[1.018s] -- Up-to-date: /home/locobot/LoCoBotRos/interbotix_ws/install/moveit_task_constructor_msgs/include/moveit_task_constructor_msgs/moveit_task_constructor_msgs/msg/detail/sub_trajectory__rosidl_typesupport_fastrtps_cpp.hpp
[1.018s] -- Up-to-date: /home/locobot/LoCoBotRos/interbotix_ws/install/moveit_task_constructor_msgs/include/moveit_task_constructor_msgs/moveit_task_constructor_msgs/msg/detail/property__rosidl_typesupport_fastrtps_cpp.hpp
[1.019s] -- Up-to-date: /home/locobot/LoCoBotRos/interbotix_ws/install/moveit_task_constructor_msgs/include/moveit_task_constructor_msgs/moveit_task_constructor_msgs/msg/detail/solution_info__rosidl_typesupport_fastrtps_cpp.hpp
[1.019s] -- Up-to-date: /home/locobot/LoCoBotRos/interbotix_ws/install/moveit_task_constructor_msgs/include/moveit_task_constructor_msgs/moveit_task_constructor_msgs/msg/detail/stage_statistics__rosidl_typesupport_fastrtps_cpp.hpp
[1.019s] -- Up-to-date: /home/locobot/LoCoBotRos/interbotix_ws/install/moveit_task_constructor_msgs/include/moveit_task_constructor_msgs/moveit_task_constructor_msgs/msg/detail/sub_solution__rosidl_typesupport_fastrtps_cpp.hpp
[1.020s] -- Up-to-date: /home/locobot/LoCoBotRos/interbotix_ws/install/moveit_task_constructor_msgs/include/moveit_task_constructor_msgs/moveit_task_constructor_msgs/msg/detail/stage_description__rosidl_typesupport_fastrtps_cpp.hpp
[1.020s] -- Up-to-date: /home/locobot/LoCoBotRos/interbotix_ws/install/moveit_task_constructor_msgs/include/moveit_task_constructor_msgs/moveit_task_constructor_msgs/msg/rosidl_typesupport_fastrtps_cpp__visibility_control.h
[1.021s] -- Up-to-date: /home/locobot/LoCoBotRos/interbotix_ws/install/moveit_task_constructor_msgs/include/moveit_task_constructor_msgs/moveit_task_constructor_msgs/action
[1.021s] -- Up-to-date: /home/locobot/LoCoBotRos/interbotix_ws/install/moveit_task_constructor_msgs/include/moveit_task_constructor_msgs/moveit_task_constructor_msgs/action/detail
[1.021s] -- Up-to-date: /home/locobot/LoCoBotRos/interbotix_ws/install/moveit_task_constructor_msgs/include/moveit_task_constructor_msgs/moveit_task_constructor_msgs/action/detail/execute_task_solution__rosidl_typesupport_fastrtps_cpp.hpp
[1.021s] -- Up-to-date: /home/locobot/LoCoBotRos/interbotix_ws/install/moveit_task_constructor_msgs/include/moveit_task_constructor_msgs/moveit_task_constructor_msgs/action/detail/dds_fastrtps
[1.021s] -- Up-to-date: /home/locobot/LoCoBotRos/interbotix_ws/install/moveit_task_constructor_msgs/include/moveit_task_constructor_msgs/moveit_task_constructor_msgs/srv
[1.021s] -- Up-to-date: /home/locobot/LoCoBotRos/interbotix_ws/install/moveit_task_constructor_msgs/include/moveit_task_constructor_msgs/moveit_task_constructor_msgs/srv/detail
[1.021s] -- Up-to-date: /home/locobot/LoCoBotRos/interbotix_ws/install/moveit_task_constructor_msgs/include/moveit_task_constructor_msgs/moveit_task_constructor_msgs/srv/detail/get_solution__rosidl_typesupport_fastrtps_cpp.hpp
[1.021s] -- Up-to-date: /home/locobot/LoCoBotRos/interbotix_ws/install/moveit_task_constructor_msgs/include/moveit_task_constructor_msgs/moveit_task_constructor_msgs/srv/detail/dds_fastrtps
[1.022s] -- Up-to-date: /home/locobot/LoCoBotRos/interbotix_ws/install/moveit_task_constructor_msgs/lib/libmoveit_task_constructor_msgs__rosidl_typesupport_fastrtps_cpp.so
[1.022s] -- Up-to-date: /home/locobot/LoCoBotRos/interbotix_ws/install/moveit_task_constructor_msgs/include/moveit_task_constructor_msgs/moveit_task_constructor_msgs
[1.022s] -- Up-to-date: /home/locobot/LoCoBotRos/interbotix_ws/install/moveit_task_constructor_msgs/include/moveit_task_constructor_msgs/moveit_task_constructor_msgs/msg
[1.022s] -- Up-to-date: /home/locobot/LoCoBotRos/interbotix_ws/install/moveit_task_constructor_msgs/include/moveit_task_constructor_msgs/moveit_task_constructor_msgs/msg/detail
[1.022s] -- Up-to-date: /home/locobot/LoCoBotRos/interbotix_ws/install/moveit_task_constructor_msgs/include/moveit_task_constructor_msgs/moveit_task_constructor_msgs/msg/detail/sub_solution__type_support.c
[1.022s] -- Up-to-date: /home/locobot/LoCoBotRos/interbotix_ws/install/moveit_task_constructor_msgs/include/moveit_task_constructor_msgs/moveit_task_constructor_msgs/msg/detail/solution_info__type_support.c
[1.022s] -- Up-to-date: /home/locobot/LoCoBotRos/interbotix_ws/install/moveit_task_constructor_msgs/include/moveit_task_constructor_msgs/moveit_task_constructor_msgs/msg/detail/stage_description__rosidl_typesupport_introspection_c.h
[1.022s] -- Up-to-date: /home/locobot/LoCoBotRos/interbotix_ws/install/moveit_task_constructor_msgs/include/moveit_task_constructor_msgs/moveit_task_constructor_msgs/msg/detail/stage_statistics__rosidl_typesupport_introspection_c.h
[1.022s] -- Up-to-date: /home/locobot/LoCoBotRos/interbotix_ws/install/moveit_task_constructor_msgs/include/moveit_task_constructor_msgs/moveit_task_constructor_msgs/msg/detail/solution__type_support.c
[1.022s] -- Up-to-date: /home/locobot/LoCoBotRos/interbotix_ws/install/moveit_task_constructor_msgs/include/moveit_task_constructor_msgs/moveit_task_constructor_msgs/msg/detail/task_description__type_support.c
[1.022s] -- Up-to-date: /home/locobot/LoCoBotRos/interbotix_ws/install/moveit_task_constructor_msgs/include/moveit_task_constructor_msgs/moveit_task_constructor_msgs/msg/detail/trajectory_execution_info__rosidl_typesupport_introspection_c.h
[1.023s] -- Up-to-date: /home/locobot/LoCoBotRos/interbotix_ws/install/moveit_task_constructor_msgs/include/moveit_task_constructor_msgs/moveit_task_constructor_msgs/msg/detail/sub_trajectory__type_support.c
[1.023s] -- Up-to-date: /home/locobot/LoCoBotRos/interbotix_ws/install/moveit_task_constructor_msgs/include/moveit_task_constructor_msgs/moveit_task_constructor_msgs/msg/detail/solution_info__rosidl_typesupport_introspection_c.h
[1.023s] -- Up-to-date: /home/locobot/LoCoBotRos/interbotix_ws/install/moveit_task_constructor_msgs/include/moveit_task_constructor_msgs/moveit_task_constructor_msgs/msg/detail/property__rosidl_typesupport_introspection_c.h
[1.023s] -- Up-to-date: /home/locobot/LoCoBotRos/interbotix_ws/install/moveit_task_constructor_msgs/include/moveit_task_constructor_msgs/moveit_task_constructor_msgs/msg/detail/trajectory_execution_info__type_support.c
[1.023s] -- Up-to-date: /home/locobot/LoCoBotRos/interbotix_ws/install/moveit_task_constructor_msgs/include/moveit_task_constructor_msgs/moveit_task_constructor_msgs/msg/detail/sub_trajectory__rosidl_typesupport_introspection_c.h
[1.023s] -- Up-to-date: /home/locobot/LoCoBotRos/interbotix_ws/install/moveit_task_constructor_msgs/include/moveit_task_constructor_msgs/moveit_task_constructor_msgs/msg/detail/stage_description__type_support.c
[1.023s] -- Up-to-date: /home/locobot/LoCoBotRos/interbotix_ws/install/moveit_task_constructor_msgs/include/moveit_task_constructor_msgs/moveit_task_constructor_msgs/msg/detail/sub_solution__rosidl_typesupport_introspection_c.h
[1.023s] -- Up-to-date: /home/locobot/LoCoBotRos/interbotix_ws/install/moveit_task_constructor_msgs/include/moveit_task_constructor_msgs/moveit_task_constructor_msgs/msg/detail/stage_statistics__type_support.c
[1.025s] -- Up-to-date: /home/locobot/LoCoBotRos/interbotix_ws/install/moveit_task_constructor_msgs/include/moveit_task_constructor_msgs/moveit_task_constructor_msgs/msg/detail/solution__rosidl_typesupport_introspection_c.h
[1.025s] -- Up-to-date: /home/locobot/LoCoBotRos/interbotix_ws/install/moveit_task_constructor_msgs/include/moveit_task_constructor_msgs/moveit_task_constructor_msgs/msg/detail/property__type_support.c
[1.025s] -- Up-to-date: /home/locobot/LoCoBotRos/interbotix_ws/install/moveit_task_constructor_msgs/include/moveit_task_constructor_msgs/moveit_task_constructor_msgs/msg/detail/task_statistics__rosidl_typesupport_introspection_c.h
[1.025s] -- Up-to-date: /home/locobot/LoCoBotRos/interbotix_ws/install/moveit_task_constructor_msgs/include/moveit_task_constructor_msgs/moveit_task_constructor_msgs/msg/detail/task_description__rosidl_typesupport_introspection_c.h
[1.026s] -- Up-to-date: /home/locobot/LoCoBotRos/interbotix_ws/install/moveit_task_constructor_msgs/include/moveit_task_constructor_msgs/moveit_task_constructor_msgs/msg/detail/task_statistics__type_support.c
[1.026s] -- Up-to-date: /home/locobot/LoCoBotRos/interbotix_ws/install/moveit_task_constructor_msgs/include/moveit_task_constructor_msgs/moveit_task_constructor_msgs/msg/rosidl_typesupport_introspection_c__visibility_control.h
[1.026s] -- Up-to-date: /home/locobot/LoCoBotRos/interbotix_ws/install/moveit_task_constructor_msgs/include/moveit_task_constructor_msgs/moveit_task_constructor_msgs/action
[1.027s] -- Up-to-date: /home/locobot/LoCoBotRos/interbotix_ws/install/moveit_task_constructor_msgs/include/moveit_task_constructor_msgs/moveit_task_constructor_msgs/action/detail
[1.027s] -- Up-to-date: /home/locobot/LoCoBotRos/interbotix_ws/install/moveit_task_constructor_msgs/include/moveit_task_constructor_msgs/moveit_task_constructor_msgs/action/detail/execute_task_solution__rosidl_typesupport_introspection_c.h
[1.027s] -- Up-to-date: /home/locobot/LoCoBotRos/interbotix_ws/install/moveit_task_constructor_msgs/include/moveit_task_constructor_msgs/moveit_task_constructor_msgs/action/detail/execute_task_solution__type_support.c
[1.027s] -- Up-to-date: /home/locobot/LoCoBotRos/interbotix_ws/install/moveit_task_constructor_msgs/include/moveit_task_constructor_msgs/moveit_task_constructor_msgs/srv
[1.027s] -- Up-to-date: /home/locobot/LoCoBotRos/interbotix_ws/install/moveit_task_constructor_msgs/include/moveit_task_constructor_msgs/moveit_task_constructor_msgs/srv/detail
[1.027s] -- Up-to-date: /home/locobot/LoCoBotRos/interbotix_ws/install/moveit_task_constructor_msgs/include/moveit_task_constructor_msgs/moveit_task_constructor_msgs/srv/detail/get_solution__type_support.c
[1.027s] -- Up-to-date: /home/locobot/LoCoBotRos/interbotix_ws/install/moveit_task_constructor_msgs/include/moveit_task_constructor_msgs/moveit_task_constructor_msgs/srv/detail/get_solution__rosidl_typesupport_introspection_c.h
[1.027s] -- Up-to-date: /home/locobot/LoCoBotRos/interbotix_ws/install/moveit_task_constructor_msgs/lib/libmoveit_task_constructor_msgs__rosidl_typesupport_introspection_c.so
[1.027s] -- Up-to-date: /home/locobot/LoCoBotRos/interbotix_ws/install/moveit_task_constructor_msgs/lib/libmoveit_task_constructor_msgs__rosidl_typesupport_c.so
[1.028s] -- Up-to-date: /home/locobot/LoCoBotRos/interbotix_ws/install/moveit_task_constructor_msgs/include/moveit_task_constructor_msgs/moveit_task_constructor_msgs
[1.028s] -- Up-to-date: /home/locobot/LoCoBotRos/interbotix_ws/install/moveit_task_constructor_msgs/include/moveit_task_constructor_msgs/moveit_task_constructor_msgs/msg
[1.028s] -- Up-to-date: /home/locobot/LoCoBotRos/interbotix_ws/install/moveit_task_constructor_msgs/include/moveit_task_constructor_msgs/moveit_task_constructor_msgs/msg/detail
[1.028s] -- Up-to-date: /home/locobot/LoCoBotRos/interbotix_ws/install/moveit_task_constructor_msgs/include/moveit_task_constructor_msgs/moveit_task_constructor_msgs/msg/detail/property__rosidl_typesupport_introspection_cpp.hpp
[1.028s] -- Up-to-date: /home/locobot/LoCoBotRos/interbotix_ws/install/moveit_task_constructor_msgs/include/moveit_task_constructor_msgs/moveit_task_constructor_msgs/msg/detail/stage_description__type_support.cpp
[1.028s] -- Up-to-date: /home/locobot/LoCoBotRos/interbotix_ws/install/moveit_task_constructor_msgs/include/moveit_task_constructor_msgs/moveit_task_constructor_msgs/msg/detail/sub_solution__type_support.cpp
[1.028s] -- Up-to-date: /home/locobot/LoCoBotRos/interbotix_ws/install/moveit_task_constructor_msgs/include/moveit_task_constructor_msgs/moveit_task_constructor_msgs/msg/detail/task_description__rosidl_typesupport_introspection_cpp.hpp
[1.029s] -- Up-to-date: /home/locobot/LoCoBotRos/interbotix_ws/install/moveit_task_constructor_msgs/include/moveit_task_constructor_msgs/moveit_task_constructor_msgs/msg/detail/task_description__type_support.cpp
[1.029s] -- Up-to-date: /home/locobot/LoCoBotRos/interbotix_ws/install/moveit_task_constructor_msgs/include/moveit_task_constructor_msgs/moveit_task_constructor_msgs/msg/detail/stage_description__rosidl_typesupport_introspection_cpp.hpp
[1.030s] -- Up-to-date: /home/locobot/LoCoBotRos/interbotix_ws/install/moveit_task_constructor_msgs/include/moveit_task_constructor_msgs/moveit_task_constructor_msgs/msg/detail/property__type_support.cpp
[1.030s] -- Up-to-date: /home/locobot/LoCoBotRos/interbotix_ws/install/moveit_task_constructor_msgs/include/moveit_task_constructor_msgs/moveit_task_constructor_msgs/msg/detail/task_statistics__type_support.cpp
[1.030s] -- Up-to-date: /home/locobot/LoCoBotRos/interbotix_ws/install/moveit_task_constructor_msgs/include/moveit_task_constructor_msgs/moveit_task_constructor_msgs/msg/detail/task_statistics__rosidl_typesupport_introspection_cpp.hpp
[1.030s] -- Up-to-date: /home/locobot/LoCoBotRos/interbotix_ws/install/moveit_task_constructor_msgs/include/moveit_task_constructor_msgs/moveit_task_constructor_msgs/msg/detail/trajectory_execution_info__type_support.cpp
[1.030s] -- Up-to-date: /home/locobot/LoCoBotRos/interbotix_ws/install/moveit_task_constructor_msgs/include/moveit_task_constructor_msgs/moveit_task_constructor_msgs/msg/detail/stage_statistics__rosidl_typesupport_introspection_cpp.hpp
[1.030s] -- Up-to-date: /home/locobot/LoCoBotRos/interbotix_ws/install/moveit_task_constructor_msgs/include/moveit_task_constructor_msgs/moveit_task_constructor_msgs/msg/detail/stage_statistics__type_support.cpp
[1.030s] -- Up-to-date: /home/locobot/LoCoBotRos/interbotix_ws/install/moveit_task_constructor_msgs/include/moveit_task_constructor_msgs/moveit_task_constructor_msgs/msg/detail/sub_trajectory__type_support.cpp
[1.032s] -- Up-to-date: /home/locobot/LoCoBotRos/interbotix_ws/install/moveit_task_constructor_msgs/include/moveit_task_constructor_msgs/moveit_task_constructor_msgs/msg/detail/solution_info__rosidl_typesupport_introspection_cpp.hpp
[1.033s] -- Up-to-date: /home/locobot/LoCoBotRos/interbotix_ws/install/moveit_task_constructor_msgs/include/moveit_task_constructor_msgs/moveit_task_constructor_msgs/msg/detail/solution__rosidl_typesupport_introspection_cpp.hpp
[1.033s] -- Up-to-date: /home/locobot/LoCoBotRos/interbotix_ws/install/moveit_task_constructor_msgs/include/moveit_task_constructor_msgs/moveit_task_constructor_msgs/msg/detail/trajectory_execution_info__rosidl_typesupport_introspection_cpp.hpp
[1.033s] -- Up-to-date: /home/locobot/LoCoBotRos/interbotix_ws/install/moveit_task_constructor_msgs/include/moveit_task_constructor_msgs/moveit_task_constructor_msgs/msg/detail/solution_info__type_support.cpp
[1.033s] -- Up-to-date: /home/locobot/LoCoBotRos/interbotix_ws/install/moveit_task_constructor_msgs/include/moveit_task_constructor_msgs/moveit_task_constructor_msgs/msg/detail/sub_solution__rosidl_typesupport_introspection_cpp.hpp
[1.033s] -- Up-to-date: /home/locobot/LoCoBotRos/interbotix_ws/install/moveit_task_constructor_msgs/include/moveit_task_constructor_msgs/moveit_task_constructor_msgs/msg/detail/solution__type_support.cpp
[1.033s] -- Up-to-date: /home/locobot/LoCoBotRos/interbotix_ws/install/moveit_task_constructor_msgs/include/moveit_task_constructor_msgs/moveit_task_constructor_msgs/msg/detail/sub_trajectory__rosidl_typesupport_introspection_cpp.hpp
[1.034s] -- Up-to-date: /home/locobot/LoCoBotRos/interbotix_ws/install/moveit_task_constructor_msgs/include/moveit_task_constructor_msgs/moveit_task_constructor_msgs/action
[1.041s] -- Up-to-date: /home/locobot/LoCoBotRos/interbotix_ws/install/moveit_task_constructor_msgs/include/moveit_task_constructor_msgs/moveit_task_constructor_msgs/action/detail
[1.041s] -- Up-to-date: /home/locobot/LoCoBotRos/interbotix_ws/install/moveit_task_constructor_msgs/include/moveit_task_constructor_msgs/moveit_task_constructor_msgs/action/detail/execute_task_solution__type_support.cpp
[1.041s] -- Up-to-date: /home/locobot/LoCoBotRos/interbotix_ws/install/moveit_task_constructor_msgs/include/moveit_task_constructor_msgs/moveit_task_constructor_msgs/action/detail/execute_task_solution__rosidl_typesupport_introspection_cpp.hpp
[1.043s] -- Up-to-date: /home/locobot/LoCoBotRos/interbotix_ws/install/moveit_task_constructor_msgs/include/moveit_task_constructor_msgs/moveit_task_constructor_msgs/srv
[1.043s] -- Up-to-date: /home/locobot/LoCoBotRos/interbotix_ws/install/moveit_task_constructor_msgs/include/moveit_task_constructor_msgs/moveit_task_constructor_msgs/srv/detail
[1.044s] -- Up-to-date: /home/locobot/LoCoBotRos/interbotix_ws/install/moveit_task_constructor_msgs/include/moveit_task_constructor_msgs/moveit_task_constructor_msgs/srv/detail/get_solution__rosidl_typesupport_introspection_cpp.hpp
[1.044s] -- Up-to-date: /home/locobot/LoCoBotRos/interbotix_ws/install/moveit_task_constructor_msgs/include/moveit_task_constructor_msgs/moveit_task_constructor_msgs/srv/detail/get_solution__type_support.cpp
[1.044s] -- Up-to-date: /home/locobot/LoCoBotRos/interbotix_ws/install/moveit_task_constructor_msgs/lib/libmoveit_task_constructor_msgs__rosidl_typesupport_introspection_cpp.so
[1.044s] -- Up-to-date: /home/locobot/LoCoBotRos/interbotix_ws/install/moveit_task_constructor_msgs/lib/libmoveit_task_constructor_msgs__rosidl_typesupport_cpp.so
[1.044s] -- Up-to-date: /home/locobot/LoCoBotRos/interbotix_ws/install/moveit_task_constructor_msgs/share/moveit_task_constructor_msgs/environment/pythonpath.sh
[1.045s] -- Up-to-date: /home/locobot/LoCoBotRos/interbotix_ws/install/moveit_task_constructor_msgs/share/moveit_task_constructor_msgs/environment/pythonpath.dsv
[1.045s] -- Up-to-date: /home/locobot/LoCoBotRos/interbotix_ws/install/moveit_task_constructor_msgs/local/lib/python3.10/dist-packages/moveit_task_constructor_msgs-0.1.3-py3.10.egg-info
[1.046s] -- Installing: /home/locobot/LoCoBotRos/interbotix_ws/install/moveit_task_constructor_msgs/local/lib/python3.10/dist-packages/moveit_task_constructor_msgs-0.1.3-py3.10.egg-info/dependency_links.txt
[1.046s] -- Installing: /home/locobot/LoCoBotRos/interbotix_ws/install/moveit_task_constructor_msgs/local/lib/python3.10/dist-packages/moveit_task_constructor_msgs-0.1.3-py3.10.egg-info/PKG-INFO
[1.046s] -- Installing: /home/locobot/LoCoBotRos/interbotix_ws/install/moveit_task_constructor_msgs/local/lib/python3.10/dist-packages/moveit_task_constructor_msgs-0.1.3-py3.10.egg-info/SOURCES.txt
[1.046s] -- Installing: /home/locobot/LoCoBotRos/interbotix_ws/install/moveit_task_constructor_msgs/local/lib/python3.10/dist-packages/moveit_task_constructor_msgs-0.1.3-py3.10.egg-info/top_level.txt
[1.046s] -- Up-to-date: /home/locobot/LoCoBotRos/interbotix_ws/install/moveit_task_constructor_msgs/local/lib/python3.10/dist-packages/moveit_task_constructor_msgs
[1.046s] -- Up-to-date: /home/locobot/LoCoBotRos/interbotix_ws/install/moveit_task_constructor_msgs/local/lib/python3.10/dist-packages/moveit_task_constructor_msgs/libmoveit_task_constructor_msgs__rosidl_generator_py.so
[1.046s] -- Up-to-date: /home/locobot/LoCoBotRos/interbotix_ws/install/moveit_task_constructor_msgs/local/lib/python3.10/dist-packages/moveit_task_constructor_msgs/moveit_task_constructor_msgs_s__rosidl_typesupport_c.cpython-310-x86_64-linux-gnu.so
[1.047s] -- Up-to-date: /home/locobot/LoCoBotRos/interbotix_ws/install/moveit_task_constructor_msgs/local/lib/python3.10/dist-packages/moveit_task_constructor_msgs/_moveit_task_constructor_msgs_s.ep.rosidl_typesupport_introspection_c.c
[1.047s] -- Up-to-date: /home/locobot/LoCoBotRos/interbotix_ws/install/moveit_task_constructor_msgs/local/lib/python3.10/dist-packages/moveit_task_constructor_msgs/msg
[1.047s] -- Up-to-date: /home/locobot/LoCoBotRos/interbotix_ws/install/moveit_task_constructor_msgs/local/lib/python3.10/dist-packages/moveit_task_constructor_msgs/msg/_sub_trajectory.py
[1.047s] -- Up-to-date: /home/locobot/LoCoBotRos/interbotix_ws/install/moveit_task_constructor_msgs/local/lib/python3.10/dist-packages/moveit_task_constructor_msgs/msg/_trajectory_execution_info_s.c
[1.047s] -- Up-to-date: /home/locobot/LoCoBotRos/interbotix_ws/install/moveit_task_constructor_msgs/local/lib/python3.10/dist-packages/moveit_task_constructor_msgs/msg/_stage_statistics.py
[1.047s] -- Up-to-date: /home/locobot/LoCoBotRos/interbotix_ws/install/moveit_task_constructor_msgs/local/lib/python3.10/dist-packages/moveit_task_constructor_msgs/msg/_solution_info_s.c
[1.047s] -- Up-to-date: /home/locobot/LoCoBotRos/interbotix_ws/install/moveit_task_constructor_msgs/local/lib/python3.10/dist-packages/moveit_task_constructor_msgs/msg/_stage_statistics_s.c
[1.048s] -- Up-to-date: /home/locobot/LoCoBotRos/interbotix_ws/install/moveit_task_constructor_msgs/local/lib/python3.10/dist-packages/moveit_task_constructor_msgs/msg/_sub_solution.py
[1.048s] -- Up-to-date: /home/locobot/LoCoBotRos/interbotix_ws/install/moveit_task_constructor_msgs/local/lib/python3.10/dist-packages/moveit_task_constructor_msgs/msg/_trajectory_execution_info.py
[1.048s] -- Up-to-date: /home/locobot/LoCoBotRos/interbotix_ws/install/moveit_task_constructor_msgs/local/lib/python3.10/dist-packages/moveit_task_constructor_msgs/msg/_stage_description.py
[1.048s] -- Up-to-date: /home/locobot/LoCoBotRos/interbotix_ws/install/moveit_task_constructor_msgs/local/lib/python3.10/dist-packages/moveit_task_constructor_msgs/msg/__init__.py
[1.048s] -- Up-to-date: /home/locobot/LoCoBotRos/interbotix_ws/install/moveit_task_constructor_msgs/local/lib/python3.10/dist-packages/moveit_task_constructor_msgs/msg/_property.py
[1.048s] -- Up-to-date: /home/locobot/LoCoBotRos/interbotix_ws/install/moveit_task_constructor_msgs/local/lib/python3.10/dist-packages/moveit_task_constructor_msgs/msg/_sub_trajectory_s.c
[1.048s] -- Up-to-date: /home/locobot/LoCoBotRos/interbotix_ws/install/moveit_task_constructor_msgs/local/lib/python3.10/dist-packages/moveit_task_constructor_msgs/msg/_task_description.py
[1.049s] -- Up-to-date: /home/locobot/LoCoBotRos/interbotix_ws/install/moveit_task_constructor_msgs/local/lib/python3.10/dist-packages/moveit_task_constructor_msgs/msg/_task_statistics.py
[1.049s] -- Up-to-date: /home/locobot/LoCoBotRos/interbotix_ws/install/moveit_task_constructor_msgs/local/lib/python3.10/dist-packages/moveit_task_constructor_msgs/msg/_task_statistics_s.c
[1.049s] -- Up-to-date: /home/locobot/LoCoBotRos/interbotix_ws/install/moveit_task_constructor_msgs/local/lib/python3.10/dist-packages/moveit_task_constructor_msgs/msg/_task_description_s.c
[1.049s] -- Up-to-date: /home/locobot/LoCoBotRos/interbotix_ws/install/moveit_task_constructor_msgs/local/lib/python3.10/dist-packages/moveit_task_constructor_msgs/msg/_solution.py
[1.049s] -- Up-to-date: /home/locobot/LoCoBotRos/interbotix_ws/install/moveit_task_constructor_msgs/local/lib/python3.10/dist-packages/moveit_task_constructor_msgs/msg/_stage_description_s.c
[1.049s] -- Up-to-date: /home/locobot/LoCoBotRos/interbotix_ws/install/moveit_task_constructor_msgs/local/lib/python3.10/dist-packages/moveit_task_constructor_msgs/msg/_solution_info.py
[1.049s] -- Up-to-date: /home/locobot/LoCoBotRos/interbotix_ws/install/moveit_task_constructor_msgs/local/lib/python3.10/dist-packages/moveit_task_constructor_msgs/msg/_sub_solution_s.c
[1.050s] -- Up-to-date: /home/locobot/LoCoBotRos/interbotix_ws/install/moveit_task_constructor_msgs/local/lib/python3.10/dist-packages/moveit_task_constructor_msgs/msg/_solution_s.c
[1.050s] -- Up-to-date: /home/locobot/LoCoBotRos/interbotix_ws/install/moveit_task_constructor_msgs/local/lib/python3.10/dist-packages/moveit_task_constructor_msgs/msg/_property_s.c
[1.050s] -- Up-to-date: /home/locobot/LoCoBotRos/interbotix_ws/install/moveit_task_constructor_msgs/local/lib/python3.10/dist-packages/moveit_task_constructor_msgs/action
[1.052s] -- Up-to-date: /home/locobot/LoCoBotRos/interbotix_ws/install/moveit_task_constructor_msgs/local/lib/python3.10/dist-packages/moveit_task_constructor_msgs/action/_execute_task_solution_s.c
[1.052s] -- Up-to-date: /home/locobot/LoCoBotRos/interbotix_ws/install/moveit_task_constructor_msgs/local/lib/python3.10/dist-packages/moveit_task_constructor_msgs/action/__init__.py
[1.052s] -- Up-to-date: /home/locobot/LoCoBotRos/interbotix_ws/install/moveit_task_constructor_msgs/local/lib/python3.10/dist-packages/moveit_task_constructor_msgs/action/_execute_task_solution.py
[1.053s] -- Up-to-date: /home/locobot/LoCoBotRos/interbotix_ws/install/moveit_task_constructor_msgs/local/lib/python3.10/dist-packages/moveit_task_constructor_msgs/_moveit_task_constructor_msgs_s.ep.rosidl_typesupport_c.c
[1.053s] -- Up-to-date: /home/locobot/LoCoBotRos/interbotix_ws/install/moveit_task_constructor_msgs/local/lib/python3.10/dist-packages/moveit_task_constructor_msgs/__init__.py
[1.053s] -- Up-to-date: /home/locobot/LoCoBotRos/interbotix_ws/install/moveit_task_constructor_msgs/local/lib/python3.10/dist-packages/moveit_task_constructor_msgs/_moveit_task_constructor_msgs_s.ep.rosidl_typesupport_fastrtps_c.c
[1.053s] -- Up-to-date: /home/locobot/LoCoBotRos/interbotix_ws/install/moveit_task_constructor_msgs/local/lib/python3.10/dist-packages/moveit_task_constructor_msgs/moveit_task_constructor_msgs_s__rosidl_typesupport_fastrtps_c.cpython-310-x86_64-linux-gnu.so
[1.054s] -- Up-to-date: /home/locobot/LoCoBotRos/interbotix_ws/install/moveit_task_constructor_msgs/local/lib/python3.10/dist-packages/moveit_task_constructor_msgs/srv
[1.054s] -- Up-to-date: /home/locobot/LoCoBotRos/interbotix_ws/install/moveit_task_constructor_msgs/local/lib/python3.10/dist-packages/moveit_task_constructor_msgs/srv/_get_solution.py
[1.054s] -- Up-to-date: /home/locobot/LoCoBotRos/interbotix_ws/install/moveit_task_constructor_msgs/local/lib/python3.10/dist-packages/moveit_task_constructor_msgs/srv/__init__.py
[1.054s] -- Up-to-date: /home/locobot/LoCoBotRos/interbotix_ws/install/moveit_task_constructor_msgs/local/lib/python3.10/dist-packages/moveit_task_constructor_msgs/srv/_get_solution_s.c
[1.054s] -- Up-to-date: /home/locobot/LoCoBotRos/interbotix_ws/install/moveit_task_constructor_msgs/local/lib/python3.10/dist-packages/moveit_task_constructor_msgs/moveit_task_constructor_msgs_s__rosidl_typesupport_introspection_c.cpython-310-x86_64-linux-gnu.so
[1.073s] Listing '/home/locobot/LoCoBotRos/interbotix_ws/install/moveit_task_constructor_msgs/local/lib/python3.10/dist-packages/moveit_task_constructor_msgs'...
[1.077s] Listing '/home/locobot/LoCoBotRos/interbotix_ws/install/moveit_task_constructor_msgs/local/lib/python3.10/dist-packages/moveit_task_constructor_msgs/action'...
[1.078s] Listing '/home/locobot/LoCoBotRos/interbotix_ws/install/moveit_task_constructor_msgs/local/lib/python3.10/dist-packages/moveit_task_constructor_msgs/msg'...
[1.079s] Listing '/home/locobot/LoCoBotRos/interbotix_ws/install/moveit_task_constructor_msgs/local/lib/python3.10/dist-packages/moveit_task_constructor_msgs/srv'...
[1.079s] -- Up-to-date: /home/locobot/LoCoBotRos/interbotix_ws/install/moveit_task_constructor_msgs/local/lib/python3.10/dist-packages/moveit_task_constructor_msgs/moveit_task_constructor_msgs_s__rosidl_typesupport_fastrtps_c.cpython-310-x86_64-linux-gnu.so
[1.079s] -- Up-to-date: /home/locobot/LoCoBotRos/interbotix_ws/install/moveit_task_constructor_msgs/local/lib/python3.10/dist-packages/moveit_task_constructor_msgs/moveit_task_constructor_msgs_s__rosidl_typesupport_introspection_c.cpython-310-x86_64-linux-gnu.so
[1.079s] -- Up-to-date: /home/locobot/LoCoBotRos/interbotix_ws/install/moveit_task_constructor_msgs/local/lib/python3.10/dist-packages/moveit_task_constructor_msgs/moveit_task_constructor_msgs_s__rosidl_typesupport_c.cpython-310-x86_64-linux-gnu.so
[1.079s] -- Up-to-date: /home/locobot/LoCoBotRos/interbotix_ws/install/moveit_task_constructor_msgs/lib/libmoveit_task_constructor_msgs__rosidl_generator_py.so
[1.079s] -- Up-to-date: /home/locobot/LoCoBotRos/interbotix_ws/install/moveit_task_constructor_msgs/share/moveit_task_constructor_msgs/msg/Property.idl
[1.079s] -- Up-to-date: /home/locobot/LoCoBotRos/interbotix_ws/install/moveit_task_constructor_msgs/share/moveit_task_constructor_msgs/msg/Solution.idl
[1.079s] -- Up-to-date: /home/locobot/LoCoBotRos/interbotix_ws/install/moveit_task_constructor_msgs/share/moveit_task_constructor_msgs/msg/SolutionInfo.idl
[1.079s] -- Up-to-date: /home/locobot/LoCoBotRos/interbotix_ws/install/moveit_task_constructor_msgs/share/moveit_task_constructor_msgs/msg/StageDescription.idl
[1.079s] -- Up-to-date: /home/locobot/LoCoBotRos/interbotix_ws/install/moveit_task_constructor_msgs/share/moveit_task_constructor_msgs/msg/StageStatistics.idl
[1.079s] -- Up-to-date: /home/locobot/LoCoBotRos/interbotix_ws/install/moveit_task_constructor_msgs/share/moveit_task_constructor_msgs/msg/SubSolution.idl
[1.079s] -- Up-to-date: /home/locobot/LoCoBotRos/interbotix_ws/install/moveit_task_constructor_msgs/share/moveit_task_constructor_msgs/msg/SubTrajectory.idl
[1.080s] -- Up-to-date: /home/locobot/LoCoBotRos/interbotix_ws/install/moveit_task_constructor_msgs/share/moveit_task_constructor_msgs/msg/TaskDescription.idl
[1.080s] -- Up-to-date: /home/locobot/LoCoBotRos/interbotix_ws/install/moveit_task_constructor_msgs/share/moveit_task_constructor_msgs/msg/TaskStatistics.idl
[1.080s] -- Up-to-date: /home/locobot/LoCoBotRos/interbotix_ws/install/moveit_task_constructor_msgs/share/moveit_task_constructor_msgs/msg/TrajectoryExecutionInfo.idl
[1.080s] -- Up-to-date: /home/locobot/LoCoBotRos/interbotix_ws/install/moveit_task_constructor_msgs/share/moveit_task_constructor_msgs/srv/GetSolution.idl
[1.080s] -- Up-to-date: /home/locobot/LoCoBotRos/interbotix_ws/install/moveit_task_constructor_msgs/share/moveit_task_constructor_msgs/action/ExecuteTaskSolution.idl
[1.080s] -- Up-to-date: /home/locobot/LoCoBotRos/interbotix_ws/install/moveit_task_constructor_msgs/share/moveit_task_constructor_msgs/msg/Property.msg
[1.080s] -- Up-to-date: /home/locobot/LoCoBotRos/interbotix_ws/install/moveit_task_constructor_msgs/share/moveit_task_constructor_msgs/msg/Solution.msg
[1.080s] -- Up-to-date: /home/locobot/LoCoBotRos/interbotix_ws/install/moveit_task_constructor_msgs/share/moveit_task_constructor_msgs/msg/SolutionInfo.msg
[1.080s] -- Up-to-date: /home/locobot/LoCoBotRos/interbotix_ws/install/moveit_task_constructor_msgs/share/moveit_task_constructor_msgs/msg/StageDescription.msg
[1.080s] -- Up-to-date: /home/locobot/LoCoBotRos/interbotix_ws/install/moveit_task_constructor_msgs/share/moveit_task_constructor_msgs/msg/StageStatistics.msg
[1.080s] -- Up-to-date: /home/locobot/LoCoBotRos/interbotix_ws/install/moveit_task_constructor_msgs/share/moveit_task_constructor_msgs/msg/SubSolution.msg
[1.080s] -- Up-to-date: /home/locobot/LoCoBotRos/interbotix_ws/install/moveit_task_constructor_msgs/share/moveit_task_constructor_msgs/msg/SubTrajectory.msg
[1.080s] -- Up-to-date: /home/locobot/LoCoBotRos/interbotix_ws/install/moveit_task_constructor_msgs/share/moveit_task_constructor_msgs/msg/TaskDescription.msg
[1.080s] -- Up-to-date: /home/locobot/LoCoBotRos/interbotix_ws/install/moveit_task_constructor_msgs/share/moveit_task_constructor_msgs/msg/TaskStatistics.msg
[1.081s] -- Up-to-date: /home/locobot/LoCoBotRos/interbotix_ws/install/moveit_task_constructor_msgs/share/moveit_task_constructor_msgs/msg/TrajectoryExecutionInfo.msg
[1.081s] -- Up-to-date: /home/locobot/LoCoBotRos/interbotix_ws/install/moveit_task_constructor_msgs/share/moveit_task_constructor_msgs/srv/GetSolution.srv
[1.081s] -- Up-to-date: /home/locobot/LoCoBotRos/interbotix_ws/install/moveit_task_constructor_msgs/share/moveit_task_constructor_msgs/srv/GetSolution_Request.msg
[1.081s] -- Up-to-date: /home/locobot/LoCoBotRos/interbotix_ws/install/moveit_task_constructor_msgs/share/moveit_task_constructor_msgs/srv/GetSolution_Response.msg
[1.081s] -- Up-to-date: /home/locobot/LoCoBotRos/interbotix_ws/install/moveit_task_constructor_msgs/share/moveit_task_constructor_msgs/action/ExecuteTaskSolution.action
[1.081s] -- Up-to-date: /home/locobot/LoCoBotRos/interbotix_ws/install/moveit_task_constructor_msgs/share/ament_index/resource_index/package_run_dependencies/moveit_task_constructor_msgs
[1.081s] -- Up-to-date: /home/locobot/LoCoBotRos/interbotix_ws/install/moveit_task_constructor_msgs/share/ament_index/resource_index/parent_prefix_path/moveit_task_constructor_msgs
[1.081s] -- Up-to-date: /home/locobot/LoCoBotRos/interbotix_ws/install/moveit_task_constructor_msgs/share/moveit_task_constructor_msgs/environment/ament_prefix_path.sh
[1.081s] -- Up-to-date: /home/locobot/LoCoBotRos/interbotix_ws/install/moveit_task_constructor_msgs/share/moveit_task_constructor_msgs/environment/ament_prefix_path.dsv
[1.081s] -- Up-to-date: /home/locobot/LoCoBotRos/interbotix_ws/install/moveit_task_constructor_msgs/share/moveit_task_constructor_msgs/environment/path.sh
[1.081s] -- Up-to-date: /home/locobot/LoCoBotRos/interbotix_ws/install/moveit_task_constructor_msgs/share/moveit_task_constructor_msgs/environment/path.dsv
[1.081s] -- Up-to-date: /home/locobot/LoCoBotRos/interbotix_ws/install/moveit_task_constructor_msgs/share/moveit_task_constructor_msgs/local_setup.bash
[1.081s] -- Up-to-date: /home/locobot/LoCoBotRos/interbotix_ws/install/moveit_task_constructor_msgs/share/moveit_task_constructor_msgs/local_setup.sh
[1.082s] -- Up-to-date: /home/locobot/LoCoBotRos/interbotix_ws/install/moveit_task_constructor_msgs/share/moveit_task_constructor_msgs/local_setup.zsh
[1.082s] -- Up-to-date: /home/locobot/LoCoBotRos/interbotix_ws/install/moveit_task_constructor_msgs/share/moveit_task_constructor_msgs/local_setup.dsv
[1.082s] -- Installing: /home/locobot/LoCoBotRos/interbotix_ws/install/moveit_task_constructor_msgs/share/moveit_task_constructor_msgs/package.dsv
[1.082s] -- Up-to-date: /home/locobot/LoCoBotRos/interbotix_ws/install/moveit_task_constructor_msgs/share/ament_index/resource_index/packages/moveit_task_constructor_msgs
[1.082s] -- Up-to-date: /home/locobot/LoCoBotRos/interbotix_ws/install/moveit_task_constructor_msgs/share/moveit_task_constructor_msgs/cmake/export_moveit_task_constructor_msgs__rosidl_generator_cExport.cmake
[1.082s] -- Up-to-date: /home/locobot/LoCoBotRos/interbotix_ws/install/moveit_task_constructor_msgs/share/moveit_task_constructor_msgs/cmake/export_moveit_task_constructor_msgs__rosidl_generator_cExport-release.cmake
[1.082s] -- Up-to-date: /home/locobot/LoCoBotRos/interbotix_ws/install/moveit_task_constructor_msgs/share/moveit_task_constructor_msgs/cmake/export_moveit_task_constructor_msgs__rosidl_typesupport_fastrtps_cExport.cmake
[1.082s] -- Up-to-date: /home/locobot/LoCoBotRos/interbotix_ws/install/moveit_task_constructor_msgs/share/moveit_task_constructor_msgs/cmake/export_moveit_task_constructor_msgs__rosidl_typesupport_fastrtps_cExport-release.cmake
[1.082s] -- Up-to-date: /home/locobot/LoCoBotRos/interbotix_ws/install/moveit_task_constructor_msgs/share/moveit_task_constructor_msgs/cmake/export_moveit_task_constructor_msgs__rosidl_generator_cppExport.cmake
[1.082s] -- Up-to-date: /home/locobot/LoCoBotRos/interbotix_ws/install/moveit_task_constructor_msgs/share/moveit_task_constructor_msgs/cmake/export_moveit_task_constructor_msgs__rosidl_typesupport_fastrtps_cppExport.cmake
[1.082s] -- Up-to-date: /home/locobot/LoCoBotRos/interbotix_ws/install/moveit_task_constructor_msgs/share/moveit_task_constructor_msgs/cmake/export_moveit_task_constructor_msgs__rosidl_typesupport_fastrtps_cppExport-release.cmake
[1.083s] -- Up-to-date: /home/locobot/LoCoBotRos/interbotix_ws/install/moveit_task_constructor_msgs/share/moveit_task_constructor_msgs/cmake/moveit_task_constructor_msgs__rosidl_typesupport_introspection_cExport.cmake
[1.083s] -- Up-to-date: /home/locobot/LoCoBotRos/interbotix_ws/install/moveit_task_constructor_msgs/share/moveit_task_constructor_msgs/cmake/moveit_task_constructor_msgs__rosidl_typesupport_introspection_cExport-release.cmake
[1.087s] -- Up-to-date: /home/locobot/LoCoBotRos/interbotix_ws/install/moveit_task_constructor_msgs/share/moveit_task_constructor_msgs/cmake/moveit_task_constructor_msgs__rosidl_typesupport_cExport.cmake
[1.087s] -- Up-to-date: /home/locobot/LoCoBotRos/interbotix_ws/install/moveit_task_constructor_msgs/share/moveit_task_constructor_msgs/cmake/moveit_task_constructor_msgs__rosidl_typesupport_cExport-release.cmake
[1.087s] -- Up-to-date: /home/locobot/LoCoBotRos/interbotix_ws/install/moveit_task_constructor_msgs/share/moveit_task_constructor_msgs/cmake/moveit_task_constructor_msgs__rosidl_typesupport_introspection_cppExport.cmake
[1.087s] -- Up-to-date: /home/locobot/LoCoBotRos/interbotix_ws/install/moveit_task_constructor_msgs/share/moveit_task_constructor_msgs/cmake/moveit_task_constructor_msgs__rosidl_typesupport_introspection_cppExport-release.cmake
[1.087s] -- Up-to-date: /home/locobot/LoCoBotRos/interbotix_ws/install/moveit_task_constructor_msgs/share/moveit_task_constructor_msgs/cmake/moveit_task_constructor_msgs__rosidl_typesupport_cppExport.cmake
[1.087s] -- Up-to-date: /home/locobot/LoCoBotRos/interbotix_ws/install/moveit_task_constructor_msgs/share/moveit_task_constructor_msgs/cmake/moveit_task_constructor_msgs__rosidl_typesupport_cppExport-release.cmake
[1.087s] -- Up-to-date: /home/locobot/LoCoBotRos/interbotix_ws/install/moveit_task_constructor_msgs/share/moveit_task_constructor_msgs/cmake/export_moveit_task_constructor_msgs__rosidl_generator_pyExport.cmake
[1.087s] -- Up-to-date: /home/locobot/LoCoBotRos/interbotix_ws/install/moveit_task_constructor_msgs/share/moveit_task_constructor_msgs/cmake/export_moveit_task_constructor_msgs__rosidl_generator_pyExport-release.cmake
[1.087s] -- Up-to-date: /home/locobot/LoCoBotRos/interbotix_ws/install/moveit_task_constructor_msgs/share/moveit_task_constructor_msgs/cmake/rosidl_cmake-extras.cmake
[1.092s] -- Up-to-date: /home/locobot/LoCoBotRos/interbotix_ws/install/moveit_task_constructor_msgs/share/moveit_task_constructor_msgs/cmake/ament_cmake_export_dependencies-extras.cmake
[1.094s] -- Up-to-date: /home/locobot/LoCoBotRos/interbotix_ws/install/moveit_task_constructor_msgs/share/moveit_task_constructor_msgs/cmake/ament_cmake_export_include_directories-extras.cmake
[1.094s] -- Up-to-date: /home/locobot/LoCoBotRos/interbotix_ws/install/moveit_task_constructor_msgs/share/moveit_task_constructor_msgs/cmake/ament_cmake_export_libraries-extras.cmake
[1.098s] -- Up-to-date: /home/locobot/LoCoBotRos/interbotix_ws/install/moveit_task_constructor_msgs/share/moveit_task_constructor_msgs/cmake/ament_cmake_export_targets-extras.cmake
[1.098s] -- Up-to-date: /home/locobot/LoCoBotRos/interbotix_ws/install/moveit_task_constructor_msgs/share/moveit_task_constructor_msgs/cmake/rosidl_cmake_export_typesupport_targets-extras.cmake
[1.098s] -- Up-to-date: /home/locobot/LoCoBotRos/interbotix_ws/install/moveit_task_constructor_msgs/share/moveit_task_constructor_msgs/cmake/rosidl_cmake_export_typesupport_libraries-extras.cmake
[1.098s] -- Up-to-date: /home/locobot/LoCoBotRos/interbotix_ws/install/moveit_task_constructor_msgs/share/moveit_task_constructor_msgs/cmake/moveit_task_constructor_msgsConfig.cmake
[1.098s] -- Up-to-date: /home/locobot/LoCoBotRos/interbotix_ws/install/moveit_task_constructor_msgs/share/moveit_task_constructor_msgs/cmake/moveit_task_constructor_msgsConfig-version.cmake
[1.098s] -- Up-to-date: /home/locobot/LoCoBotRos/interbotix_ws/install/moveit_task_constructor_msgs/share/moveit_task_constructor_msgs/package.xml
[1.506s] Invoked command in '/home/locobot/LoCoBotRos/interbotix_ws/build/moveit_task_constructor_msgs' returned '0': CMAKE_PREFIX_PATH=${CMAKE_PREFIX_PATH}:/home/locobot/LoCoBotRos/interbotix_ws/install/moveit_configs_utils:/home/locobot/LoCoBotRos/interbotix_ws/install/launch_param_builder:/home/locobot/LoCoBotRos/interbotix_ws/install/interbotix_xs_modules:/home/locobot/LoCoBotRos/interbotix_ws/install/interbotix_common_modules:/opt/ros/humble /usr/bin/cmake --install /home/locobot/LoCoBotRos/interbotix_ws/build/moveit_task_constructor_msgs
