[0.033s] Invoking command in '/home/locobot/LoCoBotRos/interbotix_ws/build/moveit_setup_core_plugins': AMENT_PREFIX_PATH=/home/locobot/LoCoBotRos/interbotix_ws/install/moveit_setup_framework:/home/locobot/LoCoBotRos/interbotix_ws/install/moveit_ros_visualization:/home/locobot/LoCoBotRos/interbotix_ws/install/moveit_ros_planning_interface:/home/locobot/LoCoBotRos/interbotix_ws/install/moveit_ros_move_group:/home/locobot/LoCoBotRos/interbotix_ws/install/moveit_ros_warehouse:/home/locobot/LoCoBotRos/interbotix_ws/install/moveit_ros_robot_interaction:/home/locobot/LoCoBotRos/interbotix_ws/install/moveit_planners_ompl:/home/locobot/LoCoBotRos/interbotix_ws/install/moveit_kinematics:/home/locobot/LoCoBotRos/interbotix_ws/install/moveit_ros_planning:/home/locobot/LoCoBotRos/interbotix_ws/install/moveit_simple_controller_manager:/home/locobot/LoCoBotRos/interbotix_ws/install/moveit_ros_occupancy_map_monitor:/home/locobot/LoCoBotRos/interbotix_ws/install/moveit_core:/home/locobot/LoCoBotRos/interbotix_ws/install/moveit_resources_panda_moveit_config:/home/locobot/LoCoBotRos/interbotix_ws/install/moveit_resources_fanuc_moveit_config:/home/locobot/LoCoBotRos/interbotix_ws/install/moveit_configs_utils:/home/locobot/LoCoBotRos/interbotix_ws/install/srdfdom:/home/locobot/LoCoBotRos/interbotix_ws/install/moveit_resources_pr2_description:/home/locobot/LoCoBotRos/interbotix_ws/install/moveit_resources_panda_description:/home/locobot/LoCoBotRos/interbotix_ws/install/moveit_resources_fanuc_description:/home/locobot/LoCoBotRos/interbotix_ws/install/moveit_common:/home/locobot/LoCoBotRos/interbotix_ws/install/launch_param_builder:${AMENT_PREFIX_PATH} CMAKE_PREFIX_PATH=/home/locobot/LoCoBotRos/interbotix_ws/install/moveit_setup_framework:/home/locobot/LoCoBotRos/interbotix_ws/install/moveit_ros_visualization:/home/locobot/LoCoBotRos/interbotix_ws/install/moveit_ros_planning_interface:/home/locobot/LoCoBotRos/interbotix_ws/install/moveit_ros_move_group:/home/locobot/LoCoBotRos/interbotix_ws/install/moveit_ros_warehouse:/home/locobot/LoCoBotRos/interbotix_ws/install/moveit_ros_robot_interaction:/home/locobot/LoCoBotRos/interbotix_ws/install/moveit_planners_ompl:/home/locobot/LoCoBotRos/interbotix_ws/install/moveit_kinematics:/home/locobot/LoCoBotRos/interbotix_ws/install/moveit_ros_planning:/home/locobot/LoCoBotRos/interbotix_ws/install/moveit_simple_controller_manager:/home/locobot/LoCoBotRos/interbotix_ws/install/moveit_ros_occupancy_map_monitor:/home/locobot/LoCoBotRos/interbotix_ws/install/moveit_core:/home/locobot/LoCoBotRos/interbotix_ws/install/moveit_resources_panda_moveit_config:/home/locobot/LoCoBotRos/interbotix_ws/install/moveit_resources_fanuc_moveit_config:/home/locobot/LoCoBotRos/interbotix_ws/install/srdfdom:/home/locobot/LoCoBotRos/interbotix_ws/install/moveit_resources_pr2_description:/home/locobot/LoCoBotRos/interbotix_ws/install/moveit_resources_panda_description:/home/locobot/LoCoBotRos/interbotix_ws/install/moveit_resources_fanuc_description:/home/locobot/LoCoBotRos/interbotix_ws/install/moveit_common:/home/locobot/apriltag_ws/install/apriltag_ros:/opt/ros/humble LD_LIBRARY_PATH=/home/locobot/LoCoBotRos/interbotix_ws/install/moveit_setup_framework/lib:/home/locobot/LoCoBotRos/interbotix_ws/install/moveit_ros_visualization/lib:/home/locobot/LoCoBotRos/interbotix_ws/install/moveit_ros_planning_interface/lib:/home/locobot/LoCoBotRos/interbotix_ws/install/moveit_ros_move_group/lib:/home/locobot/LoCoBotRos/interbotix_ws/install/moveit_ros_warehouse/lib:/home/locobot/LoCoBotRos/interbotix_ws/install/moveit_ros_robot_interaction/lib:/home/locobot/LoCoBotRos/interbotix_ws/install/moveit_planners_ompl/lib:/home/locobot/LoCoBotRos/interbotix_ws/install/moveit_kinematics/lib:/home/locobot/LoCoBotRos/interbotix_ws/install/moveit_ros_planning/lib:/home/locobot/LoCoBotRos/interbotix_ws/install/moveit_simple_controller_manager/lib:/home/locobot/LoCoBotRos/interbotix_ws/install/moveit_ros_occupancy_map_monitor/lib:/home/locobot/LoCoBotRos/interbotix_ws/install/moveit_core/lib:/home/locobot/LoCoBotRos/interbotix_ws/install/srdfdom/lib:${LD_LIBRARY_PATH} PATH=/home/locobot/LoCoBotRos/interbotix_ws/install/moveit_core/bin:${PATH} PYTHONPATH=/home/locobot/LoCoBotRos/interbotix_ws/install/moveit_configs_utils/lib/python3.10/site-packages:/home/locobot/LoCoBotRos/interbotix_ws/install/srdfdom/local/lib/python3.10/dist-packages:/home/locobot/LoCoBotRos/interbotix_ws/install/launch_param_builder/lib/python3.10/site-packages:${PYTHONPATH} /usr/bin/cmake /home/locobot/LoCoBotRos/interbotix_ws/src/moveit2/moveit_setup_assistant/moveit_setup_core_plugins -DCMAKE_BUILD_TYPE=Release -DCMAKE_INSTALL_PREFIX=/home/locobot/LoCoBotRos/interbotix_ws/install/moveit_setup_core_plugins
[0.074s] -- The C compiler identification is GNU 11.4.0
[0.113s] -- The CXX compiler identification is GNU 11.4.0
[0.118s] -- Detecting C compiler ABI info
[0.171s] -- Detecting C compiler ABI info - done
[0.176s] -- Check for working C compiler: /usr/bin/cc - skipped
[0.176s] -- Detecting C compile features
[0.176s] -- Detecting C compile features - done
[0.178s] -- Detecting CXX compiler ABI info
[0.240s] -- Detecting CXX compiler ABI info - done
[0.245s] -- Check for working CXX compiler: /usr/bin/c++ - skipped
[0.245s] -- Detecting CXX compile features
[0.246s] -- Detecting CXX compile features - done
[0.247s] -- Found moveit_common: 2.5.9 (/home/locobot/LoCoBotRos/interbotix_ws/install/moveit_common/share/moveit_common/cmake)
[0.250s] -- Found ament_cmake: 1.3.11 (/opt/ros/humble/share/ament_cmake/cmake)
[0.364s] -- Found Python3: /usr/bin/python3 (found version "3.10.12") found components: Interpreter 
[0.494s] -- Found ament_cmake_ros: 0.10.0 (/opt/ros/humble/share/ament_cmake_ros/cmake)
[0.504s] -- Found ament_index_cpp: 1.4.0 (/opt/ros/humble/share/ament_index_cpp/cmake)
[0.505s] -- Found moveit_ros_visualization: 2.5.9 (/home/locobot/LoCoBotRos/interbotix_ws/install/moveit_ros_visualization/share/moveit_ros_visualization/cmake)
[0.677s] -- Found Boost: /usr/lib/x86_64-linux-gnu/cmake/Boost-1.74.0/BoostConfig.cmake (found version "1.74.0") found components: thread date_time system filesystem 
[0.705s] -- Found Boost: /usr/lib/x86_64-linux-gnu/cmake/Boost-1.74.0/BoostConfig.cmake (found version "1.74.0") found components: filesystem 
[0.753s] -- Found rosidl_generator_c: 3.1.6 (/opt/ros/humble/share/rosidl_generator_c/cmake)
[0.759s] -- Found rosidl_adapter: 3.1.6 (/opt/ros/humble/share/rosidl_adapter/cmake)
[0.768s] -- Found rosidl_generator_cpp: 3.1.6 (/opt/ros/humble/share/rosidl_generator_cpp/cmake)
[0.780s] -- Using all available rosidl_typesupport_c: rosidl_typesupport_fastrtps_c;rosidl_typesupport_introspection_c
[0.792s] -- Using all available rosidl_typesupport_cpp: rosidl_typesupport_fastrtps_cpp;rosidl_typesupport_introspection_cpp
[0.869s] -- Found rmw_implementation_cmake: 6.1.2 (/opt/ros/humble/share/rmw_implementation_cmake/cmake)
[0.873s] -- Found rmw_fastrtps_cpp: 6.2.7 (/opt/ros/humble/share/rmw_fastrtps_cpp/cmake)
[0.944s] -- Found OpenSSL: /usr/lib/x86_64-linux-gnu/libcrypto.so (found version "3.0.2")  
[0.965s] -- Found FastRTPS: /opt/ros/humble/include  
[0.996s] -- Using RMW implementation 'rmw_fastrtps_cpp' as default
[1.006s] -- Found Threads: TRUE  
[1.100s] -- library: /usr/lib/x86_64-linux-gnu/libcurl.so
[1.171s] -- Found Boost: /usr/lib/x86_64-linux-gnu/cmake/Boost-1.74.0/BoostConfig.cmake (found version "1.74.0") found components: system filesystem date_time program_options thread chrono 
[1.303s] -- Found Boost: /usr/lib/x86_64-linux-gnu/cmake/Boost-1.74.0/BoostConfig.cmake (found version "1.74.0") found components: chrono date_time filesystem iostreams program_options regex serialization system thread 
[1.334s] -- Found parameter_traits: 0.4.0 (/opt/ros/humble/share/parameter_traits/cmake)
[1.345s] -- Found Eigen3: TRUE (found version "3.4.0") 
[1.349s] -- Found rclcpp_lifecycle: 16.0.12 (/opt/ros/humble/share/rclcpp_lifecycle/cmake)
[1.375s] -- Ensuring Eigen3 include directory is part of orocos-kdl CMake target
[1.490s] -- Found Boost: /usr/lib/x86_64-linux-gnu/cmake/Boost-1.74.0/BoostConfig.cmake (found version "1.74.0") found components: date_time filesystem program_options system thread 
[1.500s] -- Found Boost: /usr/lib/x86_64-linux-gnu/cmake/Boost-1.74.0/BoostConfig.cmake (found version "1.74.0") found components: thread system filesystem regex date_time program_options 
[1.518s] -- Found Boost: /usr/lib/x86_64-linux-gnu/cmake/Boost-1.74.0/BoostConfig.cmake (found version "1.74.0") found components: system filesystem date_time program_options thread 
[1.568s] -- Setting OGRE_DIR to: '/opt/ros/humble/share/rviz_ogre_vendor/cmake/../../../opt/rviz_ogre_vendor/lib/OGRE/cmake'
[1.570s] -- Found OGRE
[1.570s] --   static     : OFF
[1.570s] --   components : HLMS;MeshLodGenerator;Overlay;Paging;Property;RTShaderSystem;Terrain;Volume
[1.570s] --   plugins    : Plugin_BSPSceneManager;Plugin_OctreeSceneManager;Plugin_PCZSceneManager;Plugin_ParticleFX;RenderSystem_GL;RenderSystem_GL3Plus;Codec_STBI
[1.570s] --   media      : /opt/ros/humble/opt/rviz_ogre_vendor/share/OGRE/Media
[1.570s] -- OGRE_LIBRARIES: OgreHLMS;OgreMeshLodGenerator;OgreOverlay;OgrePaging;OgreProperty;OgreRTShaderSystem;OgreTerrain;OgreVolume;OgreMain
[1.570s] -- OGRE_LIBRARY_DIRS: /opt/ros/humble/opt/rviz_ogre_vendor/lib
[1.570s] -- OGRE_PLUGINS: Plugin_BSPSceneManager;Plugin_OctreeSceneManager;Plugin_PCZSceneManager;Plugin_ParticleFX;RenderSystem_GL;RenderSystem_GL3Plus;Codec_STBI
[1.570s] -- OGRE_PLUGIN_DIR: /opt/ros/humble/opt/rviz_ogre_vendor/lib/OGRE
[1.570s] -- rviz_ogre_vendor::OgreOverlay for IMPORTED_LOCATION_RELEASE: /opt/ros/humble/opt/rviz_ogre_vendor/lib/libOgreOverlay.so
[1.570s] -- rviz_ogre_vendor::OgreOverlay for IMPORTED_LOCATION_DEBUG: /opt/ros/humble/opt/rviz_ogre_vendor/lib/libOgreOverlay.so
[1.570s] -- rviz_ogre_vendor::OgreMain for IMPORTED_LOCATION_RELEASE: /opt/ros/humble/opt/rviz_ogre_vendor/lib/libOgreMain.so
[1.570s] -- rviz_ogre_vendor::OgreMain for IMPORTED_LOCATION_DEBUG: /opt/ros/humble/opt/rviz_ogre_vendor/lib/libOgreMain.so
[1.584s] -- Found ZLIB: /usr/lib/x86_64-linux-gnu/libz.so (found version "1.2.11") 
[1.588s] -- Found OpenGL: /usr/lib/x86_64-linux-gnu/libOpenGL.so   
[1.661s] -- Found X11: /usr/include   
[1.661s] -- Looking for XOpenDisplay in /usr/lib/x86_64-linux-gnu/libX11.so;/usr/lib/x86_64-linux-gnu/libXext.so
[1.737s] -- Looking for XOpenDisplay in /usr/lib/x86_64-linux-gnu/libX11.so;/usr/lib/x86_64-linux-gnu/libXext.so - found
[1.737s] -- Looking for gethostbyname
[1.806s] -- Looking for gethostbyname - found
[1.806s] -- Looking for connect
[1.876s] -- Looking for connect - found
[1.876s] -- Looking for remove
[1.947s] -- Looking for remove - found
[1.947s] -- Looking for shmat
[2.017s] -- Looking for shmat - found
[2.017s] -- Looking for IceConnectionNumber in ICE
[2.088s] -- Looking for IceConnectionNumber in ICE - found
[2.109s] -- Setting assimp_DIR to: '/opt/ros/humble/share/rviz_assimp_vendor/cmake/../../../opt/rviz_assimp_vendor/lib/cmake/assimp-4.1'
[2.184s] -- Found moveit_setup_framework: 2.5.9 (/home/locobot/LoCoBotRos/interbotix_ws/install/moveit_setup_framework/share/moveit_setup_framework/cmake)
[2.201s] -- Found ament_lint_auto: 0.12.12 (/opt/ros/humble/share/ament_lint_auto/cmake)
[2.220s] -- Added test 'lint_cmake' to check CMake code style
[2.221s] -- Added test 'xmllint' to check XML markup files
[2.224s] -- Configuring done
[2.267s] -- Generating done
[2.274s] -- Build files have been written to: /home/locobot/LoCoBotRos/interbotix_ws/build/moveit_setup_core_plugins
[2.286s] Invoked command in '/home/locobot/LoCoBotRos/interbotix_ws/build/moveit_setup_core_plugins' returned '0': AMENT_PREFIX_PATH=/home/locobot/LoCoBotRos/interbotix_ws/install/moveit_setup_framework:/home/locobot/LoCoBotRos/interbotix_ws/install/moveit_ros_visualization:/home/locobot/LoCoBotRos/interbotix_ws/install/moveit_ros_planning_interface:/home/locobot/LoCoBotRos/interbotix_ws/install/moveit_ros_move_group:/home/locobot/LoCoBotRos/interbotix_ws/install/moveit_ros_warehouse:/home/locobot/LoCoBotRos/interbotix_ws/install/moveit_ros_robot_interaction:/home/locobot/LoCoBotRos/interbotix_ws/install/moveit_planners_ompl:/home/locobot/LoCoBotRos/interbotix_ws/install/moveit_kinematics:/home/locobot/LoCoBotRos/interbotix_ws/install/moveit_ros_planning:/home/locobot/LoCoBotRos/interbotix_ws/install/moveit_simple_controller_manager:/home/locobot/LoCoBotRos/interbotix_ws/install/moveit_ros_occupancy_map_monitor:/home/locobot/LoCoBotRos/interbotix_ws/install/moveit_core:/home/locobot/LoCoBotRos/interbotix_ws/install/moveit_resources_panda_moveit_config:/home/locobot/LoCoBotRos/interbotix_ws/install/moveit_resources_fanuc_moveit_config:/home/locobot/LoCoBotRos/interbotix_ws/install/moveit_configs_utils:/home/locobot/LoCoBotRos/interbotix_ws/install/srdfdom:/home/locobot/LoCoBotRos/interbotix_ws/install/moveit_resources_pr2_description:/home/locobot/LoCoBotRos/interbotix_ws/install/moveit_resources_panda_description:/home/locobot/LoCoBotRos/interbotix_ws/install/moveit_resources_fanuc_description:/home/locobot/LoCoBotRos/interbotix_ws/install/moveit_common:/home/locobot/LoCoBotRos/interbotix_ws/install/launch_param_builder:${AMENT_PREFIX_PATH} CMAKE_PREFIX_PATH=/home/locobot/LoCoBotRos/interbotix_ws/install/moveit_setup_framework:/home/locobot/LoCoBotRos/interbotix_ws/install/moveit_ros_visualization:/home/locobot/LoCoBotRos/interbotix_ws/install/moveit_ros_planning_interface:/home/locobot/LoCoBotRos/interbotix_ws/install/moveit_ros_move_group:/home/locobot/LoCoBotRos/interbotix_ws/install/moveit_ros_warehouse:/home/locobot/LoCoBotRos/interbotix_ws/install/moveit_ros_robot_interaction:/home/locobot/LoCoBotRos/interbotix_ws/install/moveit_planners_ompl:/home/locobot/LoCoBotRos/interbotix_ws/install/moveit_kinematics:/home/locobot/LoCoBotRos/interbotix_ws/install/moveit_ros_planning:/home/locobot/LoCoBotRos/interbotix_ws/install/moveit_simple_controller_manager:/home/locobot/LoCoBotRos/interbotix_ws/install/moveit_ros_occupancy_map_monitor:/home/locobot/LoCoBotRos/interbotix_ws/install/moveit_core:/home/locobot/LoCoBotRos/interbotix_ws/install/moveit_resources_panda_moveit_config:/home/locobot/LoCoBotRos/interbotix_ws/install/moveit_resources_fanuc_moveit_config:/home/locobot/LoCoBotRos/interbotix_ws/install/srdfdom:/home/locobot/LoCoBotRos/interbotix_ws/install/moveit_resources_pr2_description:/home/locobot/LoCoBotRos/interbotix_ws/install/moveit_resources_panda_description:/home/locobot/LoCoBotRos/interbotix_ws/install/moveit_resources_fanuc_description:/home/locobot/LoCoBotRos/interbotix_ws/install/moveit_common:/home/locobot/apriltag_ws/install/apriltag_ros:/opt/ros/humble LD_LIBRARY_PATH=/home/locobot/LoCoBotRos/interbotix_ws/install/moveit_setup_framework/lib:/home/locobot/LoCoBotRos/interbotix_ws/install/moveit_ros_visualization/lib:/home/locobot/LoCoBotRos/interbotix_ws/install/moveit_ros_planning_interface/lib:/home/locobot/LoCoBotRos/interbotix_ws/install/moveit_ros_move_group/lib:/home/locobot/LoCoBotRos/interbotix_ws/install/moveit_ros_warehouse/lib:/home/locobot/LoCoBotRos/interbotix_ws/install/moveit_ros_robot_interaction/lib:/home/locobot/LoCoBotRos/interbotix_ws/install/moveit_planners_ompl/lib:/home/locobot/LoCoBotRos/interbotix_ws/install/moveit_kinematics/lib:/home/locobot/LoCoBotRos/interbotix_ws/install/moveit_ros_planning/lib:/home/locobot/LoCoBotRos/interbotix_ws/install/moveit_simple_controller_manager/lib:/home/locobot/LoCoBotRos/interbotix_ws/install/moveit_ros_occupancy_map_monitor/lib:/home/locobot/LoCoBotRos/interbotix_ws/install/moveit_core/lib:/home/locobot/LoCoBotRos/interbotix_ws/install/srdfdom/lib:${LD_LIBRARY_PATH} PATH=/home/locobot/LoCoBotRos/interbotix_ws/install/moveit_core/bin:${PATH} PYTHONPATH=/home/locobot/LoCoBotRos/interbotix_ws/install/moveit_configs_utils/lib/python3.10/site-packages:/home/locobot/LoCoBotRos/interbotix_ws/install/srdfdom/local/lib/python3.10/dist-packages:/home/locobot/LoCoBotRos/interbotix_ws/install/launch_param_builder/lib/python3.10/site-packages:${PYTHONPATH} /usr/bin/cmake /home/locobot/LoCoBotRos/interbotix_ws/src/moveit2/moveit_setup_assistant/moveit_setup_core_plugins -DCMAKE_BUILD_TYPE=Release -DCMAKE_INSTALL_PREFIX=/home/locobot/LoCoBotRos/interbotix_ws/install/moveit_setup_core_plugins
[2.288s] Invoking command in '/home/locobot/LoCoBotRos/interbotix_ws/build/moveit_setup_core_plugins': AMENT_PREFIX_PATH=/home/locobot/LoCoBotRos/interbotix_ws/install/moveit_setup_framework:/home/locobot/LoCoBotRos/interbotix_ws/install/moveit_ros_visualization:/home/locobot/LoCoBotRos/interbotix_ws/install/moveit_ros_planning_interface:/home/locobot/LoCoBotRos/interbotix_ws/install/moveit_ros_move_group:/home/locobot/LoCoBotRos/interbotix_ws/install/moveit_ros_warehouse:/home/locobot/LoCoBotRos/interbotix_ws/install/moveit_ros_robot_interaction:/home/locobot/LoCoBotRos/interbotix_ws/install/moveit_planners_ompl:/home/locobot/LoCoBotRos/interbotix_ws/install/moveit_kinematics:/home/locobot/LoCoBotRos/interbotix_ws/install/moveit_ros_planning:/home/locobot/LoCoBotRos/interbotix_ws/install/moveit_simple_controller_manager:/home/locobot/LoCoBotRos/interbotix_ws/install/moveit_ros_occupancy_map_monitor:/home/locobot/LoCoBotRos/interbotix_ws/install/moveit_core:/home/locobot/LoCoBotRos/interbotix_ws/install/moveit_resources_panda_moveit_config:/home/locobot/LoCoBotRos/interbotix_ws/install/moveit_resources_fanuc_moveit_config:/home/locobot/LoCoBotRos/interbotix_ws/install/moveit_configs_utils:/home/locobot/LoCoBotRos/interbotix_ws/install/srdfdom:/home/locobot/LoCoBotRos/interbotix_ws/install/moveit_resources_pr2_description:/home/locobot/LoCoBotRos/interbotix_ws/install/moveit_resources_panda_description:/home/locobot/LoCoBotRos/interbotix_ws/install/moveit_resources_fanuc_description:/home/locobot/LoCoBotRos/interbotix_ws/install/moveit_common:/home/locobot/LoCoBotRos/interbotix_ws/install/launch_param_builder:${AMENT_PREFIX_PATH} CMAKE_PREFIX_PATH=/home/locobot/LoCoBotRos/interbotix_ws/install/moveit_setup_framework:/home/locobot/LoCoBotRos/interbotix_ws/install/moveit_ros_visualization:/home/locobot/LoCoBotRos/interbotix_ws/install/moveit_ros_planning_interface:/home/locobot/LoCoBotRos/interbotix_ws/install/moveit_ros_move_group:/home/locobot/LoCoBotRos/interbotix_ws/install/moveit_ros_warehouse:/home/locobot/LoCoBotRos/interbotix_ws/install/moveit_ros_robot_interaction:/home/locobot/LoCoBotRos/interbotix_ws/install/moveit_planners_ompl:/home/locobot/LoCoBotRos/interbotix_ws/install/moveit_kinematics:/home/locobot/LoCoBotRos/interbotix_ws/install/moveit_ros_planning:/home/locobot/LoCoBotRos/interbotix_ws/install/moveit_simple_controller_manager:/home/locobot/LoCoBotRos/interbotix_ws/install/moveit_ros_occupancy_map_monitor:/home/locobot/LoCoBotRos/interbotix_ws/install/moveit_core:/home/locobot/LoCoBotRos/interbotix_ws/install/moveit_resources_panda_moveit_config:/home/locobot/LoCoBotRos/interbotix_ws/install/moveit_resources_fanuc_moveit_config:/home/locobot/LoCoBotRos/interbotix_ws/install/srdfdom:/home/locobot/LoCoBotRos/interbotix_ws/install/moveit_resources_pr2_description:/home/locobot/LoCoBotRos/interbotix_ws/install/moveit_resources_panda_description:/home/locobot/LoCoBotRos/interbotix_ws/install/moveit_resources_fanuc_description:/home/locobot/LoCoBotRos/interbotix_ws/install/moveit_common:/home/locobot/apriltag_ws/install/apriltag_ros:/opt/ros/humble LD_LIBRARY_PATH=/home/locobot/LoCoBotRos/interbotix_ws/install/moveit_setup_framework/lib:/home/locobot/LoCoBotRos/interbotix_ws/install/moveit_ros_visualization/lib:/home/locobot/LoCoBotRos/interbotix_ws/install/moveit_ros_planning_interface/lib:/home/locobot/LoCoBotRos/interbotix_ws/install/moveit_ros_move_group/lib:/home/locobot/LoCoBotRos/interbotix_ws/install/moveit_ros_warehouse/lib:/home/locobot/LoCoBotRos/interbotix_ws/install/moveit_ros_robot_interaction/lib:/home/locobot/LoCoBotRos/interbotix_ws/install/moveit_planners_ompl/lib:/home/locobot/LoCoBotRos/interbotix_ws/install/moveit_kinematics/lib:/home/locobot/LoCoBotRos/interbotix_ws/install/moveit_ros_planning/lib:/home/locobot/LoCoBotRos/interbotix_ws/install/moveit_simple_controller_manager/lib:/home/locobot/LoCoBotRos/interbotix_ws/install/moveit_ros_occupancy_map_monitor/lib:/home/locobot/LoCoBotRos/interbotix_ws/install/moveit_core/lib:/home/locobot/LoCoBotRos/interbotix_ws/install/srdfdom/lib:${LD_LIBRARY_PATH} PATH=/home/locobot/LoCoBotRos/interbotix_ws/install/moveit_core/bin:${PATH} PYTHONPATH=/home/locobot/LoCoBotRos/interbotix_ws/install/moveit_configs_utils/lib/python3.10/site-packages:/home/locobot/LoCoBotRos/interbotix_ws/install/srdfdom/local/lib/python3.10/dist-packages:/home/locobot/LoCoBotRos/interbotix_ws/install/launch_param_builder/lib/python3.10/site-packages:${PYTHONPATH} /usr/bin/cmake --build /home/locobot/LoCoBotRos/interbotix_ws/build/moveit_setup_core_plugins -- -j16 -l16
[2.332s] [  6%] [34m[1mAutomatic MOC for target moveit_setup_core_plugins[0m
[2.358s] [  6%] Built target moveit_setup_core_plugins_autogen
[2.367s] [ 26%] [34m[1mGenerating include/moveit_setup_core_plugins/moc_start_screen_widget.cpp[0m
[2.367s] [ 26%] [34m[1mGenerating include/moveit_setup_core_plugins/moc_author_information_widget.cpp[0m
[2.367s] [ 26%] [34m[1mGenerating include/moveit_setup_core_plugins/moc_configuration_files_widget.cpp[0m
[2.387s] [ 33%] [32mBuilding CXX object CMakeFiles/moveit_setup_core_plugins.dir/src/start_screen.cpp.o[0m
[2.387s] [ 46%] [32mBuilding CXX object CMakeFiles/moveit_setup_core_plugins.dir/src/configuration_files_widget.cpp.o[0m
[2.387s] [ 46%] [32mBuilding CXX object CMakeFiles/moveit_setup_core_plugins.dir/src/author_information.cpp.o[0m
[2.388s] [ 53%] [32mBuilding CXX object CMakeFiles/moveit_setup_core_plugins.dir/include/moveit_setup_core_plugins/moc_configuration_files_widget.cpp.o[0m
[2.388s] [ 60%] [32mBuilding CXX object CMakeFiles/moveit_setup_core_plugins.dir/moveit_setup_core_plugins_autogen/mocs_compilation.cpp.o[0m
[2.389s] [ 73%] [32mBuilding CXX object CMakeFiles/moveit_setup_core_plugins.dir/src/configuration_files.cpp.o[0m
[2.389s] [ 73%] [32mBuilding CXX object CMakeFiles/moveit_setup_core_plugins.dir/src/start_screen_widget.cpp.o[0m
[2.389s] [ 80%] [32mBuilding CXX object CMakeFiles/moveit_setup_core_plugins.dir/src/author_information_widget.cpp.o[0m
[2.390s] [ 86%] [32mBuilding CXX object CMakeFiles/moveit_setup_core_plugins.dir/include/moveit_setup_core_plugins/moc_start_screen_widget.cpp.o[0m
[2.390s] [ 93%] [32mBuilding CXX object CMakeFiles/moveit_setup_core_plugins.dir/include/moveit_setup_core_plugins/moc_author_information_widget.cpp.o[0m
[16.141s] [100%] [32m[1mLinking CXX shared library libmoveit_setup_core_plugins.so[0m
[16.607s] [100%] Built target moveit_setup_core_plugins
[16.616s] Invoked command in '/home/locobot/LoCoBotRos/interbotix_ws/build/moveit_setup_core_plugins' returned '0': AMENT_PREFIX_PATH=/home/locobot/LoCoBotRos/interbotix_ws/install/moveit_setup_framework:/home/locobot/LoCoBotRos/interbotix_ws/install/moveit_ros_visualization:/home/locobot/LoCoBotRos/interbotix_ws/install/moveit_ros_planning_interface:/home/locobot/LoCoBotRos/interbotix_ws/install/moveit_ros_move_group:/home/locobot/LoCoBotRos/interbotix_ws/install/moveit_ros_warehouse:/home/locobot/LoCoBotRos/interbotix_ws/install/moveit_ros_robot_interaction:/home/locobot/LoCoBotRos/interbotix_ws/install/moveit_planners_ompl:/home/locobot/LoCoBotRos/interbotix_ws/install/moveit_kinematics:/home/locobot/LoCoBotRos/interbotix_ws/install/moveit_ros_planning:/home/locobot/LoCoBotRos/interbotix_ws/install/moveit_simple_controller_manager:/home/locobot/LoCoBotRos/interbotix_ws/install/moveit_ros_occupancy_map_monitor:/home/locobot/LoCoBotRos/interbotix_ws/install/moveit_core:/home/locobot/LoCoBotRos/interbotix_ws/install/moveit_resources_panda_moveit_config:/home/locobot/LoCoBotRos/interbotix_ws/install/moveit_resources_fanuc_moveit_config:/home/locobot/LoCoBotRos/interbotix_ws/install/moveit_configs_utils:/home/locobot/LoCoBotRos/interbotix_ws/install/srdfdom:/home/locobot/LoCoBotRos/interbotix_ws/install/moveit_resources_pr2_description:/home/locobot/LoCoBotRos/interbotix_ws/install/moveit_resources_panda_description:/home/locobot/LoCoBotRos/interbotix_ws/install/moveit_resources_fanuc_description:/home/locobot/LoCoBotRos/interbotix_ws/install/moveit_common:/home/locobot/LoCoBotRos/interbotix_ws/install/launch_param_builder:${AMENT_PREFIX_PATH} CMAKE_PREFIX_PATH=/home/locobot/LoCoBotRos/interbotix_ws/install/moveit_setup_framework:/home/locobot/LoCoBotRos/interbotix_ws/install/moveit_ros_visualization:/home/locobot/LoCoBotRos/interbotix_ws/install/moveit_ros_planning_interface:/home/locobot/LoCoBotRos/interbotix_ws/install/moveit_ros_move_group:/home/locobot/LoCoBotRos/interbotix_ws/install/moveit_ros_warehouse:/home/locobot/LoCoBotRos/interbotix_ws/install/moveit_ros_robot_interaction:/home/locobot/LoCoBotRos/interbotix_ws/install/moveit_planners_ompl:/home/locobot/LoCoBotRos/interbotix_ws/install/moveit_kinematics:/home/locobot/LoCoBotRos/interbotix_ws/install/moveit_ros_planning:/home/locobot/LoCoBotRos/interbotix_ws/install/moveit_simple_controller_manager:/home/locobot/LoCoBotRos/interbotix_ws/install/moveit_ros_occupancy_map_monitor:/home/locobot/LoCoBotRos/interbotix_ws/install/moveit_core:/home/locobot/LoCoBotRos/interbotix_ws/install/moveit_resources_panda_moveit_config:/home/locobot/LoCoBotRos/interbotix_ws/install/moveit_resources_fanuc_moveit_config:/home/locobot/LoCoBotRos/interbotix_ws/install/srdfdom:/home/locobot/LoCoBotRos/interbotix_ws/install/moveit_resources_pr2_description:/home/locobot/LoCoBotRos/interbotix_ws/install/moveit_resources_panda_description:/home/locobot/LoCoBotRos/interbotix_ws/install/moveit_resources_fanuc_description:/home/locobot/LoCoBotRos/interbotix_ws/install/moveit_common:/home/locobot/apriltag_ws/install/apriltag_ros:/opt/ros/humble LD_LIBRARY_PATH=/home/locobot/LoCoBotRos/interbotix_ws/install/moveit_setup_framework/lib:/home/locobot/LoCoBotRos/interbotix_ws/install/moveit_ros_visualization/lib:/home/locobot/LoCoBotRos/interbotix_ws/install/moveit_ros_planning_interface/lib:/home/locobot/LoCoBotRos/interbotix_ws/install/moveit_ros_move_group/lib:/home/locobot/LoCoBotRos/interbotix_ws/install/moveit_ros_warehouse/lib:/home/locobot/LoCoBotRos/interbotix_ws/install/moveit_ros_robot_interaction/lib:/home/locobot/LoCoBotRos/interbotix_ws/install/moveit_planners_ompl/lib:/home/locobot/LoCoBotRos/interbotix_ws/install/moveit_kinematics/lib:/home/locobot/LoCoBotRos/interbotix_ws/install/moveit_ros_planning/lib:/home/locobot/LoCoBotRos/interbotix_ws/install/moveit_simple_controller_manager/lib:/home/locobot/LoCoBotRos/interbotix_ws/install/moveit_ros_occupancy_map_monitor/lib:/home/locobot/LoCoBotRos/interbotix_ws/install/moveit_core/lib:/home/locobot/LoCoBotRos/interbotix_ws/install/srdfdom/lib:${LD_LIBRARY_PATH} PATH=/home/locobot/LoCoBotRos/interbotix_ws/install/moveit_core/bin:${PATH} PYTHONPATH=/home/locobot/LoCoBotRos/interbotix_ws/install/moveit_configs_utils/lib/python3.10/site-packages:/home/locobot/LoCoBotRos/interbotix_ws/install/srdfdom/local/lib/python3.10/dist-packages:/home/locobot/LoCoBotRos/interbotix_ws/install/launch_param_builder/lib/python3.10/site-packages:${PYTHONPATH} /usr/bin/cmake --build /home/locobot/LoCoBotRos/interbotix_ws/build/moveit_setup_core_plugins -- -j16 -l16
[16.618s] Invoking command in '/home/locobot/LoCoBotRos/interbotix_ws/build/moveit_setup_core_plugins': AMENT_PREFIX_PATH=/home/locobot/LoCoBotRos/interbotix_ws/install/moveit_setup_framework:/home/locobot/LoCoBotRos/interbotix_ws/install/moveit_ros_visualization:/home/locobot/LoCoBotRos/interbotix_ws/install/moveit_ros_planning_interface:/home/locobot/LoCoBotRos/interbotix_ws/install/moveit_ros_move_group:/home/locobot/LoCoBotRos/interbotix_ws/install/moveit_ros_warehouse:/home/locobot/LoCoBotRos/interbotix_ws/install/moveit_ros_robot_interaction:/home/locobot/LoCoBotRos/interbotix_ws/install/moveit_planners_ompl:/home/locobot/LoCoBotRos/interbotix_ws/install/moveit_kinematics:/home/locobot/LoCoBotRos/interbotix_ws/install/moveit_ros_planning:/home/locobot/LoCoBotRos/interbotix_ws/install/moveit_simple_controller_manager:/home/locobot/LoCoBotRos/interbotix_ws/install/moveit_ros_occupancy_map_monitor:/home/locobot/LoCoBotRos/interbotix_ws/install/moveit_core:/home/locobot/LoCoBotRos/interbotix_ws/install/moveit_resources_panda_moveit_config:/home/locobot/LoCoBotRos/interbotix_ws/install/moveit_resources_fanuc_moveit_config:/home/locobot/LoCoBotRos/interbotix_ws/install/moveit_configs_utils:/home/locobot/LoCoBotRos/interbotix_ws/install/srdfdom:/home/locobot/LoCoBotRos/interbotix_ws/install/moveit_resources_pr2_description:/home/locobot/LoCoBotRos/interbotix_ws/install/moveit_resources_panda_description:/home/locobot/LoCoBotRos/interbotix_ws/install/moveit_resources_fanuc_description:/home/locobot/LoCoBotRos/interbotix_ws/install/moveit_common:/home/locobot/LoCoBotRos/interbotix_ws/install/launch_param_builder:${AMENT_PREFIX_PATH} CMAKE_PREFIX_PATH=/home/locobot/LoCoBotRos/interbotix_ws/install/moveit_setup_framework:/home/locobot/LoCoBotRos/interbotix_ws/install/moveit_ros_visualization:/home/locobot/LoCoBotRos/interbotix_ws/install/moveit_ros_planning_interface:/home/locobot/LoCoBotRos/interbotix_ws/install/moveit_ros_move_group:/home/locobot/LoCoBotRos/interbotix_ws/install/moveit_ros_warehouse:/home/locobot/LoCoBotRos/interbotix_ws/install/moveit_ros_robot_interaction:/home/locobot/LoCoBotRos/interbotix_ws/install/moveit_planners_ompl:/home/locobot/LoCoBotRos/interbotix_ws/install/moveit_kinematics:/home/locobot/LoCoBotRos/interbotix_ws/install/moveit_ros_planning:/home/locobot/LoCoBotRos/interbotix_ws/install/moveit_simple_controller_manager:/home/locobot/LoCoBotRos/interbotix_ws/install/moveit_ros_occupancy_map_monitor:/home/locobot/LoCoBotRos/interbotix_ws/install/moveit_core:/home/locobot/LoCoBotRos/interbotix_ws/install/moveit_resources_panda_moveit_config:/home/locobot/LoCoBotRos/interbotix_ws/install/moveit_resources_fanuc_moveit_config:/home/locobot/LoCoBotRos/interbotix_ws/install/srdfdom:/home/locobot/LoCoBotRos/interbotix_ws/install/moveit_resources_pr2_description:/home/locobot/LoCoBotRos/interbotix_ws/install/moveit_resources_panda_description:/home/locobot/LoCoBotRos/interbotix_ws/install/moveit_resources_fanuc_description:/home/locobot/LoCoBotRos/interbotix_ws/install/moveit_common:/home/locobot/apriltag_ws/install/apriltag_ros:/opt/ros/humble LD_LIBRARY_PATH=/home/locobot/LoCoBotRos/interbotix_ws/install/moveit_setup_framework/lib:/home/locobot/LoCoBotRos/interbotix_ws/install/moveit_ros_visualization/lib:/home/locobot/LoCoBotRos/interbotix_ws/install/moveit_ros_planning_interface/lib:/home/locobot/LoCoBotRos/interbotix_ws/install/moveit_ros_move_group/lib:/home/locobot/LoCoBotRos/interbotix_ws/install/moveit_ros_warehouse/lib:/home/locobot/LoCoBotRos/interbotix_ws/install/moveit_ros_robot_interaction/lib:/home/locobot/LoCoBotRos/interbotix_ws/install/moveit_planners_ompl/lib:/home/locobot/LoCoBotRos/interbotix_ws/install/moveit_kinematics/lib:/home/locobot/LoCoBotRos/interbotix_ws/install/moveit_ros_planning/lib:/home/locobot/LoCoBotRos/interbotix_ws/install/moveit_simple_controller_manager/lib:/home/locobot/LoCoBotRos/interbotix_ws/install/moveit_ros_occupancy_map_monitor/lib:/home/locobot/LoCoBotRos/interbotix_ws/install/moveit_core/lib:/home/locobot/LoCoBotRos/interbotix_ws/install/srdfdom/lib:${LD_LIBRARY_PATH} PATH=/home/locobot/LoCoBotRos/interbotix_ws/install/moveit_core/bin:${PATH} PYTHONPATH=/home/locobot/LoCoBotRos/interbotix_ws/install/moveit_configs_utils/lib/python3.10/site-packages:/home/locobot/LoCoBotRos/interbotix_ws/install/srdfdom/local/lib/python3.10/dist-packages:/home/locobot/LoCoBotRos/interbotix_ws/install/launch_param_builder/lib/python3.10/site-packages:${PYTHONPATH} /usr/bin/cmake --install /home/locobot/LoCoBotRos/interbotix_ws/build/moveit_setup_core_plugins
[16.624s] -- Install configuration: "Release"
[16.624s] -- Installing: /home/locobot/LoCoBotRos/interbotix_ws/install/moveit_setup_core_plugins/lib/libmoveit_setup_core_plugins.so
[16.624s] -- Set runtime path of "/home/locobot/LoCoBotRos/interbotix_ws/install/moveit_setup_core_plugins/lib/libmoveit_setup_core_plugins.so" to ""
[16.624s] -- Installing: /home/locobot/LoCoBotRos/interbotix_ws/install/moveit_setup_core_plugins/share/moveit_setup_core_plugins/moveit_setup_framework_plugins.xml
[16.625s] -- Installing: /home/locobot/LoCoBotRos/interbotix_ws/install/moveit_setup_core_plugins/include
[16.625s] -- Installing: /home/locobot/LoCoBotRos/interbotix_ws/install/moveit_setup_core_plugins/include/moveit_setup_core_plugins
[16.625s] -- Installing: /home/locobot/LoCoBotRos/interbotix_ws/install/moveit_setup_core_plugins/include/moveit_setup_core_plugins/author_information.hpp
[16.625s] -- Installing: /home/locobot/LoCoBotRos/interbotix_ws/install/moveit_setup_core_plugins/include/moveit_setup_core_plugins/configuration_files.hpp
[16.625s] -- Installing: /home/locobot/LoCoBotRos/interbotix_ws/install/moveit_setup_core_plugins/include/moveit_setup_core_plugins/author_information_widget.hpp
[16.625s] -- Installing: /home/locobot/LoCoBotRos/interbotix_ws/install/moveit_setup_core_plugins/include/moveit_setup_core_plugins/start_screen.hpp
[16.625s] -- Installing: /home/locobot/LoCoBotRos/interbotix_ws/install/moveit_setup_core_plugins/include/moveit_setup_core_plugins/configuration_files_widget.hpp
[16.625s] -- Installing: /home/locobot/LoCoBotRos/interbotix_ws/install/moveit_setup_core_plugins/include/moveit_setup_core_plugins/start_screen_widget.hpp
[16.626s] -- Installing: /home/locobot/LoCoBotRos/interbotix_ws/install/moveit_setup_core_plugins/share/moveit_setup_core_plugins/environment/library_path.sh
[16.626s] -- Installing: /home/locobot/LoCoBotRos/interbotix_ws/install/moveit_setup_core_plugins/share/moveit_setup_core_plugins/environment/library_path.dsv
[16.626s] -- Up-to-date: /home/locobot/LoCoBotRos/interbotix_ws/install/moveit_setup_core_plugins/share/moveit_setup_core_plugins/moveit_setup_framework_plugins.xml
[16.626s] -- Installing: /home/locobot/LoCoBotRos/interbotix_ws/install/moveit_setup_core_plugins/share/ament_index/resource_index/package_run_dependencies/moveit_setup_core_plugins
[16.626s] -- Installing: /home/locobot/LoCoBotRos/interbotix_ws/install/moveit_setup_core_plugins/share/ament_index/resource_index/parent_prefix_path/moveit_setup_core_plugins
[16.626s] -- Installing: /home/locobot/LoCoBotRos/interbotix_ws/install/moveit_setup_core_plugins/share/moveit_setup_core_plugins/environment/ament_prefix_path.sh
[16.626s] -- Installing: /home/locobot/LoCoBotRos/interbotix_ws/install/moveit_setup_core_plugins/share/moveit_setup_core_plugins/environment/ament_prefix_path.dsv
[16.626s] -- Installing: /home/locobot/LoCoBotRos/interbotix_ws/install/moveit_setup_core_plugins/share/moveit_setup_core_plugins/environment/path.sh
[16.626s] -- Installing: /home/locobot/LoCoBotRos/interbotix_ws/install/moveit_setup_core_plugins/share/moveit_setup_core_plugins/environment/path.dsv
[16.626s] -- Installing: /home/locobot/LoCoBotRos/interbotix_ws/install/moveit_setup_core_plugins/share/moveit_setup_core_plugins/local_setup.bash
[16.626s] -- Installing: /home/locobot/LoCoBotRos/interbotix_ws/install/moveit_setup_core_plugins/share/moveit_setup_core_plugins/local_setup.sh
[16.627s] -- Installing: /home/locobot/LoCoBotRos/interbotix_ws/install/moveit_setup_core_plugins/share/moveit_setup_core_plugins/local_setup.zsh
[16.627s] -- Installing: /home/locobot/LoCoBotRos/interbotix_ws/install/moveit_setup_core_plugins/share/moveit_setup_core_plugins/local_setup.dsv
[16.627s] -- Installing: /home/locobot/LoCoBotRos/interbotix_ws/install/moveit_setup_core_plugins/share/moveit_setup_core_plugins/package.dsv
[16.627s] -- Installing: /home/locobot/LoCoBotRos/interbotix_ws/install/moveit_setup_core_plugins/share/ament_index/resource_index/packages/moveit_setup_core_plugins
[16.627s] -- Installing: /home/locobot/LoCoBotRos/interbotix_ws/install/moveit_setup_core_plugins/share/ament_index/resource_index/moveit_setup_framework__pluginlib__plugin/moveit_setup_core_plugins
[16.627s] -- Installing: /home/locobot/LoCoBotRos/interbotix_ws/install/moveit_setup_core_plugins/share/moveit_setup_core_plugins/cmake/export_moveit_setup_core_pluginsExport.cmake
[16.627s] -- Installing: /home/locobot/LoCoBotRos/interbotix_ws/install/moveit_setup_core_plugins/share/moveit_setup_core_plugins/cmake/export_moveit_setup_core_pluginsExport-release.cmake
[16.627s] -- Installing: /home/locobot/LoCoBotRos/interbotix_ws/install/moveit_setup_core_plugins/share/moveit_setup_core_plugins/cmake/ament_cmake_export_include_directories-extras.cmake
[16.627s] -- Installing: /home/locobot/LoCoBotRos/interbotix_ws/install/moveit_setup_core_plugins/share/moveit_setup_core_plugins/cmake/ament_cmake_export_libraries-extras.cmake
[16.628s] -- Installing: /home/locobot/LoCoBotRos/interbotix_ws/install/moveit_setup_core_plugins/share/moveit_setup_core_plugins/cmake/ament_cmake_export_targets-extras.cmake
[16.628s] -- Installing: /home/locobot/LoCoBotRos/interbotix_ws/install/moveit_setup_core_plugins/share/moveit_setup_core_plugins/cmake/moveit_setup_core_pluginsConfig.cmake
[16.628s] -- Installing: /home/locobot/LoCoBotRos/interbotix_ws/install/moveit_setup_core_plugins/share/moveit_setup_core_plugins/cmake/moveit_setup_core_pluginsConfig-version.cmake
[16.628s] -- Installing: /home/locobot/LoCoBotRos/interbotix_ws/install/moveit_setup_core_plugins/share/moveit_setup_core_plugins/package.xml
[16.629s] Invoked command in '/home/locobot/LoCoBotRos/interbotix_ws/build/moveit_setup_core_plugins' returned '0': AMENT_PREFIX_PATH=/home/locobot/LoCoBotRos/interbotix_ws/install/moveit_setup_framework:/home/locobot/LoCoBotRos/interbotix_ws/install/moveit_ros_visualization:/home/locobot/LoCoBotRos/interbotix_ws/install/moveit_ros_planning_interface:/home/locobot/LoCoBotRos/interbotix_ws/install/moveit_ros_move_group:/home/locobot/LoCoBotRos/interbotix_ws/install/moveit_ros_warehouse:/home/locobot/LoCoBotRos/interbotix_ws/install/moveit_ros_robot_interaction:/home/locobot/LoCoBotRos/interbotix_ws/install/moveit_planners_ompl:/home/locobot/LoCoBotRos/interbotix_ws/install/moveit_kinematics:/home/locobot/LoCoBotRos/interbotix_ws/install/moveit_ros_planning:/home/locobot/LoCoBotRos/interbotix_ws/install/moveit_simple_controller_manager:/home/locobot/LoCoBotRos/interbotix_ws/install/moveit_ros_occupancy_map_monitor:/home/locobot/LoCoBotRos/interbotix_ws/install/moveit_core:/home/locobot/LoCoBotRos/interbotix_ws/install/moveit_resources_panda_moveit_config:/home/locobot/LoCoBotRos/interbotix_ws/install/moveit_resources_fanuc_moveit_config:/home/locobot/LoCoBotRos/interbotix_ws/install/moveit_configs_utils:/home/locobot/LoCoBotRos/interbotix_ws/install/srdfdom:/home/locobot/LoCoBotRos/interbotix_ws/install/moveit_resources_pr2_description:/home/locobot/LoCoBotRos/interbotix_ws/install/moveit_resources_panda_description:/home/locobot/LoCoBotRos/interbotix_ws/install/moveit_resources_fanuc_description:/home/locobot/LoCoBotRos/interbotix_ws/install/moveit_common:/home/locobot/LoCoBotRos/interbotix_ws/install/launch_param_builder:${AMENT_PREFIX_PATH} CMAKE_PREFIX_PATH=/home/locobot/LoCoBotRos/interbotix_ws/install/moveit_setup_framework:/home/locobot/LoCoBotRos/interbotix_ws/install/moveit_ros_visualization:/home/locobot/LoCoBotRos/interbotix_ws/install/moveit_ros_planning_interface:/home/locobot/LoCoBotRos/interbotix_ws/install/moveit_ros_move_group:/home/locobot/LoCoBotRos/interbotix_ws/install/moveit_ros_warehouse:/home/locobot/LoCoBotRos/interbotix_ws/install/moveit_ros_robot_interaction:/home/locobot/LoCoBotRos/interbotix_ws/install/moveit_planners_ompl:/home/locobot/LoCoBotRos/interbotix_ws/install/moveit_kinematics:/home/locobot/LoCoBotRos/interbotix_ws/install/moveit_ros_planning:/home/locobot/LoCoBotRos/interbotix_ws/install/moveit_simple_controller_manager:/home/locobot/LoCoBotRos/interbotix_ws/install/moveit_ros_occupancy_map_monitor:/home/locobot/LoCoBotRos/interbotix_ws/install/moveit_core:/home/locobot/LoCoBotRos/interbotix_ws/install/moveit_resources_panda_moveit_config:/home/locobot/LoCoBotRos/interbotix_ws/install/moveit_resources_fanuc_moveit_config:/home/locobot/LoCoBotRos/interbotix_ws/install/srdfdom:/home/locobot/LoCoBotRos/interbotix_ws/install/moveit_resources_pr2_description:/home/locobot/LoCoBotRos/interbotix_ws/install/moveit_resources_panda_description:/home/locobot/LoCoBotRos/interbotix_ws/install/moveit_resources_fanuc_description:/home/locobot/LoCoBotRos/interbotix_ws/install/moveit_common:/home/locobot/apriltag_ws/install/apriltag_ros:/opt/ros/humble LD_LIBRARY_PATH=/home/locobot/LoCoBotRos/interbotix_ws/install/moveit_setup_framework/lib:/home/locobot/LoCoBotRos/interbotix_ws/install/moveit_ros_visualization/lib:/home/locobot/LoCoBotRos/interbotix_ws/install/moveit_ros_planning_interface/lib:/home/locobot/LoCoBotRos/interbotix_ws/install/moveit_ros_move_group/lib:/home/locobot/LoCoBotRos/interbotix_ws/install/moveit_ros_warehouse/lib:/home/locobot/LoCoBotRos/interbotix_ws/install/moveit_ros_robot_interaction/lib:/home/locobot/LoCoBotRos/interbotix_ws/install/moveit_planners_ompl/lib:/home/locobot/LoCoBotRos/interbotix_ws/install/moveit_kinematics/lib:/home/locobot/LoCoBotRos/interbotix_ws/install/moveit_ros_planning/lib:/home/locobot/LoCoBotRos/interbotix_ws/install/moveit_simple_controller_manager/lib:/home/locobot/LoCoBotRos/interbotix_ws/install/moveit_ros_occupancy_map_monitor/lib:/home/locobot/LoCoBotRos/interbotix_ws/install/moveit_core/lib:/home/locobot/LoCoBotRos/interbotix_ws/install/srdfdom/lib:${LD_LIBRARY_PATH} PATH=/home/locobot/LoCoBotRos/interbotix_ws/install/moveit_core/bin:${PATH} PYTHONPATH=/home/locobot/LoCoBotRos/interbotix_ws/install/moveit_configs_utils/lib/python3.10/site-packages:/home/locobot/LoCoBotRos/interbotix_ws/install/srdfdom/local/lib/python3.10/dist-packages:/home/locobot/LoCoBotRos/interbotix_ws/install/launch_param_builder/lib/python3.10/site-packages:${PYTHONPATH} /usr/bin/cmake --install /home/locobot/LoCoBotRos/interbotix_ws/build/moveit_setup_core_plugins
