[0.047s] Invoking command in '/home/locobot/LoCoBotRos/interbotix_ws/build/moveit_task_constructor_visualization': AMENT_PREFIX_PATH=/home/locobot/LoCoBotRos/interbotix_ws/install/moveit_task_constructor_core:/home/locobot/LoCoBotRos/interbotix_ws/install/moveit_planners:/home/locobot/LoCoBotRos/interbotix_ws/install/pilz_industrial_motion_planner:/home/locobot/LoCoBotRos/interbotix_ws/install/moveit_ros_visualization:/home/locobot/LoCoBotRos/interbotix_ws/install/moveit_resources_prbt_pg70_support:/home/locobot/LoCoBotRos/interbotix_ws/install/moveit_ros_planning_interface:/home/locobot/LoCoBotRos/interbotix_ws/install/moveit_resources_prbt_moveit_config:/home/locobot/LoCoBotRos/interbotix_ws/install/moveit_ros_move_group:/home/locobot/LoCoBotRos/interbotix_ws/install/moveit_ros_warehouse:/home/locobot/LoCoBotRos/interbotix_ws/install/moveit_ros_robot_interaction:/home/locobot/LoCoBotRos/interbotix_ws/install/moveit_planners_ompl:/home/locobot/LoCoBotRos/interbotix_ws/install/moveit_kinematics:/home/locobot/LoCoBotRos/interbotix_ws/install/moveit_ros_planning:/home/locobot/LoCoBotRos/interbotix_ws/install/moveit_planners_chomp:/home/locobot/LoCoBotRos/interbotix_ws/install/pilz_industrial_motion_planner_testutils:/home/locobot/LoCoBotRos/interbotix_ws/install/moveit_simple_controller_manager:/home/locobot/LoCoBotRos/interbotix_ws/install/moveit_ros_occupancy_map_monitor:/home/locobot/LoCoBotRos/interbotix_ws/install/moveit_resources_prbt_ikfast_manipulator_plugin:/home/locobot/LoCoBotRos/interbotix_ws/install/chomp_motion_planner:/home/locobot/LoCoBotRos/interbotix_ws/install/moveit_core:/home/locobot/LoCoBotRos/interbotix_ws/install/rviz_marker_tools:/home/locobot/LoCoBotRos/interbotix_ws/install/moveit_resources_panda_moveit_config:/home/locobot/LoCoBotRos/interbotix_ws/install/moveit_resources_fanuc_moveit_config:/home/locobot/LoCoBotRos/interbotix_ws/install/moveit_configs_utils:/home/locobot/LoCoBotRos/interbotix_ws/install/srdfdom:/home/locobot/LoCoBotRos/interbotix_ws/install/moveit_task_constructor_msgs:/home/locobot/LoCoBotRos/interbotix_ws/install/moveit_resources_prbt_support:/home/locobot/LoCoBotRos/interbotix_ws/install/moveit_resources_pr2_description:/home/locobot/LoCoBotRos/interbotix_ws/install/moveit_resources_panda_description:/home/locobot/LoCoBotRos/interbotix_ws/install/moveit_resources_fanuc_description:/home/locobot/LoCoBotRos/interbotix_ws/install/moveit_common:/home/locobot/LoCoBotRos/interbotix_ws/install/launch_param_builder:${AMENT_PREFIX_PATH} CMAKE_MODULE_PATH=/home/locobot/LoCoBotRos/interbotix_ws/install/moveit_task_constructor_core/share/moveit_task_constructor_core/cmake CMAKE_PREFIX_PATH=/home/locobot/LoCoBotRos/interbotix_ws/install/moveit_task_constructor_core:/home/locobot/LoCoBotRos/interbotix_ws/install/moveit_planners:/home/locobot/LoCoBotRos/interbotix_ws/install/pilz_industrial_motion_planner:/home/locobot/LoCoBotRos/interbotix_ws/install/moveit_ros_visualization:/home/locobot/LoCoBotRos/interbotix_ws/install/moveit_resources_prbt_pg70_support:/home/locobot/LoCoBotRos/interbotix_ws/install/moveit_ros_planning_interface:/home/locobot/LoCoBotRos/interbotix_ws/install/moveit_resources_prbt_moveit_config:/home/locobot/LoCoBotRos/interbotix_ws/install/moveit_ros_move_group:/home/locobot/LoCoBotRos/interbotix_ws/install/moveit_ros_warehouse:/home/locobot/LoCoBotRos/interbotix_ws/install/moveit_ros_robot_interaction:/home/locobot/LoCoBotRos/interbotix_ws/install/moveit_planners_ompl:/home/locobot/LoCoBotRos/interbotix_ws/install/moveit_kinematics:/home/locobot/LoCoBotRos/interbotix_ws/install/moveit_ros_planning:/home/locobot/LoCoBotRos/interbotix_ws/install/moveit_planners_chomp:/home/locobot/LoCoBotRos/interbotix_ws/install/pilz_industrial_motion_planner_testutils:/home/locobot/LoCoBotRos/interbotix_ws/install/moveit_simple_controller_manager:/home/locobot/LoCoBotRos/interbotix_ws/install/moveit_ros_occupancy_map_monitor:/home/locobot/LoCoBotRos/interbotix_ws/install/moveit_resources_prbt_ikfast_manipulator_plugin:/home/locobot/LoCoBotRos/interbotix_ws/install/chomp_motion_planner:/home/locobot/LoCoBotRos/interbotix_ws/install/moveit_core:/home/locobot/LoCoBotRos/interbotix_ws/install/rviz_marker_tools:/home/locobot/LoCoBotRos/interbotix_ws/install/moveit_resources_panda_moveit_config:/home/locobot/LoCoBotRos/interbotix_ws/install/moveit_resources_fanuc_moveit_config:/home/locobot/LoCoBotRos/interbotix_ws/install/srdfdom:/home/locobot/LoCoBotRos/interbotix_ws/install/moveit_task_constructor_msgs:/home/locobot/LoCoBotRos/interbotix_ws/install/moveit_resources_prbt_support:/home/locobot/LoCoBotRos/interbotix_ws/install/moveit_resources_pr2_description:/home/locobot/LoCoBotRos/interbotix_ws/install/moveit_resources_panda_description:/home/locobot/LoCoBotRos/interbotix_ws/install/moveit_resources_fanuc_description:/home/locobot/LoCoBotRos/interbotix_ws/install/moveit_common:/home/locobot/apriltag_ws/install/apriltag_ros:/opt/ros/humble LD_LIBRARY_PATH=/home/locobot/LoCoBotRos/interbotix_ws/install/moveit_task_constructor_core/lib:/home/locobot/LoCoBotRos/interbotix_ws/install/pilz_industrial_motion_planner/lib:/home/locobot/LoCoBotRos/interbotix_ws/install/moveit_ros_visualization/lib:/home/locobot/LoCoBotRos/interbotix_ws/install/moveit_ros_planning_interface/lib:/home/locobot/LoCoBotRos/interbotix_ws/install/moveit_ros_move_group/lib:/home/locobot/LoCoBotRos/interbotix_ws/install/moveit_ros_warehouse/lib:/home/locobot/LoCoBotRos/interbotix_ws/install/moveit_ros_robot_interaction/lib:/home/locobot/LoCoBotRos/interbotix_ws/install/moveit_planners_ompl/lib:/home/locobot/LoCoBotRos/interbotix_ws/install/moveit_kinematics/lib:/home/locobot/LoCoBotRos/interbotix_ws/install/moveit_ros_planning/lib:/home/locobot/LoCoBotRos/interbotix_ws/install/moveit_planners_chomp/lib:/home/locobot/LoCoBotRos/interbotix_ws/install/pilz_industrial_motion_planner_testutils/lib:/home/locobot/LoCoBotRos/interbotix_ws/install/moveit_simple_controller_manager/lib:/home/locobot/LoCoBotRos/interbotix_ws/install/moveit_ros_occupancy_map_monitor/lib:/home/locobot/LoCoBotRos/interbotix_ws/install/moveit_resources_prbt_ikfast_manipulator_plugin/lib:/home/locobot/LoCoBotRos/interbotix_ws/install/chomp_motion_planner/lib:/home/locobot/LoCoBotRos/interbotix_ws/install/moveit_core/lib:/home/locobot/LoCoBotRos/interbotix_ws/install/rviz_marker_tools/lib:/home/locobot/LoCoBotRos/interbotix_ws/install/srdfdom/lib:/home/locobot/LoCoBotRos/interbotix_ws/install/moveit_task_constructor_msgs/lib:${LD_LIBRARY_PATH} PATH=/home/locobot/LoCoBotRos/interbotix_ws/install/moveit_core/bin:${PATH} PYTHONPATH=/home/locobot/LoCoBotRos/interbotix_ws/install/moveit_task_constructor_core/local/lib/python3.10/dist-packages:/home/locobot/LoCoBotRos/interbotix_ws/install/moveit_configs_utils/lib/python3.10/site-packages:/home/locobot/LoCoBotRos/interbotix_ws/install/srdfdom/local/lib/python3.10/dist-packages:/home/locobot/LoCoBotRos/interbotix_ws/install/moveit_task_constructor_msgs/local/lib/python3.10/dist-packages:/home/locobot/LoCoBotRos/interbotix_ws/install/launch_param_builder/lib/python3.10/site-packages:${PYTHONPATH} /usr/bin/cmake /home/locobot/LoCoBotRos/interbotix_ws/src/moveit_task_constructor/visualization -DCMAKE_BUILD_TYPE=Release -DCMAKE_INSTALL_PREFIX=/home/locobot/LoCoBotRos/interbotix_ws/install/moveit_task_constructor_visualization
[0.090s] -- The C compiler identification is GNU 11.4.0
[0.131s] -- The CXX compiler identification is GNU 11.4.0
[0.136s] -- Detecting C compiler ABI info
[0.191s] -- Detecting C compiler ABI info - done
[0.196s] -- Check for working C compiler: /usr/bin/cc - skipped
[0.196s] -- Detecting C compile features
[0.197s] -- Detecting C compile features - done
[0.199s] -- Detecting CXX compiler ABI info
[0.262s] -- Detecting CXX compiler ABI info - done
[0.267s] -- Check for working CXX compiler: /usr/bin/c++ - skipped
[0.268s] -- Detecting CXX compile features
[0.268s] -- Detecting CXX compile features - done
[0.272s] -- Found ament_cmake: 1.3.11 (/opt/ros/humble/share/ament_cmake/cmake)
[0.394s] -- Found Python3: /usr/bin/python3 (found version "3.10.12") found components: Interpreter 
[0.515s] -- Found Boost: /usr/lib/x86_64-linux-gnu/cmake/Boost-1.74.0/BoostConfig.cmake (found version "1.74.0")  
[0.517s] -- Found moveit_common: 2.5.9 (/home/locobot/LoCoBotRos/interbotix_ws/install/moveit_common/share/moveit_common/cmake)
[0.568s] -- Found moveit_core: 2.5.9 (/home/locobot/LoCoBotRos/interbotix_ws/install/moveit_core/share/moveit_core/cmake)
[0.762s] -- Found Boost: /usr/lib/x86_64-linux-gnu/cmake/Boost-1.74.0/BoostConfig.cmake (found version "1.74.0") found components: chrono date_time filesystem iostreams program_options regex serialization system thread 
[0.820s] -- Found parameter_traits: 0.5.0 (/opt/ros/humble/share/parameter_traits/cmake)
[0.870s] -- Found rosidl_generator_c: 3.1.6 (/opt/ros/humble/share/rosidl_generator_c/cmake)
[0.877s] -- Found rosidl_adapter: 3.1.6 (/opt/ros/humble/share/rosidl_adapter/cmake)
[0.887s] -- Found rosidl_generator_cpp: 3.1.6 (/opt/ros/humble/share/rosidl_generator_cpp/cmake)
[0.900s] -- Using all available rosidl_typesupport_c: rosidl_typesupport_fastrtps_c;rosidl_typesupport_introspection_c
[0.920s] -- Using all available rosidl_typesupport_cpp: rosidl_typesupport_fastrtps_cpp;rosidl_typesupport_introspection_cpp
[0.973s] -- Found rmw_implementation_cmake: 6.1.2 (/opt/ros/humble/share/rmw_implementation_cmake/cmake)
[0.977s] -- Found rmw_fastrtps_cpp: 6.2.7 (/opt/ros/humble/share/rmw_fastrtps_cpp/cmake)
[1.057s] -- Found OpenSSL: /usr/lib/x86_64-linux-gnu/libcrypto.so (found version "3.0.2")  
[1.077s] -- Found FastRTPS: /opt/ros/humble/include  
[1.112s] -- Using RMW implementation 'rmw_fastrtps_cpp' as default
[1.124s] -- Found Threads: TRUE  
[1.182s] -- Found rclcpp_lifecycle: 16.0.12 (/opt/ros/humble/share/rclcpp_lifecycle/cmake)
[1.205s] -- Found Boost: /usr/lib/x86_64-linux-gnu/cmake/Boost-1.74.0/BoostConfig.cmake (found version "1.74.0") found components: filesystem 
[1.295s] -- library: /usr/lib/x86_64-linux-gnu/libcurl.so
[1.356s] -- Found Eigen3: TRUE (found version "3.4.0") 
[1.357s] -- Ensuring Eigen3 include directory is part of orocos-kdl CMake target
[1.582s] -- Found moveit_ros_visualization: 2.5.9 (/home/locobot/LoCoBotRos/interbotix_ws/install/moveit_ros_visualization/share/moveit_ros_visualization/cmake)
[1.585s] -- Found Boost: /usr/lib/x86_64-linux-gnu/cmake/Boost-1.74.0/BoostConfig.cmake (found version "1.74.0") found components: thread date_time system filesystem 
[1.597s] -- Found Boost: /usr/lib/x86_64-linux-gnu/cmake/Boost-1.74.0/BoostConfig.cmake (found version "1.74.0") found components: system filesystem date_time program_options thread chrono 
[1.622s] -- Found Boost: /usr/lib/x86_64-linux-gnu/cmake/Boost-1.74.0/BoostConfig.cmake (found version "1.74.0") found components: date_time filesystem program_options system thread 
[1.634s] -- Found Boost: /usr/lib/x86_64-linux-gnu/cmake/Boost-1.74.0/BoostConfig.cmake (found version "1.74.0") found components: thread system filesystem regex date_time program_options 
[1.652s] -- Found Boost: /usr/lib/x86_64-linux-gnu/cmake/Boost-1.74.0/BoostConfig.cmake (found version "1.74.0") found components: system filesystem date_time program_options thread 
[1.705s] -- Setting OGRE_DIR to: '/opt/ros/humble/share/rviz_ogre_vendor/cmake/../../../opt/rviz_ogre_vendor/lib/OGRE/cmake'
[1.706s] -- Found OGRE
[1.706s] --   static     : OFF
[1.706s] --   components : HLMS;MeshLodGenerator;Overlay;Paging;Property;RTShaderSystem;Terrain;Volume
[1.706s] --   plugins    : Plugin_BSPSceneManager;Plugin_OctreeSceneManager;Plugin_PCZSceneManager;Plugin_ParticleFX;RenderSystem_GL;RenderSystem_GL3Plus;Codec_STBI
[1.706s] --   media      : /opt/ros/humble/opt/rviz_ogre_vendor/share/OGRE/Media
[1.707s] -- OGRE_LIBRARIES: OgreHLMS;OgreMeshLodGenerator;OgreOverlay;OgrePaging;OgreProperty;OgreRTShaderSystem;OgreTerrain;OgreVolume;OgreMain
[1.707s] -- OGRE_LIBRARY_DIRS: /opt/ros/humble/opt/rviz_ogre_vendor/lib
[1.707s] -- OGRE_PLUGINS: Plugin_BSPSceneManager;Plugin_OctreeSceneManager;Plugin_PCZSceneManager;Plugin_ParticleFX;RenderSystem_GL;RenderSystem_GL3Plus;Codec_STBI
[1.707s] -- OGRE_PLUGIN_DIR: /opt/ros/humble/opt/rviz_ogre_vendor/lib/OGRE
[1.707s] -- rviz_ogre_vendor::OgreOverlay for IMPORTED_LOCATION_RELEASE: /opt/ros/humble/opt/rviz_ogre_vendor/lib/libOgreOverlay.so
[1.707s] -- rviz_ogre_vendor::OgreOverlay for IMPORTED_LOCATION_DEBUG: /opt/ros/humble/opt/rviz_ogre_vendor/lib/libOgreOverlay.so
[1.707s] -- rviz_ogre_vendor::OgreMain for IMPORTED_LOCATION_RELEASE: /opt/ros/humble/opt/rviz_ogre_vendor/lib/libOgreMain.so
[1.707s] -- rviz_ogre_vendor::OgreMain for IMPORTED_LOCATION_DEBUG: /opt/ros/humble/opt/rviz_ogre_vendor/lib/libOgreMain.so
[1.725s] -- Found ZLIB: /usr/lib/x86_64-linux-gnu/libz.so (found version "1.2.11") 
[1.729s] -- Found OpenGL: /usr/lib/x86_64-linux-gnu/libOpenGL.so   
[1.808s] -- Found X11: /usr/include   
[1.808s] -- Looking for XOpenDisplay in /usr/lib/x86_64-linux-gnu/libX11.so;/usr/lib/x86_64-linux-gnu/libXext.so
[1.887s] -- Looking for XOpenDisplay in /usr/lib/x86_64-linux-gnu/libX11.so;/usr/lib/x86_64-linux-gnu/libXext.so - found
[1.887s] -- Looking for gethostbyname
[1.961s] -- Looking for gethostbyname - found
[1.961s] -- Looking for connect
[2.035s] -- Looking for connect - found
[2.035s] -- Looking for remove
[2.109s] -- Looking for remove - found
[2.109s] -- Looking for shmat
[2.181s] -- Looking for shmat - found
[2.181s] -- Looking for IceConnectionNumber in ICE
[2.256s] -- Looking for IceConnectionNumber in ICE - found
[2.281s] -- Setting assimp_DIR to: '/opt/ros/humble/share/rviz_assimp_vendor/cmake/../../../opt/rviz_assimp_vendor/lib/cmake/assimp-4.1'
[2.364s] -- Found moveit_task_constructor_core: 0.1.3 (/home/locobot/LoCoBotRos/interbotix_ws/install/moveit_task_constructor_core/share/moveit_task_constructor_core/cmake)
[2.430s] -- Found PkgConfig: /usr/bin/pkg-config (found version "0.29.2") 
[2.431s] -- Checking for module 'yaml-0.1'
[2.444s] --   Found yaml-0.1, version 0.2.2
[2.477s] -- Found ament_cmake_gtest: 1.3.11 (/opt/ros/humble/share/ament_cmake_gtest/cmake)
[2.480s] -- Found ament_cmake_gmock: 1.3.11 (/opt/ros/humble/share/ament_cmake_gmock/cmake)
[2.483s] -- Found launch_testing_ament_cmake: 1.0.9 (/opt/ros/humble/share/launch_testing_ament_cmake/cmake)
[2.487s] -- Found python_cmake_module: 0.10.0 (/opt/ros/humble/share/python_cmake_module/cmake)
[2.504s] -- Found PythonInterp: /usr/bin/python3 (found suitable version "3.10.12", minimum required is "3.6") 
[2.509s] -- Found PythonLibs: /usr/lib/x86_64-linux-gnu/libpython3.10.so (found suitable version "3.10.12", minimum required is "3.5") 
[2.509s] -- Using PYTHON_EXECUTABLE: /usr/bin/python3
[2.509s] -- Using PYTHON_INCLUDE_DIRS: /usr/include/python3.10
[2.509s] -- Using PYTHON_LIBRARIES: /usr/lib/x86_64-linux-gnu/libpython3.10.so
[2.527s] -- Found PythonExtra: .so  
[2.531s] -- Found gtest sources under '/opt/ros/humble/src/gtest_vendor': C++ tests using 'Google Test' will be built
[2.538s] -- Found gmock sources under '/opt/ros/humble/src/gmock_vendor': C++ tests using 'Google Mock' will be built
[2.547s] -- Configuring done
[2.711s] -- Generating done
[2.739s] -- Build files have been written to: /home/locobot/LoCoBotRos/interbotix_ws/build/moveit_task_constructor_visualization
[2.757s] Invoked command in '/home/locobot/LoCoBotRos/interbotix_ws/build/moveit_task_constructor_visualization' returned '0': AMENT_PREFIX_PATH=/home/locobot/LoCoBotRos/interbotix_ws/install/moveit_task_constructor_core:/home/locobot/LoCoBotRos/interbotix_ws/install/moveit_planners:/home/locobot/LoCoBotRos/interbotix_ws/install/pilz_industrial_motion_planner:/home/locobot/LoCoBotRos/interbotix_ws/install/moveit_ros_visualization:/home/locobot/LoCoBotRos/interbotix_ws/install/moveit_resources_prbt_pg70_support:/home/locobot/LoCoBotRos/interbotix_ws/install/moveit_ros_planning_interface:/home/locobot/LoCoBotRos/interbotix_ws/install/moveit_resources_prbt_moveit_config:/home/locobot/LoCoBotRos/interbotix_ws/install/moveit_ros_move_group:/home/locobot/LoCoBotRos/interbotix_ws/install/moveit_ros_warehouse:/home/locobot/LoCoBotRos/interbotix_ws/install/moveit_ros_robot_interaction:/home/locobot/LoCoBotRos/interbotix_ws/install/moveit_planners_ompl:/home/locobot/LoCoBotRos/interbotix_ws/install/moveit_kinematics:/home/locobot/LoCoBotRos/interbotix_ws/install/moveit_ros_planning:/home/locobot/LoCoBotRos/interbotix_ws/install/moveit_planners_chomp:/home/locobot/LoCoBotRos/interbotix_ws/install/pilz_industrial_motion_planner_testutils:/home/locobot/LoCoBotRos/interbotix_ws/install/moveit_simple_controller_manager:/home/locobot/LoCoBotRos/interbotix_ws/install/moveit_ros_occupancy_map_monitor:/home/locobot/LoCoBotRos/interbotix_ws/install/moveit_resources_prbt_ikfast_manipulator_plugin:/home/locobot/LoCoBotRos/interbotix_ws/install/chomp_motion_planner:/home/locobot/LoCoBotRos/interbotix_ws/install/moveit_core:/home/locobot/LoCoBotRos/interbotix_ws/install/rviz_marker_tools:/home/locobot/LoCoBotRos/interbotix_ws/install/moveit_resources_panda_moveit_config:/home/locobot/LoCoBotRos/interbotix_ws/install/moveit_resources_fanuc_moveit_config:/home/locobot/LoCoBotRos/interbotix_ws/install/moveit_configs_utils:/home/locobot/LoCoBotRos/interbotix_ws/install/srdfdom:/home/locobot/LoCoBotRos/interbotix_ws/install/moveit_task_constructor_msgs:/home/locobot/LoCoBotRos/interbotix_ws/install/moveit_resources_prbt_support:/home/locobot/LoCoBotRos/interbotix_ws/install/moveit_resources_pr2_description:/home/locobot/LoCoBotRos/interbotix_ws/install/moveit_resources_panda_description:/home/locobot/LoCoBotRos/interbotix_ws/install/moveit_resources_fanuc_description:/home/locobot/LoCoBotRos/interbotix_ws/install/moveit_common:/home/locobot/LoCoBotRos/interbotix_ws/install/launch_param_builder:${AMENT_PREFIX_PATH} CMAKE_MODULE_PATH=/home/locobot/LoCoBotRos/interbotix_ws/install/moveit_task_constructor_core/share/moveit_task_constructor_core/cmake CMAKE_PREFIX_PATH=/home/locobot/LoCoBotRos/interbotix_ws/install/moveit_task_constructor_core:/home/locobot/LoCoBotRos/interbotix_ws/install/moveit_planners:/home/locobot/LoCoBotRos/interbotix_ws/install/pilz_industrial_motion_planner:/home/locobot/LoCoBotRos/interbotix_ws/install/moveit_ros_visualization:/home/locobot/LoCoBotRos/interbotix_ws/install/moveit_resources_prbt_pg70_support:/home/locobot/LoCoBotRos/interbotix_ws/install/moveit_ros_planning_interface:/home/locobot/LoCoBotRos/interbotix_ws/install/moveit_resources_prbt_moveit_config:/home/locobot/LoCoBotRos/interbotix_ws/install/moveit_ros_move_group:/home/locobot/LoCoBotRos/interbotix_ws/install/moveit_ros_warehouse:/home/locobot/LoCoBotRos/interbotix_ws/install/moveit_ros_robot_interaction:/home/locobot/LoCoBotRos/interbotix_ws/install/moveit_planners_ompl:/home/locobot/LoCoBotRos/interbotix_ws/install/moveit_kinematics:/home/locobot/LoCoBotRos/interbotix_ws/install/moveit_ros_planning:/home/locobot/LoCoBotRos/interbotix_ws/install/moveit_planners_chomp:/home/locobot/LoCoBotRos/interbotix_ws/install/pilz_industrial_motion_planner_testutils:/home/locobot/LoCoBotRos/interbotix_ws/install/moveit_simple_controller_manager:/home/locobot/LoCoBotRos/interbotix_ws/install/moveit_ros_occupancy_map_monitor:/home/locobot/LoCoBotRos/interbotix_ws/install/moveit_resources_prbt_ikfast_manipulator_plugin:/home/locobot/LoCoBotRos/interbotix_ws/install/chomp_motion_planner:/home/locobot/LoCoBotRos/interbotix_ws/install/moveit_core:/home/locobot/LoCoBotRos/interbotix_ws/install/rviz_marker_tools:/home/locobot/LoCoBotRos/interbotix_ws/install/moveit_resources_panda_moveit_config:/home/locobot/LoCoBotRos/interbotix_ws/install/moveit_resources_fanuc_moveit_config:/home/locobot/LoCoBotRos/interbotix_ws/install/srdfdom:/home/locobot/LoCoBotRos/interbotix_ws/install/moveit_task_constructor_msgs:/home/locobot/LoCoBotRos/interbotix_ws/install/moveit_resources_prbt_support:/home/locobot/LoCoBotRos/interbotix_ws/install/moveit_resources_pr2_description:/home/locobot/LoCoBotRos/interbotix_ws/install/moveit_resources_panda_description:/home/locobot/LoCoBotRos/interbotix_ws/install/moveit_resources_fanuc_description:/home/locobot/LoCoBotRos/interbotix_ws/install/moveit_common:/home/locobot/apriltag_ws/install/apriltag_ros:/opt/ros/humble LD_LIBRARY_PATH=/home/locobot/LoCoBotRos/interbotix_ws/install/moveit_task_constructor_core/lib:/home/locobot/LoCoBotRos/interbotix_ws/install/pilz_industrial_motion_planner/lib:/home/locobot/LoCoBotRos/interbotix_ws/install/moveit_ros_visualization/lib:/home/locobot/LoCoBotRos/interbotix_ws/install/moveit_ros_planning_interface/lib:/home/locobot/LoCoBotRos/interbotix_ws/install/moveit_ros_move_group/lib:/home/locobot/LoCoBotRos/interbotix_ws/install/moveit_ros_warehouse/lib:/home/locobot/LoCoBotRos/interbotix_ws/install/moveit_ros_robot_interaction/lib:/home/locobot/LoCoBotRos/interbotix_ws/install/moveit_planners_ompl/lib:/home/locobot/LoCoBotRos/interbotix_ws/install/moveit_kinematics/lib:/home/locobot/LoCoBotRos/interbotix_ws/install/moveit_ros_planning/lib:/home/locobot/LoCoBotRos/interbotix_ws/install/moveit_planners_chomp/lib:/home/locobot/LoCoBotRos/interbotix_ws/install/pilz_industrial_motion_planner_testutils/lib:/home/locobot/LoCoBotRos/interbotix_ws/install/moveit_simple_controller_manager/lib:/home/locobot/LoCoBotRos/interbotix_ws/install/moveit_ros_occupancy_map_monitor/lib:/home/locobot/LoCoBotRos/interbotix_ws/install/moveit_resources_prbt_ikfast_manipulator_plugin/lib:/home/locobot/LoCoBotRos/interbotix_ws/install/chomp_motion_planner/lib:/home/locobot/LoCoBotRos/interbotix_ws/install/moveit_core/lib:/home/locobot/LoCoBotRos/interbotix_ws/install/rviz_marker_tools/lib:/home/locobot/LoCoBotRos/interbotix_ws/install/srdfdom/lib:/home/locobot/LoCoBotRos/interbotix_ws/install/moveit_task_constructor_msgs/lib:${LD_LIBRARY_PATH} PATH=/home/locobot/LoCoBotRos/interbotix_ws/install/moveit_core/bin:${PATH} PYTHONPATH=/home/locobot/LoCoBotRos/interbotix_ws/install/moveit_task_constructor_core/local/lib/python3.10/dist-packages:/home/locobot/LoCoBotRos/interbotix_ws/install/moveit_configs_utils/lib/python3.10/site-packages:/home/locobot/LoCoBotRos/interbotix_ws/install/srdfdom/local/lib/python3.10/dist-packages:/home/locobot/LoCoBotRos/interbotix_ws/install/moveit_task_constructor_msgs/local/lib/python3.10/dist-packages:/home/locobot/LoCoBotRos/interbotix_ws/install/launch_param_builder/lib/python3.10/site-packages:${PYTHONPATH} /usr/bin/cmake /home/locobot/LoCoBotRos/interbotix_ws/src/moveit_task_constructor/visualization -DCMAKE_BUILD_TYPE=Release -DCMAKE_INSTALL_PREFIX=/home/locobot/LoCoBotRos/interbotix_ws/install/moveit_task_constructor_visualization
[2.758s] Invoking command in '/home/locobot/LoCoBotRos/interbotix_ws/build/moveit_task_constructor_visualization': AMENT_PREFIX_PATH=/home/locobot/LoCoBotRos/interbotix_ws/install/moveit_task_constructor_core:/home/locobot/LoCoBotRos/interbotix_ws/install/moveit_planners:/home/locobot/LoCoBotRos/interbotix_ws/install/pilz_industrial_motion_planner:/home/locobot/LoCoBotRos/interbotix_ws/install/moveit_ros_visualization:/home/locobot/LoCoBotRos/interbotix_ws/install/moveit_resources_prbt_pg70_support:/home/locobot/LoCoBotRos/interbotix_ws/install/moveit_ros_planning_interface:/home/locobot/LoCoBotRos/interbotix_ws/install/moveit_resources_prbt_moveit_config:/home/locobot/LoCoBotRos/interbotix_ws/install/moveit_ros_move_group:/home/locobot/LoCoBotRos/interbotix_ws/install/moveit_ros_warehouse:/home/locobot/LoCoBotRos/interbotix_ws/install/moveit_ros_robot_interaction:/home/locobot/LoCoBotRos/interbotix_ws/install/moveit_planners_ompl:/home/locobot/LoCoBotRos/interbotix_ws/install/moveit_kinematics:/home/locobot/LoCoBotRos/interbotix_ws/install/moveit_ros_planning:/home/locobot/LoCoBotRos/interbotix_ws/install/moveit_planners_chomp:/home/locobot/LoCoBotRos/interbotix_ws/install/pilz_industrial_motion_planner_testutils:/home/locobot/LoCoBotRos/interbotix_ws/install/moveit_simple_controller_manager:/home/locobot/LoCoBotRos/interbotix_ws/install/moveit_ros_occupancy_map_monitor:/home/locobot/LoCoBotRos/interbotix_ws/install/moveit_resources_prbt_ikfast_manipulator_plugin:/home/locobot/LoCoBotRos/interbotix_ws/install/chomp_motion_planner:/home/locobot/LoCoBotRos/interbotix_ws/install/moveit_core:/home/locobot/LoCoBotRos/interbotix_ws/install/rviz_marker_tools:/home/locobot/LoCoBotRos/interbotix_ws/install/moveit_resources_panda_moveit_config:/home/locobot/LoCoBotRos/interbotix_ws/install/moveit_resources_fanuc_moveit_config:/home/locobot/LoCoBotRos/interbotix_ws/install/moveit_configs_utils:/home/locobot/LoCoBotRos/interbotix_ws/install/srdfdom:/home/locobot/LoCoBotRos/interbotix_ws/install/moveit_task_constructor_msgs:/home/locobot/LoCoBotRos/interbotix_ws/install/moveit_resources_prbt_support:/home/locobot/LoCoBotRos/interbotix_ws/install/moveit_resources_pr2_description:/home/locobot/LoCoBotRos/interbotix_ws/install/moveit_resources_panda_description:/home/locobot/LoCoBotRos/interbotix_ws/install/moveit_resources_fanuc_description:/home/locobot/LoCoBotRos/interbotix_ws/install/moveit_common:/home/locobot/LoCoBotRos/interbotix_ws/install/launch_param_builder:${AMENT_PREFIX_PATH} CMAKE_MODULE_PATH=/home/locobot/LoCoBotRos/interbotix_ws/install/moveit_task_constructor_core/share/moveit_task_constructor_core/cmake CMAKE_PREFIX_PATH=/home/locobot/LoCoBotRos/interbotix_ws/install/moveit_task_constructor_core:/home/locobot/LoCoBotRos/interbotix_ws/install/moveit_planners:/home/locobot/LoCoBotRos/interbotix_ws/install/pilz_industrial_motion_planner:/home/locobot/LoCoBotRos/interbotix_ws/install/moveit_ros_visualization:/home/locobot/LoCoBotRos/interbotix_ws/install/moveit_resources_prbt_pg70_support:/home/locobot/LoCoBotRos/interbotix_ws/install/moveit_ros_planning_interface:/home/locobot/LoCoBotRos/interbotix_ws/install/moveit_resources_prbt_moveit_config:/home/locobot/LoCoBotRos/interbotix_ws/install/moveit_ros_move_group:/home/locobot/LoCoBotRos/interbotix_ws/install/moveit_ros_warehouse:/home/locobot/LoCoBotRos/interbotix_ws/install/moveit_ros_robot_interaction:/home/locobot/LoCoBotRos/interbotix_ws/install/moveit_planners_ompl:/home/locobot/LoCoBotRos/interbotix_ws/install/moveit_kinematics:/home/locobot/LoCoBotRos/interbotix_ws/install/moveit_ros_planning:/home/locobot/LoCoBotRos/interbotix_ws/install/moveit_planners_chomp:/home/locobot/LoCoBotRos/interbotix_ws/install/pilz_industrial_motion_planner_testutils:/home/locobot/LoCoBotRos/interbotix_ws/install/moveit_simple_controller_manager:/home/locobot/LoCoBotRos/interbotix_ws/install/moveit_ros_occupancy_map_monitor:/home/locobot/LoCoBotRos/interbotix_ws/install/moveit_resources_prbt_ikfast_manipulator_plugin:/home/locobot/LoCoBotRos/interbotix_ws/install/chomp_motion_planner:/home/locobot/LoCoBotRos/interbotix_ws/install/moveit_core:/home/locobot/LoCoBotRos/interbotix_ws/install/rviz_marker_tools:/home/locobot/LoCoBotRos/interbotix_ws/install/moveit_resources_panda_moveit_config:/home/locobot/LoCoBotRos/interbotix_ws/install/moveit_resources_fanuc_moveit_config:/home/locobot/LoCoBotRos/interbotix_ws/install/srdfdom:/home/locobot/LoCoBotRos/interbotix_ws/install/moveit_task_constructor_msgs:/home/locobot/LoCoBotRos/interbotix_ws/install/moveit_resources_prbt_support:/home/locobot/LoCoBotRos/interbotix_ws/install/moveit_resources_pr2_description:/home/locobot/LoCoBotRos/interbotix_ws/install/moveit_resources_panda_description:/home/locobot/LoCoBotRos/interbotix_ws/install/moveit_resources_fanuc_description:/home/locobot/LoCoBotRos/interbotix_ws/install/moveit_common:/home/locobot/apriltag_ws/install/apriltag_ros:/opt/ros/humble LD_LIBRARY_PATH=/home/locobot/LoCoBotRos/interbotix_ws/install/moveit_task_constructor_core/lib:/home/locobot/LoCoBotRos/interbotix_ws/install/pilz_industrial_motion_planner/lib:/home/locobot/LoCoBotRos/interbotix_ws/install/moveit_ros_visualization/lib:/home/locobot/LoCoBotRos/interbotix_ws/install/moveit_ros_planning_interface/lib:/home/locobot/LoCoBotRos/interbotix_ws/install/moveit_ros_move_group/lib:/home/locobot/LoCoBotRos/interbotix_ws/install/moveit_ros_warehouse/lib:/home/locobot/LoCoBotRos/interbotix_ws/install/moveit_ros_robot_interaction/lib:/home/locobot/LoCoBotRos/interbotix_ws/install/moveit_planners_ompl/lib:/home/locobot/LoCoBotRos/interbotix_ws/install/moveit_kinematics/lib:/home/locobot/LoCoBotRos/interbotix_ws/install/moveit_ros_planning/lib:/home/locobot/LoCoBotRos/interbotix_ws/install/moveit_planners_chomp/lib:/home/locobot/LoCoBotRos/interbotix_ws/install/pilz_industrial_motion_planner_testutils/lib:/home/locobot/LoCoBotRos/interbotix_ws/install/moveit_simple_controller_manager/lib:/home/locobot/LoCoBotRos/interbotix_ws/install/moveit_ros_occupancy_map_monitor/lib:/home/locobot/LoCoBotRos/interbotix_ws/install/moveit_resources_prbt_ikfast_manipulator_plugin/lib:/home/locobot/LoCoBotRos/interbotix_ws/install/chomp_motion_planner/lib:/home/locobot/LoCoBotRos/interbotix_ws/install/moveit_core/lib:/home/locobot/LoCoBotRos/interbotix_ws/install/rviz_marker_tools/lib:/home/locobot/LoCoBotRos/interbotix_ws/install/srdfdom/lib:/home/locobot/LoCoBotRos/interbotix_ws/install/moveit_task_constructor_msgs/lib:${LD_LIBRARY_PATH} PATH=/home/locobot/LoCoBotRos/interbotix_ws/install/moveit_core/bin:${PATH} PYTHONPATH=/home/locobot/LoCoBotRos/interbotix_ws/install/moveit_task_constructor_core/local/lib/python3.10/dist-packages:/home/locobot/LoCoBotRos/interbotix_ws/install/moveit_configs_utils/lib/python3.10/site-packages:/home/locobot/LoCoBotRos/interbotix_ws/install/srdfdom/local/lib/python3.10/dist-packages:/home/locobot/LoCoBotRos/interbotix_ws/install/moveit_task_constructor_msgs/local/lib/python3.10/dist-packages:/home/locobot/LoCoBotRos/interbotix_ws/install/launch_param_builder/lib/python3.10/site-packages:${PYTHONPATH} /usr/bin/cmake --build /home/locobot/LoCoBotRos/interbotix_ws/build/moveit_task_constructor_visualization -- -j16 -l16
[2.806s] [  3%] [34m[1mAutomatic MOC for target gtest[0m
[2.806s] [  3%] [34m[1mAutomatic MOC for target motion_planning_tasks_properties[0m
[2.806s] [  4%] [34m[1mAutomatic MOC for target gtest_main[0m
[2.807s] [  6%] [34m[1mAutomatic MOC for target gmock[0m
[2.807s] [  9%] [34m[1mAutomatic MOC for target motion_planning_tasks_utils[0m
[2.807s] [  9%] [34m[1mAutomatic MOC for target moveit_task_visualization_tools[0m
[2.812s] [ 10%] [34m[1mAutomatic MOC for target gmock_main[0m
[2.839s] [ 10%] Built target gmock_main_autogen
[2.839s] [ 10%] Built target gtest_autogen
[2.839s] [ 10%] Built target motion_planning_tasks_properties_autogen
[2.839s] [ 10%] Built target gtest_main_autogen
[2.840s] [ 10%] Built target gmock_autogen
[2.865s] [ 21%] [32mBuilding CXX object gmock/CMakeFiles/gmock.dir/opt/ros/humble/src/gtest_vendor/src/gtest-all.cc.o[0m
[2.865s] [ 21%] [32mBuilding CXX object gmock/CMakeFiles/gmock_main.dir/src/gmock_main.cc.o[0m
[2.865s] [ 21%] [32mBuilding CXX object gtest/CMakeFiles/gtest_main.dir/gtest_main_autogen/mocs_compilation.cpp.o[0m
[2.865s] [ 21%] [32mBuilding CXX object gmock/CMakeFiles/gmock_main.dir/gmock_main_autogen/mocs_compilation.cpp.o[0m
[2.866s] [ 21%] [32mBuilding CXX object motion_planning_tasks/properties/CMakeFiles/motion_planning_tasks_properties.dir/property_factory.cpp.o[0m
[2.866s] [ 21%] [32mBuilding CXX object gmock/CMakeFiles/gmock.dir/gmock_autogen/mocs_compilation.cpp.o[0m
[2.866s] [ 23%] [32mBuilding CXX object gtest/CMakeFiles/gtest_main.dir/src/gtest_main.cc.o[0m
[2.866s] [ 24%] [32mBuilding CXX object motion_planning_tasks/properties/CMakeFiles/motion_planning_tasks_properties.dir/motion_planning_tasks_properties_autogen/mocs_compilation.cpp.o[0m
[2.866s] [ 24%] [32mBuilding CXX object motion_planning_tasks/properties/CMakeFiles/motion_planning_tasks_properties.dir/property_from_yaml.cpp.o[0m
[2.867s] [ 26%] [32mBuilding CXX object gmock/CMakeFiles/gmock.dir/src/gmock-all.cc.o[0m
[2.867s] [ 27%] [32mBuilding CXX object gtest/CMakeFiles/gtest.dir/gtest_autogen/mocs_compilation.cpp.o[0m
[2.873s] [ 29%] [32mBuilding CXX object gtest/CMakeFiles/gtest.dir/src/gtest-all.cc.o[0m
[2.983s] [ 29%] Built target motion_planning_tasks_utils_autogen
[3.013s] [ 32%] [32mBuilding CXX object motion_planning_tasks/utils/CMakeFiles/motion_planning_tasks_utils.dir/motion_planning_tasks_utils_autogen/mocs_compilation.cpp.o[0m
[3.015s] [ 33%] [32mBuilding CXX object motion_planning_tasks/utils/CMakeFiles/motion_planning_tasks_utils.dir/icon.cpp.o[0m
[3.015s] [ 35%] [32mBuilding CXX object motion_planning_tasks/utils/CMakeFiles/motion_planning_tasks_utils.dir/tree_merge_proxy_model.cpp.o[0m
[3.016s] [ 35%] [32mBuilding CXX object motion_planning_tasks/utils/CMakeFiles/motion_planning_tasks_utils.dir/flat_merge_proxy_model.cpp.o[0m
[3.098s] [ 35%] Built target moveit_task_visualization_tools_autogen
[3.131s] [ 36%] [32mBuilding CXX object visualization_tools/CMakeFiles/moveit_task_visualization_tools.dir/src/task_solution_visualization.cpp.o[0m
[3.131s] [ 38%] [32mBuilding CXX object visualization_tools/CMakeFiles/moveit_task_visualization_tools.dir/src/marker_visualization.cpp.o[0m
[3.132s] [ 40%] [32mBuilding CXX object visualization_tools/CMakeFiles/moveit_task_visualization_tools.dir/src/display_solution.cpp.o[0m
[3.132s] [ 41%] [32mBuilding CXX object visualization_tools/CMakeFiles/moveit_task_visualization_tools.dir/src/task_solution_panel.cpp.o[0m
[3.135s] [ 43%] [32mBuilding CXX object visualization_tools/CMakeFiles/moveit_task_visualization_tools.dir/moveit_task_visualization_tools_autogen/mocs_compilation.cpp.o[0m
[4.185s] [ 44%] [32m[1mLinking CXX static library libgtest_main.a[0m
[4.242s] [ 44%] Built target gtest_main
[4.503s] [ 46%] [32m[1mLinking CXX static library libgmock_main.a[0m
[4.565s] [ 46%] Built target gmock_main
[6.104s] [ 47%] [32m[1mLinking CXX shared library libmotion_planning_tasks_utils.so[0m
[6.496s] [ 47%] Built target motion_planning_tasks_utils
[7.055s] [ 49%] [32m[1mLinking CXX shared library libmotion_planning_tasks_properties.so[0m
[8.305s] [ 49%] Built target motion_planning_tasks_properties
[10.451s] [ 50%] [32m[1mLinking CXX static library libgmock.a[0m
[10.491s] [ 50%] Built target gmock
[10.530s] [ 52%] [32m[1mLinking CXX static library libgtest.a[0m
[10.569s] [ 52%] Built target gtest
[10.593s] [ 53%] [34m[1mAutomatic MOC for target moveit_task_constructor_visualization-test-merge-models[0m
[10.620s] [ 53%] Built target moveit_task_constructor_visualization-test-merge-models_autogen
[10.640s] [ 55%] [32mBuilding CXX object motion_planning_tasks/test/CMakeFiles/moveit_task_constructor_visualization-test-merge-models.dir/moveit_task_constructor_visualization-test-merge-models_autogen/mocs_compilation.cpp.o[0m
[10.643s] [ 56%] [32mBuilding CXX object motion_planning_tasks/test/CMakeFiles/moveit_task_constructor_visualization-test-merge-models.dir/test_merge_models.cpp.o[0m
[12.944s] [ 58%] [32m[1mLinking CXX executable moveit_task_constructor_visualization-test-merge-models[0m
[13.242s] [ 58%] Built target moveit_task_constructor_visualization-test-merge-models
[16.237s] [ 60%] [32m[1mLinking CXX shared library libmoveit_task_visualization_tools.so[0m
[19.148s] [ 60%] Built target moveit_task_visualization_tools
[19.166s] [ 61%] [34m[1mAutomatic MOC for target motion_planning_tasks_rviz_plugin[0m
[19.897s] [ 61%] Built target motion_planning_tasks_rviz_plugin_autogen
[19.907s] [ 64%] [34m[1mGenerating ui_global_settings.h[0m
[19.907s] [ 64%] [34m[1mGenerating ui_task_panel.h[0m
[19.909s] [ 66%] [34m[1mGenerating ui_task_view.h[0m
[19.909s] [ 67%] [34m[1mAutomatic RCC for resources.qrc[0m
[19.945s] [ 70%] [32mBuilding CXX object motion_planning_tasks/src/CMakeFiles/motion_planning_tasks_rviz_plugin.dir/icons.cpp.o[0m
[19.946s] [ 70%] [32mBuilding CXX object motion_planning_tasks/src/CMakeFiles/motion_planning_tasks_rviz_plugin.dir/meta_task_list_model.cpp.o[0m
[19.946s] [ 72%] [32mBuilding CXX object motion_planning_tasks/src/CMakeFiles/motion_planning_tasks_rviz_plugin.dir/motion_planning_tasks_rviz_plugin_autogen/mocs_compilation.cpp.o[0m
[19.946s] [ 73%] [32mBuilding CXX object motion_planning_tasks/src/CMakeFiles/motion_planning_tasks_rviz_plugin.dir/motion_planning_tasks_rviz_plugin_autogen/EWIEGA46WW/qrc_resources.cpp.o[0m
[19.947s] [ 75%] [32mBuilding CXX object motion_planning_tasks/src/CMakeFiles/motion_planning_tasks_rviz_plugin.dir/factory_model.cpp.o[0m
[19.948s] [ 76%] [32mBuilding CXX object motion_planning_tasks/src/CMakeFiles/motion_planning_tasks_rviz_plugin.dir/local_task_model.cpp.o[0m
[19.948s] [ 78%] [32mBuilding CXX object motion_planning_tasks/src/CMakeFiles/motion_planning_tasks_rviz_plugin.dir/job_queue.cpp.o[0m
[19.948s] [ 80%] [32mBuilding CXX object motion_planning_tasks/src/CMakeFiles/motion_planning_tasks_rviz_plugin.dir/plugin_init.cpp.o[0m
[19.948s] [ 83%] [32mBuilding CXX object motion_planning_tasks/src/CMakeFiles/motion_planning_tasks_rviz_plugin.dir/remote_task_model.cpp.o[0m
[19.948s] [ 83%] [32mBuilding CXX object motion_planning_tasks/src/CMakeFiles/motion_planning_tasks_rviz_plugin.dir/task_display.cpp.o[0m
[19.948s] [ 84%] [32mBuilding CXX object motion_planning_tasks/src/CMakeFiles/motion_planning_tasks_rviz_plugin.dir/task_list_model.cpp.o[0m
[19.948s] [ 86%] [32mBuilding CXX object motion_planning_tasks/src/CMakeFiles/motion_planning_tasks_rviz_plugin.dir/task_panel.cpp.o[0m
[45.984s] [ 87%] [32m[1mLinking CXX shared library libmotion_planning_tasks_rviz_plugin.so[0m
[48.395s] [ 87%] Built target motion_planning_tasks_rviz_plugin
[48.413s] [ 90%] [34m[1mAutomatic MOC for target moveit_task_constructor_visualization-test-solution-models[0m
[48.413s] [ 90%] [34m[1mAutomatic MOC for target moveit_task_constructor_visualization-test-task_model[0m
[48.440s] [ 90%] Built target moveit_task_constructor_visualization-test-solution-models_autogen
[48.440s] [ 90%] Built target moveit_task_constructor_visualization-test-task_model_autogen
[48.460s] [ 93%] [32mBuilding CXX object motion_planning_tasks/test/CMakeFiles/moveit_task_constructor_visualization-test-task_model.dir/test_task_model.cpp.o[0m
[48.460s] [ 93%] [32mBuilding CXX object motion_planning_tasks/test/CMakeFiles/moveit_task_constructor_visualization-test-task_model.dir/moveit_task_constructor_visualization-test-task_model_autogen/mocs_compilation.cpp.o[0m
[53.986s] [ 95%] [32m[1mLinking CXX executable moveit_task_constructor_visualization-test-task_model[0m
[54.603s] [ 95%] Built target moveit_task_constructor_visualization-test-task_model
[54.622s] [ 98%] [32mBuilding CXX object motion_planning_tasks/test/CMakeFiles/moveit_task_constructor_visualization-test-solution-models.dir/moveit_task_constructor_visualization-test-solution-models_autogen/mocs_compilation.cpp.o[0m
[54.623s] [ 98%] [32mBuilding CXX object motion_planning_tasks/test/CMakeFiles/moveit_task_constructor_visualization-test-solution-models.dir/test_solution_models.cpp.o[0m
[59.892s] [100%] [32m[1mLinking CXX executable moveit_task_constructor_visualization-test-solution-models[0m
[60.581s] [100%] Built target moveit_task_constructor_visualization-test-solution-models
[60.594s] Invoked command in '/home/locobot/LoCoBotRos/interbotix_ws/build/moveit_task_constructor_visualization' returned '0': AMENT_PREFIX_PATH=/home/locobot/LoCoBotRos/interbotix_ws/install/moveit_task_constructor_core:/home/locobot/LoCoBotRos/interbotix_ws/install/moveit_planners:/home/locobot/LoCoBotRos/interbotix_ws/install/pilz_industrial_motion_planner:/home/locobot/LoCoBotRos/interbotix_ws/install/moveit_ros_visualization:/home/locobot/LoCoBotRos/interbotix_ws/install/moveit_resources_prbt_pg70_support:/home/locobot/LoCoBotRos/interbotix_ws/install/moveit_ros_planning_interface:/home/locobot/LoCoBotRos/interbotix_ws/install/moveit_resources_prbt_moveit_config:/home/locobot/LoCoBotRos/interbotix_ws/install/moveit_ros_move_group:/home/locobot/LoCoBotRos/interbotix_ws/install/moveit_ros_warehouse:/home/locobot/LoCoBotRos/interbotix_ws/install/moveit_ros_robot_interaction:/home/locobot/LoCoBotRos/interbotix_ws/install/moveit_planners_ompl:/home/locobot/LoCoBotRos/interbotix_ws/install/moveit_kinematics:/home/locobot/LoCoBotRos/interbotix_ws/install/moveit_ros_planning:/home/locobot/LoCoBotRos/interbotix_ws/install/moveit_planners_chomp:/home/locobot/LoCoBotRos/interbotix_ws/install/pilz_industrial_motion_planner_testutils:/home/locobot/LoCoBotRos/interbotix_ws/install/moveit_simple_controller_manager:/home/locobot/LoCoBotRos/interbotix_ws/install/moveit_ros_occupancy_map_monitor:/home/locobot/LoCoBotRos/interbotix_ws/install/moveit_resources_prbt_ikfast_manipulator_plugin:/home/locobot/LoCoBotRos/interbotix_ws/install/chomp_motion_planner:/home/locobot/LoCoBotRos/interbotix_ws/install/moveit_core:/home/locobot/LoCoBotRos/interbotix_ws/install/rviz_marker_tools:/home/locobot/LoCoBotRos/interbotix_ws/install/moveit_resources_panda_moveit_config:/home/locobot/LoCoBotRos/interbotix_ws/install/moveit_resources_fanuc_moveit_config:/home/locobot/LoCoBotRos/interbotix_ws/install/moveit_configs_utils:/home/locobot/LoCoBotRos/interbotix_ws/install/srdfdom:/home/locobot/LoCoBotRos/interbotix_ws/install/moveit_task_constructor_msgs:/home/locobot/LoCoBotRos/interbotix_ws/install/moveit_resources_prbt_support:/home/locobot/LoCoBotRos/interbotix_ws/install/moveit_resources_pr2_description:/home/locobot/LoCoBotRos/interbotix_ws/install/moveit_resources_panda_description:/home/locobot/LoCoBotRos/interbotix_ws/install/moveit_resources_fanuc_description:/home/locobot/LoCoBotRos/interbotix_ws/install/moveit_common:/home/locobot/LoCoBotRos/interbotix_ws/install/launch_param_builder:${AMENT_PREFIX_PATH} CMAKE_MODULE_PATH=/home/locobot/LoCoBotRos/interbotix_ws/install/moveit_task_constructor_core/share/moveit_task_constructor_core/cmake CMAKE_PREFIX_PATH=/home/locobot/LoCoBotRos/interbotix_ws/install/moveit_task_constructor_core:/home/locobot/LoCoBotRos/interbotix_ws/install/moveit_planners:/home/locobot/LoCoBotRos/interbotix_ws/install/pilz_industrial_motion_planner:/home/locobot/LoCoBotRos/interbotix_ws/install/moveit_ros_visualization:/home/locobot/LoCoBotRos/interbotix_ws/install/moveit_resources_prbt_pg70_support:/home/locobot/LoCoBotRos/interbotix_ws/install/moveit_ros_planning_interface:/home/locobot/LoCoBotRos/interbotix_ws/install/moveit_resources_prbt_moveit_config:/home/locobot/LoCoBotRos/interbotix_ws/install/moveit_ros_move_group:/home/locobot/LoCoBotRos/interbotix_ws/install/moveit_ros_warehouse:/home/locobot/LoCoBotRos/interbotix_ws/install/moveit_ros_robot_interaction:/home/locobot/LoCoBotRos/interbotix_ws/install/moveit_planners_ompl:/home/locobot/LoCoBotRos/interbotix_ws/install/moveit_kinematics:/home/locobot/LoCoBotRos/interbotix_ws/install/moveit_ros_planning:/home/locobot/LoCoBotRos/interbotix_ws/install/moveit_planners_chomp:/home/locobot/LoCoBotRos/interbotix_ws/install/pilz_industrial_motion_planner_testutils:/home/locobot/LoCoBotRos/interbotix_ws/install/moveit_simple_controller_manager:/home/locobot/LoCoBotRos/interbotix_ws/install/moveit_ros_occupancy_map_monitor:/home/locobot/LoCoBotRos/interbotix_ws/install/moveit_resources_prbt_ikfast_manipulator_plugin:/home/locobot/LoCoBotRos/interbotix_ws/install/chomp_motion_planner:/home/locobot/LoCoBotRos/interbotix_ws/install/moveit_core:/home/locobot/LoCoBotRos/interbotix_ws/install/rviz_marker_tools:/home/locobot/LoCoBotRos/interbotix_ws/install/moveit_resources_panda_moveit_config:/home/locobot/LoCoBotRos/interbotix_ws/install/moveit_resources_fanuc_moveit_config:/home/locobot/LoCoBotRos/interbotix_ws/install/srdfdom:/home/locobot/LoCoBotRos/interbotix_ws/install/moveit_task_constructor_msgs:/home/locobot/LoCoBotRos/interbotix_ws/install/moveit_resources_prbt_support:/home/locobot/LoCoBotRos/interbotix_ws/install/moveit_resources_pr2_description:/home/locobot/LoCoBotRos/interbotix_ws/install/moveit_resources_panda_description:/home/locobot/LoCoBotRos/interbotix_ws/install/moveit_resources_fanuc_description:/home/locobot/LoCoBotRos/interbotix_ws/install/moveit_common:/home/locobot/apriltag_ws/install/apriltag_ros:/opt/ros/humble LD_LIBRARY_PATH=/home/locobot/LoCoBotRos/interbotix_ws/install/moveit_task_constructor_core/lib:/home/locobot/LoCoBotRos/interbotix_ws/install/pilz_industrial_motion_planner/lib:/home/locobot/LoCoBotRos/interbotix_ws/install/moveit_ros_visualization/lib:/home/locobot/LoCoBotRos/interbotix_ws/install/moveit_ros_planning_interface/lib:/home/locobot/LoCoBotRos/interbotix_ws/install/moveit_ros_move_group/lib:/home/locobot/LoCoBotRos/interbotix_ws/install/moveit_ros_warehouse/lib:/home/locobot/LoCoBotRos/interbotix_ws/install/moveit_ros_robot_interaction/lib:/home/locobot/LoCoBotRos/interbotix_ws/install/moveit_planners_ompl/lib:/home/locobot/LoCoBotRos/interbotix_ws/install/moveit_kinematics/lib:/home/locobot/LoCoBotRos/interbotix_ws/install/moveit_ros_planning/lib:/home/locobot/LoCoBotRos/interbotix_ws/install/moveit_planners_chomp/lib:/home/locobot/LoCoBotRos/interbotix_ws/install/pilz_industrial_motion_planner_testutils/lib:/home/locobot/LoCoBotRos/interbotix_ws/install/moveit_simple_controller_manager/lib:/home/locobot/LoCoBotRos/interbotix_ws/install/moveit_ros_occupancy_map_monitor/lib:/home/locobot/LoCoBotRos/interbotix_ws/install/moveit_resources_prbt_ikfast_manipulator_plugin/lib:/home/locobot/LoCoBotRos/interbotix_ws/install/chomp_motion_planner/lib:/home/locobot/LoCoBotRos/interbotix_ws/install/moveit_core/lib:/home/locobot/LoCoBotRos/interbotix_ws/install/rviz_marker_tools/lib:/home/locobot/LoCoBotRos/interbotix_ws/install/srdfdom/lib:/home/locobot/LoCoBotRos/interbotix_ws/install/moveit_task_constructor_msgs/lib:${LD_LIBRARY_PATH} PATH=/home/locobot/LoCoBotRos/interbotix_ws/install/moveit_core/bin:${PATH} PYTHONPATH=/home/locobot/LoCoBotRos/interbotix_ws/install/moveit_task_constructor_core/local/lib/python3.10/dist-packages:/home/locobot/LoCoBotRos/interbotix_ws/install/moveit_configs_utils/lib/python3.10/site-packages:/home/locobot/LoCoBotRos/interbotix_ws/install/srdfdom/local/lib/python3.10/dist-packages:/home/locobot/LoCoBotRos/interbotix_ws/install/moveit_task_constructor_msgs/local/lib/python3.10/dist-packages:/home/locobot/LoCoBotRos/interbotix_ws/install/launch_param_builder/lib/python3.10/site-packages:${PYTHONPATH} /usr/bin/cmake --build /home/locobot/LoCoBotRos/interbotix_ws/build/moveit_task_constructor_visualization -- -j16 -l16
[60.596s] Invoking command in '/home/locobot/LoCoBotRos/interbotix_ws/build/moveit_task_constructor_visualization': AMENT_PREFIX_PATH=/home/locobot/LoCoBotRos/interbotix_ws/install/moveit_task_constructor_core:/home/locobot/LoCoBotRos/interbotix_ws/install/moveit_planners:/home/locobot/LoCoBotRos/interbotix_ws/install/pilz_industrial_motion_planner:/home/locobot/LoCoBotRos/interbotix_ws/install/moveit_ros_visualization:/home/locobot/LoCoBotRos/interbotix_ws/install/moveit_resources_prbt_pg70_support:/home/locobot/LoCoBotRos/interbotix_ws/install/moveit_ros_planning_interface:/home/locobot/LoCoBotRos/interbotix_ws/install/moveit_resources_prbt_moveit_config:/home/locobot/LoCoBotRos/interbotix_ws/install/moveit_ros_move_group:/home/locobot/LoCoBotRos/interbotix_ws/install/moveit_ros_warehouse:/home/locobot/LoCoBotRos/interbotix_ws/install/moveit_ros_robot_interaction:/home/locobot/LoCoBotRos/interbotix_ws/install/moveit_planners_ompl:/home/locobot/LoCoBotRos/interbotix_ws/install/moveit_kinematics:/home/locobot/LoCoBotRos/interbotix_ws/install/moveit_ros_planning:/home/locobot/LoCoBotRos/interbotix_ws/install/moveit_planners_chomp:/home/locobot/LoCoBotRos/interbotix_ws/install/pilz_industrial_motion_planner_testutils:/home/locobot/LoCoBotRos/interbotix_ws/install/moveit_simple_controller_manager:/home/locobot/LoCoBotRos/interbotix_ws/install/moveit_ros_occupancy_map_monitor:/home/locobot/LoCoBotRos/interbotix_ws/install/moveit_resources_prbt_ikfast_manipulator_plugin:/home/locobot/LoCoBotRos/interbotix_ws/install/chomp_motion_planner:/home/locobot/LoCoBotRos/interbotix_ws/install/moveit_core:/home/locobot/LoCoBotRos/interbotix_ws/install/rviz_marker_tools:/home/locobot/LoCoBotRos/interbotix_ws/install/moveit_resources_panda_moveit_config:/home/locobot/LoCoBotRos/interbotix_ws/install/moveit_resources_fanuc_moveit_config:/home/locobot/LoCoBotRos/interbotix_ws/install/moveit_configs_utils:/home/locobot/LoCoBotRos/interbotix_ws/install/srdfdom:/home/locobot/LoCoBotRos/interbotix_ws/install/moveit_task_constructor_msgs:/home/locobot/LoCoBotRos/interbotix_ws/install/moveit_resources_prbt_support:/home/locobot/LoCoBotRos/interbotix_ws/install/moveit_resources_pr2_description:/home/locobot/LoCoBotRos/interbotix_ws/install/moveit_resources_panda_description:/home/locobot/LoCoBotRos/interbotix_ws/install/moveit_resources_fanuc_description:/home/locobot/LoCoBotRos/interbotix_ws/install/moveit_common:/home/locobot/LoCoBotRos/interbotix_ws/install/launch_param_builder:${AMENT_PREFIX_PATH} CMAKE_MODULE_PATH=/home/locobot/LoCoBotRos/interbotix_ws/install/moveit_task_constructor_core/share/moveit_task_constructor_core/cmake CMAKE_PREFIX_PATH=/home/locobot/LoCoBotRos/interbotix_ws/install/moveit_task_constructor_core:/home/locobot/LoCoBotRos/interbotix_ws/install/moveit_planners:/home/locobot/LoCoBotRos/interbotix_ws/install/pilz_industrial_motion_planner:/home/locobot/LoCoBotRos/interbotix_ws/install/moveit_ros_visualization:/home/locobot/LoCoBotRos/interbotix_ws/install/moveit_resources_prbt_pg70_support:/home/locobot/LoCoBotRos/interbotix_ws/install/moveit_ros_planning_interface:/home/locobot/LoCoBotRos/interbotix_ws/install/moveit_resources_prbt_moveit_config:/home/locobot/LoCoBotRos/interbotix_ws/install/moveit_ros_move_group:/home/locobot/LoCoBotRos/interbotix_ws/install/moveit_ros_warehouse:/home/locobot/LoCoBotRos/interbotix_ws/install/moveit_ros_robot_interaction:/home/locobot/LoCoBotRos/interbotix_ws/install/moveit_planners_ompl:/home/locobot/LoCoBotRos/interbotix_ws/install/moveit_kinematics:/home/locobot/LoCoBotRos/interbotix_ws/install/moveit_ros_planning:/home/locobot/LoCoBotRos/interbotix_ws/install/moveit_planners_chomp:/home/locobot/LoCoBotRos/interbotix_ws/install/pilz_industrial_motion_planner_testutils:/home/locobot/LoCoBotRos/interbotix_ws/install/moveit_simple_controller_manager:/home/locobot/LoCoBotRos/interbotix_ws/install/moveit_ros_occupancy_map_monitor:/home/locobot/LoCoBotRos/interbotix_ws/install/moveit_resources_prbt_ikfast_manipulator_plugin:/home/locobot/LoCoBotRos/interbotix_ws/install/chomp_motion_planner:/home/locobot/LoCoBotRos/interbotix_ws/install/moveit_core:/home/locobot/LoCoBotRos/interbotix_ws/install/rviz_marker_tools:/home/locobot/LoCoBotRos/interbotix_ws/install/moveit_resources_panda_moveit_config:/home/locobot/LoCoBotRos/interbotix_ws/install/moveit_resources_fanuc_moveit_config:/home/locobot/LoCoBotRos/interbotix_ws/install/srdfdom:/home/locobot/LoCoBotRos/interbotix_ws/install/moveit_task_constructor_msgs:/home/locobot/LoCoBotRos/interbotix_ws/install/moveit_resources_prbt_support:/home/locobot/LoCoBotRos/interbotix_ws/install/moveit_resources_pr2_description:/home/locobot/LoCoBotRos/interbotix_ws/install/moveit_resources_panda_description:/home/locobot/LoCoBotRos/interbotix_ws/install/moveit_resources_fanuc_description:/home/locobot/LoCoBotRos/interbotix_ws/install/moveit_common:/home/locobot/apriltag_ws/install/apriltag_ros:/opt/ros/humble LD_LIBRARY_PATH=/home/locobot/LoCoBotRos/interbotix_ws/install/moveit_task_constructor_core/lib:/home/locobot/LoCoBotRos/interbotix_ws/install/pilz_industrial_motion_planner/lib:/home/locobot/LoCoBotRos/interbotix_ws/install/moveit_ros_visualization/lib:/home/locobot/LoCoBotRos/interbotix_ws/install/moveit_ros_planning_interface/lib:/home/locobot/LoCoBotRos/interbotix_ws/install/moveit_ros_move_group/lib:/home/locobot/LoCoBotRos/interbotix_ws/install/moveit_ros_warehouse/lib:/home/locobot/LoCoBotRos/interbotix_ws/install/moveit_ros_robot_interaction/lib:/home/locobot/LoCoBotRos/interbotix_ws/install/moveit_planners_ompl/lib:/home/locobot/LoCoBotRos/interbotix_ws/install/moveit_kinematics/lib:/home/locobot/LoCoBotRos/interbotix_ws/install/moveit_ros_planning/lib:/home/locobot/LoCoBotRos/interbotix_ws/install/moveit_planners_chomp/lib:/home/locobot/LoCoBotRos/interbotix_ws/install/pilz_industrial_motion_planner_testutils/lib:/home/locobot/LoCoBotRos/interbotix_ws/install/moveit_simple_controller_manager/lib:/home/locobot/LoCoBotRos/interbotix_ws/install/moveit_ros_occupancy_map_monitor/lib:/home/locobot/LoCoBotRos/interbotix_ws/install/moveit_resources_prbt_ikfast_manipulator_plugin/lib:/home/locobot/LoCoBotRos/interbotix_ws/install/chomp_motion_planner/lib:/home/locobot/LoCoBotRos/interbotix_ws/install/moveit_core/lib:/home/locobot/LoCoBotRos/interbotix_ws/install/rviz_marker_tools/lib:/home/locobot/LoCoBotRos/interbotix_ws/install/srdfdom/lib:/home/locobot/LoCoBotRos/interbotix_ws/install/moveit_task_constructor_msgs/lib:${LD_LIBRARY_PATH} PATH=/home/locobot/LoCoBotRos/interbotix_ws/install/moveit_core/bin:${PATH} PYTHONPATH=/home/locobot/LoCoBotRos/interbotix_ws/install/moveit_task_constructor_core/local/lib/python3.10/dist-packages:/home/locobot/LoCoBotRos/interbotix_ws/install/moveit_configs_utils/lib/python3.10/site-packages:/home/locobot/LoCoBotRos/interbotix_ws/install/srdfdom/local/lib/python3.10/dist-packages:/home/locobot/LoCoBotRos/interbotix_ws/install/moveit_task_constructor_msgs/local/lib/python3.10/dist-packages:/home/locobot/LoCoBotRos/interbotix_ws/install/launch_param_builder/lib/python3.10/site-packages:${PYTHONPATH} /usr/bin/cmake --install /home/locobot/LoCoBotRos/interbotix_ws/build/moveit_task_constructor_visualization
[60.604s] -- Install configuration: "Release"
[60.604s] -- Installing: /home/locobot/LoCoBotRos/interbotix_ws/install/moveit_task_constructor_visualization/include
[60.604s] -- Installing: /home/locobot/LoCoBotRos/interbotix_ws/install/moveit_task_constructor_visualization/include/moveit
[60.604s] -- Installing: /home/locobot/LoCoBotRos/interbotix_ws/install/moveit_task_constructor_visualization/include/moveit/visualization_tools
[60.604s] -- Installing: /home/locobot/LoCoBotRos/interbotix_ws/install/moveit_task_constructor_visualization/include/moveit/visualization_tools/task_solution_panel.h
[60.604s] -- Installing: /home/locobot/LoCoBotRos/interbotix_ws/install/moveit_task_constructor_visualization/include/moveit/visualization_tools/marker_visualization.h
[60.604s] -- Installing: /home/locobot/LoCoBotRos/interbotix_ws/install/moveit_task_constructor_visualization/include/moveit/visualization_tools/display_solution.h
[60.604s] -- Installing: /home/locobot/LoCoBotRos/interbotix_ws/install/moveit_task_constructor_visualization/include/moveit/visualization_tools/task_solution_visualization.h
[60.604s] -- Installing: /home/locobot/LoCoBotRos/interbotix_ws/install/moveit_task_constructor_visualization/lib/libmoveit_task_visualization_tools.so.0.1.3
[60.605s] -- Set runtime path of "/home/locobot/LoCoBotRos/interbotix_ws/install/moveit_task_constructor_visualization/lib/libmoveit_task_visualization_tools.so.0.1.3" to ""
[60.605s] -- Installing: /home/locobot/LoCoBotRos/interbotix_ws/install/moveit_task_constructor_visualization/lib/libmoveit_task_visualization_tools.so
[60.605s] -- Installing: /home/locobot/LoCoBotRos/interbotix_ws/install/moveit_task_constructor_visualization/lib/libmotion_planning_tasks_utils.so
[60.605s] -- Installing: /home/locobot/LoCoBotRos/interbotix_ws/install/moveit_task_constructor_visualization/lib/libmotion_planning_tasks_properties.so
[60.606s] -- Set runtime path of "/home/locobot/LoCoBotRos/interbotix_ws/install/moveit_task_constructor_visualization/lib/libmotion_planning_tasks_properties.so" to ""
[60.606s] -- Installing: /home/locobot/LoCoBotRos/interbotix_ws/install/moveit_task_constructor_visualization/lib/libmotion_planning_tasks_rviz_plugin.so.0.1.3
[60.608s] -- Set runtime path of "/home/locobot/LoCoBotRos/interbotix_ws/install/moveit_task_constructor_visualization/lib/libmotion_planning_tasks_rviz_plugin.so.0.1.3" to ""
[60.608s] -- Installing: /home/locobot/LoCoBotRos/interbotix_ws/install/moveit_task_constructor_visualization/lib/libmotion_planning_tasks_rviz_plugin.so
[60.609s] -- Installing: /home/locobot/LoCoBotRos/interbotix_ws/install/moveit_task_constructor_visualization/share/icons
[60.609s] -- Installing: /home/locobot/LoCoBotRos/interbotix_ws/install/moveit_task_constructor_visualization/share/icons/classes
[60.609s] -- Installing: /home/locobot/LoCoBotRos/interbotix_ws/install/moveit_task_constructor_visualization/share/icons/classes/Motion Planning Tasks.svg
[60.609s] -- Installing: /home/locobot/LoCoBotRos/interbotix_ws/install/moveit_task_constructor_visualization/share/moveit_task_constructor_visualization/motion_planning_tasks_rviz_plugin_description.xml
[60.609s] -- Installing: /home/locobot/LoCoBotRos/interbotix_ws/install/moveit_task_constructor_visualization/share/moveit_task_constructor_visualization/environment/library_path.sh
[60.609s] -- Installing: /home/locobot/LoCoBotRos/interbotix_ws/install/moveit_task_constructor_visualization/share/moveit_task_constructor_visualization/environment/library_path.dsv
[60.609s] -- Installing: /home/locobot/LoCoBotRos/interbotix_ws/install/moveit_task_constructor_visualization/share/ament_index/resource_index/package_run_dependencies/moveit_task_constructor_visualization
[60.609s] -- Installing: /home/locobot/LoCoBotRos/interbotix_ws/install/moveit_task_constructor_visualization/share/ament_index/resource_index/parent_prefix_path/moveit_task_constructor_visualization
[60.609s] -- Installing: /home/locobot/LoCoBotRos/interbotix_ws/install/moveit_task_constructor_visualization/share/moveit_task_constructor_visualization/environment/ament_prefix_path.sh
[60.610s] -- Installing: /home/locobot/LoCoBotRos/interbotix_ws/install/moveit_task_constructor_visualization/share/moveit_task_constructor_visualization/environment/ament_prefix_path.dsv
[60.610s] -- Installing: /home/locobot/LoCoBotRos/interbotix_ws/install/moveit_task_constructor_visualization/share/moveit_task_constructor_visualization/environment/path.sh
[60.610s] -- Installing: /home/locobot/LoCoBotRos/interbotix_ws/install/moveit_task_constructor_visualization/share/moveit_task_constructor_visualization/environment/path.dsv
[60.610s] -- Installing: /home/locobot/LoCoBotRos/interbotix_ws/install/moveit_task_constructor_visualization/share/moveit_task_constructor_visualization/local_setup.bash
[60.610s] -- Installing: /home/locobot/LoCoBotRos/interbotix_ws/install/moveit_task_constructor_visualization/share/moveit_task_constructor_visualization/local_setup.sh
[60.610s] -- Installing: /home/locobot/LoCoBotRos/interbotix_ws/install/moveit_task_constructor_visualization/share/moveit_task_constructor_visualization/local_setup.zsh
[60.610s] -- Installing: /home/locobot/LoCoBotRos/interbotix_ws/install/moveit_task_constructor_visualization/share/moveit_task_constructor_visualization/local_setup.dsv
[60.610s] -- Installing: /home/locobot/LoCoBotRos/interbotix_ws/install/moveit_task_constructor_visualization/share/moveit_task_constructor_visualization/package.dsv
[60.610s] -- Installing: /home/locobot/LoCoBotRos/interbotix_ws/install/moveit_task_constructor_visualization/share/ament_index/resource_index/packages/moveit_task_constructor_visualization
[60.611s] -- Installing: /home/locobot/LoCoBotRos/interbotix_ws/install/moveit_task_constructor_visualization/share/ament_index/resource_index/rviz_common__pluginlib__plugin/moveit_task_constructor_visualization
[60.611s] -- Installing: /home/locobot/LoCoBotRos/interbotix_ws/install/moveit_task_constructor_visualization/share/moveit_task_constructor_visualization/cmake/ament_cmake_export_include_directories-extras.cmake
[60.611s] -- Installing: /home/locobot/LoCoBotRos/interbotix_ws/install/moveit_task_constructor_visualization/share/moveit_task_constructor_visualization/cmake/ament_cmake_export_libraries-extras.cmake
[60.611s] -- Installing: /home/locobot/LoCoBotRos/interbotix_ws/install/moveit_task_constructor_visualization/share/moveit_task_constructor_visualization/cmake/ament_cmake_export_dependencies-extras.cmake
[60.611s] -- Installing: /home/locobot/LoCoBotRos/interbotix_ws/install/moveit_task_constructor_visualization/share/moveit_task_constructor_visualization/cmake/moveit_task_constructor_visualizationConfig.cmake
[60.611s] -- Installing: /home/locobot/LoCoBotRos/interbotix_ws/install/moveit_task_constructor_visualization/share/moveit_task_constructor_visualization/cmake/moveit_task_constructor_visualizationConfig-version.cmake
[60.611s] -- Installing: /home/locobot/LoCoBotRos/interbotix_ws/install/moveit_task_constructor_visualization/share/moveit_task_constructor_visualization/package.xml
[60.613s] Invoked command in '/home/locobot/LoCoBotRos/interbotix_ws/build/moveit_task_constructor_visualization' returned '0': AMENT_PREFIX_PATH=/home/locobot/LoCoBotRos/interbotix_ws/install/moveit_task_constructor_core:/home/locobot/LoCoBotRos/interbotix_ws/install/moveit_planners:/home/locobot/LoCoBotRos/interbotix_ws/install/pilz_industrial_motion_planner:/home/locobot/LoCoBotRos/interbotix_ws/install/moveit_ros_visualization:/home/locobot/LoCoBotRos/interbotix_ws/install/moveit_resources_prbt_pg70_support:/home/locobot/LoCoBotRos/interbotix_ws/install/moveit_ros_planning_interface:/home/locobot/LoCoBotRos/interbotix_ws/install/moveit_resources_prbt_moveit_config:/home/locobot/LoCoBotRos/interbotix_ws/install/moveit_ros_move_group:/home/locobot/LoCoBotRos/interbotix_ws/install/moveit_ros_warehouse:/home/locobot/LoCoBotRos/interbotix_ws/install/moveit_ros_robot_interaction:/home/locobot/LoCoBotRos/interbotix_ws/install/moveit_planners_ompl:/home/locobot/LoCoBotRos/interbotix_ws/install/moveit_kinematics:/home/locobot/LoCoBotRos/interbotix_ws/install/moveit_ros_planning:/home/locobot/LoCoBotRos/interbotix_ws/install/moveit_planners_chomp:/home/locobot/LoCoBotRos/interbotix_ws/install/pilz_industrial_motion_planner_testutils:/home/locobot/LoCoBotRos/interbotix_ws/install/moveit_simple_controller_manager:/home/locobot/LoCoBotRos/interbotix_ws/install/moveit_ros_occupancy_map_monitor:/home/locobot/LoCoBotRos/interbotix_ws/install/moveit_resources_prbt_ikfast_manipulator_plugin:/home/locobot/LoCoBotRos/interbotix_ws/install/chomp_motion_planner:/home/locobot/LoCoBotRos/interbotix_ws/install/moveit_core:/home/locobot/LoCoBotRos/interbotix_ws/install/rviz_marker_tools:/home/locobot/LoCoBotRos/interbotix_ws/install/moveit_resources_panda_moveit_config:/home/locobot/LoCoBotRos/interbotix_ws/install/moveit_resources_fanuc_moveit_config:/home/locobot/LoCoBotRos/interbotix_ws/install/moveit_configs_utils:/home/locobot/LoCoBotRos/interbotix_ws/install/srdfdom:/home/locobot/LoCoBotRos/interbotix_ws/install/moveit_task_constructor_msgs:/home/locobot/LoCoBotRos/interbotix_ws/install/moveit_resources_prbt_support:/home/locobot/LoCoBotRos/interbotix_ws/install/moveit_resources_pr2_description:/home/locobot/LoCoBotRos/interbotix_ws/install/moveit_resources_panda_description:/home/locobot/LoCoBotRos/interbotix_ws/install/moveit_resources_fanuc_description:/home/locobot/LoCoBotRos/interbotix_ws/install/moveit_common:/home/locobot/LoCoBotRos/interbotix_ws/install/launch_param_builder:${AMENT_PREFIX_PATH} CMAKE_MODULE_PATH=/home/locobot/LoCoBotRos/interbotix_ws/install/moveit_task_constructor_core/share/moveit_task_constructor_core/cmake CMAKE_PREFIX_PATH=/home/locobot/LoCoBotRos/interbotix_ws/install/moveit_task_constructor_core:/home/locobot/LoCoBotRos/interbotix_ws/install/moveit_planners:/home/locobot/LoCoBotRos/interbotix_ws/install/pilz_industrial_motion_planner:/home/locobot/LoCoBotRos/interbotix_ws/install/moveit_ros_visualization:/home/locobot/LoCoBotRos/interbotix_ws/install/moveit_resources_prbt_pg70_support:/home/locobot/LoCoBotRos/interbotix_ws/install/moveit_ros_planning_interface:/home/locobot/LoCoBotRos/interbotix_ws/install/moveit_resources_prbt_moveit_config:/home/locobot/LoCoBotRos/interbotix_ws/install/moveit_ros_move_group:/home/locobot/LoCoBotRos/interbotix_ws/install/moveit_ros_warehouse:/home/locobot/LoCoBotRos/interbotix_ws/install/moveit_ros_robot_interaction:/home/locobot/LoCoBotRos/interbotix_ws/install/moveit_planners_ompl:/home/locobot/LoCoBotRos/interbotix_ws/install/moveit_kinematics:/home/locobot/LoCoBotRos/interbotix_ws/install/moveit_ros_planning:/home/locobot/LoCoBotRos/interbotix_ws/install/moveit_planners_chomp:/home/locobot/LoCoBotRos/interbotix_ws/install/pilz_industrial_motion_planner_testutils:/home/locobot/LoCoBotRos/interbotix_ws/install/moveit_simple_controller_manager:/home/locobot/LoCoBotRos/interbotix_ws/install/moveit_ros_occupancy_map_monitor:/home/locobot/LoCoBotRos/interbotix_ws/install/moveit_resources_prbt_ikfast_manipulator_plugin:/home/locobot/LoCoBotRos/interbotix_ws/install/chomp_motion_planner:/home/locobot/LoCoBotRos/interbotix_ws/install/moveit_core:/home/locobot/LoCoBotRos/interbotix_ws/install/rviz_marker_tools:/home/locobot/LoCoBotRos/interbotix_ws/install/moveit_resources_panda_moveit_config:/home/locobot/LoCoBotRos/interbotix_ws/install/moveit_resources_fanuc_moveit_config:/home/locobot/LoCoBotRos/interbotix_ws/install/srdfdom:/home/locobot/LoCoBotRos/interbotix_ws/install/moveit_task_constructor_msgs:/home/locobot/LoCoBotRos/interbotix_ws/install/moveit_resources_prbt_support:/home/locobot/LoCoBotRos/interbotix_ws/install/moveit_resources_pr2_description:/home/locobot/LoCoBotRos/interbotix_ws/install/moveit_resources_panda_description:/home/locobot/LoCoBotRos/interbotix_ws/install/moveit_resources_fanuc_description:/home/locobot/LoCoBotRos/interbotix_ws/install/moveit_common:/home/locobot/apriltag_ws/install/apriltag_ros:/opt/ros/humble LD_LIBRARY_PATH=/home/locobot/LoCoBotRos/interbotix_ws/install/moveit_task_constructor_core/lib:/home/locobot/LoCoBotRos/interbotix_ws/install/pilz_industrial_motion_planner/lib:/home/locobot/LoCoBotRos/interbotix_ws/install/moveit_ros_visualization/lib:/home/locobot/LoCoBotRos/interbotix_ws/install/moveit_ros_planning_interface/lib:/home/locobot/LoCoBotRos/interbotix_ws/install/moveit_ros_move_group/lib:/home/locobot/LoCoBotRos/interbotix_ws/install/moveit_ros_warehouse/lib:/home/locobot/LoCoBotRos/interbotix_ws/install/moveit_ros_robot_interaction/lib:/home/locobot/LoCoBotRos/interbotix_ws/install/moveit_planners_ompl/lib:/home/locobot/LoCoBotRos/interbotix_ws/install/moveit_kinematics/lib:/home/locobot/LoCoBotRos/interbotix_ws/install/moveit_ros_planning/lib:/home/locobot/LoCoBotRos/interbotix_ws/install/moveit_planners_chomp/lib:/home/locobot/LoCoBotRos/interbotix_ws/install/pilz_industrial_motion_planner_testutils/lib:/home/locobot/LoCoBotRos/interbotix_ws/install/moveit_simple_controller_manager/lib:/home/locobot/LoCoBotRos/interbotix_ws/install/moveit_ros_occupancy_map_monitor/lib:/home/locobot/LoCoBotRos/interbotix_ws/install/moveit_resources_prbt_ikfast_manipulator_plugin/lib:/home/locobot/LoCoBotRos/interbotix_ws/install/chomp_motion_planner/lib:/home/locobot/LoCoBotRos/interbotix_ws/install/moveit_core/lib:/home/locobot/LoCoBotRos/interbotix_ws/install/rviz_marker_tools/lib:/home/locobot/LoCoBotRos/interbotix_ws/install/srdfdom/lib:/home/locobot/LoCoBotRos/interbotix_ws/install/moveit_task_constructor_msgs/lib:${LD_LIBRARY_PATH} PATH=/home/locobot/LoCoBotRos/interbotix_ws/install/moveit_core/bin:${PATH} PYTHONPATH=/home/locobot/LoCoBotRos/interbotix_ws/install/moveit_task_constructor_core/local/lib/python3.10/dist-packages:/home/locobot/LoCoBotRos/interbotix_ws/install/moveit_configs_utils/lib/python3.10/site-packages:/home/locobot/LoCoBotRos/interbotix_ws/install/srdfdom/local/lib/python3.10/dist-packages:/home/locobot/LoCoBotRos/interbotix_ws/install/moveit_task_constructor_msgs/local/lib/python3.10/dist-packages:/home/locobot/LoCoBotRos/interbotix_ws/install/launch_param_builder/lib/python3.10/site-packages:${PYTHONPATH} /usr/bin/cmake --install /home/locobot/LoCoBotRos/interbotix_ws/build/moveit_task_constructor_visualization
