[0.007s] Invoking command in '/home/locobot/LoCoBotRos/interbotix_ws/build/interbotix_moveit_interface_msgs': CMAKE_PREFIX_PATH=${CMAKE_PREFIX_PATH}:/opt/ros/humble /usr/bin/cmake --build /home/locobot/LoCoBotRos/interbotix_ws/build/interbotix_moveit_interface_msgs -- -j16 -l16
[0.045s] [35m[1mConsolidate compiler generated dependencies of target interbotix_moveit_interface_msgs__rosidl_generator_c[0m
[0.051s] [  3%] Built target interbotix_moveit_interface_msgs__cpp
[0.054s] [ 12%] Built target interbotix_moveit_interface_msgs__rosidl_generator_c
[0.064s] [35m[1mConsolidate compiler generated dependencies of target interbotix_moveit_interface_msgs__rosidl_typesupport_introspection_cpp[0m
[0.064s] [35m[1mConsolidate compiler generated dependencies of target interbotix_moveit_interface_msgs__rosidl_typesupport_cpp[0m
[0.064s] [35m[1mConsolidate compiler generated dependencies of target interbotix_moveit_interface_msgs__rosidl_typesupport_fastrtps_cpp[0m
[0.064s] [ 12%] Built target ament_cmake_python_copy_interbotix_moveit_interface_msgs
[0.065s] [35m[1mConsolidate compiler generated dependencies of target interbotix_moveit_interface_msgs__rosidl_typesupport_c[0m
[0.066s] [35m[1mConsolidate compiler generated dependencies of target interbotix_moveit_interface_msgs__rosidl_typesupport_introspection_c[0m
[0.066s] [35m[1mConsolidate compiler generated dependencies of target interbotix_moveit_interface_msgs__rosidl_typesupport_fastrtps_c[0m
[0.073s] [ 22%] Built target interbotix_moveit_interface_msgs__rosidl_typesupport_introspection_cpp
[0.075s] [ 32%] Built target interbotix_moveit_interface_msgs__rosidl_typesupport_cpp
[0.075s] [ 41%] Built target interbotix_moveit_interface_msgs__rosidl_typesupport_c
[0.077s] [ 51%] Built target interbotix_moveit_interface_msgs__rosidl_typesupport_fastrtps_cpp
[0.077s] [ 61%] Built target interbotix_moveit_interface_msgs__rosidl_typesupport_fastrtps_c
[0.077s] [ 70%] Built target interbotix_moveit_interface_msgs__rosidl_typesupport_introspection_c
[0.093s] [ 70%] Built target interbotix_moveit_interface_msgs
[0.109s] [ 74%] Built target interbotix_moveit_interface_msgs__py
[0.120s] [35m[1mConsolidate compiler generated dependencies of target interbotix_moveit_interface_msgs__rosidl_generator_py[0m
[0.132s] [ 80%] Built target interbotix_moveit_interface_msgs__rosidl_generator_py
[0.142s] [35m[1mConsolidate compiler generated dependencies of target interbotix_moveit_interface_msgs__rosidl_typesupport_fastrtps_c__pyext[0m
[0.142s] [35m[1mConsolidate compiler generated dependencies of target interbotix_moveit_interface_msgs__rosidl_typesupport_introspection_c__pyext[0m
[0.144s] [35m[1mConsolidate compiler generated dependencies of target interbotix_moveit_interface_msgs__rosidl_typesupport_c__pyext[0m
[0.152s] [ 93%] Built target interbotix_moveit_interface_msgs__rosidl_typesupport_introspection_c__pyext
[0.152s] [ 93%] Built target interbotix_moveit_interface_msgs__rosidl_typesupport_fastrtps_c__pyext
[0.154s] [100%] Built target interbotix_moveit_interface_msgs__rosidl_typesupport_c__pyext
[0.293s] running egg_info
[0.294s] writing interbotix_moveit_interface_msgs.egg-info/PKG-INFO
[0.294s] writing dependency_links to interbotix_moveit_interface_msgs.egg-info/dependency_links.txt
[0.294s] writing top-level names to interbotix_moveit_interface_msgs.egg-info/top_level.txt
[0.296s] reading manifest file 'interbotix_moveit_interface_msgs.egg-info/SOURCES.txt'
[0.297s] writing manifest file 'interbotix_moveit_interface_msgs.egg-info/SOURCES.txt'
[0.317s] [100%] Built target ament_cmake_python_build_interbotix_moveit_interface_msgs_egg
[0.325s] Invoked command in '/home/locobot/LoCoBotRos/interbotix_ws/build/interbotix_moveit_interface_msgs' returned '0': CMAKE_PREFIX_PATH=${CMAKE_PREFIX_PATH}:/opt/ros/humble /usr/bin/cmake --build /home/locobot/LoCoBotRos/interbotix_ws/build/interbotix_moveit_interface_msgs -- -j16 -l16
[0.327s] Invoking command in '/home/locobot/LoCoBotRos/interbotix_ws/build/interbotix_moveit_interface_msgs': CMAKE_PREFIX_PATH=${CMAKE_PREFIX_PATH}:/opt/ros/humble /usr/bin/cmake --install /home/locobot/LoCoBotRos/interbotix_ws/build/interbotix_moveit_interface_msgs
[0.334s] -- Install configuration: "Release"
[0.334s] -- Up-to-date: /home/locobot/LoCoBotRos/interbotix_ws/install/interbotix_moveit_interface_msgs/share/ament_index/resource_index/rosidl_interfaces/interbotix_moveit_interface_msgs
[0.334s] -- Up-to-date: /home/locobot/LoCoBotRos/interbotix_ws/install/interbotix_moveit_interface_msgs/include/interbotix_moveit_interface_msgs/interbotix_moveit_interface_msgs
[0.334s] -- Up-to-date: /home/locobot/LoCoBotRos/interbotix_ws/install/interbotix_moveit_interface_msgs/include/interbotix_moveit_interface_msgs/interbotix_moveit_interface_msgs/msg
[0.334s] -- Up-to-date: /home/locobot/LoCoBotRos/interbotix_ws/install/interbotix_moveit_interface_msgs/include/interbotix_moveit_interface_msgs/interbotix_moveit_interface_msgs/msg/rosidl_generator_c__visibility_control.h
[0.334s] -- Up-to-date: /home/locobot/LoCoBotRos/interbotix_ws/install/interbotix_moveit_interface_msgs/include/interbotix_moveit_interface_msgs/interbotix_moveit_interface_msgs/srv
[0.334s] -- Up-to-date: /home/locobot/LoCoBotRos/interbotix_ws/install/interbotix_moveit_interface_msgs/include/interbotix_moveit_interface_msgs/interbotix_moveit_interface_msgs/srv/detail
[0.334s] -- Up-to-date: /home/locobot/LoCoBotRos/interbotix_ws/install/interbotix_moveit_interface_msgs/include/interbotix_moveit_interface_msgs/interbotix_moveit_interface_msgs/srv/detail/move_it_plan__type_support.h
[0.334s] -- Up-to-date: /home/locobot/LoCoBotRos/interbotix_ws/install/interbotix_moveit_interface_msgs/include/interbotix_moveit_interface_msgs/interbotix_moveit_interface_msgs/srv/detail/move_it_plan__functions.h
[0.335s] -- Up-to-date: /home/locobot/LoCoBotRos/interbotix_ws/install/interbotix_moveit_interface_msgs/include/interbotix_moveit_interface_msgs/interbotix_moveit_interface_msgs/srv/detail/move_it_plan__struct.h
[0.335s] -- Up-to-date: /home/locobot/LoCoBotRos/interbotix_ws/install/interbotix_moveit_interface_msgs/include/interbotix_moveit_interface_msgs/interbotix_moveit_interface_msgs/srv/detail/move_it_plan__functions.c
[0.335s] -- Up-to-date: /home/locobot/LoCoBotRos/interbotix_ws/install/interbotix_moveit_interface_msgs/include/interbotix_moveit_interface_msgs/interbotix_moveit_interface_msgs/srv/move_it_plan.h
[0.335s] -- Up-to-date: /home/locobot/LoCoBotRos/interbotix_ws/install/interbotix_moveit_interface_msgs/share/interbotix_moveit_interface_msgs/environment/library_path.sh
[0.335s] -- Up-to-date: /home/locobot/LoCoBotRos/interbotix_ws/install/interbotix_moveit_interface_msgs/share/interbotix_moveit_interface_msgs/environment/library_path.dsv
[0.335s] -- Up-to-date: /home/locobot/LoCoBotRos/interbotix_ws/install/interbotix_moveit_interface_msgs/lib/libinterbotix_moveit_interface_msgs__rosidl_generator_c.so
[0.335s] -- Up-to-date: /home/locobot/LoCoBotRos/interbotix_ws/install/interbotix_moveit_interface_msgs/include/interbotix_moveit_interface_msgs/interbotix_moveit_interface_msgs
[0.335s] -- Up-to-date: /home/locobot/LoCoBotRos/interbotix_ws/install/interbotix_moveit_interface_msgs/include/interbotix_moveit_interface_msgs/interbotix_moveit_interface_msgs/msg
[0.335s] -- Up-to-date: /home/locobot/LoCoBotRos/interbotix_ws/install/interbotix_moveit_interface_msgs/include/interbotix_moveit_interface_msgs/interbotix_moveit_interface_msgs/msg/rosidl_typesupport_fastrtps_c__visibility_control.h
[0.335s] -- Up-to-date: /home/locobot/LoCoBotRos/interbotix_ws/install/interbotix_moveit_interface_msgs/include/interbotix_moveit_interface_msgs/interbotix_moveit_interface_msgs/srv
[0.336s] -- Up-to-date: /home/locobot/LoCoBotRos/interbotix_ws/install/interbotix_moveit_interface_msgs/include/interbotix_moveit_interface_msgs/interbotix_moveit_interface_msgs/srv/detail
[0.336s] -- Up-to-date: /home/locobot/LoCoBotRos/interbotix_ws/install/interbotix_moveit_interface_msgs/include/interbotix_moveit_interface_msgs/interbotix_moveit_interface_msgs/srv/detail/move_it_plan__rosidl_typesupport_fastrtps_c.h
[0.336s] -- Up-to-date: /home/locobot/LoCoBotRos/interbotix_ws/install/interbotix_moveit_interface_msgs/lib/libinterbotix_moveit_interface_msgs__rosidl_typesupport_fastrtps_c.so
[0.336s] -- Up-to-date: /home/locobot/LoCoBotRos/interbotix_ws/install/interbotix_moveit_interface_msgs/include/interbotix_moveit_interface_msgs/interbotix_moveit_interface_msgs
[0.336s] -- Up-to-date: /home/locobot/LoCoBotRos/interbotix_ws/install/interbotix_moveit_interface_msgs/include/interbotix_moveit_interface_msgs/interbotix_moveit_interface_msgs/msg
[0.336s] -- Up-to-date: /home/locobot/LoCoBotRos/interbotix_ws/install/interbotix_moveit_interface_msgs/include/interbotix_moveit_interface_msgs/interbotix_moveit_interface_msgs/msg/rosidl_typesupport_introspection_c__visibility_control.h
[0.336s] -- Up-to-date: /home/locobot/LoCoBotRos/interbotix_ws/install/interbotix_moveit_interface_msgs/include/interbotix_moveit_interface_msgs/interbotix_moveit_interface_msgs/srv
[0.336s] -- Up-to-date: /home/locobot/LoCoBotRos/interbotix_ws/install/interbotix_moveit_interface_msgs/include/interbotix_moveit_interface_msgs/interbotix_moveit_interface_msgs/srv/detail
[0.337s] -- Up-to-date: /home/locobot/LoCoBotRos/interbotix_ws/install/interbotix_moveit_interface_msgs/include/interbotix_moveit_interface_msgs/interbotix_moveit_interface_msgs/srv/detail/move_it_plan__type_support.c
[0.337s] -- Up-to-date: /home/locobot/LoCoBotRos/interbotix_ws/install/interbotix_moveit_interface_msgs/include/interbotix_moveit_interface_msgs/interbotix_moveit_interface_msgs/srv/detail/move_it_plan__rosidl_typesupport_introspection_c.h
[0.337s] -- Up-to-date: /home/locobot/LoCoBotRos/interbotix_ws/install/interbotix_moveit_interface_msgs/lib/libinterbotix_moveit_interface_msgs__rosidl_typesupport_introspection_c.so
[0.337s] -- Up-to-date: /home/locobot/LoCoBotRos/interbotix_ws/install/interbotix_moveit_interface_msgs/lib/libinterbotix_moveit_interface_msgs__rosidl_typesupport_c.so
[0.337s] -- Up-to-date: /home/locobot/LoCoBotRos/interbotix_ws/install/interbotix_moveit_interface_msgs/include/interbotix_moveit_interface_msgs/interbotix_moveit_interface_msgs
[0.337s] -- Up-to-date: /home/locobot/LoCoBotRos/interbotix_ws/install/interbotix_moveit_interface_msgs/include/interbotix_moveit_interface_msgs/interbotix_moveit_interface_msgs/msg
[0.337s] -- Up-to-date: /home/locobot/LoCoBotRos/interbotix_ws/install/interbotix_moveit_interface_msgs/include/interbotix_moveit_interface_msgs/interbotix_moveit_interface_msgs/msg/rosidl_generator_cpp__visibility_control.hpp
[0.337s] -- Up-to-date: /home/locobot/LoCoBotRos/interbotix_ws/install/interbotix_moveit_interface_msgs/include/interbotix_moveit_interface_msgs/interbotix_moveit_interface_msgs/srv
[0.338s] -- Up-to-date: /home/locobot/LoCoBotRos/interbotix_ws/install/interbotix_moveit_interface_msgs/include/interbotix_moveit_interface_msgs/interbotix_moveit_interface_msgs/srv/detail
[0.338s] -- Up-to-date: /home/locobot/LoCoBotRos/interbotix_ws/install/interbotix_moveit_interface_msgs/include/interbotix_moveit_interface_msgs/interbotix_moveit_interface_msgs/srv/detail/move_it_plan__struct.hpp
[0.338s] -- Up-to-date: /home/locobot/LoCoBotRos/interbotix_ws/install/interbotix_moveit_interface_msgs/include/interbotix_moveit_interface_msgs/interbotix_moveit_interface_msgs/srv/detail/move_it_plan__traits.hpp
[0.338s] -- Up-to-date: /home/locobot/LoCoBotRos/interbotix_ws/install/interbotix_moveit_interface_msgs/include/interbotix_moveit_interface_msgs/interbotix_moveit_interface_msgs/srv/detail/move_it_plan__type_support.hpp
[0.338s] -- Up-to-date: /home/locobot/LoCoBotRos/interbotix_ws/install/interbotix_moveit_interface_msgs/include/interbotix_moveit_interface_msgs/interbotix_moveit_interface_msgs/srv/detail/move_it_plan__builder.hpp
[0.338s] -- Up-to-date: /home/locobot/LoCoBotRos/interbotix_ws/install/interbotix_moveit_interface_msgs/include/interbotix_moveit_interface_msgs/interbotix_moveit_interface_msgs/srv/move_it_plan.hpp
[0.338s] -- Up-to-date: /home/locobot/LoCoBotRos/interbotix_ws/install/interbotix_moveit_interface_msgs/include/interbotix_moveit_interface_msgs/interbotix_moveit_interface_msgs
[0.338s] -- Up-to-date: /home/locobot/LoCoBotRos/interbotix_ws/install/interbotix_moveit_interface_msgs/include/interbotix_moveit_interface_msgs/interbotix_moveit_interface_msgs/msg
[0.339s] -- Up-to-date: /home/locobot/LoCoBotRos/interbotix_ws/install/interbotix_moveit_interface_msgs/include/interbotix_moveit_interface_msgs/interbotix_moveit_interface_msgs/msg/rosidl_typesupport_fastrtps_cpp__visibility_control.h
[0.339s] -- Up-to-date: /home/locobot/LoCoBotRos/interbotix_ws/install/interbotix_moveit_interface_msgs/include/interbotix_moveit_interface_msgs/interbotix_moveit_interface_msgs/srv
[0.339s] -- Up-to-date: /home/locobot/LoCoBotRos/interbotix_ws/install/interbotix_moveit_interface_msgs/include/interbotix_moveit_interface_msgs/interbotix_moveit_interface_msgs/srv/detail
[0.339s] -- Up-to-date: /home/locobot/LoCoBotRos/interbotix_ws/install/interbotix_moveit_interface_msgs/include/interbotix_moveit_interface_msgs/interbotix_moveit_interface_msgs/srv/detail/dds_fastrtps
[0.339s] -- Up-to-date: /home/locobot/LoCoBotRos/interbotix_ws/install/interbotix_moveit_interface_msgs/include/interbotix_moveit_interface_msgs/interbotix_moveit_interface_msgs/srv/detail/move_it_plan__rosidl_typesupport_fastrtps_cpp.hpp
[0.339s] -- Up-to-date: /home/locobot/LoCoBotRos/interbotix_ws/install/interbotix_moveit_interface_msgs/lib/libinterbotix_moveit_interface_msgs__rosidl_typesupport_fastrtps_cpp.so
[0.339s] -- Up-to-date: /home/locobot/LoCoBotRos/interbotix_ws/install/interbotix_moveit_interface_msgs/include/interbotix_moveit_interface_msgs/interbotix_moveit_interface_msgs
[0.339s] -- Up-to-date: /home/locobot/LoCoBotRos/interbotix_ws/install/interbotix_moveit_interface_msgs/include/interbotix_moveit_interface_msgs/interbotix_moveit_interface_msgs/srv
[0.339s] -- Up-to-date: /home/locobot/LoCoBotRos/interbotix_ws/install/interbotix_moveit_interface_msgs/include/interbotix_moveit_interface_msgs/interbotix_moveit_interface_msgs/srv/detail
[0.340s] -- Up-to-date: /home/locobot/LoCoBotRos/interbotix_ws/install/interbotix_moveit_interface_msgs/include/interbotix_moveit_interface_msgs/interbotix_moveit_interface_msgs/srv/detail/move_it_plan__type_support.cpp
[0.340s] -- Up-to-date: /home/locobot/LoCoBotRos/interbotix_ws/install/interbotix_moveit_interface_msgs/include/interbotix_moveit_interface_msgs/interbotix_moveit_interface_msgs/srv/detail/move_it_plan__rosidl_typesupport_introspection_cpp.hpp
[0.340s] -- Up-to-date: /home/locobot/LoCoBotRos/interbotix_ws/install/interbotix_moveit_interface_msgs/lib/libinterbotix_moveit_interface_msgs__rosidl_typesupport_introspection_cpp.so
[0.340s] -- Up-to-date: /home/locobot/LoCoBotRos/interbotix_ws/install/interbotix_moveit_interface_msgs/lib/libinterbotix_moveit_interface_msgs__rosidl_typesupport_cpp.so
[0.340s] -- Up-to-date: /home/locobot/LoCoBotRos/interbotix_ws/install/interbotix_moveit_interface_msgs/share/interbotix_moveit_interface_msgs/environment/pythonpath.sh
[0.340s] -- Up-to-date: /home/locobot/LoCoBotRos/interbotix_ws/install/interbotix_moveit_interface_msgs/share/interbotix_moveit_interface_msgs/environment/pythonpath.dsv
[0.340s] -- Up-to-date: /home/locobot/LoCoBotRos/interbotix_ws/install/interbotix_moveit_interface_msgs/local/lib/python3.10/dist-packages/interbotix_moveit_interface_msgs-0.0.0-py3.10.egg-info
[0.340s] -- Installing: /home/locobot/LoCoBotRos/interbotix_ws/install/interbotix_moveit_interface_msgs/local/lib/python3.10/dist-packages/interbotix_moveit_interface_msgs-0.0.0-py3.10.egg-info/dependency_links.txt
[0.340s] -- Installing: /home/locobot/LoCoBotRos/interbotix_ws/install/interbotix_moveit_interface_msgs/local/lib/python3.10/dist-packages/interbotix_moveit_interface_msgs-0.0.0-py3.10.egg-info/PKG-INFO
[0.340s] -- Installing: /home/locobot/LoCoBotRos/interbotix_ws/install/interbotix_moveit_interface_msgs/local/lib/python3.10/dist-packages/interbotix_moveit_interface_msgs-0.0.0-py3.10.egg-info/SOURCES.txt
[0.340s] -- Installing: /home/locobot/LoCoBotRos/interbotix_ws/install/interbotix_moveit_interface_msgs/local/lib/python3.10/dist-packages/interbotix_moveit_interface_msgs-0.0.0-py3.10.egg-info/top_level.txt
[0.341s] -- Up-to-date: /home/locobot/LoCoBotRos/interbotix_ws/install/interbotix_moveit_interface_msgs/local/lib/python3.10/dist-packages/interbotix_moveit_interface_msgs
[0.341s] -- Up-to-date: /home/locobot/LoCoBotRos/interbotix_ws/install/interbotix_moveit_interface_msgs/local/lib/python3.10/dist-packages/interbotix_moveit_interface_msgs/interbotix_moveit_interface_msgs_s__rosidl_typesupport_fastrtps_c.cpython-310-x86_64-linux-gnu.so
[0.341s] -- Up-to-date: /home/locobot/LoCoBotRos/interbotix_ws/install/interbotix_moveit_interface_msgs/local/lib/python3.10/dist-packages/interbotix_moveit_interface_msgs/interbotix_moveit_interface_msgs_s__rosidl_typesupport_introspection_c.cpython-310-x86_64-linux-gnu.so
[0.341s] -- Up-to-date: /home/locobot/LoCoBotRos/interbotix_ws/install/interbotix_moveit_interface_msgs/local/lib/python3.10/dist-packages/interbotix_moveit_interface_msgs/interbotix_moveit_interface_msgs_s__rosidl_typesupport_c.cpython-310-x86_64-linux-gnu.so
[0.341s] -- Up-to-date: /home/locobot/LoCoBotRos/interbotix_ws/install/interbotix_moveit_interface_msgs/local/lib/python3.10/dist-packages/interbotix_moveit_interface_msgs/__init__.py
[0.341s] -- Up-to-date: /home/locobot/LoCoBotRos/interbotix_ws/install/interbotix_moveit_interface_msgs/local/lib/python3.10/dist-packages/interbotix_moveit_interface_msgs/_interbotix_moveit_interface_msgs_s.ep.rosidl_typesupport_introspection_c.c
[0.341s] -- Up-to-date: /home/locobot/LoCoBotRos/interbotix_ws/install/interbotix_moveit_interface_msgs/local/lib/python3.10/dist-packages/interbotix_moveit_interface_msgs/libinterbotix_moveit_interface_msgs__rosidl_generator_py.so
[0.341s] -- Up-to-date: /home/locobot/LoCoBotRos/interbotix_ws/install/interbotix_moveit_interface_msgs/local/lib/python3.10/dist-packages/interbotix_moveit_interface_msgs/srv
[0.341s] -- Up-to-date: /home/locobot/LoCoBotRos/interbotix_ws/install/interbotix_moveit_interface_msgs/local/lib/python3.10/dist-packages/interbotix_moveit_interface_msgs/srv/__init__.py
[0.341s] -- Up-to-date: /home/locobot/LoCoBotRos/interbotix_ws/install/interbotix_moveit_interface_msgs/local/lib/python3.10/dist-packages/interbotix_moveit_interface_msgs/srv/_move_it_plan.py
[0.341s] -- Up-to-date: /home/locobot/LoCoBotRos/interbotix_ws/install/interbotix_moveit_interface_msgs/local/lib/python3.10/dist-packages/interbotix_moveit_interface_msgs/srv/_move_it_plan_s.c
[0.341s] -- Up-to-date: /home/locobot/LoCoBotRos/interbotix_ws/install/interbotix_moveit_interface_msgs/local/lib/python3.10/dist-packages/interbotix_moveit_interface_msgs/_interbotix_moveit_interface_msgs_s.ep.rosidl_typesupport_fastrtps_c.c
[0.342s] -- Up-to-date: /home/locobot/LoCoBotRos/interbotix_ws/install/interbotix_moveit_interface_msgs/local/lib/python3.10/dist-packages/interbotix_moveit_interface_msgs/_interbotix_moveit_interface_msgs_s.ep.rosidl_typesupport_c.c
[0.374s] Listing '/home/locobot/LoCoBotRos/interbotix_ws/install/interbotix_moveit_interface_msgs/local/lib/python3.10/dist-packages/interbotix_moveit_interface_msgs'...
[0.374s] Listing '/home/locobot/LoCoBotRos/interbotix_ws/install/interbotix_moveit_interface_msgs/local/lib/python3.10/dist-packages/interbotix_moveit_interface_msgs/srv'...
[0.379s] -- Up-to-date: /home/locobot/LoCoBotRos/interbotix_ws/install/interbotix_moveit_interface_msgs/local/lib/python3.10/dist-packages/interbotix_moveit_interface_msgs/interbotix_moveit_interface_msgs_s__rosidl_typesupport_fastrtps_c.cpython-310-x86_64-linux-gnu.so
[0.379s] -- Up-to-date: /home/locobot/LoCoBotRos/interbotix_ws/install/interbotix_moveit_interface_msgs/local/lib/python3.10/dist-packages/interbotix_moveit_interface_msgs/interbotix_moveit_interface_msgs_s__rosidl_typesupport_introspection_c.cpython-310-x86_64-linux-gnu.so
[0.380s] -- Up-to-date: /home/locobot/LoCoBotRos/interbotix_ws/install/interbotix_moveit_interface_msgs/local/lib/python3.10/dist-packages/interbotix_moveit_interface_msgs/interbotix_moveit_interface_msgs_s__rosidl_typesupport_c.cpython-310-x86_64-linux-gnu.so
[0.380s] -- Up-to-date: /home/locobot/LoCoBotRos/interbotix_ws/install/interbotix_moveit_interface_msgs/lib/libinterbotix_moveit_interface_msgs__rosidl_generator_py.so
[0.380s] -- Up-to-date: /home/locobot/LoCoBotRos/interbotix_ws/install/interbotix_moveit_interface_msgs/share/interbotix_moveit_interface_msgs/srv/MoveItPlan.idl
[0.381s] -- Up-to-date: /home/locobot/LoCoBotRos/interbotix_ws/install/interbotix_moveit_interface_msgs/share/interbotix_moveit_interface_msgs/srv/MoveItPlan.srv
[0.381s] -- Up-to-date: /home/locobot/LoCoBotRos/interbotix_ws/install/interbotix_moveit_interface_msgs/share/interbotix_moveit_interface_msgs/srv/MoveItPlan_Request.msg
[0.381s] -- Up-to-date: /home/locobot/LoCoBotRos/interbotix_ws/install/interbotix_moveit_interface_msgs/share/interbotix_moveit_interface_msgs/srv/MoveItPlan_Response.msg
[0.381s] -- Up-to-date: /home/locobot/LoCoBotRos/interbotix_ws/install/interbotix_moveit_interface_msgs/share/ament_index/resource_index/package_run_dependencies/interbotix_moveit_interface_msgs
[0.381s] -- Up-to-date: /home/locobot/LoCoBotRos/interbotix_ws/install/interbotix_moveit_interface_msgs/share/ament_index/resource_index/parent_prefix_path/interbotix_moveit_interface_msgs
[0.381s] -- Up-to-date: /home/locobot/LoCoBotRos/interbotix_ws/install/interbotix_moveit_interface_msgs/share/interbotix_moveit_interface_msgs/environment/ament_prefix_path.sh
[0.381s] -- Up-to-date: /home/locobot/LoCoBotRos/interbotix_ws/install/interbotix_moveit_interface_msgs/share/interbotix_moveit_interface_msgs/environment/ament_prefix_path.dsv
[0.381s] -- Up-to-date: /home/locobot/LoCoBotRos/interbotix_ws/install/interbotix_moveit_interface_msgs/share/interbotix_moveit_interface_msgs/environment/path.sh
[0.382s] -- Up-to-date: /home/locobot/LoCoBotRos/interbotix_ws/install/interbotix_moveit_interface_msgs/share/interbotix_moveit_interface_msgs/environment/path.dsv
[0.382s] -- Up-to-date: /home/locobot/LoCoBotRos/interbotix_ws/install/interbotix_moveit_interface_msgs/share/interbotix_moveit_interface_msgs/local_setup.bash
[0.382s] -- Up-to-date: /home/locobot/LoCoBotRos/interbotix_ws/install/interbotix_moveit_interface_msgs/share/interbotix_moveit_interface_msgs/local_setup.sh
[0.382s] -- Up-to-date: /home/locobot/LoCoBotRos/interbotix_ws/install/interbotix_moveit_interface_msgs/share/interbotix_moveit_interface_msgs/local_setup.zsh
[0.382s] -- Up-to-date: /home/locobot/LoCoBotRos/interbotix_ws/install/interbotix_moveit_interface_msgs/share/interbotix_moveit_interface_msgs/local_setup.dsv
[0.382s] -- Installing: /home/locobot/LoCoBotRos/interbotix_ws/install/interbotix_moveit_interface_msgs/share/interbotix_moveit_interface_msgs/package.dsv
[0.382s] -- Up-to-date: /home/locobot/LoCoBotRos/interbotix_ws/install/interbotix_moveit_interface_msgs/share/ament_index/resource_index/packages/interbotix_moveit_interface_msgs
[0.382s] -- Up-to-date: /home/locobot/LoCoBotRos/interbotix_ws/install/interbotix_moveit_interface_msgs/share/interbotix_moveit_interface_msgs/cmake/export_interbotix_moveit_interface_msgs__rosidl_generator_cExport.cmake
[0.382s] -- Up-to-date: /home/locobot/LoCoBotRos/interbotix_ws/install/interbotix_moveit_interface_msgs/share/interbotix_moveit_interface_msgs/cmake/export_interbotix_moveit_interface_msgs__rosidl_generator_cExport-release.cmake
[0.382s] -- Up-to-date: /home/locobot/LoCoBotRos/interbotix_ws/install/interbotix_moveit_interface_msgs/share/interbotix_moveit_interface_msgs/cmake/export_interbotix_moveit_interface_msgs__rosidl_typesupport_fastrtps_cExport.cmake
[0.383s] -- Up-to-date: /home/locobot/LoCoBotRos/interbotix_ws/install/interbotix_moveit_interface_msgs/share/interbotix_moveit_interface_msgs/cmake/export_interbotix_moveit_interface_msgs__rosidl_typesupport_fastrtps_cExport-release.cmake
[0.383s] -- Up-to-date: /home/locobot/LoCoBotRos/interbotix_ws/install/interbotix_moveit_interface_msgs/share/interbotix_moveit_interface_msgs/cmake/interbotix_moveit_interface_msgs__rosidl_typesupport_introspection_cExport.cmake
[0.383s] -- Up-to-date: /home/locobot/LoCoBotRos/interbotix_ws/install/interbotix_moveit_interface_msgs/share/interbotix_moveit_interface_msgs/cmake/interbotix_moveit_interface_msgs__rosidl_typesupport_introspection_cExport-release.cmake
[0.383s] -- Up-to-date: /home/locobot/LoCoBotRos/interbotix_ws/install/interbotix_moveit_interface_msgs/share/interbotix_moveit_interface_msgs/cmake/interbotix_moveit_interface_msgs__rosidl_typesupport_cExport.cmake
[0.383s] -- Up-to-date: /home/locobot/LoCoBotRos/interbotix_ws/install/interbotix_moveit_interface_msgs/share/interbotix_moveit_interface_msgs/cmake/interbotix_moveit_interface_msgs__rosidl_typesupport_cExport-release.cmake
[0.383s] -- Up-to-date: /home/locobot/LoCoBotRos/interbotix_ws/install/interbotix_moveit_interface_msgs/share/interbotix_moveit_interface_msgs/cmake/export_interbotix_moveit_interface_msgs__rosidl_generator_cppExport.cmake
[0.384s] -- Up-to-date: /home/locobot/LoCoBotRos/interbotix_ws/install/interbotix_moveit_interface_msgs/share/interbotix_moveit_interface_msgs/cmake/export_interbotix_moveit_interface_msgs__rosidl_typesupport_fastrtps_cppExport.cmake
[0.384s] -- Up-to-date: /home/locobot/LoCoBotRos/interbotix_ws/install/interbotix_moveit_interface_msgs/share/interbotix_moveit_interface_msgs/cmake/export_interbotix_moveit_interface_msgs__rosidl_typesupport_fastrtps_cppExport-release.cmake
[0.384s] -- Up-to-date: /home/locobot/LoCoBotRos/interbotix_ws/install/interbotix_moveit_interface_msgs/share/interbotix_moveit_interface_msgs/cmake/interbotix_moveit_interface_msgs__rosidl_typesupport_introspection_cppExport.cmake
[0.384s] -- Up-to-date: /home/locobot/LoCoBotRos/interbotix_ws/install/interbotix_moveit_interface_msgs/share/interbotix_moveit_interface_msgs/cmake/interbotix_moveit_interface_msgs__rosidl_typesupport_introspection_cppExport-release.cmake
[0.384s] -- Up-to-date: /home/locobot/LoCoBotRos/interbotix_ws/install/interbotix_moveit_interface_msgs/share/interbotix_moveit_interface_msgs/cmake/interbotix_moveit_interface_msgs__rosidl_typesupport_cppExport.cmake
[0.385s] -- Up-to-date: /home/locobot/LoCoBotRos/interbotix_ws/install/interbotix_moveit_interface_msgs/share/interbotix_moveit_interface_msgs/cmake/interbotix_moveit_interface_msgs__rosidl_typesupport_cppExport-release.cmake
[0.385s] -- Up-to-date: /home/locobot/LoCoBotRos/interbotix_ws/install/interbotix_moveit_interface_msgs/share/interbotix_moveit_interface_msgs/cmake/export_interbotix_moveit_interface_msgs__rosidl_generator_pyExport.cmake
[0.385s] -- Up-to-date: /home/locobot/LoCoBotRos/interbotix_ws/install/interbotix_moveit_interface_msgs/share/interbotix_moveit_interface_msgs/cmake/export_interbotix_moveit_interface_msgs__rosidl_generator_pyExport-release.cmake
[0.385s] -- Up-to-date: /home/locobot/LoCoBotRos/interbotix_ws/install/interbotix_moveit_interface_msgs/share/interbotix_moveit_interface_msgs/cmake/rosidl_cmake-extras.cmake
[0.385s] -- Up-to-date: /home/locobot/LoCoBotRos/interbotix_ws/install/interbotix_moveit_interface_msgs/share/interbotix_moveit_interface_msgs/cmake/ament_cmake_export_dependencies-extras.cmake
[0.385s] -- Up-to-date: /home/locobot/LoCoBotRos/interbotix_ws/install/interbotix_moveit_interface_msgs/share/interbotix_moveit_interface_msgs/cmake/ament_cmake_export_include_directories-extras.cmake
[0.385s] -- Up-to-date: /home/locobot/LoCoBotRos/interbotix_ws/install/interbotix_moveit_interface_msgs/share/interbotix_moveit_interface_msgs/cmake/ament_cmake_export_libraries-extras.cmake
[0.385s] -- Up-to-date: /home/locobot/LoCoBotRos/interbotix_ws/install/interbotix_moveit_interface_msgs/share/interbotix_moveit_interface_msgs/cmake/ament_cmake_export_targets-extras.cmake
[0.386s] -- Up-to-date: /home/locobot/LoCoBotRos/interbotix_ws/install/interbotix_moveit_interface_msgs/share/interbotix_moveit_interface_msgs/cmake/rosidl_cmake_export_typesupport_targets-extras.cmake
[0.386s] -- Up-to-date: /home/locobot/LoCoBotRos/interbotix_ws/install/interbotix_moveit_interface_msgs/share/interbotix_moveit_interface_msgs/cmake/rosidl_cmake_export_typesupport_libraries-extras.cmake
[0.386s] -- Up-to-date: /home/locobot/LoCoBotRos/interbotix_ws/install/interbotix_moveit_interface_msgs/share/interbotix_moveit_interface_msgs/cmake/interbotix_moveit_interface_msgsConfig.cmake
[0.386s] -- Up-to-date: /home/locobot/LoCoBotRos/interbotix_ws/install/interbotix_moveit_interface_msgs/share/interbotix_moveit_interface_msgs/cmake/interbotix_moveit_interface_msgsConfig-version.cmake
[0.386s] -- Up-to-date: /home/locobot/LoCoBotRos/interbotix_ws/install/interbotix_moveit_interface_msgs/share/interbotix_moveit_interface_msgs/package.xml
[0.388s] Invoked command in '/home/locobot/LoCoBotRos/interbotix_ws/build/interbotix_moveit_interface_msgs' returned '0': CMAKE_PREFIX_PATH=${CMAKE_PREFIX_PATH}:/opt/ros/humble /usr/bin/cmake --install /home/locobot/LoCoBotRos/interbotix_ws/build/interbotix_moveit_interface_msgs
