[0.485s] Invoking command in '/home/locobot/LoCoBotRos/interbotix_ws/src/moveit2/moveit_configs_utils': AMENT_PREFIX_PATH=/home/locobot/LoCoBotRos/interbotix_ws/install/srdfdom:/home/locobot/LoCoBotRos/interbotix_ws/install/launch_param_builder:${AMENT_PREFIX_PATH} CMAKE_PREFIX_PATH=/home/locobot/LoCoBotRos/interbotix_ws/install/srdfdom:${CMAKE_PREFIX_PATH} LD_LIBRARY_PATH=/home/locobot/LoCoBotRos/interbotix_ws/install/srdfdom/lib:${LD_LIBRARY_PATH} PYTHONPATH=/home/locobot/LoCoBotRos/interbotix_ws/build/moveit_configs_utils/prefix_override:/usr/lib/python3/dist-packages/colcon_core/task/python/colcon_distutils_commands:/home/locobot/LoCoBotRos/interbotix_ws/install/moveit_configs_utils/lib/python3.10/site-packages:/home/locobot/LoCoBotRos/interbotix_ws/install/srdfdom/local/lib/python3.10/dist-packages:/home/locobot/LoCoBotRos/interbotix_ws/install/launch_param_builder/lib/python3.10/site-packages:${PYTHONPATH} /usr/bin/python3 -W ignore:setup.py install is deprecated -W ignore:easy_install command is deprecated setup.py egg_info --egg-base ../../../build/moveit_configs_utils build --build-base /home/locobot/LoCoBotRos/interbotix_ws/build/moveit_configs_utils/build install --record /home/locobot/LoCoBotRos/interbotix_ws/build/moveit_configs_utils/install.log --single-version-externally-managed install_data
[0.668s] running egg_info
[0.668s] writing ../../../build/moveit_configs_utils/moveit_configs_utils.egg-info/PKG-INFO
[0.669s] writing dependency_links to ../../../build/moveit_configs_utils/moveit_configs_utils.egg-info/dependency_links.txt
[0.669s] writing entry points to ../../../build/moveit_configs_utils/moveit_configs_utils.egg-info/entry_points.txt
[0.669s] writing requirements to ../../../build/moveit_configs_utils/moveit_configs_utils.egg-info/requires.txt
[0.669s] writing top-level names to ../../../build/moveit_configs_utils/moveit_configs_utils.egg-info/top_level.txt
[0.670s] reading manifest file '../../../build/moveit_configs_utils/moveit_configs_utils.egg-info/SOURCES.txt'
[0.672s] writing manifest file '../../../build/moveit_configs_utils/moveit_configs_utils.egg-info/SOURCES.txt'
[0.672s] running build
[0.672s] running build_py
[0.673s] running install
[0.673s] running install_lib
[0.674s] running install_data
[0.675s] running install_egg_info
[0.676s] removing '/home/locobot/LoCoBotRos/interbotix_ws/install/moveit_configs_utils/lib/python3.10/site-packages/moveit_configs_utils-2.5.9-py3.10.egg-info' (and everything under it)
[0.676s] Copying ../../../build/moveit_configs_utils/moveit_configs_utils.egg-info to /home/locobot/LoCoBotRos/interbotix_ws/install/moveit_configs_utils/lib/python3.10/site-packages/moveit_configs_utils-2.5.9-py3.10.egg-info
[0.677s] running install_scripts
[0.691s] writing list of installed files to '/home/locobot/LoCoBotRos/interbotix_ws/build/moveit_configs_utils/install.log'
[0.706s] Invoked command in '/home/locobot/LoCoBotRos/interbotix_ws/src/moveit2/moveit_configs_utils' returned '0': AMENT_PREFIX_PATH=/home/locobot/LoCoBotRos/interbotix_ws/install/srdfdom:/home/locobot/LoCoBotRos/interbotix_ws/install/launch_param_builder:${AMENT_PREFIX_PATH} CMAKE_PREFIX_PATH=/home/locobot/LoCoBotRos/interbotix_ws/install/srdfdom:${CMAKE_PREFIX_PATH} LD_LIBRARY_PATH=/home/locobot/LoCoBotRos/interbotix_ws/install/srdfdom/lib:${LD_LIBRARY_PATH} PYTHONPATH=/home/locobot/LoCoBotRos/interbotix_ws/build/moveit_configs_utils/prefix_override:/usr/lib/python3/dist-packages/colcon_core/task/python/colcon_distutils_commands:/home/locobot/LoCoBotRos/interbotix_ws/install/moveit_configs_utils/lib/python3.10/site-packages:/home/locobot/LoCoBotRos/interbotix_ws/install/srdfdom/local/lib/python3.10/dist-packages:/home/locobot/LoCoBotRos/interbotix_ws/install/launch_param_builder/lib/python3.10/site-packages:${PYTHONPATH} /usr/bin/python3 -W ignore:setup.py install is deprecated -W ignore:easy_install command is deprecated setup.py egg_info --egg-base ../../../build/moveit_configs_utils build --build-base /home/locobot/LoCoBotRos/interbotix_ws/build/moveit_configs_utils/build install --record /home/locobot/LoCoBotRos/interbotix_ws/build/moveit_configs_utils/install.log --single-version-externally-managed install_data
