[0.406s] Invoking command in '/home/locobot/LoCoBotRos/interbotix_ws/build/ecl_mpl': CMAKE_PREFIX_PATH=${CMAKE_PREFIX_PATH}:/home/locobot/LoCoBotRos/interbotix_ws/install/moveit_configs_utils:/home/locobot/LoCoBotRos/interbotix_ws/install/launch_param_builder:/home/locobot/LoCoBotRos/interbotix_ws/install/interbotix_xs_modules:/home/locobot/LoCoBotRos/interbotix_ws/install/interbotix_common_modules:/opt/ros/humble /usr/bin/cmake --build /home/locobot/LoCoBotRos/interbotix_ws/build/ecl_mpl -- -j16 -l16
[0.501s] [ 33%] Built target gtest_main
[0.511s] [ 66%] Built target gtest
[0.566s] [100%] Built target test_enable_if
[0.918s] Invoked command in '/home/locobot/LoCoBotRos/interbotix_ws/build/ecl_mpl' returned '0': CMAKE_PREFIX_PATH=${CMAKE_PREFIX_PATH}:/home/locobot/LoCoBotRos/interbotix_ws/install/moveit_configs_utils:/home/locobot/LoCoBotRos/interbotix_ws/install/launch_param_builder:/home/locobot/LoCoBotRos/interbotix_ws/install/interbotix_xs_modules:/home/locobot/LoCoBotRos/interbotix_ws/install/interbotix_common_modules:/opt/ros/humble /usr/bin/cmake --build /home/locobot/LoCoBotRos/interbotix_ws/build/ecl_mpl -- -j16 -l16
[0.918s] Invoking command in '/home/locobot/LoCoBotRos/interbotix_ws/build/ecl_mpl': CMAKE_PREFIX_PATH=${CMAKE_PREFIX_PATH}:/home/locobot/LoCoBotRos/interbotix_ws/install/moveit_configs_utils:/home/locobot/LoCoBotRos/interbotix_ws/install/launch_param_builder:/home/locobot/LoCoBotRos/interbotix_ws/install/interbotix_xs_modules:/home/locobot/LoCoBotRos/interbotix_ws/install/interbotix_common_modules:/opt/ros/humble /usr/bin/cmake --install /home/locobot/LoCoBotRos/interbotix_ws/build/ecl_mpl
[0.942s] -- Install configuration: "Release"
[0.942s] -- Up-to-date: /home/locobot/LoCoBotRos/interbotix_ws/install/ecl_mpl/share/ament_index/resource_index/package_run_dependencies/ecl_mpl
[0.942s] -- Up-to-date: /home/locobot/LoCoBotRos/interbotix_ws/install/ecl_mpl/share/ament_index/resource_index/parent_prefix_path/ecl_mpl
[0.942s] -- Up-to-date: /home/locobot/LoCoBotRos/interbotix_ws/install/ecl_mpl/share/ecl_mpl/environment/ament_prefix_path.sh
[0.942s] -- Up-to-date: /home/locobot/LoCoBotRos/interbotix_ws/install/ecl_mpl/share/ecl_mpl/environment/ament_prefix_path.dsv
[0.942s] -- Up-to-date: /home/locobot/LoCoBotRos/interbotix_ws/install/ecl_mpl/share/ecl_mpl/environment/path.sh
[0.942s] -- Up-to-date: /home/locobot/LoCoBotRos/interbotix_ws/install/ecl_mpl/share/ecl_mpl/environment/path.dsv
[0.942s] -- Up-to-date: /home/locobot/LoCoBotRos/interbotix_ws/install/ecl_mpl/share/ecl_mpl/local_setup.bash
[0.943s] -- Up-to-date: /home/locobot/LoCoBotRos/interbotix_ws/install/ecl_mpl/share/ecl_mpl/local_setup.sh
[0.943s] -- Up-to-date: /home/locobot/LoCoBotRos/interbotix_ws/install/ecl_mpl/share/ecl_mpl/local_setup.zsh
[0.943s] -- Up-to-date: /home/locobot/LoCoBotRos/interbotix_ws/install/ecl_mpl/share/ecl_mpl/local_setup.dsv
[0.943s] -- Installing: /home/locobot/LoCoBotRos/interbotix_ws/install/ecl_mpl/share/ecl_mpl/package.dsv
[0.943s] -- Up-to-date: /home/locobot/LoCoBotRos/interbotix_ws/install/ecl_mpl/share/ament_index/resource_index/packages/ecl_mpl
[0.944s] -- Up-to-date: /home/locobot/LoCoBotRos/interbotix_ws/install/ecl_mpl/share/ecl_mpl/cmake/ecl_mplExport.cmake
[0.944s] -- Up-to-date: /home/locobot/LoCoBotRos/interbotix_ws/install/ecl_mpl/share/ecl_mpl/cmake/ament_cmake_export_targets-extras.cmake
[0.944s] -- Up-to-date: /home/locobot/LoCoBotRos/interbotix_ws/install/ecl_mpl/share/ecl_mpl/cmake/ament_cmake_export_include_directories-extras.cmake
[0.944s] -- Up-to-date: /home/locobot/LoCoBotRos/interbotix_ws/install/ecl_mpl/share/ecl_mpl/cmake/ecl_mplConfig.cmake
[0.944s] -- Up-to-date: /home/locobot/LoCoBotRos/interbotix_ws/install/ecl_mpl/share/ecl_mpl/cmake/ecl_mplConfig-version.cmake
[0.944s] -- Up-to-date: /home/locobot/LoCoBotRos/interbotix_ws/install/ecl_mpl/share/ecl_mpl/package.xml
[0.944s] -- Up-to-date: /home/locobot/LoCoBotRos/interbotix_ws/install/ecl_mpl/include/ecl/mpl.hpp
[0.944s] -- Up-to-date: /home/locobot/LoCoBotRos/interbotix_ws/install/ecl_mpl/include/ecl/mpl/bool.hpp
[0.944s] -- Up-to-date: /home/locobot/LoCoBotRos/interbotix_ws/install/ecl_mpl/include/ecl/mpl/converters.hpp
[0.945s] -- Up-to-date: /home/locobot/LoCoBotRos/interbotix_ws/install/ecl_mpl/include/ecl/mpl/enable_if.hpp
[0.947s] -- Up-to-date: /home/locobot/LoCoBotRos/interbotix_ws/install/ecl_mpl/include/ecl/mpl/failed_object.hpp
[0.947s] -- Up-to-date: /home/locobot/LoCoBotRos/interbotix_ws/install/ecl_mpl/include/ecl/mpl/if.hpp
[1.162s] Invoked command in '/home/locobot/LoCoBotRos/interbotix_ws/build/ecl_mpl' returned '0': CMAKE_PREFIX_PATH=${CMAKE_PREFIX_PATH}:/home/locobot/LoCoBotRos/interbotix_ws/install/moveit_configs_utils:/home/locobot/LoCoBotRos/interbotix_ws/install/launch_param_builder:/home/locobot/LoCoBotRos/interbotix_ws/install/interbotix_xs_modules:/home/locobot/LoCoBotRos/interbotix_ws/install/interbotix_common_modules:/opt/ros/humble /usr/bin/cmake --install /home/locobot/LoCoBotRos/interbotix_ws/build/ecl_mpl
