[0.022s] Invoking command in '/home/locobot/LoCoBotRos/interbotix_ws/build/ecl_containers': AMENT_PREFIX_PATH=/home/locobot/LoCoBotRos/interbotix_ws/install/ecl_formatters:/home/locobot/LoCoBotRos/interbotix_ws/install/ecl_utilities:/home/locobot/LoCoBotRos/interbotix_ws/install/ecl_converters:/home/locobot/LoCoBotRos/interbotix_ws/install/ecl_exceptions:/home/locobot/LoCoBotRos/interbotix_ws/install/ecl_concepts:/home/locobot/LoCoBotRos/interbotix_ws/install/ecl_type_traits:/home/locobot/LoCoBotRos/interbotix_ws/install/ecl_errors:/home/locobot/LoCoBotRos/interbotix_ws/install/ecl_mpl:/home/locobot/LoCoBotRos/interbotix_ws/install/ecl_config:${AMENT_PREFIX_PATH} CMAKE_PREFIX_PATH=/home/locobot/LoCoBotRos/interbotix_ws/install/ecl_formatters:/home/locobot/LoCoBotRos/interbotix_ws/install/ecl_utilities:/home/locobot/LoCoBotRos/interbotix_ws/install/ecl_converters:/home/locobot/LoCoBotRos/interbotix_ws/install/ecl_exceptions:/home/locobot/LoCoBotRos/interbotix_ws/install/ecl_concepts:/home/locobot/LoCoBotRos/interbotix_ws/install/ecl_type_traits:/home/locobot/LoCoBotRos/interbotix_ws/install/ecl_errors:/home/locobot/LoCoBotRos/interbotix_ws/install/ecl_mpl:/home/locobot/LoCoBotRos/interbotix_ws/install/ecl_config:/home/locobot/apriltag_ws/install/apriltag_ros:/opt/ros/humble LD_LIBRARY_PATH=/home/locobot/LoCoBotRos/interbotix_ws/install/ecl_formatters/lib:/home/locobot/LoCoBotRos/interbotix_ws/install/ecl_exceptions/lib:/home/locobot/LoCoBotRos/interbotix_ws/install/ecl_type_traits/lib:/home/locobot/LoCoBotRos/interbotix_ws/install/ecl_errors/lib:${LD_LIBRARY_PATH} PATH=/home/locobot/LoCoBotRos/interbotix_ws/install/ecl_type_traits/bin:/home/locobot/LoCoBotRos/interbotix_ws/install/ecl_config/bin:${PATH} /usr/bin/cmake /home/locobot/LoCoBotRos/interbotix_ws/src/ecl_core/ecl_containers -DCMAKE_INSTALL_PREFIX=/home/locobot/LoCoBotRos/interbotix_ws/install/ecl_containers
[0.053s] -- Found ament_cmake_ros: 0.10.0 (/opt/ros/humble/share/ament_cmake_ros/cmake)
[0.176s] -- Found ecl_build: 1.0.3 (/opt/ros/humble/share/ecl_build/cmake)
[0.180s] -- Found ecl_config: 1.2.0 (/home/locobot/LoCoBotRos/interbotix_ws/install/ecl_config/share/ecl_config/cmake)
[0.181s] -- Found ecl_converters: 1.2.1 (/home/locobot/LoCoBotRos/interbotix_ws/install/ecl_converters/share/ecl_converters/cmake)
[0.192s] -- Found ecl_formatters: 1.2.1 (/home/locobot/LoCoBotRos/interbotix_ws/install/ecl_formatters/share/ecl_formatters/cmake)
[0.198s] -- Found ecl_utilities: 1.2.1 (/home/locobot/LoCoBotRos/interbotix_ws/install/ecl_utilities/share/ecl_utilities/cmake)
[0.272s] -- Found ament_lint_auto: 0.12.12 (/opt/ros/humble/share/ament_lint_auto/cmake)
[0.277s] -- Found gtest sources under '/opt/ros/humble/src/gtest_vendor': C++ tests using 'Google Test' will be built
[0.293s] -- Configuring done
[0.340s] -- Generating done
[0.347s] -- Build files have been written to: /home/locobot/LoCoBotRos/interbotix_ws/build/ecl_containers
[0.480s] Invoked command in '/home/locobot/LoCoBotRos/interbotix_ws/build/ecl_containers' returned '0': AMENT_PREFIX_PATH=/home/locobot/LoCoBotRos/interbotix_ws/install/ecl_formatters:/home/locobot/LoCoBotRos/interbotix_ws/install/ecl_utilities:/home/locobot/LoCoBotRos/interbotix_ws/install/ecl_converters:/home/locobot/LoCoBotRos/interbotix_ws/install/ecl_exceptions:/home/locobot/LoCoBotRos/interbotix_ws/install/ecl_concepts:/home/locobot/LoCoBotRos/interbotix_ws/install/ecl_type_traits:/home/locobot/LoCoBotRos/interbotix_ws/install/ecl_errors:/home/locobot/LoCoBotRos/interbotix_ws/install/ecl_mpl:/home/locobot/LoCoBotRos/interbotix_ws/install/ecl_config:${AMENT_PREFIX_PATH} CMAKE_PREFIX_PATH=/home/locobot/LoCoBotRos/interbotix_ws/install/ecl_formatters:/home/locobot/LoCoBotRos/interbotix_ws/install/ecl_utilities:/home/locobot/LoCoBotRos/interbotix_ws/install/ecl_converters:/home/locobot/LoCoBotRos/interbotix_ws/install/ecl_exceptions:/home/locobot/LoCoBotRos/interbotix_ws/install/ecl_concepts:/home/locobot/LoCoBotRos/interbotix_ws/install/ecl_type_traits:/home/locobot/LoCoBotRos/interbotix_ws/install/ecl_errors:/home/locobot/LoCoBotRos/interbotix_ws/install/ecl_mpl:/home/locobot/LoCoBotRos/interbotix_ws/install/ecl_config:/home/locobot/apriltag_ws/install/apriltag_ros:/opt/ros/humble LD_LIBRARY_PATH=/home/locobot/LoCoBotRos/interbotix_ws/install/ecl_formatters/lib:/home/locobot/LoCoBotRos/interbotix_ws/install/ecl_exceptions/lib:/home/locobot/LoCoBotRos/interbotix_ws/install/ecl_type_traits/lib:/home/locobot/LoCoBotRos/interbotix_ws/install/ecl_errors/lib:${LD_LIBRARY_PATH} PATH=/home/locobot/LoCoBotRos/interbotix_ws/install/ecl_type_traits/bin:/home/locobot/LoCoBotRos/interbotix_ws/install/ecl_config/bin:${PATH} /usr/bin/cmake /home/locobot/LoCoBotRos/interbotix_ws/src/ecl_core/ecl_containers -DCMAKE_INSTALL_PREFIX=/home/locobot/LoCoBotRos/interbotix_ws/install/ecl_containers
[0.483s] Invoking command in '/home/locobot/LoCoBotRos/interbotix_ws/build/ecl_containers': AMENT_PREFIX_PATH=/home/locobot/LoCoBotRos/interbotix_ws/install/ecl_formatters:/home/locobot/LoCoBotRos/interbotix_ws/install/ecl_utilities:/home/locobot/LoCoBotRos/interbotix_ws/install/ecl_converters:/home/locobot/LoCoBotRos/interbotix_ws/install/ecl_exceptions:/home/locobot/LoCoBotRos/interbotix_ws/install/ecl_concepts:/home/locobot/LoCoBotRos/interbotix_ws/install/ecl_type_traits:/home/locobot/LoCoBotRos/interbotix_ws/install/ecl_errors:/home/locobot/LoCoBotRos/interbotix_ws/install/ecl_mpl:/home/locobot/LoCoBotRos/interbotix_ws/install/ecl_config:${AMENT_PREFIX_PATH} CMAKE_PREFIX_PATH=/home/locobot/LoCoBotRos/interbotix_ws/install/ecl_formatters:/home/locobot/LoCoBotRos/interbotix_ws/install/ecl_utilities:/home/locobot/LoCoBotRos/interbotix_ws/install/ecl_converters:/home/locobot/LoCoBotRos/interbotix_ws/install/ecl_exceptions:/home/locobot/LoCoBotRos/interbotix_ws/install/ecl_concepts:/home/locobot/LoCoBotRos/interbotix_ws/install/ecl_type_traits:/home/locobot/LoCoBotRos/interbotix_ws/install/ecl_errors:/home/locobot/LoCoBotRos/interbotix_ws/install/ecl_mpl:/home/locobot/LoCoBotRos/interbotix_ws/install/ecl_config:/home/locobot/apriltag_ws/install/apriltag_ros:/opt/ros/humble LD_LIBRARY_PATH=/home/locobot/LoCoBotRos/interbotix_ws/install/ecl_formatters/lib:/home/locobot/LoCoBotRos/interbotix_ws/install/ecl_exceptions/lib:/home/locobot/LoCoBotRos/interbotix_ws/install/ecl_type_traits/lib:/home/locobot/LoCoBotRos/interbotix_ws/install/ecl_errors/lib:${LD_LIBRARY_PATH} PATH=/home/locobot/LoCoBotRos/interbotix_ws/install/ecl_type_traits/bin:/home/locobot/LoCoBotRos/interbotix_ws/install/ecl_config/bin:${PATH} /usr/bin/cmake --build /home/locobot/LoCoBotRos/interbotix_ws/build/ecl_containers -- -j16 -l16
[0.535s] [35m[1mConsolidate compiler generated dependencies of target gtest_main[0m
[0.535s] [35m[1mConsolidate compiler generated dependencies of target ecl_demo_formatters[0m
[0.536s] [35m[1mConsolidate compiler generated dependencies of target gtest[0m
[0.561s] [ 11%] Built target gtest_main
[0.561s] [ 22%] Built target gtest
[0.567s] [ 33%] Built target ecl_demo_formatters
[0.584s] [35m[1mConsolidate compiler generated dependencies of target ecl_test_fifo[0m
[0.586s] [35m[1mConsolidate compiler generated dependencies of target ecl_test_arrays[0m
[0.586s] [35m[1mConsolidate compiler generated dependencies of target ecl_test_arrays_mem_check[0m
[0.589s] [35m[1mConsolidate compiler generated dependencies of target ecl_test_stencil[0m
[0.592s] [35m[1mConsolidate compiler generated dependencies of target ecl_test_container_converters[0m
[0.593s] [35m[1mConsolidate compiler generated dependencies of target ecl_test_push_and_pop[0m
[0.614s] [ 50%] Built target ecl_test_arrays_mem_check
[0.614s] [ 55%] Built target ecl_test_fifo
[0.615s] [ 66%] Built target ecl_test_arrays
[0.619s] [ 88%] Built target ecl_test_push_and_pop
[0.619s] [ 88%] Built target ecl_test_stencil
[0.621s] [100%] Built target ecl_test_container_converters
[0.634s] Invoked command in '/home/locobot/LoCoBotRos/interbotix_ws/build/ecl_containers' returned '0': AMENT_PREFIX_PATH=/home/locobot/LoCoBotRos/interbotix_ws/install/ecl_formatters:/home/locobot/LoCoBotRos/interbotix_ws/install/ecl_utilities:/home/locobot/LoCoBotRos/interbotix_ws/install/ecl_converters:/home/locobot/LoCoBotRos/interbotix_ws/install/ecl_exceptions:/home/locobot/LoCoBotRos/interbotix_ws/install/ecl_concepts:/home/locobot/LoCoBotRos/interbotix_ws/install/ecl_type_traits:/home/locobot/LoCoBotRos/interbotix_ws/install/ecl_errors:/home/locobot/LoCoBotRos/interbotix_ws/install/ecl_mpl:/home/locobot/LoCoBotRos/interbotix_ws/install/ecl_config:${AMENT_PREFIX_PATH} CMAKE_PREFIX_PATH=/home/locobot/LoCoBotRos/interbotix_ws/install/ecl_formatters:/home/locobot/LoCoBotRos/interbotix_ws/install/ecl_utilities:/home/locobot/LoCoBotRos/interbotix_ws/install/ecl_converters:/home/locobot/LoCoBotRos/interbotix_ws/install/ecl_exceptions:/home/locobot/LoCoBotRos/interbotix_ws/install/ecl_concepts:/home/locobot/LoCoBotRos/interbotix_ws/install/ecl_type_traits:/home/locobot/LoCoBotRos/interbotix_ws/install/ecl_errors:/home/locobot/LoCoBotRos/interbotix_ws/install/ecl_mpl:/home/locobot/LoCoBotRos/interbotix_ws/install/ecl_config:/home/locobot/apriltag_ws/install/apriltag_ros:/opt/ros/humble LD_LIBRARY_PATH=/home/locobot/LoCoBotRos/interbotix_ws/install/ecl_formatters/lib:/home/locobot/LoCoBotRos/interbotix_ws/install/ecl_exceptions/lib:/home/locobot/LoCoBotRos/interbotix_ws/install/ecl_type_traits/lib:/home/locobot/LoCoBotRos/interbotix_ws/install/ecl_errors/lib:${LD_LIBRARY_PATH} PATH=/home/locobot/LoCoBotRos/interbotix_ws/install/ecl_type_traits/bin:/home/locobot/LoCoBotRos/interbotix_ws/install/ecl_config/bin:${PATH} /usr/bin/cmake --build /home/locobot/LoCoBotRos/interbotix_ws/build/ecl_containers -- -j16 -l16
[0.636s] Invoking command in '/home/locobot/LoCoBotRos/interbotix_ws/build/ecl_containers': AMENT_PREFIX_PATH=/home/locobot/LoCoBotRos/interbotix_ws/install/ecl_formatters:/home/locobot/LoCoBotRos/interbotix_ws/install/ecl_utilities:/home/locobot/LoCoBotRos/interbotix_ws/install/ecl_converters:/home/locobot/LoCoBotRos/interbotix_ws/install/ecl_exceptions:/home/locobot/LoCoBotRos/interbotix_ws/install/ecl_concepts:/home/locobot/LoCoBotRos/interbotix_ws/install/ecl_type_traits:/home/locobot/LoCoBotRos/interbotix_ws/install/ecl_errors:/home/locobot/LoCoBotRos/interbotix_ws/install/ecl_mpl:/home/locobot/LoCoBotRos/interbotix_ws/install/ecl_config:${AMENT_PREFIX_PATH} CMAKE_PREFIX_PATH=/home/locobot/LoCoBotRos/interbotix_ws/install/ecl_formatters:/home/locobot/LoCoBotRos/interbotix_ws/install/ecl_utilities:/home/locobot/LoCoBotRos/interbotix_ws/install/ecl_converters:/home/locobot/LoCoBotRos/interbotix_ws/install/ecl_exceptions:/home/locobot/LoCoBotRos/interbotix_ws/install/ecl_concepts:/home/locobot/LoCoBotRos/interbotix_ws/install/ecl_type_traits:/home/locobot/LoCoBotRos/interbotix_ws/install/ecl_errors:/home/locobot/LoCoBotRos/interbotix_ws/install/ecl_mpl:/home/locobot/LoCoBotRos/interbotix_ws/install/ecl_config:/home/locobot/apriltag_ws/install/apriltag_ros:/opt/ros/humble LD_LIBRARY_PATH=/home/locobot/LoCoBotRos/interbotix_ws/install/ecl_formatters/lib:/home/locobot/LoCoBotRos/interbotix_ws/install/ecl_exceptions/lib:/home/locobot/LoCoBotRos/interbotix_ws/install/ecl_type_traits/lib:/home/locobot/LoCoBotRos/interbotix_ws/install/ecl_errors/lib:${LD_LIBRARY_PATH} PATH=/home/locobot/LoCoBotRos/interbotix_ws/install/ecl_type_traits/bin:/home/locobot/LoCoBotRos/interbotix_ws/install/ecl_config/bin:${PATH} /usr/bin/cmake --install /home/locobot/LoCoBotRos/interbotix_ws/build/ecl_containers
[0.644s] -- Install configuration: "Release"
[0.644s] -- Up-to-date: /home/locobot/LoCoBotRos/interbotix_ws/install/ecl_containers/share/ament_index/resource_index/package_run_dependencies/ecl_containers
[0.644s] -- Up-to-date: /home/locobot/LoCoBotRos/interbotix_ws/install/ecl_containers/share/ament_index/resource_index/parent_prefix_path/ecl_containers
[0.645s] -- Up-to-date: /home/locobot/LoCoBotRos/interbotix_ws/install/ecl_containers/share/ecl_containers/environment/ament_prefix_path.sh
[0.645s] -- Installing: /home/locobot/LoCoBotRos/interbotix_ws/install/ecl_containers/share/ecl_containers/environment/ament_prefix_path.dsv
[0.645s] -- Up-to-date: /home/locobot/LoCoBotRos/interbotix_ws/install/ecl_containers/share/ecl_containers/environment/path.sh
[0.645s] -- Installing: /home/locobot/LoCoBotRos/interbotix_ws/install/ecl_containers/share/ecl_containers/environment/path.dsv
[0.645s] -- Up-to-date: /home/locobot/LoCoBotRos/interbotix_ws/install/ecl_containers/share/ecl_containers/local_setup.bash
[0.645s] -- Up-to-date: /home/locobot/LoCoBotRos/interbotix_ws/install/ecl_containers/share/ecl_containers/local_setup.sh
[0.645s] -- Up-to-date: /home/locobot/LoCoBotRos/interbotix_ws/install/ecl_containers/share/ecl_containers/local_setup.zsh
[0.645s] -- Installing: /home/locobot/LoCoBotRos/interbotix_ws/install/ecl_containers/share/ecl_containers/local_setup.dsv
[0.646s] -- Installing: /home/locobot/LoCoBotRos/interbotix_ws/install/ecl_containers/share/ecl_containers/package.dsv
[0.646s] -- Up-to-date: /home/locobot/LoCoBotRos/interbotix_ws/install/ecl_containers/share/ament_index/resource_index/packages/ecl_containers
[0.646s] -- Up-to-date: /home/locobot/LoCoBotRos/interbotix_ws/install/ecl_containers/share/ecl_containers/cmake/ecl_containersExport.cmake
[0.647s] -- Up-to-date: /home/locobot/LoCoBotRos/interbotix_ws/install/ecl_containers/share/ecl_containers/cmake/ament_cmake_export_targets-extras.cmake
[0.647s] -- Up-to-date: /home/locobot/LoCoBotRos/interbotix_ws/install/ecl_containers/share/ecl_containers/cmake/ament_cmake_export_include_directories-extras.cmake
[0.647s] -- Up-to-date: /home/locobot/LoCoBotRos/interbotix_ws/install/ecl_containers/share/ecl_containers/cmake/ament_cmake_export_dependencies-extras.cmake
[0.647s] -- Up-to-date: /home/locobot/LoCoBotRos/interbotix_ws/install/ecl_containers/share/ecl_containers/cmake/ecl_containersConfig.cmake
[0.647s] -- Up-to-date: /home/locobot/LoCoBotRos/interbotix_ws/install/ecl_containers/share/ecl_containers/cmake/ecl_containersConfig-version.cmake
[0.647s] -- Up-to-date: /home/locobot/LoCoBotRos/interbotix_ws/install/ecl_containers/share/ecl_containers/package.xml
[0.647s] -- Up-to-date: /home/locobot/LoCoBotRos/interbotix_ws/install/ecl_containers/include/ecl/containers.hpp
[0.647s] -- Up-to-date: /home/locobot/LoCoBotRos/interbotix_ws/install/ecl_containers/include/ecl/containers/array.hpp
[0.648s] -- Up-to-date: /home/locobot/LoCoBotRos/interbotix_ws/install/ecl_containers/include/ecl/containers/converters.hpp
[0.648s] -- Up-to-date: /home/locobot/LoCoBotRos/interbotix_ws/install/ecl_containers/include/ecl/containers/definitions.hpp
[0.648s] -- Up-to-date: /home/locobot/LoCoBotRos/interbotix_ws/install/ecl_containers/include/ecl/containers/fifo.hpp
[0.648s] -- Up-to-date: /home/locobot/LoCoBotRos/interbotix_ws/install/ecl_containers/include/ecl/containers/initialiser.hpp
[0.648s] -- Up-to-date: /home/locobot/LoCoBotRos/interbotix_ws/install/ecl_containers/include/ecl/containers/push_and_pop.hpp
[0.648s] -- Up-to-date: /home/locobot/LoCoBotRos/interbotix_ws/install/ecl_containers/include/ecl/containers/stencil.hpp
[0.648s] -- Up-to-date: /home/locobot/LoCoBotRos/interbotix_ws/install/ecl_containers/include/ecl/containers/common/formatters.hpp
[0.649s] -- Up-to-date: /home/locobot/LoCoBotRos/interbotix_ws/install/ecl_containers/include/ecl/containers/array/array_dynamic_mem_check.hpp
[0.649s] -- Up-to-date: /home/locobot/LoCoBotRos/interbotix_ws/install/ecl_containers/include/ecl/containers/array/array_dynamic_no_mem_check.hpp
[0.649s] -- Up-to-date: /home/locobot/LoCoBotRos/interbotix_ws/install/ecl_containers/include/ecl/containers/array/array_mem_check.hpp
[0.649s] -- Up-to-date: /home/locobot/LoCoBotRos/interbotix_ws/install/ecl_containers/include/ecl/containers/array/array_no_mem_check.hpp
[0.649s] -- Up-to-date: /home/locobot/LoCoBotRos/interbotix_ws/install/ecl_containers/include/ecl/containers/array/converters.hpp
[0.649s] -- Up-to-date: /home/locobot/LoCoBotRos/interbotix_ws/install/ecl_containers/include/ecl/containers/array/formatters.hpp
[0.649s] -- Up-to-date: /home/locobot/LoCoBotRos/interbotix_ws/install/ecl_containers/include/ecl/containers/push_and_pop/formatters.hpp
[0.650s] -- Up-to-date: /home/locobot/LoCoBotRos/interbotix_ws/install/ecl_containers/include/ecl/containers/push_and_pop/push_and_pop_dynamic.hpp
[0.650s] -- Up-to-date: /home/locobot/LoCoBotRos/interbotix_ws/install/ecl_containers/include/ecl/containers/push_and_pop/push_and_pop_fixed.hpp
[0.650s] -- Up-to-date: /home/locobot/LoCoBotRos/interbotix_ws/install/ecl_containers/include/ecl/containers/stencil/converters.hpp
[0.650s] -- Up-to-date: /home/locobot/LoCoBotRos/interbotix_ws/install/ecl_containers/include/ecl/containers/stencil/formatters.hpp
[0.650s] -- Up-to-date: /home/locobot/LoCoBotRos/interbotix_ws/install/ecl_containers/include/ecl/containers/stencil/specialisations.hpp
[0.650s] -- Up-to-date: /home/locobot/LoCoBotRos/interbotix_ws/install/ecl_containers/include/ecl/containers/stencil/stencil.hpp
[0.650s] -- Up-to-date: /home/locobot/LoCoBotRos/interbotix_ws/install/ecl_containers/lib/ecl_containers/demo_formatters
[0.654s] Invoked command in '/home/locobot/LoCoBotRos/interbotix_ws/build/ecl_containers' returned '0': AMENT_PREFIX_PATH=/home/locobot/LoCoBotRos/interbotix_ws/install/ecl_formatters:/home/locobot/LoCoBotRos/interbotix_ws/install/ecl_utilities:/home/locobot/LoCoBotRos/interbotix_ws/install/ecl_converters:/home/locobot/LoCoBotRos/interbotix_ws/install/ecl_exceptions:/home/locobot/LoCoBotRos/interbotix_ws/install/ecl_concepts:/home/locobot/LoCoBotRos/interbotix_ws/install/ecl_type_traits:/home/locobot/LoCoBotRos/interbotix_ws/install/ecl_errors:/home/locobot/LoCoBotRos/interbotix_ws/install/ecl_mpl:/home/locobot/LoCoBotRos/interbotix_ws/install/ecl_config:${AMENT_PREFIX_PATH} CMAKE_PREFIX_PATH=/home/locobot/LoCoBotRos/interbotix_ws/install/ecl_formatters:/home/locobot/LoCoBotRos/interbotix_ws/install/ecl_utilities:/home/locobot/LoCoBotRos/interbotix_ws/install/ecl_converters:/home/locobot/LoCoBotRos/interbotix_ws/install/ecl_exceptions:/home/locobot/LoCoBotRos/interbotix_ws/install/ecl_concepts:/home/locobot/LoCoBotRos/interbotix_ws/install/ecl_type_traits:/home/locobot/LoCoBotRos/interbotix_ws/install/ecl_errors:/home/locobot/LoCoBotRos/interbotix_ws/install/ecl_mpl:/home/locobot/LoCoBotRos/interbotix_ws/install/ecl_config:/home/locobot/apriltag_ws/install/apriltag_ros:/opt/ros/humble LD_LIBRARY_PATH=/home/locobot/LoCoBotRos/interbotix_ws/install/ecl_formatters/lib:/home/locobot/LoCoBotRos/interbotix_ws/install/ecl_exceptions/lib:/home/locobot/LoCoBotRos/interbotix_ws/install/ecl_type_traits/lib:/home/locobot/LoCoBotRos/interbotix_ws/install/ecl_errors/lib:${LD_LIBRARY_PATH} PATH=/home/locobot/LoCoBotRos/interbotix_ws/install/ecl_type_traits/bin:/home/locobot/LoCoBotRos/interbotix_ws/install/ecl_config/bin:${PATH} /usr/bin/cmake --install /home/locobot/LoCoBotRos/interbotix_ws/build/ecl_containers
