running egg_info
creating ../../build/interbotix_xs_modules/interbotix_xs_modules.egg-info
writing ../../build/interbotix_xs_modules/interbotix_xs_modules.egg-info/PKG-INFO
writing dependency_links to ../../build/interbotix_xs_modules/interbotix_xs_modules.egg-info/dependency_links.txt
writing requirements to ../../build/interbotix_xs_modules/interbotix_xs_modules.egg-info/requires.txt
writing top-level names to ../../build/interbotix_xs_modules/interbotix_xs_modules.egg-info/top_level.txt
writing manifest file '../../build/interbotix_xs_modules/interbotix_xs_modules.egg-info/SOURCES.txt'
reading manifest file '../../build/interbotix_xs_modules/interbotix_xs_modules.egg-info/SOURCES.txt'
writing manifest file '../../build/interbotix_xs_modules/interbotix_xs_modules.egg-info/SOURCES.txt'
running build
running build_py
creating /home/rowanfoxx/Documents/GitHub/LoCoBotRos/build/interbotix_xs_modules/build
creating /home/rowanfoxx/Documents/GitHub/LoCoBotRos/build/interbotix_xs_modules/build/lib
creating /home/rowanfoxx/Documents/GitHub/LoCoBotRos/build/interbotix_xs_modules/build/lib/interbotix_xs_modules
copying interbotix_xs_modules/__init__.py -> /home/rowanfoxx/Documents/GitHub/LoCoBotRos/build/interbotix_xs_modules/build/lib/interbotix_xs_modules
creating /home/rowanfoxx/Documents/GitHub/LoCoBotRos/build/interbotix_xs_modules/build/lib/interbotix_xs_modules/xs_common
copying interbotix_xs_modules/xs_common/__init__.py -> /home/rowanfoxx/Documents/GitHub/LoCoBotRos/build/interbotix_xs_modules/build/lib/interbotix_xs_modules/xs_common
copying interbotix_xs_modules/xs_common/xs_common.py -> /home/rowanfoxx/Documents/GitHub/LoCoBotRos/build/interbotix_xs_modules/build/lib/interbotix_xs_modules/xs_common
creating /home/rowanfoxx/Documents/GitHub/LoCoBotRos/build/interbotix_xs_modules/build/lib/interbotix_xs_modules/xs_launch
copying interbotix_xs_modules/xs_launch/__init__.py -> /home/rowanfoxx/Documents/GitHub/LoCoBotRos/build/interbotix_xs_modules/build/lib/interbotix_xs_modules/xs_launch
copying interbotix_xs_modules/xs_launch/xs_launch.py -> /home/rowanfoxx/Documents/GitHub/LoCoBotRos/build/interbotix_xs_modules/build/lib/interbotix_xs_modules/xs_launch
creating /home/rowanfoxx/Documents/GitHub/LoCoBotRos/build/interbotix_xs_modules/build/lib/interbotix_xs_modules/xs_robot
copying interbotix_xs_modules/xs_robot/__init__.py -> /home/rowanfoxx/Documents/GitHub/LoCoBotRos/build/interbotix_xs_modules/build/lib/interbotix_xs_modules/xs_robot
copying interbotix_xs_modules/xs_robot/arm.py -> /home/rowanfoxx/Documents/GitHub/LoCoBotRos/build/interbotix_xs_modules/build/lib/interbotix_xs_modules/xs_robot
copying interbotix_xs_modules/xs_robot/core.py -> /home/rowanfoxx/Documents/GitHub/LoCoBotRos/build/interbotix_xs_modules/build/lib/interbotix_xs_modules/xs_robot
copying interbotix_xs_modules/xs_robot/create3.py -> /home/rowanfoxx/Documents/GitHub/LoCoBotRos/build/interbotix_xs_modules/build/lib/interbotix_xs_modules/xs_robot
copying interbotix_xs_modules/xs_robot/gravity_compensation.py -> /home/rowanfoxx/Documents/GitHub/LoCoBotRos/build/interbotix_xs_modules/build/lib/interbotix_xs_modules/xs_robot
copying interbotix_xs_modules/xs_robot/gripper.py -> /home/rowanfoxx/Documents/GitHub/LoCoBotRos/build/interbotix_xs_modules/build/lib/interbotix_xs_modules/xs_robot
copying interbotix_xs_modules/xs_robot/hexapod.py -> /home/rowanfoxx/Documents/GitHub/LoCoBotRos/build/interbotix_xs_modules/build/lib/interbotix_xs_modules/xs_robot
copying interbotix_xs_modules/xs_robot/kobuki.py -> /home/rowanfoxx/Documents/GitHub/LoCoBotRos/build/interbotix_xs_modules/build/lib/interbotix_xs_modules/xs_robot
copying interbotix_xs_modules/xs_robot/locobot.py -> /home/rowanfoxx/Documents/GitHub/LoCoBotRos/build/interbotix_xs_modules/build/lib/interbotix_xs_modules/xs_robot
copying interbotix_xs_modules/xs_robot/mobile_base.py -> /home/rowanfoxx/Documents/GitHub/LoCoBotRos/build/interbotix_xs_modules/build/lib/interbotix_xs_modules/xs_robot
copying interbotix_xs_modules/xs_robot/mr_descriptions.py -> /home/rowanfoxx/Documents/GitHub/LoCoBotRos/build/interbotix_xs_modules/build/lib/interbotix_xs_modules/xs_robot
copying interbotix_xs_modules/xs_robot/slate.py -> /home/rowanfoxx/Documents/GitHub/LoCoBotRos/build/interbotix_xs_modules/build/lib/interbotix_xs_modules/xs_robot
copying interbotix_xs_modules/xs_robot/turret.py -> /home/rowanfoxx/Documents/GitHub/LoCoBotRos/build/interbotix_xs_modules/build/lib/interbotix_xs_modules/xs_robot
running install
running install_lib
creating /home/rowanfoxx/Documents/GitHub/LoCoBotRos/install/interbotix_xs_modules/lib/python3.13/site-packages/interbotix_xs_modules
copying /home/rowanfoxx/Documents/GitHub/LoCoBotRos/build/interbotix_xs_modules/build/lib/interbotix_xs_modules/__init__.py -> /home/rowanfoxx/Documents/GitHub/LoCoBotRos/install/interbotix_xs_modules/lib/python3.13/site-packages/interbotix_xs_modules
creating /home/rowanfoxx/Documents/GitHub/LoCoBotRos/install/interbotix_xs_modules/lib/python3.13/site-packages/interbotix_xs_modules/xs_common
copying /home/rowanfoxx/Documents/GitHub/LoCoBotRos/build/interbotix_xs_modules/build/lib/interbotix_xs_modules/xs_common/__init__.py -> /home/rowanfoxx/Documents/GitHub/LoCoBotRos/install/interbotix_xs_modules/lib/python3.13/site-packages/interbotix_xs_modules/xs_common
copying /home/rowanfoxx/Documents/GitHub/LoCoBotRos/build/interbotix_xs_modules/build/lib/interbotix_xs_modules/xs_common/xs_common.py -> /home/rowanfoxx/Documents/GitHub/LoCoBotRos/install/interbotix_xs_modules/lib/python3.13/site-packages/interbotix_xs_modules/xs_common
creating /home/rowanfoxx/Documents/GitHub/LoCoBotRos/install/interbotix_xs_modules/lib/python3.13/site-packages/interbotix_xs_modules/xs_launch
copying /home/rowanfoxx/Documents/GitHub/LoCoBotRos/build/interbotix_xs_modules/build/lib/interbotix_xs_modules/xs_launch/__init__.py -> /home/rowanfoxx/Documents/GitHub/LoCoBotRos/install/interbotix_xs_modules/lib/python3.13/site-packages/interbotix_xs_modules/xs_launch
copying /home/rowanfoxx/Documents/GitHub/LoCoBotRos/build/interbotix_xs_modules/build/lib/interbotix_xs_modules/xs_launch/xs_launch.py -> /home/rowanfoxx/Documents/GitHub/LoCoBotRos/install/interbotix_xs_modules/lib/python3.13/site-packages/interbotix_xs_modules/xs_launch
creating /home/rowanfoxx/Documents/GitHub/LoCoBotRos/install/interbotix_xs_modules/lib/python3.13/site-packages/interbotix_xs_modules/xs_robot
copying /home/rowanfoxx/Documents/GitHub/LoCoBotRos/build/interbotix_xs_modules/build/lib/interbotix_xs_modules/xs_robot/__init__.py -> /home/rowanfoxx/Documents/GitHub/LoCoBotRos/install/interbotix_xs_modules/lib/python3.13/site-packages/interbotix_xs_modules/xs_robot
copying /home/rowanfoxx/Documents/GitHub/LoCoBotRos/build/interbotix_xs_modules/build/lib/interbotix_xs_modules/xs_robot/arm.py -> /home/rowanfoxx/Documents/GitHub/LoCoBotRos/install/interbotix_xs_modules/lib/python3.13/site-packages/interbotix_xs_modules/xs_robot
copying /home/rowanfoxx/Documents/GitHub/LoCoBotRos/build/interbotix_xs_modules/build/lib/interbotix_xs_modules/xs_robot/core.py -> /home/rowanfoxx/Documents/GitHub/LoCoBotRos/install/interbotix_xs_modules/lib/python3.13/site-packages/interbotix_xs_modules/xs_robot
copying /home/rowanfoxx/Documents/GitHub/LoCoBotRos/build/interbotix_xs_modules/build/lib/interbotix_xs_modules/xs_robot/create3.py -> /home/rowanfoxx/Documents/GitHub/LoCoBotRos/install/interbotix_xs_modules/lib/python3.13/site-packages/interbotix_xs_modules/xs_robot
copying /home/rowanfoxx/Documents/GitHub/LoCoBotRos/build/interbotix_xs_modules/build/lib/interbotix_xs_modules/xs_robot/gravity_compensation.py -> /home/rowanfoxx/Documents/GitHub/LoCoBotRos/install/interbotix_xs_modules/lib/python3.13/site-packages/interbotix_xs_modules/xs_robot
copying /home/rowanfoxx/Documents/GitHub/LoCoBotRos/build/interbotix_xs_modules/build/lib/interbotix_xs_modules/xs_robot/gripper.py -> /home/rowanfoxx/Documents/GitHub/LoCoBotRos/install/interbotix_xs_modules/lib/python3.13/site-packages/interbotix_xs_modules/xs_robot
copying /home/rowanfoxx/Documents/GitHub/LoCoBotRos/build/interbotix_xs_modules/build/lib/interbotix_xs_modules/xs_robot/hexapod.py -> /home/rowanfoxx/Documents/GitHub/LoCoBotRos/install/interbotix_xs_modules/lib/python3.13/site-packages/interbotix_xs_modules/xs_robot
copying /home/rowanfoxx/Documents/GitHub/LoCoBotRos/build/interbotix_xs_modules/build/lib/interbotix_xs_modules/xs_robot/kobuki.py -> /home/rowanfoxx/Documents/GitHub/LoCoBotRos/install/interbotix_xs_modules/lib/python3.13/site-packages/interbotix_xs_modules/xs_robot
copying /home/rowanfoxx/Documents/GitHub/LoCoBotRos/build/interbotix_xs_modules/build/lib/interbotix_xs_modules/xs_robot/locobot.py -> /home/rowanfoxx/Documents/GitHub/LoCoBotRos/install/interbotix_xs_modules/lib/python3.13/site-packages/interbotix_xs_modules/xs_robot
copying /home/rowanfoxx/Documents/GitHub/LoCoBotRos/build/interbotix_xs_modules/build/lib/interbotix_xs_modules/xs_robot/mobile_base.py -> /home/rowanfoxx/Documents/GitHub/LoCoBotRos/install/interbotix_xs_modules/lib/python3.13/site-packages/interbotix_xs_modules/xs_robot
copying /home/rowanfoxx/Documents/GitHub/LoCoBotRos/build/interbotix_xs_modules/build/lib/interbotix_xs_modules/xs_robot/mr_descriptions.py -> /home/rowanfoxx/Documents/GitHub/LoCoBotRos/install/interbotix_xs_modules/lib/python3.13/site-packages/interbotix_xs_modules/xs_robot
copying /home/rowanfoxx/Documents/GitHub/LoCoBotRos/build/interbotix_xs_modules/build/lib/interbotix_xs_modules/xs_robot/slate.py -> /home/rowanfoxx/Documents/GitHub/LoCoBotRos/install/interbotix_xs_modules/lib/python3.13/site-packages/interbotix_xs_modules/xs_robot
copying /home/rowanfoxx/Documents/GitHub/LoCoBotRos/build/interbotix_xs_modules/build/lib/interbotix_xs_modules/xs_robot/turret.py -> /home/rowanfoxx/Documents/GitHub/LoCoBotRos/install/interbotix_xs_modules/lib/python3.13/site-packages/interbotix_xs_modules/xs_robot
byte-compiling /home/rowanfoxx/Documents/GitHub/LoCoBotRos/install/interbotix_xs_modules/lib/python3.13/site-packages/interbotix_xs_modules/__init__.py to __init__.cpython-313.pyc
byte-compiling /home/rowanfoxx/Documents/GitHub/LoCoBotRos/install/interbotix_xs_modules/lib/python3.13/site-packages/interbotix_xs_modules/xs_common/__init__.py to __init__.cpython-313.pyc
byte-compiling /home/rowanfoxx/Documents/GitHub/LoCoBotRos/install/interbotix_xs_modules/lib/python3.13/site-packages/interbotix_xs_modules/xs_common/xs_common.py to xs_common.cpython-313.pyc
byte-compiling /home/rowanfoxx/Documents/GitHub/LoCoBotRos/install/interbotix_xs_modules/lib/python3.13/site-packages/interbotix_xs_modules/xs_launch/__init__.py to __init__.cpython-313.pyc
byte-compiling /home/rowanfoxx/Documents/GitHub/LoCoBotRos/install/interbotix_xs_modules/lib/python3.13/site-packages/interbotix_xs_modules/xs_launch/xs_launch.py to xs_launch.cpython-313.pyc
byte-compiling /home/rowanfoxx/Documents/GitHub/LoCoBotRos/install/interbotix_xs_modules/lib/python3.13/site-packages/interbotix_xs_modules/xs_robot/__init__.py to __init__.cpython-313.pyc
byte-compiling /home/rowanfoxx/Documents/GitHub/LoCoBotRos/install/interbotix_xs_modules/lib/python3.13/site-packages/interbotix_xs_modules/xs_robot/arm.py to arm.cpython-313.pyc
byte-compiling /home/rowanfoxx/Documents/GitHub/LoCoBotRos/install/interbotix_xs_modules/lib/python3.13/site-packages/interbotix_xs_modules/xs_robot/core.py to core.cpython-313.pyc
byte-compiling /home/rowanfoxx/Documents/GitHub/LoCoBotRos/install/interbotix_xs_modules/lib/python3.13/site-packages/interbotix_xs_modules/xs_robot/create3.py to create3.cpython-313.pyc
byte-compiling /home/rowanfoxx/Documents/GitHub/LoCoBotRos/install/interbotix_xs_modules/lib/python3.13/site-packages/interbotix_xs_modules/xs_robot/gravity_compensation.py to gravity_compensation.cpython-313.pyc
byte-compiling /home/rowanfoxx/Documents/GitHub/LoCoBotRos/install/interbotix_xs_modules/lib/python3.13/site-packages/interbotix_xs_modules/xs_robot/gripper.py to gripper.cpython-313.pyc
byte-compiling /home/rowanfoxx/Documents/GitHub/LoCoBotRos/install/interbotix_xs_modules/lib/python3.13/site-packages/interbotix_xs_modules/xs_robot/hexapod.py to hexapod.cpython-313.pyc
byte-compiling /home/rowanfoxx/Documents/GitHub/LoCoBotRos/install/interbotix_xs_modules/lib/python3.13/site-packages/interbotix_xs_modules/xs_robot/kobuki.py to kobuki.cpython-313.pyc
byte-compiling /home/rowanfoxx/Documents/GitHub/LoCoBotRos/install/interbotix_xs_modules/lib/python3.13/site-packages/interbotix_xs_modules/xs_robot/locobot.py to locobot.cpython-313.pyc
byte-compiling /home/rowanfoxx/Documents/GitHub/LoCoBotRos/install/interbotix_xs_modules/lib/python3.13/site-packages/interbotix_xs_modules/xs_robot/mobile_base.py to mobile_base.cpython-313.pyc
byte-compiling /home/rowanfoxx/Documents/GitHub/LoCoBotRos/install/interbotix_xs_modules/lib/python3.13/site-packages/interbotix_xs_modules/xs_robot/mr_descriptions.py to mr_descriptions.cpython-313.pyc
byte-compiling /home/rowanfoxx/Documents/GitHub/LoCoBotRos/install/interbotix_xs_modules/lib/python3.13/site-packages/interbotix_xs_modules/xs_robot/slate.py to slate.cpython-313.pyc
byte-compiling /home/rowanfoxx/Documents/GitHub/LoCoBotRos/install/interbotix_xs_modules/lib/python3.13/site-packages/interbotix_xs_modules/xs_robot/turret.py to turret.cpython-313.pyc
running install_data
creating /home/rowanfoxx/Documents/GitHub/LoCoBotRos/install/interbotix_xs_modules/share/ament_index
creating /home/rowanfoxx/Documents/GitHub/LoCoBotRos/install/interbotix_xs_modules/share/ament_index/resource_index
creating /home/rowanfoxx/Documents/GitHub/LoCoBotRos/install/interbotix_xs_modules/share/ament_index/resource_index/packages
copying resource/interbotix_xs_modules -> /home/rowanfoxx/Documents/GitHub/LoCoBotRos/install/interbotix_xs_modules/share/ament_index/resource_index/packages
copying package.xml -> /home/rowanfoxx/Documents/GitHub/LoCoBotRos/install/interbotix_xs_modules/share/interbotix_xs_modules
running install_egg_info
Copying ../../build/interbotix_xs_modules/interbotix_xs_modules.egg-info to /home/rowanfoxx/Documents/GitHub/LoCoBotRos/install/interbotix_xs_modules/lib/python3.13/site-packages/interbotix_xs_modules-0.0.0-py3.13.egg-info
running install_scripts
writing list of installed files to '/home/rowanfoxx/Documents/GitHub/LoCoBotRos/build/interbotix_xs_modules/install.log'
