[1.596s] Invoking command in '/home/rowanfoxx/Documents/GitHub/LoCoBotRos/src/interbotix_xs_modules': DEBUGINFOD_URLS=https://debuginfod.fedoraproject.org/ PYTHONPATH=/home/rowanfoxx/Documents/GitHub/LoCoBotRos/build/interbotix_xs_modules/prefix_override:/usr/lib/python3.13/site-packages/colcon_core/task/python/colcon_distutils_commands:/home/rowanfoxx/Documents/GitHub/LoCoBotRos/install/interbotix_xs_modules/lib/python3.13/site-packages:${PYTHONPATH} _=/usr/bin/env /usr/bin/python3 -W ignore:setup.py install is deprecated -W ignore:easy_install command is deprecated setup.py egg_info --egg-base ../../build/interbotix_xs_modules build --build-base /home/rowanfoxx/Documents/GitHub/LoCoBotRos/build/interbotix_xs_modules/build install --record /home/rowanfoxx/Documents/GitHub/LoCoBotRos/build/interbotix_xs_modules/install.log --single-version-externally-managed install_data
[1.998s] running egg_info
[1.998s] creating ../../build/interbotix_xs_modules/interbotix_xs_modules.egg-info
[2.025s] writing ../../build/interbotix_xs_modules/interbotix_xs_modules.egg-info/PKG-INFO
[2.025s] writing dependency_links to ../../build/interbotix_xs_modules/interbotix_xs_modules.egg-info/dependency_links.txt
[2.025s] writing requirements to ../../build/interbotix_xs_modules/interbotix_xs_modules.egg-info/requires.txt
[2.025s] writing top-level names to ../../build/interbotix_xs_modules/interbotix_xs_modules.egg-info/top_level.txt
[2.025s] writing manifest file '../../build/interbotix_xs_modules/interbotix_xs_modules.egg-info/SOURCES.txt'
[2.072s] reading manifest file '../../build/interbotix_xs_modules/interbotix_xs_modules.egg-info/SOURCES.txt'
[2.073s] writing manifest file '../../build/interbotix_xs_modules/interbotix_xs_modules.egg-info/SOURCES.txt'
[2.073s] running build
[2.073s] running build_py
[2.073s] creating /home/rowanfoxx/Documents/GitHub/LoCoBotRos/build/interbotix_xs_modules/build
[2.073s] creating /home/rowanfoxx/Documents/GitHub/LoCoBotRos/build/interbotix_xs_modules/build/lib
[2.073s] creating /home/rowanfoxx/Documents/GitHub/LoCoBotRos/build/interbotix_xs_modules/build/lib/interbotix_xs_modules
[2.073s] copying interbotix_xs_modules/__init__.py -> /home/rowanfoxx/Documents/GitHub/LoCoBotRos/build/interbotix_xs_modules/build/lib/interbotix_xs_modules
[2.073s] creating /home/rowanfoxx/Documents/GitHub/LoCoBotRos/build/interbotix_xs_modules/build/lib/interbotix_xs_modules/xs_common
[2.073s] copying interbotix_xs_modules/xs_common/__init__.py -> /home/rowanfoxx/Documents/GitHub/LoCoBotRos/build/interbotix_xs_modules/build/lib/interbotix_xs_modules/xs_common
[2.073s] copying interbotix_xs_modules/xs_common/xs_common.py -> /home/rowanfoxx/Documents/GitHub/LoCoBotRos/build/interbotix_xs_modules/build/lib/interbotix_xs_modules/xs_common
[2.073s] creating /home/rowanfoxx/Documents/GitHub/LoCoBotRos/build/interbotix_xs_modules/build/lib/interbotix_xs_modules/xs_launch
[2.073s] copying interbotix_xs_modules/xs_launch/__init__.py -> /home/rowanfoxx/Documents/GitHub/LoCoBotRos/build/interbotix_xs_modules/build/lib/interbotix_xs_modules/xs_launch
[2.073s] copying interbotix_xs_modules/xs_launch/xs_launch.py -> /home/rowanfoxx/Documents/GitHub/LoCoBotRos/build/interbotix_xs_modules/build/lib/interbotix_xs_modules/xs_launch
[2.081s] creating /home/rowanfoxx/Documents/GitHub/LoCoBotRos/build/interbotix_xs_modules/build/lib/interbotix_xs_modules/xs_robot
[2.081s] copying interbotix_xs_modules/xs_robot/__init__.py -> /home/rowanfoxx/Documents/GitHub/LoCoBotRos/build/interbotix_xs_modules/build/lib/interbotix_xs_modules/xs_robot
[2.081s] copying interbotix_xs_modules/xs_robot/arm.py -> /home/rowanfoxx/Documents/GitHub/LoCoBotRos/build/interbotix_xs_modules/build/lib/interbotix_xs_modules/xs_robot
[2.081s] copying interbotix_xs_modules/xs_robot/core.py -> /home/rowanfoxx/Documents/GitHub/LoCoBotRos/build/interbotix_xs_modules/build/lib/interbotix_xs_modules/xs_robot
[2.081s] copying interbotix_xs_modules/xs_robot/create3.py -> /home/rowanfoxx/Documents/GitHub/LoCoBotRos/build/interbotix_xs_modules/build/lib/interbotix_xs_modules/xs_robot
[2.082s] copying interbotix_xs_modules/xs_robot/gravity_compensation.py -> /home/rowanfoxx/Documents/GitHub/LoCoBotRos/build/interbotix_xs_modules/build/lib/interbotix_xs_modules/xs_robot
[2.082s] copying interbotix_xs_modules/xs_robot/gripper.py -> /home/rowanfoxx/Documents/GitHub/LoCoBotRos/build/interbotix_xs_modules/build/lib/interbotix_xs_modules/xs_robot
[2.082s] copying interbotix_xs_modules/xs_robot/hexapod.py -> /home/rowanfoxx/Documents/GitHub/LoCoBotRos/build/interbotix_xs_modules/build/lib/interbotix_xs_modules/xs_robot
[2.082s] copying interbotix_xs_modules/xs_robot/kobuki.py -> /home/rowanfoxx/Documents/GitHub/LoCoBotRos/build/interbotix_xs_modules/build/lib/interbotix_xs_modules/xs_robot
[2.083s] copying interbotix_xs_modules/xs_robot/locobot.py -> /home/rowanfoxx/Documents/GitHub/LoCoBotRos/build/interbotix_xs_modules/build/lib/interbotix_xs_modules/xs_robot
[2.083s] copying interbotix_xs_modules/xs_robot/mobile_base.py -> /home/rowanfoxx/Documents/GitHub/LoCoBotRos/build/interbotix_xs_modules/build/lib/interbotix_xs_modules/xs_robot
[2.083s] copying interbotix_xs_modules/xs_robot/mr_descriptions.py -> /home/rowanfoxx/Documents/GitHub/LoCoBotRos/build/interbotix_xs_modules/build/lib/interbotix_xs_modules/xs_robot
[2.083s] copying interbotix_xs_modules/xs_robot/slate.py -> /home/rowanfoxx/Documents/GitHub/LoCoBotRos/build/interbotix_xs_modules/build/lib/interbotix_xs_modules/xs_robot
[2.083s] copying interbotix_xs_modules/xs_robot/turret.py -> /home/rowanfoxx/Documents/GitHub/LoCoBotRos/build/interbotix_xs_modules/build/lib/interbotix_xs_modules/xs_robot
[2.084s] running install
[2.089s] running install_lib
[2.113s] creating /home/rowanfoxx/Documents/GitHub/LoCoBotRos/install/interbotix_xs_modules/lib/python3.13/site-packages/interbotix_xs_modules
[2.113s] copying /home/rowanfoxx/Documents/GitHub/LoCoBotRos/build/interbotix_xs_modules/build/lib/interbotix_xs_modules/__init__.py -> /home/rowanfoxx/Documents/GitHub/LoCoBotRos/install/interbotix_xs_modules/lib/python3.13/site-packages/interbotix_xs_modules
[2.113s] creating /home/rowanfoxx/Documents/GitHub/LoCoBotRos/install/interbotix_xs_modules/lib/python3.13/site-packages/interbotix_xs_modules/xs_common
[2.113s] copying /home/rowanfoxx/Documents/GitHub/LoCoBotRos/build/interbotix_xs_modules/build/lib/interbotix_xs_modules/xs_common/__init__.py -> /home/rowanfoxx/Documents/GitHub/LoCoBotRos/install/interbotix_xs_modules/lib/python3.13/site-packages/interbotix_xs_modules/xs_common
[2.114s] copying /home/rowanfoxx/Documents/GitHub/LoCoBotRos/build/interbotix_xs_modules/build/lib/interbotix_xs_modules/xs_common/xs_common.py -> /home/rowanfoxx/Documents/GitHub/LoCoBotRos/install/interbotix_xs_modules/lib/python3.13/site-packages/interbotix_xs_modules/xs_common
[2.114s] creating /home/rowanfoxx/Documents/GitHub/LoCoBotRos/install/interbotix_xs_modules/lib/python3.13/site-packages/interbotix_xs_modules/xs_launch
[2.114s] copying /home/rowanfoxx/Documents/GitHub/LoCoBotRos/build/interbotix_xs_modules/build/lib/interbotix_xs_modules/xs_launch/__init__.py -> /home/rowanfoxx/Documents/GitHub/LoCoBotRos/install/interbotix_xs_modules/lib/python3.13/site-packages/interbotix_xs_modules/xs_launch
[2.114s] copying /home/rowanfoxx/Documents/GitHub/LoCoBotRos/build/interbotix_xs_modules/build/lib/interbotix_xs_modules/xs_launch/xs_launch.py -> /home/rowanfoxx/Documents/GitHub/LoCoBotRos/install/interbotix_xs_modules/lib/python3.13/site-packages/interbotix_xs_modules/xs_launch
[2.114s] creating /home/rowanfoxx/Documents/GitHub/LoCoBotRos/install/interbotix_xs_modules/lib/python3.13/site-packages/interbotix_xs_modules/xs_robot
[2.114s] copying /home/rowanfoxx/Documents/GitHub/LoCoBotRos/build/interbotix_xs_modules/build/lib/interbotix_xs_modules/xs_robot/__init__.py -> /home/rowanfoxx/Documents/GitHub/LoCoBotRos/install/interbotix_xs_modules/lib/python3.13/site-packages/interbotix_xs_modules/xs_robot
[2.114s] copying /home/rowanfoxx/Documents/GitHub/LoCoBotRos/build/interbotix_xs_modules/build/lib/interbotix_xs_modules/xs_robot/arm.py -> /home/rowanfoxx/Documents/GitHub/LoCoBotRos/install/interbotix_xs_modules/lib/python3.13/site-packages/interbotix_xs_modules/xs_robot
[2.114s] copying /home/rowanfoxx/Documents/GitHub/LoCoBotRos/build/interbotix_xs_modules/build/lib/interbotix_xs_modules/xs_robot/core.py -> /home/rowanfoxx/Documents/GitHub/LoCoBotRos/install/interbotix_xs_modules/lib/python3.13/site-packages/interbotix_xs_modules/xs_robot
[2.114s] copying /home/rowanfoxx/Documents/GitHub/LoCoBotRos/build/interbotix_xs_modules/build/lib/interbotix_xs_modules/xs_robot/create3.py -> /home/rowanfoxx/Documents/GitHub/LoCoBotRos/install/interbotix_xs_modules/lib/python3.13/site-packages/interbotix_xs_modules/xs_robot
[2.114s] copying /home/rowanfoxx/Documents/GitHub/LoCoBotRos/build/interbotix_xs_modules/build/lib/interbotix_xs_modules/xs_robot/gravity_compensation.py -> /home/rowanfoxx/Documents/GitHub/LoCoBotRos/install/interbotix_xs_modules/lib/python3.13/site-packages/interbotix_xs_modules/xs_robot
[2.114s] copying /home/rowanfoxx/Documents/GitHub/LoCoBotRos/build/interbotix_xs_modules/build/lib/interbotix_xs_modules/xs_robot/gripper.py -> /home/rowanfoxx/Documents/GitHub/LoCoBotRos/install/interbotix_xs_modules/lib/python3.13/site-packages/interbotix_xs_modules/xs_robot
[2.115s] copying /home/rowanfoxx/Documents/GitHub/LoCoBotRos/build/interbotix_xs_modules/build/lib/interbotix_xs_modules/xs_robot/hexapod.py -> /home/rowanfoxx/Documents/GitHub/LoCoBotRos/install/interbotix_xs_modules/lib/python3.13/site-packages/interbotix_xs_modules/xs_robot
[2.115s] copying /home/rowanfoxx/Documents/GitHub/LoCoBotRos/build/interbotix_xs_modules/build/lib/interbotix_xs_modules/xs_robot/kobuki.py -> /home/rowanfoxx/Documents/GitHub/LoCoBotRos/install/interbotix_xs_modules/lib/python3.13/site-packages/interbotix_xs_modules/xs_robot
[2.115s] copying /home/rowanfoxx/Documents/GitHub/LoCoBotRos/build/interbotix_xs_modules/build/lib/interbotix_xs_modules/xs_robot/locobot.py -> /home/rowanfoxx/Documents/GitHub/LoCoBotRos/install/interbotix_xs_modules/lib/python3.13/site-packages/interbotix_xs_modules/xs_robot
[2.115s] copying /home/rowanfoxx/Documents/GitHub/LoCoBotRos/build/interbotix_xs_modules/build/lib/interbotix_xs_modules/xs_robot/mobile_base.py -> /home/rowanfoxx/Documents/GitHub/LoCoBotRos/install/interbotix_xs_modules/lib/python3.13/site-packages/interbotix_xs_modules/xs_robot
[2.115s] copying /home/rowanfoxx/Documents/GitHub/LoCoBotRos/build/interbotix_xs_modules/build/lib/interbotix_xs_modules/xs_robot/mr_descriptions.py -> /home/rowanfoxx/Documents/GitHub/LoCoBotRos/install/interbotix_xs_modules/lib/python3.13/site-packages/interbotix_xs_modules/xs_robot
[2.115s] copying /home/rowanfoxx/Documents/GitHub/LoCoBotRos/build/interbotix_xs_modules/build/lib/interbotix_xs_modules/xs_robot/slate.py -> /home/rowanfoxx/Documents/GitHub/LoCoBotRos/install/interbotix_xs_modules/lib/python3.13/site-packages/interbotix_xs_modules/xs_robot
[2.115s] copying /home/rowanfoxx/Documents/GitHub/LoCoBotRos/build/interbotix_xs_modules/build/lib/interbotix_xs_modules/xs_robot/turret.py -> /home/rowanfoxx/Documents/GitHub/LoCoBotRos/install/interbotix_xs_modules/lib/python3.13/site-packages/interbotix_xs_modules/xs_robot
[2.116s] byte-compiling /home/rowanfoxx/Documents/GitHub/LoCoBotRos/install/interbotix_xs_modules/lib/python3.13/site-packages/interbotix_xs_modules/__init__.py to __init__.cpython-313.pyc
[2.116s] byte-compiling /home/rowanfoxx/Documents/GitHub/LoCoBotRos/install/interbotix_xs_modules/lib/python3.13/site-packages/interbotix_xs_modules/xs_common/__init__.py to __init__.cpython-313.pyc
[2.116s] byte-compiling /home/rowanfoxx/Documents/GitHub/LoCoBotRos/install/interbotix_xs_modules/lib/python3.13/site-packages/interbotix_xs_modules/xs_common/xs_common.py to xs_common.cpython-313.pyc
[2.116s] byte-compiling /home/rowanfoxx/Documents/GitHub/LoCoBotRos/install/interbotix_xs_modules/lib/python3.13/site-packages/interbotix_xs_modules/xs_launch/__init__.py to __init__.cpython-313.pyc
[2.116s] byte-compiling /home/rowanfoxx/Documents/GitHub/LoCoBotRos/install/interbotix_xs_modules/lib/python3.13/site-packages/interbotix_xs_modules/xs_launch/xs_launch.py to xs_launch.cpython-313.pyc
[2.118s] byte-compiling /home/rowanfoxx/Documents/GitHub/LoCoBotRos/install/interbotix_xs_modules/lib/python3.13/site-packages/interbotix_xs_modules/xs_robot/__init__.py to __init__.cpython-313.pyc
[2.118s] byte-compiling /home/rowanfoxx/Documents/GitHub/LoCoBotRos/install/interbotix_xs_modules/lib/python3.13/site-packages/interbotix_xs_modules/xs_robot/arm.py to arm.cpython-313.pyc
[2.121s] byte-compiling /home/rowanfoxx/Documents/GitHub/LoCoBotRos/install/interbotix_xs_modules/lib/python3.13/site-packages/interbotix_xs_modules/xs_robot/core.py to core.cpython-313.pyc
[2.122s] byte-compiling /home/rowanfoxx/Documents/GitHub/LoCoBotRos/install/interbotix_xs_modules/lib/python3.13/site-packages/interbotix_xs_modules/xs_robot/create3.py to create3.cpython-313.pyc
[2.123s] byte-compiling /home/rowanfoxx/Documents/GitHub/LoCoBotRos/install/interbotix_xs_modules/lib/python3.13/site-packages/interbotix_xs_modules/xs_robot/gravity_compensation.py to gravity_compensation.cpython-313.pyc
[2.123s] byte-compiling /home/rowanfoxx/Documents/GitHub/LoCoBotRos/install/interbotix_xs_modules/lib/python3.13/site-packages/interbotix_xs_modules/xs_robot/gripper.py to gripper.cpython-313.pyc
[2.124s] byte-compiling /home/rowanfoxx/Documents/GitHub/LoCoBotRos/install/interbotix_xs_modules/lib/python3.13/site-packages/interbotix_xs_modules/xs_robot/hexapod.py to hexapod.cpython-313.pyc
[2.128s] byte-compiling /home/rowanfoxx/Documents/GitHub/LoCoBotRos/install/interbotix_xs_modules/lib/python3.13/site-packages/interbotix_xs_modules/xs_robot/kobuki.py to kobuki.cpython-313.pyc
[2.129s] byte-compiling /home/rowanfoxx/Documents/GitHub/LoCoBotRos/install/interbotix_xs_modules/lib/python3.13/site-packages/interbotix_xs_modules/xs_robot/locobot.py to locobot.cpython-313.pyc
[2.129s] byte-compiling /home/rowanfoxx/Documents/GitHub/LoCoBotRos/install/interbotix_xs_modules/lib/python3.13/site-packages/interbotix_xs_modules/xs_robot/mobile_base.py to mobile_base.cpython-313.pyc
[2.130s] byte-compiling /home/rowanfoxx/Documents/GitHub/LoCoBotRos/install/interbotix_xs_modules/lib/python3.13/site-packages/interbotix_xs_modules/xs_robot/mr_descriptions.py to mr_descriptions.cpython-313.pyc
[2.131s] byte-compiling /home/rowanfoxx/Documents/GitHub/LoCoBotRos/install/interbotix_xs_modules/lib/python3.13/site-packages/interbotix_xs_modules/xs_robot/slate.py to slate.cpython-313.pyc
[2.132s] byte-compiling /home/rowanfoxx/Documents/GitHub/LoCoBotRos/install/interbotix_xs_modules/lib/python3.13/site-packages/interbotix_xs_modules/xs_robot/turret.py to turret.cpython-313.pyc
[2.133s] running install_data
[2.134s] creating /home/rowanfoxx/Documents/GitHub/LoCoBotRos/install/interbotix_xs_modules/share/ament_index
[2.134s] creating /home/rowanfoxx/Documents/GitHub/LoCoBotRos/install/interbotix_xs_modules/share/ament_index/resource_index
[2.134s] creating /home/rowanfoxx/Documents/GitHub/LoCoBotRos/install/interbotix_xs_modules/share/ament_index/resource_index/packages
[2.134s] copying resource/interbotix_xs_modules -> /home/rowanfoxx/Documents/GitHub/LoCoBotRos/install/interbotix_xs_modules/share/ament_index/resource_index/packages
[2.134s] copying package.xml -> /home/rowanfoxx/Documents/GitHub/LoCoBotRos/install/interbotix_xs_modules/share/interbotix_xs_modules
[2.134s] running install_egg_info
[2.162s] Copying ../../build/interbotix_xs_modules/interbotix_xs_modules.egg-info to /home/rowanfoxx/Documents/GitHub/LoCoBotRos/install/interbotix_xs_modules/lib/python3.13/site-packages/interbotix_xs_modules-0.0.0-py3.13.egg-info
[2.162s] running install_scripts
[2.316s] writing list of installed files to '/home/rowanfoxx/Documents/GitHub/LoCoBotRos/build/interbotix_xs_modules/install.log'
[2.341s] Invoked command in '/home/rowanfoxx/Documents/GitHub/LoCoBotRos/src/interbotix_xs_modules' returned '0': DEBUGINFOD_URLS=https://debuginfod.fedoraproject.org/ PYTHONPATH=/home/rowanfoxx/Documents/GitHub/LoCoBotRos/build/interbotix_xs_modules/prefix_override:/usr/lib/python3.13/site-packages/colcon_core/task/python/colcon_distutils_commands:/home/rowanfoxx/Documents/GitHub/LoCoBotRos/install/interbotix_xs_modules/lib/python3.13/site-packages:${PYTHONPATH} _=/usr/bin/env /usr/bin/python3 -W ignore:setup.py install is deprecated -W ignore:easy_install command is deprecated setup.py egg_info --egg-base ../../build/interbotix_xs_modules build --build-base /home/rowanfoxx/Documents/GitHub/LoCoBotRos/build/interbotix_xs_modules/build install --record /home/rowanfoxx/Documents/GitHub/LoCoBotRos/build/interbotix_xs_modules/install.log --single-version-externally-managed install_data
