[0.012s] Invoking command in '/home/locobot/LoCoBotRos/interbotix_ws/build/ecl_time': AMENT_PREFIX_PATH=/home/locobot/LoCoBotRos/interbotix_ws/install/ecl_time_lite:/home/locobot/LoCoBotRos/interbotix_ws/install/ecl_exceptions:/home/locobot/LoCoBotRos/interbotix_ws/install/ecl_errors:/home/locobot/LoCoBotRos/interbotix_ws/install/ecl_config:${AMENT_PREFIX_PATH} CMAKE_PREFIX_PATH=/home/locobot/LoCoBotRos/interbotix_ws/install/ecl_time_lite:/home/locobot/LoCoBotRos/interbotix_ws/install/ecl_exceptions:/home/locobot/LoCoBotRos/interbotix_ws/install/ecl_errors:/home/locobot/LoCoBotRos/interbotix_ws/install/ecl_config:/home/locobot/apriltag_ws/install/apriltag_ros:/opt/ros/humble LD_LIBRARY_PATH=/home/locobot/LoCoBotRos/interbotix_ws/install/ecl_time_lite/lib:/home/locobot/LoCoBotRos/interbotix_ws/install/ecl_exceptions/lib:/home/locobot/LoCoBotRos/interbotix_ws/install/ecl_errors/lib:${LD_LIBRARY_PATH} PATH=/home/locobot/LoCoBotRos/interbotix_ws/install/ecl_config/bin:${PATH} /usr/bin/cmake /home/locobot/LoCoBotRos/interbotix_ws/src/ecl_core/ecl_time -DCMAKE_BUILD_TYPE=Release -DCMAKE_INSTALL_PREFIX=/home/locobot/LoCoBotRos/interbotix_ws/install/ecl_time
[0.023s] -- Found ament_cmake_ros: 0.10.0 (/opt/ros/humble/share/ament_cmake_ros/cmake)
[0.115s] -- Found ecl_build: 1.0.3 (/opt/ros/humble/share/ecl_build/cmake)
[0.119s] -- Found ecl_config: 1.2.0 (/home/locobot/LoCoBotRos/interbotix_ws/install/ecl_config/share/ecl_config/cmake)
[0.120s] -- Found ecl_errors: 1.2.0 (/home/locobot/LoCoBotRos/interbotix_ws/install/ecl_errors/share/ecl_errors/cmake)
[0.121s] -- Found ecl_exceptions: 1.2.1 (/home/locobot/LoCoBotRos/interbotix_ws/install/ecl_exceptions/share/ecl_exceptions/cmake)
[0.124s] -- Found ecl_time_lite: 1.2.0 (/home/locobot/LoCoBotRos/interbotix_ws/install/ecl_time_lite/share/ecl_time_lite/cmake)
[0.176s] -- Found ament_lint_auto: 0.12.12 (/opt/ros/humble/share/ament_lint_auto/cmake)
[0.181s] -- Found gtest sources under '/opt/ros/humble/src/gtest_vendor': C++ tests using 'Google Test' will be built
[0.200s] -- Configuring done
[0.228s] -- Generating done
[0.236s] -- Build files have been written to: /home/locobot/LoCoBotRos/interbotix_ws/build/ecl_time
[0.240s] Invoked command in '/home/locobot/LoCoBotRos/interbotix_ws/build/ecl_time' returned '0': AMENT_PREFIX_PATH=/home/locobot/LoCoBotRos/interbotix_ws/install/ecl_time_lite:/home/locobot/LoCoBotRos/interbotix_ws/install/ecl_exceptions:/home/locobot/LoCoBotRos/interbotix_ws/install/ecl_errors:/home/locobot/LoCoBotRos/interbotix_ws/install/ecl_config:${AMENT_PREFIX_PATH} CMAKE_PREFIX_PATH=/home/locobot/LoCoBotRos/interbotix_ws/install/ecl_time_lite:/home/locobot/LoCoBotRos/interbotix_ws/install/ecl_exceptions:/home/locobot/LoCoBotRos/interbotix_ws/install/ecl_errors:/home/locobot/LoCoBotRos/interbotix_ws/install/ecl_config:/home/locobot/apriltag_ws/install/apriltag_ros:/opt/ros/humble LD_LIBRARY_PATH=/home/locobot/LoCoBotRos/interbotix_ws/install/ecl_time_lite/lib:/home/locobot/LoCoBotRos/interbotix_ws/install/ecl_exceptions/lib:/home/locobot/LoCoBotRos/interbotix_ws/install/ecl_errors/lib:${LD_LIBRARY_PATH} PATH=/home/locobot/LoCoBotRos/interbotix_ws/install/ecl_config/bin:${PATH} /usr/bin/cmake /home/locobot/LoCoBotRos/interbotix_ws/src/ecl_core/ecl_time -DCMAKE_BUILD_TYPE=Release -DCMAKE_INSTALL_PREFIX=/home/locobot/LoCoBotRos/interbotix_ws/install/ecl_time
[0.241s] Invoking command in '/home/locobot/LoCoBotRos/interbotix_ws/build/ecl_time': AMENT_PREFIX_PATH=/home/locobot/LoCoBotRos/interbotix_ws/install/ecl_time_lite:/home/locobot/LoCoBotRos/interbotix_ws/install/ecl_exceptions:/home/locobot/LoCoBotRos/interbotix_ws/install/ecl_errors:/home/locobot/LoCoBotRos/interbotix_ws/install/ecl_config:${AMENT_PREFIX_PATH} CMAKE_PREFIX_PATH=/home/locobot/LoCoBotRos/interbotix_ws/install/ecl_time_lite:/home/locobot/LoCoBotRos/interbotix_ws/install/ecl_exceptions:/home/locobot/LoCoBotRos/interbotix_ws/install/ecl_errors:/home/locobot/LoCoBotRos/interbotix_ws/install/ecl_config:/home/locobot/apriltag_ws/install/apriltag_ros:/opt/ros/humble LD_LIBRARY_PATH=/home/locobot/LoCoBotRos/interbotix_ws/install/ecl_time_lite/lib:/home/locobot/LoCoBotRos/interbotix_ws/install/ecl_exceptions/lib:/home/locobot/LoCoBotRos/interbotix_ws/install/ecl_errors/lib:${LD_LIBRARY_PATH} PATH=/home/locobot/LoCoBotRos/interbotix_ws/install/ecl_config/bin:${PATH} /usr/bin/cmake --build /home/locobot/LoCoBotRos/interbotix_ws/build/ecl_time -- -j16 -l16
[0.271s] [35m[1mConsolidate compiler generated dependencies of target gtest[0m
[0.273s] [35m[1mConsolidate compiler generated dependencies of target gtest_main[0m
[0.276s] [35m[1mConsolidate compiler generated dependencies of target ecl_time[0m
[0.282s] [  2%] [32mBuilding CXX object gtest/CMakeFiles/gtest.dir/src/gtest-all.cc.o[0m
[0.282s] [  5%] [32mBuilding CXX object gtest/CMakeFiles/gtest_main.dir/src/gtest_main.cc.o[0m
[0.290s] [  8%] [32mBuilding CXX object src/lib/CMakeFiles/ecl_time.dir/frequency.cpp.o[0m
[0.290s] [ 11%] [32mBuilding CXX object src/lib/CMakeFiles/ecl_time.dir/snooze_win.cpp.o[0m
[0.290s] [ 14%] [32mBuilding CXX object src/lib/CMakeFiles/ecl_time.dir/snooze_pos.cpp.o[0m
[0.291s] [ 17%] [32mBuilding CXX object src/lib/CMakeFiles/ecl_time.dir/cpuwatch_rt.cpp.o[0m
[0.291s] [ 20%] [32mBuilding CXX object src/lib/CMakeFiles/ecl_time.dir/sleep_win.cpp.o[0m
[0.291s] [ 23%] [32mBuilding CXX object src/lib/CMakeFiles/ecl_time.dir/sleep_pos.cpp.o[0m
[0.292s] [ 26%] [32mBuilding CXX object src/lib/CMakeFiles/ecl_time.dir/stopwatch.cpp.o[0m
[0.292s] [ 29%] [32mBuilding CXX object src/lib/CMakeFiles/ecl_time.dir/timestamp_base.cpp.o[0m
[0.293s] [ 32%] [32mBuilding CXX object src/lib/CMakeFiles/ecl_time.dir/timestamp_pos.cpp.o[0m
[0.293s] [ 35%] [32mBuilding CXX object src/lib/CMakeFiles/ecl_time.dir/timestamp_win.cpp.o[0m
[0.293s] [ 38%] [32mBuilding CXX object src/lib/CMakeFiles/ecl_time.dir/time_data.cpp.o[0m
[0.624s] [ 41%] [32m[1mLinking CXX shared library libecl_time.so[0m
[0.704s] [ 41%] Built target ecl_time
[0.714s] [35m[1mConsolidate compiler generated dependencies of target ecl_time_example_random_number_generator[0m
[0.714s] [35m[1mConsolidate compiler generated dependencies of target ecl_time_example_sleep[0m
[0.724s] [ 47%] [32mBuilding CXX object src/examples/CMakeFiles/ecl_time_example_sleep.dir/sleep.cpp.o[0m
[0.725s] [ 47%] [32mBuilding CXX object src/examples/CMakeFiles/ecl_time_example_random_number_generator.dir/random_number_generator.cpp.o[0m
[0.901s] [ 50%] [32m[1mLinking CXX static library libgtest_main.a[0m
[0.930s] [ 50%] Built target gtest_main
[0.952s] [ 52%] [32m[1mLinking CXX executable demo_sleep[0m
[1.007s] [ 55%] [32m[1mLinking CXX executable demo_random_number_generator[0m
[1.012s] [ 55%] Built target ecl_time_example_sleep
[1.069s] [ 55%] Built target ecl_time_example_random_number_generator
[5.468s] [ 58%] [32m[1mLinking CXX static library libgtest.a[0m
[5.496s] [ 58%] Built target gtest
[5.505s] [35m[1mConsolidate compiler generated dependencies of target ecl_test_sleep[0m
[5.505s] [35m[1mConsolidate compiler generated dependencies of target ecl_test_timestamp[0m
[5.505s] [35m[1mConsolidate compiler generated dependencies of target ecl_test_stopwatch[0m
[5.505s] [35m[1mConsolidate compiler generated dependencies of target ecl_test_snooze[0m
[5.506s] [35m[1mConsolidate compiler generated dependencies of target ecl_test_frequency[0m
[5.506s] [35m[1mConsolidate compiler generated dependencies of target ecl_test_cpuwatch_rt[0m
[5.506s] [35m[1mConsolidate compiler generated dependencies of target ecl_test_time_data[0m
[5.515s] [ 61%] [32mBuilding CXX object src/test/CMakeFiles/ecl_test_stopwatch.dir/stopwatch.cpp.o[0m
[5.515s] [ 64%] [32mBuilding CXX object src/test/CMakeFiles/ecl_test_time_data.dir/time_data.cpp.o[0m
[5.516s] [ 67%] [32mBuilding CXX object src/test/CMakeFiles/ecl_test_snooze.dir/snooze.cpp.o[0m
[5.516s] [ 70%] [32mBuilding CXX object src/test/CMakeFiles/ecl_test_cpuwatch_rt.dir/cpuwatch_rt.cpp.o[0m
[5.516s] [ 73%] [32mBuilding CXX object src/test/CMakeFiles/ecl_test_frequency.dir/frequency.cpp.o[0m
[5.516s] [ 79%] [32mBuilding CXX object src/test/CMakeFiles/ecl_test_sleep.dir/sleep.cpp.o[0m
[5.516s] [ 79%] [32mBuilding CXX object src/test/CMakeFiles/ecl_test_timestamp.dir/timestamp.cpp.o[0m
[6.195s] [ 85%] [32m[1mLinking CXX executable ecl_test_cpuwatch_rt[0m
[6.196s] [ 85%] [32m[1mLinking CXX executable ecl_test_stopwatch[0m
[6.250s] [ 88%] [32m[1mLinking CXX executable ecl_test_frequency[0m
[6.260s] [ 91%] [32m[1mLinking CXX executable ecl_test_sleep[0m
[6.295s] [ 91%] Built target ecl_test_stopwatch
[6.296s] [ 91%] Built target ecl_test_cpuwatch_rt
[6.347s] [ 91%] Built target ecl_test_sleep
[6.362s] [ 91%] Built target ecl_test_frequency
[6.413s] [ 94%] [32m[1mLinking CXX executable ecl_test_time_data[0m
[6.428s] [ 97%] [32m[1mLinking CXX executable ecl_test_snooze[0m
[6.486s] [ 97%] Built target ecl_test_time_data
[6.502s] [ 97%] Built target ecl_test_snooze
[7.609s] [100%] [32m[1mLinking CXX executable ecl_test_timestamp[0m
[7.672s] [100%] Built target ecl_test_timestamp
[7.682s] Invoked command in '/home/locobot/LoCoBotRos/interbotix_ws/build/ecl_time' returned '0': AMENT_PREFIX_PATH=/home/locobot/LoCoBotRos/interbotix_ws/install/ecl_time_lite:/home/locobot/LoCoBotRos/interbotix_ws/install/ecl_exceptions:/home/locobot/LoCoBotRos/interbotix_ws/install/ecl_errors:/home/locobot/LoCoBotRos/interbotix_ws/install/ecl_config:${AMENT_PREFIX_PATH} CMAKE_PREFIX_PATH=/home/locobot/LoCoBotRos/interbotix_ws/install/ecl_time_lite:/home/locobot/LoCoBotRos/interbotix_ws/install/ecl_exceptions:/home/locobot/LoCoBotRos/interbotix_ws/install/ecl_errors:/home/locobot/LoCoBotRos/interbotix_ws/install/ecl_config:/home/locobot/apriltag_ws/install/apriltag_ros:/opt/ros/humble LD_LIBRARY_PATH=/home/locobot/LoCoBotRos/interbotix_ws/install/ecl_time_lite/lib:/home/locobot/LoCoBotRos/interbotix_ws/install/ecl_exceptions/lib:/home/locobot/LoCoBotRos/interbotix_ws/install/ecl_errors/lib:${LD_LIBRARY_PATH} PATH=/home/locobot/LoCoBotRos/interbotix_ws/install/ecl_config/bin:${PATH} /usr/bin/cmake --build /home/locobot/LoCoBotRos/interbotix_ws/build/ecl_time -- -j16 -l16
[7.683s] Invoking command in '/home/locobot/LoCoBotRos/interbotix_ws/build/ecl_time': AMENT_PREFIX_PATH=/home/locobot/LoCoBotRos/interbotix_ws/install/ecl_time_lite:/home/locobot/LoCoBotRos/interbotix_ws/install/ecl_exceptions:/home/locobot/LoCoBotRos/interbotix_ws/install/ecl_errors:/home/locobot/LoCoBotRos/interbotix_ws/install/ecl_config:${AMENT_PREFIX_PATH} CMAKE_PREFIX_PATH=/home/locobot/LoCoBotRos/interbotix_ws/install/ecl_time_lite:/home/locobot/LoCoBotRos/interbotix_ws/install/ecl_exceptions:/home/locobot/LoCoBotRos/interbotix_ws/install/ecl_errors:/home/locobot/LoCoBotRos/interbotix_ws/install/ecl_config:/home/locobot/apriltag_ws/install/apriltag_ros:/opt/ros/humble LD_LIBRARY_PATH=/home/locobot/LoCoBotRos/interbotix_ws/install/ecl_time_lite/lib:/home/locobot/LoCoBotRos/interbotix_ws/install/ecl_exceptions/lib:/home/locobot/LoCoBotRos/interbotix_ws/install/ecl_errors/lib:${LD_LIBRARY_PATH} PATH=/home/locobot/LoCoBotRos/interbotix_ws/install/ecl_config/bin:${PATH} /usr/bin/cmake --install /home/locobot/LoCoBotRos/interbotix_ws/build/ecl_time
[7.689s] -- Install configuration: "Release"
[7.690s] -- Up-to-date: /home/locobot/LoCoBotRos/interbotix_ws/install/ecl_time/share/ecl_time/environment/library_path.sh
[7.690s] -- Installing: /home/locobot/LoCoBotRos/interbotix_ws/install/ecl_time/share/ecl_time/environment/library_path.dsv
[7.691s] -- Up-to-date: /home/locobot/LoCoBotRos/interbotix_ws/install/ecl_time/share/ament_index/resource_index/package_run_dependencies/ecl_time
[7.691s] -- Installing: /home/locobot/LoCoBotRos/interbotix_ws/install/ecl_time/share/ament_index/resource_index/parent_prefix_path/ecl_time
[7.691s] -- Up-to-date: /home/locobot/LoCoBotRos/interbotix_ws/install/ecl_time/share/ecl_time/environment/ament_prefix_path.sh
[7.691s] -- Installing: /home/locobot/LoCoBotRos/interbotix_ws/install/ecl_time/share/ecl_time/environment/ament_prefix_path.dsv
[7.691s] -- Up-to-date: /home/locobot/LoCoBotRos/interbotix_ws/install/ecl_time/share/ecl_time/environment/path.sh
[7.691s] -- Installing: /home/locobot/LoCoBotRos/interbotix_ws/install/ecl_time/share/ecl_time/environment/path.dsv
[7.691s] -- Up-to-date: /home/locobot/LoCoBotRos/interbotix_ws/install/ecl_time/share/ecl_time/local_setup.bash
[7.691s] -- Up-to-date: /home/locobot/LoCoBotRos/interbotix_ws/install/ecl_time/share/ecl_time/local_setup.sh
[7.691s] -- Up-to-date: /home/locobot/LoCoBotRos/interbotix_ws/install/ecl_time/share/ecl_time/local_setup.zsh
[7.692s] -- Installing: /home/locobot/LoCoBotRos/interbotix_ws/install/ecl_time/share/ecl_time/local_setup.dsv
[7.692s] -- Installing: /home/locobot/LoCoBotRos/interbotix_ws/install/ecl_time/share/ecl_time/package.dsv
[7.692s] -- Up-to-date: /home/locobot/LoCoBotRos/interbotix_ws/install/ecl_time/share/ament_index/resource_index/packages/ecl_time
[7.692s] -- Up-to-date: /home/locobot/LoCoBotRos/interbotix_ws/install/ecl_time/share/ecl_time/cmake/ecl_timeExport.cmake
[7.692s] -- Installing: /home/locobot/LoCoBotRos/interbotix_ws/install/ecl_time/share/ecl_time/cmake/ecl_timeExport-release.cmake
[7.692s] -- Up-to-date: /home/locobot/LoCoBotRos/interbotix_ws/install/ecl_time/share/ecl_time/cmake/ament_cmake_export_targets-extras.cmake
[7.692s] -- Up-to-date: /home/locobot/LoCoBotRos/interbotix_ws/install/ecl_time/share/ecl_time/cmake/ament_cmake_export_include_directories-extras.cmake
[7.693s] -- Up-to-date: /home/locobot/LoCoBotRos/interbotix_ws/install/ecl_time/share/ecl_time/cmake/ament_cmake_export_libraries-extras.cmake
[7.693s] -- Up-to-date: /home/locobot/LoCoBotRos/interbotix_ws/install/ecl_time/share/ecl_time/cmake/ament_cmake_export_dependencies-extras.cmake
[7.693s] -- Up-to-date: /home/locobot/LoCoBotRos/interbotix_ws/install/ecl_time/share/ecl_time/cmake/ecl_timeConfig.cmake
[7.693s] -- Up-to-date: /home/locobot/LoCoBotRos/interbotix_ws/install/ecl_time/share/ecl_time/cmake/ecl_timeConfig-version.cmake
[7.693s] -- Up-to-date: /home/locobot/LoCoBotRos/interbotix_ws/install/ecl_time/share/ecl_time/package.xml
[7.693s] -- Up-to-date: /home/locobot/LoCoBotRos/interbotix_ws/install/ecl_time/include/ecl/time.hpp
[7.693s] -- Up-to-date: /home/locobot/LoCoBotRos/interbotix_ws/install/ecl_time/include/ecl/time/cpuwatch.hpp
[7.693s] -- Up-to-date: /home/locobot/LoCoBotRos/interbotix_ws/install/ecl_time/include/ecl/time/cpuwatch_rt.hpp
[7.693s] -- Up-to-date: /home/locobot/LoCoBotRos/interbotix_ws/install/ecl_time/include/ecl/time/duration.hpp
[7.693s] -- Up-to-date: /home/locobot/LoCoBotRos/interbotix_ws/install/ecl_time/include/ecl/time/frequency.hpp
[7.693s] -- Up-to-date: /home/locobot/LoCoBotRos/interbotix_ws/install/ecl_time/include/ecl/time/macros.hpp
[7.694s] -- Up-to-date: /home/locobot/LoCoBotRos/interbotix_ws/install/ecl_time/include/ecl/time/random_number_generator.hpp
[7.694s] -- Up-to-date: /home/locobot/LoCoBotRos/interbotix_ws/install/ecl_time/include/ecl/time/sleep.hpp
[7.694s] -- Up-to-date: /home/locobot/LoCoBotRos/interbotix_ws/install/ecl_time/include/ecl/time/sleep_pos.hpp
[7.694s] -- Up-to-date: /home/locobot/LoCoBotRos/interbotix_ws/install/ecl_time/include/ecl/time/sleep_win.hpp
[7.694s] -- Up-to-date: /home/locobot/LoCoBotRos/interbotix_ws/install/ecl_time/include/ecl/time/snooze.hpp
[7.694s] -- Up-to-date: /home/locobot/LoCoBotRos/interbotix_ws/install/ecl_time/include/ecl/time/snooze_pos.hpp
[7.694s] -- Up-to-date: /home/locobot/LoCoBotRos/interbotix_ws/install/ecl_time/include/ecl/time/snooze_win.hpp
[7.694s] -- Up-to-date: /home/locobot/LoCoBotRos/interbotix_ws/install/ecl_time/include/ecl/time/stopwatch.hpp
[7.694s] -- Up-to-date: /home/locobot/LoCoBotRos/interbotix_ws/install/ecl_time/include/ecl/time/time_data.hpp
[7.694s] -- Up-to-date: /home/locobot/LoCoBotRos/interbotix_ws/install/ecl_time/include/ecl/time/timestamp.hpp
[7.694s] -- Up-to-date: /home/locobot/LoCoBotRos/interbotix_ws/install/ecl_time/include/ecl/time/timestamp_base.hpp
[7.694s] -- Up-to-date: /home/locobot/LoCoBotRos/interbotix_ws/install/ecl_time/include/ecl/time/timestamp_pos.hpp
[7.694s] -- Up-to-date: /home/locobot/LoCoBotRos/interbotix_ws/install/ecl_time/include/ecl/time/timestamp_win.hpp
[7.696s] -- Installing: /home/locobot/LoCoBotRos/interbotix_ws/install/ecl_time/lib/libecl_time.so.1.2.1
[7.696s] -- Set runtime path of "/home/locobot/LoCoBotRos/interbotix_ws/install/ecl_time/lib/libecl_time.so.1.2.1" to ""
[7.696s] -- Up-to-date: /home/locobot/LoCoBotRos/interbotix_ws/install/ecl_time/lib/libecl_time.so
[7.697s] -- Installing: /home/locobot/LoCoBotRos/interbotix_ws/install/ecl_time/lib/ecl_time/demo_random_number_generator
[7.697s] -- Set runtime path of "/home/locobot/LoCoBotRos/interbotix_ws/install/ecl_time/lib/ecl_time/demo_random_number_generator" to ""
[7.698s] -- Installing: /home/locobot/LoCoBotRos/interbotix_ws/install/ecl_time/lib/ecl_time/demo_sleep
[7.698s] -- Set runtime path of "/home/locobot/LoCoBotRos/interbotix_ws/install/ecl_time/lib/ecl_time/demo_sleep" to ""
[7.699s] Invoked command in '/home/locobot/LoCoBotRos/interbotix_ws/build/ecl_time' returned '0': AMENT_PREFIX_PATH=/home/locobot/LoCoBotRos/interbotix_ws/install/ecl_time_lite:/home/locobot/LoCoBotRos/interbotix_ws/install/ecl_exceptions:/home/locobot/LoCoBotRos/interbotix_ws/install/ecl_errors:/home/locobot/LoCoBotRos/interbotix_ws/install/ecl_config:${AMENT_PREFIX_PATH} CMAKE_PREFIX_PATH=/home/locobot/LoCoBotRos/interbotix_ws/install/ecl_time_lite:/home/locobot/LoCoBotRos/interbotix_ws/install/ecl_exceptions:/home/locobot/LoCoBotRos/interbotix_ws/install/ecl_errors:/home/locobot/LoCoBotRos/interbotix_ws/install/ecl_config:/home/locobot/apriltag_ws/install/apriltag_ros:/opt/ros/humble LD_LIBRARY_PATH=/home/locobot/LoCoBotRos/interbotix_ws/install/ecl_time_lite/lib:/home/locobot/LoCoBotRos/interbotix_ws/install/ecl_exceptions/lib:/home/locobot/LoCoBotRos/interbotix_ws/install/ecl_errors/lib:${LD_LIBRARY_PATH} PATH=/home/locobot/LoCoBotRos/interbotix_ws/install/ecl_config/bin:${PATH} /usr/bin/cmake --install /home/locobot/LoCoBotRos/interbotix_ws/build/ecl_time
