[0.072s] Invoking command in '/home/locobot/LoCoBotRos/interbotix_ws/build/moveit_ros_control_interface': AMENT_PREFIX_PATH=/home/locobot/LoCoBotRos/interbotix_ws/install/moveit_simple_controller_manager:/home/locobot/LoCoBotRos/interbotix_ws/install/moveit_core:/home/locobot/LoCoBotRos/interbotix_ws/install/moveit_resources_panda_moveit_config:/home/locobot/LoCoBotRos/interbotix_ws/install/srdfdom:/home/locobot/LoCoBotRos/interbotix_ws/install/moveit_resources_pr2_description:/home/locobot/LoCoBotRos/interbotix_ws/install/moveit_resources_panda_description:/home/locobot/LoCoBotRos/interbotix_ws/install/moveit_common:${AMENT_PREFIX_PATH} CMAKE_PREFIX_PATH=/home/locobot/LoCoBotRos/interbotix_ws/install/moveit_simple_controller_manager:/home/locobot/LoCoBotRos/interbotix_ws/install/moveit_core:/home/locobot/LoCoBotRos/interbotix_ws/install/moveit_resources_panda_moveit_config:/home/locobot/LoCoBotRos/interbotix_ws/install/srdfdom:/home/locobot/LoCoBotRos/interbotix_ws/install/moveit_resources_pr2_description:/home/locobot/LoCoBotRos/interbotix_ws/install/moveit_resources_panda_description:/home/locobot/LoCoBotRos/interbotix_ws/install/moveit_common:/home/locobot/apriltag_ws/install/apriltag_ros:/opt/ros/humble LD_LIBRARY_PATH=/home/locobot/LoCoBotRos/interbotix_ws/install/moveit_simple_controller_manager/lib:/home/locobot/LoCoBotRos/interbotix_ws/install/moveit_core/lib:/home/locobot/LoCoBotRos/interbotix_ws/install/srdfdom/lib:${LD_LIBRARY_PATH} PATH=/home/locobot/LoCoBotRos/interbotix_ws/install/moveit_core/bin:${PATH} PYTHONPATH=/home/locobot/LoCoBotRos/interbotix_ws/install/srdfdom/local/lib/python3.10/dist-packages:${PYTHONPATH} /usr/bin/cmake /home/locobot/LoCoBotRos/interbotix_ws/src/moveit2/moveit_plugins/moveit_ros_control_interface -DCMAKE_INSTALL_PREFIX=/home/locobot/LoCoBotRos/interbotix_ws/install/moveit_ros_control_interface
[0.076s] -- Found ament_cmake: 1.3.11 (/opt/ros/humble/share/ament_cmake/cmake)
[0.241s] -- Found rclcpp_action: 16.0.12 (/opt/ros/humble/share/rclcpp_action/cmake)
[0.275s] -- Found rosidl_generator_c: 3.1.6 (/opt/ros/humble/share/rosidl_generator_c/cmake)
[0.278s] -- Found rosidl_adapter: 3.1.6 (/opt/ros/humble/share/rosidl_adapter/cmake)
[0.285s] -- Found rosidl_generator_cpp: 3.1.6 (/opt/ros/humble/share/rosidl_generator_cpp/cmake)
[0.295s] -- Using all available rosidl_typesupport_c: rosidl_typesupport_fastrtps_c;rosidl_typesupport_introspection_c
[0.313s] -- Using all available rosidl_typesupport_cpp: rosidl_typesupport_fastrtps_cpp;rosidl_typesupport_introspection_cpp
[0.390s] -- Found rmw_implementation_cmake: 6.1.2 (/opt/ros/humble/share/rmw_implementation_cmake/cmake)
[0.392s] -- Found rmw_fastrtps_cpp: 6.2.7 (/opt/ros/humble/share/rmw_fastrtps_cpp/cmake)
[0.517s] -- Using RMW implementation 'rmw_fastrtps_cpp' as default
[0.594s] -- Found controller_manager_msgs: 2.51.0 (/opt/ros/humble/share/controller_manager_msgs/cmake)
[0.628s] -- Found moveit_core: 2.5.9 (/home/locobot/LoCoBotRos/interbotix_ws/install/moveit_core/share/moveit_core/cmake)
[0.646s] -- Found Boost: /usr/lib/x86_64-linux-gnu/cmake/Boost-1.74.0/BoostConfig.cmake (found version "1.74.0") found components: chrono date_time filesystem iostreams program_options regex serialization system thread 
[0.700s] -- Found parameter_traits: 0.5.0 (/opt/ros/humble/share/parameter_traits/cmake)
[0.708s] -- Found rclcpp_lifecycle: 16.0.12 (/opt/ros/humble/share/rclcpp_lifecycle/cmake)
[0.722s] -- Found Boost: /usr/lib/x86_64-linux-gnu/cmake/Boost-1.74.0/BoostConfig.cmake (found version "1.74.0") found components: filesystem 
[0.769s] -- library: /usr/lib/x86_64-linux-gnu/libcurl.so
[0.846s] -- Ensuring Eigen3 include directory is part of orocos-kdl CMake target
[1.084s] -- Found moveit_simple_controller_manager: 2.5.9 (/home/locobot/LoCoBotRos/interbotix_ws/install/moveit_simple_controller_manager/share/moveit_simple_controller_manager/cmake)
[1.089s] -- Found Boost: /usr/lib/x86_64-linux-gnu/cmake/Boost-1.74.0/BoostConfig.cmake (found version "1.74.0") found components: thread 
[1.130s] -- Found moveit_common: 2.5.9 (/home/locobot/LoCoBotRos/interbotix_ws/install/moveit_common/share/moveit_common/cmake)
[1.218s] -- Found Boost: /usr/lib/x86_64-linux-gnu/cmake/Boost-1.74.0/BoostConfig.cmake (found version "1.74.0") found components: system thread 
[1.242s] -- Found ament_cmake_gtest: 1.3.11 (/opt/ros/humble/share/ament_cmake_gtest/cmake)
[1.242s] -- Found gtest sources under '/opt/ros/humble/src/gtest_vendor': C++ tests using 'Google Test' will be built
[1.252s] -- Configuring done
[1.370s] -- Generating done
[1.405s] -- Build files have been written to: /home/locobot/LoCoBotRos/interbotix_ws/build/moveit_ros_control_interface
[1.431s] Invoked command in '/home/locobot/LoCoBotRos/interbotix_ws/build/moveit_ros_control_interface' returned '0': AMENT_PREFIX_PATH=/home/locobot/LoCoBotRos/interbotix_ws/install/moveit_simple_controller_manager:/home/locobot/LoCoBotRos/interbotix_ws/install/moveit_core:/home/locobot/LoCoBotRos/interbotix_ws/install/moveit_resources_panda_moveit_config:/home/locobot/LoCoBotRos/interbotix_ws/install/srdfdom:/home/locobot/LoCoBotRos/interbotix_ws/install/moveit_resources_pr2_description:/home/locobot/LoCoBotRos/interbotix_ws/install/moveit_resources_panda_description:/home/locobot/LoCoBotRos/interbotix_ws/install/moveit_common:${AMENT_PREFIX_PATH} CMAKE_PREFIX_PATH=/home/locobot/LoCoBotRos/interbotix_ws/install/moveit_simple_controller_manager:/home/locobot/LoCoBotRos/interbotix_ws/install/moveit_core:/home/locobot/LoCoBotRos/interbotix_ws/install/moveit_resources_panda_moveit_config:/home/locobot/LoCoBotRos/interbotix_ws/install/srdfdom:/home/locobot/LoCoBotRos/interbotix_ws/install/moveit_resources_pr2_description:/home/locobot/LoCoBotRos/interbotix_ws/install/moveit_resources_panda_description:/home/locobot/LoCoBotRos/interbotix_ws/install/moveit_common:/home/locobot/apriltag_ws/install/apriltag_ros:/opt/ros/humble LD_LIBRARY_PATH=/home/locobot/LoCoBotRos/interbotix_ws/install/moveit_simple_controller_manager/lib:/home/locobot/LoCoBotRos/interbotix_ws/install/moveit_core/lib:/home/locobot/LoCoBotRos/interbotix_ws/install/srdfdom/lib:${LD_LIBRARY_PATH} PATH=/home/locobot/LoCoBotRos/interbotix_ws/install/moveit_core/bin:${PATH} PYTHONPATH=/home/locobot/LoCoBotRos/interbotix_ws/install/srdfdom/local/lib/python3.10/dist-packages:${PYTHONPATH} /usr/bin/cmake /home/locobot/LoCoBotRos/interbotix_ws/src/moveit2/moveit_plugins/moveit_ros_control_interface -DCMAKE_INSTALL_PREFIX=/home/locobot/LoCoBotRos/interbotix_ws/install/moveit_ros_control_interface
[1.433s] Invoking command in '/home/locobot/LoCoBotRos/interbotix_ws/build/moveit_ros_control_interface': AMENT_PREFIX_PATH=/home/locobot/LoCoBotRos/interbotix_ws/install/moveit_simple_controller_manager:/home/locobot/LoCoBotRos/interbotix_ws/install/moveit_core:/home/locobot/LoCoBotRos/interbotix_ws/install/moveit_resources_panda_moveit_config:/home/locobot/LoCoBotRos/interbotix_ws/install/srdfdom:/home/locobot/LoCoBotRos/interbotix_ws/install/moveit_resources_pr2_description:/home/locobot/LoCoBotRos/interbotix_ws/install/moveit_resources_panda_description:/home/locobot/LoCoBotRos/interbotix_ws/install/moveit_common:${AMENT_PREFIX_PATH} CMAKE_PREFIX_PATH=/home/locobot/LoCoBotRos/interbotix_ws/install/moveit_simple_controller_manager:/home/locobot/LoCoBotRos/interbotix_ws/install/moveit_core:/home/locobot/LoCoBotRos/interbotix_ws/install/moveit_resources_panda_moveit_config:/home/locobot/LoCoBotRos/interbotix_ws/install/srdfdom:/home/locobot/LoCoBotRos/interbotix_ws/install/moveit_resources_pr2_description:/home/locobot/LoCoBotRos/interbotix_ws/install/moveit_resources_panda_description:/home/locobot/LoCoBotRos/interbotix_ws/install/moveit_common:/home/locobot/apriltag_ws/install/apriltag_ros:/opt/ros/humble LD_LIBRARY_PATH=/home/locobot/LoCoBotRos/interbotix_ws/install/moveit_simple_controller_manager/lib:/home/locobot/LoCoBotRos/interbotix_ws/install/moveit_core/lib:/home/locobot/LoCoBotRos/interbotix_ws/install/srdfdom/lib:${LD_LIBRARY_PATH} PATH=/home/locobot/LoCoBotRos/interbotix_ws/install/moveit_core/bin:${PATH} PYTHONPATH=/home/locobot/LoCoBotRos/interbotix_ws/install/srdfdom/local/lib/python3.10/dist-packages:${PYTHONPATH} /usr/bin/cmake --build /home/locobot/LoCoBotRos/interbotix_ws/build/moveit_ros_control_interface -- -j16 -l16
[1.477s] [35m[1mConsolidate compiler generated dependencies of target gtest[0m
[1.478s] [35m[1mConsolidate compiler generated dependencies of target gtest_main[0m
[1.479s] [35m[1mConsolidate compiler generated dependencies of target moveit_ros_control_interface_empty_plugin[0m
[1.479s] [35m[1mConsolidate compiler generated dependencies of target moveit_ros_control_interface_trajectory_plugin[0m
[1.479s] [35m[1mConsolidate compiler generated dependencies of target moveit_ros_control_interface_gripper_plugin[0m
[1.479s] [35m[1mConsolidate compiler generated dependencies of target moveit_ros_control_interface_plugin[0m
[1.495s] [ 21%] Built target gtest_main
[1.495s] [ 28%] Built target gtest
[1.500s] [ 42%] Built target moveit_ros_control_interface_gripper_plugin
[1.500s] [ 57%] Built target moveit_ros_control_interface_empty_plugin
[1.501s] [ 71%] Built target moveit_ros_control_interface_trajectory_plugin
[1.507s] [ 85%] Built target moveit_ros_control_interface_plugin
[1.518s] [35m[1mConsolidate compiler generated dependencies of target test_controller_manager_plugin[0m
[1.537s] [100%] Built target test_controller_manager_plugin
[1.553s] Invoked command in '/home/locobot/LoCoBotRos/interbotix_ws/build/moveit_ros_control_interface' returned '0': AMENT_PREFIX_PATH=/home/locobot/LoCoBotRos/interbotix_ws/install/moveit_simple_controller_manager:/home/locobot/LoCoBotRos/interbotix_ws/install/moveit_core:/home/locobot/LoCoBotRos/interbotix_ws/install/moveit_resources_panda_moveit_config:/home/locobot/LoCoBotRos/interbotix_ws/install/srdfdom:/home/locobot/LoCoBotRos/interbotix_ws/install/moveit_resources_pr2_description:/home/locobot/LoCoBotRos/interbotix_ws/install/moveit_resources_panda_description:/home/locobot/LoCoBotRos/interbotix_ws/install/moveit_common:${AMENT_PREFIX_PATH} CMAKE_PREFIX_PATH=/home/locobot/LoCoBotRos/interbotix_ws/install/moveit_simple_controller_manager:/home/locobot/LoCoBotRos/interbotix_ws/install/moveit_core:/home/locobot/LoCoBotRos/interbotix_ws/install/moveit_resources_panda_moveit_config:/home/locobot/LoCoBotRos/interbotix_ws/install/srdfdom:/home/locobot/LoCoBotRos/interbotix_ws/install/moveit_resources_pr2_description:/home/locobot/LoCoBotRos/interbotix_ws/install/moveit_resources_panda_description:/home/locobot/LoCoBotRos/interbotix_ws/install/moveit_common:/home/locobot/apriltag_ws/install/apriltag_ros:/opt/ros/humble LD_LIBRARY_PATH=/home/locobot/LoCoBotRos/interbotix_ws/install/moveit_simple_controller_manager/lib:/home/locobot/LoCoBotRos/interbotix_ws/install/moveit_core/lib:/home/locobot/LoCoBotRos/interbotix_ws/install/srdfdom/lib:${LD_LIBRARY_PATH} PATH=/home/locobot/LoCoBotRos/interbotix_ws/install/moveit_core/bin:${PATH} PYTHONPATH=/home/locobot/LoCoBotRos/interbotix_ws/install/srdfdom/local/lib/python3.10/dist-packages:${PYTHONPATH} /usr/bin/cmake --build /home/locobot/LoCoBotRos/interbotix_ws/build/moveit_ros_control_interface -- -j16 -l16
[1.555s] Invoking command in '/home/locobot/LoCoBotRos/interbotix_ws/build/moveit_ros_control_interface': AMENT_PREFIX_PATH=/home/locobot/LoCoBotRos/interbotix_ws/install/moveit_simple_controller_manager:/home/locobot/LoCoBotRos/interbotix_ws/install/moveit_core:/home/locobot/LoCoBotRos/interbotix_ws/install/moveit_resources_panda_moveit_config:/home/locobot/LoCoBotRos/interbotix_ws/install/srdfdom:/home/locobot/LoCoBotRos/interbotix_ws/install/moveit_resources_pr2_description:/home/locobot/LoCoBotRos/interbotix_ws/install/moveit_resources_panda_description:/home/locobot/LoCoBotRos/interbotix_ws/install/moveit_common:${AMENT_PREFIX_PATH} CMAKE_PREFIX_PATH=/home/locobot/LoCoBotRos/interbotix_ws/install/moveit_simple_controller_manager:/home/locobot/LoCoBotRos/interbotix_ws/install/moveit_core:/home/locobot/LoCoBotRos/interbotix_ws/install/moveit_resources_panda_moveit_config:/home/locobot/LoCoBotRos/interbotix_ws/install/srdfdom:/home/locobot/LoCoBotRos/interbotix_ws/install/moveit_resources_pr2_description:/home/locobot/LoCoBotRos/interbotix_ws/install/moveit_resources_panda_description:/home/locobot/LoCoBotRos/interbotix_ws/install/moveit_common:/home/locobot/apriltag_ws/install/apriltag_ros:/opt/ros/humble LD_LIBRARY_PATH=/home/locobot/LoCoBotRos/interbotix_ws/install/moveit_simple_controller_manager/lib:/home/locobot/LoCoBotRos/interbotix_ws/install/moveit_core/lib:/home/locobot/LoCoBotRos/interbotix_ws/install/srdfdom/lib:${LD_LIBRARY_PATH} PATH=/home/locobot/LoCoBotRos/interbotix_ws/install/moveit_core/bin:${PATH} PYTHONPATH=/home/locobot/LoCoBotRos/interbotix_ws/install/srdfdom/local/lib/python3.10/dist-packages:${PYTHONPATH} /usr/bin/cmake --install /home/locobot/LoCoBotRos/interbotix_ws/build/moveit_ros_control_interface
[1.561s] -- Install configuration: "Release"
[1.562s] -- Up-to-date: /home/locobot/LoCoBotRos/interbotix_ws/install/moveit_ros_control_interface/lib/libmoveit_ros_control_interface_plugin.so.2.5.9
[1.562s] -- Up-to-date: /home/locobot/LoCoBotRos/interbotix_ws/install/moveit_ros_control_interface/lib/libmoveit_ros_control_interface_plugin.so
[1.563s] -- Up-to-date: /home/locobot/LoCoBotRos/interbotix_ws/install/moveit_ros_control_interface/lib/libmoveit_ros_control_interface_trajectory_plugin.so.2.5.9
[1.563s] -- Up-to-date: /home/locobot/LoCoBotRos/interbotix_ws/install/moveit_ros_control_interface/lib/libmoveit_ros_control_interface_trajectory_plugin.so
[1.563s] -- Up-to-date: /home/locobot/LoCoBotRos/interbotix_ws/install/moveit_ros_control_interface/lib/libmoveit_ros_control_interface_gripper_plugin.so.2.5.9
[1.563s] -- Up-to-date: /home/locobot/LoCoBotRos/interbotix_ws/install/moveit_ros_control_interface/lib/libmoveit_ros_control_interface_gripper_plugin.so
[1.564s] -- Up-to-date: /home/locobot/LoCoBotRos/interbotix_ws/install/moveit_ros_control_interface/lib/libmoveit_ros_control_interface_empty_plugin.so.2.5.9
[1.565s] -- Up-to-date: /home/locobot/LoCoBotRos/interbotix_ws/install/moveit_ros_control_interface/lib/libmoveit_ros_control_interface_empty_plugin.so
[1.565s] -- Up-to-date: /home/locobot/LoCoBotRos/interbotix_ws/install/moveit_ros_control_interface/include
[1.565s] -- Up-to-date: /home/locobot/LoCoBotRos/interbotix_ws/install/moveit_ros_control_interface/include/moveit_ros_control_interface
[1.565s] -- Up-to-date: /home/locobot/LoCoBotRos/interbotix_ws/install/moveit_ros_control_interface/include/moveit_ros_control_interface/ControllerHandle.h
[1.565s] -- Up-to-date: /home/locobot/LoCoBotRos/interbotix_ws/install/moveit_ros_control_interface/share/moveit_ros_control_interface/moveit_core_plugins.xml
[1.565s] -- Up-to-date: /home/locobot/LoCoBotRos/interbotix_ws/install/moveit_ros_control_interface/share/moveit_ros_control_interface/moveit_ros_control_interface_plugins.xml
[1.565s] -- Up-to-date: /home/locobot/LoCoBotRos/interbotix_ws/install/moveit_ros_control_interface/share/moveit_ros_control_interface/environment/library_path.sh
[1.565s] -- Installing: /home/locobot/LoCoBotRos/interbotix_ws/install/moveit_ros_control_interface/share/moveit_ros_control_interface/environment/library_path.dsv
[1.565s] -- Up-to-date: /home/locobot/LoCoBotRos/interbotix_ws/install/moveit_ros_control_interface/share/ament_index/resource_index/package_run_dependencies/moveit_ros_control_interface
[1.565s] -- Up-to-date: /home/locobot/LoCoBotRos/interbotix_ws/install/moveit_ros_control_interface/share/ament_index/resource_index/parent_prefix_path/moveit_ros_control_interface
[1.565s] -- Up-to-date: /home/locobot/LoCoBotRos/interbotix_ws/install/moveit_ros_control_interface/share/moveit_ros_control_interface/environment/ament_prefix_path.sh
[1.566s] -- Installing: /home/locobot/LoCoBotRos/interbotix_ws/install/moveit_ros_control_interface/share/moveit_ros_control_interface/environment/ament_prefix_path.dsv
[1.566s] -- Up-to-date: /home/locobot/LoCoBotRos/interbotix_ws/install/moveit_ros_control_interface/share/moveit_ros_control_interface/environment/path.sh
[1.566s] -- Installing: /home/locobot/LoCoBotRos/interbotix_ws/install/moveit_ros_control_interface/share/moveit_ros_control_interface/environment/path.dsv
[1.566s] -- Up-to-date: /home/locobot/LoCoBotRos/interbotix_ws/install/moveit_ros_control_interface/share/moveit_ros_control_interface/local_setup.bash
[1.566s] -- Up-to-date: /home/locobot/LoCoBotRos/interbotix_ws/install/moveit_ros_control_interface/share/moveit_ros_control_interface/local_setup.sh
[1.566s] -- Up-to-date: /home/locobot/LoCoBotRos/interbotix_ws/install/moveit_ros_control_interface/share/moveit_ros_control_interface/local_setup.zsh
[1.566s] -- Installing: /home/locobot/LoCoBotRos/interbotix_ws/install/moveit_ros_control_interface/share/moveit_ros_control_interface/local_setup.dsv
[1.566s] -- Installing: /home/locobot/LoCoBotRos/interbotix_ws/install/moveit_ros_control_interface/share/moveit_ros_control_interface/package.dsv
[1.566s] -- Up-to-date: /home/locobot/LoCoBotRos/interbotix_ws/install/moveit_ros_control_interface/share/ament_index/resource_index/packages/moveit_ros_control_interface
[1.566s] -- Up-to-date: /home/locobot/LoCoBotRos/interbotix_ws/install/moveit_ros_control_interface/share/ament_index/resource_index/moveit_core__pluginlib__plugin/moveit_ros_control_interface
[1.566s] -- Up-to-date: /home/locobot/LoCoBotRos/interbotix_ws/install/moveit_ros_control_interface/share/ament_index/resource_index/moveit_ros_control_interface__pluginlib__plugin/moveit_ros_control_interface
[1.567s] -- Up-to-date: /home/locobot/LoCoBotRos/interbotix_ws/install/moveit_ros_control_interface/share/moveit_ros_control_interface/cmake/export_moveit_ros_control_interfaceExport.cmake
[1.567s] -- Up-to-date: /home/locobot/LoCoBotRos/interbotix_ws/install/moveit_ros_control_interface/share/moveit_ros_control_interface/cmake/export_moveit_ros_control_interfaceExport-release.cmake
[1.567s] -- Up-to-date: /home/locobot/LoCoBotRos/interbotix_ws/install/moveit_ros_control_interface/share/moveit_ros_control_interface/cmake/ConfigExtras.cmake
[1.567s] -- Up-to-date: /home/locobot/LoCoBotRos/interbotix_ws/install/moveit_ros_control_interface/share/moveit_ros_control_interface/cmake/ament_cmake_export_targets-extras.cmake
[1.567s] -- Up-to-date: /home/locobot/LoCoBotRos/interbotix_ws/install/moveit_ros_control_interface/share/moveit_ros_control_interface/cmake/ament_cmake_export_dependencies-extras.cmake
[1.567s] -- Up-to-date: /home/locobot/LoCoBotRos/interbotix_ws/install/moveit_ros_control_interface/share/moveit_ros_control_interface/cmake/moveit_ros_control_interfaceConfig.cmake
[1.567s] -- Up-to-date: /home/locobot/LoCoBotRos/interbotix_ws/install/moveit_ros_control_interface/share/moveit_ros_control_interface/cmake/moveit_ros_control_interfaceConfig-version.cmake
[1.567s] -- Up-to-date: /home/locobot/LoCoBotRos/interbotix_ws/install/moveit_ros_control_interface/share/moveit_ros_control_interface/package.xml
[1.570s] Invoked command in '/home/locobot/LoCoBotRos/interbotix_ws/build/moveit_ros_control_interface' returned '0': AMENT_PREFIX_PATH=/home/locobot/LoCoBotRos/interbotix_ws/install/moveit_simple_controller_manager:/home/locobot/LoCoBotRos/interbotix_ws/install/moveit_core:/home/locobot/LoCoBotRos/interbotix_ws/install/moveit_resources_panda_moveit_config:/home/locobot/LoCoBotRos/interbotix_ws/install/srdfdom:/home/locobot/LoCoBotRos/interbotix_ws/install/moveit_resources_pr2_description:/home/locobot/LoCoBotRos/interbotix_ws/install/moveit_resources_panda_description:/home/locobot/LoCoBotRos/interbotix_ws/install/moveit_common:${AMENT_PREFIX_PATH} CMAKE_PREFIX_PATH=/home/locobot/LoCoBotRos/interbotix_ws/install/moveit_simple_controller_manager:/home/locobot/LoCoBotRos/interbotix_ws/install/moveit_core:/home/locobot/LoCoBotRos/interbotix_ws/install/moveit_resources_panda_moveit_config:/home/locobot/LoCoBotRos/interbotix_ws/install/srdfdom:/home/locobot/LoCoBotRos/interbotix_ws/install/moveit_resources_pr2_description:/home/locobot/LoCoBotRos/interbotix_ws/install/moveit_resources_panda_description:/home/locobot/LoCoBotRos/interbotix_ws/install/moveit_common:/home/locobot/apriltag_ws/install/apriltag_ros:/opt/ros/humble LD_LIBRARY_PATH=/home/locobot/LoCoBotRos/interbotix_ws/install/moveit_simple_controller_manager/lib:/home/locobot/LoCoBotRos/interbotix_ws/install/moveit_core/lib:/home/locobot/LoCoBotRos/interbotix_ws/install/srdfdom/lib:${LD_LIBRARY_PATH} PATH=/home/locobot/LoCoBotRos/interbotix_ws/install/moveit_core/bin:${PATH} PYTHONPATH=/home/locobot/LoCoBotRos/interbotix_ws/install/srdfdom/local/lib/python3.10/dist-packages:${PYTHONPATH} /usr/bin/cmake --install /home/locobot/LoCoBotRos/interbotix_ws/build/moveit_ros_control_interface
