[0.016s] Invoking command in '/home/locobot/LoCoBotRos/interbotix_ws/build/ecl_containers': AMENT_PREFIX_PATH=/home/locobot/LoCoBotRos/interbotix_ws/install/ecl_formatters:/home/locobot/LoCoBotRos/interbotix_ws/install/ecl_utilities:/home/locobot/LoCoBotRos/interbotix_ws/install/ecl_converters:/home/locobot/LoCoBotRos/interbotix_ws/install/ecl_exceptions:/home/locobot/LoCoBotRos/interbotix_ws/install/ecl_concepts:/home/locobot/LoCoBotRos/interbotix_ws/install/ecl_type_traits:/home/locobot/LoCoBotRos/interbotix_ws/install/ecl_errors:/home/locobot/LoCoBotRos/interbotix_ws/install/ecl_mpl:/home/locobot/LoCoBotRos/interbotix_ws/install/ecl_config:${AMENT_PREFIX_PATH} CMAKE_PREFIX_PATH=/home/locobot/LoCoBotRos/interbotix_ws/install/ecl_formatters:/home/locobot/LoCoBotRos/interbotix_ws/install/ecl_utilities:/home/locobot/LoCoBotRos/interbotix_ws/install/ecl_converters:/home/locobot/LoCoBotRos/interbotix_ws/install/ecl_exceptions:/home/locobot/LoCoBotRos/interbotix_ws/install/ecl_concepts:/home/locobot/LoCoBotRos/interbotix_ws/install/ecl_type_traits:/home/locobot/LoCoBotRos/interbotix_ws/install/ecl_errors:/home/locobot/LoCoBotRos/interbotix_ws/install/ecl_mpl:/home/locobot/LoCoBotRos/interbotix_ws/install/ecl_config:/home/locobot/apriltag_ws/install/apriltag_ros:/opt/ros/humble LD_LIBRARY_PATH=/home/locobot/LoCoBotRos/interbotix_ws/install/ecl_formatters/lib:/home/locobot/LoCoBotRos/interbotix_ws/install/ecl_exceptions/lib:/home/locobot/LoCoBotRos/interbotix_ws/install/ecl_type_traits/lib:/home/locobot/LoCoBotRos/interbotix_ws/install/ecl_errors/lib:${LD_LIBRARY_PATH} PATH=/home/locobot/LoCoBotRos/interbotix_ws/install/ecl_type_traits/bin:/home/locobot/LoCoBotRos/interbotix_ws/install/ecl_config/bin:${PATH} /usr/bin/cmake --build /home/locobot/LoCoBotRos/interbotix_ws/build/ecl_containers -- -j16 -l16
[0.054s] [ 33%] Built target gtest
[0.054s] [ 33%] Built target gtest_main
[0.054s] [ 33%] Built target ecl_demo_formatters
[0.073s] [ 66%] Built target ecl_test_arrays
[0.073s] [ 66%] Built target ecl_test_stencil
[0.073s] [ 66%] Built target ecl_test_fifo
[0.074s] [ 77%] Built target ecl_test_container_converters
[0.077s] [100%] Built target ecl_test_push_and_pop
[0.077s] [100%] Built target ecl_test_arrays_mem_check
[0.087s] Invoked command in '/home/locobot/LoCoBotRos/interbotix_ws/build/ecl_containers' returned '0': AMENT_PREFIX_PATH=/home/locobot/LoCoBotRos/interbotix_ws/install/ecl_formatters:/home/locobot/LoCoBotRos/interbotix_ws/install/ecl_utilities:/home/locobot/LoCoBotRos/interbotix_ws/install/ecl_converters:/home/locobot/LoCoBotRos/interbotix_ws/install/ecl_exceptions:/home/locobot/LoCoBotRos/interbotix_ws/install/ecl_concepts:/home/locobot/LoCoBotRos/interbotix_ws/install/ecl_type_traits:/home/locobot/LoCoBotRos/interbotix_ws/install/ecl_errors:/home/locobot/LoCoBotRos/interbotix_ws/install/ecl_mpl:/home/locobot/LoCoBotRos/interbotix_ws/install/ecl_config:${AMENT_PREFIX_PATH} CMAKE_PREFIX_PATH=/home/locobot/LoCoBotRos/interbotix_ws/install/ecl_formatters:/home/locobot/LoCoBotRos/interbotix_ws/install/ecl_utilities:/home/locobot/LoCoBotRos/interbotix_ws/install/ecl_converters:/home/locobot/LoCoBotRos/interbotix_ws/install/ecl_exceptions:/home/locobot/LoCoBotRos/interbotix_ws/install/ecl_concepts:/home/locobot/LoCoBotRos/interbotix_ws/install/ecl_type_traits:/home/locobot/LoCoBotRos/interbotix_ws/install/ecl_errors:/home/locobot/LoCoBotRos/interbotix_ws/install/ecl_mpl:/home/locobot/LoCoBotRos/interbotix_ws/install/ecl_config:/home/locobot/apriltag_ws/install/apriltag_ros:/opt/ros/humble LD_LIBRARY_PATH=/home/locobot/LoCoBotRos/interbotix_ws/install/ecl_formatters/lib:/home/locobot/LoCoBotRos/interbotix_ws/install/ecl_exceptions/lib:/home/locobot/LoCoBotRos/interbotix_ws/install/ecl_type_traits/lib:/home/locobot/LoCoBotRos/interbotix_ws/install/ecl_errors/lib:${LD_LIBRARY_PATH} PATH=/home/locobot/LoCoBotRos/interbotix_ws/install/ecl_type_traits/bin:/home/locobot/LoCoBotRos/interbotix_ws/install/ecl_config/bin:${PATH} /usr/bin/cmake --build /home/locobot/LoCoBotRos/interbotix_ws/build/ecl_containers -- -j16 -l16
[0.089s] Invoking command in '/home/locobot/LoCoBotRos/interbotix_ws/build/ecl_containers': AMENT_PREFIX_PATH=/home/locobot/LoCoBotRos/interbotix_ws/install/ecl_formatters:/home/locobot/LoCoBotRos/interbotix_ws/install/ecl_utilities:/home/locobot/LoCoBotRos/interbotix_ws/install/ecl_converters:/home/locobot/LoCoBotRos/interbotix_ws/install/ecl_exceptions:/home/locobot/LoCoBotRos/interbotix_ws/install/ecl_concepts:/home/locobot/LoCoBotRos/interbotix_ws/install/ecl_type_traits:/home/locobot/LoCoBotRos/interbotix_ws/install/ecl_errors:/home/locobot/LoCoBotRos/interbotix_ws/install/ecl_mpl:/home/locobot/LoCoBotRos/interbotix_ws/install/ecl_config:${AMENT_PREFIX_PATH} CMAKE_PREFIX_PATH=/home/locobot/LoCoBotRos/interbotix_ws/install/ecl_formatters:/home/locobot/LoCoBotRos/interbotix_ws/install/ecl_utilities:/home/locobot/LoCoBotRos/interbotix_ws/install/ecl_converters:/home/locobot/LoCoBotRos/interbotix_ws/install/ecl_exceptions:/home/locobot/LoCoBotRos/interbotix_ws/install/ecl_concepts:/home/locobot/LoCoBotRos/interbotix_ws/install/ecl_type_traits:/home/locobot/LoCoBotRos/interbotix_ws/install/ecl_errors:/home/locobot/LoCoBotRos/interbotix_ws/install/ecl_mpl:/home/locobot/LoCoBotRos/interbotix_ws/install/ecl_config:/home/locobot/apriltag_ws/install/apriltag_ros:/opt/ros/humble LD_LIBRARY_PATH=/home/locobot/LoCoBotRos/interbotix_ws/install/ecl_formatters/lib:/home/locobot/LoCoBotRos/interbotix_ws/install/ecl_exceptions/lib:/home/locobot/LoCoBotRos/interbotix_ws/install/ecl_type_traits/lib:/home/locobot/LoCoBotRos/interbotix_ws/install/ecl_errors/lib:${LD_LIBRARY_PATH} PATH=/home/locobot/LoCoBotRos/interbotix_ws/install/ecl_type_traits/bin:/home/locobot/LoCoBotRos/interbotix_ws/install/ecl_config/bin:${PATH} /usr/bin/cmake --install /home/locobot/LoCoBotRos/interbotix_ws/build/ecl_containers
[0.097s] -- Install configuration: "Release"
[0.097s] -- Up-to-date: /home/locobot/LoCoBotRos/interbotix_ws/install/ecl_containers/share/ament_index/resource_index/package_run_dependencies/ecl_containers
[0.097s] -- Up-to-date: /home/locobot/LoCoBotRos/interbotix_ws/install/ecl_containers/share/ament_index/resource_index/parent_prefix_path/ecl_containers
[0.097s] -- Up-to-date: /home/locobot/LoCoBotRos/interbotix_ws/install/ecl_containers/share/ecl_containers/environment/ament_prefix_path.sh
[0.097s] -- Up-to-date: /home/locobot/LoCoBotRos/interbotix_ws/install/ecl_containers/share/ecl_containers/environment/ament_prefix_path.dsv
[0.097s] -- Up-to-date: /home/locobot/LoCoBotRos/interbotix_ws/install/ecl_containers/share/ecl_containers/environment/path.sh
[0.097s] -- Up-to-date: /home/locobot/LoCoBotRos/interbotix_ws/install/ecl_containers/share/ecl_containers/environment/path.dsv
[0.097s] -- Up-to-date: /home/locobot/LoCoBotRos/interbotix_ws/install/ecl_containers/share/ecl_containers/local_setup.bash
[0.097s] -- Up-to-date: /home/locobot/LoCoBotRos/interbotix_ws/install/ecl_containers/share/ecl_containers/local_setup.sh
[0.097s] -- Up-to-date: /home/locobot/LoCoBotRos/interbotix_ws/install/ecl_containers/share/ecl_containers/local_setup.zsh
[0.097s] -- Up-to-date: /home/locobot/LoCoBotRos/interbotix_ws/install/ecl_containers/share/ecl_containers/local_setup.dsv
[0.098s] -- Installing: /home/locobot/LoCoBotRos/interbotix_ws/install/ecl_containers/share/ecl_containers/package.dsv
[0.098s] -- Up-to-date: /home/locobot/LoCoBotRos/interbotix_ws/install/ecl_containers/share/ament_index/resource_index/packages/ecl_containers
[0.098s] -- Up-to-date: /home/locobot/LoCoBotRos/interbotix_ws/install/ecl_containers/share/ecl_containers/cmake/ecl_containersExport.cmake
[0.098s] -- Up-to-date: /home/locobot/LoCoBotRos/interbotix_ws/install/ecl_containers/share/ecl_containers/cmake/ament_cmake_export_targets-extras.cmake
[0.098s] -- Up-to-date: /home/locobot/LoCoBotRos/interbotix_ws/install/ecl_containers/share/ecl_containers/cmake/ament_cmake_export_include_directories-extras.cmake
[0.098s] -- Up-to-date: /home/locobot/LoCoBotRos/interbotix_ws/install/ecl_containers/share/ecl_containers/cmake/ament_cmake_export_dependencies-extras.cmake
[0.098s] -- Up-to-date: /home/locobot/LoCoBotRos/interbotix_ws/install/ecl_containers/share/ecl_containers/cmake/ecl_containersConfig.cmake
[0.098s] -- Up-to-date: /home/locobot/LoCoBotRos/interbotix_ws/install/ecl_containers/share/ecl_containers/cmake/ecl_containersConfig-version.cmake
[0.098s] -- Up-to-date: /home/locobot/LoCoBotRos/interbotix_ws/install/ecl_containers/share/ecl_containers/package.xml
[0.098s] -- Up-to-date: /home/locobot/LoCoBotRos/interbotix_ws/install/ecl_containers/include/ecl/containers.hpp
[0.098s] -- Up-to-date: /home/locobot/LoCoBotRos/interbotix_ws/install/ecl_containers/include/ecl/containers/array.hpp
[0.098s] -- Up-to-date: /home/locobot/LoCoBotRos/interbotix_ws/install/ecl_containers/include/ecl/containers/converters.hpp
[0.098s] -- Up-to-date: /home/locobot/LoCoBotRos/interbotix_ws/install/ecl_containers/include/ecl/containers/definitions.hpp
[0.098s] -- Up-to-date: /home/locobot/LoCoBotRos/interbotix_ws/install/ecl_containers/include/ecl/containers/fifo.hpp
[0.098s] -- Up-to-date: /home/locobot/LoCoBotRos/interbotix_ws/install/ecl_containers/include/ecl/containers/initialiser.hpp
[0.098s] -- Up-to-date: /home/locobot/LoCoBotRos/interbotix_ws/install/ecl_containers/include/ecl/containers/push_and_pop.hpp
[0.099s] -- Up-to-date: /home/locobot/LoCoBotRos/interbotix_ws/install/ecl_containers/include/ecl/containers/stencil.hpp
[0.099s] -- Up-to-date: /home/locobot/LoCoBotRos/interbotix_ws/install/ecl_containers/include/ecl/containers/common/formatters.hpp
[0.099s] -- Up-to-date: /home/locobot/LoCoBotRos/interbotix_ws/install/ecl_containers/include/ecl/containers/array/array_dynamic_mem_check.hpp
[0.099s] -- Up-to-date: /home/locobot/LoCoBotRos/interbotix_ws/install/ecl_containers/include/ecl/containers/array/array_dynamic_no_mem_check.hpp
[0.099s] -- Up-to-date: /home/locobot/LoCoBotRos/interbotix_ws/install/ecl_containers/include/ecl/containers/array/array_mem_check.hpp
[0.099s] -- Up-to-date: /home/locobot/LoCoBotRos/interbotix_ws/install/ecl_containers/include/ecl/containers/array/array_no_mem_check.hpp
[0.099s] -- Up-to-date: /home/locobot/LoCoBotRos/interbotix_ws/install/ecl_containers/include/ecl/containers/array/converters.hpp
[0.099s] -- Up-to-date: /home/locobot/LoCoBotRos/interbotix_ws/install/ecl_containers/include/ecl/containers/array/formatters.hpp
[0.099s] -- Up-to-date: /home/locobot/LoCoBotRos/interbotix_ws/install/ecl_containers/include/ecl/containers/push_and_pop/formatters.hpp
[0.099s] -- Up-to-date: /home/locobot/LoCoBotRos/interbotix_ws/install/ecl_containers/include/ecl/containers/push_and_pop/push_and_pop_dynamic.hpp
[0.099s] -- Up-to-date: /home/locobot/LoCoBotRos/interbotix_ws/install/ecl_containers/include/ecl/containers/push_and_pop/push_and_pop_fixed.hpp
[0.099s] -- Up-to-date: /home/locobot/LoCoBotRos/interbotix_ws/install/ecl_containers/include/ecl/containers/stencil/converters.hpp
[0.099s] -- Up-to-date: /home/locobot/LoCoBotRos/interbotix_ws/install/ecl_containers/include/ecl/containers/stencil/formatters.hpp
[0.099s] -- Up-to-date: /home/locobot/LoCoBotRos/interbotix_ws/install/ecl_containers/include/ecl/containers/stencil/specialisations.hpp
[0.099s] -- Up-to-date: /home/locobot/LoCoBotRos/interbotix_ws/install/ecl_containers/include/ecl/containers/stencil/stencil.hpp
[0.099s] -- Up-to-date: /home/locobot/LoCoBotRos/interbotix_ws/install/ecl_containers/lib/ecl_containers/demo_formatters
[0.102s] Invoked command in '/home/locobot/LoCoBotRos/interbotix_ws/build/ecl_containers' returned '0': AMENT_PREFIX_PATH=/home/locobot/LoCoBotRos/interbotix_ws/install/ecl_formatters:/home/locobot/LoCoBotRos/interbotix_ws/install/ecl_utilities:/home/locobot/LoCoBotRos/interbotix_ws/install/ecl_converters:/home/locobot/LoCoBotRos/interbotix_ws/install/ecl_exceptions:/home/locobot/LoCoBotRos/interbotix_ws/install/ecl_concepts:/home/locobot/LoCoBotRos/interbotix_ws/install/ecl_type_traits:/home/locobot/LoCoBotRos/interbotix_ws/install/ecl_errors:/home/locobot/LoCoBotRos/interbotix_ws/install/ecl_mpl:/home/locobot/LoCoBotRos/interbotix_ws/install/ecl_config:${AMENT_PREFIX_PATH} CMAKE_PREFIX_PATH=/home/locobot/LoCoBotRos/interbotix_ws/install/ecl_formatters:/home/locobot/LoCoBotRos/interbotix_ws/install/ecl_utilities:/home/locobot/LoCoBotRos/interbotix_ws/install/ecl_converters:/home/locobot/LoCoBotRos/interbotix_ws/install/ecl_exceptions:/home/locobot/LoCoBotRos/interbotix_ws/install/ecl_concepts:/home/locobot/LoCoBotRos/interbotix_ws/install/ecl_type_traits:/home/locobot/LoCoBotRos/interbotix_ws/install/ecl_errors:/home/locobot/LoCoBotRos/interbotix_ws/install/ecl_mpl:/home/locobot/LoCoBotRos/interbotix_ws/install/ecl_config:/home/locobot/apriltag_ws/install/apriltag_ros:/opt/ros/humble LD_LIBRARY_PATH=/home/locobot/LoCoBotRos/interbotix_ws/install/ecl_formatters/lib:/home/locobot/LoCoBotRos/interbotix_ws/install/ecl_exceptions/lib:/home/locobot/LoCoBotRos/interbotix_ws/install/ecl_type_traits/lib:/home/locobot/LoCoBotRos/interbotix_ws/install/ecl_errors/lib:${LD_LIBRARY_PATH} PATH=/home/locobot/LoCoBotRos/interbotix_ws/install/ecl_type_traits/bin:/home/locobot/LoCoBotRos/interbotix_ws/install/ecl_config/bin:${PATH} /usr/bin/cmake --install /home/locobot/LoCoBotRos/interbotix_ws/build/ecl_containers
