[0.008s] Invoking command in '/home/locobot/LoCoBotRos/interbotix_ws/build/ecl_filesystem': AMENT_PREFIX_PATH=/home/locobot/LoCoBotRos/interbotix_ws/install/ecl_errors:/home/locobot/LoCoBotRos/interbotix_ws/install/ecl_config:${AMENT_PREFIX_PATH} CMAKE_PREFIX_PATH=/home/locobot/LoCoBotRos/interbotix_ws/install/ecl_errors:/home/locobot/LoCoBotRos/interbotix_ws/install/ecl_config:/home/locobot/apriltag_ws/install/apriltag_ros:/opt/ros/humble LD_LIBRARY_PATH=/home/locobot/LoCoBotRos/interbotix_ws/install/ecl_errors/lib:${LD_LIBRARY_PATH} PATH=/home/locobot/LoCoBotRos/interbotix_ws/install/ecl_config/bin:${PATH} /usr/bin/cmake --build /home/locobot/LoCoBotRos/interbotix_ws/build/ecl_filesystem -- -j16 -l16
[0.038s] [35m[1mConsolidate compiler generated dependencies of target ecl_filesystem[0m
[0.038s] [35m[1mConsolidate compiler generated dependencies of target gtest_main[0m
[0.038s] [35m[1mConsolidate compiler generated dependencies of target gtest[0m
[0.048s] [ 50%] Built target ecl_filesystem
[0.048s] [ 50%] Built target gtest_main
[0.048s] [ 75%] Built target gtest
[0.056s] [35m[1mConsolidate compiler generated dependencies of target ecl_test_realpath[0m
[0.066s] [100%] Built target ecl_test_realpath
[0.074s] Invoked command in '/home/locobot/LoCoBotRos/interbotix_ws/build/ecl_filesystem' returned '0': AMENT_PREFIX_PATH=/home/locobot/LoCoBotRos/interbotix_ws/install/ecl_errors:/home/locobot/LoCoBotRos/interbotix_ws/install/ecl_config:${AMENT_PREFIX_PATH} CMAKE_PREFIX_PATH=/home/locobot/LoCoBotRos/interbotix_ws/install/ecl_errors:/home/locobot/LoCoBotRos/interbotix_ws/install/ecl_config:/home/locobot/apriltag_ws/install/apriltag_ros:/opt/ros/humble LD_LIBRARY_PATH=/home/locobot/LoCoBotRos/interbotix_ws/install/ecl_errors/lib:${LD_LIBRARY_PATH} PATH=/home/locobot/LoCoBotRos/interbotix_ws/install/ecl_config/bin:${PATH} /usr/bin/cmake --build /home/locobot/LoCoBotRos/interbotix_ws/build/ecl_filesystem -- -j16 -l16
[0.075s] Invoking command in '/home/locobot/LoCoBotRos/interbotix_ws/build/ecl_filesystem': AMENT_PREFIX_PATH=/home/locobot/LoCoBotRos/interbotix_ws/install/ecl_errors:/home/locobot/LoCoBotRos/interbotix_ws/install/ecl_config:${AMENT_PREFIX_PATH} CMAKE_PREFIX_PATH=/home/locobot/LoCoBotRos/interbotix_ws/install/ecl_errors:/home/locobot/LoCoBotRos/interbotix_ws/install/ecl_config:/home/locobot/apriltag_ws/install/apriltag_ros:/opt/ros/humble LD_LIBRARY_PATH=/home/locobot/LoCoBotRos/interbotix_ws/install/ecl_errors/lib:${LD_LIBRARY_PATH} PATH=/home/locobot/LoCoBotRos/interbotix_ws/install/ecl_config/bin:${PATH} /usr/bin/cmake --install /home/locobot/LoCoBotRos/interbotix_ws/build/ecl_filesystem
[0.080s] -- Install configuration: "Release"
[0.081s] -- Up-to-date: /home/locobot/LoCoBotRos/interbotix_ws/install/ecl_filesystem/share/ecl_filesystem/environment/library_path.sh
[0.081s] -- Up-to-date: /home/locobot/LoCoBotRos/interbotix_ws/install/ecl_filesystem/share/ecl_filesystem/environment/library_path.dsv
[0.081s] -- Up-to-date: /home/locobot/LoCoBotRos/interbotix_ws/install/ecl_filesystem/share/ament_index/resource_index/package_run_dependencies/ecl_filesystem
[0.081s] -- Up-to-date: /home/locobot/LoCoBotRos/interbotix_ws/install/ecl_filesystem/share/ament_index/resource_index/parent_prefix_path/ecl_filesystem
[0.081s] -- Up-to-date: /home/locobot/LoCoBotRos/interbotix_ws/install/ecl_filesystem/share/ecl_filesystem/environment/ament_prefix_path.sh
[0.081s] -- Up-to-date: /home/locobot/LoCoBotRos/interbotix_ws/install/ecl_filesystem/share/ecl_filesystem/environment/ament_prefix_path.dsv
[0.081s] -- Up-to-date: /home/locobot/LoCoBotRos/interbotix_ws/install/ecl_filesystem/share/ecl_filesystem/environment/path.sh
[0.081s] -- Up-to-date: /home/locobot/LoCoBotRos/interbotix_ws/install/ecl_filesystem/share/ecl_filesystem/environment/path.dsv
[0.081s] -- Up-to-date: /home/locobot/LoCoBotRos/interbotix_ws/install/ecl_filesystem/share/ecl_filesystem/local_setup.bash
[0.081s] -- Up-to-date: /home/locobot/LoCoBotRos/interbotix_ws/install/ecl_filesystem/share/ecl_filesystem/local_setup.sh
[0.081s] -- Up-to-date: /home/locobot/LoCoBotRos/interbotix_ws/install/ecl_filesystem/share/ecl_filesystem/local_setup.zsh
[0.081s] -- Up-to-date: /home/locobot/LoCoBotRos/interbotix_ws/install/ecl_filesystem/share/ecl_filesystem/local_setup.dsv
[0.081s] -- Installing: /home/locobot/LoCoBotRos/interbotix_ws/install/ecl_filesystem/share/ecl_filesystem/package.dsv
[0.081s] -- Up-to-date: /home/locobot/LoCoBotRos/interbotix_ws/install/ecl_filesystem/share/ament_index/resource_index/packages/ecl_filesystem
[0.082s] -- Up-to-date: /home/locobot/LoCoBotRos/interbotix_ws/install/ecl_filesystem/share/ecl_filesystem/cmake/ecl_filesystemExport.cmake
[0.082s] -- Up-to-date: /home/locobot/LoCoBotRos/interbotix_ws/install/ecl_filesystem/share/ecl_filesystem/cmake/ecl_filesystemExport-release.cmake
[0.082s] -- Up-to-date: /home/locobot/LoCoBotRos/interbotix_ws/install/ecl_filesystem/share/ecl_filesystem/cmake/ament_cmake_export_targets-extras.cmake
[0.082s] -- Up-to-date: /home/locobot/LoCoBotRos/interbotix_ws/install/ecl_filesystem/share/ecl_filesystem/cmake/ament_cmake_export_include_directories-extras.cmake
[0.082s] -- Up-to-date: /home/locobot/LoCoBotRos/interbotix_ws/install/ecl_filesystem/share/ecl_filesystem/cmake/ament_cmake_export_libraries-extras.cmake
[0.082s] -- Up-to-date: /home/locobot/LoCoBotRos/interbotix_ws/install/ecl_filesystem/share/ecl_filesystem/cmake/ament_cmake_export_dependencies-extras.cmake
[0.082s] -- Up-to-date: /home/locobot/LoCoBotRos/interbotix_ws/install/ecl_filesystem/share/ecl_filesystem/cmake/ecl_filesystemConfig.cmake
[0.082s] -- Up-to-date: /home/locobot/LoCoBotRos/interbotix_ws/install/ecl_filesystem/share/ecl_filesystem/cmake/ecl_filesystemConfig-version.cmake
[0.082s] -- Up-to-date: /home/locobot/LoCoBotRos/interbotix_ws/install/ecl_filesystem/share/ecl_filesystem/package.xml
[0.082s] -- Up-to-date: /home/locobot/LoCoBotRos/interbotix_ws/install/ecl_filesystem/include/ecl/filesystem.hpp
[0.082s] -- Up-to-date: /home/locobot/LoCoBotRos/interbotix_ws/install/ecl_filesystem/include/ecl/filesystem/errors.hpp
[0.082s] -- Up-to-date: /home/locobot/LoCoBotRos/interbotix_ws/install/ecl_filesystem/include/ecl/filesystem/macros.hpp
[0.082s] -- Up-to-date: /home/locobot/LoCoBotRos/interbotix_ws/install/ecl_filesystem/include/ecl/filesystem/realpath.hpp
[0.083s] -- Up-to-date: /home/locobot/LoCoBotRos/interbotix_ws/install/ecl_filesystem/include/ecl/filesystem/config.hpp
[0.083s] -- Up-to-date: /home/locobot/LoCoBotRos/interbotix_ws/install/ecl_filesystem/lib/libecl_filesystem.so.1.2.1
[0.083s] -- Up-to-date: /home/locobot/LoCoBotRos/interbotix_ws/install/ecl_filesystem/lib/libecl_filesystem.so
[0.085s] Invoked command in '/home/locobot/LoCoBotRos/interbotix_ws/build/ecl_filesystem' returned '0': AMENT_PREFIX_PATH=/home/locobot/LoCoBotRos/interbotix_ws/install/ecl_errors:/home/locobot/LoCoBotRos/interbotix_ws/install/ecl_config:${AMENT_PREFIX_PATH} CMAKE_PREFIX_PATH=/home/locobot/LoCoBotRos/interbotix_ws/install/ecl_errors:/home/locobot/LoCoBotRos/interbotix_ws/install/ecl_config:/home/locobot/apriltag_ws/install/apriltag_ros:/opt/ros/humble LD_LIBRARY_PATH=/home/locobot/LoCoBotRos/interbotix_ws/install/ecl_errors/lib:${LD_LIBRARY_PATH} PATH=/home/locobot/LoCoBotRos/interbotix_ws/install/ecl_config/bin:${PATH} /usr/bin/cmake --install /home/locobot/LoCoBotRos/interbotix_ws/build/ecl_filesystem
