[0.006s] Invoking command in '/home/locobot/LoCoBotRos/interbotix_ws/build/srdfdom': CMAKE_PREFIX_PATH=${CMAKE_PREFIX_PATH}:/opt/ros/humble /usr/bin/cmake /home/locobot/LoCoBotRos/interbotix_ws/src/srdfdom -DCMAKE_INSTALL_PREFIX=/home/locobot/LoCoBotRos/interbotix_ws/install/srdfdom
[0.025s] -- Found ament_cmake: 1.3.11 (/opt/ros/humble/share/ament_cmake/cmake)
[0.116s] -- Found urdf: 2.6.1 (/opt/ros/humble/share/urdf/cmake)
[0.153s] -- Found TinyXML2 via Config file: TinyXML2_DIR-NOTFOUND
[0.199s] -- Found ament_cmake_gtest: 1.3.11 (/opt/ros/humble/share/ament_cmake_gtest/cmake)
[0.201s] -- Found ament_cmake_pytest: 1.3.11 (/opt/ros/humble/share/ament_cmake_pytest/cmake)
[0.508s] -- Found gtest sources under '/opt/ros/humble/src/gtest_vendor': C++ tests using 'Google Test' will be built
[0.515s] -- Found ament_lint_auto: 0.12.12 (/opt/ros/humble/share/ament_lint_auto/cmake)
[0.529s] -- Configuring done
[0.548s] -- Generating done
[0.552s] -- Build files have been written to: /home/locobot/LoCoBotRos/interbotix_ws/build/srdfdom
[0.555s] Invoked command in '/home/locobot/LoCoBotRos/interbotix_ws/build/srdfdom' returned '0': CMAKE_PREFIX_PATH=${CMAKE_PREFIX_PATH}:/opt/ros/humble /usr/bin/cmake /home/locobot/LoCoBotRos/interbotix_ws/src/srdfdom -DCMAKE_INSTALL_PREFIX=/home/locobot/LoCoBotRos/interbotix_ws/install/srdfdom
[0.556s] Invoking command in '/home/locobot/LoCoBotRos/interbotix_ws/build/srdfdom': CMAKE_PREFIX_PATH=${CMAKE_PREFIX_PATH}:/opt/ros/humble /usr/bin/cmake --build /home/locobot/LoCoBotRos/interbotix_ws/build/srdfdom -- -j16 -l16
[0.583s] [35m[1mConsolidate compiler generated dependencies of target gtest_main[0m
[0.583s] [35m[1mConsolidate compiler generated dependencies of target gtest[0m
[0.583s] [35m[1mConsolidate compiler generated dependencies of target srdfdom[0m
[0.596s] [ 18%] Built target gtest_main
[0.597s] [ 18%] Built target ament_cmake_python_copy_srdfdom
[0.599s] [ 36%] Built target gtest
[0.608s] [ 63%] Built target srdfdom
[0.616s] [35m[1mConsolidate compiler generated dependencies of target test_cpp_nl_NL.UTF-8[0m
[0.616s] [35m[1mConsolidate compiler generated dependencies of target test_cpp_C[0m
[0.627s] [100%] Built target test_cpp_nl_NL.UTF-8
[0.627s] [100%] Built target test_cpp_C
[0.797s] running egg_info
[0.798s] writing srdfdom.egg-info/PKG-INFO
[0.798s] writing dependency_links to srdfdom.egg-info/dependency_links.txt
[0.798s] writing top-level names to srdfdom.egg-info/top_level.txt
[0.800s] reading manifest file 'srdfdom.egg-info/SOURCES.txt'
[0.801s] writing manifest file 'srdfdom.egg-info/SOURCES.txt'
[0.819s] [100%] Built target ament_cmake_python_build_srdfdom_egg
[0.827s] Invoked command in '/home/locobot/LoCoBotRos/interbotix_ws/build/srdfdom' returned '0': CMAKE_PREFIX_PATH=${CMAKE_PREFIX_PATH}:/opt/ros/humble /usr/bin/cmake --build /home/locobot/LoCoBotRos/interbotix_ws/build/srdfdom -- -j16 -l16
[0.828s] Invoking command in '/home/locobot/LoCoBotRos/interbotix_ws/build/srdfdom': CMAKE_PREFIX_PATH=${CMAKE_PREFIX_PATH}:/opt/ros/humble /usr/bin/cmake --install /home/locobot/LoCoBotRos/interbotix_ws/build/srdfdom
[0.834s] -- Install configuration: "Debug"
[0.835s] -- Up-to-date: /home/locobot/LoCoBotRos/interbotix_ws/install/srdfdom/lib/libsrdfdom.so.2.0.8
[0.835s] -- Up-to-date: /home/locobot/LoCoBotRos/interbotix_ws/install/srdfdom/lib/libsrdfdom.so
[0.835s] -- Up-to-date: /home/locobot/LoCoBotRos/interbotix_ws/install/srdfdom/include/srdfdom
[0.835s] -- Up-to-date: /home/locobot/LoCoBotRos/interbotix_ws/install/srdfdom/include/srdfdom/srdfdom
[0.835s] -- Up-to-date: /home/locobot/LoCoBotRos/interbotix_ws/install/srdfdom/include/srdfdom/srdfdom/srdf_writer.h
[0.836s] -- Up-to-date: /home/locobot/LoCoBotRos/interbotix_ws/install/srdfdom/include/srdfdom/srdfdom/visibility_control.h
[0.836s] -- Up-to-date: /home/locobot/LoCoBotRos/interbotix_ws/install/srdfdom/include/srdfdom/srdfdom/model.h
[0.836s] -- Up-to-date: /home/locobot/LoCoBotRos/interbotix_ws/install/srdfdom/lib/srdfdom/display_srdf
[0.836s] -- Up-to-date: /home/locobot/LoCoBotRos/interbotix_ws/install/srdfdom/share/srdfdom/environment/pythonpath.sh
[0.836s] -- Installing: /home/locobot/LoCoBotRos/interbotix_ws/install/srdfdom/share/srdfdom/environment/pythonpath.dsv
[0.836s] -- Up-to-date: /home/locobot/LoCoBotRos/interbotix_ws/install/srdfdom/local/lib/python3.10/dist-packages/srdfdom-2.0.8-py3.10.egg-info
[0.836s] -- Installing: /home/locobot/LoCoBotRos/interbotix_ws/install/srdfdom/local/lib/python3.10/dist-packages/srdfdom-2.0.8-py3.10.egg-info/dependency_links.txt
[0.836s] -- Installing: /home/locobot/LoCoBotRos/interbotix_ws/install/srdfdom/local/lib/python3.10/dist-packages/srdfdom-2.0.8-py3.10.egg-info/PKG-INFO
[0.836s] -- Installing: /home/locobot/LoCoBotRos/interbotix_ws/install/srdfdom/local/lib/python3.10/dist-packages/srdfdom-2.0.8-py3.10.egg-info/SOURCES.txt
[0.837s] -- Installing: /home/locobot/LoCoBotRos/interbotix_ws/install/srdfdom/local/lib/python3.10/dist-packages/srdfdom-2.0.8-py3.10.egg-info/top_level.txt
[0.837s] -- Up-to-date: /home/locobot/LoCoBotRos/interbotix_ws/install/srdfdom/local/lib/python3.10/dist-packages/srdfdom
[0.837s] -- Up-to-date: /home/locobot/LoCoBotRos/interbotix_ws/install/srdfdom/local/lib/python3.10/dist-packages/srdfdom/srdf.py
[0.837s] -- Up-to-date: /home/locobot/LoCoBotRos/interbotix_ws/install/srdfdom/local/lib/python3.10/dist-packages/srdfdom/__init__.py
[0.859s] Listing '/home/locobot/LoCoBotRos/interbotix_ws/install/srdfdom/local/lib/python3.10/dist-packages/srdfdom'...
[0.862s] -- Up-to-date: /home/locobot/LoCoBotRos/interbotix_ws/install/srdfdom/share/srdfdom/environment/library_path.sh
[0.862s] -- Installing: /home/locobot/LoCoBotRos/interbotix_ws/install/srdfdom/share/srdfdom/environment/library_path.dsv
[0.862s] -- Up-to-date: /home/locobot/LoCoBotRos/interbotix_ws/install/srdfdom/share/ament_index/resource_index/package_run_dependencies/srdfdom
[0.863s] -- Installing: /home/locobot/LoCoBotRos/interbotix_ws/install/srdfdom/share/ament_index/resource_index/parent_prefix_path/srdfdom
[0.863s] -- Up-to-date: /home/locobot/LoCoBotRos/interbotix_ws/install/srdfdom/share/srdfdom/environment/ament_prefix_path.sh
[0.863s] -- Installing: /home/locobot/LoCoBotRos/interbotix_ws/install/srdfdom/share/srdfdom/environment/ament_prefix_path.dsv
[0.863s] -- Up-to-date: /home/locobot/LoCoBotRos/interbotix_ws/install/srdfdom/share/srdfdom/environment/path.sh
[0.863s] -- Installing: /home/locobot/LoCoBotRos/interbotix_ws/install/srdfdom/share/srdfdom/environment/path.dsv
[0.863s] -- Up-to-date: /home/locobot/LoCoBotRos/interbotix_ws/install/srdfdom/share/srdfdom/local_setup.bash
[0.863s] -- Up-to-date: /home/locobot/LoCoBotRos/interbotix_ws/install/srdfdom/share/srdfdom/local_setup.sh
[0.863s] -- Up-to-date: /home/locobot/LoCoBotRos/interbotix_ws/install/srdfdom/share/srdfdom/local_setup.zsh
[0.863s] -- Installing: /home/locobot/LoCoBotRos/interbotix_ws/install/srdfdom/share/srdfdom/local_setup.dsv
[0.863s] -- Installing: /home/locobot/LoCoBotRos/interbotix_ws/install/srdfdom/share/srdfdom/package.dsv
[0.863s] -- Up-to-date: /home/locobot/LoCoBotRos/interbotix_ws/install/srdfdom/share/ament_index/resource_index/packages/srdfdom
[0.864s] -- Up-to-date: /home/locobot/LoCoBotRos/interbotix_ws/install/srdfdom/share/srdfdom/cmake/srdfdomTargetsExport.cmake
[0.864s] -- Up-to-date: /home/locobot/LoCoBotRos/interbotix_ws/install/srdfdom/share/srdfdom/cmake/srdfdomTargetsExport-debug.cmake
[0.864s] -- Up-to-date: /home/locobot/LoCoBotRos/interbotix_ws/install/srdfdom/share/srdfdom/cmake/ament_cmake_export_targets-extras.cmake
[0.864s] -- Up-to-date: /home/locobot/LoCoBotRos/interbotix_ws/install/srdfdom/share/srdfdom/cmake/ament_cmake_export_dependencies-extras.cmake
[0.864s] -- Up-to-date: /home/locobot/LoCoBotRos/interbotix_ws/install/srdfdom/share/srdfdom/cmake/srdfdomConfig.cmake
[0.864s] -- Up-to-date: /home/locobot/LoCoBotRos/interbotix_ws/install/srdfdom/share/srdfdom/cmake/srdfdomConfig-version.cmake
[0.864s] -- Up-to-date: /home/locobot/LoCoBotRos/interbotix_ws/install/srdfdom/share/srdfdom/package.xml
[0.866s] Invoked command in '/home/locobot/LoCoBotRos/interbotix_ws/build/srdfdom' returned '0': CMAKE_PREFIX_PATH=${CMAKE_PREFIX_PATH}:/opt/ros/humble /usr/bin/cmake --install /home/locobot/LoCoBotRos/interbotix_ws/build/srdfdom
