[0.034s] Invoking command in '/home/locobot/LoCoBotRos/interbotix_ws/build/moveit_core': AMENT_PREFIX_PATH=/home/locobot/LoCoBotRos/interbotix_ws/install/moveit_resources_panda_moveit_config:/home/locobot/LoCoBotRos/interbotix_ws/install/srdfdom:/home/locobot/LoCoBotRos/interbotix_ws/install/moveit_resources_pr2_description:/home/locobot/LoCoBotRos/interbotix_ws/install/moveit_resources_panda_description:/home/locobot/LoCoBotRos/interbotix_ws/install/moveit_common:${AMENT_PREFIX_PATH} CMAKE_PREFIX_PATH=/home/locobot/LoCoBotRos/interbotix_ws/install/moveit_resources_panda_moveit_config:/home/locobot/LoCoBotRos/interbotix_ws/install/srdfdom:/home/locobot/LoCoBotRos/interbotix_ws/install/moveit_resources_pr2_description:/home/locobot/LoCoBotRos/interbotix_ws/install/moveit_resources_panda_description:/home/locobot/LoCoBotRos/interbotix_ws/install/moveit_common:/home/locobot/LoCoBotRos/interbotix_ws/install/interbotix_xslocobot_moveit:/home/locobot/LoCoBotRos/interbotix_ws/install/interbotix_xslocobot_ros_control:/home/locobot/LoCoBotRos/interbotix_ws/install/interbotix_xslocobot_nav:/home/locobot/LoCoBotRos/interbotix_ws/install/interbotix_xslocobot_joy:/home/locobot/LoCoBotRos/interbotix_ws/install/interbotix_xslocobot_control:/home/locobot/LoCoBotRos/interbotix_ws/install/kobuki_ros:/home/locobot/LoCoBotRos/interbotix_ws/install/kobuki_node:/home/locobot/LoCoBotRos/interbotix_ws/install/kobuki_auto_docking:/home/locobot/LoCoBotRos/interbotix_ws/install/kobuki_core:/home/locobot/LoCoBotRos/interbotix_ws/install/ecl_core:/home/locobot/LoCoBotRos/interbotix_ws/install/ecl_statistics:/home/locobot/LoCoBotRos/interbotix_ws/install/ecl_mobile_robot:/home/locobot/LoCoBotRos/interbotix_ws/install/ecl_manipulators:/home/locobot/LoCoBotRos/interbotix_ws/install/ecl_core_apps:/home/locobot/LoCoBotRos/interbotix_ws/install/ecl_geometry:/home/locobot/LoCoBotRos/interbotix_ws/install/ecl_linear_algebra:/home/locobot/LoCoBotRos/interbotix_ws/install/sophus:/home/locobot/LoCoBotRos/interbotix_ws/install/sllidar_ros2:/home/locobot/LoCoBotRos/interbotix_ws/install/interbotix_moveit_interface:/home/locobot/LoCoBotRos/interbotix_ws/install/moveit_visual_tools:/home/locobot/LoCoBotRos/interbotix_ws/install/kobuki_keyop:/home/locobot/LoCoBotRos/interbotix_ws/install/kobuki_velocity_smoother:/home/locobot/LoCoBotRos/interbotix_ws/install/kobuki_safety_controller:/home/locobot/LoCoBotRos/interbotix_ws/install/kobuki_random_walker:/home/locobot/LoCoBotRos/interbotix_ws/install/kobuki_bumper2pc:/home/locobot/LoCoBotRos/interbotix_ws/install/kobuki_ros_interfaces:/home/locobot/LoCoBotRos/interbotix_ws/install/interbotix_xslocobot_sim:/home/locobot/LoCoBotRos/interbotix_ws/install/interbotix_xslocobot_descriptions:/home/locobot/LoCoBotRos/interbotix_ws/install/kobuki_description:/home/locobot/LoCoBotRos/interbotix_ws/install/interbotix_xs_toolbox:/home/locobot/LoCoBotRos/interbotix_ws/install/interbotix_xs_rviz:/home/locobot/LoCoBotRos/interbotix_ws/install/interbotix_ros_xseries:/home/locobot/LoCoBotRos/interbotix_ws/install/interbotix_xs_sdk:/home/locobot/LoCoBotRos/interbotix_ws/install/interbotix_xs_ros_control:/home/locobot/LoCoBotRos/interbotix_ws/install/interbotix_common_toolbox:/home/locobot/LoCoBotRos/interbotix_ws/install/interbotix_gravity_compensation:/home/locobot/LoCoBotRos/interbotix_ws/install/interbotix_xs_msgs:/home/locobot/LoCoBotRos/interbotix_ws/install/interbotix_xs_driver:/home/locobot/LoCoBotRos/interbotix_ws/install/interbotix_tf_tools:/home/locobot/LoCoBotRos/interbotix_ws/install/interbotix_moveit_interface_msgs:/home/locobot/LoCoBotRos/interbotix_ws/install/interbotix_common_sim:/home/locobot/LoCoBotRos/interbotix_ws/install/ecl_streams:/home/locobot/LoCoBotRos/interbotix_ws/install/ecl_sigslots:/home/locobot/LoCoBotRos/interbotix_ws/install/ecl_ipc:/home/locobot/LoCoBotRos/interbotix_ws/install/ecl_devices:/home/locobot/LoCoBotRos/interbotix_ws/install/ecl_threads:/home/locobot/LoCoBotRos/interbotix_ws/install/ecl_containers:/home/locobot/LoCoBotRos/interbotix_ws/install/ecl_utilities:/home/locobot/LoCoBotRos/interbotix_ws/install/ecl_math:/home/locobot/LoCoBotRos/interbotix_ws/install/ecl_formatters:/home/locobot/LoCoBotRos/interbotix_ws/install/ecl_converters:/home/locobot/LoCoBotRos/interbotix_ws/install/ecl_concepts:/home/locobot/LoCoBotRos/interbotix_ws/install/ecl_type_traits:/home/locobot/LoCoBotRos/interbotix_ws/install/ecl_time:/home/locobot/LoCoBotRos/interbotix_ws/install/ecl_lite:/home/locobot/LoCoBotRos/interbotix_ws/install/ecl_time_lite:/home/locobot/LoCoBotRos/interbotix_ws/install/ecl_sigslots_lite:/home/locobot/LoCoBotRos/interbotix_ws/install/ecl_mpl:/home/locobot/LoCoBotRos/interbotix_ws/install/ecl_io:/home/locobot/LoCoBotRos/interbotix_ws/install/ecl_filesystem:/home/locobot/LoCoBotRos/interbotix_ws/install/ecl_exceptions:/home/locobot/LoCoBotRos/interbotix_ws/install/ecl_errors:/home/locobot/LoCoBotRos/interbotix_ws/install/ecl_eigen:/home/locobot/LoCoBotRos/interbotix_ws/install/ecl_converters_lite:/home/locobot/LoCoBotRos/interbotix_ws/install/ecl_console:/home/locobot/LoCoBotRos/interbotix_ws/install/ecl_config:/home/locobot/LoCoBotRos/interbotix_ws/install/ecl_command_line:/home/locobot/LoCoBotRos/interbotix_ws/install/dynamixel_workbench_toolbox:/home/locobot/LoCoBotRos/interbotix_ws/install/cmd_vel_mux:/home/locobot/interbotix_ws/install/interbotix_xslocobot_moveit:/home/locobot/interbotix_ws/install/interbotix_xslocobot_ros_control:/home/locobot/interbotix_ws/install/interbotix_xslocobot_nav:/home/locobot/interbotix_ws/install/interbotix_xslocobot_joy:/home/locobot/interbotix_ws/install/interbotix_xslocobot_control:/home/locobot/interbotix_ws/install/kobuki_ros:/home/locobot/interbotix_ws/install/kobuki_node:/home/locobot/interbotix_ws/install/kobuki_auto_docking:/home/locobot/interbotix_ws/install/kobuki_core:/home/locobot/interbotix_ws/install/ecl_core:/home/locobot/interbotix_ws/install/ecl_statistics:/home/locobot/interbotix_ws/install/ecl_mobile_robot:/home/locobot/interbotix_ws/install/ecl_manipulators:/home/locobot/interbotix_ws/install/ecl_core_apps:/home/locobot/interbotix_ws/install/ecl_geometry:/home/locobot/interbotix_ws/install/ecl_linear_algebra:/home/locobot/interbotix_ws/install/sophus:/home/locobot/interbotix_ws/install/sllidar_ros2:/home/locobot/interbotix_ws/install/interbotix_moveit_interface:/home/locobot/interbotix_ws/install/moveit_visual_tools:/home/locobot/interbotix_ws/install/kobuki_keyop:/home/locobot/interbotix_ws/install/kobuki_velocity_smoother:/home/locobot/interbotix_ws/install/kobuki_safety_controller:/home/locobot/interbotix_ws/install/kobuki_random_walker:/home/locobot/interbotix_ws/install/kobuki_bumper2pc:/home/locobot/interbotix_ws/install/kobuki_ros_interfaces:/home/locobot/interbotix_ws/install/interbotix_xslocobot_sim:/home/locobot/interbotix_ws/install/interbotix_xslocobot_descriptions:/home/locobot/interbotix_ws/install/interbotix_xs_toolbox:/home/locobot/interbotix_ws/install/interbotix_xs_rviz:/home/locobot/interbotix_ws/install/interbotix_ros_xseries:/home/locobot/interbotix_ws/install/interbotix_xs_sdk:/home/locobot/interbotix_ws/install/interbotix_xs_ros_control:/home/locobot/interbotix_ws/install/interbotix_common_toolbox:/home/locobot/interbotix_ws/install/interbotix_gravity_compensation:/home/locobot/interbotix_ws/install/interbotix_xs_msgs:/home/locobot/interbotix_ws/install/interbotix_xs_driver:/home/locobot/interbotix_ws/install/interbotix_tf_tools:/home/locobot/interbotix_ws/install/interbotix_moveit_interface_msgs:/home/locobot/interbotix_ws/install/ecl_streams:/home/locobot/interbotix_ws/install/ecl_sigslots:/home/locobot/interbotix_ws/install/ecl_ipc:/home/locobot/interbotix_ws/install/ecl_devices:/home/locobot/interbotix_ws/install/ecl_threads:/home/locobot/interbotix_ws/install/ecl_containers:/home/locobot/interbotix_ws/install/ecl_time:/home/locobot/interbotix_ws/install/ecl_lite:/home/locobot/interbotix_ws/install/ecl_sigslots_lite:/home/locobot/interbotix_ws/install/ecl_io:/home/locobot/interbotix_ws/install/ecl_filesystem:/home/locobot/interbotix_ws/install/ecl_converters_lite:/home/locobot/interbotix_ws/install/ecl_console:/home/locobot/interbotix_ws/install/cmd_vel_mux:/home/locobot/apriltag_ws/install/apriltag_ros:/home/locobot/LoCoBotRos/interbotix_ws/install/interbotix_xs_modules:/home/locobot/LoCoBotRos/interbotix_ws/install/interbotix_common_modules:/home/locobot/interbotix_ws/install/kobuki_description:/home/locobot/interbotix_ws/install/interbotix_xs_modules:/home/locobot/interbotix_ws/install/interbotix_common_sim:/home/locobot/interbotix_ws/install/interbotix_common_modules:/home/locobot/interbotix_ws/install/ecl_utilities:/home/locobot/interbotix_ws/install/ecl_math:/home/locobot/interbotix_ws/install/ecl_formatters:/home/locobot/interbotix_ws/install/ecl_converters:/home/locobot/interbotix_ws/install/ecl_concepts:/home/locobot/interbotix_ws/install/ecl_type_traits:/home/locobot/interbotix_ws/install/ecl_time_lite:/home/locobot/interbotix_ws/install/ecl_mpl:/home/locobot/interbotix_ws/install/ecl_exceptions:/home/locobot/interbotix_ws/install/ecl_errors:/home/locobot/interbotix_ws/install/ecl_eigen:/home/locobot/interbotix_ws/install/ecl_config:/home/locobot/interbotix_ws/install/ecl_command_line:/home/locobot/interbotix_ws/install/dynamixel_workbench_toolbox:/opt/ros/humble LD_LIBRARY_PATH=/home/locobot/LoCoBotRos/interbotix_ws/install/srdfdom/lib:${LD_LIBRARY_PATH} PYTHONPATH=/home/locobot/LoCoBotRos/interbotix_ws/install/srdfdom/local/lib/python3.10/dist-packages:${PYTHONPATH} /usr/bin/cmake --build /home/locobot/LoCoBotRos/interbotix_ws/build/moveit_core -- -j16 -l16
[0.159s] [  1%] Built target moveit_version
[0.160s] [  4%] Built target gmock
[0.161s] [  4%] Built target moveit_smoothing_base
[0.161s] [  6%] Built target gmock_main
[0.161s] [  7%] Built target moveit_exceptions
[0.161s] [  8%] Built target gtest_main
[0.161s] [  9%] Built target moveit_butterworth_parameters
[0.163s] [ 14%] Built target gtest
[0.163s] [ 14%] Built target moveit_kinematics_base
[0.163s] [ 14%] Built target moveit_utils
[0.165s] [ 15%] Built target moveit_transforms
[0.181s] [ 18%] Built target moveit_distance_field
[0.201s] [ 19%] Built target test_transforms
[0.215s] [ 25%] Built target moveit_robot_model
[0.220s] [ 26%] Built target test_voxel_grid
[0.224s] [ 27%] Built target test_distance_field
[0.255s] [ 28%] Built target moveit_butterworth_filter
[0.257s] [ 30%] Built target moveit_test_utils
[0.260s] [ 33%] Built target moveit_robot_state
[0.282s] [35m[1mConsolidate compiler generated dependencies of target moveit_kinematics_metrics[0m
[0.288s] [35m[1mConsolidate compiler generated dependencies of target test_robot_state_complex[0m
[0.307s] [ 34%] Built target test_robot_model
[0.309s] [ 36%] Built target test_robot_state
[0.309s] [ 38%] Built target moveit_robot_trajectory
[0.309s] [ 38%] Built target test_aabb
[0.310s] [ 39%] Built target moveit_dynamics_solver
[0.310s] [ 40%] Built target moveit_kinematics_metrics
[0.310s] [ 41%] Built target test_robot_state_benchmark
[0.310s] [ 42%] Built target test_butterworth_filter
[0.312s] [ 43%] Built target test_cartesian_interpolator
[0.319s] [ 44%] Built target test_robot_state_complex
[0.329s] [ 49%] Built target moveit_collision_detection
[0.332s] [35m[1mConsolidate compiler generated dependencies of target test_robot_trajectory[0m
[0.334s] [35m[1mConsolidate compiler generated dependencies of target moveit_planning_interface[0m
[0.342s] [35m[1mConsolidate compiler generated dependencies of target moveit_trajectory_processing[0m
[0.349s] [35m[1mConsolidate compiler generated dependencies of target test_world[0m
[0.349s] [35m[1mConsolidate compiler generated dependencies of target test_world_diff[0m
[0.350s] [35m[1mConsolidate compiler generated dependencies of target moveit_collision_detection_fcl[0m
[0.350s] [35m[1mConsolidate compiler generated dependencies of target test_all_valid[0m
[0.359s] [ 50%] Built target test_robot_trajectory
[0.359s] [ 52%] Built target moveit_planning_interface
[0.368s] [ 54%] Built target test_world_diff
[0.372s] [ 55%] Built target test_all_valid
[0.373s] [ 56%] Built target test_world
[0.374s] [35m[1mConsolidate compiler generated dependencies of target moveit_collision_detection_bullet[0m
[0.374s] [ 56%] [32mBuilding CXX object trajectory_processing/CMakeFiles/moveit_trajectory_processing.dir/src/iterative_time_parameterization.cpp.o[0m
[0.384s] [ 57%] [32mBuilding CXX object collision_detection_fcl/CMakeFiles/moveit_collision_detection_fcl.dir/src/collision_common.cpp.o[0m
[0.415s] [ 62%] Built target moveit_collision_detection_bullet
[0.433s] [35m[1mConsolidate compiler generated dependencies of target test_bullet_collision_detection[0m
[0.433s] [35m[1mConsolidate compiler generated dependencies of target test_bullet_continuous_collision_checking[0m
[0.433s] [35m[1mConsolidate compiler generated dependencies of target test_bullet_collision_detection_panda[0m
[0.457s] [ 64%] [32mBuilding CXX object collision_detection_bullet/CMakeFiles/test_bullet_collision_detection_panda.dir/test/test_bullet_collision_detection_panda.cpp.o[0m
[0.457s] [ 64%] [32mBuilding CXX object collision_detection_bullet/CMakeFiles/test_bullet_continuous_collision_checking.dir/test/test_bullet_continuous_collision_checking.cpp.o[0m
[0.457s] [ 64%] [32mBuilding CXX object collision_detection_bullet/CMakeFiles/test_bullet_collision_detection.dir/test/test_bullet_collision_detection_pr2.cpp.o[0m
[8.434s] [ 65%] [32m[1mLinking CXX shared library libmoveit_trajectory_processing.so[0m
[8.668s] [ 66%] [32m[1mLinking CXX executable test_bullet_collision_detection_panda[0m
[9.821s] [ 68%] Built target moveit_trajectory_processing
[9.845s] [35m[1mConsolidate compiler generated dependencies of target test_time_parameterization[0m
[9.845s] [35m[1mConsolidate compiler generated dependencies of target test_ruckig_traj_smoothing[0m
[9.853s] [35m[1mConsolidate compiler generated dependencies of target test_time_optimal_trajectory_generation[0m
[9.877s] [ 69%] [32mBuilding CXX object trajectory_processing/CMakeFiles/test_time_parameterization.dir/test/test_time_parameterization.cpp.o[0m
[9.877s] [ 69%] [32mBuilding CXX object trajectory_processing/CMakeFiles/test_ruckig_traj_smoothing.dir/test/test_ruckig_traj_smoothing.cpp.o[0m
[9.886s] [ 70%] [32mBuilding CXX object trajectory_processing/CMakeFiles/test_time_optimal_trajectory_generation.dir/test/test_time_optimal_trajectory_generation.cpp.o[0m
[10.402s] [ 70%] Built target test_bullet_collision_detection_panda
[10.606s] [ 70%] [32m[1mLinking CXX executable test_bullet_collision_detection[0m
[11.284s] [ 71%] [32m[1mLinking CXX executable test_bullet_continuous_collision_checking[0m
[11.356s] [ 72%] [32m[1mLinking CXX shared library libmoveit_collision_detection_fcl.so[0m
[12.990s] [ 72%] Built target test_bullet_collision_detection
[13.547s] [ 72%] Built target test_bullet_continuous_collision_checking
[13.690s] [ 72%] Built target moveit_collision_detection_fcl
[13.719s] [35m[1mConsolidate compiler generated dependencies of target test_fcl_collision_env[0m
[13.719s] [35m[1mConsolidate compiler generated dependencies of target test_fcl_collision_detection[0m
[13.724s] [35m[1mConsolidate compiler generated dependencies of target test_fcl_collision_detection_panda[0m
[13.726s] [35m[1mConsolidate compiler generated dependencies of target moveit_kinematic_constraints[0m
[13.755s] [ 72%] [32mBuilding CXX object collision_detection_fcl/CMakeFiles/test_fcl_collision_env.dir/test/test_fcl_env.cpp.o[0m
[13.756s] [ 73%] [32mBuilding CXX object collision_detection_fcl/CMakeFiles/test_fcl_collision_detection_panda.dir/test/test_fcl_collision_detection_panda.cpp.o[0m
[13.759s] [ 74%] [32mBuilding CXX object collision_detection_fcl/CMakeFiles/test_fcl_collision_detection.dir/test/test_fcl_collision_detection_pr2.cpp.o[0m
[13.770s] [ 75%] [32mBuilding CXX object kinematic_constraints/CMakeFiles/moveit_kinematic_constraints.dir/src/kinematic_constraint.cpp.o[0m
[13.774s] [ 75%] [32mBuilding CXX object kinematic_constraints/CMakeFiles/moveit_kinematic_constraints.dir/src/utils.cpp.o[0m
[21.433s] [ 76%] [32m[1mLinking CXX executable test_time_parameterization[0m
[21.668s] [ 76%] [32m[1mLinking CXX executable test_ruckig_traj_smoothing[0m
[21.906s] [ 77%] [32m[1mLinking CXX executable test_time_optimal_trajectory_generation[0m
[24.289s] [ 77%] Built target test_time_parameterization
[24.296s] [ 77%] Built target test_ruckig_traj_smoothing
[24.327s] [ 77%] Built target test_time_optimal_trajectory_generation
[26.719s] [ 78%] [32m[1mLinking CXX executable test_fcl_collision_env[0m
[27.133s] [ 79%] [32m[1mLinking CXX executable test_fcl_collision_detection_panda[0m
[27.701s] [ 79%] [32m[1mLinking CXX executable test_fcl_collision_detection[0m
[28.893s] [ 79%] Built target test_fcl_collision_env
[29.417s] [ 79%] Built target test_fcl_collision_detection_panda
[29.637s] [ 79%] Built target test_fcl_collision_detection
[34.420s] [ 80%] [32m[1mLinking CXX shared library libmoveit_kinematic_constraints.so[0m
[35.589s] [ 80%] Built target moveit_kinematic_constraints
[35.610s] [35m[1mConsolidate compiler generated dependencies of target test_orientation_constraints[0m
[35.610s] [35m[1mConsolidate compiler generated dependencies of target test_constraints[0m
[35.611s] [35m[1mConsolidate compiler generated dependencies of target moveit_planning_scene[0m
[35.633s] [ 81%] [32mBuilding CXX object kinematic_constraints/CMakeFiles/test_orientation_constraints.dir/test/test_orientation_constraints.cpp.o[0m
[35.638s] [ 81%] [32mBuilding CXX object kinematic_constraints/CMakeFiles/test_constraints.dir/test/test_constraints.cpp.o[0m
[35.645s] [ 82%] [32mBuilding CXX object planning_scene/CMakeFiles/moveit_planning_scene.dir/src/planning_scene.cpp.o[0m
[45.801s] [ 83%] [32m[1mLinking CXX executable test_constraints[0m
[45.870s] [ 83%] [32m[1mLinking CXX executable test_orientation_constraints[0m
[47.224s] [ 83%] Built target test_constraints
[47.288s] [ 83%] Built target test_orientation_constraints
[53.294s] [ 84%] [32m[1mLinking CXX shared library libmoveit_planning_scene.so[0m
[54.445s] [ 84%] Built target moveit_planning_scene
[54.464s] [35m[1mConsolidate compiler generated dependencies of target test_multi_threaded[0m
[54.465s] [35m[1mConsolidate compiler generated dependencies of target collision_detector_fcl_plugin[0m
[54.467s] [35m[1mConsolidate compiler generated dependencies of target moveit_collision_distance_field[0m
[54.467s] [35m[1mConsolidate compiler generated dependencies of target test_collision_objects[0m
[54.467s] [35m[1mConsolidate compiler generated dependencies of target moveit_planning_request_adapter[0m
[54.468s] [35m[1mConsolidate compiler generated dependencies of target test_planning_scene[0m
[54.469s] [35m[1mConsolidate compiler generated dependencies of target moveit_constraint_samplers[0m
[54.469s] [35m[1mConsolidate compiler generated dependencies of target collision_detector_bullet_plugin[0m
[54.490s] [ 84%] [32mBuilding CXX object planning_scene/CMakeFiles/test_multi_threaded.dir/test/test_multi_threaded.cpp.o[0m
[54.504s] [ 85%] [32mBuilding CXX object planning_request_adapter/CMakeFiles/moveit_planning_request_adapter.dir/src/planning_request_adapter.cpp.o[0m
[54.509s] [ 85%] [32mBuilding CXX object collision_detection_fcl/CMakeFiles/collision_detector_fcl_plugin.dir/src/collision_detector_fcl_plugin_loader.cpp.o[0m
[54.509s] [ 85%] [32mBuilding CXX object collision_detection_bullet/CMakeFiles/collision_detector_bullet_plugin.dir/src/collision_detector_bullet_plugin_loader.cpp.o[0m
[54.509s] [ 86%] [32mBuilding CXX object planning_scene/CMakeFiles/test_collision_objects.dir/test/test_collision_objects.cpp.o[0m
[54.509s] [ 87%] [32mBuilding CXX object planning_scene/CMakeFiles/test_planning_scene.dir/test/test_planning_scene.cpp.o[0m
[54.510s] [ 88%] [32mBuilding CXX object constraint_samplers/CMakeFiles/moveit_constraint_samplers.dir/src/constraint_sampler.cpp.o[0m
[54.510s] [ 88%] [32mBuilding CXX object collision_distance_field/CMakeFiles/moveit_collision_distance_field.dir/src/collision_common_distance_field.cpp.o[0m
[54.510s] [ 88%] [32mBuilding CXX object constraint_samplers/CMakeFiles/moveit_constraint_samplers.dir/src/constraint_sampler_manager.cpp.o[0m
[54.510s] [ 89%] [32mBuilding CXX object collision_distance_field/CMakeFiles/moveit_collision_distance_field.dir/src/collision_distance_field_types.cpp.o[0m
[54.510s] [ 90%] [32mBuilding CXX object constraint_samplers/CMakeFiles/moveit_constraint_samplers.dir/src/constraint_sampler_tools.cpp.o[0m
[54.510s] [ 90%] [32mBuilding CXX object constraint_samplers/CMakeFiles/moveit_constraint_samplers.dir/src/default_constraint_samplers.cpp.o[0m
[54.510s] [ 91%] [32mBuilding CXX object collision_distance_field/CMakeFiles/moveit_collision_distance_field.dir/src/collision_env_distance_field.cpp.o[0m
[54.510s] [ 91%] [32mBuilding CXX object collision_distance_field/CMakeFiles/moveit_collision_distance_field.dir/src/collision_env_hybrid.cpp.o[0m
[54.511s] [ 92%] [32mBuilding CXX object constraint_samplers/CMakeFiles/moveit_constraint_samplers.dir/src/union_constraint_sampler.cpp.o[0m
[120.427s] [01m[Kc++:[m[K [01;31m[Kfatal error: [m[KKilled signal terminated program cc1plus
[120.438s] compilation terminated.
[120.439s] gmake[2]: *** [planning_scene/CMakeFiles/test_multi_threaded.dir/build.make:76: planning_scene/CMakeFiles/test_multi_threaded.dir/test/test_multi_threaded.cpp.o] Error 1
[120.440s] gmake[1]: *** [CMakeFiles/Makefile2:1566: planning_scene/CMakeFiles/test_multi_threaded.dir/all] Error 2
[120.446s] gmake[1]: *** Waiting for unfinished jobs....
[295.866s] [01m[Kc++:[m[K [01;31m[Kfatal error: [m[KKilled signal terminated program cc1plus
[295.868s] compilation terminated.
[295.885s] gmake[2]: *** [collision_distance_field/CMakeFiles/moveit_collision_distance_field.dir/build.make:90: collision_distance_field/CMakeFiles/moveit_collision_distance_field.dir/src/collision_common_distance_field.cpp.o] Error 1
[295.888s] gmake[2]: *** Waiting for unfinished jobs....
[319.982s] [01m[Kc++:[m[K [01;31m[Kfatal error: [m[KKilled signal terminated program cc1plus
[319.986s] compilation terminated.
[320.018s] gmake[2]: *** [collision_detection_bullet/CMakeFiles/collision_detector_bullet_plugin.dir/build.make:76: collision_detection_bullet/CMakeFiles/collision_detector_bullet_plugin.dir/src/collision_detector_bullet_plugin_loader.cpp.o] Error 1
[320.060s] gmake[1]: *** [CMakeFiles/Makefile2:2354: collision_detection_bullet/CMakeFiles/collision_detector_bullet_plugin.dir/all] Error 2
[329.173s] [ 92%] [32m[1mLinking CXX shared library libmoveit_planning_request_adapter.so[0m
[329.717s] [ 92%] Built target moveit_planning_request_adapter
[333.366s] [ 92%] [32m[1mLinking CXX shared library libmoveit_constraint_samplers.so[0m
[334.758s] [ 92%] Built target moveit_constraint_samplers
[336.828s] [ 93%] [32m[1mLinking CXX shared library libcollision_detector_fcl_plugin.so[0m
[336.872s] [ 93%] [32m[1mLinking CXX executable test_collision_objects[0m
[337.741s] [ 93%] Built target collision_detector_fcl_plugin
[337.958s] [ 93%] Built target test_collision_objects
[339.803s] [ 93%] [32m[1mLinking CXX executable test_planning_scene[0m
[339.915s] gmake[1]: *** [CMakeFiles/Makefile2:702: collision_distance_field/CMakeFiles/moveit_collision_distance_field.dir/all] Error 2
[341.074s] [ 93%] Built target test_planning_scene
[341.080s] gmake: *** [Makefile:146: all] Error 2
[341.117s] Invoked command in '/home/locobot/LoCoBotRos/interbotix_ws/build/moveit_core' returned '2': AMENT_PREFIX_PATH=/home/locobot/LoCoBotRos/interbotix_ws/install/moveit_resources_panda_moveit_config:/home/locobot/LoCoBotRos/interbotix_ws/install/srdfdom:/home/locobot/LoCoBotRos/interbotix_ws/install/moveit_resources_pr2_description:/home/locobot/LoCoBotRos/interbotix_ws/install/moveit_resources_panda_description:/home/locobot/LoCoBotRos/interbotix_ws/install/moveit_common:${AMENT_PREFIX_PATH} CMAKE_PREFIX_PATH=/home/locobot/LoCoBotRos/interbotix_ws/install/moveit_resources_panda_moveit_config:/home/locobot/LoCoBotRos/interbotix_ws/install/srdfdom:/home/locobot/LoCoBotRos/interbotix_ws/install/moveit_resources_pr2_description:/home/locobot/LoCoBotRos/interbotix_ws/install/moveit_resources_panda_description:/home/locobot/LoCoBotRos/interbotix_ws/install/moveit_common:/home/locobot/LoCoBotRos/interbotix_ws/install/interbotix_xslocobot_moveit:/home/locobot/LoCoBotRos/interbotix_ws/install/interbotix_xslocobot_ros_control:/home/locobot/LoCoBotRos/interbotix_ws/install/interbotix_xslocobot_nav:/home/locobot/LoCoBotRos/interbotix_ws/install/interbotix_xslocobot_joy:/home/locobot/LoCoBotRos/interbotix_ws/install/interbotix_xslocobot_control:/home/locobot/LoCoBotRos/interbotix_ws/install/kobuki_ros:/home/locobot/LoCoBotRos/interbotix_ws/install/kobuki_node:/home/locobot/LoCoBotRos/interbotix_ws/install/kobuki_auto_docking:/home/locobot/LoCoBotRos/interbotix_ws/install/kobuki_core:/home/locobot/LoCoBotRos/interbotix_ws/install/ecl_core:/home/locobot/LoCoBotRos/interbotix_ws/install/ecl_statistics:/home/locobot/LoCoBotRos/interbotix_ws/install/ecl_mobile_robot:/home/locobot/LoCoBotRos/interbotix_ws/install/ecl_manipulators:/home/locobot/LoCoBotRos/interbotix_ws/install/ecl_core_apps:/home/locobot/LoCoBotRos/interbotix_ws/install/ecl_geometry:/home/locobot/LoCoBotRos/interbotix_ws/install/ecl_linear_algebra:/home/locobot/LoCoBotRos/interbotix_ws/install/sophus:/home/locobot/LoCoBotRos/interbotix_ws/install/sllidar_ros2:/home/locobot/LoCoBotRos/interbotix_ws/install/interbotix_moveit_interface:/home/locobot/LoCoBotRos/interbotix_ws/install/moveit_visual_tools:/home/locobot/LoCoBotRos/interbotix_ws/install/kobuki_keyop:/home/locobot/LoCoBotRos/interbotix_ws/install/kobuki_velocity_smoother:/home/locobot/LoCoBotRos/interbotix_ws/install/kobuki_safety_controller:/home/locobot/LoCoBotRos/interbotix_ws/install/kobuki_random_walker:/home/locobot/LoCoBotRos/interbotix_ws/install/kobuki_bumper2pc:/home/locobot/LoCoBotRos/interbotix_ws/install/kobuki_ros_interfaces:/home/locobot/LoCoBotRos/interbotix_ws/install/interbotix_xslocobot_sim:/home/locobot/LoCoBotRos/interbotix_ws/install/interbotix_xslocobot_descriptions:/home/locobot/LoCoBotRos/interbotix_ws/install/kobuki_description:/home/locobot/LoCoBotRos/interbotix_ws/install/interbotix_xs_toolbox:/home/locobot/LoCoBotRos/interbotix_ws/install/interbotix_xs_rviz:/home/locobot/LoCoBotRos/interbotix_ws/install/interbotix_ros_xseries:/home/locobot/LoCoBotRos/interbotix_ws/install/interbotix_xs_sdk:/home/locobot/LoCoBotRos/interbotix_ws/install/interbotix_xs_ros_control:/home/locobot/LoCoBotRos/interbotix_ws/install/interbotix_common_toolbox:/home/locobot/LoCoBotRos/interbotix_ws/install/interbotix_gravity_compensation:/home/locobot/LoCoBotRos/interbotix_ws/install/interbotix_xs_msgs:/home/locobot/LoCoBotRos/interbotix_ws/install/interbotix_xs_driver:/home/locobot/LoCoBotRos/interbotix_ws/install/interbotix_tf_tools:/home/locobot/LoCoBotRos/interbotix_ws/install/interbotix_moveit_interface_msgs:/home/locobot/LoCoBotRos/interbotix_ws/install/interbotix_common_sim:/home/locobot/LoCoBotRos/interbotix_ws/install/ecl_streams:/home/locobot/LoCoBotRos/interbotix_ws/install/ecl_sigslots:/home/locobot/LoCoBotRos/interbotix_ws/install/ecl_ipc:/home/locobot/LoCoBotRos/interbotix_ws/install/ecl_devices:/home/locobot/LoCoBotRos/interbotix_ws/install/ecl_threads:/home/locobot/LoCoBotRos/interbotix_ws/install/ecl_containers:/home/locobot/LoCoBotRos/interbotix_ws/install/ecl_utilities:/home/locobot/LoCoBotRos/interbotix_ws/install/ecl_math:/home/locobot/LoCoBotRos/interbotix_ws/install/ecl_formatters:/home/locobot/LoCoBotRos/interbotix_ws/install/ecl_converters:/home/locobot/LoCoBotRos/interbotix_ws/install/ecl_concepts:/home/locobot/LoCoBotRos/interbotix_ws/install/ecl_type_traits:/home/locobot/LoCoBotRos/interbotix_ws/install/ecl_time:/home/locobot/LoCoBotRos/interbotix_ws/install/ecl_lite:/home/locobot/LoCoBotRos/interbotix_ws/install/ecl_time_lite:/home/locobot/LoCoBotRos/interbotix_ws/install/ecl_sigslots_lite:/home/locobot/LoCoBotRos/interbotix_ws/install/ecl_mpl:/home/locobot/LoCoBotRos/interbotix_ws/install/ecl_io:/home/locobot/LoCoBotRos/interbotix_ws/install/ecl_filesystem:/home/locobot/LoCoBotRos/interbotix_ws/install/ecl_exceptions:/home/locobot/LoCoBotRos/interbotix_ws/install/ecl_errors:/home/locobot/LoCoBotRos/interbotix_ws/install/ecl_eigen:/home/locobot/LoCoBotRos/interbotix_ws/install/ecl_converters_lite:/home/locobot/LoCoBotRos/interbotix_ws/install/ecl_console:/home/locobot/LoCoBotRos/interbotix_ws/install/ecl_config:/home/locobot/LoCoBotRos/interbotix_ws/install/ecl_command_line:/home/locobot/LoCoBotRos/interbotix_ws/install/dynamixel_workbench_toolbox:/home/locobot/LoCoBotRos/interbotix_ws/install/cmd_vel_mux:/home/locobot/interbotix_ws/install/interbotix_xslocobot_moveit:/home/locobot/interbotix_ws/install/interbotix_xslocobot_ros_control:/home/locobot/interbotix_ws/install/interbotix_xslocobot_nav:/home/locobot/interbotix_ws/install/interbotix_xslocobot_joy:/home/locobot/interbotix_ws/install/interbotix_xslocobot_control:/home/locobot/interbotix_ws/install/kobuki_ros:/home/locobot/interbotix_ws/install/kobuki_node:/home/locobot/interbotix_ws/install/kobuki_auto_docking:/home/locobot/interbotix_ws/install/kobuki_core:/home/locobot/interbotix_ws/install/ecl_core:/home/locobot/interbotix_ws/install/ecl_statistics:/home/locobot/interbotix_ws/install/ecl_mobile_robot:/home/locobot/interbotix_ws/install/ecl_manipulators:/home/locobot/interbotix_ws/install/ecl_core_apps:/home/locobot/interbotix_ws/install/ecl_geometry:/home/locobot/interbotix_ws/install/ecl_linear_algebra:/home/locobot/interbotix_ws/install/sophus:/home/locobot/interbotix_ws/install/sllidar_ros2:/home/locobot/interbotix_ws/install/interbotix_moveit_interface:/home/locobot/interbotix_ws/install/moveit_visual_tools:/home/locobot/interbotix_ws/install/kobuki_keyop:/home/locobot/interbotix_ws/install/kobuki_velocity_smoother:/home/locobot/interbotix_ws/install/kobuki_safety_controller:/home/locobot/interbotix_ws/install/kobuki_random_walker:/home/locobot/interbotix_ws/install/kobuki_bumper2pc:/home/locobot/interbotix_ws/install/kobuki_ros_interfaces:/home/locobot/interbotix_ws/install/interbotix_xslocobot_sim:/home/locobot/interbotix_ws/install/interbotix_xslocobot_descriptions:/home/locobot/interbotix_ws/install/interbotix_xs_toolbox:/home/locobot/interbotix_ws/install/interbotix_xs_rviz:/home/locobot/interbotix_ws/install/interbotix_ros_xseries:/home/locobot/interbotix_ws/install/interbotix_xs_sdk:/home/locobot/interbotix_ws/install/interbotix_xs_ros_control:/home/locobot/interbotix_ws/install/interbotix_common_toolbox:/home/locobot/interbotix_ws/install/interbotix_gravity_compensation:/home/locobot/interbotix_ws/install/interbotix_xs_msgs:/home/locobot/interbotix_ws/install/interbotix_xs_driver:/home/locobot/interbotix_ws/install/interbotix_tf_tools:/home/locobot/interbotix_ws/install/interbotix_moveit_interface_msgs:/home/locobot/interbotix_ws/install/ecl_streams:/home/locobot/interbotix_ws/install/ecl_sigslots:/home/locobot/interbotix_ws/install/ecl_ipc:/home/locobot/interbotix_ws/install/ecl_devices:/home/locobot/interbotix_ws/install/ecl_threads:/home/locobot/interbotix_ws/install/ecl_containers:/home/locobot/interbotix_ws/install/ecl_time:/home/locobot/interbotix_ws/install/ecl_lite:/home/locobot/interbotix_ws/install/ecl_sigslots_lite:/home/locobot/interbotix_ws/install/ecl_io:/home/locobot/interbotix_ws/install/ecl_filesystem:/home/locobot/interbotix_ws/install/ecl_converters_lite:/home/locobot/interbotix_ws/install/ecl_console:/home/locobot/interbotix_ws/install/cmd_vel_mux:/home/locobot/apriltag_ws/install/apriltag_ros:/home/locobot/LoCoBotRos/interbotix_ws/install/interbotix_xs_modules:/home/locobot/LoCoBotRos/interbotix_ws/install/interbotix_common_modules:/home/locobot/interbotix_ws/install/kobuki_description:/home/locobot/interbotix_ws/install/interbotix_xs_modules:/home/locobot/interbotix_ws/install/interbotix_common_sim:/home/locobot/interbotix_ws/install/interbotix_common_modules:/home/locobot/interbotix_ws/install/ecl_utilities:/home/locobot/interbotix_ws/install/ecl_math:/home/locobot/interbotix_ws/install/ecl_formatters:/home/locobot/interbotix_ws/install/ecl_converters:/home/locobot/interbotix_ws/install/ecl_concepts:/home/locobot/interbotix_ws/install/ecl_type_traits:/home/locobot/interbotix_ws/install/ecl_time_lite:/home/locobot/interbotix_ws/install/ecl_mpl:/home/locobot/interbotix_ws/install/ecl_exceptions:/home/locobot/interbotix_ws/install/ecl_errors:/home/locobot/interbotix_ws/install/ecl_eigen:/home/locobot/interbotix_ws/install/ecl_config:/home/locobot/interbotix_ws/install/ecl_command_line:/home/locobot/interbotix_ws/install/dynamixel_workbench_toolbox:/opt/ros/humble LD_LIBRARY_PATH=/home/locobot/LoCoBotRos/interbotix_ws/install/srdfdom/lib:${LD_LIBRARY_PATH} PYTHONPATH=/home/locobot/LoCoBotRos/interbotix_ws/install/srdfdom/local/lib/python3.10/dist-packages:${PYTHONPATH} /usr/bin/cmake --build /home/locobot/LoCoBotRos/interbotix_ws/build/moveit_core -- -j16 -l16
