[0.006s] Invoking command in '/home/locobot/LoCoBotRos/interbotix_ws/build/moveit_common': CMAKE_PREFIX_PATH=${CMAKE_PREFIX_PATH}:/opt/ros/humble /usr/bin/cmake /home/locobot/LoCoBotRos/interbotix_ws/src/moveit2/moveit_common -DCMAKE_INSTALL_PREFIX=/home/locobot/LoCoBotRos/interbotix_ws/install/moveit_common
[0.012s] -- Found ament_cmake: 1.3.11 (/opt/ros/humble/share/ament_cmake/cmake)
[0.105s] -- Found ament_lint_auto: 0.12.12 (/opt/ros/humble/share/ament_lint_auto/cmake)
[0.163s] -- Added test 'copyright' to check source files copyright and LICENSE
[0.164s] -- Added test 'lint_cmake' to check CMake code style
[0.165s] -- Added test 'xmllint' to check XML markup files
[0.166s] -- Configuring done
[0.169s] -- Generating done
[0.170s] -- Build files have been written to: /home/locobot/LoCoBotRos/interbotix_ws/build/moveit_common
[0.172s] Invoked command in '/home/locobot/LoCoBotRos/interbotix_ws/build/moveit_common' returned '0': CMAKE_PREFIX_PATH=${CMAKE_PREFIX_PATH}:/opt/ros/humble /usr/bin/cmake /home/locobot/LoCoBotRos/interbotix_ws/src/moveit2/moveit_common -DCMAKE_INSTALL_PREFIX=/home/locobot/LoCoBotRos/interbotix_ws/install/moveit_common
[0.173s] Invoking command in '/home/locobot/LoCoBotRos/interbotix_ws/build/moveit_common': CMAKE_PREFIX_PATH=${CMAKE_PREFIX_PATH}:/opt/ros/humble /usr/bin/cmake --build /home/locobot/LoCoBotRos/interbotix_ws/build/moveit_common -- -j16 -l16
[0.198s] Invoked command in '/home/locobot/LoCoBotRos/interbotix_ws/build/moveit_common' returned '0': CMAKE_PREFIX_PATH=${CMAKE_PREFIX_PATH}:/opt/ros/humble /usr/bin/cmake --build /home/locobot/LoCoBotRos/interbotix_ws/build/moveit_common -- -j16 -l16
[0.200s] Invoking command in '/home/locobot/LoCoBotRos/interbotix_ws/build/moveit_common': CMAKE_PREFIX_PATH=${CMAKE_PREFIX_PATH}:/opt/ros/humble /usr/bin/cmake --install /home/locobot/LoCoBotRos/interbotix_ws/build/moveit_common
[0.205s] -- Install configuration: "Debug"
[0.206s] -- Up-to-date: /home/locobot/LoCoBotRos/interbotix_ws/install/moveit_common/share/ament_index/resource_index/package_run_dependencies/moveit_common
[0.206s] -- Installing: /home/locobot/LoCoBotRos/interbotix_ws/install/moveit_common/share/ament_index/resource_index/parent_prefix_path/moveit_common
[0.206s] -- Up-to-date: /home/locobot/LoCoBotRos/interbotix_ws/install/moveit_common/share/moveit_common/environment/ament_prefix_path.sh
[0.206s] -- Installing: /home/locobot/LoCoBotRos/interbotix_ws/install/moveit_common/share/moveit_common/environment/ament_prefix_path.dsv
[0.206s] -- Up-to-date: /home/locobot/LoCoBotRos/interbotix_ws/install/moveit_common/share/moveit_common/environment/path.sh
[0.206s] -- Installing: /home/locobot/LoCoBotRos/interbotix_ws/install/moveit_common/share/moveit_common/environment/path.dsv
[0.206s] -- Up-to-date: /home/locobot/LoCoBotRos/interbotix_ws/install/moveit_common/share/moveit_common/local_setup.bash
[0.206s] -- Up-to-date: /home/locobot/LoCoBotRos/interbotix_ws/install/moveit_common/share/moveit_common/local_setup.sh
[0.206s] -- Up-to-date: /home/locobot/LoCoBotRos/interbotix_ws/install/moveit_common/share/moveit_common/local_setup.zsh
[0.206s] -- Installing: /home/locobot/LoCoBotRos/interbotix_ws/install/moveit_common/share/moveit_common/local_setup.dsv
[0.206s] -- Installing: /home/locobot/LoCoBotRos/interbotix_ws/install/moveit_common/share/moveit_common/package.dsv
[0.207s] -- Up-to-date: /home/locobot/LoCoBotRos/interbotix_ws/install/moveit_common/share/ament_index/resource_index/packages/moveit_common
[0.207s] -- Up-to-date: /home/locobot/LoCoBotRos/interbotix_ws/install/moveit_common/share/moveit_common/cmake/moveit_common-extras.cmake
[0.207s] -- Up-to-date: /home/locobot/LoCoBotRos/interbotix_ws/install/moveit_common/share/moveit_common/cmake/moveit_commonConfig.cmake
[0.207s] -- Up-to-date: /home/locobot/LoCoBotRos/interbotix_ws/install/moveit_common/share/moveit_common/cmake/moveit_commonConfig-version.cmake
[0.207s] -- Up-to-date: /home/locobot/LoCoBotRos/interbotix_ws/install/moveit_common/share/moveit_common/package.xml
[0.207s] -- Up-to-date: /home/locobot/LoCoBotRos/interbotix_ws/install/moveit_common/share/moveit_common/cmake
[0.207s] -- Up-to-date: /home/locobot/LoCoBotRos/interbotix_ws/install/moveit_common/share/moveit_common/cmake/moveit_package.cmake
[0.208s] Invoked command in '/home/locobot/LoCoBotRos/interbotix_ws/build/moveit_common' returned '0': CMAKE_PREFIX_PATH=${CMAKE_PREFIX_PATH}:/opt/ros/humble /usr/bin/cmake --install /home/locobot/LoCoBotRos/interbotix_ws/build/moveit_common
