[0.008s] Invoking command in '/home/locobot/LoCoBotRos/interbotix_ws/build/srdfdom': CMAKE_PREFIX_PATH=${CMAKE_PREFIX_PATH}:/opt/ros/humble /usr/bin/cmake /home/locobot/LoCoBotRos/interbotix_ws/src/srdfdom -DCMAKE_BUILD_TYPE=Debug -DCMAKE_INSTALL_PREFIX=/home/locobot/LoCoBotRos/interbotix_ws/install/srdfdom
[0.025s] -- Found ament_cmake: 1.3.11 (/opt/ros/humble/share/ament_cmake/cmake)
[0.118s] -- Found urdf: 2.6.1 (/opt/ros/humble/share/urdf/cmake)
[0.154s] -- Found TinyXML2 via Config file: TinyXML2_DIR-NOTFOUND
[0.209s] -- Found ament_cmake_gtest: 1.3.11 (/opt/ros/humble/share/ament_cmake_gtest/cmake)
[0.216s] -- Found ament_cmake_pytest: 1.3.11 (/opt/ros/humble/share/ament_cmake_pytest/cmake)
[0.534s] -- Found gtest sources under '/opt/ros/humble/src/gtest_vendor': C++ tests using 'Google Test' will be built
[0.541s] -- Found ament_lint_auto: 0.12.12 (/opt/ros/humble/share/ament_lint_auto/cmake)
[0.555s] -- Configuring done
[0.573s] -- Generating done
[0.577s] -- Build files have been written to: /home/locobot/LoCoBotRos/interbotix_ws/build/srdfdom
[0.580s] Invoked command in '/home/locobot/LoCoBotRos/interbotix_ws/build/srdfdom' returned '0': CMAKE_PREFIX_PATH=${CMAKE_PREFIX_PATH}:/opt/ros/humble /usr/bin/cmake /home/locobot/LoCoBotRos/interbotix_ws/src/srdfdom -DCMAKE_BUILD_TYPE=Debug -DCMAKE_INSTALL_PREFIX=/home/locobot/LoCoBotRos/interbotix_ws/install/srdfdom
[0.581s] Invoking command in '/home/locobot/LoCoBotRos/interbotix_ws/build/srdfdom': CMAKE_PREFIX_PATH=${CMAKE_PREFIX_PATH}:/opt/ros/humble /usr/bin/cmake --build /home/locobot/LoCoBotRos/interbotix_ws/build/srdfdom -- -j16 -l16
[0.609s] [35m[1mConsolidate compiler generated dependencies of target gtest_main[0m
[0.610s] [35m[1mConsolidate compiler generated dependencies of target gtest[0m
[0.610s] [35m[1mConsolidate compiler generated dependencies of target srdfdom[0m
[0.623s] [  0%] Built target ament_cmake_python_copy_srdfdom
[0.624s] [ 18%] Built target gtest_main
[0.624s] [ 36%] Built target gtest
[0.637s] [ 63%] Built target srdfdom
[0.646s] [35m[1mConsolidate compiler generated dependencies of target test_cpp_C[0m
[0.646s] [35m[1mConsolidate compiler generated dependencies of target test_cpp_nl_NL.UTF-8[0m
[0.659s] [100%] Built target test_cpp_C
[0.659s] [100%] Built target test_cpp_nl_NL.UTF-8
[0.816s] running egg_info
[0.816s] writing srdfdom.egg-info/PKG-INFO
[0.816s] writing dependency_links to srdfdom.egg-info/dependency_links.txt
[0.817s] writing top-level names to srdfdom.egg-info/top_level.txt
[0.819s] reading manifest file 'srdfdom.egg-info/SOURCES.txt'
[0.819s] writing manifest file 'srdfdom.egg-info/SOURCES.txt'
[0.839s] [100%] Built target ament_cmake_python_build_srdfdom_egg
[1.023s] Invoked command in '/home/locobot/LoCoBotRos/interbotix_ws/build/srdfdom' returned '0': CMAKE_PREFIX_PATH=${CMAKE_PREFIX_PATH}:/opt/ros/humble /usr/bin/cmake --build /home/locobot/LoCoBotRos/interbotix_ws/build/srdfdom -- -j16 -l16
[1.025s] Invoking command in '/home/locobot/LoCoBotRos/interbotix_ws/build/srdfdom': CMAKE_PREFIX_PATH=${CMAKE_PREFIX_PATH}:/opt/ros/humble /usr/bin/cmake --install /home/locobot/LoCoBotRos/interbotix_ws/build/srdfdom
[1.031s] -- Install configuration: "Debug"
[1.032s] -- Up-to-date: /home/locobot/LoCoBotRos/interbotix_ws/install/srdfdom/lib/libsrdfdom.so.2.0.8
[1.032s] -- Up-to-date: /home/locobot/LoCoBotRos/interbotix_ws/install/srdfdom/lib/libsrdfdom.so
[1.032s] -- Up-to-date: /home/locobot/LoCoBotRos/interbotix_ws/install/srdfdom/include/srdfdom
[1.032s] -- Up-to-date: /home/locobot/LoCoBotRos/interbotix_ws/install/srdfdom/include/srdfdom/srdfdom
[1.032s] -- Up-to-date: /home/locobot/LoCoBotRos/interbotix_ws/install/srdfdom/include/srdfdom/srdfdom/srdf_writer.h
[1.032s] -- Up-to-date: /home/locobot/LoCoBotRos/interbotix_ws/install/srdfdom/include/srdfdom/srdfdom/visibility_control.h
[1.032s] -- Up-to-date: /home/locobot/LoCoBotRos/interbotix_ws/install/srdfdom/include/srdfdom/srdfdom/model.h
[1.032s] -- Up-to-date: /home/locobot/LoCoBotRos/interbotix_ws/install/srdfdom/lib/srdfdom/display_srdf
[1.032s] -- Up-to-date: /home/locobot/LoCoBotRos/interbotix_ws/install/srdfdom/share/srdfdom/environment/pythonpath.sh
[1.032s] -- Installing: /home/locobot/LoCoBotRos/interbotix_ws/install/srdfdom/share/srdfdom/environment/pythonpath.dsv
[1.033s] -- Up-to-date: /home/locobot/LoCoBotRos/interbotix_ws/install/srdfdom/local/lib/python3.10/dist-packages/srdfdom-2.0.8-py3.10.egg-info
[1.033s] -- Installing: /home/locobot/LoCoBotRos/interbotix_ws/install/srdfdom/local/lib/python3.10/dist-packages/srdfdom-2.0.8-py3.10.egg-info/dependency_links.txt
[1.033s] -- Installing: /home/locobot/LoCoBotRos/interbotix_ws/install/srdfdom/local/lib/python3.10/dist-packages/srdfdom-2.0.8-py3.10.egg-info/PKG-INFO
[1.033s] -- Installing: /home/locobot/LoCoBotRos/interbotix_ws/install/srdfdom/local/lib/python3.10/dist-packages/srdfdom-2.0.8-py3.10.egg-info/SOURCES.txt
[1.033s] -- Installing: /home/locobot/LoCoBotRos/interbotix_ws/install/srdfdom/local/lib/python3.10/dist-packages/srdfdom-2.0.8-py3.10.egg-info/top_level.txt
[1.033s] -- Up-to-date: /home/locobot/LoCoBotRos/interbotix_ws/install/srdfdom/local/lib/python3.10/dist-packages/srdfdom
[1.033s] -- Up-to-date: /home/locobot/LoCoBotRos/interbotix_ws/install/srdfdom/local/lib/python3.10/dist-packages/srdfdom/srdf.py
[1.033s] -- Up-to-date: /home/locobot/LoCoBotRos/interbotix_ws/install/srdfdom/local/lib/python3.10/dist-packages/srdfdom/__init__.py
[1.058s] Listing '/home/locobot/LoCoBotRos/interbotix_ws/install/srdfdom/local/lib/python3.10/dist-packages/srdfdom'...
[1.062s] -- Up-to-date: /home/locobot/LoCoBotRos/interbotix_ws/install/srdfdom/share/srdfdom/environment/library_path.sh
[1.062s] -- Installing: /home/locobot/LoCoBotRos/interbotix_ws/install/srdfdom/share/srdfdom/environment/library_path.dsv
[1.062s] -- Up-to-date: /home/locobot/LoCoBotRos/interbotix_ws/install/srdfdom/share/ament_index/resource_index/package_run_dependencies/srdfdom
[1.062s] -- Up-to-date: /home/locobot/LoCoBotRos/interbotix_ws/install/srdfdom/share/ament_index/resource_index/parent_prefix_path/srdfdom
[1.062s] -- Up-to-date: /home/locobot/LoCoBotRos/interbotix_ws/install/srdfdom/share/srdfdom/environment/ament_prefix_path.sh
[1.062s] -- Installing: /home/locobot/LoCoBotRos/interbotix_ws/install/srdfdom/share/srdfdom/environment/ament_prefix_path.dsv
[1.062s] -- Up-to-date: /home/locobot/LoCoBotRos/interbotix_ws/install/srdfdom/share/srdfdom/environment/path.sh
[1.063s] -- Installing: /home/locobot/LoCoBotRos/interbotix_ws/install/srdfdom/share/srdfdom/environment/path.dsv
[1.063s] -- Up-to-date: /home/locobot/LoCoBotRos/interbotix_ws/install/srdfdom/share/srdfdom/local_setup.bash
[1.063s] -- Up-to-date: /home/locobot/LoCoBotRos/interbotix_ws/install/srdfdom/share/srdfdom/local_setup.sh
[1.063s] -- Up-to-date: /home/locobot/LoCoBotRos/interbotix_ws/install/srdfdom/share/srdfdom/local_setup.zsh
[1.063s] -- Installing: /home/locobot/LoCoBotRos/interbotix_ws/install/srdfdom/share/srdfdom/local_setup.dsv
[1.063s] -- Installing: /home/locobot/LoCoBotRos/interbotix_ws/install/srdfdom/share/srdfdom/package.dsv
[1.063s] -- Up-to-date: /home/locobot/LoCoBotRos/interbotix_ws/install/srdfdom/share/ament_index/resource_index/packages/srdfdom
[1.063s] -- Up-to-date: /home/locobot/LoCoBotRos/interbotix_ws/install/srdfdom/share/srdfdom/cmake/srdfdomTargetsExport.cmake
[1.063s] -- Up-to-date: /home/locobot/LoCoBotRos/interbotix_ws/install/srdfdom/share/srdfdom/cmake/srdfdomTargetsExport-debug.cmake
[1.064s] -- Up-to-date: /home/locobot/LoCoBotRos/interbotix_ws/install/srdfdom/share/srdfdom/cmake/ament_cmake_export_targets-extras.cmake
[1.064s] -- Up-to-date: /home/locobot/LoCoBotRos/interbotix_ws/install/srdfdom/share/srdfdom/cmake/ament_cmake_export_dependencies-extras.cmake
[1.064s] -- Up-to-date: /home/locobot/LoCoBotRos/interbotix_ws/install/srdfdom/share/srdfdom/cmake/srdfdomConfig.cmake
[1.064s] -- Up-to-date: /home/locobot/LoCoBotRos/interbotix_ws/install/srdfdom/share/srdfdom/cmake/srdfdomConfig-version.cmake
[1.064s] -- Up-to-date: /home/locobot/LoCoBotRos/interbotix_ws/install/srdfdom/share/srdfdom/package.xml
[1.065s] Invoked command in '/home/locobot/LoCoBotRos/interbotix_ws/build/srdfdom' returned '0': CMAKE_PREFIX_PATH=${CMAKE_PREFIX_PATH}:/opt/ros/humble /usr/bin/cmake --install /home/locobot/LoCoBotRos/interbotix_ws/build/srdfdom
