[0.122s] DEBUG:colcon:Command line arguments: ['/usr/bin/colcon', 'build']
[0.122s] DEBUG:colcon:Parsed command line arguments: Namespace(log_base=None, log_level=None, verb_name='build', build_base='build', install_base='install', merge_install=False, symlink_install=False, test_result_base=None, continue_on_error=False, executor='parallel', parallel_workers=4, event_handlers=None, ignore_user_meta=False, metas=['./colcon.meta'], base_paths=['.'], packages_ignore=None, packages_ignore_regex=None, paths=None, packages_up_to=None, packages_up_to_regex=None, packages_above=None, packages_above_and_dependencies=None, packages_above_depth=None, packages_select_by_dep=None, packages_skip_by_dep=None, packages_skip_up_to=None, packages_select_build_failed=False, packages_skip_build_finished=False, packages_select_test_failures=False, packages_skip_test_passed=False, packages_select=None, packages_skip=None, packages_select_regex=None, packages_skip_regex=None, packages_start=None, packages_end=None, allow_overriding=[], cmake_args=None, cmake_target=None, cmake_target_skip_unavailable=False, cmake_clean_cache=False, cmake_clean_first=False, cmake_force_configure=False, ament_cmake_args=None, catkin_cmake_args=None, catkin_skip_building_tests=False, verb_parser=<colcon_defaults.argument_parser.defaults.DefaultArgumentsDecorator object at 0x76d04894c280>, verb_extension=<colcon_core.verb.build.BuildVerb object at 0x76d04891fe80>, main=<bound method BuildVerb.main of <colcon_core.verb.build.BuildVerb object at 0x76d04891fe80>>)
[0.317s] Level 1:colcon.colcon_core.package_discovery:discover_packages(colcon_meta) check parameters
[0.317s] Level 1:colcon.colcon_core.package_discovery:discover_packages(recursive) check parameters
[0.317s] Level 1:colcon.colcon_core.package_discovery:discover_packages(ignore) check parameters
[0.318s] Level 1:colcon.colcon_core.package_discovery:discover_packages(path) check parameters
[0.318s] Level 1:colcon.colcon_core.package_discovery:discover_packages(colcon_meta) discover
[0.318s] Level 1:colcon.colcon_core.package_discovery:discover_packages(recursive) discover
[0.318s] INFO:colcon.colcon_core.package_discovery:Crawling recursively for packages in '/home/locobot/LoCoBotRos/interbotix_ws/src/moveit_task_constructor'
[0.318s] Level 1:colcon.colcon_core.package_identification:_identify(.) by extensions ['ignore', 'ignore_ament_install']
[0.318s] Level 1:colcon.colcon_core.package_identification:_identify(.) by extension 'ignore'
[0.318s] Level 1:colcon.colcon_core.package_identification:_identify(.) by extension 'ignore_ament_install'
[0.318s] Level 1:colcon.colcon_core.package_identification:_identify(.) by extensions ['colcon_pkg']
[0.318s] Level 1:colcon.colcon_core.package_identification:_identify(.) by extension 'colcon_pkg'
[0.318s] Level 1:colcon.colcon_core.package_identification:_identify(.) by extensions ['colcon_meta']
[0.318s] Level 1:colcon.colcon_core.package_identification:_identify(.) by extension 'colcon_meta'
[0.318s] Level 1:colcon.colcon_core.package_identification:_identify(.) by extensions ['ros']
[0.318s] Level 1:colcon.colcon_core.package_identification:_identify(.) by extension 'ros'
[0.330s] Level 1:colcon.colcon_core.package_identification:_identify(.) by extensions ['cmake', 'python']
[0.330s] Level 1:colcon.colcon_core.package_identification:_identify(.) by extension 'cmake'
[0.330s] Level 1:colcon.colcon_core.package_identification:_identify(.) by extension 'python'
[0.330s] Level 1:colcon.colcon_core.package_identification:_identify(.) by extensions ['python_setup_py']
[0.330s] Level 1:colcon.colcon_core.package_identification:_identify(.) by extension 'python_setup_py'
[0.330s] Level 1:colcon.colcon_core.package_identification:_identify(build) by extensions ['ignore', 'ignore_ament_install']
[0.330s] Level 1:colcon.colcon_core.package_identification:_identify(build) by extension 'ignore'
[0.330s] Level 1:colcon.colcon_core.package_identification:_identify(build) ignored
[0.331s] Level 1:colcon.colcon_core.package_identification:_identify(capabilities) by extensions ['ignore', 'ignore_ament_install']
[0.331s] Level 1:colcon.colcon_core.package_identification:_identify(capabilities) by extension 'ignore'
[0.331s] Level 1:colcon.colcon_core.package_identification:_identify(capabilities) by extension 'ignore_ament_install'
[0.331s] Level 1:colcon.colcon_core.package_identification:_identify(capabilities) by extensions ['colcon_pkg']
[0.331s] Level 1:colcon.colcon_core.package_identification:_identify(capabilities) by extension 'colcon_pkg'
[0.331s] Level 1:colcon.colcon_core.package_identification:_identify(capabilities) by extensions ['colcon_meta']
[0.331s] Level 1:colcon.colcon_core.package_identification:_identify(capabilities) by extension 'colcon_meta'
[0.331s] Level 1:colcon.colcon_core.package_identification:_identify(capabilities) by extensions ['ros']
[0.331s] Level 1:colcon.colcon_core.package_identification:_identify(capabilities) by extension 'ros'
[0.334s] DEBUG:colcon.colcon_core.package_identification:Package 'capabilities' with type 'ros.ament_cmake' and name 'moveit_task_constructor_capabilities'
[0.334s] Level 1:colcon.colcon_core.package_identification:_identify(core) by extensions ['ignore', 'ignore_ament_install']
[0.335s] Level 1:colcon.colcon_core.package_identification:_identify(core) by extension 'ignore'
[0.335s] Level 1:colcon.colcon_core.package_identification:_identify(core) by extension 'ignore_ament_install'
[0.335s] Level 1:colcon.colcon_core.package_identification:_identify(core) by extensions ['colcon_pkg']
[0.335s] Level 1:colcon.colcon_core.package_identification:_identify(core) by extension 'colcon_pkg'
[0.335s] Level 1:colcon.colcon_core.package_identification:_identify(core) by extensions ['colcon_meta']
[0.335s] Level 1:colcon.colcon_core.package_identification:_identify(core) by extension 'colcon_meta'
[0.335s] Level 1:colcon.colcon_core.package_identification:_identify(core) by extensions ['ros']
[0.335s] Level 1:colcon.colcon_core.package_identification:_identify(core) by extension 'ros'
[0.337s] DEBUG:colcon.colcon_core.package_identification:Package 'core' with type 'ros.ament_cmake' and name 'moveit_task_constructor_core'
[0.337s] Level 1:colcon.colcon_core.package_identification:_identify(demo) by extensions ['ignore', 'ignore_ament_install']
[0.337s] Level 1:colcon.colcon_core.package_identification:_identify(demo) by extension 'ignore'
[0.337s] Level 1:colcon.colcon_core.package_identification:_identify(demo) by extension 'ignore_ament_install'
[0.337s] Level 1:colcon.colcon_core.package_identification:_identify(demo) by extensions ['colcon_pkg']
[0.337s] Level 1:colcon.colcon_core.package_identification:_identify(demo) by extension 'colcon_pkg'
[0.337s] Level 1:colcon.colcon_core.package_identification:_identify(demo) by extensions ['colcon_meta']
[0.337s] Level 1:colcon.colcon_core.package_identification:_identify(demo) by extension 'colcon_meta'
[0.337s] Level 1:colcon.colcon_core.package_identification:_identify(demo) by extensions ['ros']
[0.337s] Level 1:colcon.colcon_core.package_identification:_identify(demo) by extension 'ros'
[0.338s] DEBUG:colcon.colcon_core.package_identification:Package 'demo' with type 'ros.ament_cmake' and name 'moveit_task_constructor_demo'
[0.338s] Level 1:colcon.colcon_core.package_identification:_identify(install) by extensions ['ignore', 'ignore_ament_install']
[0.339s] Level 1:colcon.colcon_core.package_identification:_identify(install) by extension 'ignore'
[0.339s] Level 1:colcon.colcon_core.package_identification:_identify(install) ignored
[0.339s] Level 1:colcon.colcon_core.package_identification:_identify(log) by extensions ['ignore', 'ignore_ament_install']
[0.339s] Level 1:colcon.colcon_core.package_identification:_identify(log) by extension 'ignore'
[0.339s] Level 1:colcon.colcon_core.package_identification:_identify(log) ignored
[0.339s] Level 1:colcon.colcon_core.package_identification:_identify(msgs) by extensions ['ignore', 'ignore_ament_install']
[0.339s] Level 1:colcon.colcon_core.package_identification:_identify(msgs) by extension 'ignore'
[0.339s] Level 1:colcon.colcon_core.package_identification:_identify(msgs) by extension 'ignore_ament_install'
[0.339s] Level 1:colcon.colcon_core.package_identification:_identify(msgs) by extensions ['colcon_pkg']
[0.339s] Level 1:colcon.colcon_core.package_identification:_identify(msgs) by extension 'colcon_pkg'
[0.339s] Level 1:colcon.colcon_core.package_identification:_identify(msgs) by extensions ['colcon_meta']
[0.339s] Level 1:colcon.colcon_core.package_identification:_identify(msgs) by extension 'colcon_meta'
[0.339s] Level 1:colcon.colcon_core.package_identification:_identify(msgs) by extensions ['ros']
[0.339s] Level 1:colcon.colcon_core.package_identification:_identify(msgs) by extension 'ros'
[0.340s] DEBUG:colcon.colcon_core.package_identification:Package 'msgs' with type 'ros.ament_cmake' and name 'moveit_task_constructor_msgs'
[0.340s] Level 1:colcon.colcon_core.package_identification:_identify(rviz_marker_tools) by extensions ['ignore', 'ignore_ament_install']
[0.340s] Level 1:colcon.colcon_core.package_identification:_identify(rviz_marker_tools) by extension 'ignore'
[0.340s] Level 1:colcon.colcon_core.package_identification:_identify(rviz_marker_tools) by extension 'ignore_ament_install'
[0.340s] Level 1:colcon.colcon_core.package_identification:_identify(rviz_marker_tools) by extensions ['colcon_pkg']
[0.340s] Level 1:colcon.colcon_core.package_identification:_identify(rviz_marker_tools) by extension 'colcon_pkg'
[0.340s] Level 1:colcon.colcon_core.package_identification:_identify(rviz_marker_tools) by extensions ['colcon_meta']
[0.341s] Level 1:colcon.colcon_core.package_identification:_identify(rviz_marker_tools) by extension 'colcon_meta'
[0.341s] Level 1:colcon.colcon_core.package_identification:_identify(rviz_marker_tools) by extensions ['ros']
[0.341s] Level 1:colcon.colcon_core.package_identification:_identify(rviz_marker_tools) by extension 'ros'
[0.342s] DEBUG:colcon.colcon_core.package_identification:Package 'rviz_marker_tools' with type 'ros.ament_cmake' and name 'rviz_marker_tools'
[0.342s] Level 1:colcon.colcon_core.package_identification:_identify(visualization) by extensions ['ignore', 'ignore_ament_install']
[0.342s] Level 1:colcon.colcon_core.package_identification:_identify(visualization) by extension 'ignore'
[0.342s] Level 1:colcon.colcon_core.package_identification:_identify(visualization) by extension 'ignore_ament_install'
[0.342s] Level 1:colcon.colcon_core.package_identification:_identify(visualization) by extensions ['colcon_pkg']
[0.342s] Level 1:colcon.colcon_core.package_identification:_identify(visualization) by extension 'colcon_pkg'
[0.342s] Level 1:colcon.colcon_core.package_identification:_identify(visualization) by extensions ['colcon_meta']
[0.342s] Level 1:colcon.colcon_core.package_identification:_identify(visualization) by extension 'colcon_meta'
[0.342s] Level 1:colcon.colcon_core.package_identification:_identify(visualization) by extensions ['ros']
[0.342s] Level 1:colcon.colcon_core.package_identification:_identify(visualization) by extension 'ros'
[0.343s] DEBUG:colcon.colcon_core.package_identification:Package 'visualization' with type 'ros.ament_cmake' and name 'moveit_task_constructor_visualization'
[0.343s] Level 1:colcon.colcon_core.package_discovery:discover_packages(recursive) using defaults
[0.343s] Level 1:colcon.colcon_core.package_discovery:discover_packages(ignore) discover
[0.343s] Level 1:colcon.colcon_core.package_discovery:discover_packages(ignore) using defaults
[0.343s] Level 1:colcon.colcon_core.package_discovery:discover_packages(path) discover
[0.343s] Level 1:colcon.colcon_core.package_discovery:discover_packages(path) using defaults
[0.379s] Level 1:colcon.colcon_core.package_discovery:discover_packages(prefix_path) check parameters
[0.379s] Level 1:colcon.colcon_core.package_discovery:discover_packages(prefix_path) discover
[0.384s] DEBUG:colcon.colcon_installed_package_information.package_discovery:Found 126 installed packages in /home/locobot/LoCoBotRos/interbotix_ws/install
[0.386s] DEBUG:colcon.colcon_installed_package_information.package_discovery:Found 1 installed packages in /home/locobot/apriltag_ws/install
[0.388s] DEBUG:colcon.colcon_installed_package_information.package_discovery:Found 429 installed packages in /opt/ros/humble
[0.391s] Level 1:colcon.colcon_core.package_discovery:discover_packages(prefix_path) using defaults
[0.460s] WARNING:colcon.colcon_core.package_selection:Some selected packages are already built in one or more underlay workspaces:
	'moveit_task_constructor_core' is in: /home/locobot/LoCoBotRos/interbotix_ws/install/moveit_task_constructor_core
If a package in a merged underlay workspace is overridden and it installs headers, then all packages in the overlay must sort their include directories by workspace order. Failure to do so may result in build failures or undefined behavior at run time.
If the overridden package is used by another package in any underlay, then the overriding package in the overlay must be API and ABI compatible or undefined behavior at run time may occur.

If you understand the risks and want to override a package anyways, add the following to the command line:
	--allow-overriding moveit_task_constructor_core

This may be promoted to an error in a future release of colcon-override-check.
[0.462s] Level 5:colcon.colcon_core.verb:set package 'moveit_task_constructor_msgs' build argument 'cmake_args' from command line to 'None'
[0.462s] Level 5:colcon.colcon_core.verb:set package 'moveit_task_constructor_msgs' build argument 'cmake_target' from command line to 'None'
[0.462s] Level 5:colcon.colcon_core.verb:set package 'moveit_task_constructor_msgs' build argument 'cmake_target_skip_unavailable' from command line to 'False'
[0.462s] Level 5:colcon.colcon_core.verb:set package 'moveit_task_constructor_msgs' build argument 'cmake_clean_cache' from command line to 'False'
[0.462s] Level 5:colcon.colcon_core.verb:set package 'moveit_task_constructor_msgs' build argument 'cmake_clean_first' from command line to 'False'
[0.462s] Level 5:colcon.colcon_core.verb:set package 'moveit_task_constructor_msgs' build argument 'cmake_force_configure' from command line to 'False'
[0.462s] Level 5:colcon.colcon_core.verb:set package 'moveit_task_constructor_msgs' build argument 'ament_cmake_args' from command line to 'None'
[0.462s] Level 5:colcon.colcon_core.verb:set package 'moveit_task_constructor_msgs' build argument 'catkin_cmake_args' from command line to 'None'
[0.462s] Level 5:colcon.colcon_core.verb:set package 'moveit_task_constructor_msgs' build argument 'catkin_skip_building_tests' from command line to 'False'
[0.462s] DEBUG:colcon.colcon_core.verb:Building package 'moveit_task_constructor_msgs' with the following arguments: {'ament_cmake_args': None, 'build_base': '/home/locobot/LoCoBotRos/interbotix_ws/src/moveit_task_constructor/build/moveit_task_constructor_msgs', 'catkin_cmake_args': None, 'catkin_skip_building_tests': False, 'cmake_args': None, 'cmake_clean_cache': False, 'cmake_clean_first': False, 'cmake_force_configure': False, 'cmake_target': None, 'cmake_target_skip_unavailable': False, 'install_base': '/home/locobot/LoCoBotRos/interbotix_ws/src/moveit_task_constructor/install/moveit_task_constructor_msgs', 'merge_install': False, 'path': '/home/locobot/LoCoBotRos/interbotix_ws/src/moveit_task_constructor/msgs', 'symlink_install': False, 'test_result_base': None}
[0.462s] Level 5:colcon.colcon_core.verb:set package 'rviz_marker_tools' build argument 'cmake_args' from command line to 'None'
[0.462s] Level 5:colcon.colcon_core.verb:set package 'rviz_marker_tools' build argument 'cmake_target' from command line to 'None'
[0.462s] Level 5:colcon.colcon_core.verb:set package 'rviz_marker_tools' build argument 'cmake_target_skip_unavailable' from command line to 'False'
[0.462s] Level 5:colcon.colcon_core.verb:set package 'rviz_marker_tools' build argument 'cmake_clean_cache' from command line to 'False'
[0.462s] Level 5:colcon.colcon_core.verb:set package 'rviz_marker_tools' build argument 'cmake_clean_first' from command line to 'False'
[0.462s] Level 5:colcon.colcon_core.verb:set package 'rviz_marker_tools' build argument 'cmake_force_configure' from command line to 'False'
[0.462s] Level 5:colcon.colcon_core.verb:set package 'rviz_marker_tools' build argument 'ament_cmake_args' from command line to 'None'
[0.462s] Level 5:colcon.colcon_core.verb:set package 'rviz_marker_tools' build argument 'catkin_cmake_args' from command line to 'None'
[0.462s] Level 5:colcon.colcon_core.verb:set package 'rviz_marker_tools' build argument 'catkin_skip_building_tests' from command line to 'False'
[0.462s] DEBUG:colcon.colcon_core.verb:Building package 'rviz_marker_tools' with the following arguments: {'ament_cmake_args': None, 'build_base': '/home/locobot/LoCoBotRos/interbotix_ws/src/moveit_task_constructor/build/rviz_marker_tools', 'catkin_cmake_args': None, 'catkin_skip_building_tests': False, 'cmake_args': None, 'cmake_clean_cache': False, 'cmake_clean_first': False, 'cmake_force_configure': False, 'cmake_target': None, 'cmake_target_skip_unavailable': False, 'install_base': '/home/locobot/LoCoBotRos/interbotix_ws/src/moveit_task_constructor/install/rviz_marker_tools', 'merge_install': False, 'path': '/home/locobot/LoCoBotRos/interbotix_ws/src/moveit_task_constructor/rviz_marker_tools', 'symlink_install': False, 'test_result_base': None}
[0.463s] Level 5:colcon.colcon_core.verb:set package 'moveit_task_constructor_core' build argument 'cmake_args' from command line to 'None'
[0.463s] Level 5:colcon.colcon_core.verb:set package 'moveit_task_constructor_core' build argument 'cmake_target' from command line to 'None'
[0.463s] Level 5:colcon.colcon_core.verb:set package 'moveit_task_constructor_core' build argument 'cmake_target_skip_unavailable' from command line to 'False'
[0.463s] Level 5:colcon.colcon_core.verb:set package 'moveit_task_constructor_core' build argument 'cmake_clean_cache' from command line to 'False'
[0.463s] Level 5:colcon.colcon_core.verb:set package 'moveit_task_constructor_core' build argument 'cmake_clean_first' from command line to 'False'
[0.463s] Level 5:colcon.colcon_core.verb:set package 'moveit_task_constructor_core' build argument 'cmake_force_configure' from command line to 'False'
[0.463s] Level 5:colcon.colcon_core.verb:set package 'moveit_task_constructor_core' build argument 'ament_cmake_args' from command line to 'None'
[0.463s] Level 5:colcon.colcon_core.verb:set package 'moveit_task_constructor_core' build argument 'catkin_cmake_args' from command line to 'None'
[0.463s] Level 5:colcon.colcon_core.verb:set package 'moveit_task_constructor_core' build argument 'catkin_skip_building_tests' from command line to 'False'
[0.463s] DEBUG:colcon.colcon_core.verb:Building package 'moveit_task_constructor_core' with the following arguments: {'ament_cmake_args': None, 'build_base': '/home/locobot/LoCoBotRos/interbotix_ws/src/moveit_task_constructor/build/moveit_task_constructor_core', 'catkin_cmake_args': None, 'catkin_skip_building_tests': False, 'cmake_args': None, 'cmake_clean_cache': False, 'cmake_clean_first': False, 'cmake_force_configure': False, 'cmake_target': None, 'cmake_target_skip_unavailable': False, 'install_base': '/home/locobot/LoCoBotRos/interbotix_ws/src/moveit_task_constructor/install/moveit_task_constructor_core', 'merge_install': False, 'path': '/home/locobot/LoCoBotRos/interbotix_ws/src/moveit_task_constructor/core', 'symlink_install': False, 'test_result_base': None}
[0.463s] Level 5:colcon.colcon_core.verb:set package 'moveit_task_constructor_capabilities' build argument 'cmake_args' from command line to 'None'
[0.463s] Level 5:colcon.colcon_core.verb:set package 'moveit_task_constructor_capabilities' build argument 'cmake_target' from command line to 'None'
[0.463s] Level 5:colcon.colcon_core.verb:set package 'moveit_task_constructor_capabilities' build argument 'cmake_target_skip_unavailable' from command line to 'False'
[0.464s] Level 5:colcon.colcon_core.verb:set package 'moveit_task_constructor_capabilities' build argument 'cmake_clean_cache' from command line to 'False'
[0.464s] Level 5:colcon.colcon_core.verb:set package 'moveit_task_constructor_capabilities' build argument 'cmake_clean_first' from command line to 'False'
[0.464s] Level 5:colcon.colcon_core.verb:set package 'moveit_task_constructor_capabilities' build argument 'cmake_force_configure' from command line to 'False'
[0.464s] Level 5:colcon.colcon_core.verb:set package 'moveit_task_constructor_capabilities' build argument 'ament_cmake_args' from command line to 'None'
[0.464s] Level 5:colcon.colcon_core.verb:set package 'moveit_task_constructor_capabilities' build argument 'catkin_cmake_args' from command line to 'None'
[0.464s] Level 5:colcon.colcon_core.verb:set package 'moveit_task_constructor_capabilities' build argument 'catkin_skip_building_tests' from command line to 'False'
[0.464s] DEBUG:colcon.colcon_core.verb:Building package 'moveit_task_constructor_capabilities' with the following arguments: {'ament_cmake_args': None, 'build_base': '/home/locobot/LoCoBotRos/interbotix_ws/src/moveit_task_constructor/build/moveit_task_constructor_capabilities', 'catkin_cmake_args': None, 'catkin_skip_building_tests': False, 'cmake_args': None, 'cmake_clean_cache': False, 'cmake_clean_first': False, 'cmake_force_configure': False, 'cmake_target': None, 'cmake_target_skip_unavailable': False, 'install_base': '/home/locobot/LoCoBotRos/interbotix_ws/src/moveit_task_constructor/install/moveit_task_constructor_capabilities', 'merge_install': False, 'path': '/home/locobot/LoCoBotRos/interbotix_ws/src/moveit_task_constructor/capabilities', 'symlink_install': False, 'test_result_base': None}
[0.464s] Level 5:colcon.colcon_core.verb:set package 'moveit_task_constructor_visualization' build argument 'cmake_args' from command line to 'None'
[0.464s] Level 5:colcon.colcon_core.verb:set package 'moveit_task_constructor_visualization' build argument 'cmake_target' from command line to 'None'
[0.464s] Level 5:colcon.colcon_core.verb:set package 'moveit_task_constructor_visualization' build argument 'cmake_target_skip_unavailable' from command line to 'False'
[0.464s] Level 5:colcon.colcon_core.verb:set package 'moveit_task_constructor_visualization' build argument 'cmake_clean_cache' from command line to 'False'
[0.464s] Level 5:colcon.colcon_core.verb:set package 'moveit_task_constructor_visualization' build argument 'cmake_clean_first' from command line to 'False'
[0.464s] Level 5:colcon.colcon_core.verb:set package 'moveit_task_constructor_visualization' build argument 'cmake_force_configure' from command line to 'False'
[0.464s] Level 5:colcon.colcon_core.verb:set package 'moveit_task_constructor_visualization' build argument 'ament_cmake_args' from command line to 'None'
[0.464s] Level 5:colcon.colcon_core.verb:set package 'moveit_task_constructor_visualization' build argument 'catkin_cmake_args' from command line to 'None'
[0.464s] Level 5:colcon.colcon_core.verb:set package 'moveit_task_constructor_visualization' build argument 'catkin_skip_building_tests' from command line to 'False'
[0.464s] DEBUG:colcon.colcon_core.verb:Building package 'moveit_task_constructor_visualization' with the following arguments: {'ament_cmake_args': None, 'build_base': '/home/locobot/LoCoBotRos/interbotix_ws/src/moveit_task_constructor/build/moveit_task_constructor_visualization', 'catkin_cmake_args': None, 'catkin_skip_building_tests': False, 'cmake_args': None, 'cmake_clean_cache': False, 'cmake_clean_first': False, 'cmake_force_configure': False, 'cmake_target': None, 'cmake_target_skip_unavailable': False, 'install_base': '/home/locobot/LoCoBotRos/interbotix_ws/src/moveit_task_constructor/install/moveit_task_constructor_visualization', 'merge_install': False, 'path': '/home/locobot/LoCoBotRos/interbotix_ws/src/moveit_task_constructor/visualization', 'symlink_install': False, 'test_result_base': None}
[0.465s] Level 5:colcon.colcon_core.verb:set package 'moveit_task_constructor_demo' build argument 'cmake_args' from command line to 'None'
[0.465s] Level 5:colcon.colcon_core.verb:set package 'moveit_task_constructor_demo' build argument 'cmake_target' from command line to 'None'
[0.465s] Level 5:colcon.colcon_core.verb:set package 'moveit_task_constructor_demo' build argument 'cmake_target_skip_unavailable' from command line to 'False'
[0.465s] Level 5:colcon.colcon_core.verb:set package 'moveit_task_constructor_demo' build argument 'cmake_clean_cache' from command line to 'False'
[0.465s] Level 5:colcon.colcon_core.verb:set package 'moveit_task_constructor_demo' build argument 'cmake_clean_first' from command line to 'False'
[0.465s] Level 5:colcon.colcon_core.verb:set package 'moveit_task_constructor_demo' build argument 'cmake_force_configure' from command line to 'False'
[0.465s] Level 5:colcon.colcon_core.verb:set package 'moveit_task_constructor_demo' build argument 'ament_cmake_args' from command line to 'None'
[0.465s] Level 5:colcon.colcon_core.verb:set package 'moveit_task_constructor_demo' build argument 'catkin_cmake_args' from command line to 'None'
[0.465s] Level 5:colcon.colcon_core.verb:set package 'moveit_task_constructor_demo' build argument 'catkin_skip_building_tests' from command line to 'False'
[0.465s] DEBUG:colcon.colcon_core.verb:Building package 'moveit_task_constructor_demo' with the following arguments: {'ament_cmake_args': None, 'build_base': '/home/locobot/LoCoBotRos/interbotix_ws/src/moveit_task_constructor/build/moveit_task_constructor_demo', 'catkin_cmake_args': None, 'catkin_skip_building_tests': False, 'cmake_args': None, 'cmake_clean_cache': False, 'cmake_clean_first': False, 'cmake_force_configure': False, 'cmake_target': None, 'cmake_target_skip_unavailable': False, 'install_base': '/home/locobot/LoCoBotRos/interbotix_ws/src/moveit_task_constructor/install/moveit_task_constructor_demo', 'merge_install': False, 'path': '/home/locobot/LoCoBotRos/interbotix_ws/src/moveit_task_constructor/demo', 'symlink_install': False, 'test_result_base': None}
[0.465s] INFO:colcon.colcon_core.executor:Executing jobs using 'parallel' executor
[0.466s] DEBUG:colcon.colcon_parallel_executor.executor.parallel:run_until_complete
[0.467s] INFO:colcon.colcon_ros.task.ament_cmake.build:Building ROS package in '/home/locobot/LoCoBotRos/interbotix_ws/src/moveit_task_constructor/msgs' with build type 'ament_cmake'
[0.467s] INFO:colcon.colcon_cmake.task.cmake.build:Building CMake package in '/home/locobot/LoCoBotRos/interbotix_ws/src/moveit_task_constructor/msgs'
[0.470s] INFO:colcon.colcon_core.plugin_system:Skipping extension 'colcon_core.shell.bat': Not used on non-Windows systems
[0.470s] INFO:colcon.colcon_core.shell:Skip shell extension 'powershell' for command environment: Not usable outside of PowerShell
[0.470s] DEBUG:colcon.colcon_core.shell:Skip shell extension 'dsv' for command environment
[0.481s] INFO:colcon.colcon_ros.task.ament_cmake.build:Building ROS package in '/home/locobot/LoCoBotRos/interbotix_ws/src/moveit_task_constructor/rviz_marker_tools' with build type 'ament_cmake'
[0.481s] INFO:colcon.colcon_cmake.task.cmake.build:Building CMake package in '/home/locobot/LoCoBotRos/interbotix_ws/src/moveit_task_constructor/rviz_marker_tools'
[0.481s] INFO:colcon.colcon_core.shell:Skip shell extension 'powershell' for command environment: Not usable outside of PowerShell
[0.482s] DEBUG:colcon.colcon_core.shell:Skip shell extension 'dsv' for command environment
[0.498s] DEBUG:colcon.colcon_core.event_handler.log_command:Invoking command in '/home/locobot/LoCoBotRos/interbotix_ws/src/moveit_task_constructor/build/moveit_task_constructor_msgs': CMAKE_PREFIX_PATH=${CMAKE_PREFIX_PATH}:/opt/ros/humble /usr/bin/cmake /home/locobot/LoCoBotRos/interbotix_ws/src/moveit_task_constructor/msgs -DCMAKE_INSTALL_PREFIX=/home/locobot/LoCoBotRos/interbotix_ws/src/moveit_task_constructor/install/moveit_task_constructor_msgs
[0.503s] DEBUG:colcon.colcon_core.event_handler.log_command:Invoking command in '/home/locobot/LoCoBotRos/interbotix_ws/src/moveit_task_constructor/build/rviz_marker_tools': CMAKE_PREFIX_PATH=${CMAKE_PREFIX_PATH}:/opt/ros/humble /usr/bin/cmake /home/locobot/LoCoBotRos/interbotix_ws/src/moveit_task_constructor/rviz_marker_tools -DCMAKE_INSTALL_PREFIX=/home/locobot/LoCoBotRos/interbotix_ws/src/moveit_task_constructor/install/rviz_marker_tools
[2.742s] DEBUG:colcon.colcon_core.event_handler.log_command:Invoked command in '/home/locobot/LoCoBotRos/interbotix_ws/src/moveit_task_constructor/build/rviz_marker_tools' returned '0': CMAKE_PREFIX_PATH=${CMAKE_PREFIX_PATH}:/opt/ros/humble /usr/bin/cmake /home/locobot/LoCoBotRos/interbotix_ws/src/moveit_task_constructor/rviz_marker_tools -DCMAKE_INSTALL_PREFIX=/home/locobot/LoCoBotRos/interbotix_ws/src/moveit_task_constructor/install/rviz_marker_tools
[2.744s] DEBUG:colcon.colcon_core.event_handler.log_command:Invoking command in '/home/locobot/LoCoBotRos/interbotix_ws/src/moveit_task_constructor/build/rviz_marker_tools': CMAKE_PREFIX_PATH=${CMAKE_PREFIX_PATH}:/opt/ros/humble /usr/bin/cmake --build /home/locobot/LoCoBotRos/interbotix_ws/src/moveit_task_constructor/build/rviz_marker_tools -- -j4 -l4
[4.105s] DEBUG:colcon.colcon_core.event_handler.log_command:Invoked command in '/home/locobot/LoCoBotRos/interbotix_ws/src/moveit_task_constructor/build/moveit_task_constructor_msgs' returned '0': CMAKE_PREFIX_PATH=${CMAKE_PREFIX_PATH}:/opt/ros/humble /usr/bin/cmake /home/locobot/LoCoBotRos/interbotix_ws/src/moveit_task_constructor/msgs -DCMAKE_INSTALL_PREFIX=/home/locobot/LoCoBotRos/interbotix_ws/src/moveit_task_constructor/install/moveit_task_constructor_msgs
[4.111s] DEBUG:colcon.colcon_core.event_handler.log_command:Invoking command in '/home/locobot/LoCoBotRos/interbotix_ws/src/moveit_task_constructor/build/moveit_task_constructor_msgs': CMAKE_PREFIX_PATH=${CMAKE_PREFIX_PATH}:/opt/ros/humble /usr/bin/cmake --build /home/locobot/LoCoBotRos/interbotix_ws/src/moveit_task_constructor/build/moveit_task_constructor_msgs -- -j4 -l4
[12.529s] DEBUG:colcon.colcon_core.event_handler.log_command:Invoked command in '/home/locobot/LoCoBotRos/interbotix_ws/src/moveit_task_constructor/build/rviz_marker_tools' returned '0': CMAKE_PREFIX_PATH=${CMAKE_PREFIX_PATH}:/opt/ros/humble /usr/bin/cmake --build /home/locobot/LoCoBotRos/interbotix_ws/src/moveit_task_constructor/build/rviz_marker_tools -- -j4 -l4
[12.551s] DEBUG:colcon.colcon_core.event_handler.log_command:Invoking command in '/home/locobot/LoCoBotRos/interbotix_ws/src/moveit_task_constructor/build/rviz_marker_tools': CMAKE_PREFIX_PATH=${CMAKE_PREFIX_PATH}:/opt/ros/humble /usr/bin/cmake --install /home/locobot/LoCoBotRos/interbotix_ws/src/moveit_task_constructor/build/rviz_marker_tools
[12.574s] Level 1:colcon.colcon_core.environment:create_environment_scripts_only(rviz_marker_tools)
[12.578s] Level 1:colcon.colcon_core.environment:checking '/home/locobot/LoCoBotRos/interbotix_ws/src/moveit_task_constructor/install/rviz_marker_tools' for CMake module files
[12.579s] Level 1:colcon.colcon_core.environment:checking '/home/locobot/LoCoBotRos/interbotix_ws/src/moveit_task_constructor/install/rviz_marker_tools' for CMake config files
[12.579s] Level 1:colcon.colcon_core.shell:create_environment_hook('rviz_marker_tools', 'cmake_prefix_path')
[12.582s] INFO:colcon.colcon_core.shell:Creating environment hook '/home/locobot/LoCoBotRos/interbotix_ws/src/moveit_task_constructor/install/rviz_marker_tools/share/rviz_marker_tools/hook/cmake_prefix_path.ps1'
[12.587s] INFO:colcon.colcon_core.shell:Creating environment descriptor '/home/locobot/LoCoBotRos/interbotix_ws/src/moveit_task_constructor/install/rviz_marker_tools/share/rviz_marker_tools/hook/cmake_prefix_path.dsv'
[12.587s] INFO:colcon.colcon_core.shell:Creating environment hook '/home/locobot/LoCoBotRos/interbotix_ws/src/moveit_task_constructor/install/rviz_marker_tools/share/rviz_marker_tools/hook/cmake_prefix_path.sh'
[12.589s] DEBUG:colcon.colcon_core.event_handler.log_command:Invoked command in '/home/locobot/LoCoBotRos/interbotix_ws/src/moveit_task_constructor/build/rviz_marker_tools' returned '0': CMAKE_PREFIX_PATH=${CMAKE_PREFIX_PATH}:/opt/ros/humble /usr/bin/cmake --install /home/locobot/LoCoBotRos/interbotix_ws/src/moveit_task_constructor/build/rviz_marker_tools
[12.590s] Level 1:colcon.colcon_core.environment:checking '/home/locobot/LoCoBotRos/interbotix_ws/src/moveit_task_constructor/install/rviz_marker_tools/lib'
[12.590s] Level 1:colcon.colcon_core.shell:create_environment_hook('rviz_marker_tools', 'ld_library_path_lib')
[12.590s] INFO:colcon.colcon_core.shell:Creating environment hook '/home/locobot/LoCoBotRos/interbotix_ws/src/moveit_task_constructor/install/rviz_marker_tools/share/rviz_marker_tools/hook/ld_library_path_lib.ps1'
[12.591s] INFO:colcon.colcon_core.shell:Creating environment descriptor '/home/locobot/LoCoBotRos/interbotix_ws/src/moveit_task_constructor/install/rviz_marker_tools/share/rviz_marker_tools/hook/ld_library_path_lib.dsv'
[12.592s] INFO:colcon.colcon_core.shell:Creating environment hook '/home/locobot/LoCoBotRos/interbotix_ws/src/moveit_task_constructor/install/rviz_marker_tools/share/rviz_marker_tools/hook/ld_library_path_lib.sh'
[12.592s] Level 1:colcon.colcon_core.environment:checking '/home/locobot/LoCoBotRos/interbotix_ws/src/moveit_task_constructor/install/rviz_marker_tools/bin'
[12.592s] Level 1:colcon.colcon_core.environment:checking '/home/locobot/LoCoBotRos/interbotix_ws/src/moveit_task_constructor/install/rviz_marker_tools/lib/pkgconfig/rviz_marker_tools.pc'
[12.593s] Level 1:colcon.colcon_core.environment:checking '/home/locobot/LoCoBotRos/interbotix_ws/src/moveit_task_constructor/install/rviz_marker_tools/lib/python3.10/site-packages'
[12.593s] Level 1:colcon.colcon_core.environment:checking '/home/locobot/LoCoBotRos/interbotix_ws/src/moveit_task_constructor/install/rviz_marker_tools/bin'
[12.594s] INFO:colcon.colcon_core.shell:Creating package script '/home/locobot/LoCoBotRos/interbotix_ws/src/moveit_task_constructor/install/rviz_marker_tools/share/rviz_marker_tools/package.ps1'
[12.596s] INFO:colcon.colcon_core.shell:Creating package descriptor '/home/locobot/LoCoBotRos/interbotix_ws/src/moveit_task_constructor/install/rviz_marker_tools/share/rviz_marker_tools/package.dsv'
[12.597s] INFO:colcon.colcon_core.shell:Creating package script '/home/locobot/LoCoBotRos/interbotix_ws/src/moveit_task_constructor/install/rviz_marker_tools/share/rviz_marker_tools/package.sh'
[12.599s] INFO:colcon.colcon_core.shell:Creating package script '/home/locobot/LoCoBotRos/interbotix_ws/src/moveit_task_constructor/install/rviz_marker_tools/share/rviz_marker_tools/package.bash'
[12.600s] INFO:colcon.colcon_core.shell:Creating package script '/home/locobot/LoCoBotRos/interbotix_ws/src/moveit_task_constructor/install/rviz_marker_tools/share/rviz_marker_tools/package.zsh'
[12.602s] Level 1:colcon.colcon_core.environment:create_file_with_runtime_dependencies(/home/locobot/LoCoBotRos/interbotix_ws/src/moveit_task_constructor/install/rviz_marker_tools/share/colcon-core/packages/rviz_marker_tools)
[12.603s] Level 1:colcon.colcon_core.environment:create_environment_scripts_only(rviz_marker_tools)
[12.603s] Level 1:colcon.colcon_core.environment:checking '/home/locobot/LoCoBotRos/interbotix_ws/src/moveit_task_constructor/install/rviz_marker_tools' for CMake module files
[12.604s] Level 1:colcon.colcon_core.environment:checking '/home/locobot/LoCoBotRos/interbotix_ws/src/moveit_task_constructor/install/rviz_marker_tools' for CMake config files
[12.604s] Level 1:colcon.colcon_core.shell:create_environment_hook('rviz_marker_tools', 'cmake_prefix_path')
[12.605s] INFO:colcon.colcon_core.shell:Creating environment hook '/home/locobot/LoCoBotRos/interbotix_ws/src/moveit_task_constructor/install/rviz_marker_tools/share/rviz_marker_tools/hook/cmake_prefix_path.ps1'
[12.606s] INFO:colcon.colcon_core.shell:Creating environment descriptor '/home/locobot/LoCoBotRos/interbotix_ws/src/moveit_task_constructor/install/rviz_marker_tools/share/rviz_marker_tools/hook/cmake_prefix_path.dsv'
[12.606s] INFO:colcon.colcon_core.shell:Creating environment hook '/home/locobot/LoCoBotRos/interbotix_ws/src/moveit_task_constructor/install/rviz_marker_tools/share/rviz_marker_tools/hook/cmake_prefix_path.sh'
[12.608s] Level 1:colcon.colcon_core.environment:checking '/home/locobot/LoCoBotRos/interbotix_ws/src/moveit_task_constructor/install/rviz_marker_tools/lib'
[12.608s] Level 1:colcon.colcon_core.shell:create_environment_hook('rviz_marker_tools', 'ld_library_path_lib')
[12.608s] INFO:colcon.colcon_core.shell:Creating environment hook '/home/locobot/LoCoBotRos/interbotix_ws/src/moveit_task_constructor/install/rviz_marker_tools/share/rviz_marker_tools/hook/ld_library_path_lib.ps1'
[12.609s] INFO:colcon.colcon_core.shell:Creating environment descriptor '/home/locobot/LoCoBotRos/interbotix_ws/src/moveit_task_constructor/install/rviz_marker_tools/share/rviz_marker_tools/hook/ld_library_path_lib.dsv'
[12.610s] INFO:colcon.colcon_core.shell:Creating environment hook '/home/locobot/LoCoBotRos/interbotix_ws/src/moveit_task_constructor/install/rviz_marker_tools/share/rviz_marker_tools/hook/ld_library_path_lib.sh'
[12.610s] Level 1:colcon.colcon_core.environment:checking '/home/locobot/LoCoBotRos/interbotix_ws/src/moveit_task_constructor/install/rviz_marker_tools/bin'
[12.611s] Level 1:colcon.colcon_core.environment:checking '/home/locobot/LoCoBotRos/interbotix_ws/src/moveit_task_constructor/install/rviz_marker_tools/lib/pkgconfig/rviz_marker_tools.pc'
[12.611s] Level 1:colcon.colcon_core.environment:checking '/home/locobot/LoCoBotRos/interbotix_ws/src/moveit_task_constructor/install/rviz_marker_tools/lib/python3.10/site-packages'
[12.612s] Level 1:colcon.colcon_core.environment:checking '/home/locobot/LoCoBotRos/interbotix_ws/src/moveit_task_constructor/install/rviz_marker_tools/bin'
[12.612s] INFO:colcon.colcon_core.shell:Creating package script '/home/locobot/LoCoBotRos/interbotix_ws/src/moveit_task_constructor/install/rviz_marker_tools/share/rviz_marker_tools/package.ps1'
[12.613s] INFO:colcon.colcon_core.shell:Creating package descriptor '/home/locobot/LoCoBotRos/interbotix_ws/src/moveit_task_constructor/install/rviz_marker_tools/share/rviz_marker_tools/package.dsv'
[12.614s] INFO:colcon.colcon_core.shell:Creating package script '/home/locobot/LoCoBotRos/interbotix_ws/src/moveit_task_constructor/install/rviz_marker_tools/share/rviz_marker_tools/package.sh'
[12.615s] INFO:colcon.colcon_core.shell:Creating package script '/home/locobot/LoCoBotRos/interbotix_ws/src/moveit_task_constructor/install/rviz_marker_tools/share/rviz_marker_tools/package.bash'
[12.616s] INFO:colcon.colcon_core.shell:Creating package script '/home/locobot/LoCoBotRos/interbotix_ws/src/moveit_task_constructor/install/rviz_marker_tools/share/rviz_marker_tools/package.zsh'
[12.617s] Level 1:colcon.colcon_core.environment:create_file_with_runtime_dependencies(/home/locobot/LoCoBotRos/interbotix_ws/src/moveit_task_constructor/install/rviz_marker_tools/share/colcon-core/packages/rviz_marker_tools)
[26.480s] DEBUG:colcon.colcon_core.event_handler.log_command:Invoked command in '/home/locobot/LoCoBotRos/interbotix_ws/src/moveit_task_constructor/build/moveit_task_constructor_msgs' returned '0': CMAKE_PREFIX_PATH=${CMAKE_PREFIX_PATH}:/opt/ros/humble /usr/bin/cmake --build /home/locobot/LoCoBotRos/interbotix_ws/src/moveit_task_constructor/build/moveit_task_constructor_msgs -- -j4 -l4
[26.482s] DEBUG:colcon.colcon_core.event_handler.log_command:Invoking command in '/home/locobot/LoCoBotRos/interbotix_ws/src/moveit_task_constructor/build/moveit_task_constructor_msgs': CMAKE_PREFIX_PATH=${CMAKE_PREFIX_PATH}:/opt/ros/humble /usr/bin/cmake --install /home/locobot/LoCoBotRos/interbotix_ws/src/moveit_task_constructor/build/moveit_task_constructor_msgs
[26.629s] Level 1:colcon.colcon_core.environment:create_environment_scripts_only(moveit_task_constructor_msgs)
[26.629s] Level 1:colcon.colcon_core.environment:checking '/home/locobot/LoCoBotRos/interbotix_ws/src/moveit_task_constructor/install/moveit_task_constructor_msgs' for CMake module files
[26.629s] DEBUG:colcon.colcon_core.event_handler.log_command:Invoked command in '/home/locobot/LoCoBotRos/interbotix_ws/src/moveit_task_constructor/build/moveit_task_constructor_msgs' returned '0': CMAKE_PREFIX_PATH=${CMAKE_PREFIX_PATH}:/opt/ros/humble /usr/bin/cmake --install /home/locobot/LoCoBotRos/interbotix_ws/src/moveit_task_constructor/build/moveit_task_constructor_msgs
[26.630s] Level 1:colcon.colcon_core.environment:checking '/home/locobot/LoCoBotRos/interbotix_ws/src/moveit_task_constructor/install/moveit_task_constructor_msgs' for CMake config files
[26.631s] Level 1:colcon.colcon_core.shell:create_environment_hook('moveit_task_constructor_msgs', 'cmake_prefix_path')
[26.631s] INFO:colcon.colcon_core.shell:Creating environment hook '/home/locobot/LoCoBotRos/interbotix_ws/src/moveit_task_constructor/install/moveit_task_constructor_msgs/share/moveit_task_constructor_msgs/hook/cmake_prefix_path.ps1'
[26.631s] INFO:colcon.colcon_core.shell:Creating environment descriptor '/home/locobot/LoCoBotRos/interbotix_ws/src/moveit_task_constructor/install/moveit_task_constructor_msgs/share/moveit_task_constructor_msgs/hook/cmake_prefix_path.dsv'
[26.632s] INFO:colcon.colcon_core.shell:Creating environment hook '/home/locobot/LoCoBotRos/interbotix_ws/src/moveit_task_constructor/install/moveit_task_constructor_msgs/share/moveit_task_constructor_msgs/hook/cmake_prefix_path.sh'
[26.632s] Level 1:colcon.colcon_core.environment:checking '/home/locobot/LoCoBotRos/interbotix_ws/src/moveit_task_constructor/install/moveit_task_constructor_msgs/lib'
[26.632s] Level 1:colcon.colcon_core.shell:create_environment_hook('moveit_task_constructor_msgs', 'ld_library_path_lib')
[26.632s] INFO:colcon.colcon_core.shell:Creating environment hook '/home/locobot/LoCoBotRos/interbotix_ws/src/moveit_task_constructor/install/moveit_task_constructor_msgs/share/moveit_task_constructor_msgs/hook/ld_library_path_lib.ps1'
[26.633s] INFO:colcon.colcon_core.shell:Creating environment descriptor '/home/locobot/LoCoBotRos/interbotix_ws/src/moveit_task_constructor/install/moveit_task_constructor_msgs/share/moveit_task_constructor_msgs/hook/ld_library_path_lib.dsv'
[26.633s] INFO:colcon.colcon_core.shell:Creating environment hook '/home/locobot/LoCoBotRos/interbotix_ws/src/moveit_task_constructor/install/moveit_task_constructor_msgs/share/moveit_task_constructor_msgs/hook/ld_library_path_lib.sh'
[26.633s] Level 1:colcon.colcon_core.environment:checking '/home/locobot/LoCoBotRos/interbotix_ws/src/moveit_task_constructor/install/moveit_task_constructor_msgs/bin'
[26.633s] Level 1:colcon.colcon_core.environment:checking '/home/locobot/LoCoBotRos/interbotix_ws/src/moveit_task_constructor/install/moveit_task_constructor_msgs/lib/pkgconfig/moveit_task_constructor_msgs.pc'
[26.634s] Level 1:colcon.colcon_core.environment:checking '/home/locobot/LoCoBotRos/interbotix_ws/src/moveit_task_constructor/install/moveit_task_constructor_msgs/lib/python3.10/site-packages'
[26.634s] Level 1:colcon.colcon_core.environment:checking '/home/locobot/LoCoBotRos/interbotix_ws/src/moveit_task_constructor/install/moveit_task_constructor_msgs/bin'
[26.634s] INFO:colcon.colcon_core.shell:Creating package script '/home/locobot/LoCoBotRos/interbotix_ws/src/moveit_task_constructor/install/moveit_task_constructor_msgs/share/moveit_task_constructor_msgs/package.ps1'
[26.635s] INFO:colcon.colcon_core.shell:Creating package descriptor '/home/locobot/LoCoBotRos/interbotix_ws/src/moveit_task_constructor/install/moveit_task_constructor_msgs/share/moveit_task_constructor_msgs/package.dsv'
[26.636s] INFO:colcon.colcon_core.shell:Creating package script '/home/locobot/LoCoBotRos/interbotix_ws/src/moveit_task_constructor/install/moveit_task_constructor_msgs/share/moveit_task_constructor_msgs/package.sh'
[26.636s] INFO:colcon.colcon_core.shell:Creating package script '/home/locobot/LoCoBotRos/interbotix_ws/src/moveit_task_constructor/install/moveit_task_constructor_msgs/share/moveit_task_constructor_msgs/package.bash'
[26.636s] INFO:colcon.colcon_core.shell:Creating package script '/home/locobot/LoCoBotRos/interbotix_ws/src/moveit_task_constructor/install/moveit_task_constructor_msgs/share/moveit_task_constructor_msgs/package.zsh'
[26.637s] Level 1:colcon.colcon_core.environment:create_file_with_runtime_dependencies(/home/locobot/LoCoBotRos/interbotix_ws/src/moveit_task_constructor/install/moveit_task_constructor_msgs/share/colcon-core/packages/moveit_task_constructor_msgs)
[26.638s] Level 1:colcon.colcon_core.environment:create_environment_scripts_only(moveit_task_constructor_msgs)
[26.638s] Level 1:colcon.colcon_core.environment:checking '/home/locobot/LoCoBotRos/interbotix_ws/src/moveit_task_constructor/install/moveit_task_constructor_msgs' for CMake module files
[26.638s] Level 1:colcon.colcon_core.environment:checking '/home/locobot/LoCoBotRos/interbotix_ws/src/moveit_task_constructor/install/moveit_task_constructor_msgs' for CMake config files
[26.639s] Level 1:colcon.colcon_core.shell:create_environment_hook('moveit_task_constructor_msgs', 'cmake_prefix_path')
[26.639s] INFO:colcon.colcon_core.shell:Creating environment hook '/home/locobot/LoCoBotRos/interbotix_ws/src/moveit_task_constructor/install/moveit_task_constructor_msgs/share/moveit_task_constructor_msgs/hook/cmake_prefix_path.ps1'
[26.640s] INFO:colcon.colcon_core.shell:Creating environment descriptor '/home/locobot/LoCoBotRos/interbotix_ws/src/moveit_task_constructor/install/moveit_task_constructor_msgs/share/moveit_task_constructor_msgs/hook/cmake_prefix_path.dsv'
[26.640s] INFO:colcon.colcon_core.shell:Creating environment hook '/home/locobot/LoCoBotRos/interbotix_ws/src/moveit_task_constructor/install/moveit_task_constructor_msgs/share/moveit_task_constructor_msgs/hook/cmake_prefix_path.sh'
[26.641s] Level 1:colcon.colcon_core.environment:checking '/home/locobot/LoCoBotRos/interbotix_ws/src/moveit_task_constructor/install/moveit_task_constructor_msgs/lib'
[26.641s] Level 1:colcon.colcon_core.shell:create_environment_hook('moveit_task_constructor_msgs', 'ld_library_path_lib')
[26.641s] INFO:colcon.colcon_core.shell:Creating environment hook '/home/locobot/LoCoBotRos/interbotix_ws/src/moveit_task_constructor/install/moveit_task_constructor_msgs/share/moveit_task_constructor_msgs/hook/ld_library_path_lib.ps1'
[26.641s] INFO:colcon.colcon_core.shell:Creating environment descriptor '/home/locobot/LoCoBotRos/interbotix_ws/src/moveit_task_constructor/install/moveit_task_constructor_msgs/share/moveit_task_constructor_msgs/hook/ld_library_path_lib.dsv'
[26.641s] INFO:colcon.colcon_core.shell:Creating environment hook '/home/locobot/LoCoBotRos/interbotix_ws/src/moveit_task_constructor/install/moveit_task_constructor_msgs/share/moveit_task_constructor_msgs/hook/ld_library_path_lib.sh'
[26.642s] Level 1:colcon.colcon_core.environment:checking '/home/locobot/LoCoBotRos/interbotix_ws/src/moveit_task_constructor/install/moveit_task_constructor_msgs/bin'
[26.642s] Level 1:colcon.colcon_core.environment:checking '/home/locobot/LoCoBotRos/interbotix_ws/src/moveit_task_constructor/install/moveit_task_constructor_msgs/lib/pkgconfig/moveit_task_constructor_msgs.pc'
[26.642s] Level 1:colcon.colcon_core.environment:checking '/home/locobot/LoCoBotRos/interbotix_ws/src/moveit_task_constructor/install/moveit_task_constructor_msgs/lib/python3.10/site-packages'
[26.642s] Level 1:colcon.colcon_core.environment:checking '/home/locobot/LoCoBotRos/interbotix_ws/src/moveit_task_constructor/install/moveit_task_constructor_msgs/bin'
[26.643s] INFO:colcon.colcon_core.shell:Creating package script '/home/locobot/LoCoBotRos/interbotix_ws/src/moveit_task_constructor/install/moveit_task_constructor_msgs/share/moveit_task_constructor_msgs/package.ps1'
[26.643s] INFO:colcon.colcon_core.shell:Creating package descriptor '/home/locobot/LoCoBotRos/interbotix_ws/src/moveit_task_constructor/install/moveit_task_constructor_msgs/share/moveit_task_constructor_msgs/package.dsv'
[26.644s] INFO:colcon.colcon_core.shell:Creating package script '/home/locobot/LoCoBotRos/interbotix_ws/src/moveit_task_constructor/install/moveit_task_constructor_msgs/share/moveit_task_constructor_msgs/package.sh'
[26.644s] INFO:colcon.colcon_core.shell:Creating package script '/home/locobot/LoCoBotRos/interbotix_ws/src/moveit_task_constructor/install/moveit_task_constructor_msgs/share/moveit_task_constructor_msgs/package.bash'
[26.645s] INFO:colcon.colcon_core.shell:Creating package script '/home/locobot/LoCoBotRos/interbotix_ws/src/moveit_task_constructor/install/moveit_task_constructor_msgs/share/moveit_task_constructor_msgs/package.zsh'
[26.645s] Level 1:colcon.colcon_core.environment:create_file_with_runtime_dependencies(/home/locobot/LoCoBotRos/interbotix_ws/src/moveit_task_constructor/install/moveit_task_constructor_msgs/share/colcon-core/packages/moveit_task_constructor_msgs)
[26.645s] INFO:colcon.colcon_ros.task.ament_cmake.build:Building ROS package in '/home/locobot/LoCoBotRos/interbotix_ws/src/moveit_task_constructor/core' with build type 'ament_cmake'
[26.645s] INFO:colcon.colcon_cmake.task.cmake.build:Building CMake package in '/home/locobot/LoCoBotRos/interbotix_ws/src/moveit_task_constructor/core'
[26.646s] INFO:colcon.colcon_core.shell:Skip shell extension 'powershell' for command environment: Not usable outside of PowerShell
[26.646s] DEBUG:colcon.colcon_core.shell:Skip shell extension 'dsv' for command environment
[26.664s] DEBUG:colcon.colcon_core.event_handler.log_command:Invoking command in '/home/locobot/LoCoBotRos/interbotix_ws/src/moveit_task_constructor/build/moveit_task_constructor_core': AMENT_PREFIX_PATH=/home/locobot/LoCoBotRos/interbotix_ws/src/moveit_task_constructor/install/rviz_marker_tools:/home/locobot/LoCoBotRos/interbotix_ws/src/moveit_task_constructor/install/moveit_task_constructor_msgs:${AMENT_PREFIX_PATH} CMAKE_PREFIX_PATH=/home/locobot/LoCoBotRos/interbotix_ws/src/moveit_task_constructor/install/rviz_marker_tools:/home/locobot/LoCoBotRos/interbotix_ws/src/moveit_task_constructor/install/moveit_task_constructor_msgs:/home/locobot/LoCoBotRos/interbotix_ws/install/hello_moveit:/home/locobot/apriltag_ws/install/apriltag_ros:/opt/ros/humble LD_LIBRARY_PATH=/home/locobot/LoCoBotRos/interbotix_ws/src/moveit_task_constructor/install/rviz_marker_tools/lib:/home/locobot/LoCoBotRos/interbotix_ws/src/moveit_task_constructor/install/moveit_task_constructor_msgs/lib:${LD_LIBRARY_PATH} PYTHONPATH=/home/locobot/LoCoBotRos/interbotix_ws/src/moveit_task_constructor/install/moveit_task_constructor_msgs/local/lib/python3.10/dist-packages:${PYTHONPATH} /usr/bin/cmake /home/locobot/LoCoBotRos/interbotix_ws/src/moveit_task_constructor/core -DCMAKE_INSTALL_PREFIX=/home/locobot/LoCoBotRos/interbotix_ws/src/moveit_task_constructor/install/moveit_task_constructor_core
[30.716s] DEBUG:colcon.colcon_core.event_handler.log_command:Invoked command in '/home/locobot/LoCoBotRos/interbotix_ws/src/moveit_task_constructor/build/moveit_task_constructor_core' returned '0': AMENT_PREFIX_PATH=/home/locobot/LoCoBotRos/interbotix_ws/src/moveit_task_constructor/install/rviz_marker_tools:/home/locobot/LoCoBotRos/interbotix_ws/src/moveit_task_constructor/install/moveit_task_constructor_msgs:${AMENT_PREFIX_PATH} CMAKE_PREFIX_PATH=/home/locobot/LoCoBotRos/interbotix_ws/src/moveit_task_constructor/install/rviz_marker_tools:/home/locobot/LoCoBotRos/interbotix_ws/src/moveit_task_constructor/install/moveit_task_constructor_msgs:/home/locobot/LoCoBotRos/interbotix_ws/install/hello_moveit:/home/locobot/apriltag_ws/install/apriltag_ros:/opt/ros/humble LD_LIBRARY_PATH=/home/locobot/LoCoBotRos/interbotix_ws/src/moveit_task_constructor/install/rviz_marker_tools/lib:/home/locobot/LoCoBotRos/interbotix_ws/src/moveit_task_constructor/install/moveit_task_constructor_msgs/lib:${LD_LIBRARY_PATH} PYTHONPATH=/home/locobot/LoCoBotRos/interbotix_ws/src/moveit_task_constructor/install/moveit_task_constructor_msgs/local/lib/python3.10/dist-packages:${PYTHONPATH} /usr/bin/cmake /home/locobot/LoCoBotRos/interbotix_ws/src/moveit_task_constructor/core -DCMAKE_INSTALL_PREFIX=/home/locobot/LoCoBotRos/interbotix_ws/src/moveit_task_constructor/install/moveit_task_constructor_core
[30.718s] DEBUG:colcon.colcon_core.event_handler.log_command:Invoking command in '/home/locobot/LoCoBotRos/interbotix_ws/src/moveit_task_constructor/build/moveit_task_constructor_core': AMENT_PREFIX_PATH=/home/locobot/LoCoBotRos/interbotix_ws/src/moveit_task_constructor/install/rviz_marker_tools:/home/locobot/LoCoBotRos/interbotix_ws/src/moveit_task_constructor/install/moveit_task_constructor_msgs:${AMENT_PREFIX_PATH} CMAKE_PREFIX_PATH=/home/locobot/LoCoBotRos/interbotix_ws/src/moveit_task_constructor/install/rviz_marker_tools:/home/locobot/LoCoBotRos/interbotix_ws/src/moveit_task_constructor/install/moveit_task_constructor_msgs:/home/locobot/LoCoBotRos/interbotix_ws/install/hello_moveit:/home/locobot/apriltag_ws/install/apriltag_ros:/opt/ros/humble LD_LIBRARY_PATH=/home/locobot/LoCoBotRos/interbotix_ws/src/moveit_task_constructor/install/rviz_marker_tools/lib:/home/locobot/LoCoBotRos/interbotix_ws/src/moveit_task_constructor/install/moveit_task_constructor_msgs/lib:${LD_LIBRARY_PATH} PYTHONPATH=/home/locobot/LoCoBotRos/interbotix_ws/src/moveit_task_constructor/install/moveit_task_constructor_msgs/local/lib/python3.10/dist-packages:${PYTHONPATH} /usr/bin/cmake --build /home/locobot/LoCoBotRos/interbotix_ws/src/moveit_task_constructor/build/moveit_task_constructor_core -- -j4 -l4
[38.477s] DEBUG:colcon.colcon_parallel_executor.executor.parallel:run_until_complete was interrupted
[38.477s] DEBUG:colcon.colcon_parallel_executor.executor.parallel:run_until_complete again
[38.530s] DEBUG:colcon.colcon_core.event_handler.log_command:Invoked command in '/home/locobot/LoCoBotRos/interbotix_ws/src/moveit_task_constructor/build/moveit_task_constructor_core' returned '-2': AMENT_PREFIX_PATH=/home/locobot/LoCoBotRos/interbotix_ws/src/moveit_task_constructor/install/rviz_marker_tools:/home/locobot/LoCoBotRos/interbotix_ws/src/moveit_task_constructor/install/moveit_task_constructor_msgs:${AMENT_PREFIX_PATH} CMAKE_PREFIX_PATH=/home/locobot/LoCoBotRos/interbotix_ws/src/moveit_task_constructor/install/rviz_marker_tools:/home/locobot/LoCoBotRos/interbotix_ws/src/moveit_task_constructor/install/moveit_task_constructor_msgs:/home/locobot/LoCoBotRos/interbotix_ws/install/hello_moveit:/home/locobot/apriltag_ws/install/apriltag_ros:/opt/ros/humble LD_LIBRARY_PATH=/home/locobot/LoCoBotRos/interbotix_ws/src/moveit_task_constructor/install/rviz_marker_tools/lib:/home/locobot/LoCoBotRos/interbotix_ws/src/moveit_task_constructor/install/moveit_task_constructor_msgs/lib:${LD_LIBRARY_PATH} PYTHONPATH=/home/locobot/LoCoBotRos/interbotix_ws/src/moveit_task_constructor/install/moveit_task_constructor_msgs/local/lib/python3.10/dist-packages:${PYTHONPATH} /usr/bin/cmake --build /home/locobot/LoCoBotRos/interbotix_ws/src/moveit_task_constructor/build/moveit_task_constructor_core -- -j4 -l4
[38.530s] Level 1:colcon.colcon_core.environment:create_environment_scripts_only(moveit_task_constructor_core)
[38.531s] Level 1:colcon.colcon_core.environment:checking '/home/locobot/LoCoBotRos/interbotix_ws/src/moveit_task_constructor/install/moveit_task_constructor_core' for CMake module files
[38.531s] Level 1:colcon.colcon_core.environment:checking '/home/locobot/LoCoBotRos/interbotix_ws/src/moveit_task_constructor/install/moveit_task_constructor_core' for CMake config files
[38.531s] Level 1:colcon.colcon_core.environment:checking '/home/locobot/LoCoBotRos/interbotix_ws/src/moveit_task_constructor/install/moveit_task_constructor_core/bin'
[38.531s] Level 1:colcon.colcon_core.environment:checking '/home/locobot/LoCoBotRos/interbotix_ws/src/moveit_task_constructor/install/moveit_task_constructor_core/lib/pkgconfig/moveit_task_constructor_core.pc'
[38.531s] Level 1:colcon.colcon_core.environment:checking '/home/locobot/LoCoBotRos/interbotix_ws/src/moveit_task_constructor/install/moveit_task_constructor_core/lib/python3.10/site-packages'
[38.532s] Level 1:colcon.colcon_core.environment:checking '/home/locobot/LoCoBotRos/interbotix_ws/src/moveit_task_constructor/install/moveit_task_constructor_core/bin'
[38.532s] INFO:colcon.colcon_core.shell:Creating package script '/home/locobot/LoCoBotRos/interbotix_ws/src/moveit_task_constructor/install/moveit_task_constructor_core/share/moveit_task_constructor_core/package.ps1'
[38.532s] INFO:colcon.colcon_core.shell:Creating package descriptor '/home/locobot/LoCoBotRos/interbotix_ws/src/moveit_task_constructor/install/moveit_task_constructor_core/share/moveit_task_constructor_core/package.dsv'
[38.533s] INFO:colcon.colcon_core.shell:Creating package script '/home/locobot/LoCoBotRos/interbotix_ws/src/moveit_task_constructor/install/moveit_task_constructor_core/share/moveit_task_constructor_core/package.sh'
[38.533s] INFO:colcon.colcon_core.shell:Creating package script '/home/locobot/LoCoBotRos/interbotix_ws/src/moveit_task_constructor/install/moveit_task_constructor_core/share/moveit_task_constructor_core/package.bash'
[38.533s] INFO:colcon.colcon_core.shell:Creating package script '/home/locobot/LoCoBotRos/interbotix_ws/src/moveit_task_constructor/install/moveit_task_constructor_core/share/moveit_task_constructor_core/package.zsh'
[38.534s] Level 1:colcon.colcon_core.environment:create_file_with_runtime_dependencies(/home/locobot/LoCoBotRos/interbotix_ws/src/moveit_task_constructor/install/moveit_task_constructor_core/share/colcon-core/packages/moveit_task_constructor_core)
[38.544s] DEBUG:colcon.colcon_parallel_executor.executor.parallel:run_until_complete finished
[38.544s] DEBUG:colcon.colcon_parallel_executor.executor.parallel:closing loop
[38.544s] DEBUG:colcon.colcon_parallel_executor.executor.parallel:loop closed
[38.545s] DEBUG:colcon.colcon_core.event_reactor:joining thread
[38.551s] INFO:colcon.colcon_core.plugin_system:Skipping extension 'colcon_notification.desktop_notification.terminal_notifier': Not used on non-Darwin systems
[38.551s] INFO:colcon.colcon_core.plugin_system:Skipping extension 'colcon_notification.desktop_notification.win32': Not used on non-Windows systems
[38.551s] INFO:colcon.colcon_notification.desktop_notification:Sending desktop notification using 'notify2'
[38.563s] DEBUG:colcon.colcon_core.event_reactor:joined thread
[38.563s] INFO:colcon.colcon_core.shell:Creating prefix script '/home/locobot/LoCoBotRos/interbotix_ws/src/moveit_task_constructor/install/local_setup.ps1'
[38.564s] INFO:colcon.colcon_core.shell:Creating prefix util module '/home/locobot/LoCoBotRos/interbotix_ws/src/moveit_task_constructor/install/_local_setup_util_ps1.py'
[38.566s] INFO:colcon.colcon_core.shell:Creating prefix chain script '/home/locobot/LoCoBotRos/interbotix_ws/src/moveit_task_constructor/install/setup.ps1'
[38.568s] INFO:colcon.colcon_core.shell:Creating prefix script '/home/locobot/LoCoBotRos/interbotix_ws/src/moveit_task_constructor/install/local_setup.sh'
[38.568s] INFO:colcon.colcon_core.shell:Creating prefix util module '/home/locobot/LoCoBotRos/interbotix_ws/src/moveit_task_constructor/install/_local_setup_util_sh.py'
[38.569s] INFO:colcon.colcon_core.shell:Creating prefix chain script '/home/locobot/LoCoBotRos/interbotix_ws/src/moveit_task_constructor/install/setup.sh'
[38.570s] INFO:colcon.colcon_core.shell:Creating prefix script '/home/locobot/LoCoBotRos/interbotix_ws/src/moveit_task_constructor/install/local_setup.bash'
[38.571s] INFO:colcon.colcon_core.shell:Creating prefix chain script '/home/locobot/LoCoBotRos/interbotix_ws/src/moveit_task_constructor/install/setup.bash'
[38.572s] INFO:colcon.colcon_core.shell:Creating prefix script '/home/locobot/LoCoBotRos/interbotix_ws/src/moveit_task_constructor/install/local_setup.zsh'
[38.573s] INFO:colcon.colcon_core.shell:Creating prefix chain script '/home/locobot/LoCoBotRos/interbotix_ws/src/moveit_task_constructor/install/setup.zsh'
