[01m[K/home/locobot/LoCoBotRos/interbotix_ws/src/hello_moveit/src/hello_moveit.cpp:[m[K In function ‘[01m[Kint main(int, char**)[m[K’:
[01m[K/home/locobot/LoCoBotRos/interbotix_ws/src/hello_moveit/src/hello_moveit.cpp:25:7:[m[K [01;31m[Kerror: [m[K‘[01m[KROBOT_DESCRIPTION[m[K’ was not declared in this scope
   25 |       [01;31m[KROBOT_DESCRIPTION[m[K,
      |       [01;31m[K^~~~~~~~~~~~~~~~~[m[K
[01m[K/home/locobot/LoCoBotRos/interbotix_ws/src/hello_moveit/src/hello_moveit.cpp:23:5:[m[K [01;31m[Kerror: [m[K‘[01m[KOptions[m[K’ was not declared in this scope
   23 |     [01;31m[KOptions[m[K(
      |     [01;31m[K^~~~~~~[m[K
[01m[K/home/locobot/LoCoBotRos/interbotix_ws/src/hello_moveit/src/hello_moveit.cpp:[m[K In lambda function:
[01m[K/home/locobot/LoCoBotRos/interbotix_ws/src/hello_moveit/src/hello_moveit.cpp:43:39:[m[K [01;31m[Kerror: [m[K‘[01m[Kmove_group_interface[m[K’ is not captured
   43 |     auto const ok = static_cast<bool>([01;31m[Kmove_group_interface[m[K.plan(msg));
      |                                       [01;31m[K^~~~~~~~~~~~~~~~~~~~[m[K
[01m[K/home/locobot/LoCoBotRos/interbotix_ws/src/hello_moveit/src/hello_moveit.cpp:41:54:[m[K [01;36m[Knote: [m[Kthe lambda has no capture-default
   41 |   auto const [success, plan] = [&move_group_interface[01;36m[K][m[K{
      |                                                      [01;36m[K^[m[K
[01m[K/home/locobot/LoCoBotRos/interbotix_ws/src/hello_moveit/src/hello_moveit.cpp:22:8:[m[K [01;36m[Knote: [m[K‘[01m[K<typeprefixerror>move_group_interface[m[K’ declared here
   22 |   auto [01;36m[Kmove_group_interface[m[K = MoveGroupInterface(node,
      |        [01;36m[K^~~~~~~~~~~~~~~~~~~~[m[K
gmake[2]: *** [CMakeFiles/hello_moveit.dir/build.make:76: CMakeFiles/hello_moveit.dir/src/hello_moveit.cpp.o] Error 1
gmake[1]: *** [CMakeFiles/Makefile2:137: CMakeFiles/hello_moveit.dir/all] Error 2
gmake: *** [Makefile:146: all] Error 2
