[0.275s] Invoking command in '/home/locobot/LoCoBotRos/interbotix_ws/build/moveit_task_constructor_msgs': CMAKE_PREFIX_PATH=${CMAKE_PREFIX_PATH}:/home/locobot/LoCoBotRos/interbotix_ws/install/moveit_configs_utils:/home/locobot/LoCoBotRos/interbotix_ws/install/launch_param_builder:/home/locobot/LoCoBotRos/interbotix_ws/install/interbotix_xs_modules:/home/locobot/LoCoBotRos/interbotix_ws/install/interbotix_common_modules:/opt/ros/humble /usr/bin/cmake --build /home/locobot/LoCoBotRos/interbotix_ws/build/moveit_task_constructor_msgs -- -j16 -l16
[0.311s] [  0%] Built target moveit_task_constructor_msgs__cpp
[0.326s] [ 12%] Built target moveit_task_constructor_msgs__rosidl_generator_c
[0.326s] [ 12%] Built target ament_cmake_python_copy_moveit_task_constructor_msgs
[0.394s] [ 24%] Built target moveit_task_constructor_msgs__rosidl_typesupport_cpp
[0.394s] [ 36%] Built target moveit_task_constructor_msgs__rosidl_typesupport_introspection_cpp
[0.400s] [ 47%] Built target moveit_task_constructor_msgs__rosidl_typesupport_fastrtps_cpp
[0.404s] [ 71%] Built target moveit_task_constructor_msgs__rosidl_typesupport_introspection_c
[0.404s] [ 71%] Built target moveit_task_constructor_msgs__rosidl_typesupport_c
[0.404s] [ 83%] Built target moveit_task_constructor_msgs__rosidl_typesupport_fastrtps_c
[0.434s] [ 83%] Built target moveit_task_constructor_msgs
[0.496s] [ 84%] Built target moveit_task_constructor_msgs__py
[0.531s] [ 95%] Built target moveit_task_constructor_msgs__rosidl_generator_py
[0.577s] [ 97%] Built target moveit_task_constructor_msgs__rosidl_typesupport_introspection_c__pyext
[0.577s] [ 99%] Built target moveit_task_constructor_msgs__rosidl_typesupport_fastrtps_c__pyext
[0.578s] [100%] Built target moveit_task_constructor_msgs__rosidl_typesupport_c__pyext
[0.626s] running egg_info
[0.627s] writing moveit_task_constructor_msgs.egg-info/PKG-INFO
[0.627s] writing dependency_links to moveit_task_constructor_msgs.egg-info/dependency_links.txt
[0.627s] writing top-level names to moveit_task_constructor_msgs.egg-info/top_level.txt
[0.632s] reading manifest file 'moveit_task_constructor_msgs.egg-info/SOURCES.txt'
[0.632s] writing manifest file 'moveit_task_constructor_msgs.egg-info/SOURCES.txt'
[0.676s] [100%] Built target ament_cmake_python_build_moveit_task_constructor_msgs_egg
[0.850s] Invoked command in '/home/locobot/LoCoBotRos/interbotix_ws/build/moveit_task_constructor_msgs' returned '0': CMAKE_PREFIX_PATH=${CMAKE_PREFIX_PATH}:/home/locobot/LoCoBotRos/interbotix_ws/install/moveit_configs_utils:/home/locobot/LoCoBotRos/interbotix_ws/install/launch_param_builder:/home/locobot/LoCoBotRos/interbotix_ws/install/interbotix_xs_modules:/home/locobot/LoCoBotRos/interbotix_ws/install/interbotix_common_modules:/opt/ros/humble /usr/bin/cmake --build /home/locobot/LoCoBotRos/interbotix_ws/build/moveit_task_constructor_msgs -- -j16 -l16
[0.852s] Invoking command in '/home/locobot/LoCoBotRos/interbotix_ws/build/moveit_task_constructor_msgs': CMAKE_PREFIX_PATH=${CMAKE_PREFIX_PATH}:/home/locobot/LoCoBotRos/interbotix_ws/install/moveit_configs_utils:/home/locobot/LoCoBotRos/interbotix_ws/install/launch_param_builder:/home/locobot/LoCoBotRos/interbotix_ws/install/interbotix_xs_modules:/home/locobot/LoCoBotRos/interbotix_ws/install/interbotix_common_modules:/opt/ros/humble /usr/bin/cmake --install /home/locobot/LoCoBotRos/interbotix_ws/build/moveit_task_constructor_msgs
[0.898s] -- Install configuration: "Release"
[0.899s] -- Up-to-date: /home/locobot/LoCoBotRos/interbotix_ws/install/moveit_task_constructor_msgs/share/ament_index/resource_index/rosidl_interfaces/moveit_task_constructor_msgs
[0.899s] -- Up-to-date: /home/locobot/LoCoBotRos/interbotix_ws/install/moveit_task_constructor_msgs/include/moveit_task_constructor_msgs/moveit_task_constructor_msgs
[0.899s] -- Up-to-date: /home/locobot/LoCoBotRos/interbotix_ws/install/moveit_task_constructor_msgs/include/moveit_task_constructor_msgs/moveit_task_constructor_msgs/msg
[0.899s] -- Up-to-date: /home/locobot/LoCoBotRos/interbotix_ws/install/moveit_task_constructor_msgs/include/moveit_task_constructor_msgs/moveit_task_constructor_msgs/msg/detail
[0.899s] -- Up-to-date: /home/locobot/LoCoBotRos/interbotix_ws/install/moveit_task_constructor_msgs/include/moveit_task_constructor_msgs/moveit_task_constructor_msgs/msg/detail/trajectory_execution_info__functions.h
[0.899s] -- Up-to-date: /home/locobot/LoCoBotRos/interbotix_ws/install/moveit_task_constructor_msgs/include/moveit_task_constructor_msgs/moveit_task_constructor_msgs/msg/detail/property__type_support.h
[0.899s] -- Up-to-date: /home/locobot/LoCoBotRos/interbotix_ws/install/moveit_task_constructor_msgs/include/moveit_task_constructor_msgs/moveit_task_constructor_msgs/msg/detail/task_description__functions.h
[0.899s] -- Up-to-date: /home/locobot/LoCoBotRos/interbotix_ws/install/moveit_task_constructor_msgs/include/moveit_task_constructor_msgs/moveit_task_constructor_msgs/msg/detail/sub_trajectory__struct.h
[0.899s] -- Up-to-date: /home/locobot/LoCoBotRos/interbotix_ws/install/moveit_task_constructor_msgs/include/moveit_task_constructor_msgs/moveit_task_constructor_msgs/msg/detail/task_description__struct.h
[0.903s] -- Up-to-date: /home/locobot/LoCoBotRos/interbotix_ws/install/moveit_task_constructor_msgs/include/moveit_task_constructor_msgs/moveit_task_constructor_msgs/msg/detail/stage_statistics__functions.h
[0.904s] -- Up-to-date: /home/locobot/LoCoBotRos/interbotix_ws/install/moveit_task_constructor_msgs/include/moveit_task_constructor_msgs/moveit_task_constructor_msgs/msg/detail/solution_info__struct.h
[0.904s] -- Up-to-date: /home/locobot/LoCoBotRos/interbotix_ws/install/moveit_task_constructor_msgs/include/moveit_task_constructor_msgs/moveit_task_constructor_msgs/msg/detail/sub_solution__functions.h
[0.904s] -- Up-to-date: /home/locobot/LoCoBotRos/interbotix_ws/install/moveit_task_constructor_msgs/include/moveit_task_constructor_msgs/moveit_task_constructor_msgs/msg/detail/stage_description__type_support.h
[0.905s] -- Up-to-date: /home/locobot/LoCoBotRos/interbotix_ws/install/moveit_task_constructor_msgs/include/moveit_task_constructor_msgs/moveit_task_constructor_msgs/msg/detail/sub_solution__type_support.h
[0.905s] -- Up-to-date: /home/locobot/LoCoBotRos/interbotix_ws/install/moveit_task_constructor_msgs/include/moveit_task_constructor_msgs/moveit_task_constructor_msgs/msg/detail/stage_description__struct.h
[0.906s] -- Up-to-date: /home/locobot/LoCoBotRos/interbotix_ws/install/moveit_task_constructor_msgs/include/moveit_task_constructor_msgs/moveit_task_constructor_msgs/msg/detail/sub_trajectory__functions.c
[0.906s] -- Up-to-date: /home/locobot/LoCoBotRos/interbotix_ws/install/moveit_task_constructor_msgs/include/moveit_task_constructor_msgs/moveit_task_constructor_msgs/msg/detail/task_description__functions.c
[0.906s] -- Up-to-date: /home/locobot/LoCoBotRos/interbotix_ws/install/moveit_task_constructor_msgs/include/moveit_task_constructor_msgs/moveit_task_constructor_msgs/msg/detail/trajectory_execution_info__struct.h
[0.906s] -- Up-to-date: /home/locobot/LoCoBotRos/interbotix_ws/install/moveit_task_constructor_msgs/include/moveit_task_constructor_msgs/moveit_task_constructor_msgs/msg/detail/sub_trajectory__functions.h
[0.906s] -- Up-to-date: /home/locobot/LoCoBotRos/interbotix_ws/install/moveit_task_constructor_msgs/include/moveit_task_constructor_msgs/moveit_task_constructor_msgs/msg/detail/task_statistics__functions.h
[0.908s] -- Up-to-date: /home/locobot/LoCoBotRos/interbotix_ws/install/moveit_task_constructor_msgs/include/moveit_task_constructor_msgs/moveit_task_constructor_msgs/msg/detail/stage_description__functions.c
[0.911s] -- Up-to-date: /home/locobot/LoCoBotRos/interbotix_ws/install/moveit_task_constructor_msgs/include/moveit_task_constructor_msgs/moveit_task_constructor_msgs/msg/detail/task_statistics__type_support.h
[0.911s] -- Up-to-date: /home/locobot/LoCoBotRos/interbotix_ws/install/moveit_task_constructor_msgs/include/moveit_task_constructor_msgs/moveit_task_constructor_msgs/msg/detail/solution_info__functions.h
[0.912s] -- Up-to-date: /home/locobot/LoCoBotRos/interbotix_ws/install/moveit_task_constructor_msgs/include/moveit_task_constructor_msgs/moveit_task_constructor_msgs/msg/detail/sub_solution__struct.h
[0.912s] -- Up-to-date: /home/locobot/LoCoBotRos/interbotix_ws/install/moveit_task_constructor_msgs/include/moveit_task_constructor_msgs/moveit_task_constructor_msgs/msg/detail/stage_statistics__struct.h
[0.912s] -- Up-to-date: /home/locobot/LoCoBotRos/interbotix_ws/install/moveit_task_constructor_msgs/include/moveit_task_constructor_msgs/moveit_task_constructor_msgs/msg/detail/stage_statistics__functions.c
[0.912s] -- Up-to-date: /home/locobot/LoCoBotRos/interbotix_ws/install/moveit_task_constructor_msgs/include/moveit_task_constructor_msgs/moveit_task_constructor_msgs/msg/detail/sub_trajectory__type_support.h
[0.912s] -- Up-to-date: /home/locobot/LoCoBotRos/interbotix_ws/install/moveit_task_constructor_msgs/include/moveit_task_constructor_msgs/moveit_task_constructor_msgs/msg/detail/solution__struct.h
[0.912s] -- Up-to-date: /home/locobot/LoCoBotRos/interbotix_ws/install/moveit_task_constructor_msgs/include/moveit_task_constructor_msgs/moveit_task_constructor_msgs/msg/detail/task_statistics__functions.c
[0.912s] -- Up-to-date: /home/locobot/LoCoBotRos/interbotix_ws/install/moveit_task_constructor_msgs/include/moveit_task_constructor_msgs/moveit_task_constructor_msgs/msg/detail/trajectory_execution_info__type_support.h
[0.912s] -- Up-to-date: /home/locobot/LoCoBotRos/interbotix_ws/install/moveit_task_constructor_msgs/include/moveit_task_constructor_msgs/moveit_task_constructor_msgs/msg/detail/stage_statistics__type_support.h
[0.912s] -- Up-to-date: /home/locobot/LoCoBotRos/interbotix_ws/install/moveit_task_constructor_msgs/include/moveit_task_constructor_msgs/moveit_task_constructor_msgs/msg/detail/solution__functions.c
[0.913s] -- Up-to-date: /home/locobot/LoCoBotRos/interbotix_ws/install/moveit_task_constructor_msgs/include/moveit_task_constructor_msgs/moveit_task_constructor_msgs/msg/detail/solution__functions.h
[0.913s] -- Up-to-date: /home/locobot/LoCoBotRos/interbotix_ws/install/moveit_task_constructor_msgs/include/moveit_task_constructor_msgs/moveit_task_constructor_msgs/msg/detail/stage_description__functions.h
[0.913s] -- Up-to-date: /home/locobot/LoCoBotRos/interbotix_ws/install/moveit_task_constructor_msgs/include/moveit_task_constructor_msgs/moveit_task_constructor_msgs/msg/detail/solution__type_support.h
[0.913s] -- Up-to-date: /home/locobot/LoCoBotRos/interbotix_ws/install/moveit_task_constructor_msgs/include/moveit_task_constructor_msgs/moveit_task_constructor_msgs/msg/detail/property__functions.h
[0.913s] -- Up-to-date: /home/locobot/LoCoBotRos/interbotix_ws/install/moveit_task_constructor_msgs/include/moveit_task_constructor_msgs/moveit_task_constructor_msgs/msg/detail/sub_solution__functions.c
[0.913s] -- Up-to-date: /home/locobot/LoCoBotRos/interbotix_ws/install/moveit_task_constructor_msgs/include/moveit_task_constructor_msgs/moveit_task_constructor_msgs/msg/detail/property__struct.h
[0.913s] -- Up-to-date: /home/locobot/LoCoBotRos/interbotix_ws/install/moveit_task_constructor_msgs/include/moveit_task_constructor_msgs/moveit_task_constructor_msgs/msg/detail/solution_info__functions.c
[0.913s] -- Up-to-date: /home/locobot/LoCoBotRos/interbotix_ws/install/moveit_task_constructor_msgs/include/moveit_task_constructor_msgs/moveit_task_constructor_msgs/msg/detail/solution_info__type_support.h
[0.913s] -- Up-to-date: /home/locobot/LoCoBotRos/interbotix_ws/install/moveit_task_constructor_msgs/include/moveit_task_constructor_msgs/moveit_task_constructor_msgs/msg/detail/task_description__type_support.h
[0.913s] -- Up-to-date: /home/locobot/LoCoBotRos/interbotix_ws/install/moveit_task_constructor_msgs/include/moveit_task_constructor_msgs/moveit_task_constructor_msgs/msg/detail/task_statistics__struct.h
[0.913s] -- Up-to-date: /home/locobot/LoCoBotRos/interbotix_ws/install/moveit_task_constructor_msgs/include/moveit_task_constructor_msgs/moveit_task_constructor_msgs/msg/detail/trajectory_execution_info__functions.c
[0.914s] -- Up-to-date: /home/locobot/LoCoBotRos/interbotix_ws/install/moveit_task_constructor_msgs/include/moveit_task_constructor_msgs/moveit_task_constructor_msgs/msg/detail/property__functions.c
[0.914s] -- Up-to-date: /home/locobot/LoCoBotRos/interbotix_ws/install/moveit_task_constructor_msgs/include/moveit_task_constructor_msgs/moveit_task_constructor_msgs/msg/sub_trajectory.h
[0.914s] -- Up-to-date: /home/locobot/LoCoBotRos/interbotix_ws/install/moveit_task_constructor_msgs/include/moveit_task_constructor_msgs/moveit_task_constructor_msgs/msg/trajectory_execution_info.h
[0.914s] -- Up-to-date: /home/locobot/LoCoBotRos/interbotix_ws/install/moveit_task_constructor_msgs/include/moveit_task_constructor_msgs/moveit_task_constructor_msgs/msg/solution_info.h
[0.914s] -- Up-to-date: /home/locobot/LoCoBotRos/interbotix_ws/install/moveit_task_constructor_msgs/include/moveit_task_constructor_msgs/moveit_task_constructor_msgs/msg/stage_description.h
[0.914s] -- Up-to-date: /home/locobot/LoCoBotRos/interbotix_ws/install/moveit_task_constructor_msgs/include/moveit_task_constructor_msgs/moveit_task_constructor_msgs/msg/task_description.h
[0.914s] -- Up-to-date: /home/locobot/LoCoBotRos/interbotix_ws/install/moveit_task_constructor_msgs/include/moveit_task_constructor_msgs/moveit_task_constructor_msgs/msg/solution.h
[0.914s] -- Up-to-date: /home/locobot/LoCoBotRos/interbotix_ws/install/moveit_task_constructor_msgs/include/moveit_task_constructor_msgs/moveit_task_constructor_msgs/msg/rosidl_generator_c__visibility_control.h
[0.915s] -- Up-to-date: /home/locobot/LoCoBotRos/interbotix_ws/install/moveit_task_constructor_msgs/include/moveit_task_constructor_msgs/moveit_task_constructor_msgs/msg/task_statistics.h
[0.915s] -- Up-to-date: /home/locobot/LoCoBotRos/interbotix_ws/install/moveit_task_constructor_msgs/include/moveit_task_constructor_msgs/moveit_task_constructor_msgs/msg/sub_solution.h
[0.915s] -- Up-to-date: /home/locobot/LoCoBotRos/interbotix_ws/install/moveit_task_constructor_msgs/include/moveit_task_constructor_msgs/moveit_task_constructor_msgs/msg/stage_statistics.h
[0.915s] -- Up-to-date: /home/locobot/LoCoBotRos/interbotix_ws/install/moveit_task_constructor_msgs/include/moveit_task_constructor_msgs/moveit_task_constructor_msgs/msg/property.h
[0.915s] -- Up-to-date: /home/locobot/LoCoBotRos/interbotix_ws/install/moveit_task_constructor_msgs/include/moveit_task_constructor_msgs/moveit_task_constructor_msgs/action
[0.916s] -- Up-to-date: /home/locobot/LoCoBotRos/interbotix_ws/install/moveit_task_constructor_msgs/include/moveit_task_constructor_msgs/moveit_task_constructor_msgs/action/detail
[0.916s] -- Up-to-date: /home/locobot/LoCoBotRos/interbotix_ws/install/moveit_task_constructor_msgs/include/moveit_task_constructor_msgs/moveit_task_constructor_msgs/action/detail/execute_task_solution__functions.c
[0.916s] -- Up-to-date: /home/locobot/LoCoBotRos/interbotix_ws/install/moveit_task_constructor_msgs/include/moveit_task_constructor_msgs/moveit_task_constructor_msgs/action/detail/execute_task_solution__struct.h
[0.916s] -- Up-to-date: /home/locobot/LoCoBotRos/interbotix_ws/install/moveit_task_constructor_msgs/include/moveit_task_constructor_msgs/moveit_task_constructor_msgs/action/detail/execute_task_solution__type_support.h
[0.916s] -- Up-to-date: /home/locobot/LoCoBotRos/interbotix_ws/install/moveit_task_constructor_msgs/include/moveit_task_constructor_msgs/moveit_task_constructor_msgs/action/detail/execute_task_solution__functions.h
[0.917s] -- Up-to-date: /home/locobot/LoCoBotRos/interbotix_ws/install/moveit_task_constructor_msgs/include/moveit_task_constructor_msgs/moveit_task_constructor_msgs/action/execute_task_solution.h
[0.917s] -- Up-to-date: /home/locobot/LoCoBotRos/interbotix_ws/install/moveit_task_constructor_msgs/include/moveit_task_constructor_msgs/moveit_task_constructor_msgs/srv
[0.917s] -- Up-to-date: /home/locobot/LoCoBotRos/interbotix_ws/install/moveit_task_constructor_msgs/include/moveit_task_constructor_msgs/moveit_task_constructor_msgs/srv/detail
[0.922s] -- Up-to-date: /home/locobot/LoCoBotRos/interbotix_ws/install/moveit_task_constructor_msgs/include/moveit_task_constructor_msgs/moveit_task_constructor_msgs/srv/detail/get_solution__functions.h
[0.922s] -- Up-to-date: /home/locobot/LoCoBotRos/interbotix_ws/install/moveit_task_constructor_msgs/include/moveit_task_constructor_msgs/moveit_task_constructor_msgs/srv/detail/get_solution__functions.c
[0.923s] -- Up-to-date: /home/locobot/LoCoBotRos/interbotix_ws/install/moveit_task_constructor_msgs/include/moveit_task_constructor_msgs/moveit_task_constructor_msgs/srv/detail/get_solution__type_support.h
[0.923s] -- Up-to-date: /home/locobot/LoCoBotRos/interbotix_ws/install/moveit_task_constructor_msgs/include/moveit_task_constructor_msgs/moveit_task_constructor_msgs/srv/detail/get_solution__struct.h
[0.924s] -- Up-to-date: /home/locobot/LoCoBotRos/interbotix_ws/install/moveit_task_constructor_msgs/include/moveit_task_constructor_msgs/moveit_task_constructor_msgs/srv/get_solution.h
[0.924s] -- Up-to-date: /home/locobot/LoCoBotRos/interbotix_ws/install/moveit_task_constructor_msgs/share/moveit_task_constructor_msgs/environment/library_path.sh
[0.924s] -- Up-to-date: /home/locobot/LoCoBotRos/interbotix_ws/install/moveit_task_constructor_msgs/share/moveit_task_constructor_msgs/environment/library_path.dsv
[0.924s] -- Up-to-date: /home/locobot/LoCoBotRos/interbotix_ws/install/moveit_task_constructor_msgs/lib/libmoveit_task_constructor_msgs__rosidl_generator_c.so
[0.924s] -- Up-to-date: /home/locobot/LoCoBotRos/interbotix_ws/install/moveit_task_constructor_msgs/include/moveit_task_constructor_msgs/moveit_task_constructor_msgs
[0.924s] -- Up-to-date: /home/locobot/LoCoBotRos/interbotix_ws/install/moveit_task_constructor_msgs/include/moveit_task_constructor_msgs/moveit_task_constructor_msgs/msg
[0.924s] -- Up-to-date: /home/locobot/LoCoBotRos/interbotix_ws/install/moveit_task_constructor_msgs/include/moveit_task_constructor_msgs/moveit_task_constructor_msgs/msg/detail
[0.924s] -- Up-to-date: /home/locobot/LoCoBotRos/interbotix_ws/install/moveit_task_constructor_msgs/include/moveit_task_constructor_msgs/moveit_task_constructor_msgs/msg/detail/property__rosidl_typesupport_fastrtps_c.h
[0.924s] -- Up-to-date: /home/locobot/LoCoBotRos/interbotix_ws/install/moveit_task_constructor_msgs/include/moveit_task_constructor_msgs/moveit_task_constructor_msgs/msg/detail/sub_trajectory__rosidl_typesupport_fastrtps_c.h
[0.924s] -- Up-to-date: /home/locobot/LoCoBotRos/interbotix_ws/install/moveit_task_constructor_msgs/include/moveit_task_constructor_msgs/moveit_task_constructor_msgs/msg/detail/task_description__rosidl_typesupport_fastrtps_c.h
[0.924s] -- Up-to-date: /home/locobot/LoCoBotRos/interbotix_ws/install/moveit_task_constructor_msgs/include/moveit_task_constructor_msgs/moveit_task_constructor_msgs/msg/detail/stage_statistics__rosidl_typesupport_fastrtps_c.h
[0.925s] -- Up-to-date: /home/locobot/LoCoBotRos/interbotix_ws/install/moveit_task_constructor_msgs/include/moveit_task_constructor_msgs/moveit_task_constructor_msgs/msg/detail/sub_solution__rosidl_typesupport_fastrtps_c.h
[0.925s] -- Up-to-date: /home/locobot/LoCoBotRos/interbotix_ws/install/moveit_task_constructor_msgs/include/moveit_task_constructor_msgs/moveit_task_constructor_msgs/msg/detail/stage_description__rosidl_typesupport_fastrtps_c.h
[0.925s] -- Up-to-date: /home/locobot/LoCoBotRos/interbotix_ws/install/moveit_task_constructor_msgs/include/moveit_task_constructor_msgs/moveit_task_constructor_msgs/msg/detail/trajectory_execution_info__rosidl_typesupport_fastrtps_c.h
[0.925s] -- Up-to-date: /home/locobot/LoCoBotRos/interbotix_ws/install/moveit_task_constructor_msgs/include/moveit_task_constructor_msgs/moveit_task_constructor_msgs/msg/detail/solution__rosidl_typesupport_fastrtps_c.h
[0.925s] -- Up-to-date: /home/locobot/LoCoBotRos/interbotix_ws/install/moveit_task_constructor_msgs/include/moveit_task_constructor_msgs/moveit_task_constructor_msgs/msg/detail/solution_info__rosidl_typesupport_fastrtps_c.h
[0.925s] -- Up-to-date: /home/locobot/LoCoBotRos/interbotix_ws/install/moveit_task_constructor_msgs/include/moveit_task_constructor_msgs/moveit_task_constructor_msgs/msg/detail/task_statistics__rosidl_typesupport_fastrtps_c.h
[0.925s] -- Up-to-date: /home/locobot/LoCoBotRos/interbotix_ws/install/moveit_task_constructor_msgs/include/moveit_task_constructor_msgs/moveit_task_constructor_msgs/msg/rosidl_typesupport_fastrtps_c__visibility_control.h
[0.925s] -- Up-to-date: /home/locobot/LoCoBotRos/interbotix_ws/install/moveit_task_constructor_msgs/include/moveit_task_constructor_msgs/moveit_task_constructor_msgs/action
[0.925s] -- Up-to-date: /home/locobot/LoCoBotRos/interbotix_ws/install/moveit_task_constructor_msgs/include/moveit_task_constructor_msgs/moveit_task_constructor_msgs/action/detail
[0.926s] -- Up-to-date: /home/locobot/LoCoBotRos/interbotix_ws/install/moveit_task_constructor_msgs/include/moveit_task_constructor_msgs/moveit_task_constructor_msgs/action/detail/execute_task_solution__rosidl_typesupport_fastrtps_c.h
[0.926s] -- Up-to-date: /home/locobot/LoCoBotRos/interbotix_ws/install/moveit_task_constructor_msgs/include/moveit_task_constructor_msgs/moveit_task_constructor_msgs/srv
[0.926s] -- Up-to-date: /home/locobot/LoCoBotRos/interbotix_ws/install/moveit_task_constructor_msgs/include/moveit_task_constructor_msgs/moveit_task_constructor_msgs/srv/detail
[0.926s] -- Up-to-date: /home/locobot/LoCoBotRos/interbotix_ws/install/moveit_task_constructor_msgs/include/moveit_task_constructor_msgs/moveit_task_constructor_msgs/srv/detail/get_solution__rosidl_typesupport_fastrtps_c.h
[0.927s] -- Up-to-date: /home/locobot/LoCoBotRos/interbotix_ws/install/moveit_task_constructor_msgs/lib/libmoveit_task_constructor_msgs__rosidl_typesupport_fastrtps_c.so
[0.928s] -- Up-to-date: /home/locobot/LoCoBotRos/interbotix_ws/install/moveit_task_constructor_msgs/include/moveit_task_constructor_msgs/moveit_task_constructor_msgs
[0.930s] -- Up-to-date: /home/locobot/LoCoBotRos/interbotix_ws/install/moveit_task_constructor_msgs/include/moveit_task_constructor_msgs/moveit_task_constructor_msgs/msg
[0.930s] -- Up-to-date: /home/locobot/LoCoBotRos/interbotix_ws/install/moveit_task_constructor_msgs/include/moveit_task_constructor_msgs/moveit_task_constructor_msgs/msg/detail
[0.931s] -- Up-to-date: /home/locobot/LoCoBotRos/interbotix_ws/install/moveit_task_constructor_msgs/include/moveit_task_constructor_msgs/moveit_task_constructor_msgs/msg/detail/solution__type_support.hpp
[0.931s] -- Up-to-date: /home/locobot/LoCoBotRos/interbotix_ws/install/moveit_task_constructor_msgs/include/moveit_task_constructor_msgs/moveit_task_constructor_msgs/msg/detail/task_description__builder.hpp
[0.931s] -- Up-to-date: /home/locobot/LoCoBotRos/interbotix_ws/install/moveit_task_constructor_msgs/include/moveit_task_constructor_msgs/moveit_task_constructor_msgs/msg/detail/solution_info__type_support.hpp
[0.933s] -- Up-to-date: /home/locobot/LoCoBotRos/interbotix_ws/install/moveit_task_constructor_msgs/include/moveit_task_constructor_msgs/moveit_task_constructor_msgs/msg/detail/task_statistics__type_support.hpp
[0.934s] -- Up-to-date: /home/locobot/LoCoBotRos/interbotix_ws/install/moveit_task_constructor_msgs/include/moveit_task_constructor_msgs/moveit_task_constructor_msgs/msg/detail/task_statistics__builder.hpp
[0.934s] -- Up-to-date: /home/locobot/LoCoBotRos/interbotix_ws/install/moveit_task_constructor_msgs/include/moveit_task_constructor_msgs/moveit_task_constructor_msgs/msg/detail/stage_statistics__struct.hpp
[0.934s] -- Up-to-date: /home/locobot/LoCoBotRos/interbotix_ws/install/moveit_task_constructor_msgs/include/moveit_task_constructor_msgs/moveit_task_constructor_msgs/msg/detail/stage_statistics__builder.hpp
[0.934s] -- Up-to-date: /home/locobot/LoCoBotRos/interbotix_ws/install/moveit_task_constructor_msgs/include/moveit_task_constructor_msgs/moveit_task_constructor_msgs/msg/detail/stage_description__type_support.hpp
[0.934s] -- Up-to-date: /home/locobot/LoCoBotRos/interbotix_ws/install/moveit_task_constructor_msgs/include/moveit_task_constructor_msgs/moveit_task_constructor_msgs/msg/detail/property__builder.hpp
[0.934s] -- Up-to-date: /home/locobot/LoCoBotRos/interbotix_ws/install/moveit_task_constructor_msgs/include/moveit_task_constructor_msgs/moveit_task_constructor_msgs/msg/detail/trajectory_execution_info__type_support.hpp
[0.934s] -- Up-to-date: /home/locobot/LoCoBotRos/interbotix_ws/install/moveit_task_constructor_msgs/include/moveit_task_constructor_msgs/moveit_task_constructor_msgs/msg/detail/stage_description__traits.hpp
[0.934s] -- Up-to-date: /home/locobot/LoCoBotRos/interbotix_ws/install/moveit_task_constructor_msgs/include/moveit_task_constructor_msgs/moveit_task_constructor_msgs/msg/detail/solution_info__struct.hpp
[0.934s] -- Up-to-date: /home/locobot/LoCoBotRos/interbotix_ws/install/moveit_task_constructor_msgs/include/moveit_task_constructor_msgs/moveit_task_constructor_msgs/msg/detail/trajectory_execution_info__struct.hpp
[0.936s] -- Up-to-date: /home/locobot/LoCoBotRos/interbotix_ws/install/moveit_task_constructor_msgs/include/moveit_task_constructor_msgs/moveit_task_constructor_msgs/msg/detail/trajectory_execution_info__builder.hpp
[0.936s] -- Up-to-date: /home/locobot/LoCoBotRos/interbotix_ws/install/moveit_task_constructor_msgs/include/moveit_task_constructor_msgs/moveit_task_constructor_msgs/msg/detail/property__type_support.hpp
[0.937s] -- Up-to-date: /home/locobot/LoCoBotRos/interbotix_ws/install/moveit_task_constructor_msgs/include/moveit_task_constructor_msgs/moveit_task_constructor_msgs/msg/detail/stage_description__builder.hpp
[0.937s] -- Up-to-date: /home/locobot/LoCoBotRos/interbotix_ws/install/moveit_task_constructor_msgs/include/moveit_task_constructor_msgs/moveit_task_constructor_msgs/msg/detail/sub_trajectory__struct.hpp
[0.937s] -- Up-to-date: /home/locobot/LoCoBotRos/interbotix_ws/install/moveit_task_constructor_msgs/include/moveit_task_constructor_msgs/moveit_task_constructor_msgs/msg/detail/task_description__traits.hpp
[0.937s] -- Up-to-date: /home/locobot/LoCoBotRos/interbotix_ws/install/moveit_task_constructor_msgs/include/moveit_task_constructor_msgs/moveit_task_constructor_msgs/msg/detail/task_statistics__traits.hpp
[0.937s] -- Up-to-date: /home/locobot/LoCoBotRos/interbotix_ws/install/moveit_task_constructor_msgs/include/moveit_task_constructor_msgs/moveit_task_constructor_msgs/msg/detail/stage_description__struct.hpp
[0.937s] -- Up-to-date: /home/locobot/LoCoBotRos/interbotix_ws/install/moveit_task_constructor_msgs/include/moveit_task_constructor_msgs/moveit_task_constructor_msgs/msg/detail/solution__builder.hpp
[0.937s] -- Up-to-date: /home/locobot/LoCoBotRos/interbotix_ws/install/moveit_task_constructor_msgs/include/moveit_task_constructor_msgs/moveit_task_constructor_msgs/msg/detail/task_description__type_support.hpp
[0.937s] -- Up-to-date: /home/locobot/LoCoBotRos/interbotix_ws/install/moveit_task_constructor_msgs/include/moveit_task_constructor_msgs/moveit_task_constructor_msgs/msg/detail/trajectory_execution_info__traits.hpp
[0.937s] -- Up-to-date: /home/locobot/LoCoBotRos/interbotix_ws/install/moveit_task_constructor_msgs/include/moveit_task_constructor_msgs/moveit_task_constructor_msgs/msg/detail/sub_solution__traits.hpp
[0.937s] -- Up-to-date: /home/locobot/LoCoBotRos/interbotix_ws/install/moveit_task_constructor_msgs/include/moveit_task_constructor_msgs/moveit_task_constructor_msgs/msg/detail/task_description__struct.hpp
[0.937s] -- Up-to-date: /home/locobot/LoCoBotRos/interbotix_ws/install/moveit_task_constructor_msgs/include/moveit_task_constructor_msgs/moveit_task_constructor_msgs/msg/detail/stage_statistics__traits.hpp
[0.937s] -- Up-to-date: /home/locobot/LoCoBotRos/interbotix_ws/install/moveit_task_constructor_msgs/include/moveit_task_constructor_msgs/moveit_task_constructor_msgs/msg/detail/property__struct.hpp
[0.938s] -- Up-to-date: /home/locobot/LoCoBotRos/interbotix_ws/install/moveit_task_constructor_msgs/include/moveit_task_constructor_msgs/moveit_task_constructor_msgs/msg/detail/task_statistics__struct.hpp
[0.938s] -- Up-to-date: /home/locobot/LoCoBotRos/interbotix_ws/install/moveit_task_constructor_msgs/include/moveit_task_constructor_msgs/moveit_task_constructor_msgs/msg/detail/solution_info__builder.hpp
[0.938s] -- Up-to-date: /home/locobot/LoCoBotRos/interbotix_ws/install/moveit_task_constructor_msgs/include/moveit_task_constructor_msgs/moveit_task_constructor_msgs/msg/detail/sub_trajectory__traits.hpp
[0.938s] -- Up-to-date: /home/locobot/LoCoBotRos/interbotix_ws/install/moveit_task_constructor_msgs/include/moveit_task_constructor_msgs/moveit_task_constructor_msgs/msg/detail/sub_trajectory__builder.hpp
[0.938s] -- Up-to-date: /home/locobot/LoCoBotRos/interbotix_ws/install/moveit_task_constructor_msgs/include/moveit_task_constructor_msgs/moveit_task_constructor_msgs/msg/detail/property__traits.hpp
[0.938s] -- Up-to-date: /home/locobot/LoCoBotRos/interbotix_ws/install/moveit_task_constructor_msgs/include/moveit_task_constructor_msgs/moveit_task_constructor_msgs/msg/detail/solution_info__traits.hpp
[0.938s] -- Up-to-date: /home/locobot/LoCoBotRos/interbotix_ws/install/moveit_task_constructor_msgs/include/moveit_task_constructor_msgs/moveit_task_constructor_msgs/msg/detail/solution__traits.hpp
[0.938s] -- Up-to-date: /home/locobot/LoCoBotRos/interbotix_ws/install/moveit_task_constructor_msgs/include/moveit_task_constructor_msgs/moveit_task_constructor_msgs/msg/detail/solution__struct.hpp
[0.938s] -- Up-to-date: /home/locobot/LoCoBotRos/interbotix_ws/install/moveit_task_constructor_msgs/include/moveit_task_constructor_msgs/moveit_task_constructor_msgs/msg/detail/sub_solution__struct.hpp
[0.938s] -- Up-to-date: /home/locobot/LoCoBotRos/interbotix_ws/install/moveit_task_constructor_msgs/include/moveit_task_constructor_msgs/moveit_task_constructor_msgs/msg/detail/sub_trajectory__type_support.hpp
[0.938s] -- Up-to-date: /home/locobot/LoCoBotRos/interbotix_ws/install/moveit_task_constructor_msgs/include/moveit_task_constructor_msgs/moveit_task_constructor_msgs/msg/detail/sub_solution__type_support.hpp
[0.939s] -- Up-to-date: /home/locobot/LoCoBotRos/interbotix_ws/install/moveit_task_constructor_msgs/include/moveit_task_constructor_msgs/moveit_task_constructor_msgs/msg/detail/sub_solution__builder.hpp
[0.939s] -- Up-to-date: /home/locobot/LoCoBotRos/interbotix_ws/install/moveit_task_constructor_msgs/include/moveit_task_constructor_msgs/moveit_task_constructor_msgs/msg/detail/stage_statistics__type_support.hpp
[0.939s] -- Up-to-date: /home/locobot/LoCoBotRos/interbotix_ws/install/moveit_task_constructor_msgs/include/moveit_task_constructor_msgs/moveit_task_constructor_msgs/msg/task_description.hpp
[0.939s] -- Up-to-date: /home/locobot/LoCoBotRos/interbotix_ws/install/moveit_task_constructor_msgs/include/moveit_task_constructor_msgs/moveit_task_constructor_msgs/msg/solution_info.hpp
[0.939s] -- Up-to-date: /home/locobot/LoCoBotRos/interbotix_ws/install/moveit_task_constructor_msgs/include/moveit_task_constructor_msgs/moveit_task_constructor_msgs/msg/property.hpp
[0.939s] -- Up-to-date: /home/locobot/LoCoBotRos/interbotix_ws/install/moveit_task_constructor_msgs/include/moveit_task_constructor_msgs/moveit_task_constructor_msgs/msg/solution.hpp
[0.939s] -- Up-to-date: /home/locobot/LoCoBotRos/interbotix_ws/install/moveit_task_constructor_msgs/include/moveit_task_constructor_msgs/moveit_task_constructor_msgs/msg/task_statistics.hpp
[0.939s] -- Up-to-date: /home/locobot/LoCoBotRos/interbotix_ws/install/moveit_task_constructor_msgs/include/moveit_task_constructor_msgs/moveit_task_constructor_msgs/msg/trajectory_execution_info.hpp
[0.939s] -- Up-to-date: /home/locobot/LoCoBotRos/interbotix_ws/install/moveit_task_constructor_msgs/include/moveit_task_constructor_msgs/moveit_task_constructor_msgs/msg/rosidl_generator_cpp__visibility_control.hpp
[0.939s] -- Up-to-date: /home/locobot/LoCoBotRos/interbotix_ws/install/moveit_task_constructor_msgs/include/moveit_task_constructor_msgs/moveit_task_constructor_msgs/msg/sub_trajectory.hpp
[0.939s] -- Up-to-date: /home/locobot/LoCoBotRos/interbotix_ws/install/moveit_task_constructor_msgs/include/moveit_task_constructor_msgs/moveit_task_constructor_msgs/msg/stage_description.hpp
[0.939s] -- Up-to-date: /home/locobot/LoCoBotRos/interbotix_ws/install/moveit_task_constructor_msgs/include/moveit_task_constructor_msgs/moveit_task_constructor_msgs/msg/stage_statistics.hpp
[0.939s] -- Up-to-date: /home/locobot/LoCoBotRos/interbotix_ws/install/moveit_task_constructor_msgs/include/moveit_task_constructor_msgs/moveit_task_constructor_msgs/msg/sub_solution.hpp
[0.939s] -- Up-to-date: /home/locobot/LoCoBotRos/interbotix_ws/install/moveit_task_constructor_msgs/include/moveit_task_constructor_msgs/moveit_task_constructor_msgs/action
[0.940s] -- Up-to-date: /home/locobot/LoCoBotRos/interbotix_ws/install/moveit_task_constructor_msgs/include/moveit_task_constructor_msgs/moveit_task_constructor_msgs/action/detail
[0.940s] -- Up-to-date: /home/locobot/LoCoBotRos/interbotix_ws/install/moveit_task_constructor_msgs/include/moveit_task_constructor_msgs/moveit_task_constructor_msgs/action/detail/execute_task_solution__traits.hpp
[0.940s] -- Up-to-date: /home/locobot/LoCoBotRos/interbotix_ws/install/moveit_task_constructor_msgs/include/moveit_task_constructor_msgs/moveit_task_constructor_msgs/action/detail/execute_task_solution__builder.hpp
[0.940s] -- Up-to-date: /home/locobot/LoCoBotRos/interbotix_ws/install/moveit_task_constructor_msgs/include/moveit_task_constructor_msgs/moveit_task_constructor_msgs/action/detail/execute_task_solution__struct.hpp
[0.940s] -- Up-to-date: /home/locobot/LoCoBotRos/interbotix_ws/install/moveit_task_constructor_msgs/include/moveit_task_constructor_msgs/moveit_task_constructor_msgs/action/detail/execute_task_solution__type_support.hpp
[0.940s] -- Up-to-date: /home/locobot/LoCoBotRos/interbotix_ws/install/moveit_task_constructor_msgs/include/moveit_task_constructor_msgs/moveit_task_constructor_msgs/action/execute_task_solution.hpp
[0.940s] -- Up-to-date: /home/locobot/LoCoBotRos/interbotix_ws/install/moveit_task_constructor_msgs/include/moveit_task_constructor_msgs/moveit_task_constructor_msgs/srv
[0.940s] -- Up-to-date: /home/locobot/LoCoBotRos/interbotix_ws/install/moveit_task_constructor_msgs/include/moveit_task_constructor_msgs/moveit_task_constructor_msgs/srv/detail
[0.940s] -- Up-to-date: /home/locobot/LoCoBotRos/interbotix_ws/install/moveit_task_constructor_msgs/include/moveit_task_constructor_msgs/moveit_task_constructor_msgs/srv/detail/get_solution__traits.hpp
[0.940s] -- Up-to-date: /home/locobot/LoCoBotRos/interbotix_ws/install/moveit_task_constructor_msgs/include/moveit_task_constructor_msgs/moveit_task_constructor_msgs/srv/detail/get_solution__type_support.hpp
[0.940s] -- Up-to-date: /home/locobot/LoCoBotRos/interbotix_ws/install/moveit_task_constructor_msgs/include/moveit_task_constructor_msgs/moveit_task_constructor_msgs/srv/detail/get_solution__struct.hpp
[0.941s] -- Up-to-date: /home/locobot/LoCoBotRos/interbotix_ws/install/moveit_task_constructor_msgs/include/moveit_task_constructor_msgs/moveit_task_constructor_msgs/srv/detail/get_solution__builder.hpp
[0.941s] -- Up-to-date: /home/locobot/LoCoBotRos/interbotix_ws/install/moveit_task_constructor_msgs/include/moveit_task_constructor_msgs/moveit_task_constructor_msgs/srv/get_solution.hpp
[0.941s] -- Up-to-date: /home/locobot/LoCoBotRos/interbotix_ws/install/moveit_task_constructor_msgs/include/moveit_task_constructor_msgs/moveit_task_constructor_msgs
[0.941s] -- Up-to-date: /home/locobot/LoCoBotRos/interbotix_ws/install/moveit_task_constructor_msgs/include/moveit_task_constructor_msgs/moveit_task_constructor_msgs/msg
[0.941s] -- Up-to-date: /home/locobot/LoCoBotRos/interbotix_ws/install/moveit_task_constructor_msgs/include/moveit_task_constructor_msgs/moveit_task_constructor_msgs/msg/detail
[0.941s] -- Up-to-date: /home/locobot/LoCoBotRos/interbotix_ws/install/moveit_task_constructor_msgs/include/moveit_task_constructor_msgs/moveit_task_constructor_msgs/msg/detail/trajectory_execution_info__rosidl_typesupport_fastrtps_cpp.hpp
[0.941s] -- Up-to-date: /home/locobot/LoCoBotRos/interbotix_ws/install/moveit_task_constructor_msgs/include/moveit_task_constructor_msgs/moveit_task_constructor_msgs/msg/detail/task_statistics__rosidl_typesupport_fastrtps_cpp.hpp
[0.941s] -- Up-to-date: /home/locobot/LoCoBotRos/interbotix_ws/install/moveit_task_constructor_msgs/include/moveit_task_constructor_msgs/moveit_task_constructor_msgs/msg/detail/solution__rosidl_typesupport_fastrtps_cpp.hpp
[0.941s] -- Up-to-date: /home/locobot/LoCoBotRos/interbotix_ws/install/moveit_task_constructor_msgs/include/moveit_task_constructor_msgs/moveit_task_constructor_msgs/msg/detail/dds_fastrtps
[0.941s] -- Up-to-date: /home/locobot/LoCoBotRos/interbotix_ws/install/moveit_task_constructor_msgs/include/moveit_task_constructor_msgs/moveit_task_constructor_msgs/msg/detail/task_description__rosidl_typesupport_fastrtps_cpp.hpp
[0.941s] -- Up-to-date: /home/locobot/LoCoBotRos/interbotix_ws/install/moveit_task_constructor_msgs/include/moveit_task_constructor_msgs/moveit_task_constructor_msgs/msg/detail/sub_trajectory__rosidl_typesupport_fastrtps_cpp.hpp
[0.942s] -- Up-to-date: /home/locobot/LoCoBotRos/interbotix_ws/install/moveit_task_constructor_msgs/include/moveit_task_constructor_msgs/moveit_task_constructor_msgs/msg/detail/property__rosidl_typesupport_fastrtps_cpp.hpp
[0.942s] -- Up-to-date: /home/locobot/LoCoBotRos/interbotix_ws/install/moveit_task_constructor_msgs/include/moveit_task_constructor_msgs/moveit_task_constructor_msgs/msg/detail/solution_info__rosidl_typesupport_fastrtps_cpp.hpp
[0.943s] -- Up-to-date: /home/locobot/LoCoBotRos/interbotix_ws/install/moveit_task_constructor_msgs/include/moveit_task_constructor_msgs/moveit_task_constructor_msgs/msg/detail/stage_statistics__rosidl_typesupport_fastrtps_cpp.hpp
[0.943s] -- Up-to-date: /home/locobot/LoCoBotRos/interbotix_ws/install/moveit_task_constructor_msgs/include/moveit_task_constructor_msgs/moveit_task_constructor_msgs/msg/detail/sub_solution__rosidl_typesupport_fastrtps_cpp.hpp
[0.943s] -- Up-to-date: /home/locobot/LoCoBotRos/interbotix_ws/install/moveit_task_constructor_msgs/include/moveit_task_constructor_msgs/moveit_task_constructor_msgs/msg/detail/stage_description__rosidl_typesupport_fastrtps_cpp.hpp
[0.943s] -- Up-to-date: /home/locobot/LoCoBotRos/interbotix_ws/install/moveit_task_constructor_msgs/include/moveit_task_constructor_msgs/moveit_task_constructor_msgs/msg/rosidl_typesupport_fastrtps_cpp__visibility_control.h
[0.943s] -- Up-to-date: /home/locobot/LoCoBotRos/interbotix_ws/install/moveit_task_constructor_msgs/include/moveit_task_constructor_msgs/moveit_task_constructor_msgs/action
[0.943s] -- Up-to-date: /home/locobot/LoCoBotRos/interbotix_ws/install/moveit_task_constructor_msgs/include/moveit_task_constructor_msgs/moveit_task_constructor_msgs/action/detail
[0.943s] -- Up-to-date: /home/locobot/LoCoBotRos/interbotix_ws/install/moveit_task_constructor_msgs/include/moveit_task_constructor_msgs/moveit_task_constructor_msgs/action/detail/execute_task_solution__rosidl_typesupport_fastrtps_cpp.hpp
[0.943s] -- Up-to-date: /home/locobot/LoCoBotRos/interbotix_ws/install/moveit_task_constructor_msgs/include/moveit_task_constructor_msgs/moveit_task_constructor_msgs/action/detail/dds_fastrtps
[0.943s] -- Up-to-date: /home/locobot/LoCoBotRos/interbotix_ws/install/moveit_task_constructor_msgs/include/moveit_task_constructor_msgs/moveit_task_constructor_msgs/srv
[0.943s] -- Up-to-date: /home/locobot/LoCoBotRos/interbotix_ws/install/moveit_task_constructor_msgs/include/moveit_task_constructor_msgs/moveit_task_constructor_msgs/srv/detail
[0.943s] -- Up-to-date: /home/locobot/LoCoBotRos/interbotix_ws/install/moveit_task_constructor_msgs/include/moveit_task_constructor_msgs/moveit_task_constructor_msgs/srv/detail/get_solution__rosidl_typesupport_fastrtps_cpp.hpp
[0.944s] -- Up-to-date: /home/locobot/LoCoBotRos/interbotix_ws/install/moveit_task_constructor_msgs/include/moveit_task_constructor_msgs/moveit_task_constructor_msgs/srv/detail/dds_fastrtps
[0.944s] -- Up-to-date: /home/locobot/LoCoBotRos/interbotix_ws/install/moveit_task_constructor_msgs/lib/libmoveit_task_constructor_msgs__rosidl_typesupport_fastrtps_cpp.so
[0.944s] -- Up-to-date: /home/locobot/LoCoBotRos/interbotix_ws/install/moveit_task_constructor_msgs/include/moveit_task_constructor_msgs/moveit_task_constructor_msgs
[0.944s] -- Up-to-date: /home/locobot/LoCoBotRos/interbotix_ws/install/moveit_task_constructor_msgs/include/moveit_task_constructor_msgs/moveit_task_constructor_msgs/msg
[0.944s] -- Up-to-date: /home/locobot/LoCoBotRos/interbotix_ws/install/moveit_task_constructor_msgs/include/moveit_task_constructor_msgs/moveit_task_constructor_msgs/msg/detail
[0.944s] -- Up-to-date: /home/locobot/LoCoBotRos/interbotix_ws/install/moveit_task_constructor_msgs/include/moveit_task_constructor_msgs/moveit_task_constructor_msgs/msg/detail/sub_solution__type_support.c
[0.944s] -- Up-to-date: /home/locobot/LoCoBotRos/interbotix_ws/install/moveit_task_constructor_msgs/include/moveit_task_constructor_msgs/moveit_task_constructor_msgs/msg/detail/solution_info__type_support.c
[0.944s] -- Up-to-date: /home/locobot/LoCoBotRos/interbotix_ws/install/moveit_task_constructor_msgs/include/moveit_task_constructor_msgs/moveit_task_constructor_msgs/msg/detail/stage_description__rosidl_typesupport_introspection_c.h
[0.944s] -- Up-to-date: /home/locobot/LoCoBotRos/interbotix_ws/install/moveit_task_constructor_msgs/include/moveit_task_constructor_msgs/moveit_task_constructor_msgs/msg/detail/stage_statistics__rosidl_typesupport_introspection_c.h
[0.944s] -- Up-to-date: /home/locobot/LoCoBotRos/interbotix_ws/install/moveit_task_constructor_msgs/include/moveit_task_constructor_msgs/moveit_task_constructor_msgs/msg/detail/solution__type_support.c
[0.944s] -- Up-to-date: /home/locobot/LoCoBotRos/interbotix_ws/install/moveit_task_constructor_msgs/include/moveit_task_constructor_msgs/moveit_task_constructor_msgs/msg/detail/task_description__type_support.c
[0.944s] -- Up-to-date: /home/locobot/LoCoBotRos/interbotix_ws/install/moveit_task_constructor_msgs/include/moveit_task_constructor_msgs/moveit_task_constructor_msgs/msg/detail/trajectory_execution_info__rosidl_typesupport_introspection_c.h
[0.944s] -- Up-to-date: /home/locobot/LoCoBotRos/interbotix_ws/install/moveit_task_constructor_msgs/include/moveit_task_constructor_msgs/moveit_task_constructor_msgs/msg/detail/sub_trajectory__type_support.c
[0.945s] -- Up-to-date: /home/locobot/LoCoBotRos/interbotix_ws/install/moveit_task_constructor_msgs/include/moveit_task_constructor_msgs/moveit_task_constructor_msgs/msg/detail/solution_info__rosidl_typesupport_introspection_c.h
[0.945s] -- Up-to-date: /home/locobot/LoCoBotRos/interbotix_ws/install/moveit_task_constructor_msgs/include/moveit_task_constructor_msgs/moveit_task_constructor_msgs/msg/detail/property__rosidl_typesupport_introspection_c.h
[0.945s] -- Up-to-date: /home/locobot/LoCoBotRos/interbotix_ws/install/moveit_task_constructor_msgs/include/moveit_task_constructor_msgs/moveit_task_constructor_msgs/msg/detail/trajectory_execution_info__type_support.c
[0.945s] -- Up-to-date: /home/locobot/LoCoBotRos/interbotix_ws/install/moveit_task_constructor_msgs/include/moveit_task_constructor_msgs/moveit_task_constructor_msgs/msg/detail/sub_trajectory__rosidl_typesupport_introspection_c.h
[0.945s] -- Up-to-date: /home/locobot/LoCoBotRos/interbotix_ws/install/moveit_task_constructor_msgs/include/moveit_task_constructor_msgs/moveit_task_constructor_msgs/msg/detail/stage_description__type_support.c
[0.945s] -- Up-to-date: /home/locobot/LoCoBotRos/interbotix_ws/install/moveit_task_constructor_msgs/include/moveit_task_constructor_msgs/moveit_task_constructor_msgs/msg/detail/sub_solution__rosidl_typesupport_introspection_c.h
[0.945s] -- Up-to-date: /home/locobot/LoCoBotRos/interbotix_ws/install/moveit_task_constructor_msgs/include/moveit_task_constructor_msgs/moveit_task_constructor_msgs/msg/detail/stage_statistics__type_support.c
[0.945s] -- Up-to-date: /home/locobot/LoCoBotRos/interbotix_ws/install/moveit_task_constructor_msgs/include/moveit_task_constructor_msgs/moveit_task_constructor_msgs/msg/detail/solution__rosidl_typesupport_introspection_c.h
[0.945s] -- Up-to-date: /home/locobot/LoCoBotRos/interbotix_ws/install/moveit_task_constructor_msgs/include/moveit_task_constructor_msgs/moveit_task_constructor_msgs/msg/detail/property__type_support.c
[0.945s] -- Up-to-date: /home/locobot/LoCoBotRos/interbotix_ws/install/moveit_task_constructor_msgs/include/moveit_task_constructor_msgs/moveit_task_constructor_msgs/msg/detail/task_statistics__rosidl_typesupport_introspection_c.h
[0.945s] -- Up-to-date: /home/locobot/LoCoBotRos/interbotix_ws/install/moveit_task_constructor_msgs/include/moveit_task_constructor_msgs/moveit_task_constructor_msgs/msg/detail/task_description__rosidl_typesupport_introspection_c.h
[0.946s] -- Up-to-date: /home/locobot/LoCoBotRos/interbotix_ws/install/moveit_task_constructor_msgs/include/moveit_task_constructor_msgs/moveit_task_constructor_msgs/msg/detail/task_statistics__type_support.c
[0.946s] -- Up-to-date: /home/locobot/LoCoBotRos/interbotix_ws/install/moveit_task_constructor_msgs/include/moveit_task_constructor_msgs/moveit_task_constructor_msgs/msg/rosidl_typesupport_introspection_c__visibility_control.h
[0.946s] -- Up-to-date: /home/locobot/LoCoBotRos/interbotix_ws/install/moveit_task_constructor_msgs/include/moveit_task_constructor_msgs/moveit_task_constructor_msgs/action
[0.946s] -- Up-to-date: /home/locobot/LoCoBotRos/interbotix_ws/install/moveit_task_constructor_msgs/include/moveit_task_constructor_msgs/moveit_task_constructor_msgs/action/detail
[0.946s] -- Up-to-date: /home/locobot/LoCoBotRos/interbotix_ws/install/moveit_task_constructor_msgs/include/moveit_task_constructor_msgs/moveit_task_constructor_msgs/action/detail/execute_task_solution__rosidl_typesupport_introspection_c.h
[0.946s] -- Up-to-date: /home/locobot/LoCoBotRos/interbotix_ws/install/moveit_task_constructor_msgs/include/moveit_task_constructor_msgs/moveit_task_constructor_msgs/action/detail/execute_task_solution__type_support.c
[0.946s] -- Up-to-date: /home/locobot/LoCoBotRos/interbotix_ws/install/moveit_task_constructor_msgs/include/moveit_task_constructor_msgs/moveit_task_constructor_msgs/srv
[0.946s] -- Up-to-date: /home/locobot/LoCoBotRos/interbotix_ws/install/moveit_task_constructor_msgs/include/moveit_task_constructor_msgs/moveit_task_constructor_msgs/srv/detail
[0.946s] -- Up-to-date: /home/locobot/LoCoBotRos/interbotix_ws/install/moveit_task_constructor_msgs/include/moveit_task_constructor_msgs/moveit_task_constructor_msgs/srv/detail/get_solution__type_support.c
[0.947s] -- Up-to-date: /home/locobot/LoCoBotRos/interbotix_ws/install/moveit_task_constructor_msgs/include/moveit_task_constructor_msgs/moveit_task_constructor_msgs/srv/detail/get_solution__rosidl_typesupport_introspection_c.h
[0.947s] -- Up-to-date: /home/locobot/LoCoBotRos/interbotix_ws/install/moveit_task_constructor_msgs/lib/libmoveit_task_constructor_msgs__rosidl_typesupport_introspection_c.so
[0.947s] -- Up-to-date: /home/locobot/LoCoBotRos/interbotix_ws/install/moveit_task_constructor_msgs/lib/libmoveit_task_constructor_msgs__rosidl_typesupport_c.so
[0.947s] -- Up-to-date: /home/locobot/LoCoBotRos/interbotix_ws/install/moveit_task_constructor_msgs/include/moveit_task_constructor_msgs/moveit_task_constructor_msgs
[0.947s] -- Up-to-date: /home/locobot/LoCoBotRos/interbotix_ws/install/moveit_task_constructor_msgs/include/moveit_task_constructor_msgs/moveit_task_constructor_msgs/msg
[0.947s] -- Up-to-date: /home/locobot/LoCoBotRos/interbotix_ws/install/moveit_task_constructor_msgs/include/moveit_task_constructor_msgs/moveit_task_constructor_msgs/msg/detail
[0.947s] -- Up-to-date: /home/locobot/LoCoBotRos/interbotix_ws/install/moveit_task_constructor_msgs/include/moveit_task_constructor_msgs/moveit_task_constructor_msgs/msg/detail/property__rosidl_typesupport_introspection_cpp.hpp
[0.947s] -- Up-to-date: /home/locobot/LoCoBotRos/interbotix_ws/install/moveit_task_constructor_msgs/include/moveit_task_constructor_msgs/moveit_task_constructor_msgs/msg/detail/stage_description__type_support.cpp
[0.947s] -- Up-to-date: /home/locobot/LoCoBotRos/interbotix_ws/install/moveit_task_constructor_msgs/include/moveit_task_constructor_msgs/moveit_task_constructor_msgs/msg/detail/sub_solution__type_support.cpp
[0.947s] -- Up-to-date: /home/locobot/LoCoBotRos/interbotix_ws/install/moveit_task_constructor_msgs/include/moveit_task_constructor_msgs/moveit_task_constructor_msgs/msg/detail/task_description__rosidl_typesupport_introspection_cpp.hpp
[0.947s] -- Up-to-date: /home/locobot/LoCoBotRos/interbotix_ws/install/moveit_task_constructor_msgs/include/moveit_task_constructor_msgs/moveit_task_constructor_msgs/msg/detail/task_description__type_support.cpp
[0.947s] -- Up-to-date: /home/locobot/LoCoBotRos/interbotix_ws/install/moveit_task_constructor_msgs/include/moveit_task_constructor_msgs/moveit_task_constructor_msgs/msg/detail/stage_description__rosidl_typesupport_introspection_cpp.hpp
[0.947s] -- Up-to-date: /home/locobot/LoCoBotRos/interbotix_ws/install/moveit_task_constructor_msgs/include/moveit_task_constructor_msgs/moveit_task_constructor_msgs/msg/detail/property__type_support.cpp
[0.947s] -- Up-to-date: /home/locobot/LoCoBotRos/interbotix_ws/install/moveit_task_constructor_msgs/include/moveit_task_constructor_msgs/moveit_task_constructor_msgs/msg/detail/task_statistics__type_support.cpp
[0.948s] -- Up-to-date: /home/locobot/LoCoBotRos/interbotix_ws/install/moveit_task_constructor_msgs/include/moveit_task_constructor_msgs/moveit_task_constructor_msgs/msg/detail/task_statistics__rosidl_typesupport_introspection_cpp.hpp
[0.948s] -- Up-to-date: /home/locobot/LoCoBotRos/interbotix_ws/install/moveit_task_constructor_msgs/include/moveit_task_constructor_msgs/moveit_task_constructor_msgs/msg/detail/trajectory_execution_info__type_support.cpp
[0.948s] -- Up-to-date: /home/locobot/LoCoBotRos/interbotix_ws/install/moveit_task_constructor_msgs/include/moveit_task_constructor_msgs/moveit_task_constructor_msgs/msg/detail/stage_statistics__rosidl_typesupport_introspection_cpp.hpp
[0.948s] -- Up-to-date: /home/locobot/LoCoBotRos/interbotix_ws/install/moveit_task_constructor_msgs/include/moveit_task_constructor_msgs/moveit_task_constructor_msgs/msg/detail/stage_statistics__type_support.cpp
[0.948s] -- Up-to-date: /home/locobot/LoCoBotRos/interbotix_ws/install/moveit_task_constructor_msgs/include/moveit_task_constructor_msgs/moveit_task_constructor_msgs/msg/detail/sub_trajectory__type_support.cpp
[0.948s] -- Up-to-date: /home/locobot/LoCoBotRos/interbotix_ws/install/moveit_task_constructor_msgs/include/moveit_task_constructor_msgs/moveit_task_constructor_msgs/msg/detail/solution_info__rosidl_typesupport_introspection_cpp.hpp
[0.948s] -- Up-to-date: /home/locobot/LoCoBotRos/interbotix_ws/install/moveit_task_constructor_msgs/include/moveit_task_constructor_msgs/moveit_task_constructor_msgs/msg/detail/solution__rosidl_typesupport_introspection_cpp.hpp
[0.948s] -- Up-to-date: /home/locobot/LoCoBotRos/interbotix_ws/install/moveit_task_constructor_msgs/include/moveit_task_constructor_msgs/moveit_task_constructor_msgs/msg/detail/trajectory_execution_info__rosidl_typesupport_introspection_cpp.hpp
[0.948s] -- Up-to-date: /home/locobot/LoCoBotRos/interbotix_ws/install/moveit_task_constructor_msgs/include/moveit_task_constructor_msgs/moveit_task_constructor_msgs/msg/detail/solution_info__type_support.cpp
[0.948s] -- Up-to-date: /home/locobot/LoCoBotRos/interbotix_ws/install/moveit_task_constructor_msgs/include/moveit_task_constructor_msgs/moveit_task_constructor_msgs/msg/detail/sub_solution__rosidl_typesupport_introspection_cpp.hpp
[0.948s] -- Up-to-date: /home/locobot/LoCoBotRos/interbotix_ws/install/moveit_task_constructor_msgs/include/moveit_task_constructor_msgs/moveit_task_constructor_msgs/msg/detail/solution__type_support.cpp
[0.948s] -- Up-to-date: /home/locobot/LoCoBotRos/interbotix_ws/install/moveit_task_constructor_msgs/include/moveit_task_constructor_msgs/moveit_task_constructor_msgs/msg/detail/sub_trajectory__rosidl_typesupport_introspection_cpp.hpp
[0.948s] -- Up-to-date: /home/locobot/LoCoBotRos/interbotix_ws/install/moveit_task_constructor_msgs/include/moveit_task_constructor_msgs/moveit_task_constructor_msgs/action
[0.948s] -- Up-to-date: /home/locobot/LoCoBotRos/interbotix_ws/install/moveit_task_constructor_msgs/include/moveit_task_constructor_msgs/moveit_task_constructor_msgs/action/detail
[0.949s] -- Up-to-date: /home/locobot/LoCoBotRos/interbotix_ws/install/moveit_task_constructor_msgs/include/moveit_task_constructor_msgs/moveit_task_constructor_msgs/action/detail/execute_task_solution__type_support.cpp
[0.949s] -- Up-to-date: /home/locobot/LoCoBotRos/interbotix_ws/install/moveit_task_constructor_msgs/include/moveit_task_constructor_msgs/moveit_task_constructor_msgs/action/detail/execute_task_solution__rosidl_typesupport_introspection_cpp.hpp
[0.949s] -- Up-to-date: /home/locobot/LoCoBotRos/interbotix_ws/install/moveit_task_constructor_msgs/include/moveit_task_constructor_msgs/moveit_task_constructor_msgs/srv
[0.949s] -- Up-to-date: /home/locobot/LoCoBotRos/interbotix_ws/install/moveit_task_constructor_msgs/include/moveit_task_constructor_msgs/moveit_task_constructor_msgs/srv/detail
[0.949s] -- Up-to-date: /home/locobot/LoCoBotRos/interbotix_ws/install/moveit_task_constructor_msgs/include/moveit_task_constructor_msgs/moveit_task_constructor_msgs/srv/detail/get_solution__rosidl_typesupport_introspection_cpp.hpp
[0.949s] -- Up-to-date: /home/locobot/LoCoBotRos/interbotix_ws/install/moveit_task_constructor_msgs/include/moveit_task_constructor_msgs/moveit_task_constructor_msgs/srv/detail/get_solution__type_support.cpp
[0.949s] -- Up-to-date: /home/locobot/LoCoBotRos/interbotix_ws/install/moveit_task_constructor_msgs/lib/libmoveit_task_constructor_msgs__rosidl_typesupport_introspection_cpp.so
[0.949s] -- Up-to-date: /home/locobot/LoCoBotRos/interbotix_ws/install/moveit_task_constructor_msgs/lib/libmoveit_task_constructor_msgs__rosidl_typesupport_cpp.so
[0.949s] -- Up-to-date: /home/locobot/LoCoBotRos/interbotix_ws/install/moveit_task_constructor_msgs/share/moveit_task_constructor_msgs/environment/pythonpath.sh
[0.949s] -- Up-to-date: /home/locobot/LoCoBotRos/interbotix_ws/install/moveit_task_constructor_msgs/share/moveit_task_constructor_msgs/environment/pythonpath.dsv
[0.949s] -- Up-to-date: /home/locobot/LoCoBotRos/interbotix_ws/install/moveit_task_constructor_msgs/local/lib/python3.10/dist-packages/moveit_task_constructor_msgs-0.1.3-py3.10.egg-info
[0.949s] -- Installing: /home/locobot/LoCoBotRos/interbotix_ws/install/moveit_task_constructor_msgs/local/lib/python3.10/dist-packages/moveit_task_constructor_msgs-0.1.3-py3.10.egg-info/dependency_links.txt
[0.949s] -- Installing: /home/locobot/LoCoBotRos/interbotix_ws/install/moveit_task_constructor_msgs/local/lib/python3.10/dist-packages/moveit_task_constructor_msgs-0.1.3-py3.10.egg-info/PKG-INFO
[0.949s] -- Installing: /home/locobot/LoCoBotRos/interbotix_ws/install/moveit_task_constructor_msgs/local/lib/python3.10/dist-packages/moveit_task_constructor_msgs-0.1.3-py3.10.egg-info/SOURCES.txt
[0.949s] -- Installing: /home/locobot/LoCoBotRos/interbotix_ws/install/moveit_task_constructor_msgs/local/lib/python3.10/dist-packages/moveit_task_constructor_msgs-0.1.3-py3.10.egg-info/top_level.txt
[0.950s] -- Up-to-date: /home/locobot/LoCoBotRos/interbotix_ws/install/moveit_task_constructor_msgs/local/lib/python3.10/dist-packages/moveit_task_constructor_msgs
[0.950s] -- Up-to-date: /home/locobot/LoCoBotRos/interbotix_ws/install/moveit_task_constructor_msgs/local/lib/python3.10/dist-packages/moveit_task_constructor_msgs/libmoveit_task_constructor_msgs__rosidl_generator_py.so
[0.950s] -- Up-to-date: /home/locobot/LoCoBotRos/interbotix_ws/install/moveit_task_constructor_msgs/local/lib/python3.10/dist-packages/moveit_task_constructor_msgs/moveit_task_constructor_msgs_s__rosidl_typesupport_c.cpython-310-x86_64-linux-gnu.so
[0.950s] -- Up-to-date: /home/locobot/LoCoBotRos/interbotix_ws/install/moveit_task_constructor_msgs/local/lib/python3.10/dist-packages/moveit_task_constructor_msgs/_moveit_task_constructor_msgs_s.ep.rosidl_typesupport_introspection_c.c
[0.950s] -- Up-to-date: /home/locobot/LoCoBotRos/interbotix_ws/install/moveit_task_constructor_msgs/local/lib/python3.10/dist-packages/moveit_task_constructor_msgs/msg
[0.950s] -- Up-to-date: /home/locobot/LoCoBotRos/interbotix_ws/install/moveit_task_constructor_msgs/local/lib/python3.10/dist-packages/moveit_task_constructor_msgs/msg/_sub_trajectory.py
[0.950s] -- Up-to-date: /home/locobot/LoCoBotRos/interbotix_ws/install/moveit_task_constructor_msgs/local/lib/python3.10/dist-packages/moveit_task_constructor_msgs/msg/_trajectory_execution_info_s.c
[0.950s] -- Up-to-date: /home/locobot/LoCoBotRos/interbotix_ws/install/moveit_task_constructor_msgs/local/lib/python3.10/dist-packages/moveit_task_constructor_msgs/msg/_stage_statistics.py
[0.950s] -- Up-to-date: /home/locobot/LoCoBotRos/interbotix_ws/install/moveit_task_constructor_msgs/local/lib/python3.10/dist-packages/moveit_task_constructor_msgs/msg/_solution_info_s.c
[0.950s] -- Up-to-date: /home/locobot/LoCoBotRos/interbotix_ws/install/moveit_task_constructor_msgs/local/lib/python3.10/dist-packages/moveit_task_constructor_msgs/msg/_stage_statistics_s.c
[0.950s] -- Up-to-date: /home/locobot/LoCoBotRos/interbotix_ws/install/moveit_task_constructor_msgs/local/lib/python3.10/dist-packages/moveit_task_constructor_msgs/msg/_sub_solution.py
[0.950s] -- Up-to-date: /home/locobot/LoCoBotRos/interbotix_ws/install/moveit_task_constructor_msgs/local/lib/python3.10/dist-packages/moveit_task_constructor_msgs/msg/_trajectory_execution_info.py
[0.950s] -- Up-to-date: /home/locobot/LoCoBotRos/interbotix_ws/install/moveit_task_constructor_msgs/local/lib/python3.10/dist-packages/moveit_task_constructor_msgs/msg/_stage_description.py
[0.950s] -- Up-to-date: /home/locobot/LoCoBotRos/interbotix_ws/install/moveit_task_constructor_msgs/local/lib/python3.10/dist-packages/moveit_task_constructor_msgs/msg/__init__.py
[0.950s] -- Up-to-date: /home/locobot/LoCoBotRos/interbotix_ws/install/moveit_task_constructor_msgs/local/lib/python3.10/dist-packages/moveit_task_constructor_msgs/msg/_property.py
[0.950s] -- Up-to-date: /home/locobot/LoCoBotRos/interbotix_ws/install/moveit_task_constructor_msgs/local/lib/python3.10/dist-packages/moveit_task_constructor_msgs/msg/_sub_trajectory_s.c
[0.950s] -- Up-to-date: /home/locobot/LoCoBotRos/interbotix_ws/install/moveit_task_constructor_msgs/local/lib/python3.10/dist-packages/moveit_task_constructor_msgs/msg/_task_description.py
[0.950s] -- Up-to-date: /home/locobot/LoCoBotRos/interbotix_ws/install/moveit_task_constructor_msgs/local/lib/python3.10/dist-packages/moveit_task_constructor_msgs/msg/_task_statistics.py
[0.950s] -- Up-to-date: /home/locobot/LoCoBotRos/interbotix_ws/install/moveit_task_constructor_msgs/local/lib/python3.10/dist-packages/moveit_task_constructor_msgs/msg/_task_statistics_s.c
[0.950s] -- Up-to-date: /home/locobot/LoCoBotRos/interbotix_ws/install/moveit_task_constructor_msgs/local/lib/python3.10/dist-packages/moveit_task_constructor_msgs/msg/_task_description_s.c
[0.950s] -- Up-to-date: /home/locobot/LoCoBotRos/interbotix_ws/install/moveit_task_constructor_msgs/local/lib/python3.10/dist-packages/moveit_task_constructor_msgs/msg/_solution.py
[0.951s] -- Up-to-date: /home/locobot/LoCoBotRos/interbotix_ws/install/moveit_task_constructor_msgs/local/lib/python3.10/dist-packages/moveit_task_constructor_msgs/msg/_stage_description_s.c
[0.951s] -- Up-to-date: /home/locobot/LoCoBotRos/interbotix_ws/install/moveit_task_constructor_msgs/local/lib/python3.10/dist-packages/moveit_task_constructor_msgs/msg/_solution_info.py
[0.951s] -- Up-to-date: /home/locobot/LoCoBotRos/interbotix_ws/install/moveit_task_constructor_msgs/local/lib/python3.10/dist-packages/moveit_task_constructor_msgs/msg/_sub_solution_s.c
[0.951s] -- Up-to-date: /home/locobot/LoCoBotRos/interbotix_ws/install/moveit_task_constructor_msgs/local/lib/python3.10/dist-packages/moveit_task_constructor_msgs/msg/_solution_s.c
[0.951s] -- Up-to-date: /home/locobot/LoCoBotRos/interbotix_ws/install/moveit_task_constructor_msgs/local/lib/python3.10/dist-packages/moveit_task_constructor_msgs/msg/_property_s.c
[0.951s] -- Up-to-date: /home/locobot/LoCoBotRos/interbotix_ws/install/moveit_task_constructor_msgs/local/lib/python3.10/dist-packages/moveit_task_constructor_msgs/action
[0.951s] -- Up-to-date: /home/locobot/LoCoBotRos/interbotix_ws/install/moveit_task_constructor_msgs/local/lib/python3.10/dist-packages/moveit_task_constructor_msgs/action/_execute_task_solution_s.c
[0.951s] -- Up-to-date: /home/locobot/LoCoBotRos/interbotix_ws/install/moveit_task_constructor_msgs/local/lib/python3.10/dist-packages/moveit_task_constructor_msgs/action/__init__.py
[0.951s] -- Up-to-date: /home/locobot/LoCoBotRos/interbotix_ws/install/moveit_task_constructor_msgs/local/lib/python3.10/dist-packages/moveit_task_constructor_msgs/action/_execute_task_solution.py
[0.951s] -- Up-to-date: /home/locobot/LoCoBotRos/interbotix_ws/install/moveit_task_constructor_msgs/local/lib/python3.10/dist-packages/moveit_task_constructor_msgs/_moveit_task_constructor_msgs_s.ep.rosidl_typesupport_c.c
[0.951s] -- Up-to-date: /home/locobot/LoCoBotRos/interbotix_ws/install/moveit_task_constructor_msgs/local/lib/python3.10/dist-packages/moveit_task_constructor_msgs/__init__.py
[0.951s] -- Up-to-date: /home/locobot/LoCoBotRos/interbotix_ws/install/moveit_task_constructor_msgs/local/lib/python3.10/dist-packages/moveit_task_constructor_msgs/_moveit_task_constructor_msgs_s.ep.rosidl_typesupport_fastrtps_c.c
[0.951s] -- Up-to-date: /home/locobot/LoCoBotRos/interbotix_ws/install/moveit_task_constructor_msgs/local/lib/python3.10/dist-packages/moveit_task_constructor_msgs/moveit_task_constructor_msgs_s__rosidl_typesupport_fastrtps_c.cpython-310-x86_64-linux-gnu.so
[0.951s] -- Up-to-date: /home/locobot/LoCoBotRos/interbotix_ws/install/moveit_task_constructor_msgs/local/lib/python3.10/dist-packages/moveit_task_constructor_msgs/srv
[0.952s] -- Up-to-date: /home/locobot/LoCoBotRos/interbotix_ws/install/moveit_task_constructor_msgs/local/lib/python3.10/dist-packages/moveit_task_constructor_msgs/srv/_get_solution.py
[0.952s] -- Up-to-date: /home/locobot/LoCoBotRos/interbotix_ws/install/moveit_task_constructor_msgs/local/lib/python3.10/dist-packages/moveit_task_constructor_msgs/srv/__init__.py
[0.952s] -- Up-to-date: /home/locobot/LoCoBotRos/interbotix_ws/install/moveit_task_constructor_msgs/local/lib/python3.10/dist-packages/moveit_task_constructor_msgs/srv/_get_solution_s.c
[0.952s] -- Up-to-date: /home/locobot/LoCoBotRos/interbotix_ws/install/moveit_task_constructor_msgs/local/lib/python3.10/dist-packages/moveit_task_constructor_msgs/moveit_task_constructor_msgs_s__rosidl_typesupport_introspection_c.cpython-310-x86_64-linux-gnu.so
[0.957s] Listing '/home/locobot/LoCoBotRos/interbotix_ws/install/moveit_task_constructor_msgs/local/lib/python3.10/dist-packages/moveit_task_constructor_msgs'...
[0.958s] Listing '/home/locobot/LoCoBotRos/interbotix_ws/install/moveit_task_constructor_msgs/local/lib/python3.10/dist-packages/moveit_task_constructor_msgs/action'...
[0.958s] Listing '/home/locobot/LoCoBotRos/interbotix_ws/install/moveit_task_constructor_msgs/local/lib/python3.10/dist-packages/moveit_task_constructor_msgs/msg'...
[0.958s] Listing '/home/locobot/LoCoBotRos/interbotix_ws/install/moveit_task_constructor_msgs/local/lib/python3.10/dist-packages/moveit_task_constructor_msgs/srv'...
[0.958s] -- Up-to-date: /home/locobot/LoCoBotRos/interbotix_ws/install/moveit_task_constructor_msgs/local/lib/python3.10/dist-packages/moveit_task_constructor_msgs/moveit_task_constructor_msgs_s__rosidl_typesupport_fastrtps_c.cpython-310-x86_64-linux-gnu.so
[0.958s] -- Up-to-date: /home/locobot/LoCoBotRos/interbotix_ws/install/moveit_task_constructor_msgs/local/lib/python3.10/dist-packages/moveit_task_constructor_msgs/moveit_task_constructor_msgs_s__rosidl_typesupport_introspection_c.cpython-310-x86_64-linux-gnu.so
[0.958s] -- Up-to-date: /home/locobot/LoCoBotRos/interbotix_ws/install/moveit_task_constructor_msgs/local/lib/python3.10/dist-packages/moveit_task_constructor_msgs/moveit_task_constructor_msgs_s__rosidl_typesupport_c.cpython-310-x86_64-linux-gnu.so
[0.958s] -- Up-to-date: /home/locobot/LoCoBotRos/interbotix_ws/install/moveit_task_constructor_msgs/lib/libmoveit_task_constructor_msgs__rosidl_generator_py.so
[0.958s] -- Up-to-date: /home/locobot/LoCoBotRos/interbotix_ws/install/moveit_task_constructor_msgs/share/moveit_task_constructor_msgs/msg/Property.idl
[0.958s] -- Up-to-date: /home/locobot/LoCoBotRos/interbotix_ws/install/moveit_task_constructor_msgs/share/moveit_task_constructor_msgs/msg/Solution.idl
[0.958s] -- Up-to-date: /home/locobot/LoCoBotRos/interbotix_ws/install/moveit_task_constructor_msgs/share/moveit_task_constructor_msgs/msg/SolutionInfo.idl
[0.958s] -- Up-to-date: /home/locobot/LoCoBotRos/interbotix_ws/install/moveit_task_constructor_msgs/share/moveit_task_constructor_msgs/msg/StageDescription.idl
[0.958s] -- Up-to-date: /home/locobot/LoCoBotRos/interbotix_ws/install/moveit_task_constructor_msgs/share/moveit_task_constructor_msgs/msg/StageStatistics.idl
[0.958s] -- Up-to-date: /home/locobot/LoCoBotRos/interbotix_ws/install/moveit_task_constructor_msgs/share/moveit_task_constructor_msgs/msg/SubSolution.idl
[0.959s] -- Up-to-date: /home/locobot/LoCoBotRos/interbotix_ws/install/moveit_task_constructor_msgs/share/moveit_task_constructor_msgs/msg/SubTrajectory.idl
[0.959s] -- Up-to-date: /home/locobot/LoCoBotRos/interbotix_ws/install/moveit_task_constructor_msgs/share/moveit_task_constructor_msgs/msg/TaskDescription.idl
[0.959s] -- Up-to-date: /home/locobot/LoCoBotRos/interbotix_ws/install/moveit_task_constructor_msgs/share/moveit_task_constructor_msgs/msg/TaskStatistics.idl
[0.959s] -- Up-to-date: /home/locobot/LoCoBotRos/interbotix_ws/install/moveit_task_constructor_msgs/share/moveit_task_constructor_msgs/msg/TrajectoryExecutionInfo.idl
[0.959s] -- Up-to-date: /home/locobot/LoCoBotRos/interbotix_ws/install/moveit_task_constructor_msgs/share/moveit_task_constructor_msgs/srv/GetSolution.idl
[0.959s] -- Up-to-date: /home/locobot/LoCoBotRos/interbotix_ws/install/moveit_task_constructor_msgs/share/moveit_task_constructor_msgs/action/ExecuteTaskSolution.idl
[0.959s] -- Up-to-date: /home/locobot/LoCoBotRos/interbotix_ws/install/moveit_task_constructor_msgs/share/moveit_task_constructor_msgs/msg/Property.msg
[0.959s] -- Up-to-date: /home/locobot/LoCoBotRos/interbotix_ws/install/moveit_task_constructor_msgs/share/moveit_task_constructor_msgs/msg/Solution.msg
[0.959s] -- Up-to-date: /home/locobot/LoCoBotRos/interbotix_ws/install/moveit_task_constructor_msgs/share/moveit_task_constructor_msgs/msg/SolutionInfo.msg
[0.960s] -- Up-to-date: /home/locobot/LoCoBotRos/interbotix_ws/install/moveit_task_constructor_msgs/share/moveit_task_constructor_msgs/msg/StageDescription.msg
[0.960s] -- Up-to-date: /home/locobot/LoCoBotRos/interbotix_ws/install/moveit_task_constructor_msgs/share/moveit_task_constructor_msgs/msg/StageStatistics.msg
[0.960s] -- Up-to-date: /home/locobot/LoCoBotRos/interbotix_ws/install/moveit_task_constructor_msgs/share/moveit_task_constructor_msgs/msg/SubSolution.msg
[0.960s] -- Up-to-date: /home/locobot/LoCoBotRos/interbotix_ws/install/moveit_task_constructor_msgs/share/moveit_task_constructor_msgs/msg/SubTrajectory.msg
[0.960s] -- Up-to-date: /home/locobot/LoCoBotRos/interbotix_ws/install/moveit_task_constructor_msgs/share/moveit_task_constructor_msgs/msg/TaskDescription.msg
[0.960s] -- Up-to-date: /home/locobot/LoCoBotRos/interbotix_ws/install/moveit_task_constructor_msgs/share/moveit_task_constructor_msgs/msg/TaskStatistics.msg
[0.960s] -- Up-to-date: /home/locobot/LoCoBotRos/interbotix_ws/install/moveit_task_constructor_msgs/share/moveit_task_constructor_msgs/msg/TrajectoryExecutionInfo.msg
[0.960s] -- Up-to-date: /home/locobot/LoCoBotRos/interbotix_ws/install/moveit_task_constructor_msgs/share/moveit_task_constructor_msgs/srv/GetSolution.srv
[0.960s] -- Up-to-date: /home/locobot/LoCoBotRos/interbotix_ws/install/moveit_task_constructor_msgs/share/moveit_task_constructor_msgs/srv/GetSolution_Request.msg
[0.960s] -- Up-to-date: /home/locobot/LoCoBotRos/interbotix_ws/install/moveit_task_constructor_msgs/share/moveit_task_constructor_msgs/srv/GetSolution_Response.msg
[0.960s] -- Up-to-date: /home/locobot/LoCoBotRos/interbotix_ws/install/moveit_task_constructor_msgs/share/moveit_task_constructor_msgs/action/ExecuteTaskSolution.action
[0.961s] -- Up-to-date: /home/locobot/LoCoBotRos/interbotix_ws/install/moveit_task_constructor_msgs/share/ament_index/resource_index/package_run_dependencies/moveit_task_constructor_msgs
[0.961s] -- Up-to-date: /home/locobot/LoCoBotRos/interbotix_ws/install/moveit_task_constructor_msgs/share/ament_index/resource_index/parent_prefix_path/moveit_task_constructor_msgs
[0.961s] -- Up-to-date: /home/locobot/LoCoBotRos/interbotix_ws/install/moveit_task_constructor_msgs/share/moveit_task_constructor_msgs/environment/ament_prefix_path.sh
[0.961s] -- Up-to-date: /home/locobot/LoCoBotRos/interbotix_ws/install/moveit_task_constructor_msgs/share/moveit_task_constructor_msgs/environment/ament_prefix_path.dsv
[0.961s] -- Up-to-date: /home/locobot/LoCoBotRos/interbotix_ws/install/moveit_task_constructor_msgs/share/moveit_task_constructor_msgs/environment/path.sh
[0.961s] -- Up-to-date: /home/locobot/LoCoBotRos/interbotix_ws/install/moveit_task_constructor_msgs/share/moveit_task_constructor_msgs/environment/path.dsv
[0.961s] -- Up-to-date: /home/locobot/LoCoBotRos/interbotix_ws/install/moveit_task_constructor_msgs/share/moveit_task_constructor_msgs/local_setup.bash
[0.961s] -- Up-to-date: /home/locobot/LoCoBotRos/interbotix_ws/install/moveit_task_constructor_msgs/share/moveit_task_constructor_msgs/local_setup.sh
[0.961s] -- Up-to-date: /home/locobot/LoCoBotRos/interbotix_ws/install/moveit_task_constructor_msgs/share/moveit_task_constructor_msgs/local_setup.zsh
[0.961s] -- Up-to-date: /home/locobot/LoCoBotRos/interbotix_ws/install/moveit_task_constructor_msgs/share/moveit_task_constructor_msgs/local_setup.dsv
[0.961s] -- Installing: /home/locobot/LoCoBotRos/interbotix_ws/install/moveit_task_constructor_msgs/share/moveit_task_constructor_msgs/package.dsv
[0.962s] -- Up-to-date: /home/locobot/LoCoBotRos/interbotix_ws/install/moveit_task_constructor_msgs/share/ament_index/resource_index/packages/moveit_task_constructor_msgs
[0.962s] -- Up-to-date: /home/locobot/LoCoBotRos/interbotix_ws/install/moveit_task_constructor_msgs/share/moveit_task_constructor_msgs/cmake/export_moveit_task_constructor_msgs__rosidl_generator_cExport.cmake
[0.962s] -- Up-to-date: /home/locobot/LoCoBotRos/interbotix_ws/install/moveit_task_constructor_msgs/share/moveit_task_constructor_msgs/cmake/export_moveit_task_constructor_msgs__rosidl_generator_cExport-release.cmake
[0.962s] -- Up-to-date: /home/locobot/LoCoBotRos/interbotix_ws/install/moveit_task_constructor_msgs/share/moveit_task_constructor_msgs/cmake/export_moveit_task_constructor_msgs__rosidl_typesupport_fastrtps_cExport.cmake
[0.962s] -- Up-to-date: /home/locobot/LoCoBotRos/interbotix_ws/install/moveit_task_constructor_msgs/share/moveit_task_constructor_msgs/cmake/export_moveit_task_constructor_msgs__rosidl_typesupport_fastrtps_cExport-release.cmake
[0.962s] -- Up-to-date: /home/locobot/LoCoBotRos/interbotix_ws/install/moveit_task_constructor_msgs/share/moveit_task_constructor_msgs/cmake/export_moveit_task_constructor_msgs__rosidl_generator_cppExport.cmake
[0.962s] -- Up-to-date: /home/locobot/LoCoBotRos/interbotix_ws/install/moveit_task_constructor_msgs/share/moveit_task_constructor_msgs/cmake/export_moveit_task_constructor_msgs__rosidl_typesupport_fastrtps_cppExport.cmake
[0.962s] -- Up-to-date: /home/locobot/LoCoBotRos/interbotix_ws/install/moveit_task_constructor_msgs/share/moveit_task_constructor_msgs/cmake/export_moveit_task_constructor_msgs__rosidl_typesupport_fastrtps_cppExport-release.cmake
[0.962s] -- Up-to-date: /home/locobot/LoCoBotRos/interbotix_ws/install/moveit_task_constructor_msgs/share/moveit_task_constructor_msgs/cmake/moveit_task_constructor_msgs__rosidl_typesupport_introspection_cExport.cmake
[0.962s] -- Up-to-date: /home/locobot/LoCoBotRos/interbotix_ws/install/moveit_task_constructor_msgs/share/moveit_task_constructor_msgs/cmake/moveit_task_constructor_msgs__rosidl_typesupport_introspection_cExport-release.cmake
[0.962s] -- Up-to-date: /home/locobot/LoCoBotRos/interbotix_ws/install/moveit_task_constructor_msgs/share/moveit_task_constructor_msgs/cmake/moveit_task_constructor_msgs__rosidl_typesupport_cExport.cmake
[0.963s] -- Up-to-date: /home/locobot/LoCoBotRos/interbotix_ws/install/moveit_task_constructor_msgs/share/moveit_task_constructor_msgs/cmake/moveit_task_constructor_msgs__rosidl_typesupport_cExport-release.cmake
[0.963s] -- Up-to-date: /home/locobot/LoCoBotRos/interbotix_ws/install/moveit_task_constructor_msgs/share/moveit_task_constructor_msgs/cmake/moveit_task_constructor_msgs__rosidl_typesupport_introspection_cppExport.cmake
[0.963s] -- Up-to-date: /home/locobot/LoCoBotRos/interbotix_ws/install/moveit_task_constructor_msgs/share/moveit_task_constructor_msgs/cmake/moveit_task_constructor_msgs__rosidl_typesupport_introspection_cppExport-release.cmake
[0.963s] -- Up-to-date: /home/locobot/LoCoBotRos/interbotix_ws/install/moveit_task_constructor_msgs/share/moveit_task_constructor_msgs/cmake/moveit_task_constructor_msgs__rosidl_typesupport_cppExport.cmake
[0.963s] -- Up-to-date: /home/locobot/LoCoBotRos/interbotix_ws/install/moveit_task_constructor_msgs/share/moveit_task_constructor_msgs/cmake/moveit_task_constructor_msgs__rosidl_typesupport_cppExport-release.cmake
[0.963s] -- Up-to-date: /home/locobot/LoCoBotRos/interbotix_ws/install/moveit_task_constructor_msgs/share/moveit_task_constructor_msgs/cmake/export_moveit_task_constructor_msgs__rosidl_generator_pyExport.cmake
[0.963s] -- Up-to-date: /home/locobot/LoCoBotRos/interbotix_ws/install/moveit_task_constructor_msgs/share/moveit_task_constructor_msgs/cmake/export_moveit_task_constructor_msgs__rosidl_generator_pyExport-release.cmake
[0.963s] -- Up-to-date: /home/locobot/LoCoBotRos/interbotix_ws/install/moveit_task_constructor_msgs/share/moveit_task_constructor_msgs/cmake/rosidl_cmake-extras.cmake
[0.963s] -- Up-to-date: /home/locobot/LoCoBotRos/interbotix_ws/install/moveit_task_constructor_msgs/share/moveit_task_constructor_msgs/cmake/ament_cmake_export_dependencies-extras.cmake
[0.963s] -- Up-to-date: /home/locobot/LoCoBotRos/interbotix_ws/install/moveit_task_constructor_msgs/share/moveit_task_constructor_msgs/cmake/ament_cmake_export_include_directories-extras.cmake
[0.963s] -- Up-to-date: /home/locobot/LoCoBotRos/interbotix_ws/install/moveit_task_constructor_msgs/share/moveit_task_constructor_msgs/cmake/ament_cmake_export_libraries-extras.cmake
[0.963s] -- Up-to-date: /home/locobot/LoCoBotRos/interbotix_ws/install/moveit_task_constructor_msgs/share/moveit_task_constructor_msgs/cmake/ament_cmake_export_targets-extras.cmake
[0.964s] -- Up-to-date: /home/locobot/LoCoBotRos/interbotix_ws/install/moveit_task_constructor_msgs/share/moveit_task_constructor_msgs/cmake/rosidl_cmake_export_typesupport_targets-extras.cmake
[0.964s] -- Up-to-date: /home/locobot/LoCoBotRos/interbotix_ws/install/moveit_task_constructor_msgs/share/moveit_task_constructor_msgs/cmake/rosidl_cmake_export_typesupport_libraries-extras.cmake
[0.964s] -- Up-to-date: /home/locobot/LoCoBotRos/interbotix_ws/install/moveit_task_constructor_msgs/share/moveit_task_constructor_msgs/cmake/moveit_task_constructor_msgsConfig.cmake
[0.964s] -- Up-to-date: /home/locobot/LoCoBotRos/interbotix_ws/install/moveit_task_constructor_msgs/share/moveit_task_constructor_msgs/cmake/moveit_task_constructor_msgsConfig-version.cmake
[0.964s] -- Up-to-date: /home/locobot/LoCoBotRos/interbotix_ws/install/moveit_task_constructor_msgs/share/moveit_task_constructor_msgs/package.xml
[1.470s] Invoked command in '/home/locobot/LoCoBotRos/interbotix_ws/build/moveit_task_constructor_msgs' returned '0': CMAKE_PREFIX_PATH=${CMAKE_PREFIX_PATH}:/home/locobot/LoCoBotRos/interbotix_ws/install/moveit_configs_utils:/home/locobot/LoCoBotRos/interbotix_ws/install/launch_param_builder:/home/locobot/LoCoBotRos/interbotix_ws/install/interbotix_xs_modules:/home/locobot/LoCoBotRos/interbotix_ws/install/interbotix_common_modules:/opt/ros/humble /usr/bin/cmake --install /home/locobot/LoCoBotRos/interbotix_ws/build/moveit_task_constructor_msgs
