[0.161s] Invoking command in '/home/locobot/LoCoBotRos/interbotix_ws/build/interbotix_xs_msgs': CMAKE_PREFIX_PATH=${CMAKE_PREFIX_PATH}:/home/locobot/LoCoBotRos/interbotix_ws/install/interbotix_xs_modules:/home/locobot/LoCoBotRos/interbotix_ws/install/interbotix_common_modules:/home/locobot/interbotix_ws/install/kobuki_description:/home/locobot/interbotix_ws/install/interbotix_xs_modules:/home/locobot/interbotix_ws/install/interbotix_common_sim:/home/locobot/interbotix_ws/install/interbotix_common_modules:/home/locobot/interbotix_ws/install/ecl_utilities:/home/locobot/interbotix_ws/install/ecl_math:/home/locobot/interbotix_ws/install/ecl_formatters:/home/locobot/interbotix_ws/install/ecl_converters:/home/locobot/interbotix_ws/install/ecl_concepts:/home/locobot/interbotix_ws/install/ecl_type_traits:/home/locobot/interbotix_ws/install/ecl_time_lite:/home/locobot/interbotix_ws/install/ecl_mpl:/home/locobot/interbotix_ws/install/ecl_exceptions:/home/locobot/interbotix_ws/install/ecl_errors:/home/locobot/interbotix_ws/install/ecl_eigen:/home/locobot/interbotix_ws/install/ecl_config:/home/locobot/interbotix_ws/install/ecl_command_line:/home/locobot/interbotix_ws/install/dynamixel_workbench_toolbox:/opt/ros/humble /usr/bin/cmake --build /home/locobot/LoCoBotRos/interbotix_ws/build/interbotix_xs_msgs -- -j16 -l16
[0.562s] [35m[1mConsolidate compiler generated dependencies of target interbotix_xs_msgs__rosidl_generator_c[0m
[0.562s] [  0%] Built target interbotix_xs_msgs__cpp
[0.562s] [ 12%] Built target interbotix_xs_msgs__rosidl_generator_c
[0.562s] [35m[1mConsolidate compiler generated dependencies of target interbotix_xs_msgs__rosidl_typesupport_cpp[0m
[0.562s] [35m[1mConsolidate compiler generated dependencies of target interbotix_xs_msgs__rosidl_typesupport_fastrtps_cpp[0m
[0.562s] [35m[1mConsolidate compiler generated dependencies of target interbotix_xs_msgs__rosidl_typesupport_introspection_cpp[0m
[0.563s] [ 12%] Built target ament_cmake_python_copy_interbotix_xs_msgs
[0.563s] [35m[1mConsolidate compiler generated dependencies of target interbotix_xs_msgs__rosidl_typesupport_c[0m
[0.563s] [35m[1mConsolidate compiler generated dependencies of target interbotix_xs_msgs__rosidl_typesupport_introspection_c[0m
[0.563s] [ 24%] Built target interbotix_xs_msgs__rosidl_typesupport_cpp
[0.563s] [35m[1mConsolidate compiler generated dependencies of target interbotix_xs_msgs__rosidl_typesupport_fastrtps_c[0m
[0.563s] [ 36%] Built target interbotix_xs_msgs__rosidl_typesupport_fastrtps_cpp
[0.563s] [ 48%] Built target interbotix_xs_msgs__rosidl_typesupport_introspection_cpp
[0.563s] [ 60%] Built target interbotix_xs_msgs__rosidl_typesupport_c
[0.563s] [ 72%] Built target interbotix_xs_msgs__rosidl_typesupport_introspection_c
[0.563s] [ 84%] Built target interbotix_xs_msgs__rosidl_typesupport_fastrtps_c
[0.564s] [ 84%] Built target interbotix_xs_msgs
[0.564s] [ 85%] Built target interbotix_xs_msgs__py
[0.564s] [35m[1mConsolidate compiler generated dependencies of target interbotix_xs_msgs__rosidl_generator_py[0m
[0.571s] [ 96%] Built target interbotix_xs_msgs__rosidl_generator_py
[0.601s] [35m[1mConsolidate compiler generated dependencies of target interbotix_xs_msgs__rosidl_typesupport_c__pyext[0m
[0.602s] [35m[1mConsolidate compiler generated dependencies of target interbotix_xs_msgs__rosidl_typesupport_introspection_c__pyext[0m
[0.608s] [35m[1mConsolidate compiler generated dependencies of target interbotix_xs_msgs__rosidl_typesupport_fastrtps_c__pyext[0m
[0.628s] [ 97%] Built target interbotix_xs_msgs__rosidl_typesupport_c__pyext
[0.637s] [ 98%] Built target interbotix_xs_msgs__rosidl_typesupport_fastrtps_c__pyext
[0.642s] [100%] Built target interbotix_xs_msgs__rosidl_typesupport_introspection_c__pyext
[0.714s] running egg_info
[0.715s] writing interbotix_xs_msgs.egg-info/PKG-INFO
[0.716s] writing dependency_links to interbotix_xs_msgs.egg-info/dependency_links.txt
[0.717s] writing top-level names to interbotix_xs_msgs.egg-info/top_level.txt
[0.722s] reading manifest file 'interbotix_xs_msgs.egg-info/SOURCES.txt'
[0.728s] writing manifest file 'interbotix_xs_msgs.egg-info/SOURCES.txt'
[0.767s] [100%] Built target ament_cmake_python_build_interbotix_xs_msgs_egg
[0.981s] Invoked command in '/home/locobot/LoCoBotRos/interbotix_ws/build/interbotix_xs_msgs' returned '0': CMAKE_PREFIX_PATH=${CMAKE_PREFIX_PATH}:/home/locobot/LoCoBotRos/interbotix_ws/install/interbotix_xs_modules:/home/locobot/LoCoBotRos/interbotix_ws/install/interbotix_common_modules:/home/locobot/interbotix_ws/install/kobuki_description:/home/locobot/interbotix_ws/install/interbotix_xs_modules:/home/locobot/interbotix_ws/install/interbotix_common_sim:/home/locobot/interbotix_ws/install/interbotix_common_modules:/home/locobot/interbotix_ws/install/ecl_utilities:/home/locobot/interbotix_ws/install/ecl_math:/home/locobot/interbotix_ws/install/ecl_formatters:/home/locobot/interbotix_ws/install/ecl_converters:/home/locobot/interbotix_ws/install/ecl_concepts:/home/locobot/interbotix_ws/install/ecl_type_traits:/home/locobot/interbotix_ws/install/ecl_time_lite:/home/locobot/interbotix_ws/install/ecl_mpl:/home/locobot/interbotix_ws/install/ecl_exceptions:/home/locobot/interbotix_ws/install/ecl_errors:/home/locobot/interbotix_ws/install/ecl_eigen:/home/locobot/interbotix_ws/install/ecl_config:/home/locobot/interbotix_ws/install/ecl_command_line:/home/locobot/interbotix_ws/install/dynamixel_workbench_toolbox:/opt/ros/humble /usr/bin/cmake --build /home/locobot/LoCoBotRos/interbotix_ws/build/interbotix_xs_msgs -- -j16 -l16
[0.982s] Invoking command in '/home/locobot/LoCoBotRos/interbotix_ws/build/interbotix_xs_msgs': CMAKE_PREFIX_PATH=${CMAKE_PREFIX_PATH}:/home/locobot/LoCoBotRos/interbotix_ws/install/interbotix_xs_modules:/home/locobot/LoCoBotRos/interbotix_ws/install/interbotix_common_modules:/home/locobot/interbotix_ws/install/kobuki_description:/home/locobot/interbotix_ws/install/interbotix_xs_modules:/home/locobot/interbotix_ws/install/interbotix_common_sim:/home/locobot/interbotix_ws/install/interbotix_common_modules:/home/locobot/interbotix_ws/install/ecl_utilities:/home/locobot/interbotix_ws/install/ecl_math:/home/locobot/interbotix_ws/install/ecl_formatters:/home/locobot/interbotix_ws/install/ecl_converters:/home/locobot/interbotix_ws/install/ecl_concepts:/home/locobot/interbotix_ws/install/ecl_type_traits:/home/locobot/interbotix_ws/install/ecl_time_lite:/home/locobot/interbotix_ws/install/ecl_mpl:/home/locobot/interbotix_ws/install/ecl_exceptions:/home/locobot/interbotix_ws/install/ecl_errors:/home/locobot/interbotix_ws/install/ecl_eigen:/home/locobot/interbotix_ws/install/ecl_config:/home/locobot/interbotix_ws/install/ecl_command_line:/home/locobot/interbotix_ws/install/dynamixel_workbench_toolbox:/opt/ros/humble /usr/bin/cmake --install /home/locobot/LoCoBotRos/interbotix_ws/build/interbotix_xs_msgs
[1.035s] -- Install configuration: ""
[1.035s] -- Up-to-date: /home/locobot/LoCoBotRos/interbotix_ws/install/interbotix_xs_msgs/share/ament_index/resource_index/rosidl_interfaces/interbotix_xs_msgs
[1.035s] -- Up-to-date: /home/locobot/LoCoBotRos/interbotix_ws/install/interbotix_xs_msgs/include/interbotix_xs_msgs/interbotix_xs_msgs
[1.035s] -- Up-to-date: /home/locobot/LoCoBotRos/interbotix_ws/install/interbotix_xs_msgs/include/interbotix_xs_msgs/interbotix_xs_msgs/msg
[1.036s] -- Up-to-date: /home/locobot/LoCoBotRos/interbotix_ws/install/interbotix_xs_msgs/include/interbotix_xs_msgs/interbotix_xs_msgs/msg/detail
[1.036s] -- Up-to-date: /home/locobot/LoCoBotRos/interbotix_ws/install/interbotix_xs_msgs/include/interbotix_xs_msgs/interbotix_xs_msgs/msg/detail/joint_single_command__type_support.h
[1.036s] -- Up-to-date: /home/locobot/LoCoBotRos/interbotix_ws/install/interbotix_xs_msgs/include/interbotix_xs_msgs/interbotix_xs_msgs/msg/detail/locobot_joy__functions.h
[1.036s] -- Up-to-date: /home/locobot/LoCoBotRos/interbotix_ws/install/interbotix_xs_msgs/include/interbotix_xs_msgs/interbotix_xs_msgs/msg/detail/joint_single_command__functions.h
[1.036s] -- Up-to-date: /home/locobot/LoCoBotRos/interbotix_ws/install/interbotix_xs_msgs/include/interbotix_xs_msgs/interbotix_xs_msgs/msg/detail/arm_joy__functions.c
[1.036s] -- Up-to-date: /home/locobot/LoCoBotRos/interbotix_ws/install/interbotix_xs_msgs/include/interbotix_xs_msgs/interbotix_xs_msgs/msg/detail/arm_joy__struct.h
[1.036s] -- Up-to-date: /home/locobot/LoCoBotRos/interbotix_ws/install/interbotix_xs_msgs/include/interbotix_xs_msgs/interbotix_xs_msgs/msg/detail/joint_temps__functions.c
[1.036s] -- Up-to-date: /home/locobot/LoCoBotRos/interbotix_ws/install/interbotix_xs_msgs/include/interbotix_xs_msgs/interbotix_xs_msgs/msg/detail/locobot_joy__struct.h
[1.036s] -- Up-to-date: /home/locobot/LoCoBotRos/interbotix_ws/install/interbotix_xs_msgs/include/interbotix_xs_msgs/interbotix_xs_msgs/msg/detail/hex_joy__type_support.h
[1.036s] -- Up-to-date: /home/locobot/LoCoBotRos/interbotix_ws/install/interbotix_xs_msgs/include/interbotix_xs_msgs/interbotix_xs_msgs/msg/detail/joint_group_command__struct.h
[1.036s] -- Up-to-date: /home/locobot/LoCoBotRos/interbotix_ws/install/interbotix_xs_msgs/include/interbotix_xs_msgs/interbotix_xs_msgs/msg/detail/joint_single_command__functions.c
[1.037s] -- Up-to-date: /home/locobot/LoCoBotRos/interbotix_ws/install/interbotix_xs_msgs/include/interbotix_xs_msgs/interbotix_xs_msgs/msg/detail/joint_temps__struct.h
[1.037s] -- Up-to-date: /home/locobot/LoCoBotRos/interbotix_ws/install/interbotix_xs_msgs/include/interbotix_xs_msgs/interbotix_xs_msgs/msg/detail/joint_group_command__functions.c
[1.037s] -- Up-to-date: /home/locobot/LoCoBotRos/interbotix_ws/install/interbotix_xs_msgs/include/interbotix_xs_msgs/interbotix_xs_msgs/msg/detail/joint_trajectory_command__struct.h
[1.037s] -- Up-to-date: /home/locobot/LoCoBotRos/interbotix_ws/install/interbotix_xs_msgs/include/interbotix_xs_msgs/interbotix_xs_msgs/msg/detail/joint_temps__functions.h
[1.037s] -- Up-to-date: /home/locobot/LoCoBotRos/interbotix_ws/install/interbotix_xs_msgs/include/interbotix_xs_msgs/interbotix_xs_msgs/msg/detail/joint_trajectory_command__type_support.h
[1.037s] -- Up-to-date: /home/locobot/LoCoBotRos/interbotix_ws/install/interbotix_xs_msgs/include/interbotix_xs_msgs/interbotix_xs_msgs/msg/detail/locobot_joy__type_support.h
[1.037s] -- Up-to-date: /home/locobot/LoCoBotRos/interbotix_ws/install/interbotix_xs_msgs/include/interbotix_xs_msgs/interbotix_xs_msgs/msg/detail/arm_joy__type_support.h
[1.037s] -- Up-to-date: /home/locobot/LoCoBotRos/interbotix_ws/install/interbotix_xs_msgs/include/interbotix_xs_msgs/interbotix_xs_msgs/msg/detail/turret_joy__struct.h
[1.038s] -- Up-to-date: /home/locobot/LoCoBotRos/interbotix_ws/install/interbotix_xs_msgs/include/interbotix_xs_msgs/interbotix_xs_msgs/msg/detail/locobot_joy__functions.c
[1.038s] -- Up-to-date: /home/locobot/LoCoBotRos/interbotix_ws/install/interbotix_xs_msgs/include/interbotix_xs_msgs/interbotix_xs_msgs/msg/detail/hex_joy__functions.c
[1.038s] -- Up-to-date: /home/locobot/LoCoBotRos/interbotix_ws/install/interbotix_xs_msgs/include/interbotix_xs_msgs/interbotix_xs_msgs/msg/detail/joint_temps__type_support.h
[1.038s] -- Up-to-date: /home/locobot/LoCoBotRos/interbotix_ws/install/interbotix_xs_msgs/include/interbotix_xs_msgs/interbotix_xs_msgs/msg/detail/joint_group_command__functions.h
[1.038s] -- Up-to-date: /home/locobot/LoCoBotRos/interbotix_ws/install/interbotix_xs_msgs/include/interbotix_xs_msgs/interbotix_xs_msgs/msg/detail/joint_trajectory_command__functions.h
[1.038s] -- Up-to-date: /home/locobot/LoCoBotRos/interbotix_ws/install/interbotix_xs_msgs/include/interbotix_xs_msgs/interbotix_xs_msgs/msg/detail/turret_joy__type_support.h
[1.038s] -- Up-to-date: /home/locobot/LoCoBotRos/interbotix_ws/install/interbotix_xs_msgs/include/interbotix_xs_msgs/interbotix_xs_msgs/msg/detail/turret_joy__functions.h
[1.039s] -- Up-to-date: /home/locobot/LoCoBotRos/interbotix_ws/install/interbotix_xs_msgs/include/interbotix_xs_msgs/interbotix_xs_msgs/msg/detail/turret_joy__functions.c
[1.039s] -- Up-to-date: /home/locobot/LoCoBotRos/interbotix_ws/install/interbotix_xs_msgs/include/interbotix_xs_msgs/interbotix_xs_msgs/msg/detail/joint_single_command__struct.h
[1.039s] -- Up-to-date: /home/locobot/LoCoBotRos/interbotix_ws/install/interbotix_xs_msgs/include/interbotix_xs_msgs/interbotix_xs_msgs/msg/detail/hex_joy__functions.h
[1.039s] -- Up-to-date: /home/locobot/LoCoBotRos/interbotix_ws/install/interbotix_xs_msgs/include/interbotix_xs_msgs/interbotix_xs_msgs/msg/detail/hex_joy__struct.h
[1.039s] -- Up-to-date: /home/locobot/LoCoBotRos/interbotix_ws/install/interbotix_xs_msgs/include/interbotix_xs_msgs/interbotix_xs_msgs/msg/detail/joint_trajectory_command__functions.c
[1.039s] -- Up-to-date: /home/locobot/LoCoBotRos/interbotix_ws/install/interbotix_xs_msgs/include/interbotix_xs_msgs/interbotix_xs_msgs/msg/detail/joint_group_command__type_support.h
[1.039s] -- Up-to-date: /home/locobot/LoCoBotRos/interbotix_ws/install/interbotix_xs_msgs/include/interbotix_xs_msgs/interbotix_xs_msgs/msg/detail/arm_joy__functions.h
[1.039s] -- Up-to-date: /home/locobot/LoCoBotRos/interbotix_ws/install/interbotix_xs_msgs/include/interbotix_xs_msgs/interbotix_xs_msgs/msg/turret_joy.h
[1.039s] -- Up-to-date: /home/locobot/LoCoBotRos/interbotix_ws/install/interbotix_xs_msgs/include/interbotix_xs_msgs/interbotix_xs_msgs/msg/joint_trajectory_command.h
[1.039s] -- Up-to-date: /home/locobot/LoCoBotRos/interbotix_ws/install/interbotix_xs_msgs/include/interbotix_xs_msgs/interbotix_xs_msgs/msg/joint_group_command.h
[1.039s] -- Up-to-date: /home/locobot/LoCoBotRos/interbotix_ws/install/interbotix_xs_msgs/include/interbotix_xs_msgs/interbotix_xs_msgs/msg/arm_joy.h
[1.039s] -- Up-to-date: /home/locobot/LoCoBotRos/interbotix_ws/install/interbotix_xs_msgs/include/interbotix_xs_msgs/interbotix_xs_msgs/msg/rosidl_generator_c__visibility_control.h
[1.039s] -- Up-to-date: /home/locobot/LoCoBotRos/interbotix_ws/install/interbotix_xs_msgs/include/interbotix_xs_msgs/interbotix_xs_msgs/msg/joint_temps.h
[1.040s] -- Up-to-date: /home/locobot/LoCoBotRos/interbotix_ws/install/interbotix_xs_msgs/include/interbotix_xs_msgs/interbotix_xs_msgs/msg/hex_joy.h
[1.040s] -- Up-to-date: /home/locobot/LoCoBotRos/interbotix_ws/install/interbotix_xs_msgs/include/interbotix_xs_msgs/interbotix_xs_msgs/msg/joint_single_command.h
[1.040s] -- Up-to-date: /home/locobot/LoCoBotRos/interbotix_ws/install/interbotix_xs_msgs/include/interbotix_xs_msgs/interbotix_xs_msgs/msg/locobot_joy.h
[1.040s] -- Up-to-date: /home/locobot/LoCoBotRos/interbotix_ws/install/interbotix_xs_msgs/include/interbotix_xs_msgs/interbotix_xs_msgs/srv
[1.040s] -- Up-to-date: /home/locobot/LoCoBotRos/interbotix_ws/install/interbotix_xs_msgs/include/interbotix_xs_msgs/interbotix_xs_msgs/srv/detail
[1.045s] -- Up-to-date: /home/locobot/LoCoBotRos/interbotix_ws/install/interbotix_xs_msgs/include/interbotix_xs_msgs/interbotix_xs_msgs/srv/detail/torque_enable__type_support.h
[1.046s] -- Up-to-date: /home/locobot/LoCoBotRos/interbotix_ws/install/interbotix_xs_msgs/include/interbotix_xs_msgs/interbotix_xs_msgs/srv/detail/torque_enable__struct.h
[1.047s] -- Up-to-date: /home/locobot/LoCoBotRos/interbotix_ws/install/interbotix_xs_msgs/include/interbotix_xs_msgs/interbotix_xs_msgs/srv/detail/operating_modes__functions.c
[1.047s] -- Up-to-date: /home/locobot/LoCoBotRos/interbotix_ws/install/interbotix_xs_msgs/include/interbotix_xs_msgs/interbotix_xs_msgs/srv/detail/motor_gains__functions.h
[1.047s] -- Up-to-date: /home/locobot/LoCoBotRos/interbotix_ws/install/interbotix_xs_msgs/include/interbotix_xs_msgs/interbotix_xs_msgs/srv/detail/robot_info__struct.h
[1.047s] -- Up-to-date: /home/locobot/LoCoBotRos/interbotix_ws/install/interbotix_xs_msgs/include/interbotix_xs_msgs/interbotix_xs_msgs/srv/detail/operating_modes__type_support.h
[1.047s] -- Up-to-date: /home/locobot/LoCoBotRos/interbotix_ws/install/interbotix_xs_msgs/include/interbotix_xs_msgs/interbotix_xs_msgs/srv/detail/register_values__type_support.h
[1.047s] -- Up-to-date: /home/locobot/LoCoBotRos/interbotix_ws/install/interbotix_xs_msgs/include/interbotix_xs_msgs/interbotix_xs_msgs/srv/detail/reboot__functions.c
[1.047s] -- Up-to-date: /home/locobot/LoCoBotRos/interbotix_ws/install/interbotix_xs_msgs/include/interbotix_xs_msgs/interbotix_xs_msgs/srv/detail/motor_gains__type_support.h
[1.047s] -- Up-to-date: /home/locobot/LoCoBotRos/interbotix_ws/install/interbotix_xs_msgs/include/interbotix_xs_msgs/interbotix_xs_msgs/srv/detail/reboot__struct.h
[1.047s] -- Up-to-date: /home/locobot/LoCoBotRos/interbotix_ws/install/interbotix_xs_msgs/include/interbotix_xs_msgs/interbotix_xs_msgs/srv/detail/motor_gains__struct.h
[1.047s] -- Up-to-date: /home/locobot/LoCoBotRos/interbotix_ws/install/interbotix_xs_msgs/include/interbotix_xs_msgs/interbotix_xs_msgs/srv/detail/robot_info__functions.h
[1.047s] -- Up-to-date: /home/locobot/LoCoBotRos/interbotix_ws/install/interbotix_xs_msgs/include/interbotix_xs_msgs/interbotix_xs_msgs/srv/detail/robot_info__type_support.h
[1.048s] -- Up-to-date: /home/locobot/LoCoBotRos/interbotix_ws/install/interbotix_xs_msgs/include/interbotix_xs_msgs/interbotix_xs_msgs/srv/detail/operating_modes__struct.h
[1.048s] -- Up-to-date: /home/locobot/LoCoBotRos/interbotix_ws/install/interbotix_xs_msgs/include/interbotix_xs_msgs/interbotix_xs_msgs/srv/detail/robot_info__functions.c
[1.048s] -- Up-to-date: /home/locobot/LoCoBotRos/interbotix_ws/install/interbotix_xs_msgs/include/interbotix_xs_msgs/interbotix_xs_msgs/srv/detail/reboot__type_support.h
[1.048s] -- Up-to-date: /home/locobot/LoCoBotRos/interbotix_ws/install/interbotix_xs_msgs/include/interbotix_xs_msgs/interbotix_xs_msgs/srv/detail/register_values__struct.h
[1.048s] -- Up-to-date: /home/locobot/LoCoBotRos/interbotix_ws/install/interbotix_xs_msgs/include/interbotix_xs_msgs/interbotix_xs_msgs/srv/detail/motor_gains__functions.c
[1.048s] -- Up-to-date: /home/locobot/LoCoBotRos/interbotix_ws/install/interbotix_xs_msgs/include/interbotix_xs_msgs/interbotix_xs_msgs/srv/detail/torque_enable__functions.c
[1.048s] -- Up-to-date: /home/locobot/LoCoBotRos/interbotix_ws/install/interbotix_xs_msgs/include/interbotix_xs_msgs/interbotix_xs_msgs/srv/detail/register_values__functions.c
[1.048s] -- Up-to-date: /home/locobot/LoCoBotRos/interbotix_ws/install/interbotix_xs_msgs/include/interbotix_xs_msgs/interbotix_xs_msgs/srv/detail/operating_modes__functions.h
[1.048s] -- Up-to-date: /home/locobot/LoCoBotRos/interbotix_ws/install/interbotix_xs_msgs/include/interbotix_xs_msgs/interbotix_xs_msgs/srv/detail/register_values__functions.h
[1.048s] -- Up-to-date: /home/locobot/LoCoBotRos/interbotix_ws/install/interbotix_xs_msgs/include/interbotix_xs_msgs/interbotix_xs_msgs/srv/detail/reboot__functions.h
[1.048s] -- Up-to-date: /home/locobot/LoCoBotRos/interbotix_ws/install/interbotix_xs_msgs/include/interbotix_xs_msgs/interbotix_xs_msgs/srv/detail/torque_enable__functions.h
[1.048s] -- Up-to-date: /home/locobot/LoCoBotRos/interbotix_ws/install/interbotix_xs_msgs/include/interbotix_xs_msgs/interbotix_xs_msgs/srv/reboot.h
[1.049s] -- Up-to-date: /home/locobot/LoCoBotRos/interbotix_ws/install/interbotix_xs_msgs/include/interbotix_xs_msgs/interbotix_xs_msgs/srv/motor_gains.h
[1.049s] -- Up-to-date: /home/locobot/LoCoBotRos/interbotix_ws/install/interbotix_xs_msgs/include/interbotix_xs_msgs/interbotix_xs_msgs/srv/robot_info.h
[1.049s] -- Up-to-date: /home/locobot/LoCoBotRos/interbotix_ws/install/interbotix_xs_msgs/include/interbotix_xs_msgs/interbotix_xs_msgs/srv/operating_modes.h
[1.049s] -- Up-to-date: /home/locobot/LoCoBotRos/interbotix_ws/install/interbotix_xs_msgs/include/interbotix_xs_msgs/interbotix_xs_msgs/srv/register_values.h
[1.049s] -- Up-to-date: /home/locobot/LoCoBotRos/interbotix_ws/install/interbotix_xs_msgs/include/interbotix_xs_msgs/interbotix_xs_msgs/srv/torque_enable.h
[1.049s] -- Up-to-date: /home/locobot/LoCoBotRos/interbotix_ws/install/interbotix_xs_msgs/share/interbotix_xs_msgs/environment/library_path.sh
[1.049s] -- Up-to-date: /home/locobot/LoCoBotRos/interbotix_ws/install/interbotix_xs_msgs/share/interbotix_xs_msgs/environment/library_path.dsv
[1.057s] -- Up-to-date: /home/locobot/LoCoBotRos/interbotix_ws/install/interbotix_xs_msgs/lib/libinterbotix_xs_msgs__rosidl_generator_c.so
[1.057s] -- Up-to-date: /home/locobot/LoCoBotRos/interbotix_ws/install/interbotix_xs_msgs/include/interbotix_xs_msgs/interbotix_xs_msgs
[1.057s] -- Up-to-date: /home/locobot/LoCoBotRos/interbotix_ws/install/interbotix_xs_msgs/include/interbotix_xs_msgs/interbotix_xs_msgs/msg
[1.057s] -- Up-to-date: /home/locobot/LoCoBotRos/interbotix_ws/install/interbotix_xs_msgs/include/interbotix_xs_msgs/interbotix_xs_msgs/msg/detail
[1.058s] -- Up-to-date: /home/locobot/LoCoBotRos/interbotix_ws/install/interbotix_xs_msgs/include/interbotix_xs_msgs/interbotix_xs_msgs/msg/detail/joint_single_command__rosidl_typesupport_fastrtps_c.h
[1.058s] -- Up-to-date: /home/locobot/LoCoBotRos/interbotix_ws/install/interbotix_xs_msgs/include/interbotix_xs_msgs/interbotix_xs_msgs/msg/detail/joint_temps__rosidl_typesupport_fastrtps_c.h
[1.058s] -- Up-to-date: /home/locobot/LoCoBotRos/interbotix_ws/install/interbotix_xs_msgs/include/interbotix_xs_msgs/interbotix_xs_msgs/msg/detail/joint_trajectory_command__rosidl_typesupport_fastrtps_c.h
[1.058s] -- Up-to-date: /home/locobot/LoCoBotRos/interbotix_ws/install/interbotix_xs_msgs/include/interbotix_xs_msgs/interbotix_xs_msgs/msg/detail/arm_joy__rosidl_typesupport_fastrtps_c.h
[1.058s] -- Up-to-date: /home/locobot/LoCoBotRos/interbotix_ws/install/interbotix_xs_msgs/include/interbotix_xs_msgs/interbotix_xs_msgs/msg/detail/locobot_joy__rosidl_typesupport_fastrtps_c.h
[1.058s] -- Up-to-date: /home/locobot/LoCoBotRos/interbotix_ws/install/interbotix_xs_msgs/include/interbotix_xs_msgs/interbotix_xs_msgs/msg/detail/joint_group_command__rosidl_typesupport_fastrtps_c.h
[1.058s] -- Up-to-date: /home/locobot/LoCoBotRos/interbotix_ws/install/interbotix_xs_msgs/include/interbotix_xs_msgs/interbotix_xs_msgs/msg/detail/hex_joy__rosidl_typesupport_fastrtps_c.h
[1.058s] -- Up-to-date: /home/locobot/LoCoBotRos/interbotix_ws/install/interbotix_xs_msgs/include/interbotix_xs_msgs/interbotix_xs_msgs/msg/detail/turret_joy__rosidl_typesupport_fastrtps_c.h
[1.058s] -- Up-to-date: /home/locobot/LoCoBotRos/interbotix_ws/install/interbotix_xs_msgs/include/interbotix_xs_msgs/interbotix_xs_msgs/msg/rosidl_typesupport_fastrtps_c__visibility_control.h
[1.058s] -- Up-to-date: /home/locobot/LoCoBotRos/interbotix_ws/install/interbotix_xs_msgs/include/interbotix_xs_msgs/interbotix_xs_msgs/srv
[1.059s] -- Up-to-date: /home/locobot/LoCoBotRos/interbotix_ws/install/interbotix_xs_msgs/include/interbotix_xs_msgs/interbotix_xs_msgs/srv/detail
[1.059s] -- Up-to-date: /home/locobot/LoCoBotRos/interbotix_ws/install/interbotix_xs_msgs/include/interbotix_xs_msgs/interbotix_xs_msgs/srv/detail/torque_enable__rosidl_typesupport_fastrtps_c.h
[1.060s] -- Up-to-date: /home/locobot/LoCoBotRos/interbotix_ws/install/interbotix_xs_msgs/include/interbotix_xs_msgs/interbotix_xs_msgs/srv/detail/reboot__rosidl_typesupport_fastrtps_c.h
[1.060s] -- Up-to-date: /home/locobot/LoCoBotRos/interbotix_ws/install/interbotix_xs_msgs/include/interbotix_xs_msgs/interbotix_xs_msgs/srv/detail/motor_gains__rosidl_typesupport_fastrtps_c.h
[1.060s] -- Up-to-date: /home/locobot/LoCoBotRos/interbotix_ws/install/interbotix_xs_msgs/include/interbotix_xs_msgs/interbotix_xs_msgs/srv/detail/register_values__rosidl_typesupport_fastrtps_c.h
[1.060s] -- Up-to-date: /home/locobot/LoCoBotRos/interbotix_ws/install/interbotix_xs_msgs/include/interbotix_xs_msgs/interbotix_xs_msgs/srv/detail/operating_modes__rosidl_typesupport_fastrtps_c.h
[1.060s] -- Up-to-date: /home/locobot/LoCoBotRos/interbotix_ws/install/interbotix_xs_msgs/include/interbotix_xs_msgs/interbotix_xs_msgs/srv/detail/robot_info__rosidl_typesupport_fastrtps_c.h
[1.060s] -- Up-to-date: /home/locobot/LoCoBotRos/interbotix_ws/install/interbotix_xs_msgs/lib/libinterbotix_xs_msgs__rosidl_typesupport_fastrtps_c.so
[1.061s] -- Up-to-date: /home/locobot/LoCoBotRos/interbotix_ws/install/interbotix_xs_msgs/include/interbotix_xs_msgs/interbotix_xs_msgs
[1.061s] -- Up-to-date: /home/locobot/LoCoBotRos/interbotix_ws/install/interbotix_xs_msgs/include/interbotix_xs_msgs/interbotix_xs_msgs/msg
[1.061s] -- Up-to-date: /home/locobot/LoCoBotRos/interbotix_ws/install/interbotix_xs_msgs/include/interbotix_xs_msgs/interbotix_xs_msgs/msg/detail
[1.061s] -- Up-to-date: /home/locobot/LoCoBotRos/interbotix_ws/install/interbotix_xs_msgs/include/interbotix_xs_msgs/interbotix_xs_msgs/msg/detail/joint_single_command__rosidl_typesupport_introspection_c.h
[1.061s] -- Up-to-date: /home/locobot/LoCoBotRos/interbotix_ws/install/interbotix_xs_msgs/include/interbotix_xs_msgs/interbotix_xs_msgs/msg/detail/locobot_joy__type_support.c
[1.062s] -- Up-to-date: /home/locobot/LoCoBotRos/interbotix_ws/install/interbotix_xs_msgs/include/interbotix_xs_msgs/interbotix_xs_msgs/msg/detail/joint_single_command__type_support.c
[1.062s] -- Up-to-date: /home/locobot/LoCoBotRos/interbotix_ws/install/interbotix_xs_msgs/include/interbotix_xs_msgs/interbotix_xs_msgs/msg/detail/locobot_joy__rosidl_typesupport_introspection_c.h
[1.062s] -- Up-to-date: /home/locobot/LoCoBotRos/interbotix_ws/install/interbotix_xs_msgs/include/interbotix_xs_msgs/interbotix_xs_msgs/msg/detail/arm_joy__type_support.c
[1.062s] -- Up-to-date: /home/locobot/LoCoBotRos/interbotix_ws/install/interbotix_xs_msgs/include/interbotix_xs_msgs/interbotix_xs_msgs/msg/detail/hex_joy__rosidl_typesupport_introspection_c.h
[1.063s] -- Up-to-date: /home/locobot/LoCoBotRos/interbotix_ws/install/interbotix_xs_msgs/include/interbotix_xs_msgs/interbotix_xs_msgs/msg/detail/joint_temps__type_support.c
[1.064s] -- Up-to-date: /home/locobot/LoCoBotRos/interbotix_ws/install/interbotix_xs_msgs/include/interbotix_xs_msgs/interbotix_xs_msgs/msg/detail/joint_group_command__rosidl_typesupport_introspection_c.h
[1.064s] -- Up-to-date: /home/locobot/LoCoBotRos/interbotix_ws/install/interbotix_xs_msgs/include/interbotix_xs_msgs/interbotix_xs_msgs/msg/detail/arm_joy__rosidl_typesupport_introspection_c.h
[1.064s] -- Up-to-date: /home/locobot/LoCoBotRos/interbotix_ws/install/interbotix_xs_msgs/include/interbotix_xs_msgs/interbotix_xs_msgs/msg/detail/joint_group_command__type_support.c
[1.064s] -- Up-to-date: /home/locobot/LoCoBotRos/interbotix_ws/install/interbotix_xs_msgs/include/interbotix_xs_msgs/interbotix_xs_msgs/msg/detail/hex_joy__type_support.c
[1.064s] -- Up-to-date: /home/locobot/LoCoBotRos/interbotix_ws/install/interbotix_xs_msgs/include/interbotix_xs_msgs/interbotix_xs_msgs/msg/detail/turret_joy__type_support.c
[1.064s] -- Up-to-date: /home/locobot/LoCoBotRos/interbotix_ws/install/interbotix_xs_msgs/include/interbotix_xs_msgs/interbotix_xs_msgs/msg/detail/joint_trajectory_command__type_support.c
[1.064s] -- Up-to-date: /home/locobot/LoCoBotRos/interbotix_ws/install/interbotix_xs_msgs/include/interbotix_xs_msgs/interbotix_xs_msgs/msg/detail/turret_joy__rosidl_typesupport_introspection_c.h
[1.064s] -- Up-to-date: /home/locobot/LoCoBotRos/interbotix_ws/install/interbotix_xs_msgs/include/interbotix_xs_msgs/interbotix_xs_msgs/msg/detail/joint_trajectory_command__rosidl_typesupport_introspection_c.h
[1.065s] -- Up-to-date: /home/locobot/LoCoBotRos/interbotix_ws/install/interbotix_xs_msgs/include/interbotix_xs_msgs/interbotix_xs_msgs/msg/detail/joint_temps__rosidl_typesupport_introspection_c.h
[1.065s] -- Up-to-date: /home/locobot/LoCoBotRos/interbotix_ws/install/interbotix_xs_msgs/include/interbotix_xs_msgs/interbotix_xs_msgs/msg/rosidl_typesupport_introspection_c__visibility_control.h
[1.065s] -- Up-to-date: /home/locobot/LoCoBotRos/interbotix_ws/install/interbotix_xs_msgs/include/interbotix_xs_msgs/interbotix_xs_msgs/srv
[1.065s] -- Up-to-date: /home/locobot/LoCoBotRos/interbotix_ws/install/interbotix_xs_msgs/include/interbotix_xs_msgs/interbotix_xs_msgs/srv/detail
[1.065s] -- Up-to-date: /home/locobot/LoCoBotRos/interbotix_ws/install/interbotix_xs_msgs/include/interbotix_xs_msgs/interbotix_xs_msgs/srv/detail/motor_gains__rosidl_typesupport_introspection_c.h
[1.065s] -- Up-to-date: /home/locobot/LoCoBotRos/interbotix_ws/install/interbotix_xs_msgs/include/interbotix_xs_msgs/interbotix_xs_msgs/srv/detail/register_values__rosidl_typesupport_introspection_c.h
[1.065s] -- Up-to-date: /home/locobot/LoCoBotRos/interbotix_ws/install/interbotix_xs_msgs/include/interbotix_xs_msgs/interbotix_xs_msgs/srv/detail/reboot__type_support.c
[1.066s] -- Up-to-date: /home/locobot/LoCoBotRos/interbotix_ws/install/interbotix_xs_msgs/include/interbotix_xs_msgs/interbotix_xs_msgs/srv/detail/reboot__rosidl_typesupport_introspection_c.h
[1.067s] -- Up-to-date: /home/locobot/LoCoBotRos/interbotix_ws/install/interbotix_xs_msgs/include/interbotix_xs_msgs/interbotix_xs_msgs/srv/detail/operating_modes__type_support.c
[1.067s] -- Up-to-date: /home/locobot/LoCoBotRos/interbotix_ws/install/interbotix_xs_msgs/include/interbotix_xs_msgs/interbotix_xs_msgs/srv/detail/register_values__type_support.c
[1.067s] -- Up-to-date: /home/locobot/LoCoBotRos/interbotix_ws/install/interbotix_xs_msgs/include/interbotix_xs_msgs/interbotix_xs_msgs/srv/detail/torque_enable__rosidl_typesupport_introspection_c.h
[1.067s] -- Up-to-date: /home/locobot/LoCoBotRos/interbotix_ws/install/interbotix_xs_msgs/include/interbotix_xs_msgs/interbotix_xs_msgs/srv/detail/operating_modes__rosidl_typesupport_introspection_c.h
[1.067s] -- Up-to-date: /home/locobot/LoCoBotRos/interbotix_ws/install/interbotix_xs_msgs/include/interbotix_xs_msgs/interbotix_xs_msgs/srv/detail/robot_info__type_support.c
[1.067s] -- Up-to-date: /home/locobot/LoCoBotRos/interbotix_ws/install/interbotix_xs_msgs/include/interbotix_xs_msgs/interbotix_xs_msgs/srv/detail/motor_gains__type_support.c
[1.067s] -- Up-to-date: /home/locobot/LoCoBotRos/interbotix_ws/install/interbotix_xs_msgs/include/interbotix_xs_msgs/interbotix_xs_msgs/srv/detail/robot_info__rosidl_typesupport_introspection_c.h
[1.067s] -- Up-to-date: /home/locobot/LoCoBotRos/interbotix_ws/install/interbotix_xs_msgs/include/interbotix_xs_msgs/interbotix_xs_msgs/srv/detail/torque_enable__type_support.c
[1.072s] -- Up-to-date: /home/locobot/LoCoBotRos/interbotix_ws/install/interbotix_xs_msgs/lib/libinterbotix_xs_msgs__rosidl_typesupport_introspection_c.so
[1.075s] -- Up-to-date: /home/locobot/LoCoBotRos/interbotix_ws/install/interbotix_xs_msgs/lib/libinterbotix_xs_msgs__rosidl_typesupport_c.so
[1.077s] -- Up-to-date: /home/locobot/LoCoBotRos/interbotix_ws/install/interbotix_xs_msgs/include/interbotix_xs_msgs/interbotix_xs_msgs
[1.077s] -- Up-to-date: /home/locobot/LoCoBotRos/interbotix_ws/install/interbotix_xs_msgs/include/interbotix_xs_msgs/interbotix_xs_msgs/msg
[1.078s] -- Up-to-date: /home/locobot/LoCoBotRos/interbotix_ws/install/interbotix_xs_msgs/include/interbotix_xs_msgs/interbotix_xs_msgs/msg/detail
[1.078s] -- Up-to-date: /home/locobot/LoCoBotRos/interbotix_ws/install/interbotix_xs_msgs/include/interbotix_xs_msgs/interbotix_xs_msgs/msg/detail/hex_joy__type_support.hpp
[1.078s] -- Up-to-date: /home/locobot/LoCoBotRos/interbotix_ws/install/interbotix_xs_msgs/include/interbotix_xs_msgs/interbotix_xs_msgs/msg/detail/turret_joy__type_support.hpp
[1.078s] -- Up-to-date: /home/locobot/LoCoBotRos/interbotix_ws/install/interbotix_xs_msgs/include/interbotix_xs_msgs/interbotix_xs_msgs/msg/detail/joint_temps__type_support.hpp
[1.078s] -- Up-to-date: /home/locobot/LoCoBotRos/interbotix_ws/install/interbotix_xs_msgs/include/interbotix_xs_msgs/interbotix_xs_msgs/msg/detail/turret_joy__struct.hpp
[1.078s] -- Up-to-date: /home/locobot/LoCoBotRos/interbotix_ws/install/interbotix_xs_msgs/include/interbotix_xs_msgs/interbotix_xs_msgs/msg/detail/hex_joy__traits.hpp
[1.078s] -- Up-to-date: /home/locobot/LoCoBotRos/interbotix_ws/install/interbotix_xs_msgs/include/interbotix_xs_msgs/interbotix_xs_msgs/msg/detail/arm_joy__struct.hpp
[1.078s] -- Up-to-date: /home/locobot/LoCoBotRos/interbotix_ws/install/interbotix_xs_msgs/include/interbotix_xs_msgs/interbotix_xs_msgs/msg/detail/arm_joy__traits.hpp
[1.078s] -- Up-to-date: /home/locobot/LoCoBotRos/interbotix_ws/install/interbotix_xs_msgs/include/interbotix_xs_msgs/interbotix_xs_msgs/msg/detail/joint_trajectory_command__builder.hpp
[1.078s] -- Up-to-date: /home/locobot/LoCoBotRos/interbotix_ws/install/interbotix_xs_msgs/include/interbotix_xs_msgs/interbotix_xs_msgs/msg/detail/joint_trajectory_command__traits.hpp
[1.079s] -- Up-to-date: /home/locobot/LoCoBotRos/interbotix_ws/install/interbotix_xs_msgs/include/interbotix_xs_msgs/interbotix_xs_msgs/msg/detail/joint_group_command__builder.hpp
[1.079s] -- Up-to-date: /home/locobot/LoCoBotRos/interbotix_ws/install/interbotix_xs_msgs/include/interbotix_xs_msgs/interbotix_xs_msgs/msg/detail/joint_single_command__struct.hpp
[1.079s] -- Up-to-date: /home/locobot/LoCoBotRos/interbotix_ws/install/interbotix_xs_msgs/include/interbotix_xs_msgs/interbotix_xs_msgs/msg/detail/joint_temps__struct.hpp
[1.079s] -- Up-to-date: /home/locobot/LoCoBotRos/interbotix_ws/install/interbotix_xs_msgs/include/interbotix_xs_msgs/interbotix_xs_msgs/msg/detail/joint_trajectory_command__type_support.hpp
[1.080s] -- Up-to-date: /home/locobot/LoCoBotRos/interbotix_ws/install/interbotix_xs_msgs/include/interbotix_xs_msgs/interbotix_xs_msgs/msg/detail/arm_joy__type_support.hpp
[1.080s] -- Up-to-date: /home/locobot/LoCoBotRos/interbotix_ws/install/interbotix_xs_msgs/include/interbotix_xs_msgs/interbotix_xs_msgs/msg/detail/turret_joy__traits.hpp
[1.080s] -- Up-to-date: /home/locobot/LoCoBotRos/interbotix_ws/install/interbotix_xs_msgs/include/interbotix_xs_msgs/interbotix_xs_msgs/msg/detail/joint_trajectory_command__struct.hpp
[1.080s] -- Up-to-date: /home/locobot/LoCoBotRos/interbotix_ws/install/interbotix_xs_msgs/include/interbotix_xs_msgs/interbotix_xs_msgs/msg/detail/locobot_joy__builder.hpp
[1.080s] -- Up-to-date: /home/locobot/LoCoBotRos/interbotix_ws/install/interbotix_xs_msgs/include/interbotix_xs_msgs/interbotix_xs_msgs/msg/detail/turret_joy__builder.hpp
[1.081s] -- Up-to-date: /home/locobot/LoCoBotRos/interbotix_ws/install/interbotix_xs_msgs/include/interbotix_xs_msgs/interbotix_xs_msgs/msg/detail/arm_joy__builder.hpp
[1.081s] -- Up-to-date: /home/locobot/LoCoBotRos/interbotix_ws/install/interbotix_xs_msgs/include/interbotix_xs_msgs/interbotix_xs_msgs/msg/detail/joint_group_command__struct.hpp
[1.081s] -- Up-to-date: /home/locobot/LoCoBotRos/interbotix_ws/install/interbotix_xs_msgs/include/interbotix_xs_msgs/interbotix_xs_msgs/msg/detail/joint_temps__builder.hpp
[1.081s] -- Up-to-date: /home/locobot/LoCoBotRos/interbotix_ws/install/interbotix_xs_msgs/include/interbotix_xs_msgs/interbotix_xs_msgs/msg/detail/joint_group_command__type_support.hpp
[1.081s] -- Up-to-date: /home/locobot/LoCoBotRos/interbotix_ws/install/interbotix_xs_msgs/include/interbotix_xs_msgs/interbotix_xs_msgs/msg/detail/joint_group_command__traits.hpp
[1.081s] -- Up-to-date: /home/locobot/LoCoBotRos/interbotix_ws/install/interbotix_xs_msgs/include/interbotix_xs_msgs/interbotix_xs_msgs/msg/detail/hex_joy__builder.hpp
[1.082s] -- Up-to-date: /home/locobot/LoCoBotRos/interbotix_ws/install/interbotix_xs_msgs/include/interbotix_xs_msgs/interbotix_xs_msgs/msg/detail/joint_single_command__traits.hpp
[1.082s] -- Up-to-date: /home/locobot/LoCoBotRos/interbotix_ws/install/interbotix_xs_msgs/include/interbotix_xs_msgs/interbotix_xs_msgs/msg/detail/locobot_joy__traits.hpp
[1.082s] -- Up-to-date: /home/locobot/LoCoBotRos/interbotix_ws/install/interbotix_xs_msgs/include/interbotix_xs_msgs/interbotix_xs_msgs/msg/detail/joint_single_command__builder.hpp
[1.082s] -- Up-to-date: /home/locobot/LoCoBotRos/interbotix_ws/install/interbotix_xs_msgs/include/interbotix_xs_msgs/interbotix_xs_msgs/msg/detail/hex_joy__struct.hpp
[1.082s] -- Up-to-date: /home/locobot/LoCoBotRos/interbotix_ws/install/interbotix_xs_msgs/include/interbotix_xs_msgs/interbotix_xs_msgs/msg/detail/locobot_joy__struct.hpp
[1.082s] -- Up-to-date: /home/locobot/LoCoBotRos/interbotix_ws/install/interbotix_xs_msgs/include/interbotix_xs_msgs/interbotix_xs_msgs/msg/detail/joint_temps__traits.hpp
[1.082s] -- Up-to-date: /home/locobot/LoCoBotRos/interbotix_ws/install/interbotix_xs_msgs/include/interbotix_xs_msgs/interbotix_xs_msgs/msg/detail/joint_single_command__type_support.hpp
[1.082s] -- Up-to-date: /home/locobot/LoCoBotRos/interbotix_ws/install/interbotix_xs_msgs/include/interbotix_xs_msgs/interbotix_xs_msgs/msg/detail/locobot_joy__type_support.hpp
[1.082s] -- Up-to-date: /home/locobot/LoCoBotRos/interbotix_ws/install/interbotix_xs_msgs/include/interbotix_xs_msgs/interbotix_xs_msgs/msg/arm_joy.hpp
[1.083s] -- Up-to-date: /home/locobot/LoCoBotRos/interbotix_ws/install/interbotix_xs_msgs/include/interbotix_xs_msgs/interbotix_xs_msgs/msg/joint_group_command.hpp
[1.084s] -- Up-to-date: /home/locobot/LoCoBotRos/interbotix_ws/install/interbotix_xs_msgs/include/interbotix_xs_msgs/interbotix_xs_msgs/msg/joint_temps.hpp
[1.084s] -- Up-to-date: /home/locobot/LoCoBotRos/interbotix_ws/install/interbotix_xs_msgs/include/interbotix_xs_msgs/interbotix_xs_msgs/msg/turret_joy.hpp
[1.084s] -- Up-to-date: /home/locobot/LoCoBotRos/interbotix_ws/install/interbotix_xs_msgs/include/interbotix_xs_msgs/interbotix_xs_msgs/msg/hex_joy.hpp
[1.085s] -- Up-to-date: /home/locobot/LoCoBotRos/interbotix_ws/install/interbotix_xs_msgs/include/interbotix_xs_msgs/interbotix_xs_msgs/msg/locobot_joy.hpp
[1.085s] -- Up-to-date: /home/locobot/LoCoBotRos/interbotix_ws/install/interbotix_xs_msgs/include/interbotix_xs_msgs/interbotix_xs_msgs/msg/joint_trajectory_command.hpp
[1.085s] -- Up-to-date: /home/locobot/LoCoBotRos/interbotix_ws/install/interbotix_xs_msgs/include/interbotix_xs_msgs/interbotix_xs_msgs/msg/rosidl_generator_cpp__visibility_control.hpp
[1.086s] -- Up-to-date: /home/locobot/LoCoBotRos/interbotix_ws/install/interbotix_xs_msgs/include/interbotix_xs_msgs/interbotix_xs_msgs/msg/joint_single_command.hpp
[1.086s] -- Up-to-date: /home/locobot/LoCoBotRos/interbotix_ws/install/interbotix_xs_msgs/include/interbotix_xs_msgs/interbotix_xs_msgs/srv
[1.086s] -- Up-to-date: /home/locobot/LoCoBotRos/interbotix_ws/install/interbotix_xs_msgs/include/interbotix_xs_msgs/interbotix_xs_msgs/srv/detail
[1.086s] -- Up-to-date: /home/locobot/LoCoBotRos/interbotix_ws/install/interbotix_xs_msgs/include/interbotix_xs_msgs/interbotix_xs_msgs/srv/detail/register_values__struct.hpp
[1.086s] -- Up-to-date: /home/locobot/LoCoBotRos/interbotix_ws/install/interbotix_xs_msgs/include/interbotix_xs_msgs/interbotix_xs_msgs/srv/detail/robot_info__builder.hpp
[1.087s] -- Up-to-date: /home/locobot/LoCoBotRos/interbotix_ws/install/interbotix_xs_msgs/include/interbotix_xs_msgs/interbotix_xs_msgs/srv/detail/motor_gains__type_support.hpp
[1.087s] -- Up-to-date: /home/locobot/LoCoBotRos/interbotix_ws/install/interbotix_xs_msgs/include/interbotix_xs_msgs/interbotix_xs_msgs/srv/detail/robot_info__traits.hpp
[1.087s] -- Up-to-date: /home/locobot/LoCoBotRos/interbotix_ws/install/interbotix_xs_msgs/include/interbotix_xs_msgs/interbotix_xs_msgs/srv/detail/torque_enable__type_support.hpp
[1.087s] -- Up-to-date: /home/locobot/LoCoBotRos/interbotix_ws/install/interbotix_xs_msgs/include/interbotix_xs_msgs/interbotix_xs_msgs/srv/detail/robot_info__struct.hpp
[1.087s] -- Up-to-date: /home/locobot/LoCoBotRos/interbotix_ws/install/interbotix_xs_msgs/include/interbotix_xs_msgs/interbotix_xs_msgs/srv/detail/register_values__builder.hpp
[1.087s] -- Up-to-date: /home/locobot/LoCoBotRos/interbotix_ws/install/interbotix_xs_msgs/include/interbotix_xs_msgs/interbotix_xs_msgs/srv/detail/reboot__builder.hpp
[1.087s] -- Up-to-date: /home/locobot/LoCoBotRos/interbotix_ws/install/interbotix_xs_msgs/include/interbotix_xs_msgs/interbotix_xs_msgs/srv/detail/motor_gains__traits.hpp
[1.087s] -- Up-to-date: /home/locobot/LoCoBotRos/interbotix_ws/install/interbotix_xs_msgs/include/interbotix_xs_msgs/interbotix_xs_msgs/srv/detail/register_values__traits.hpp
[1.088s] -- Up-to-date: /home/locobot/LoCoBotRos/interbotix_ws/install/interbotix_xs_msgs/include/interbotix_xs_msgs/interbotix_xs_msgs/srv/detail/torque_enable__builder.hpp
[1.088s] -- Up-to-date: /home/locobot/LoCoBotRos/interbotix_ws/install/interbotix_xs_msgs/include/interbotix_xs_msgs/interbotix_xs_msgs/srv/detail/operating_modes__struct.hpp
[1.088s] -- Up-to-date: /home/locobot/LoCoBotRos/interbotix_ws/install/interbotix_xs_msgs/include/interbotix_xs_msgs/interbotix_xs_msgs/srv/detail/torque_enable__traits.hpp
[1.088s] -- Up-to-date: /home/locobot/LoCoBotRos/interbotix_ws/install/interbotix_xs_msgs/include/interbotix_xs_msgs/interbotix_xs_msgs/srv/detail/operating_modes__traits.hpp
[1.088s] -- Up-to-date: /home/locobot/LoCoBotRos/interbotix_ws/install/interbotix_xs_msgs/include/interbotix_xs_msgs/interbotix_xs_msgs/srv/detail/motor_gains__builder.hpp
[1.089s] -- Up-to-date: /home/locobot/LoCoBotRos/interbotix_ws/install/interbotix_xs_msgs/include/interbotix_xs_msgs/interbotix_xs_msgs/srv/detail/operating_modes__type_support.hpp
[1.089s] -- Up-to-date: /home/locobot/LoCoBotRos/interbotix_ws/install/interbotix_xs_msgs/include/interbotix_xs_msgs/interbotix_xs_msgs/srv/detail/operating_modes__builder.hpp
[1.089s] -- Up-to-date: /home/locobot/LoCoBotRos/interbotix_ws/install/interbotix_xs_msgs/include/interbotix_xs_msgs/interbotix_xs_msgs/srv/detail/motor_gains__struct.hpp
[1.089s] -- Up-to-date: /home/locobot/LoCoBotRos/interbotix_ws/install/interbotix_xs_msgs/include/interbotix_xs_msgs/interbotix_xs_msgs/srv/detail/torque_enable__struct.hpp
[1.089s] -- Up-to-date: /home/locobot/LoCoBotRos/interbotix_ws/install/interbotix_xs_msgs/include/interbotix_xs_msgs/interbotix_xs_msgs/srv/detail/robot_info__type_support.hpp
[1.089s] -- Up-to-date: /home/locobot/LoCoBotRos/interbotix_ws/install/interbotix_xs_msgs/include/interbotix_xs_msgs/interbotix_xs_msgs/srv/detail/reboot__struct.hpp
[1.089s] -- Up-to-date: /home/locobot/LoCoBotRos/interbotix_ws/install/interbotix_xs_msgs/include/interbotix_xs_msgs/interbotix_xs_msgs/srv/detail/reboot__traits.hpp
[1.089s] -- Up-to-date: /home/locobot/LoCoBotRos/interbotix_ws/install/interbotix_xs_msgs/include/interbotix_xs_msgs/interbotix_xs_msgs/srv/detail/reboot__type_support.hpp
[1.089s] -- Up-to-date: /home/locobot/LoCoBotRos/interbotix_ws/install/interbotix_xs_msgs/include/interbotix_xs_msgs/interbotix_xs_msgs/srv/detail/register_values__type_support.hpp
[1.090s] -- Up-to-date: /home/locobot/LoCoBotRos/interbotix_ws/install/interbotix_xs_msgs/include/interbotix_xs_msgs/interbotix_xs_msgs/srv/register_values.hpp
[1.090s] -- Up-to-date: /home/locobot/LoCoBotRos/interbotix_ws/install/interbotix_xs_msgs/include/interbotix_xs_msgs/interbotix_xs_msgs/srv/motor_gains.hpp
[1.090s] -- Up-to-date: /home/locobot/LoCoBotRos/interbotix_ws/install/interbotix_xs_msgs/include/interbotix_xs_msgs/interbotix_xs_msgs/srv/robot_info.hpp
[1.090s] -- Up-to-date: /home/locobot/LoCoBotRos/interbotix_ws/install/interbotix_xs_msgs/include/interbotix_xs_msgs/interbotix_xs_msgs/srv/operating_modes.hpp
[1.090s] -- Up-to-date: /home/locobot/LoCoBotRos/interbotix_ws/install/interbotix_xs_msgs/include/interbotix_xs_msgs/interbotix_xs_msgs/srv/torque_enable.hpp
[1.090s] -- Up-to-date: /home/locobot/LoCoBotRos/interbotix_ws/install/interbotix_xs_msgs/include/interbotix_xs_msgs/interbotix_xs_msgs/srv/reboot.hpp
[1.090s] -- Up-to-date: /home/locobot/LoCoBotRos/interbotix_ws/install/interbotix_xs_msgs/include/interbotix_xs_msgs/interbotix_xs_msgs
[1.090s] -- Up-to-date: /home/locobot/LoCoBotRos/interbotix_ws/install/interbotix_xs_msgs/include/interbotix_xs_msgs/interbotix_xs_msgs/msg
[1.090s] -- Up-to-date: /home/locobot/LoCoBotRos/interbotix_ws/install/interbotix_xs_msgs/include/interbotix_xs_msgs/interbotix_xs_msgs/msg/detail
[1.090s] -- Up-to-date: /home/locobot/LoCoBotRos/interbotix_ws/install/interbotix_xs_msgs/include/interbotix_xs_msgs/interbotix_xs_msgs/msg/detail/hex_joy__rosidl_typesupport_fastrtps_cpp.hpp
[1.090s] -- Up-to-date: /home/locobot/LoCoBotRos/interbotix_ws/install/interbotix_xs_msgs/include/interbotix_xs_msgs/interbotix_xs_msgs/msg/detail/arm_joy__rosidl_typesupport_fastrtps_cpp.hpp
[1.091s] -- Up-to-date: /home/locobot/LoCoBotRos/interbotix_ws/install/interbotix_xs_msgs/include/interbotix_xs_msgs/interbotix_xs_msgs/msg/detail/turret_joy__rosidl_typesupport_fastrtps_cpp.hpp
[1.091s] -- Up-to-date: /home/locobot/LoCoBotRos/interbotix_ws/install/interbotix_xs_msgs/include/interbotix_xs_msgs/interbotix_xs_msgs/msg/detail/dds_fastrtps
[1.091s] -- Up-to-date: /home/locobot/LoCoBotRos/interbotix_ws/install/interbotix_xs_msgs/include/interbotix_xs_msgs/interbotix_xs_msgs/msg/detail/locobot_joy__rosidl_typesupport_fastrtps_cpp.hpp
[1.091s] -- Up-to-date: /home/locobot/LoCoBotRos/interbotix_ws/install/interbotix_xs_msgs/include/interbotix_xs_msgs/interbotix_xs_msgs/msg/detail/joint_single_command__rosidl_typesupport_fastrtps_cpp.hpp
[1.091s] -- Up-to-date: /home/locobot/LoCoBotRos/interbotix_ws/install/interbotix_xs_msgs/include/interbotix_xs_msgs/interbotix_xs_msgs/msg/detail/joint_temps__rosidl_typesupport_fastrtps_cpp.hpp
[1.091s] -- Up-to-date: /home/locobot/LoCoBotRos/interbotix_ws/install/interbotix_xs_msgs/include/interbotix_xs_msgs/interbotix_xs_msgs/msg/detail/joint_trajectory_command__rosidl_typesupport_fastrtps_cpp.hpp
[1.091s] -- Up-to-date: /home/locobot/LoCoBotRos/interbotix_ws/install/interbotix_xs_msgs/include/interbotix_xs_msgs/interbotix_xs_msgs/msg/detail/joint_group_command__rosidl_typesupport_fastrtps_cpp.hpp
[1.091s] -- Up-to-date: /home/locobot/LoCoBotRos/interbotix_ws/install/interbotix_xs_msgs/include/interbotix_xs_msgs/interbotix_xs_msgs/msg/rosidl_typesupport_fastrtps_cpp__visibility_control.h
[1.091s] -- Up-to-date: /home/locobot/LoCoBotRos/interbotix_ws/install/interbotix_xs_msgs/include/interbotix_xs_msgs/interbotix_xs_msgs/srv
[1.091s] -- Up-to-date: /home/locobot/LoCoBotRos/interbotix_ws/install/interbotix_xs_msgs/include/interbotix_xs_msgs/interbotix_xs_msgs/srv/detail
[1.091s] -- Up-to-date: /home/locobot/LoCoBotRos/interbotix_ws/install/interbotix_xs_msgs/include/interbotix_xs_msgs/interbotix_xs_msgs/srv/detail/torque_enable__rosidl_typesupport_fastrtps_cpp.hpp
[1.091s] -- Up-to-date: /home/locobot/LoCoBotRos/interbotix_ws/install/interbotix_xs_msgs/include/interbotix_xs_msgs/interbotix_xs_msgs/srv/detail/reboot__rosidl_typesupport_fastrtps_cpp.hpp
[1.091s] -- Up-to-date: /home/locobot/LoCoBotRos/interbotix_ws/install/interbotix_xs_msgs/include/interbotix_xs_msgs/interbotix_xs_msgs/srv/detail/motor_gains__rosidl_typesupport_fastrtps_cpp.hpp
[1.091s] -- Up-to-date: /home/locobot/LoCoBotRos/interbotix_ws/install/interbotix_xs_msgs/include/interbotix_xs_msgs/interbotix_xs_msgs/srv/detail/dds_fastrtps
[1.091s] -- Up-to-date: /home/locobot/LoCoBotRos/interbotix_ws/install/interbotix_xs_msgs/include/interbotix_xs_msgs/interbotix_xs_msgs/srv/detail/register_values__rosidl_typesupport_fastrtps_cpp.hpp
[1.092s] -- Up-to-date: /home/locobot/LoCoBotRos/interbotix_ws/install/interbotix_xs_msgs/include/interbotix_xs_msgs/interbotix_xs_msgs/srv/detail/robot_info__rosidl_typesupport_fastrtps_cpp.hpp
[1.092s] -- Up-to-date: /home/locobot/LoCoBotRos/interbotix_ws/install/interbotix_xs_msgs/include/interbotix_xs_msgs/interbotix_xs_msgs/srv/detail/operating_modes__rosidl_typesupport_fastrtps_cpp.hpp
[1.092s] -- Up-to-date: /home/locobot/LoCoBotRos/interbotix_ws/install/interbotix_xs_msgs/lib/libinterbotix_xs_msgs__rosidl_typesupport_fastrtps_cpp.so
[1.092s] -- Up-to-date: /home/locobot/LoCoBotRos/interbotix_ws/install/interbotix_xs_msgs/include/interbotix_xs_msgs/interbotix_xs_msgs
[1.092s] -- Up-to-date: /home/locobot/LoCoBotRos/interbotix_ws/install/interbotix_xs_msgs/include/interbotix_xs_msgs/interbotix_xs_msgs/msg
[1.093s] -- Up-to-date: /home/locobot/LoCoBotRos/interbotix_ws/install/interbotix_xs_msgs/include/interbotix_xs_msgs/interbotix_xs_msgs/msg/detail
[1.093s] -- Up-to-date: /home/locobot/LoCoBotRos/interbotix_ws/install/interbotix_xs_msgs/include/interbotix_xs_msgs/interbotix_xs_msgs/msg/detail/joint_group_command__type_support.cpp
[1.093s] -- Up-to-date: /home/locobot/LoCoBotRos/interbotix_ws/install/interbotix_xs_msgs/include/interbotix_xs_msgs/interbotix_xs_msgs/msg/detail/hex_joy__rosidl_typesupport_introspection_cpp.hpp
[1.093s] -- Up-to-date: /home/locobot/LoCoBotRos/interbotix_ws/install/interbotix_xs_msgs/include/interbotix_xs_msgs/interbotix_xs_msgs/msg/detail/joint_single_command__rosidl_typesupport_introspection_cpp.hpp
[1.093s] -- Up-to-date: /home/locobot/LoCoBotRos/interbotix_ws/install/interbotix_xs_msgs/include/interbotix_xs_msgs/interbotix_xs_msgs/msg/detail/joint_group_command__rosidl_typesupport_introspection_cpp.hpp
[1.093s] -- Up-to-date: /home/locobot/LoCoBotRos/interbotix_ws/install/interbotix_xs_msgs/include/interbotix_xs_msgs/interbotix_xs_msgs/msg/detail/arm_joy__type_support.cpp
[1.093s] -- Up-to-date: /home/locobot/LoCoBotRos/interbotix_ws/install/interbotix_xs_msgs/include/interbotix_xs_msgs/interbotix_xs_msgs/msg/detail/hex_joy__type_support.cpp
[1.093s] -- Up-to-date: /home/locobot/LoCoBotRos/interbotix_ws/install/interbotix_xs_msgs/include/interbotix_xs_msgs/interbotix_xs_msgs/msg/detail/joint_single_command__type_support.cpp
[1.093s] -- Up-to-date: /home/locobot/LoCoBotRos/interbotix_ws/install/interbotix_xs_msgs/include/interbotix_xs_msgs/interbotix_xs_msgs/msg/detail/joint_temps__rosidl_typesupport_introspection_cpp.hpp
[1.093s] -- Up-to-date: /home/locobot/LoCoBotRos/interbotix_ws/install/interbotix_xs_msgs/include/interbotix_xs_msgs/interbotix_xs_msgs/msg/detail/turret_joy__type_support.cpp
[1.093s] -- Up-to-date: /home/locobot/LoCoBotRos/interbotix_ws/install/interbotix_xs_msgs/include/interbotix_xs_msgs/interbotix_xs_msgs/msg/detail/turret_joy__rosidl_typesupport_introspection_cpp.hpp
[1.093s] -- Up-to-date: /home/locobot/LoCoBotRos/interbotix_ws/install/interbotix_xs_msgs/include/interbotix_xs_msgs/interbotix_xs_msgs/msg/detail/joint_trajectory_command__rosidl_typesupport_introspection_cpp.hpp
[1.093s] -- Up-to-date: /home/locobot/LoCoBotRos/interbotix_ws/install/interbotix_xs_msgs/include/interbotix_xs_msgs/interbotix_xs_msgs/msg/detail/joint_temps__type_support.cpp
[1.093s] -- Up-to-date: /home/locobot/LoCoBotRos/interbotix_ws/install/interbotix_xs_msgs/include/interbotix_xs_msgs/interbotix_xs_msgs/msg/detail/arm_joy__rosidl_typesupport_introspection_cpp.hpp
[1.094s] -- Up-to-date: /home/locobot/LoCoBotRos/interbotix_ws/install/interbotix_xs_msgs/include/interbotix_xs_msgs/interbotix_xs_msgs/msg/detail/locobot_joy__type_support.cpp
[1.094s] -- Up-to-date: /home/locobot/LoCoBotRos/interbotix_ws/install/interbotix_xs_msgs/include/interbotix_xs_msgs/interbotix_xs_msgs/msg/detail/locobot_joy__rosidl_typesupport_introspection_cpp.hpp
[1.094s] -- Up-to-date: /home/locobot/LoCoBotRos/interbotix_ws/install/interbotix_xs_msgs/include/interbotix_xs_msgs/interbotix_xs_msgs/msg/detail/joint_trajectory_command__type_support.cpp
[1.094s] -- Up-to-date: /home/locobot/LoCoBotRos/interbotix_ws/install/interbotix_xs_msgs/include/interbotix_xs_msgs/interbotix_xs_msgs/srv
[1.094s] -- Up-to-date: /home/locobot/LoCoBotRos/interbotix_ws/install/interbotix_xs_msgs/include/interbotix_xs_msgs/interbotix_xs_msgs/srv/detail
[1.094s] -- Up-to-date: /home/locobot/LoCoBotRos/interbotix_ws/install/interbotix_xs_msgs/include/interbotix_xs_msgs/interbotix_xs_msgs/srv/detail/reboot__rosidl_typesupport_introspection_cpp.hpp
[1.094s] -- Up-to-date: /home/locobot/LoCoBotRos/interbotix_ws/install/interbotix_xs_msgs/include/interbotix_xs_msgs/interbotix_xs_msgs/srv/detail/motor_gains__rosidl_typesupport_introspection_cpp.hpp
[1.094s] -- Up-to-date: /home/locobot/LoCoBotRos/interbotix_ws/install/interbotix_xs_msgs/include/interbotix_xs_msgs/interbotix_xs_msgs/srv/detail/robot_info__type_support.cpp
[1.094s] -- Up-to-date: /home/locobot/LoCoBotRos/interbotix_ws/install/interbotix_xs_msgs/include/interbotix_xs_msgs/interbotix_xs_msgs/srv/detail/operating_modes__type_support.cpp
[1.094s] -- Up-to-date: /home/locobot/LoCoBotRos/interbotix_ws/install/interbotix_xs_msgs/include/interbotix_xs_msgs/interbotix_xs_msgs/srv/detail/robot_info__rosidl_typesupport_introspection_cpp.hpp
[1.094s] -- Up-to-date: /home/locobot/LoCoBotRos/interbotix_ws/install/interbotix_xs_msgs/include/interbotix_xs_msgs/interbotix_xs_msgs/srv/detail/motor_gains__type_support.cpp
[1.094s] -- Up-to-date: /home/locobot/LoCoBotRos/interbotix_ws/install/interbotix_xs_msgs/include/interbotix_xs_msgs/interbotix_xs_msgs/srv/detail/torque_enable__rosidl_typesupport_introspection_cpp.hpp
[1.094s] -- Up-to-date: /home/locobot/LoCoBotRos/interbotix_ws/install/interbotix_xs_msgs/include/interbotix_xs_msgs/interbotix_xs_msgs/srv/detail/torque_enable__type_support.cpp
[1.094s] -- Up-to-date: /home/locobot/LoCoBotRos/interbotix_ws/install/interbotix_xs_msgs/include/interbotix_xs_msgs/interbotix_xs_msgs/srv/detail/operating_modes__rosidl_typesupport_introspection_cpp.hpp
[1.094s] -- Up-to-date: /home/locobot/LoCoBotRos/interbotix_ws/install/interbotix_xs_msgs/include/interbotix_xs_msgs/interbotix_xs_msgs/srv/detail/register_values__type_support.cpp
[1.095s] -- Up-to-date: /home/locobot/LoCoBotRos/interbotix_ws/install/interbotix_xs_msgs/include/interbotix_xs_msgs/interbotix_xs_msgs/srv/detail/reboot__type_support.cpp
[1.095s] -- Up-to-date: /home/locobot/LoCoBotRos/interbotix_ws/install/interbotix_xs_msgs/include/interbotix_xs_msgs/interbotix_xs_msgs/srv/detail/register_values__rosidl_typesupport_introspection_cpp.hpp
[1.100s] -- Up-to-date: /home/locobot/LoCoBotRos/interbotix_ws/install/interbotix_xs_msgs/lib/libinterbotix_xs_msgs__rosidl_typesupport_introspection_cpp.so
[1.100s] -- Up-to-date: /home/locobot/LoCoBotRos/interbotix_ws/install/interbotix_xs_msgs/lib/libinterbotix_xs_msgs__rosidl_typesupport_cpp.so
[1.101s] -- Up-to-date: /home/locobot/LoCoBotRos/interbotix_ws/install/interbotix_xs_msgs/share/interbotix_xs_msgs/environment/pythonpath.sh
[1.101s] -- Up-to-date: /home/locobot/LoCoBotRos/interbotix_ws/install/interbotix_xs_msgs/share/interbotix_xs_msgs/environment/pythonpath.dsv
[1.101s] -- Up-to-date: /home/locobot/LoCoBotRos/interbotix_ws/install/interbotix_xs_msgs/local/lib/python3.10/dist-packages/interbotix_xs_msgs-0.0.0-py3.10.egg-info
[1.101s] -- Installing: /home/locobot/LoCoBotRos/interbotix_ws/install/interbotix_xs_msgs/local/lib/python3.10/dist-packages/interbotix_xs_msgs-0.0.0-py3.10.egg-info/dependency_links.txt
[1.101s] -- Installing: /home/locobot/LoCoBotRos/interbotix_ws/install/interbotix_xs_msgs/local/lib/python3.10/dist-packages/interbotix_xs_msgs-0.0.0-py3.10.egg-info/PKG-INFO
[1.102s] -- Installing: /home/locobot/LoCoBotRos/interbotix_ws/install/interbotix_xs_msgs/local/lib/python3.10/dist-packages/interbotix_xs_msgs-0.0.0-py3.10.egg-info/SOURCES.txt
[1.106s] -- Installing: /home/locobot/LoCoBotRos/interbotix_ws/install/interbotix_xs_msgs/local/lib/python3.10/dist-packages/interbotix_xs_msgs-0.0.0-py3.10.egg-info/top_level.txt
[1.106s] -- Up-to-date: /home/locobot/LoCoBotRos/interbotix_ws/install/interbotix_xs_msgs/local/lib/python3.10/dist-packages/interbotix_xs_msgs
[1.106s] -- Up-to-date: /home/locobot/LoCoBotRos/interbotix_ws/install/interbotix_xs_msgs/local/lib/python3.10/dist-packages/interbotix_xs_msgs/msg
[1.106s] -- Up-to-date: /home/locobot/LoCoBotRos/interbotix_ws/install/interbotix_xs_msgs/local/lib/python3.10/dist-packages/interbotix_xs_msgs/msg/_arm_joy_s.c
[1.107s] -- Up-to-date: /home/locobot/LoCoBotRos/interbotix_ws/install/interbotix_xs_msgs/local/lib/python3.10/dist-packages/interbotix_xs_msgs/msg/_joint_temps.py
[1.107s] -- Up-to-date: /home/locobot/LoCoBotRos/interbotix_ws/install/interbotix_xs_msgs/local/lib/python3.10/dist-packages/interbotix_xs_msgs/msg/_joint_group_command_s.c
[1.107s] -- Up-to-date: /home/locobot/LoCoBotRos/interbotix_ws/install/interbotix_xs_msgs/local/lib/python3.10/dist-packages/interbotix_xs_msgs/msg/_turret_joy_s.c
[1.107s] -- Up-to-date: /home/locobot/LoCoBotRos/interbotix_ws/install/interbotix_xs_msgs/local/lib/python3.10/dist-packages/interbotix_xs_msgs/msg/_joint_trajectory_command_s.c
[1.107s] -- Up-to-date: /home/locobot/LoCoBotRos/interbotix_ws/install/interbotix_xs_msgs/local/lib/python3.10/dist-packages/interbotix_xs_msgs/msg/_hex_joy.py
[1.108s] -- Up-to-date: /home/locobot/LoCoBotRos/interbotix_ws/install/interbotix_xs_msgs/local/lib/python3.10/dist-packages/interbotix_xs_msgs/msg/_turret_joy.py
[1.108s] -- Up-to-date: /home/locobot/LoCoBotRos/interbotix_ws/install/interbotix_xs_msgs/local/lib/python3.10/dist-packages/interbotix_xs_msgs/msg/_joint_trajectory_command.py
[1.108s] -- Up-to-date: /home/locobot/LoCoBotRos/interbotix_ws/install/interbotix_xs_msgs/local/lib/python3.10/dist-packages/interbotix_xs_msgs/msg/_arm_joy.py
[1.108s] -- Up-to-date: /home/locobot/LoCoBotRos/interbotix_ws/install/interbotix_xs_msgs/local/lib/python3.10/dist-packages/interbotix_xs_msgs/msg/__init__.py
[1.108s] -- Up-to-date: /home/locobot/LoCoBotRos/interbotix_ws/install/interbotix_xs_msgs/local/lib/python3.10/dist-packages/interbotix_xs_msgs/msg/_locobot_joy.py
[1.108s] -- Up-to-date: /home/locobot/LoCoBotRos/interbotix_ws/install/interbotix_xs_msgs/local/lib/python3.10/dist-packages/interbotix_xs_msgs/msg/_joint_temps_s.c
[1.109s] -- Up-to-date: /home/locobot/LoCoBotRos/interbotix_ws/install/interbotix_xs_msgs/local/lib/python3.10/dist-packages/interbotix_xs_msgs/msg/_joint_single_command_s.c
[1.109s] -- Up-to-date: /home/locobot/LoCoBotRos/interbotix_ws/install/interbotix_xs_msgs/local/lib/python3.10/dist-packages/interbotix_xs_msgs/msg/_joint_group_command.py
[1.109s] -- Up-to-date: /home/locobot/LoCoBotRos/interbotix_ws/install/interbotix_xs_msgs/local/lib/python3.10/dist-packages/interbotix_xs_msgs/msg/_hex_joy_s.c
[1.109s] -- Up-to-date: /home/locobot/LoCoBotRos/interbotix_ws/install/interbotix_xs_msgs/local/lib/python3.10/dist-packages/interbotix_xs_msgs/msg/_locobot_joy_s.c
[1.109s] -- Up-to-date: /home/locobot/LoCoBotRos/interbotix_ws/install/interbotix_xs_msgs/local/lib/python3.10/dist-packages/interbotix_xs_msgs/msg/_joint_single_command.py
[1.109s] -- Up-to-date: /home/locobot/LoCoBotRos/interbotix_ws/install/interbotix_xs_msgs/local/lib/python3.10/dist-packages/interbotix_xs_msgs/libinterbotix_xs_msgs__rosidl_generator_py.so
[1.109s] -- Up-to-date: /home/locobot/LoCoBotRos/interbotix_ws/install/interbotix_xs_msgs/local/lib/python3.10/dist-packages/interbotix_xs_msgs/interbotix_xs_msgs_s__rosidl_typesupport_introspection_c.cpython-310-x86_64-linux-gnu.so
[1.110s] -- Up-to-date: /home/locobot/LoCoBotRos/interbotix_ws/install/interbotix_xs_msgs/local/lib/python3.10/dist-packages/interbotix_xs_msgs/__init__.py
[1.110s] -- Up-to-date: /home/locobot/LoCoBotRos/interbotix_ws/install/interbotix_xs_msgs/local/lib/python3.10/dist-packages/interbotix_xs_msgs/_interbotix_xs_msgs_s.ep.rosidl_typesupport_introspection_c.c
[1.110s] -- Up-to-date: /home/locobot/LoCoBotRos/interbotix_ws/install/interbotix_xs_msgs/local/lib/python3.10/dist-packages/interbotix_xs_msgs/interbotix_xs_msgs_s__rosidl_typesupport_fastrtps_c.cpython-310-x86_64-linux-gnu.so
[1.111s] -- Up-to-date: /home/locobot/LoCoBotRos/interbotix_ws/install/interbotix_xs_msgs/local/lib/python3.10/dist-packages/interbotix_xs_msgs/srv
[1.112s] -- Up-to-date: /home/locobot/LoCoBotRos/interbotix_ws/install/interbotix_xs_msgs/local/lib/python3.10/dist-packages/interbotix_xs_msgs/srv/_motor_gains.py
[1.114s] -- Up-to-date: /home/locobot/LoCoBotRos/interbotix_ws/install/interbotix_xs_msgs/local/lib/python3.10/dist-packages/interbotix_xs_msgs/srv/_reboot.py
[1.114s] -- Up-to-date: /home/locobot/LoCoBotRos/interbotix_ws/install/interbotix_xs_msgs/local/lib/python3.10/dist-packages/interbotix_xs_msgs/srv/_reboot_s.c
[1.114s] -- Up-to-date: /home/locobot/LoCoBotRos/interbotix_ws/install/interbotix_xs_msgs/local/lib/python3.10/dist-packages/interbotix_xs_msgs/srv/_operating_modes_s.c
[1.114s] -- Up-to-date: /home/locobot/LoCoBotRos/interbotix_ws/install/interbotix_xs_msgs/local/lib/python3.10/dist-packages/interbotix_xs_msgs/srv/_operating_modes.py
[1.114s] -- Up-to-date: /home/locobot/LoCoBotRos/interbotix_ws/install/interbotix_xs_msgs/local/lib/python3.10/dist-packages/interbotix_xs_msgs/srv/_motor_gains_s.c
[1.114s] -- Up-to-date: /home/locobot/LoCoBotRos/interbotix_ws/install/interbotix_xs_msgs/local/lib/python3.10/dist-packages/interbotix_xs_msgs/srv/_register_values.py
[1.115s] -- Up-to-date: /home/locobot/LoCoBotRos/interbotix_ws/install/interbotix_xs_msgs/local/lib/python3.10/dist-packages/interbotix_xs_msgs/srv/__init__.py
[1.115s] -- Up-to-date: /home/locobot/LoCoBotRos/interbotix_ws/install/interbotix_xs_msgs/local/lib/python3.10/dist-packages/interbotix_xs_msgs/srv/_robot_info.py
[1.115s] -- Up-to-date: /home/locobot/LoCoBotRos/interbotix_ws/install/interbotix_xs_msgs/local/lib/python3.10/dist-packages/interbotix_xs_msgs/srv/_torque_enable.py
[1.115s] -- Up-to-date: /home/locobot/LoCoBotRos/interbotix_ws/install/interbotix_xs_msgs/local/lib/python3.10/dist-packages/interbotix_xs_msgs/srv/_robot_info_s.c
[1.115s] -- Up-to-date: /home/locobot/LoCoBotRos/interbotix_ws/install/interbotix_xs_msgs/local/lib/python3.10/dist-packages/interbotix_xs_msgs/srv/_torque_enable_s.c
[1.115s] -- Up-to-date: /home/locobot/LoCoBotRos/interbotix_ws/install/interbotix_xs_msgs/local/lib/python3.10/dist-packages/interbotix_xs_msgs/srv/_register_values_s.c
[1.115s] -- Up-to-date: /home/locobot/LoCoBotRos/interbotix_ws/install/interbotix_xs_msgs/local/lib/python3.10/dist-packages/interbotix_xs_msgs/interbotix_xs_msgs_s__rosidl_typesupport_c.cpython-310-x86_64-linux-gnu.so
[1.115s] -- Up-to-date: /home/locobot/LoCoBotRos/interbotix_ws/install/interbotix_xs_msgs/local/lib/python3.10/dist-packages/interbotix_xs_msgs/_interbotix_xs_msgs_s.ep.rosidl_typesupport_fastrtps_c.c
[1.116s] -- Up-to-date: /home/locobot/LoCoBotRos/interbotix_ws/install/interbotix_xs_msgs/local/lib/python3.10/dist-packages/interbotix_xs_msgs/_interbotix_xs_msgs_s.ep.rosidl_typesupport_c.c
[1.122s] Listing '/home/locobot/LoCoBotRos/interbotix_ws/install/interbotix_xs_msgs/local/lib/python3.10/dist-packages/interbotix_xs_msgs'...
[1.122s] Listing '/home/locobot/LoCoBotRos/interbotix_ws/install/interbotix_xs_msgs/local/lib/python3.10/dist-packages/interbotix_xs_msgs/msg'...
[1.123s] Listing '/home/locobot/LoCoBotRos/interbotix_ws/install/interbotix_xs_msgs/local/lib/python3.10/dist-packages/interbotix_xs_msgs/srv'...
[1.123s] -- Up-to-date: /home/locobot/LoCoBotRos/interbotix_ws/install/interbotix_xs_msgs/local/lib/python3.10/dist-packages/interbotix_xs_msgs/interbotix_xs_msgs_s__rosidl_typesupport_fastrtps_c.cpython-310-x86_64-linux-gnu.so
[1.123s] -- Up-to-date: /home/locobot/LoCoBotRos/interbotix_ws/install/interbotix_xs_msgs/local/lib/python3.10/dist-packages/interbotix_xs_msgs/interbotix_xs_msgs_s__rosidl_typesupport_introspection_c.cpython-310-x86_64-linux-gnu.so
[1.123s] -- Up-to-date: /home/locobot/LoCoBotRos/interbotix_ws/install/interbotix_xs_msgs/local/lib/python3.10/dist-packages/interbotix_xs_msgs/interbotix_xs_msgs_s__rosidl_typesupport_c.cpython-310-x86_64-linux-gnu.so
[1.124s] -- Up-to-date: /home/locobot/LoCoBotRos/interbotix_ws/install/interbotix_xs_msgs/lib/libinterbotix_xs_msgs__rosidl_generator_py.so
[1.124s] -- Up-to-date: /home/locobot/LoCoBotRos/interbotix_ws/install/interbotix_xs_msgs/share/interbotix_xs_msgs/msg/ArmJoy.idl
[1.124s] -- Up-to-date: /home/locobot/LoCoBotRos/interbotix_ws/install/interbotix_xs_msgs/share/interbotix_xs_msgs/msg/HexJoy.idl
[1.124s] -- Up-to-date: /home/locobot/LoCoBotRos/interbotix_ws/install/interbotix_xs_msgs/share/interbotix_xs_msgs/msg/JointGroupCommand.idl
[1.124s] -- Up-to-date: /home/locobot/LoCoBotRos/interbotix_ws/install/interbotix_xs_msgs/share/interbotix_xs_msgs/msg/JointSingleCommand.idl
[1.125s] -- Up-to-date: /home/locobot/LoCoBotRos/interbotix_ws/install/interbotix_xs_msgs/share/interbotix_xs_msgs/msg/JointTemps.idl
[1.125s] -- Up-to-date: /home/locobot/LoCoBotRos/interbotix_ws/install/interbotix_xs_msgs/share/interbotix_xs_msgs/msg/JointTrajectoryCommand.idl
[1.125s] -- Up-to-date: /home/locobot/LoCoBotRos/interbotix_ws/install/interbotix_xs_msgs/share/interbotix_xs_msgs/msg/LocobotJoy.idl
[1.125s] -- Up-to-date: /home/locobot/LoCoBotRos/interbotix_ws/install/interbotix_xs_msgs/share/interbotix_xs_msgs/msg/TurretJoy.idl
[1.125s] -- Up-to-date: /home/locobot/LoCoBotRos/interbotix_ws/install/interbotix_xs_msgs/share/interbotix_xs_msgs/srv/MotorGains.idl
[1.125s] -- Up-to-date: /home/locobot/LoCoBotRos/interbotix_ws/install/interbotix_xs_msgs/share/interbotix_xs_msgs/srv/OperatingModes.idl
[1.125s] -- Up-to-date: /home/locobot/LoCoBotRos/interbotix_ws/install/interbotix_xs_msgs/share/interbotix_xs_msgs/srv/Reboot.idl
[1.125s] -- Up-to-date: /home/locobot/LoCoBotRos/interbotix_ws/install/interbotix_xs_msgs/share/interbotix_xs_msgs/srv/RegisterValues.idl
[1.125s] -- Up-to-date: /home/locobot/LoCoBotRos/interbotix_ws/install/interbotix_xs_msgs/share/interbotix_xs_msgs/srv/RobotInfo.idl
[1.125s] -- Up-to-date: /home/locobot/LoCoBotRos/interbotix_ws/install/interbotix_xs_msgs/share/interbotix_xs_msgs/srv/TorqueEnable.idl
[1.125s] -- Up-to-date: /home/locobot/LoCoBotRos/interbotix_ws/install/interbotix_xs_msgs/share/interbotix_xs_msgs/msg/ArmJoy.msg
[1.125s] -- Up-to-date: /home/locobot/LoCoBotRos/interbotix_ws/install/interbotix_xs_msgs/share/interbotix_xs_msgs/msg/HexJoy.msg
[1.125s] -- Up-to-date: /home/locobot/LoCoBotRos/interbotix_ws/install/interbotix_xs_msgs/share/interbotix_xs_msgs/msg/JointGroupCommand.msg
[1.125s] -- Up-to-date: /home/locobot/LoCoBotRos/interbotix_ws/install/interbotix_xs_msgs/share/interbotix_xs_msgs/msg/JointSingleCommand.msg
[1.126s] -- Up-to-date: /home/locobot/LoCoBotRos/interbotix_ws/install/interbotix_xs_msgs/share/interbotix_xs_msgs/msg/JointTemps.msg
[1.126s] -- Up-to-date: /home/locobot/LoCoBotRos/interbotix_ws/install/interbotix_xs_msgs/share/interbotix_xs_msgs/msg/JointTrajectoryCommand.msg
[1.126s] -- Up-to-date: /home/locobot/LoCoBotRos/interbotix_ws/install/interbotix_xs_msgs/share/interbotix_xs_msgs/msg/LocobotJoy.msg
[1.126s] -- Up-to-date: /home/locobot/LoCoBotRos/interbotix_ws/install/interbotix_xs_msgs/share/interbotix_xs_msgs/msg/TurretJoy.msg
[1.126s] -- Up-to-date: /home/locobot/LoCoBotRos/interbotix_ws/install/interbotix_xs_msgs/share/interbotix_xs_msgs/srv/MotorGains.srv
[1.126s] -- Up-to-date: /home/locobot/LoCoBotRos/interbotix_ws/install/interbotix_xs_msgs/share/interbotix_xs_msgs/srv/MotorGains_Request.msg
[1.126s] -- Up-to-date: /home/locobot/LoCoBotRos/interbotix_ws/install/interbotix_xs_msgs/share/interbotix_xs_msgs/srv/MotorGains_Response.msg
[1.126s] -- Up-to-date: /home/locobot/LoCoBotRos/interbotix_ws/install/interbotix_xs_msgs/share/interbotix_xs_msgs/srv/OperatingModes.srv
[1.126s] -- Up-to-date: /home/locobot/LoCoBotRos/interbotix_ws/install/interbotix_xs_msgs/share/interbotix_xs_msgs/srv/OperatingModes_Request.msg
[1.126s] -- Up-to-date: /home/locobot/LoCoBotRos/interbotix_ws/install/interbotix_xs_msgs/share/interbotix_xs_msgs/srv/OperatingModes_Response.msg
[1.126s] -- Up-to-date: /home/locobot/LoCoBotRos/interbotix_ws/install/interbotix_xs_msgs/share/interbotix_xs_msgs/srv/Reboot.srv
[1.127s] -- Up-to-date: /home/locobot/LoCoBotRos/interbotix_ws/install/interbotix_xs_msgs/share/interbotix_xs_msgs/srv/Reboot_Request.msg
[1.127s] -- Up-to-date: /home/locobot/LoCoBotRos/interbotix_ws/install/interbotix_xs_msgs/share/interbotix_xs_msgs/srv/Reboot_Response.msg
[1.127s] -- Up-to-date: /home/locobot/LoCoBotRos/interbotix_ws/install/interbotix_xs_msgs/share/interbotix_xs_msgs/srv/RegisterValues.srv
[1.127s] -- Up-to-date: /home/locobot/LoCoBotRos/interbotix_ws/install/interbotix_xs_msgs/share/interbotix_xs_msgs/srv/RegisterValues_Request.msg
[1.127s] -- Up-to-date: /home/locobot/LoCoBotRos/interbotix_ws/install/interbotix_xs_msgs/share/interbotix_xs_msgs/srv/RegisterValues_Response.msg
[1.127s] -- Up-to-date: /home/locobot/LoCoBotRos/interbotix_ws/install/interbotix_xs_msgs/share/interbotix_xs_msgs/srv/RobotInfo.srv
[1.127s] -- Up-to-date: /home/locobot/LoCoBotRos/interbotix_ws/install/interbotix_xs_msgs/share/interbotix_xs_msgs/srv/RobotInfo_Request.msg
[1.127s] -- Up-to-date: /home/locobot/LoCoBotRos/interbotix_ws/install/interbotix_xs_msgs/share/interbotix_xs_msgs/srv/RobotInfo_Response.msg
[1.127s] -- Up-to-date: /home/locobot/LoCoBotRos/interbotix_ws/install/interbotix_xs_msgs/share/interbotix_xs_msgs/srv/TorqueEnable.srv
[1.127s] -- Up-to-date: /home/locobot/LoCoBotRos/interbotix_ws/install/interbotix_xs_msgs/share/interbotix_xs_msgs/srv/TorqueEnable_Request.msg
[1.127s] -- Up-to-date: /home/locobot/LoCoBotRos/interbotix_ws/install/interbotix_xs_msgs/share/interbotix_xs_msgs/srv/TorqueEnable_Response.msg
[1.127s] -- Up-to-date: /home/locobot/LoCoBotRos/interbotix_ws/install/interbotix_xs_msgs/share/ament_index/resource_index/package_run_dependencies/interbotix_xs_msgs
[1.128s] -- Up-to-date: /home/locobot/LoCoBotRos/interbotix_ws/install/interbotix_xs_msgs/share/ament_index/resource_index/parent_prefix_path/interbotix_xs_msgs
[1.128s] -- Up-to-date: /home/locobot/LoCoBotRos/interbotix_ws/install/interbotix_xs_msgs/share/interbotix_xs_msgs/environment/ament_prefix_path.sh
[1.128s] -- Up-to-date: /home/locobot/LoCoBotRos/interbotix_ws/install/interbotix_xs_msgs/share/interbotix_xs_msgs/environment/ament_prefix_path.dsv
[1.128s] -- Up-to-date: /home/locobot/LoCoBotRos/interbotix_ws/install/interbotix_xs_msgs/share/interbotix_xs_msgs/environment/path.sh
[1.128s] -- Up-to-date: /home/locobot/LoCoBotRos/interbotix_ws/install/interbotix_xs_msgs/share/interbotix_xs_msgs/environment/path.dsv
[1.128s] -- Up-to-date: /home/locobot/LoCoBotRos/interbotix_ws/install/interbotix_xs_msgs/share/interbotix_xs_msgs/local_setup.bash
[1.128s] -- Up-to-date: /home/locobot/LoCoBotRos/interbotix_ws/install/interbotix_xs_msgs/share/interbotix_xs_msgs/local_setup.sh
[1.128s] -- Up-to-date: /home/locobot/LoCoBotRos/interbotix_ws/install/interbotix_xs_msgs/share/interbotix_xs_msgs/local_setup.zsh
[1.128s] -- Up-to-date: /home/locobot/LoCoBotRos/interbotix_ws/install/interbotix_xs_msgs/share/interbotix_xs_msgs/local_setup.dsv
[1.128s] -- Installing: /home/locobot/LoCoBotRos/interbotix_ws/install/interbotix_xs_msgs/share/interbotix_xs_msgs/package.dsv
[1.129s] -- Up-to-date: /home/locobot/LoCoBotRos/interbotix_ws/install/interbotix_xs_msgs/share/ament_index/resource_index/packages/interbotix_xs_msgs
[1.129s] -- Up-to-date: /home/locobot/LoCoBotRos/interbotix_ws/install/interbotix_xs_msgs/share/interbotix_xs_msgs/cmake/export_interbotix_xs_msgs__rosidl_generator_cExport.cmake
[1.130s] -- Up-to-date: /home/locobot/LoCoBotRos/interbotix_ws/install/interbotix_xs_msgs/share/interbotix_xs_msgs/cmake/export_interbotix_xs_msgs__rosidl_generator_cExport-noconfig.cmake
[1.130s] -- Up-to-date: /home/locobot/LoCoBotRos/interbotix_ws/install/interbotix_xs_msgs/share/interbotix_xs_msgs/cmake/export_interbotix_xs_msgs__rosidl_typesupport_fastrtps_cExport.cmake
[1.130s] -- Up-to-date: /home/locobot/LoCoBotRos/interbotix_ws/install/interbotix_xs_msgs/share/interbotix_xs_msgs/cmake/export_interbotix_xs_msgs__rosidl_typesupport_fastrtps_cExport-noconfig.cmake
[1.130s] -- Up-to-date: /home/locobot/LoCoBotRos/interbotix_ws/install/interbotix_xs_msgs/share/interbotix_xs_msgs/cmake/interbotix_xs_msgs__rosidl_typesupport_introspection_cExport.cmake
[1.131s] -- Up-to-date: /home/locobot/LoCoBotRos/interbotix_ws/install/interbotix_xs_msgs/share/interbotix_xs_msgs/cmake/interbotix_xs_msgs__rosidl_typesupport_introspection_cExport-noconfig.cmake
[1.131s] -- Up-to-date: /home/locobot/LoCoBotRos/interbotix_ws/install/interbotix_xs_msgs/share/interbotix_xs_msgs/cmake/interbotix_xs_msgs__rosidl_typesupport_cExport.cmake
[1.131s] -- Up-to-date: /home/locobot/LoCoBotRos/interbotix_ws/install/interbotix_xs_msgs/share/interbotix_xs_msgs/cmake/interbotix_xs_msgs__rosidl_typesupport_cExport-noconfig.cmake
[1.131s] -- Up-to-date: /home/locobot/LoCoBotRos/interbotix_ws/install/interbotix_xs_msgs/share/interbotix_xs_msgs/cmake/export_interbotix_xs_msgs__rosidl_generator_cppExport.cmake
[1.131s] -- Up-to-date: /home/locobot/LoCoBotRos/interbotix_ws/install/interbotix_xs_msgs/share/interbotix_xs_msgs/cmake/export_interbotix_xs_msgs__rosidl_typesupport_fastrtps_cppExport.cmake
[1.131s] -- Up-to-date: /home/locobot/LoCoBotRos/interbotix_ws/install/interbotix_xs_msgs/share/interbotix_xs_msgs/cmake/export_interbotix_xs_msgs__rosidl_typesupport_fastrtps_cppExport-noconfig.cmake
[1.132s] -- Up-to-date: /home/locobot/LoCoBotRos/interbotix_ws/install/interbotix_xs_msgs/share/interbotix_xs_msgs/cmake/interbotix_xs_msgs__rosidl_typesupport_introspection_cppExport.cmake
[1.132s] -- Up-to-date: /home/locobot/LoCoBotRos/interbotix_ws/install/interbotix_xs_msgs/share/interbotix_xs_msgs/cmake/interbotix_xs_msgs__rosidl_typesupport_introspection_cppExport-noconfig.cmake
[1.132s] -- Up-to-date: /home/locobot/LoCoBotRos/interbotix_ws/install/interbotix_xs_msgs/share/interbotix_xs_msgs/cmake/interbotix_xs_msgs__rosidl_typesupport_cppExport.cmake
[1.133s] -- Up-to-date: /home/locobot/LoCoBotRos/interbotix_ws/install/interbotix_xs_msgs/share/interbotix_xs_msgs/cmake/interbotix_xs_msgs__rosidl_typesupport_cppExport-noconfig.cmake
[1.133s] -- Up-to-date: /home/locobot/LoCoBotRos/interbotix_ws/install/interbotix_xs_msgs/share/interbotix_xs_msgs/cmake/export_interbotix_xs_msgs__rosidl_generator_pyExport.cmake
[1.133s] -- Up-to-date: /home/locobot/LoCoBotRos/interbotix_ws/install/interbotix_xs_msgs/share/interbotix_xs_msgs/cmake/export_interbotix_xs_msgs__rosidl_generator_pyExport-noconfig.cmake
[1.136s] -- Up-to-date: /home/locobot/LoCoBotRos/interbotix_ws/install/interbotix_xs_msgs/share/interbotix_xs_msgs/cmake/rosidl_cmake-extras.cmake
[1.137s] -- Up-to-date: /home/locobot/LoCoBotRos/interbotix_ws/install/interbotix_xs_msgs/share/interbotix_xs_msgs/cmake/ament_cmake_export_dependencies-extras.cmake
[1.137s] -- Up-to-date: /home/locobot/LoCoBotRos/interbotix_ws/install/interbotix_xs_msgs/share/interbotix_xs_msgs/cmake/ament_cmake_export_include_directories-extras.cmake
[1.137s] -- Up-to-date: /home/locobot/LoCoBotRos/interbotix_ws/install/interbotix_xs_msgs/share/interbotix_xs_msgs/cmake/ament_cmake_export_libraries-extras.cmake
[1.137s] -- Up-to-date: /home/locobot/LoCoBotRos/interbotix_ws/install/interbotix_xs_msgs/share/interbotix_xs_msgs/cmake/ament_cmake_export_targets-extras.cmake
[1.137s] -- Up-to-date: /home/locobot/LoCoBotRos/interbotix_ws/install/interbotix_xs_msgs/share/interbotix_xs_msgs/cmake/rosidl_cmake_export_typesupport_targets-extras.cmake
[1.137s] -- Up-to-date: /home/locobot/LoCoBotRos/interbotix_ws/install/interbotix_xs_msgs/share/interbotix_xs_msgs/cmake/rosidl_cmake_export_typesupport_libraries-extras.cmake
[1.137s] -- Up-to-date: /home/locobot/LoCoBotRos/interbotix_ws/install/interbotix_xs_msgs/share/interbotix_xs_msgs/cmake/interbotix_xs_msgsConfig.cmake
[1.137s] -- Up-to-date: /home/locobot/LoCoBotRos/interbotix_ws/install/interbotix_xs_msgs/share/interbotix_xs_msgs/cmake/interbotix_xs_msgsConfig-version.cmake
[1.137s] -- Up-to-date: /home/locobot/LoCoBotRos/interbotix_ws/install/interbotix_xs_msgs/share/interbotix_xs_msgs/package.xml
[1.244s] Invoked command in '/home/locobot/LoCoBotRos/interbotix_ws/build/interbotix_xs_msgs' returned '0': CMAKE_PREFIX_PATH=${CMAKE_PREFIX_PATH}:/home/locobot/LoCoBotRos/interbotix_ws/install/interbotix_xs_modules:/home/locobot/LoCoBotRos/interbotix_ws/install/interbotix_common_modules:/home/locobot/interbotix_ws/install/kobuki_description:/home/locobot/interbotix_ws/install/interbotix_xs_modules:/home/locobot/interbotix_ws/install/interbotix_common_sim:/home/locobot/interbotix_ws/install/interbotix_common_modules:/home/locobot/interbotix_ws/install/ecl_utilities:/home/locobot/interbotix_ws/install/ecl_math:/home/locobot/interbotix_ws/install/ecl_formatters:/home/locobot/interbotix_ws/install/ecl_converters:/home/locobot/interbotix_ws/install/ecl_concepts:/home/locobot/interbotix_ws/install/ecl_type_traits:/home/locobot/interbotix_ws/install/ecl_time_lite:/home/locobot/interbotix_ws/install/ecl_mpl:/home/locobot/interbotix_ws/install/ecl_exceptions:/home/locobot/interbotix_ws/install/ecl_errors:/home/locobot/interbotix_ws/install/ecl_eigen:/home/locobot/interbotix_ws/install/ecl_config:/home/locobot/interbotix_ws/install/ecl_command_line:/home/locobot/interbotix_ws/install/dynamixel_workbench_toolbox:/opt/ros/humble /usr/bin/cmake --install /home/locobot/LoCoBotRos/interbotix_ws/build/interbotix_xs_msgs
