-- Found ament_cmake: 2.5.4 (/home/rowanfoxx/ros2_jazzy/install/ament_cmake/share/ament_cmake/cmake)
-- Found hardware_interface: 4.28.1 (/usr/lib64/ros2-jazzy/share/hardware_interface/cmake)
-- Found rosidl_generator_c: 4.6.5 (/home/rowanfoxx/ros2_jazzy/install/rosidl_generator_c/share/rosidl_generator_c/cmake)
-- Found rosidl_generator_cpp: 4.6.5 (/home/rowanfoxx/ros2_jazzy/install/rosidl_generator_cpp/share/rosidl_generator_cpp/cmake)
-- Using all available rosidl_typesupport_c: rosidl_typesupport_introspection_c;rosidl_typesupport_fastrtps_c
-- Using all available rosidl_typesupport_cpp: rosidl_typesupport_introspection_cpp;rosidl_typesupport_fastrtps_cpp
-- Found TinyXML2 via Config file: /usr/lib64/cmake/tinyxml2
-- Found rmw_implementation_cmake: 7.3.2 (/home/rowanfoxx/ros2_jazzy/install/rmw_implementation_cmake/share/rmw_implementation_cmake/cmake)
-- Found rmw_fastrtps_cpp: 8.4.2 (/home/rowanfoxx/ros2_jazzy/install/rmw_fastrtps_cpp/share/rmw_fastrtps_cpp/cmake)
-- Found TinyXML2 via Config file: /usr/lib64/cmake/tinyxml2
-- Found TinyXML2 via Config file: /usr/lib64/cmake/tinyxml2
-- Found TinyXML2 via Config file: /usr/lib64/cmake/tinyxml2
-- Found TinyXML2 via Config file: /usr/lib64/cmake/tinyxml2
-- Using RMW implementation 'rmw_fastrtps_cpp' as default
-- Found interbotix_xs_msgs: 0.0.0 (/home/rowanfoxx/Documents/GitHub/LoCoBotRos/install/interbotix_xs_msgs/share/interbotix_xs_msgs/cmake)
-- Found ament_lint_auto: 0.17.2 (/home/rowanfoxx/ros2_jazzy/install/ament_lint_auto/share/ament_lint_auto/cmake)
-- Found ros2_control_test_assets: 4.28.1 (/usr/lib64/ros2-jazzy/share/ros2_control_test_assets/cmake)
-- Found gmock sources under '/home/rowanfoxx/ros2_jazzy/install/gmock_vendor/src/gmock_vendor': C++ tests using 'Google Mock' will be built
-- Found ament_cmake_gtest: 2.5.4 (/home/rowanfoxx/ros2_jazzy/install/ament_cmake_gtest/share/ament_cmake_gtest/cmake)
-- Found gtest sources under '/home/rowanfoxx/ros2_jazzy/install/gtest_vendor/src/gtest_vendor': C++ tests using 'Google Test' will be built
-- Added test 'copyright' to check source files copyright and LICENSE
-- Added test 'cppcheck' to perform static code analysis on C / C++ code
-- Configured cppcheck include dirs: $<BUILD_INTERFACE:/home/rowanfoxx/Documents/GitHub/LoCoBotRos/src/interbotix_xs_ros_control/include>;/home/rowanfoxx/Documents/GitHub/LoCoBotRos/src/interbotix_xs_ros_control/include
-- Configured cppcheck exclude dirs and/or files: 
-- Added test 'cpplint' to check C / C++ code against the Google style
-- Configured cpplint exclude dirs and/or files: 
-- Added test 'lint_cmake' to check CMake code style
-- Added test 'uncrustify' to check C / C++ code style
-- Configured uncrustify additional arguments: 
-- Added test 'xmllint' to check XML markup files
-- Configuring done (1.3s)
-- Generating done (0.1s)
