[0.010s] Invoking command in '/home/locobot/LoCoBotRos/interbotix_ws/build/ecl_math': AMENT_PREFIX_PATH=/home/locobot/LoCoBotRos/interbotix_ws/install/ecl_type_traits:/home/locobot/LoCoBotRos/interbotix_ws/install/ecl_mpl:/home/locobot/LoCoBotRos/interbotix_ws/install/ecl_config:${AMENT_PREFIX_PATH} CMAKE_PREFIX_PATH=/home/locobot/LoCoBotRos/interbotix_ws/install/ecl_type_traits:/home/locobot/LoCoBotRos/interbotix_ws/install/ecl_mpl:/home/locobot/LoCoBotRos/interbotix_ws/install/ecl_config:/home/locobot/apriltag_ws/install/apriltag_ros:/opt/ros/humble LD_LIBRARY_PATH=/home/locobot/LoCoBotRos/interbotix_ws/install/ecl_type_traits/lib:${LD_LIBRARY_PATH} PATH=/home/locobot/LoCoBotRos/interbotix_ws/install/ecl_type_traits/bin:/home/locobot/LoCoBotRos/interbotix_ws/install/ecl_config/bin:${PATH} /usr/bin/cmake /home/locobot/LoCoBotRos/interbotix_ws/src/ecl_core/ecl_math -DCMAKE_BUILD_TYPE=Release -DCMAKE_INSTALL_PREFIX=/home/locobot/LoCoBotRos/interbotix_ws/install/ecl_math
[0.021s] -- Found ament_cmake_ros: 0.10.0 (/opt/ros/humble/share/ament_cmake_ros/cmake)
[0.113s] -- Found ecl_build: 1.0.3 (/opt/ros/humble/share/ecl_build/cmake)
[0.117s] -- Found ecl_type_traits: 1.2.1 (/home/locobot/LoCoBotRos/interbotix_ws/install/ecl_type_traits/share/ecl_type_traits/cmake)
[0.126s] -- Found ament_lint_auto: 0.12.12 (/opt/ros/humble/share/ament_lint_auto/cmake)
[0.175s] -- Found gtest sources under '/opt/ros/humble/src/gtest_vendor': C++ tests using 'Google Test' will be built
[0.233s] -- Configuring done
[0.252s] -- Generating done
[0.257s] -- Build files have been written to: /home/locobot/LoCoBotRos/interbotix_ws/build/ecl_math
[0.260s] Invoked command in '/home/locobot/LoCoBotRos/interbotix_ws/build/ecl_math' returned '0': AMENT_PREFIX_PATH=/home/locobot/LoCoBotRos/interbotix_ws/install/ecl_type_traits:/home/locobot/LoCoBotRos/interbotix_ws/install/ecl_mpl:/home/locobot/LoCoBotRos/interbotix_ws/install/ecl_config:${AMENT_PREFIX_PATH} CMAKE_PREFIX_PATH=/home/locobot/LoCoBotRos/interbotix_ws/install/ecl_type_traits:/home/locobot/LoCoBotRos/interbotix_ws/install/ecl_mpl:/home/locobot/LoCoBotRos/interbotix_ws/install/ecl_config:/home/locobot/apriltag_ws/install/apriltag_ros:/opt/ros/humble LD_LIBRARY_PATH=/home/locobot/LoCoBotRos/interbotix_ws/install/ecl_type_traits/lib:${LD_LIBRARY_PATH} PATH=/home/locobot/LoCoBotRos/interbotix_ws/install/ecl_type_traits/bin:/home/locobot/LoCoBotRos/interbotix_ws/install/ecl_config/bin:${PATH} /usr/bin/cmake /home/locobot/LoCoBotRos/interbotix_ws/src/ecl_core/ecl_math -DCMAKE_BUILD_TYPE=Release -DCMAKE_INSTALL_PREFIX=/home/locobot/LoCoBotRos/interbotix_ws/install/ecl_math
[0.262s] Invoking command in '/home/locobot/LoCoBotRos/interbotix_ws/build/ecl_math': AMENT_PREFIX_PATH=/home/locobot/LoCoBotRos/interbotix_ws/install/ecl_type_traits:/home/locobot/LoCoBotRos/interbotix_ws/install/ecl_mpl:/home/locobot/LoCoBotRos/interbotix_ws/install/ecl_config:${AMENT_PREFIX_PATH} CMAKE_PREFIX_PATH=/home/locobot/LoCoBotRos/interbotix_ws/install/ecl_type_traits:/home/locobot/LoCoBotRos/interbotix_ws/install/ecl_mpl:/home/locobot/LoCoBotRos/interbotix_ws/install/ecl_config:/home/locobot/apriltag_ws/install/apriltag_ros:/opt/ros/humble LD_LIBRARY_PATH=/home/locobot/LoCoBotRos/interbotix_ws/install/ecl_type_traits/lib:${LD_LIBRARY_PATH} PATH=/home/locobot/LoCoBotRos/interbotix_ws/install/ecl_type_traits/bin:/home/locobot/LoCoBotRos/interbotix_ws/install/ecl_config/bin:${PATH} /usr/bin/cmake --build /home/locobot/LoCoBotRos/interbotix_ws/build/ecl_math -- -j16 -l16
[0.290s] [35m[1mConsolidate compiler generated dependencies of target gtest_main[0m
[0.290s] [35m[1mConsolidate compiler generated dependencies of target gtest[0m
[0.299s] [ 16%] [32mBuilding CXX object gtest/CMakeFiles/gtest_main.dir/src/gtest_main.cc.o[0m
[0.299s] [ 16%] [32mBuilding CXX object gtest/CMakeFiles/gtest.dir/src/gtest-all.cc.o[0m
[0.783s] [ 25%] [32m[1mLinking CXX static library libgtest_main.a[0m
[0.806s] [ 25%] Built target gtest_main
[5.423s] [ 33%] [32m[1mLinking CXX static library libgtest.a[0m
[5.451s] [ 33%] Built target gtest
[5.460s] [35m[1mConsolidate compiler generated dependencies of target ecl_test_constants[0m
[5.460s] [35m[1mConsolidate compiler generated dependencies of target ecl_test_fuzzy[0m
[5.461s] [35m[1mConsolidate compiler generated dependencies of target ecl_test_norms[0m
[5.461s] [35m[1mConsolidate compiler generated dependencies of target ecl_test_simple[0m
[5.471s] [ 50%] [32mBuilding CXX object src/test/CMakeFiles/ecl_test_norms.dir/norms.cpp.o[0m
[5.471s] [ 50%] [32mBuilding CXX object src/test/CMakeFiles/ecl_test_simple.dir/simple.cpp.o[0m
[5.471s] [ 66%] [32mBuilding CXX object src/test/CMakeFiles/ecl_test_constants.dir/constants.cpp.o[0m
[5.471s] [ 66%] [32mBuilding CXX object src/test/CMakeFiles/ecl_test_fuzzy.dir/fuzzy.cpp.o[0m
[6.112s] [ 75%] [32m[1mLinking CXX executable ecl_test_fuzzy[0m
[6.113s] [ 83%] [32m[1mLinking CXX executable ecl_test_constants[0m
[6.188s] [ 83%] Built target ecl_test_constants
[6.191s] [ 91%] [32m[1mLinking CXX executable ecl_test_norms[0m
[6.205s] [100%] [32m[1mLinking CXX executable ecl_test_simple[0m
[6.208s] [100%] Built target ecl_test_fuzzy
[6.265s] [100%] Built target ecl_test_norms
[6.274s] [100%] Built target ecl_test_simple
[6.282s] Invoked command in '/home/locobot/LoCoBotRos/interbotix_ws/build/ecl_math' returned '0': AMENT_PREFIX_PATH=/home/locobot/LoCoBotRos/interbotix_ws/install/ecl_type_traits:/home/locobot/LoCoBotRos/interbotix_ws/install/ecl_mpl:/home/locobot/LoCoBotRos/interbotix_ws/install/ecl_config:${AMENT_PREFIX_PATH} CMAKE_PREFIX_PATH=/home/locobot/LoCoBotRos/interbotix_ws/install/ecl_type_traits:/home/locobot/LoCoBotRos/interbotix_ws/install/ecl_mpl:/home/locobot/LoCoBotRos/interbotix_ws/install/ecl_config:/home/locobot/apriltag_ws/install/apriltag_ros:/opt/ros/humble LD_LIBRARY_PATH=/home/locobot/LoCoBotRos/interbotix_ws/install/ecl_type_traits/lib:${LD_LIBRARY_PATH} PATH=/home/locobot/LoCoBotRos/interbotix_ws/install/ecl_type_traits/bin:/home/locobot/LoCoBotRos/interbotix_ws/install/ecl_config/bin:${PATH} /usr/bin/cmake --build /home/locobot/LoCoBotRos/interbotix_ws/build/ecl_math -- -j16 -l16
[6.283s] Invoking command in '/home/locobot/LoCoBotRos/interbotix_ws/build/ecl_math': AMENT_PREFIX_PATH=/home/locobot/LoCoBotRos/interbotix_ws/install/ecl_type_traits:/home/locobot/LoCoBotRos/interbotix_ws/install/ecl_mpl:/home/locobot/LoCoBotRos/interbotix_ws/install/ecl_config:${AMENT_PREFIX_PATH} CMAKE_PREFIX_PATH=/home/locobot/LoCoBotRos/interbotix_ws/install/ecl_type_traits:/home/locobot/LoCoBotRos/interbotix_ws/install/ecl_mpl:/home/locobot/LoCoBotRos/interbotix_ws/install/ecl_config:/home/locobot/apriltag_ws/install/apriltag_ros:/opt/ros/humble LD_LIBRARY_PATH=/home/locobot/LoCoBotRos/interbotix_ws/install/ecl_type_traits/lib:${LD_LIBRARY_PATH} PATH=/home/locobot/LoCoBotRos/interbotix_ws/install/ecl_type_traits/bin:/home/locobot/LoCoBotRos/interbotix_ws/install/ecl_config/bin:${PATH} /usr/bin/cmake --install /home/locobot/LoCoBotRos/interbotix_ws/build/ecl_math
[6.288s] -- Install configuration: "Release"
[6.289s] -- Up-to-date: /home/locobot/LoCoBotRos/interbotix_ws/install/ecl_math/share/ament_index/resource_index/package_run_dependencies/ecl_math
[6.290s] -- Installing: /home/locobot/LoCoBotRos/interbotix_ws/install/ecl_math/share/ament_index/resource_index/parent_prefix_path/ecl_math
[6.290s] -- Up-to-date: /home/locobot/LoCoBotRos/interbotix_ws/install/ecl_math/share/ecl_math/environment/ament_prefix_path.sh
[6.290s] -- Installing: /home/locobot/LoCoBotRos/interbotix_ws/install/ecl_math/share/ecl_math/environment/ament_prefix_path.dsv
[6.290s] -- Up-to-date: /home/locobot/LoCoBotRos/interbotix_ws/install/ecl_math/share/ecl_math/environment/path.sh
[6.290s] -- Installing: /home/locobot/LoCoBotRos/interbotix_ws/install/ecl_math/share/ecl_math/environment/path.dsv
[6.290s] -- Up-to-date: /home/locobot/LoCoBotRos/interbotix_ws/install/ecl_math/share/ecl_math/local_setup.bash
[6.290s] -- Up-to-date: /home/locobot/LoCoBotRos/interbotix_ws/install/ecl_math/share/ecl_math/local_setup.sh
[6.291s] -- Up-to-date: /home/locobot/LoCoBotRos/interbotix_ws/install/ecl_math/share/ecl_math/local_setup.zsh
[6.291s] -- Installing: /home/locobot/LoCoBotRos/interbotix_ws/install/ecl_math/share/ecl_math/local_setup.dsv
[6.291s] -- Installing: /home/locobot/LoCoBotRos/interbotix_ws/install/ecl_math/share/ecl_math/package.dsv
[6.291s] -- Up-to-date: /home/locobot/LoCoBotRos/interbotix_ws/install/ecl_math/share/ament_index/resource_index/packages/ecl_math
[6.292s] -- Up-to-date: /home/locobot/LoCoBotRos/interbotix_ws/install/ecl_math/share/ecl_math/cmake/ecl_mathExport.cmake
[6.292s] -- Up-to-date: /home/locobot/LoCoBotRos/interbotix_ws/install/ecl_math/share/ecl_math/cmake/ament_cmake_export_targets-extras.cmake
[6.292s] -- Up-to-date: /home/locobot/LoCoBotRos/interbotix_ws/install/ecl_math/share/ecl_math/cmake/ament_cmake_export_include_directories-extras.cmake
[6.292s] -- Up-to-date: /home/locobot/LoCoBotRos/interbotix_ws/install/ecl_math/share/ecl_math/cmake/ament_cmake_export_dependencies-extras.cmake
[6.292s] -- Up-to-date: /home/locobot/LoCoBotRos/interbotix_ws/install/ecl_math/share/ecl_math/cmake/ecl_mathConfig.cmake
[6.292s] -- Up-to-date: /home/locobot/LoCoBotRos/interbotix_ws/install/ecl_math/share/ecl_math/cmake/ecl_mathConfig-version.cmake
[6.292s] -- Up-to-date: /home/locobot/LoCoBotRos/interbotix_ws/install/ecl_math/share/ecl_math/package.xml
[6.292s] -- Up-to-date: /home/locobot/LoCoBotRos/interbotix_ws/install/ecl_math/include/ecl/math.hpp
[6.292s] -- Up-to-date: /home/locobot/LoCoBotRos/interbotix_ws/install/ecl_math/include/ecl/math/constants.hpp
[6.292s] -- Up-to-date: /home/locobot/LoCoBotRos/interbotix_ws/install/ecl_math/include/ecl/math/fuzzy.hpp
[6.293s] -- Up-to-date: /home/locobot/LoCoBotRos/interbotix_ws/install/ecl_math/include/ecl/math/norms.hpp
[6.293s] -- Up-to-date: /home/locobot/LoCoBotRos/interbotix_ws/install/ecl_math/include/ecl/math/simple.hpp
[6.294s] Invoked command in '/home/locobot/LoCoBotRos/interbotix_ws/build/ecl_math' returned '0': AMENT_PREFIX_PATH=/home/locobot/LoCoBotRos/interbotix_ws/install/ecl_type_traits:/home/locobot/LoCoBotRos/interbotix_ws/install/ecl_mpl:/home/locobot/LoCoBotRos/interbotix_ws/install/ecl_config:${AMENT_PREFIX_PATH} CMAKE_PREFIX_PATH=/home/locobot/LoCoBotRos/interbotix_ws/install/ecl_type_traits:/home/locobot/LoCoBotRos/interbotix_ws/install/ecl_mpl:/home/locobot/LoCoBotRos/interbotix_ws/install/ecl_config:/home/locobot/apriltag_ws/install/apriltag_ros:/opt/ros/humble LD_LIBRARY_PATH=/home/locobot/LoCoBotRos/interbotix_ws/install/ecl_type_traits/lib:${LD_LIBRARY_PATH} PATH=/home/locobot/LoCoBotRos/interbotix_ws/install/ecl_type_traits/bin:/home/locobot/LoCoBotRos/interbotix_ws/install/ecl_config/bin:${PATH} /usr/bin/cmake --install /home/locobot/LoCoBotRos/interbotix_ws/build/ecl_math
