[0.012s] Invoking command in '/home/locobot/LoCoBotRos/interbotix_ws/build/moveit_core': AMENT_PREFIX_PATH=/home/locobot/LoCoBotRos/interbotix_ws/install/moveit_resources_panda_moveit_config:/home/locobot/LoCoBotRos/interbotix_ws/install/srdfdom:/home/locobot/LoCoBotRos/interbotix_ws/install/moveit_resources_pr2_description:/home/locobot/LoCoBotRos/interbotix_ws/install/moveit_resources_panda_description:/home/locobot/LoCoBotRos/interbotix_ws/install/moveit_common:${AMENT_PREFIX_PATH} CMAKE_PREFIX_PATH=/home/locobot/LoCoBotRos/interbotix_ws/install/moveit_resources_panda_moveit_config:/home/locobot/LoCoBotRos/interbotix_ws/install/srdfdom:/home/locobot/LoCoBotRos/interbotix_ws/install/moveit_resources_pr2_description:/home/locobot/LoCoBotRos/interbotix_ws/install/moveit_resources_panda_description:/home/locobot/LoCoBotRos/interbotix_ws/install/moveit_common:/home/locobot/apriltag_ws/install/apriltag_ros:/opt/ros/humble LD_LIBRARY_PATH=/home/locobot/LoCoBotRos/interbotix_ws/install/srdfdom/lib:${LD_LIBRARY_PATH} PYTHONPATH=/home/locobot/LoCoBotRos/interbotix_ws/install/srdfdom/local/lib/python3.10/dist-packages:${PYTHONPATH} /usr/bin/cmake /home/locobot/LoCoBotRos/interbotix_ws/src/moveit2/moveit_core -DCMAKE_INSTALL_PREFIX=/home/locobot/LoCoBotRos/interbotix_ws/install/moveit_core
[0.021s] -- Found moveit_common: 2.5.9 (/home/locobot/LoCoBotRos/interbotix_ws/install/moveit_common/share/moveit_common/cmake)
[0.022s] -- Found ament_cmake: 1.3.11 (/opt/ros/humble/share/ament_cmake/cmake)
[0.163s] -- Found angles: 1.15.0 (/opt/ros/humble/share/angles/cmake)
[0.180s] -- Found common_interfaces: 4.8.0 (/opt/ros/humble/share/common_interfaces/cmake)
[0.181s] -- Found eigen_stl_containers: 1.1.0 (/opt/ros/humble/share/eigen_stl_containers/cmake)
[0.185s] -- Found eigen3_cmake_module: 0.1.1 (/opt/ros/humble/share/eigen3_cmake_module/cmake)
[0.189s] -- Found generate_parameter_library: 0.4.0 (/opt/ros/humble/share/generate_parameter_library/cmake)
[0.192s] -- Found parameter_traits: 0.4.0 (/opt/ros/humble/share/parameter_traits/cmake)
[0.220s] -- Found rosidl_generator_c: 3.1.6 (/opt/ros/humble/share/rosidl_generator_c/cmake)
[0.223s] -- Found rosidl_adapter: 3.1.6 (/opt/ros/humble/share/rosidl_adapter/cmake)
[0.231s] -- Found rosidl_generator_cpp: 3.1.6 (/opt/ros/humble/share/rosidl_generator_cpp/cmake)
[0.242s] -- Using all available rosidl_typesupport_c: rosidl_typesupport_fastrtps_c;rosidl_typesupport_introspection_c
[0.253s] -- Using all available rosidl_typesupport_cpp: rosidl_typesupport_fastrtps_cpp;rosidl_typesupport_introspection_cpp
[0.287s] -- Found rmw_implementation_cmake: 6.1.2 (/opt/ros/humble/share/rmw_implementation_cmake/cmake)
[0.289s] -- Found rmw_fastrtps_cpp: 6.2.7 (/opt/ros/humble/share/rmw_fastrtps_cpp/cmake)
[0.368s] -- Using RMW implementation 'rmw_fastrtps_cpp' as default
[0.429s] -- Found rclcpp_lifecycle: 16.0.12 (/opt/ros/humble/share/rclcpp_lifecycle/cmake)
[0.450s] -- Found geometric_shapes: 2.3.2 (/opt/ros/humble/share/geometric_shapes/cmake)
[0.454s] -- Found Boost: /usr/lib/x86_64-linux-gnu/cmake/Boost-1.74.0/BoostConfig.cmake (found version "1.74.0") found components: filesystem 
[0.495s] -- library: /usr/lib/x86_64-linux-gnu/libcurl.so
[0.547s] -- Found kdl_parser: 2.6.4 (/opt/ros/humble/share/kdl_parser/cmake)
[0.551s] -- Ensuring Eigen3 include directory is part of orocos-kdl CMake target
[0.553s] -- Found moveit_msgs: 2.2.1 (/opt/ros/humble/share/moveit_msgs/cmake)
[0.653s] -- Found pluginlib: 5.1.0 (/opt/ros/humble/share/pluginlib/cmake)
[0.666s] -- Found srdfdom: 2.0.8 (/home/locobot/LoCoBotRos/interbotix_ws/install/srdfdom/share/srdfdom/cmake)
[0.672s] -- Found tf2_eigen: 0.25.13 (/opt/ros/humble/share/tf2_eigen/cmake)
[0.732s] -- Found tf2_geometry_msgs: 0.25.13 (/opt/ros/humble/share/tf2_geometry_msgs/cmake)
[0.736s] -- Found tf2_kdl: 0.25.13 (/opt/ros/humble/share/tf2_kdl/cmake)
[0.756s] -- Found Boost: /usr/lib/x86_64-linux-gnu/cmake/Boost-1.74.0/BoostConfig.cmake (found version "1.74.0") found components: chrono date_time filesystem iostreams program_options regex serialization system thread 
[0.757s] --  *** Building MoveIt 2.5.9-Alpha ***
[0.764s] -- Found ament_cmake_gtest: 1.3.11 (/opt/ros/humble/share/ament_cmake_gtest/cmake)
[0.765s] -- Found gtest sources under '/opt/ros/humble/src/gtest_vendor': C++ tests using 'Google Test' will be built
[0.773s] -- Found ament_cmake_gmock: 1.3.11 (/opt/ros/humble/share/ament_cmake_gmock/cmake)
[0.775s] -- Found gmock sources under '/opt/ros/humble/src/gmock_vendor': C++ tests using 'Google Mock' will be built
[0.778s] -- Found ament_cmake_gtest: 1.3.11 (/opt/ros/humble/share/ament_cmake_gtest/cmake)
[0.778s] -- Found gtest sources under '/opt/ros/humble/src/gtest_vendor': C++ tests using 'Google Test' will be built
[0.785s] -- Found ament_cmake_gtest: 1.3.11 (/opt/ros/humble/share/ament_cmake_gtest/cmake)
[0.786s] -- Found gtest sources under '/opt/ros/humble/src/gtest_vendor': C++ tests using 'Google Test' will be built
[0.803s] -- Found ament_cmake_gtest: 1.3.11 (/opt/ros/humble/share/ament_cmake_gtest/cmake)
[0.804s] -- Found gtest sources under '/opt/ros/humble/src/gtest_vendor': C++ tests using 'Google Test' will be built
[0.815s] -- Found ament_lint_auto: 0.12.12 (/opt/ros/humble/share/ament_lint_auto/cmake)
[0.816s] -- Found ament_cmake_gtest: 1.3.11 (/opt/ros/humble/share/ament_cmake_gtest/cmake)
[0.816s] -- Found gtest sources under '/opt/ros/humble/src/gtest_vendor': C++ tests using 'Google Test' will be built
[0.830s] -- Found ament_cmake_gtest: 1.3.11 (/opt/ros/humble/share/ament_cmake_gtest/cmake)
[0.830s] -- Found gtest sources under '/opt/ros/humble/src/gtest_vendor': C++ tests using 'Google Test' will be built
[0.840s] -- Found ament_cmake_gtest: 1.3.11 (/opt/ros/humble/share/ament_cmake_gtest/cmake)
[0.840s] -- Found gtest sources under '/opt/ros/humble/src/gtest_vendor': C++ tests using 'Google Test' will be built
[0.848s] -- Found ament_cmake_gtest: 1.3.11 (/opt/ros/humble/share/ament_cmake_gtest/cmake)
[0.849s] -- Found gmock sources under '/opt/ros/humble/src/gmock_vendor': C++ tests using 'Google Mock' will be built
[0.849s] -- Found gtest sources under '/opt/ros/humble/src/gtest_vendor': C++ tests using 'Google Test' will be built
[0.857s] -- Found gtest sources under '/opt/ros/humble/src/gtest_vendor': C++ tests using 'Google Test' will be built
[0.865s] -- Found gtest sources under '/opt/ros/humble/src/gtest_vendor': C++ tests using 'Google Test' will be built
[0.874s] -- Found ament_cmake_gtest: 1.3.11 (/opt/ros/humble/share/ament_cmake_gtest/cmake)
[0.875s] -- Found gtest sources under '/opt/ros/humble/src/gtest_vendor': C++ tests using 'Google Test' will be built
[0.890s] -- Found gtest sources under '/opt/ros/humble/src/gtest_vendor': C++ tests using 'Google Test' will be built
[0.900s] -- Found gtest sources under '/opt/ros/humble/src/gtest_vendor': C++ tests using 'Google Test' will be built
[0.909s] -- Found gtest sources under '/opt/ros/humble/src/gtest_vendor': C++ tests using 'Google Test' will be built
[0.915s] -- Found ament_lint_auto: 0.12.12 (/opt/ros/humble/share/ament_lint_auto/cmake)
[0.943s] -- Added test 'cppcheck' to perform static code analysis on C / C++ code
[0.944s] -- Configured cppcheck include dirs: /home/locobot/LoCoBotRos/interbotix_ws/src/moveit2/moveit_core/exceptions/include;/home/locobot/LoCoBotRos/interbotix_ws/src/moveit2/moveit_core/collision_detection/include;/home/locobot/LoCoBotRos/interbotix_ws/src/moveit2/moveit_core/collision_detection_fcl/include;/home/locobot/LoCoBotRos/interbotix_ws/src/moveit2/moveit_core/collision_detection_bullet/include;/home/locobot/LoCoBotRos/interbotix_ws/src/moveit2/moveit_core/constraint_samplers/include;/home/locobot/LoCoBotRos/interbotix_ws/src/moveit2/moveit_core/controller_manager/include;/home/locobot/LoCoBotRos/interbotix_ws/src/moveit2/moveit_core/distance_field/include;/home/locobot/LoCoBotRos/interbotix_ws/src/moveit2/moveit_core/collision_distance_field/include;/home/locobot/LoCoBotRos/interbotix_ws/src/moveit2/moveit_core/dynamics_solver/include;/home/locobot/LoCoBotRos/interbotix_ws/src/moveit2/moveit_core/kinematics_base/include;/home/locobot/LoCoBotRos/interbotix_ws/src/moveit2/moveit_core/kinematics_metrics/include;/home/locobot/LoCoBotRos/interbotix_ws/src/moveit2/moveit_core/robot_model/include;/home/locobot/LoCoBotRos/interbotix_ws/src/moveit2/moveit_core/transforms/include;/home/locobot/LoCoBotRos/interbotix_ws/src/moveit2/moveit_core/robot_state/include;/home/locobot/LoCoBotRos/interbotix_ws/src/moveit2/moveit_core/robot_trajectory/include;/home/locobot/LoCoBotRos/interbotix_ws/src/moveit2/moveit_core/kinematic_constraints/include;/home/locobot/LoCoBotRos/interbotix_ws/src/moveit2/moveit_core/macros/include;/home/locobot/LoCoBotRos/interbotix_ws/src/moveit2/moveit_core/online_signal_smoothing/include;/home/locobot/LoCoBotRos/interbotix_ws/src/moveit2/moveit_core/planning_interface/include;/home/locobot/LoCoBotRos/interbotix_ws/src/moveit2/moveit_core/planning_request_adapter/include;/home/locobot/LoCoBotRos/interbotix_ws/src/moveit2/moveit_core/planning_scene/include;/home/locobot/LoCoBotRos/interbotix_ws/src/moveit2/moveit_core/sensor_manager/include;/home/locobot/LoCoBotRos/interbotix_ws/src/moveit2/moveit_core/trajectory_processing/include;/home/locobot/LoCoBotRos/interbotix_ws/src/moveit2/moveit_core/utils/include
[0.944s] -- Configured cppcheck exclude dirs and/or files: 
[0.946s] -- Added test 'pep257' to check Python code against some of the docstring style conventions in PEP 257
[0.948s] -- Added test 'xmllint' to check XML markup files
[0.950s] -- Configuring done
[1.471s] -- Generating done
[1.603s] -- Build files have been written to: /home/locobot/LoCoBotRos/interbotix_ws/build/moveit_core
[1.629s] Invoked command in '/home/locobot/LoCoBotRos/interbotix_ws/build/moveit_core' returned '0': AMENT_PREFIX_PATH=/home/locobot/LoCoBotRos/interbotix_ws/install/moveit_resources_panda_moveit_config:/home/locobot/LoCoBotRos/interbotix_ws/install/srdfdom:/home/locobot/LoCoBotRos/interbotix_ws/install/moveit_resources_pr2_description:/home/locobot/LoCoBotRos/interbotix_ws/install/moveit_resources_panda_description:/home/locobot/LoCoBotRos/interbotix_ws/install/moveit_common:${AMENT_PREFIX_PATH} CMAKE_PREFIX_PATH=/home/locobot/LoCoBotRos/interbotix_ws/install/moveit_resources_panda_moveit_config:/home/locobot/LoCoBotRos/interbotix_ws/install/srdfdom:/home/locobot/LoCoBotRos/interbotix_ws/install/moveit_resources_pr2_description:/home/locobot/LoCoBotRos/interbotix_ws/install/moveit_resources_panda_description:/home/locobot/LoCoBotRos/interbotix_ws/install/moveit_common:/home/locobot/apriltag_ws/install/apriltag_ros:/opt/ros/humble LD_LIBRARY_PATH=/home/locobot/LoCoBotRos/interbotix_ws/install/srdfdom/lib:${LD_LIBRARY_PATH} PYTHONPATH=/home/locobot/LoCoBotRos/interbotix_ws/install/srdfdom/local/lib/python3.10/dist-packages:${PYTHONPATH} /usr/bin/cmake /home/locobot/LoCoBotRos/interbotix_ws/src/moveit2/moveit_core -DCMAKE_INSTALL_PREFIX=/home/locobot/LoCoBotRos/interbotix_ws/install/moveit_core
[1.630s] Invoking command in '/home/locobot/LoCoBotRos/interbotix_ws/build/moveit_core': AMENT_PREFIX_PATH=/home/locobot/LoCoBotRos/interbotix_ws/install/moveit_resources_panda_moveit_config:/home/locobot/LoCoBotRos/interbotix_ws/install/srdfdom:/home/locobot/LoCoBotRos/interbotix_ws/install/moveit_resources_pr2_description:/home/locobot/LoCoBotRos/interbotix_ws/install/moveit_resources_panda_description:/home/locobot/LoCoBotRos/interbotix_ws/install/moveit_common:${AMENT_PREFIX_PATH} CMAKE_PREFIX_PATH=/home/locobot/LoCoBotRos/interbotix_ws/install/moveit_resources_panda_moveit_config:/home/locobot/LoCoBotRos/interbotix_ws/install/srdfdom:/home/locobot/LoCoBotRos/interbotix_ws/install/moveit_resources_pr2_description:/home/locobot/LoCoBotRos/interbotix_ws/install/moveit_resources_panda_description:/home/locobot/LoCoBotRos/interbotix_ws/install/moveit_common:/home/locobot/apriltag_ws/install/apriltag_ros:/opt/ros/humble LD_LIBRARY_PATH=/home/locobot/LoCoBotRos/interbotix_ws/install/srdfdom/lib:${LD_LIBRARY_PATH} PYTHONPATH=/home/locobot/LoCoBotRos/interbotix_ws/install/srdfdom/local/lib/python3.10/dist-packages:${PYTHONPATH} /usr/bin/cmake --build /home/locobot/LoCoBotRos/interbotix_ws/build/moveit_core -- -j16 -l16
[1.665s] [35m[1mConsolidate compiler generated dependencies of target moveit_transforms[0m
[1.673s] [  2%] Built target moveit_butterworth_parameters
[1.673s] [35m[1mConsolidate compiler generated dependencies of target moveit_exceptions[0m
[1.674s] [35m[1mConsolidate compiler generated dependencies of target moveit_version[0m
[1.674s] [35m[1mConsolidate compiler generated dependencies of target gtest_main[0m
[1.674s] [35m[1mConsolidate compiler generated dependencies of target gmock_main[0m
[1.675s] [35m[1mConsolidate compiler generated dependencies of target gtest[0m
[1.675s] [35m[1mConsolidate compiler generated dependencies of target moveit_utils[0m
[1.675s] [35m[1mConsolidate compiler generated dependencies of target moveit_kinematics_base[0m
[1.675s] [35m[1mConsolidate compiler generated dependencies of target moveit_smoothing_base[0m
[1.676s] [35m[1mConsolidate compiler generated dependencies of target gmock[0m
[1.678s] [35m[1mConsolidate compiler generated dependencies of target moveit_distance_field[0m
[1.685s] [  3%] Built target moveit_version
[1.686s] [  4%] Built target gmock_main
[1.686s] [  5%] Built target moveit_exceptions
[1.686s] [  6%] Built target gtest_main
[1.686s] [  7%] Built target gtest
[1.689s] [  9%] Built target gmock
[1.692s] [ 10%] Built target moveit_smoothing_base
[1.692s] [ 13%] Built target moveit_utils
[1.692s] [ 14%] Built target moveit_transforms
[1.693s] [ 15%] Built target moveit_kinematics_base
[1.701s] [35m[1mConsolidate compiler generated dependencies of target test_transforms[0m
[1.706s] [ 18%] Built target moveit_distance_field
[1.710s] [35m[1mConsolidate compiler generated dependencies of target moveit_robot_model[0m
[1.712s] [ 19%] Built target test_transforms
[1.714s] [35m[1mConsolidate compiler generated dependencies of target test_voxel_grid[0m
[1.715s] [35m[1mConsolidate compiler generated dependencies of target test_distance_field[0m
[1.728s] [ 20%] Built target test_voxel_grid
[1.732s] [ 21%] Built target test_distance_field
[1.736s] [ 27%] Built target moveit_robot_model
[1.747s] [35m[1mConsolidate compiler generated dependencies of target moveit_butterworth_filter[0m
[1.747s] [35m[1mConsolidate compiler generated dependencies of target moveit_test_utils[0m
[1.748s] [35m[1mConsolidate compiler generated dependencies of target moveit_robot_state[0m
[1.765s] [ 28%] Built target moveit_butterworth_filter
[1.768s] [ 30%] Built target moveit_test_utils
[1.768s] [ 33%] Built target moveit_robot_state
[1.776s] [35m[1mConsolidate compiler generated dependencies of target test_butterworth_filter[0m
[1.781s] [35m[1mConsolidate compiler generated dependencies of target moveit_kinematics_metrics[0m
[1.781s] [35m[1mConsolidate compiler generated dependencies of target moveit_dynamics_solver[0m
[1.781s] [35m[1mConsolidate compiler generated dependencies of target test_cartesian_interpolator[0m
[1.781s] [35m[1mConsolidate compiler generated dependencies of target test_robot_state_benchmark[0m
[1.781s] [35m[1mConsolidate compiler generated dependencies of target moveit_robot_trajectory[0m
[1.781s] [35m[1mConsolidate compiler generated dependencies of target test_robot_state[0m
[1.781s] [35m[1mConsolidate compiler generated dependencies of target test_robot_model[0m
[1.781s] [35m[1mConsolidate compiler generated dependencies of target test_robot_state_complex[0m
[1.781s] [35m[1mConsolidate compiler generated dependencies of target test_aabb[0m
[1.789s] [35m[1mConsolidate compiler generated dependencies of target moveit_collision_detection[0m
[1.795s] [ 34%] Built target moveit_kinematics_metrics
[1.795s] [ 35%] Built target test_cartesian_interpolator
[1.795s] [ 36%] Built target test_butterworth_filter
[1.796s] [ 37%] Built target moveit_dynamics_solver
[1.797s] [ 38%] Built target test_robot_state_complex
[1.797s] [ 39%] Built target test_robot_model
[1.797s] [ 40%] Built target moveit_robot_trajectory
[1.798s] [ 41%] Built target test_robot_state_benchmark
[1.799s] [ 43%] Built target test_robot_state
[1.801s] [ 44%] Built target test_aabb
[1.807s] [35m[1mConsolidate compiler generated dependencies of target test_robot_trajectory[0m
[1.807s] [35m[1mConsolidate compiler generated dependencies of target moveit_planning_interface[0m
[1.811s] [35m[1mConsolidate compiler generated dependencies of target moveit_trajectory_processing[0m
[1.821s] [ 49%] Built target moveit_collision_detection
[1.822s] [ 50%] Built target test_robot_trajectory
[1.824s] [ 52%] Built target moveit_planning_interface
[1.830s] [35m[1mConsolidate compiler generated dependencies of target test_world_diff[0m
[1.830s] [35m[1mConsolidate compiler generated dependencies of target test_world[0m
[1.832s] [35m[1mConsolidate compiler generated dependencies of target test_all_valid[0m
[1.835s] [35m[1mConsolidate compiler generated dependencies of target moveit_collision_detection_fcl[0m
[1.835s] [ 55%] Built target moveit_trajectory_processing
[1.842s] [35m[1mConsolidate compiler generated dependencies of target moveit_collision_detection_bullet[0m
[1.842s] [ 57%] Built target test_world_diff
[1.844s] [ 58%] Built target test_world
[1.844s] [35m[1mConsolidate compiler generated dependencies of target test_time_parameterization[0m
[1.845s] [35m[1mConsolidate compiler generated dependencies of target test_ruckig_traj_smoothing[0m
[1.847s] [ 59%] Built target test_all_valid
[1.847s] [35m[1mConsolidate compiler generated dependencies of target test_time_optimal_trajectory_generation[0m
[1.859s] [ 60%] Built target test_ruckig_traj_smoothing
[1.860s] [ 63%] Built target test_time_parameterization
[1.860s] [ 63%] Built target moveit_collision_detection_fcl
[1.863s] [ 65%] Built target test_time_optimal_trajectory_generation
[1.870s] [35m[1mConsolidate compiler generated dependencies of target test_fcl_collision_detection[0m
[1.871s] [35m[1mConsolidate compiler generated dependencies of target moveit_kinematic_constraints[0m
[1.872s] [35m[1mConsolidate compiler generated dependencies of target test_fcl_collision_env[0m
[1.873s] [35m[1mConsolidate compiler generated dependencies of target test_fcl_collision_detection_panda[0m
[1.876s] [ 70%] Built target moveit_collision_detection_bullet
[1.886s] [35m[1mConsolidate compiler generated dependencies of target test_bullet_continuous_collision_checking[0m
[1.886s] [35m[1mConsolidate compiler generated dependencies of target test_bullet_collision_detection[0m
[1.887s] [35m[1mConsolidate compiler generated dependencies of target test_bullet_collision_detection_panda[0m
[1.892s] [ 71%] Built target test_fcl_collision_detection
[1.893s] [ 72%] Built target test_fcl_collision_env
[1.894s] [ 74%] Built target moveit_kinematic_constraints
[1.897s] [ 76%] Built target test_fcl_collision_detection_panda
[1.902s] [ 77%] Built target test_bullet_collision_detection
[1.904s] [35m[1mConsolidate compiler generated dependencies of target test_constraints[0m
[1.904s] [35m[1mConsolidate compiler generated dependencies of target test_orientation_constraints[0m
[1.905s] [ 78%] Built target test_bullet_continuous_collision_checking
[1.905s] [35m[1mConsolidate compiler generated dependencies of target moveit_planning_scene[0m
[1.908s] [ 80%] Built target test_bullet_collision_detection_panda
[1.919s] [ 81%] Built target test_constraints
[1.921s] [ 82%] Built target test_orientation_constraints
[1.924s] [ 84%] Built target moveit_planning_scene
[1.934s] [35m[1mConsolidate compiler generated dependencies of target moveit_planning_request_adapter[0m
[1.934s] [35m[1mConsolidate compiler generated dependencies of target test_planning_scene[0m
[1.936s] [35m[1mConsolidate compiler generated dependencies of target collision_detector_bullet_plugin[0m
[1.936s] [35m[1mConsolidate compiler generated dependencies of target test_collision_objects[0m
[1.936s] [35m[1mConsolidate compiler generated dependencies of target test_multi_threaded[0m
[1.937s] [35m[1mConsolidate compiler generated dependencies of target collision_detector_fcl_plugin[0m
[1.941s] [35m[1mConsolidate compiler generated dependencies of target moveit_collision_distance_field[0m
[1.942s] [35m[1mConsolidate compiler generated dependencies of target moveit_constraint_samplers[0m
[1.950s] [ 85%] Built target moveit_planning_request_adapter
[1.952s] [ 86%] Built target collision_detector_bullet_plugin
[1.956s] [ 87%] Built target test_planning_scene
[1.959s] [ 89%] Built target test_collision_objects
[1.959s] [ 89%] Built target test_multi_threaded
[1.959s] [ 90%] Built target collision_detector_fcl_plugin
[1.969s] [ 93%] Built target moveit_constraint_samplers
[1.969s] [ 96%] Built target moveit_collision_distance_field
[1.978s] [35m[1mConsolidate compiler generated dependencies of target test_collision_distance_field[0m
[1.980s] [35m[1mConsolidate compiler generated dependencies of target test_constraint_samplers[0m
[1.995s] [ 97%] Built target test_collision_distance_field
[2.001s] [100%] Built target test_constraint_samplers
[2.010s] Invoked command in '/home/locobot/LoCoBotRos/interbotix_ws/build/moveit_core' returned '0': AMENT_PREFIX_PATH=/home/locobot/LoCoBotRos/interbotix_ws/install/moveit_resources_panda_moveit_config:/home/locobot/LoCoBotRos/interbotix_ws/install/srdfdom:/home/locobot/LoCoBotRos/interbotix_ws/install/moveit_resources_pr2_description:/home/locobot/LoCoBotRos/interbotix_ws/install/moveit_resources_panda_description:/home/locobot/LoCoBotRos/interbotix_ws/install/moveit_common:${AMENT_PREFIX_PATH} CMAKE_PREFIX_PATH=/home/locobot/LoCoBotRos/interbotix_ws/install/moveit_resources_panda_moveit_config:/home/locobot/LoCoBotRos/interbotix_ws/install/srdfdom:/home/locobot/LoCoBotRos/interbotix_ws/install/moveit_resources_pr2_description:/home/locobot/LoCoBotRos/interbotix_ws/install/moveit_resources_panda_description:/home/locobot/LoCoBotRos/interbotix_ws/install/moveit_common:/home/locobot/apriltag_ws/install/apriltag_ros:/opt/ros/humble LD_LIBRARY_PATH=/home/locobot/LoCoBotRos/interbotix_ws/install/srdfdom/lib:${LD_LIBRARY_PATH} PYTHONPATH=/home/locobot/LoCoBotRos/interbotix_ws/install/srdfdom/local/lib/python3.10/dist-packages:${PYTHONPATH} /usr/bin/cmake --build /home/locobot/LoCoBotRos/interbotix_ws/build/moveit_core -- -j16 -l16
[2.011s] Invoking command in '/home/locobot/LoCoBotRos/interbotix_ws/build/moveit_core': AMENT_PREFIX_PATH=/home/locobot/LoCoBotRos/interbotix_ws/install/moveit_resources_panda_moveit_config:/home/locobot/LoCoBotRos/interbotix_ws/install/srdfdom:/home/locobot/LoCoBotRos/interbotix_ws/install/moveit_resources_pr2_description:/home/locobot/LoCoBotRos/interbotix_ws/install/moveit_resources_panda_description:/home/locobot/LoCoBotRos/interbotix_ws/install/moveit_common:${AMENT_PREFIX_PATH} CMAKE_PREFIX_PATH=/home/locobot/LoCoBotRos/interbotix_ws/install/moveit_resources_panda_moveit_config:/home/locobot/LoCoBotRos/interbotix_ws/install/srdfdom:/home/locobot/LoCoBotRos/interbotix_ws/install/moveit_resources_pr2_description:/home/locobot/LoCoBotRos/interbotix_ws/install/moveit_resources_panda_description:/home/locobot/LoCoBotRos/interbotix_ws/install/moveit_common:/home/locobot/apriltag_ws/install/apriltag_ros:/opt/ros/humble LD_LIBRARY_PATH=/home/locobot/LoCoBotRos/interbotix_ws/install/srdfdom/lib:${LD_LIBRARY_PATH} PYTHONPATH=/home/locobot/LoCoBotRos/interbotix_ws/install/srdfdom/local/lib/python3.10/dist-packages:${PYTHONPATH} /usr/bin/cmake --install /home/locobot/LoCoBotRos/interbotix_ws/build/moveit_core
[2.017s] -- Install configuration: "Debug"
[2.017s] -- Up-to-date: /home/locobot/LoCoBotRos/interbotix_ws/install/moveit_core/include/moveit/version.h
[2.017s] -- Up-to-date: /home/locobot/LoCoBotRos/interbotix_ws/install/moveit_core/include
[2.018s] -- Up-to-date: /home/locobot/LoCoBotRos/interbotix_ws/install/moveit_core/include/moveit
[2.018s] -- Up-to-date: /home/locobot/LoCoBotRos/interbotix_ws/install/moveit_core/include/moveit/collision_distance_field
[2.018s] -- Up-to-date: /home/locobot/LoCoBotRos/interbotix_ws/install/moveit_core/include/moveit/collision_distance_field/collision_common_distance_field.h
[2.018s] -- Up-to-date: /home/locobot/LoCoBotRos/interbotix_ws/install/moveit_core/include/moveit/collision_distance_field/collision_detector_allocator_hybrid.h
[2.018s] -- Up-to-date: /home/locobot/LoCoBotRos/interbotix_ws/install/moveit_core/include/moveit/collision_distance_field/collision_detector_allocator_distance_field.h
[2.018s] -- Up-to-date: /home/locobot/LoCoBotRos/interbotix_ws/install/moveit_core/include/moveit/collision_distance_field/collision_distance_field_types.h
[2.018s] -- Up-to-date: /home/locobot/LoCoBotRos/interbotix_ws/install/moveit_core/include/moveit/collision_distance_field/collision_env_hybrid.h
[2.018s] -- Up-to-date: /home/locobot/LoCoBotRos/interbotix_ws/install/moveit_core/include/moveit/collision_distance_field/collision_env_distance_field.h
[2.018s] -- Up-to-date: /home/locobot/LoCoBotRos/interbotix_ws/install/moveit_core/include/moveit_collision_distance_field_export.h
[2.018s] -- Up-to-date: /home/locobot/LoCoBotRos/interbotix_ws/install/moveit_core/include
[2.018s] -- Up-to-date: /home/locobot/LoCoBotRos/interbotix_ws/install/moveit_core/include/moveit
[2.018s] -- Up-to-date: /home/locobot/LoCoBotRos/interbotix_ws/install/moveit_core/include/moveit/constraint_samplers
[2.018s] -- Up-to-date: /home/locobot/LoCoBotRos/interbotix_ws/install/moveit_core/include/moveit/constraint_samplers/constraint_sampler_manager.h
[2.018s] -- Up-to-date: /home/locobot/LoCoBotRos/interbotix_ws/install/moveit_core/include/moveit/constraint_samplers/default_constraint_samplers.h
[2.018s] -- Up-to-date: /home/locobot/LoCoBotRos/interbotix_ws/install/moveit_core/include/moveit/constraint_samplers/union_constraint_sampler.h
[2.018s] -- Up-to-date: /home/locobot/LoCoBotRos/interbotix_ws/install/moveit_core/include/moveit/constraint_samplers/constraint_sampler_allocator.h
[2.018s] -- Up-to-date: /home/locobot/LoCoBotRos/interbotix_ws/install/moveit_core/include/moveit/constraint_samplers/constraint_sampler.h
[2.018s] -- Up-to-date: /home/locobot/LoCoBotRos/interbotix_ws/install/moveit_core/include/moveit/constraint_samplers/constraint_sampler_tools.h
[2.019s] -- Up-to-date: /home/locobot/LoCoBotRos/interbotix_ws/install/moveit_core/include
[2.019s] -- Up-to-date: /home/locobot/LoCoBotRos/interbotix_ws/install/moveit_core/include/moveit
[2.019s] -- Up-to-date: /home/locobot/LoCoBotRos/interbotix_ws/install/moveit_core/include/moveit/controller_manager
[2.019s] -- Up-to-date: /home/locobot/LoCoBotRos/interbotix_ws/install/moveit_core/include/moveit/controller_manager/controller_manager.h
[2.019s] -- Up-to-date: /home/locobot/LoCoBotRos/interbotix_ws/install/moveit_core/include
[2.019s] -- Up-to-date: /home/locobot/LoCoBotRos/interbotix_ws/install/moveit_core/include/moveit
[2.019s] -- Up-to-date: /home/locobot/LoCoBotRos/interbotix_ws/install/moveit_core/include/moveit/distance_field
[2.019s] -- Up-to-date: /home/locobot/LoCoBotRos/interbotix_ws/install/moveit_core/include/moveit/distance_field/find_internal_points.h
[2.019s] -- Up-to-date: /home/locobot/LoCoBotRos/interbotix_ws/install/moveit_core/include/moveit/distance_field/distance_field.h
[2.019s] -- Up-to-date: /home/locobot/LoCoBotRos/interbotix_ws/install/moveit_core/include/moveit/distance_field/propagation_distance_field.h
[2.019s] -- Up-to-date: /home/locobot/LoCoBotRos/interbotix_ws/install/moveit_core/include/moveit/distance_field/voxel_grid.h
[2.019s] -- Up-to-date: /home/locobot/LoCoBotRos/interbotix_ws/install/moveit_core/include
[2.019s] -- Up-to-date: /home/locobot/LoCoBotRos/interbotix_ws/install/moveit_core/include/moveit
[2.019s] -- Up-to-date: /home/locobot/LoCoBotRos/interbotix_ws/install/moveit_core/include/moveit/dynamics_solver
[2.019s] -- Up-to-date: /home/locobot/LoCoBotRos/interbotix_ws/install/moveit_core/include/moveit/dynamics_solver/dynamics_solver.h
[2.019s] -- Up-to-date: /home/locobot/LoCoBotRos/interbotix_ws/install/moveit_core/include
[2.019s] -- Up-to-date: /home/locobot/LoCoBotRos/interbotix_ws/install/moveit_core/include/moveit
[2.019s] -- Up-to-date: /home/locobot/LoCoBotRos/interbotix_ws/install/moveit_core/include/moveit/exceptions
[2.020s] -- Up-to-date: /home/locobot/LoCoBotRos/interbotix_ws/install/moveit_core/include/moveit/exceptions/exceptions.h
[2.020s] -- Up-to-date: /home/locobot/LoCoBotRos/interbotix_ws/install/moveit_core/include
[2.020s] -- Up-to-date: /home/locobot/LoCoBotRos/interbotix_ws/install/moveit_core/include/moveit
[2.020s] -- Up-to-date: /home/locobot/LoCoBotRos/interbotix_ws/install/moveit_core/include/moveit/kinematics_base
[2.020s] -- Up-to-date: /home/locobot/LoCoBotRos/interbotix_ws/install/moveit_core/include/moveit/kinematics_base/kinematics_base.h
[2.020s] -- Up-to-date: /home/locobot/LoCoBotRos/interbotix_ws/install/moveit_core/include/moveit_kinematics_base_export.h
[2.020s] -- Up-to-date: /home/locobot/LoCoBotRos/interbotix_ws/install/moveit_core/include
[2.020s] -- Up-to-date: /home/locobot/LoCoBotRos/interbotix_ws/install/moveit_core/include/moveit
[2.020s] -- Up-to-date: /home/locobot/LoCoBotRos/interbotix_ws/install/moveit_core/include/moveit/kinematic_constraints
[2.020s] -- Up-to-date: /home/locobot/LoCoBotRos/interbotix_ws/install/moveit_core/include/moveit/kinematic_constraints/kinematic_constraint.h
[2.020s] -- Up-to-date: /home/locobot/LoCoBotRos/interbotix_ws/install/moveit_core/include/moveit/kinematic_constraints/utils.h
[2.020s] -- Up-to-date: /home/locobot/LoCoBotRos/interbotix_ws/install/moveit_core/include
[2.020s] -- Up-to-date: /home/locobot/LoCoBotRos/interbotix_ws/install/moveit_core/include/moveit
[2.020s] -- Up-to-date: /home/locobot/LoCoBotRos/interbotix_ws/install/moveit_core/include/moveit/kinematics_metrics
[2.020s] -- Up-to-date: /home/locobot/LoCoBotRos/interbotix_ws/install/moveit_core/include/moveit/kinematics_metrics/kinematics_metrics.h
[2.020s] -- Up-to-date: /home/locobot/LoCoBotRos/interbotix_ws/install/moveit_core/include
[2.020s] -- Up-to-date: /home/locobot/LoCoBotRos/interbotix_ws/install/moveit_core/include/moveit
[2.020s] -- Up-to-date: /home/locobot/LoCoBotRos/interbotix_ws/install/moveit_core/include/moveit/macros
[2.021s] -- Up-to-date: /home/locobot/LoCoBotRos/interbotix_ws/install/moveit_core/include/moveit/macros/console_colors.h
[2.021s] -- Up-to-date: /home/locobot/LoCoBotRos/interbotix_ws/install/moveit_core/include/moveit/macros/declare_ptr.h
[2.021s] -- Up-to-date: /home/locobot/LoCoBotRos/interbotix_ws/install/moveit_core/include/moveit/macros/deprecation.h
[2.021s] -- Up-to-date: /home/locobot/LoCoBotRos/interbotix_ws/install/moveit_core/include/moveit/macros/class_forward.h
[2.021s] -- Up-to-date: /home/locobot/LoCoBotRos/interbotix_ws/install/moveit_core/include/moveit_core
[2.021s] -- Up-to-date: /home/locobot/LoCoBotRos/interbotix_ws/install/moveit_core/include/moveit_core/moveit_butterworth_parameters.hpp
[2.021s] -- Up-to-date: /home/locobot/LoCoBotRos/interbotix_ws/install/moveit_core/include
[2.021s] -- Up-to-date: /home/locobot/LoCoBotRos/interbotix_ws/install/moveit_core/include/moveit
[2.021s] -- Up-to-date: /home/locobot/LoCoBotRos/interbotix_ws/install/moveit_core/include/moveit/online_signal_smoothing
[2.021s] -- Up-to-date: /home/locobot/LoCoBotRos/interbotix_ws/install/moveit_core/include/moveit/online_signal_smoothing/smoothing_base_class.h
[2.021s] -- Up-to-date: /home/locobot/LoCoBotRos/interbotix_ws/install/moveit_core/include/moveit/online_signal_smoothing/butterworth_filter.h
[2.021s] -- Up-to-date: /home/locobot/LoCoBotRos/interbotix_ws/install/moveit_core/include/moveit_smoothing_base_export.h
[2.021s] -- Up-to-date: /home/locobot/LoCoBotRos/interbotix_ws/install/moveit_core/include/moveit_butterworth_filter_export.h
[2.021s] -- Up-to-date: /home/locobot/LoCoBotRos/interbotix_ws/install/moveit_core/include
[2.021s] -- Up-to-date: /home/locobot/LoCoBotRos/interbotix_ws/install/moveit_core/include/moveit
[2.021s] -- Up-to-date: /home/locobot/LoCoBotRos/interbotix_ws/install/moveit_core/include/moveit/planning_interface
[2.021s] -- Up-to-date: /home/locobot/LoCoBotRos/interbotix_ws/install/moveit_core/include/moveit/planning_interface/planning_request.h
[2.021s] -- Up-to-date: /home/locobot/LoCoBotRos/interbotix_ws/install/moveit_core/include/moveit/planning_interface/planning_response.h
[2.022s] -- Up-to-date: /home/locobot/LoCoBotRos/interbotix_ws/install/moveit_core/include/moveit/planning_interface/planning_interface.h
[2.022s] -- Up-to-date: /home/locobot/LoCoBotRos/interbotix_ws/install/moveit_core/include
[2.022s] -- Up-to-date: /home/locobot/LoCoBotRos/interbotix_ws/install/moveit_core/include/moveit
[2.022s] -- Up-to-date: /home/locobot/LoCoBotRos/interbotix_ws/install/moveit_core/include/moveit/planning_request_adapter
[2.022s] -- Up-to-date: /home/locobot/LoCoBotRos/interbotix_ws/install/moveit_core/include/moveit/planning_request_adapter/planning_request_adapter.h
[2.022s] -- Up-to-date: /home/locobot/LoCoBotRos/interbotix_ws/install/moveit_core/include
[2.022s] -- Up-to-date: /home/locobot/LoCoBotRos/interbotix_ws/install/moveit_core/include/moveit
[2.022s] -- Up-to-date: /home/locobot/LoCoBotRos/interbotix_ws/install/moveit_core/include/moveit/planning_scene
[2.022s] -- Up-to-date: /home/locobot/LoCoBotRos/interbotix_ws/install/moveit_core/include/moveit/planning_scene/planning_scene.h
[2.022s] -- Up-to-date: /home/locobot/LoCoBotRos/interbotix_ws/install/moveit_core/include/moveit_planning_scene_export.h
[2.022s] -- Up-to-date: /home/locobot/LoCoBotRos/interbotix_ws/install/moveit_core/include
[2.022s] -- Up-to-date: /home/locobot/LoCoBotRos/interbotix_ws/install/moveit_core/include/moveit
[2.022s] -- Up-to-date: /home/locobot/LoCoBotRos/interbotix_ws/install/moveit_core/include/moveit/robot_model
[2.022s] -- Up-to-date: /home/locobot/LoCoBotRos/interbotix_ws/install/moveit_core/include/moveit/robot_model/joint_model.h
[2.022s] -- Up-to-date: /home/locobot/LoCoBotRos/interbotix_ws/install/moveit_core/include/moveit/robot_model/joint_model_group.h
[2.022s] -- Up-to-date: /home/locobot/LoCoBotRos/interbotix_ws/install/moveit_core/include/moveit/robot_model/robot_model.h
[2.022s] -- Up-to-date: /home/locobot/LoCoBotRos/interbotix_ws/install/moveit_core/include/moveit/robot_model/floating_joint_model.h
[2.022s] -- Up-to-date: /home/locobot/LoCoBotRos/interbotix_ws/install/moveit_core/include/moveit/robot_model/planar_joint_model.h
[2.023s] -- Up-to-date: /home/locobot/LoCoBotRos/interbotix_ws/install/moveit_core/include/moveit/robot_model/prismatic_joint_model.h
[2.023s] -- Up-to-date: /home/locobot/LoCoBotRos/interbotix_ws/install/moveit_core/include/moveit/robot_model/fixed_joint_model.h
[2.023s] -- Up-to-date: /home/locobot/LoCoBotRos/interbotix_ws/install/moveit_core/include/moveit/robot_model/revolute_joint_model.h
[2.023s] -- Up-to-date: /home/locobot/LoCoBotRos/interbotix_ws/install/moveit_core/include/moveit/robot_model/aabb.h
[2.023s] -- Up-to-date: /home/locobot/LoCoBotRos/interbotix_ws/install/moveit_core/include/moveit/robot_model/link_model.h
[2.023s] -- Up-to-date: /home/locobot/LoCoBotRos/interbotix_ws/install/moveit_core/include
[2.023s] -- Up-to-date: /home/locobot/LoCoBotRos/interbotix_ws/install/moveit_core/include/moveit
[2.023s] -- Up-to-date: /home/locobot/LoCoBotRos/interbotix_ws/install/moveit_core/include/moveit/robot_state
[2.023s] -- Up-to-date: /home/locobot/LoCoBotRos/interbotix_ws/install/moveit_core/include/moveit/robot_state/conversions.h
[2.023s] -- Up-to-date: /home/locobot/LoCoBotRos/interbotix_ws/install/moveit_core/include/moveit/robot_state/attached_body.h
[2.023s] -- Up-to-date: /home/locobot/LoCoBotRos/interbotix_ws/install/moveit_core/include/moveit/robot_state/robot_state.h
[2.023s] -- Up-to-date: /home/locobot/LoCoBotRos/interbotix_ws/install/moveit_core/include/moveit/robot_state/cartesian_interpolator.h
[2.023s] -- Up-to-date: /home/locobot/LoCoBotRos/interbotix_ws/install/moveit_core/include
[2.023s] -- Up-to-date: /home/locobot/LoCoBotRos/interbotix_ws/install/moveit_core/include/moveit
[2.023s] -- Up-to-date: /home/locobot/LoCoBotRos/interbotix_ws/install/moveit_core/include/moveit/robot_trajectory
[2.023s] -- Up-to-date: /home/locobot/LoCoBotRos/interbotix_ws/install/moveit_core/include/moveit/robot_trajectory/robot_trajectory.h
[2.023s] -- Up-to-date: /home/locobot/LoCoBotRos/interbotix_ws/install/moveit_core/include
[2.024s] -- Up-to-date: /home/locobot/LoCoBotRos/interbotix_ws/install/moveit_core/include/moveit
[2.024s] -- Up-to-date: /home/locobot/LoCoBotRos/interbotix_ws/install/moveit_core/include/moveit/sensor_manager
[2.024s] -- Up-to-date: /home/locobot/LoCoBotRos/interbotix_ws/install/moveit_core/include/moveit/sensor_manager/sensor_manager.h
[2.024s] -- Up-to-date: /home/locobot/LoCoBotRos/interbotix_ws/install/moveit_core/include
[2.024s] -- Up-to-date: /home/locobot/LoCoBotRos/interbotix_ws/install/moveit_core/include/moveit
[2.024s] -- Up-to-date: /home/locobot/LoCoBotRos/interbotix_ws/install/moveit_core/include/moveit/trajectory_processing
[2.024s] -- Up-to-date: /home/locobot/LoCoBotRos/interbotix_ws/install/moveit_core/include/moveit/trajectory_processing/time_parameterization.h
[2.024s] -- Up-to-date: /home/locobot/LoCoBotRos/interbotix_ws/install/moveit_core/include/moveit/trajectory_processing/iterative_time_parameterization.h
[2.024s] -- Up-to-date: /home/locobot/LoCoBotRos/interbotix_ws/install/moveit_core/include/moveit/trajectory_processing/ruckig_traj_smoothing.h
[2.024s] -- Up-to-date: /home/locobot/LoCoBotRos/interbotix_ws/install/moveit_core/include/moveit/trajectory_processing/trajectory_tools.h
[2.024s] -- Up-to-date: /home/locobot/LoCoBotRos/interbotix_ws/install/moveit_core/include/moveit/trajectory_processing/iterative_spline_parameterization.h
[2.024s] -- Up-to-date: /home/locobot/LoCoBotRos/interbotix_ws/install/moveit_core/include/moveit/trajectory_processing/time_optimal_trajectory_generation.h
[2.024s] -- Up-to-date: /home/locobot/LoCoBotRos/interbotix_ws/install/moveit_core/include
[2.024s] -- Up-to-date: /home/locobot/LoCoBotRos/interbotix_ws/install/moveit_core/include/moveit
[2.024s] -- Up-to-date: /home/locobot/LoCoBotRos/interbotix_ws/install/moveit_core/include/moveit/transforms
[2.024s] -- Up-to-date: /home/locobot/LoCoBotRos/interbotix_ws/install/moveit_core/include/moveit/transforms/transforms.h
[2.024s] -- Up-to-date: /home/locobot/LoCoBotRos/interbotix_ws/install/moveit_core/include
[2.024s] -- Up-to-date: /home/locobot/LoCoBotRos/interbotix_ws/install/moveit_core/include/moveit
[2.024s] -- Up-to-date: /home/locobot/LoCoBotRos/interbotix_ws/install/moveit_core/include/moveit/utils
[2.024s] -- Up-to-date: /home/locobot/LoCoBotRos/interbotix_ws/install/moveit_core/include/moveit/utils/moveit_error_code.h
[2.024s] -- Up-to-date: /home/locobot/LoCoBotRos/interbotix_ws/install/moveit_core/include/moveit/utils/message_checks.h
[2.024s] -- Up-to-date: /home/locobot/LoCoBotRos/interbotix_ws/install/moveit_core/include/moveit/utils/lexical_casts.h
[2.025s] -- Up-to-date: /home/locobot/LoCoBotRos/interbotix_ws/install/moveit_core/include/moveit/utils/rclcpp_utils.h
[2.025s] -- Up-to-date: /home/locobot/LoCoBotRos/interbotix_ws/install/moveit_core/include/moveit/utils/robot_model_test_utils.h
[2.025s] -- Up-to-date: /home/locobot/LoCoBotRos/interbotix_ws/install/moveit_core/bin/moveit_version
[2.025s] -- Up-to-date: /home/locobot/LoCoBotRos/interbotix_ws/install/moveit_core/include
[2.025s] -- Up-to-date: /home/locobot/LoCoBotRos/interbotix_ws/install/moveit_core/include/moveit
[2.025s] -- Up-to-date: /home/locobot/LoCoBotRos/interbotix_ws/install/moveit_core/include/moveit/collision_detection
[2.025s] -- Up-to-date: /home/locobot/LoCoBotRos/interbotix_ws/install/moveit_core/include/moveit/collision_detection/collision_octomap_filter.h
[2.025s] -- Up-to-date: /home/locobot/LoCoBotRos/interbotix_ws/install/moveit_core/include/moveit/collision_detection/world_diff.h
[2.025s] -- Up-to-date: /home/locobot/LoCoBotRos/interbotix_ws/install/moveit_core/include/moveit/collision_detection/test_collision_common_panda.h
[2.025s] -- Up-to-date: /home/locobot/LoCoBotRos/interbotix_ws/install/moveit_core/include/moveit/collision_detection/test_collision_common_pr2.h
[2.025s] -- Up-to-date: /home/locobot/LoCoBotRos/interbotix_ws/install/moveit_core/include/moveit/collision_detection/collision_plugin.h
[2.025s] -- Up-to-date: /home/locobot/LoCoBotRos/interbotix_ws/install/moveit_core/include/moveit/collision_detection/occupancy_map.h
[2.025s] -- Up-to-date: /home/locobot/LoCoBotRos/interbotix_ws/install/moveit_core/include/moveit/collision_detection/world.h
[2.025s] -- Up-to-date: /home/locobot/LoCoBotRos/interbotix_ws/install/moveit_core/include/moveit/collision_detection/collision_tools.h
[2.025s] -- Up-to-date: /home/locobot/LoCoBotRos/interbotix_ws/install/moveit_core/include/moveit/collision_detection/collision_env.h
[2.025s] -- Up-to-date: /home/locobot/LoCoBotRos/interbotix_ws/install/moveit_core/include/moveit/collision_detection/collision_matrix.h
[2.025s] -- Up-to-date: /home/locobot/LoCoBotRos/interbotix_ws/install/moveit_core/include/moveit/collision_detection/allvalid
[2.026s] -- Up-to-date: /home/locobot/LoCoBotRos/interbotix_ws/install/moveit_core/include/moveit/collision_detection/allvalid/collision_env_allvalid.h
[2.026s] -- Up-to-date: /home/locobot/LoCoBotRos/interbotix_ws/install/moveit_core/include/moveit/collision_detection/allvalid/collision_detector_allocator_allvalid.h
[2.026s] -- Up-to-date: /home/locobot/LoCoBotRos/interbotix_ws/install/moveit_core/include/moveit/collision_detection/collision_detector_allocator.h
[2.026s] -- Up-to-date: /home/locobot/LoCoBotRos/interbotix_ws/install/moveit_core/include/moveit/collision_detection/collision_common.h
[2.026s] -- Up-to-date: /home/locobot/LoCoBotRos/interbotix_ws/install/moveit_core/include/moveit/collision_detection/collision_plugin_cache.h
[2.026s] -- Up-to-date: /home/locobot/LoCoBotRos/interbotix_ws/install/moveit_core/include/moveit_collision_detection_export.h
[2.026s] -- Up-to-date: /home/locobot/LoCoBotRos/interbotix_ws/install/moveit_core/include
[2.026s] -- Up-to-date: /home/locobot/LoCoBotRos/interbotix_ws/install/moveit_core/include/moveit
[2.026s] -- Up-to-date: /home/locobot/LoCoBotRos/interbotix_ws/install/moveit_core/include/moveit/collision_detection_bullet
[2.026s] -- Up-to-date: /home/locobot/LoCoBotRos/interbotix_ws/install/moveit_core/include/moveit/collision_detection_bullet/collision_detector_bullet_plugin_loader.h
[2.026s] -- Up-to-date: /home/locobot/LoCoBotRos/interbotix_ws/install/moveit_core/include/moveit/collision_detection_bullet/collision_detector_allocator_bullet.h
[2.026s] -- Up-to-date: /home/locobot/LoCoBotRos/interbotix_ws/install/moveit_core/include/moveit/collision_detection_bullet/collision_env_bullet.h
[2.026s] -- Up-to-date: /home/locobot/LoCoBotRos/interbotix_ws/install/moveit_core/include/moveit/collision_detection_bullet/bullet_integration
[2.026s] -- Up-to-date: /home/locobot/LoCoBotRos/interbotix_ws/install/moveit_core/include/moveit/collision_detection_bullet/bullet_integration/bullet_bvh_manager.h
[2.026s] -- Up-to-date: /home/locobot/LoCoBotRos/interbotix_ws/install/moveit_core/include/moveit/collision_detection_bullet/bullet_integration/basic_types.h
[2.026s] -- Up-to-date: /home/locobot/LoCoBotRos/interbotix_ws/install/moveit_core/include/moveit/collision_detection_bullet/bullet_integration/bullet_utils.h
[2.026s] -- Up-to-date: /home/locobot/LoCoBotRos/interbotix_ws/install/moveit_core/include/moveit/collision_detection_bullet/bullet_integration/ros_bullet_utils.h
[2.026s] -- Up-to-date: /home/locobot/LoCoBotRos/interbotix_ws/install/moveit_core/include/moveit/collision_detection_bullet/bullet_integration/bullet_cast_bvh_manager.h
[2.026s] -- Up-to-date: /home/locobot/LoCoBotRos/interbotix_ws/install/moveit_core/include/moveit/collision_detection_bullet/bullet_integration/bullet_discrete_bvh_manager.h
[2.026s] -- Up-to-date: /home/locobot/LoCoBotRos/interbotix_ws/install/moveit_core/include/moveit/collision_detection_bullet/bullet_integration/contact_checker_common.h
[2.026s] -- Up-to-date: /home/locobot/LoCoBotRos/interbotix_ws/install/moveit_core/include/moveit_collision_detection_bullet_export.h
[2.026s] -- Up-to-date: /home/locobot/LoCoBotRos/interbotix_ws/install/moveit_core/include
[2.027s] -- Up-to-date: /home/locobot/LoCoBotRos/interbotix_ws/install/moveit_core/include/moveit
[2.027s] -- Up-to-date: /home/locobot/LoCoBotRos/interbotix_ws/install/moveit_core/include/moveit/collision_detection_fcl
[2.027s] -- Up-to-date: /home/locobot/LoCoBotRos/interbotix_ws/install/moveit_core/include/moveit/collision_detection_fcl/collision_detector_allocator_fcl.h
[2.027s] -- Up-to-date: /home/locobot/LoCoBotRos/interbotix_ws/install/moveit_core/include/moveit/collision_detection_fcl/fcl_compat.h
[2.027s] -- Up-to-date: /home/locobot/LoCoBotRos/interbotix_ws/install/moveit_core/include/moveit/collision_detection_fcl/collision_detector_fcl_plugin_loader.h
[2.027s] -- Up-to-date: /home/locobot/LoCoBotRos/interbotix_ws/install/moveit_core/include/moveit/collision_detection_fcl/collision_common.h
[2.027s] -- Up-to-date: /home/locobot/LoCoBotRos/interbotix_ws/install/moveit_core/include/moveit/collision_detection_fcl/collision_env_fcl.h
[2.027s] -- Up-to-date: /home/locobot/LoCoBotRos/interbotix_ws/install/moveit_core/include/moveit_collision_detection_fcl_export.h
[2.027s] -- Up-to-date: /home/locobot/LoCoBotRos/interbotix_ws/install/moveit_core/lib/libcollision_detector_bullet_plugin.so.2.5.9
[2.027s] -- Up-to-date: /home/locobot/LoCoBotRos/interbotix_ws/install/moveit_core/lib/libcollision_detector_bullet_plugin.so
[2.027s] -- Up-to-date: /home/locobot/LoCoBotRos/interbotix_ws/install/moveit_core/lib/libmoveit_butterworth_filter.so.2.5.9
[2.027s] -- Up-to-date: /home/locobot/LoCoBotRos/interbotix_ws/install/moveit_core/lib/libmoveit_butterworth_filter.so
[2.028s] -- Up-to-date: /home/locobot/LoCoBotRos/interbotix_ws/install/moveit_core/lib/libmoveit_collision_distance_field.so.2.5.9
[2.028s] -- Up-to-date: /home/locobot/LoCoBotRos/interbotix_ws/install/moveit_core/lib/libmoveit_collision_distance_field.so
[2.028s] -- Up-to-date: /home/locobot/LoCoBotRos/interbotix_ws/install/moveit_core/lib/libmoveit_collision_detection.so.2.5.9
[2.029s] -- Up-to-date: /home/locobot/LoCoBotRos/interbotix_ws/install/moveit_core/lib/libmoveit_collision_detection.so
[2.029s] -- Up-to-date: /home/locobot/LoCoBotRos/interbotix_ws/install/moveit_core/lib/libmoveit_collision_detection_fcl.so.2.5.9
[2.029s] -- Up-to-date: /home/locobot/LoCoBotRos/interbotix_ws/install/moveit_core/lib/libmoveit_collision_detection_fcl.so
[2.030s] -- Up-to-date: /home/locobot/LoCoBotRos/interbotix_ws/install/moveit_core/lib/libmoveit_collision_detection_bullet.so.2.5.9
[2.030s] -- Up-to-date: /home/locobot/LoCoBotRos/interbotix_ws/install/moveit_core/lib/libmoveit_collision_detection_bullet.so
[2.031s] -- Up-to-date: /home/locobot/LoCoBotRos/interbotix_ws/install/moveit_core/lib/libmoveit_dynamics_solver.so.2.5.9
[2.031s] -- Up-to-date: /home/locobot/LoCoBotRos/interbotix_ws/install/moveit_core/lib/libmoveit_dynamics_solver.so
[2.032s] -- Up-to-date: /home/locobot/LoCoBotRos/interbotix_ws/install/moveit_core/lib/libmoveit_constraint_samplers.so.2.5.9
[2.032s] -- Up-to-date: /home/locobot/LoCoBotRos/interbotix_ws/install/moveit_core/lib/libmoveit_constraint_samplers.so
[2.033s] -- Up-to-date: /home/locobot/LoCoBotRos/interbotix_ws/install/moveit_core/lib/libmoveit_distance_field.so.2.5.9
[2.033s] -- Up-to-date: /home/locobot/LoCoBotRos/interbotix_ws/install/moveit_core/lib/libmoveit_distance_field.so
[2.033s] -- Up-to-date: /home/locobot/LoCoBotRos/interbotix_ws/install/moveit_core/lib/libmoveit_exceptions.so.2.5.9
[2.034s] -- Up-to-date: /home/locobot/LoCoBotRos/interbotix_ws/install/moveit_core/lib/libmoveit_exceptions.so
[2.034s] -- Up-to-date: /home/locobot/LoCoBotRos/interbotix_ws/install/moveit_core/lib/libmoveit_kinematics_base.so
[2.035s] -- Up-to-date: /home/locobot/LoCoBotRos/interbotix_ws/install/moveit_core/lib/libmoveit_kinematic_constraints.so.2.5.9
[2.035s] -- Up-to-date: /home/locobot/LoCoBotRos/interbotix_ws/install/moveit_core/lib/libmoveit_kinematic_constraints.so
[2.036s] -- Up-to-date: /home/locobot/LoCoBotRos/interbotix_ws/install/moveit_core/lib/libmoveit_kinematics_metrics.so.2.5.9
[2.036s] -- Up-to-date: /home/locobot/LoCoBotRos/interbotix_ws/install/moveit_core/lib/libmoveit_kinematics_metrics.so
[2.037s] -- Up-to-date: /home/locobot/LoCoBotRos/interbotix_ws/install/moveit_core/lib/libmoveit_planning_interface.so.2.5.9
[2.037s] -- Up-to-date: /home/locobot/LoCoBotRos/interbotix_ws/install/moveit_core/lib/libmoveit_planning_interface.so
[2.037s] -- Up-to-date: /home/locobot/LoCoBotRos/interbotix_ws/install/moveit_core/lib/libmoveit_planning_scene.so.2.5.9
[2.038s] -- Up-to-date: /home/locobot/LoCoBotRos/interbotix_ws/install/moveit_core/lib/libmoveit_planning_scene.so
[2.038s] -- Up-to-date: /home/locobot/LoCoBotRos/interbotix_ws/install/moveit_core/lib/libmoveit_planning_request_adapter.so.2.5.9
[2.038s] -- Up-to-date: /home/locobot/LoCoBotRos/interbotix_ws/install/moveit_core/lib/libmoveit_planning_request_adapter.so
[2.039s] -- Up-to-date: /home/locobot/LoCoBotRos/interbotix_ws/install/moveit_core/lib/libmoveit_robot_model.so.2.5.9
[2.039s] -- Up-to-date: /home/locobot/LoCoBotRos/interbotix_ws/install/moveit_core/lib/libmoveit_robot_model.so
[2.040s] -- Up-to-date: /home/locobot/LoCoBotRos/interbotix_ws/install/moveit_core/lib/libmoveit_robot_state.so.2.5.9
[2.040s] -- Up-to-date: /home/locobot/LoCoBotRos/interbotix_ws/install/moveit_core/lib/libmoveit_robot_state.so
[2.040s] -- Up-to-date: /home/locobot/LoCoBotRos/interbotix_ws/install/moveit_core/lib/libmoveit_robot_trajectory.so.2.5.9
[2.041s] -- Up-to-date: /home/locobot/LoCoBotRos/interbotix_ws/install/moveit_core/lib/libmoveit_robot_trajectory.so
[2.041s] -- Up-to-date: /home/locobot/LoCoBotRos/interbotix_ws/install/moveit_core/lib/libmoveit_smoothing_base.so.2.5.9
[2.041s] -- Up-to-date: /home/locobot/LoCoBotRos/interbotix_ws/install/moveit_core/lib/libmoveit_smoothing_base.so
[2.042s] -- Up-to-date: /home/locobot/LoCoBotRos/interbotix_ws/install/moveit_core/lib/libmoveit_test_utils.so.2.5.9
[2.042s] -- Up-to-date: /home/locobot/LoCoBotRos/interbotix_ws/install/moveit_core/lib/libmoveit_test_utils.so
[2.043s] -- Up-to-date: /home/locobot/LoCoBotRos/interbotix_ws/install/moveit_core/lib/libmoveit_trajectory_processing.so.2.5.9
[2.043s] -- Up-to-date: /home/locobot/LoCoBotRos/interbotix_ws/install/moveit_core/lib/libmoveit_trajectory_processing.so
[2.043s] -- Up-to-date: /home/locobot/LoCoBotRos/interbotix_ws/install/moveit_core/lib/libmoveit_transforms.so.2.5.9
[2.043s] -- Up-to-date: /home/locobot/LoCoBotRos/interbotix_ws/install/moveit_core/lib/libmoveit_transforms.so
[2.044s] -- Up-to-date: /home/locobot/LoCoBotRos/interbotix_ws/install/moveit_core/lib/libmoveit_utils.so.2.5.9
[2.044s] -- Up-to-date: /home/locobot/LoCoBotRos/interbotix_ws/install/moveit_core/lib/libmoveit_utils.so
[2.044s] -- Up-to-date: /home/locobot/LoCoBotRos/interbotix_ws/install/moveit_core/share/moveit_core/environment/library_path.sh
[2.044s] -- Installing: /home/locobot/LoCoBotRos/interbotix_ws/install/moveit_core/share/moveit_core/environment/library_path.dsv
[2.044s] -- Up-to-date: /home/locobot/LoCoBotRos/interbotix_ws/install/moveit_core/share/moveit_core/collision_detector_fcl_description.xml
[2.045s] -- Up-to-date: /home/locobot/LoCoBotRos/interbotix_ws/install/moveit_core/share/moveit_core/collision_detector_bullet_description.xml
[2.045s] -- Up-to-date: /home/locobot/LoCoBotRos/interbotix_ws/install/moveit_core/share/moveit_core/filter_plugin_butterworth.xml
[2.045s] -- Up-to-date: /home/locobot/LoCoBotRos/interbotix_ws/install/moveit_core/share/ament_index/resource_index/package_run_dependencies/moveit_core
[2.045s] -- Installing: /home/locobot/LoCoBotRos/interbotix_ws/install/moveit_core/share/ament_index/resource_index/parent_prefix_path/moveit_core
[2.045s] -- Up-to-date: /home/locobot/LoCoBotRos/interbotix_ws/install/moveit_core/share/moveit_core/environment/ament_prefix_path.sh
[2.045s] -- Installing: /home/locobot/LoCoBotRos/interbotix_ws/install/moveit_core/share/moveit_core/environment/ament_prefix_path.dsv
[2.045s] -- Up-to-date: /home/locobot/LoCoBotRos/interbotix_ws/install/moveit_core/share/moveit_core/environment/path.sh
[2.045s] -- Installing: /home/locobot/LoCoBotRos/interbotix_ws/install/moveit_core/share/moveit_core/environment/path.dsv
[2.045s] -- Up-to-date: /home/locobot/LoCoBotRos/interbotix_ws/install/moveit_core/share/moveit_core/local_setup.bash
[2.045s] -- Up-to-date: /home/locobot/LoCoBotRos/interbotix_ws/install/moveit_core/share/moveit_core/local_setup.sh
[2.045s] -- Up-to-date: /home/locobot/LoCoBotRos/interbotix_ws/install/moveit_core/share/moveit_core/local_setup.zsh
[2.045s] -- Installing: /home/locobot/LoCoBotRos/interbotix_ws/install/moveit_core/share/moveit_core/local_setup.dsv
[2.045s] -- Installing: /home/locobot/LoCoBotRos/interbotix_ws/install/moveit_core/share/moveit_core/package.dsv
[2.045s] -- Up-to-date: /home/locobot/LoCoBotRos/interbotix_ws/install/moveit_core/share/ament_index/resource_index/packages/moveit_core
[2.046s] -- Up-to-date: /home/locobot/LoCoBotRos/interbotix_ws/install/moveit_core/share/ament_index/resource_index/moveit_core__pluginlib__plugin/moveit_core
[2.046s] -- Up-to-date: /home/locobot/LoCoBotRos/interbotix_ws/install/moveit_core/share/moveit_core/cmake/export_moveit_coreExport.cmake
[2.046s] -- Up-to-date: /home/locobot/LoCoBotRos/interbotix_ws/install/moveit_core/share/moveit_core/cmake/export_moveit_coreExport-debug.cmake
[2.046s] -- Up-to-date: /home/locobot/LoCoBotRos/interbotix_ws/install/moveit_core/share/moveit_core/cmake/ConfigExtras.cmake
[2.046s] -- Up-to-date: /home/locobot/LoCoBotRos/interbotix_ws/install/moveit_core/share/moveit_core/cmake/ament_cmake_export_targets-extras.cmake
[2.046s] -- Up-to-date: /home/locobot/LoCoBotRos/interbotix_ws/install/moveit_core/share/moveit_core/cmake/ament_cmake_export_dependencies-extras.cmake
[2.046s] -- Up-to-date: /home/locobot/LoCoBotRos/interbotix_ws/install/moveit_core/share/moveit_core/cmake/moveit_coreConfig.cmake
[2.046s] -- Up-to-date: /home/locobot/LoCoBotRos/interbotix_ws/install/moveit_core/share/moveit_core/cmake/moveit_coreConfig-version.cmake
[2.047s] -- Up-to-date: /home/locobot/LoCoBotRos/interbotix_ws/install/moveit_core/share/moveit_core/package.xml
[2.048s] Invoked command in '/home/locobot/LoCoBotRos/interbotix_ws/build/moveit_core' returned '0': AMENT_PREFIX_PATH=/home/locobot/LoCoBotRos/interbotix_ws/install/moveit_resources_panda_moveit_config:/home/locobot/LoCoBotRos/interbotix_ws/install/srdfdom:/home/locobot/LoCoBotRos/interbotix_ws/install/moveit_resources_pr2_description:/home/locobot/LoCoBotRos/interbotix_ws/install/moveit_resources_panda_description:/home/locobot/LoCoBotRos/interbotix_ws/install/moveit_common:${AMENT_PREFIX_PATH} CMAKE_PREFIX_PATH=/home/locobot/LoCoBotRos/interbotix_ws/install/moveit_resources_panda_moveit_config:/home/locobot/LoCoBotRos/interbotix_ws/install/srdfdom:/home/locobot/LoCoBotRos/interbotix_ws/install/moveit_resources_pr2_description:/home/locobot/LoCoBotRos/interbotix_ws/install/moveit_resources_panda_description:/home/locobot/LoCoBotRos/interbotix_ws/install/moveit_common:/home/locobot/apriltag_ws/install/apriltag_ros:/opt/ros/humble LD_LIBRARY_PATH=/home/locobot/LoCoBotRos/interbotix_ws/install/srdfdom/lib:${LD_LIBRARY_PATH} PYTHONPATH=/home/locobot/LoCoBotRos/interbotix_ws/install/srdfdom/local/lib/python3.10/dist-packages:${PYTHONPATH} /usr/bin/cmake --install /home/locobot/LoCoBotRos/interbotix_ws/build/moveit_core
