[0.008s] Invoking command in '/home/locobot/LoCoBotRos/interbotix_ws/build/kobuki_random_walker': AMENT_PREFIX_PATH=/home/locobot/LoCoBotRos/interbotix_ws/install/kobuki_ros_interfaces:${AMENT_PREFIX_PATH} CMAKE_PREFIX_PATH=/home/locobot/LoCoBotRos/interbotix_ws/install/kobuki_ros_interfaces:/home/locobot/apriltag_ws/install/apriltag_ros:/opt/ros/humble LD_LIBRARY_PATH=/home/locobot/LoCoBotRos/interbotix_ws/install/kobuki_ros_interfaces/lib:${LD_LIBRARY_PATH} PYTHONPATH=/home/locobot/LoCoBotRos/interbotix_ws/install/kobuki_ros_interfaces/local/lib/python3.10/dist-packages:${PYTHONPATH} /usr/bin/cmake --build /home/locobot/LoCoBotRos/interbotix_ws/build/kobuki_random_walker -- -j16 -l16
[0.042s] [35m[1mConsolidate compiler generated dependencies of target kobuki_random_walker_node[0m
[0.052s] [ 25%] [32mBuilding CXX object CMakeFiles/kobuki_random_walker.dir/src/random_walker.cpp.o[0m
[0.053s] [ 50%] [32mBuilding CXX object CMakeFiles/kobuki_random_walker_node.dir/rclcpp_components/node_main_kobuki_random_walker_node.cpp.o[0m
[2.823s] [ 75%] [32m[1mLinking CXX executable kobuki_random_walker_node[0m
[2.904s] [ 75%] Built target kobuki_random_walker_node
[17.079s] [100%] [32m[1mLinking CXX shared library libkobuki_random_walker.so[0m
[17.246s] [100%] Built target kobuki_random_walker
[17.254s] Invoked command in '/home/locobot/LoCoBotRos/interbotix_ws/build/kobuki_random_walker' returned '0': AMENT_PREFIX_PATH=/home/locobot/LoCoBotRos/interbotix_ws/install/kobuki_ros_interfaces:${AMENT_PREFIX_PATH} CMAKE_PREFIX_PATH=/home/locobot/LoCoBotRos/interbotix_ws/install/kobuki_ros_interfaces:/home/locobot/apriltag_ws/install/apriltag_ros:/opt/ros/humble LD_LIBRARY_PATH=/home/locobot/LoCoBotRos/interbotix_ws/install/kobuki_ros_interfaces/lib:${LD_LIBRARY_PATH} PYTHONPATH=/home/locobot/LoCoBotRos/interbotix_ws/install/kobuki_ros_interfaces/local/lib/python3.10/dist-packages:${PYTHONPATH} /usr/bin/cmake --build /home/locobot/LoCoBotRos/interbotix_ws/build/kobuki_random_walker -- -j16 -l16
[17.256s] Invoking command in '/home/locobot/LoCoBotRos/interbotix_ws/build/kobuki_random_walker': AMENT_PREFIX_PATH=/home/locobot/LoCoBotRos/interbotix_ws/install/kobuki_ros_interfaces:${AMENT_PREFIX_PATH} CMAKE_PREFIX_PATH=/home/locobot/LoCoBotRos/interbotix_ws/install/kobuki_ros_interfaces:/home/locobot/apriltag_ws/install/apriltag_ros:/opt/ros/humble LD_LIBRARY_PATH=/home/locobot/LoCoBotRos/interbotix_ws/install/kobuki_ros_interfaces/lib:${LD_LIBRARY_PATH} PYTHONPATH=/home/locobot/LoCoBotRos/interbotix_ws/install/kobuki_ros_interfaces/local/lib/python3.10/dist-packages:${PYTHONPATH} /usr/bin/cmake --install /home/locobot/LoCoBotRos/interbotix_ws/build/kobuki_random_walker
[17.262s] -- Install configuration: "Release"
[17.263s] -- Installing: /home/locobot/LoCoBotRos/interbotix_ws/install/kobuki_random_walker/lib/kobuki_random_walker/kobuki_random_walker_node
[17.263s] -- Set runtime path of "/home/locobot/LoCoBotRos/interbotix_ws/install/kobuki_random_walker/lib/kobuki_random_walker/kobuki_random_walker_node" to ""
[17.264s] -- Installing: /home/locobot/LoCoBotRos/interbotix_ws/install/kobuki_random_walker/lib/libkobuki_random_walker.so
[17.266s] -- Set runtime path of "/home/locobot/LoCoBotRos/interbotix_ws/install/kobuki_random_walker/lib/libkobuki_random_walker.so" to ""
[17.267s] -- Up-to-date: /home/locobot/LoCoBotRos/interbotix_ws/install/kobuki_random_walker/include/kobuki_random_walker
[17.267s] -- Up-to-date: /home/locobot/LoCoBotRos/interbotix_ws/install/kobuki_random_walker/include/kobuki_random_walker/random_walker.hpp
[17.268s] -- Up-to-date: /home/locobot/LoCoBotRos/interbotix_ws/install/kobuki_random_walker/share/kobuki_random_walker/launch
[17.268s] -- Up-to-date: /home/locobot/LoCoBotRos/interbotix_ws/install/kobuki_random_walker/share/kobuki_random_walker/launch/safe_random_walker_app.launch
[17.268s] -- Up-to-date: /home/locobot/LoCoBotRos/interbotix_ws/install/kobuki_random_walker/share/kobuki_random_walker/launch/standalone.launch
[17.268s] -- Up-to-date: /home/locobot/LoCoBotRos/interbotix_ws/install/kobuki_random_walker/share/kobuki_random_walker/launch/random_walker_app.launch
[17.269s] -- Up-to-date: /home/locobot/LoCoBotRos/interbotix_ws/install/kobuki_random_walker/share/ament_index/resource_index/package_run_dependencies/kobuki_random_walker
[17.269s] -- Installing: /home/locobot/LoCoBotRos/interbotix_ws/install/kobuki_random_walker/share/ament_index/resource_index/parent_prefix_path/kobuki_random_walker
[17.269s] -- Up-to-date: /home/locobot/LoCoBotRos/interbotix_ws/install/kobuki_random_walker/share/kobuki_random_walker/environment/ament_prefix_path.sh
[17.270s] -- Installing: /home/locobot/LoCoBotRos/interbotix_ws/install/kobuki_random_walker/share/kobuki_random_walker/environment/ament_prefix_path.dsv
[17.270s] -- Up-to-date: /home/locobot/LoCoBotRos/interbotix_ws/install/kobuki_random_walker/share/kobuki_random_walker/environment/path.sh
[17.270s] -- Installing: /home/locobot/LoCoBotRos/interbotix_ws/install/kobuki_random_walker/share/kobuki_random_walker/environment/path.dsv
[17.270s] -- Up-to-date: /home/locobot/LoCoBotRos/interbotix_ws/install/kobuki_random_walker/share/kobuki_random_walker/local_setup.bash
[17.270s] -- Up-to-date: /home/locobot/LoCoBotRos/interbotix_ws/install/kobuki_random_walker/share/kobuki_random_walker/local_setup.sh
[17.270s] -- Up-to-date: /home/locobot/LoCoBotRos/interbotix_ws/install/kobuki_random_walker/share/kobuki_random_walker/local_setup.zsh
[17.271s] -- Installing: /home/locobot/LoCoBotRos/interbotix_ws/install/kobuki_random_walker/share/kobuki_random_walker/local_setup.dsv
[17.271s] -- Installing: /home/locobot/LoCoBotRos/interbotix_ws/install/kobuki_random_walker/share/kobuki_random_walker/package.dsv
[17.271s] -- Up-to-date: /home/locobot/LoCoBotRos/interbotix_ws/install/kobuki_random_walker/share/ament_index/resource_index/packages/kobuki_random_walker
[17.271s] -- Up-to-date: /home/locobot/LoCoBotRos/interbotix_ws/install/kobuki_random_walker/share/ament_index/resource_index/rclcpp_components/kobuki_random_walker
[17.271s] -- Up-to-date: /home/locobot/LoCoBotRos/interbotix_ws/install/kobuki_random_walker/share/kobuki_random_walker/cmake/kobuki_random_walkerConfig.cmake
[17.272s] -- Up-to-date: /home/locobot/LoCoBotRos/interbotix_ws/install/kobuki_random_walker/share/kobuki_random_walker/cmake/kobuki_random_walkerConfig-version.cmake
[17.272s] -- Up-to-date: /home/locobot/LoCoBotRos/interbotix_ws/install/kobuki_random_walker/share/kobuki_random_walker/package.xml
[17.273s] Invoked command in '/home/locobot/LoCoBotRos/interbotix_ws/build/kobuki_random_walker' returned '0': AMENT_PREFIX_PATH=/home/locobot/LoCoBotRos/interbotix_ws/install/kobuki_ros_interfaces:${AMENT_PREFIX_PATH} CMAKE_PREFIX_PATH=/home/locobot/LoCoBotRos/interbotix_ws/install/kobuki_ros_interfaces:/home/locobot/apriltag_ws/install/apriltag_ros:/opt/ros/humble LD_LIBRARY_PATH=/home/locobot/LoCoBotRos/interbotix_ws/install/kobuki_ros_interfaces/lib:${LD_LIBRARY_PATH} PYTHONPATH=/home/locobot/LoCoBotRos/interbotix_ws/install/kobuki_ros_interfaces/local/lib/python3.10/dist-packages:${PYTHONPATH} /usr/bin/cmake --install /home/locobot/LoCoBotRos/interbotix_ws/build/kobuki_random_walker
