-- Found ament_cmake: 2.5.4 (/home/rowanfoxx/ros2_jazzy/install/ament_cmake/share/ament_cmake/cmake)
-- Found hardware_interface: 4.28.1 (/usr/lib64/ros2-jazzy/share/hardware_interface/cmake)
-- Found rosidl_generator_c: 4.6.5 (/home/rowanfoxx/ros2_jazzy/install/rosidl_generator_c/share/rosidl_generator_c/cmake)
-- Found rosidl_generator_cpp: 4.6.5 (/home/rowanfoxx/ros2_jazzy/install/rosidl_generator_cpp/share/rosidl_generator_cpp/cmake)
-- Using all available rosidl_typesupport_c: rosidl_typesupport_introspection_c;rosidl_typesupport_fastrtps_c
-- Using all available rosidl_typesupport_cpp: rosidl_typesupport_introspection_cpp;rosidl_typesupport_fastrtps_cpp
-- Found TinyXML2 via Config file: /usr/lib64/cmake/tinyxml2
-- Found rmw_implementation_cmake: 7.3.2 (/home/rowanfoxx/ros2_jazzy/install/rmw_implementation_cmake/share/rmw_implementation_cmake/cmake)
-- Found rmw_fastrtps_cpp: 8.4.2 (/home/rowanfoxx/ros2_jazzy/install/rmw_fastrtps_cpp/share/rmw_fastrtps_cpp/cmake)
-- Found TinyXML2 via Config file: /usr/lib64/cmake/tinyxml2
-- Found OpenSSL: /usr/lib64/libcrypto.so (found version "3.2.4")
-- Found TinyXML2 via Config file: /usr/lib64/cmake/tinyxml2
-- Found FastRTPS: /home/rowanfoxx/ros2_jazzy/install/fastrtps/include (Required is at least version "2.13")
-- Found TinyXML2 via Config file: /usr/lib64/cmake/tinyxml2
-- Found TinyXML2 via Config file: /usr/lib64/cmake/tinyxml2
-- Using RMW implementation 'rmw_fastrtps_cpp' as default
[31mCMake Error at CMakeLists.txt:21 (find_package):
  By not providing "Findinterbotix_xs_msgs.cmake" in CMAKE_MODULE_PATH this
  project has asked CMake to find a package configuration file provided by
  "interbotix_xs_msgs", but CMake did not find one.

  Could not find a package configuration file provided by
  "interbotix_xs_msgs" with any of the following names:

    interbotix_xs_msgsConfig.cmake
    interbotix_xs_msgs-config.cmake

  Add the installation prefix of "interbotix_xs_msgs" to CMAKE_PREFIX_PATH or
  set "interbotix_xs_msgs_DIR" to a directory containing one of the above
  files.  If "interbotix_xs_msgs" provides a separate development package or
  SDK, be sure it has been installed.

[0m
-- Configuring incomplete, errors occurred!
