[0.398s] Invoking command in '/home/rowanfoxx/Documents/GitHub/LoCoBotRos/build/interbotix_xs_ros_control': CMAKE_PREFIX_PATH=${CMAKE_PREFIX_PATH}:/home/rowanfoxx/Documents/GitHub/LoCoBotRos/install/py_pubsub:/home/rowanfoxx/ros2_jazzy/install/rqt_bag_plugins:/home/rowanfoxx/ros2_jazzy/install/rqt_bag:/home/rowanfoxx/ros2_jazzy/install/rosbag2_examples_py:/home/rowanfoxx/ros2_jazzy/install/launch_testing_examples:/home/rowanfoxx/ros2_jazzy/install/ros2bag:/home/rowanfoxx/ros2_jazzy/install/tracetools_test:/home/rowanfoxx/ros2_jazzy/install/tracetools_launch:/home/rowanfoxx/ros2_jazzy/install/topic_monitor:/home/rowanfoxx/ros2_jazzy/install/tf2_tools:/home/rowanfoxx/ros2_jazzy/install/examples_tf2_py:/home/rowanfoxx/ros2_jazzy/install/tf2_ros_py:/home/rowanfoxx/ros2_jazzy/install/examples_rclpy_pointcloud_publisher:/home/rowanfoxx/ros2_jazzy/install/sensor_msgs_py:/home/rowanfoxx/ros2_jazzy/install/quality_of_service_demo_py:/home/rowanfoxx/ros2_jazzy/install/camera_info_manager_py:/home/rowanfoxx/ros2_jazzy/install/rqt_plot:/home/rowanfoxx/ros2_jazzy/install/ros2doctor:/home/rowanfoxx/ros2_jazzy/install/lifecycle_py:/home/rowanfoxx/ros2_jazzy/install/examples_rclpy_minimal_subscriber:/home/rowanfoxx/ros2_jazzy/install/examples_rclpy_minimal_service:/home/rowanfoxx/ros2_jazzy/install/examples_rclpy_minimal_publisher:/home/rowanfoxx/ros2_jazzy/install/examples_rclpy_minimal_client:/home/rowanfoxx/ros2_jazzy/install/examples_rclpy_executors:/home/rowanfoxx/ros2_jazzy/install/demo_nodes_py:/home/rowanfoxx/ros2_jazzy/install/rqt:/home/rowanfoxx/ros2_jazzy/install/ros2component:/home/rowanfoxx/ros2_jazzy/install/sros2:/home/rowanfoxx/ros2_jazzy/install/rqt_topic:/home/rowanfoxx/ros2_jazzy/install/rqt_srv:/home/rowanfoxx/ros2_jazzy/install/rqt_shell:/home/rowanfoxx/ros2_jazzy/install/rqt_service_caller:/home/rowanfoxx/ros2_jazzy/install/rqt_reconfigure:/home/rowanfoxx/ros2_jazzy/install/rqt_py_console:/home/rowanfoxx/ros2_jazzy/install/rqt_publisher:/home/rowanfoxx/ros2_jazzy/install/rqt_action:/home/rowanfoxx/ros2_jazzy/install/rqt_msg:/home/rowanfoxx/ros2_jazzy/install/rqt_console:/home/rowanfoxx/ros2_jazzy/install/rqt_graph:/home/rowanfoxx/ros2_jazzy/install/rqt_gui_py:/home/rowanfoxx/ros2_jazzy/install/rqt_gui:/home/rowanfoxx/ros2_jazzy/install/ros2trace:/home/rowanfoxx/ros2_jazzy/install/ros2param:/home/rowanfoxx/ros2_jazzy/install/ros2lifecycle:/home/rowanfoxx/ros2_jazzy/install/ros2service:/home/rowanfoxx/ros2_jazzy/install/ros2topic:/home/rowanfoxx/ros2_jazzy/install/ros2test:/home/rowanfoxx/ros2_jazzy/install/ros2run:/home/rowanfoxx/ros2_jazzy/install/ros2launch:/home/rowanfoxx/ros2_jazzy/install/ros2pkg:/home/rowanfoxx/ros2_jazzy/install/ros2node:/home/rowanfoxx/ros2_jazzy/install/ros2multicast:/home/rowanfoxx/ros2_jazzy/install/ros2interface:/home/rowanfoxx/ros2_jazzy/install/ros2action:/home/rowanfoxx/ros2_jazzy/install/ros2cli:/home/rowanfoxx/ros2_jazzy/install/launch_testing_ros:/home/rowanfoxx/ros2_jazzy/install/launch_ros:/home/rowanfoxx/ros2_jazzy/install/examples_rclpy_minimal_action_server:/home/rowanfoxx/ros2_jazzy/install/examples_rclpy_minimal_action_client:/home/rowanfoxx/ros2_jazzy/install/examples_rclpy_guard_conditions:/home/rowanfoxx/ros2_jazzy/install/action_tutorials_py:/home/rowanfoxx/ros2_jazzy/install/ament_uncrustify:/home/rowanfoxx/ros2_jazzy/install/tracetools_trace:/home/rowanfoxx/ros2_jazzy/install/tracetools_read:/home/rowanfoxx/ros2_jazzy/install/test_tracetools_launch:/home/rowanfoxx/ros2_jazzy/install/test_ros2trace:/home/rowanfoxx/ros2_jazzy/install/test_launch_ros:/home/rowanfoxx/ros2_jazzy/install/rpyutils:/home/rowanfoxx/ros2_jazzy/install/rosidl_runtime_py:/home/rowanfoxx/ros2_jazzy/install/rosidl_pycommon:/home/rowanfoxx/ros2_jazzy/install/rosidl_cli:/home/rowanfoxx/ros2_jazzy/install/launch_pytest:/home/rowanfoxx/ros2_jazzy/install/launch_testing:/home/rowanfoxx/ros2_jazzy/install/launch_yaml:/home/rowanfoxx/ros2_jazzy/install/launch_xml:/home/rowanfoxx/ros2_jazzy/install/launch:/home/rowanfoxx/ros2_jazzy/install/osrf_pycommon:/home/rowanfoxx/ros2_jazzy/install/domain_coordinator:/home/rowanfoxx/ros2_jazzy/install/ament_xmllint:/home/rowanfoxx/ros2_jazzy/install/ament_pyflakes:/home/rowanfoxx/ros2_jazzy/install/ament_pycodestyle:/home/rowanfoxx/ros2_jazzy/install/ament_pep257:/home/rowanfoxx/ros2_jazzy/install/ament_pclint:/home/rowanfoxx/ros2_jazzy/install/ament_package:/home/rowanfoxx/ros2_jazzy/install/ament_mypy:/home/rowanfoxx/ros2_jazzy/install/ament_lint_cmake:/home/rowanfoxx/ros2_jazzy/install/ament_flake8:/home/rowanfoxx/ros2_jazzy/install/ament_copyright:/home/rowanfoxx/ros2_jazzy/install/ament_lint:/home/rowanfoxx/ros2_jazzy/install/ament_index_python:/home/rowanfoxx/ros2_jazzy/install/ament_cpplint:/home/rowanfoxx/ros2_jazzy/install/ament_cppcheck:/home/rowanfoxx/ros2_jazzy/install/ament_clang_tidy:/home/rowanfoxx/ros2_jazzy/install/ament_clang_format DEBUGINFOD_URLS=https://debuginfod.fedoraproject.org/ _=/usr/bin/env /usr/bin/cmake /home/rowanfoxx/Documents/GitHub/LoCoBotRos/src/interbotix_xs_ros_control -DCMAKE_INSTALL_PREFIX=/home/rowanfoxx/Documents/GitHub/LoCoBotRos/install/interbotix_xs_ros_control
[0.736s] -- Found ament_cmake: 2.5.4 (/home/rowanfoxx/ros2_jazzy/install/ament_cmake/share/ament_cmake/cmake)
[0.785s] -- Found hardware_interface: 4.28.1 (/usr/lib64/ros2-jazzy/share/hardware_interface/cmake)
[0.936s] -- Found rosidl_generator_c: 4.6.5 (/home/rowanfoxx/ros2_jazzy/install/rosidl_generator_c/share/rosidl_generator_c/cmake)
[0.967s] -- Found rosidl_generator_cpp: 4.6.5 (/home/rowanfoxx/ros2_jazzy/install/rosidl_generator_cpp/share/rosidl_generator_cpp/cmake)
[1.026s] -- Using all available rosidl_typesupport_c: rosidl_typesupport_introspection_c;rosidl_typesupport_fastrtps_c
[1.084s] -- Using all available rosidl_typesupport_cpp: rosidl_typesupport_introspection_cpp;rosidl_typesupport_fastrtps_cpp
[1.377s] -- Found TinyXML2 via Config file: /usr/lib64/cmake/tinyxml2
[1.451s] -- Found rmw_implementation_cmake: 7.3.2 (/home/rowanfoxx/ros2_jazzy/install/rmw_implementation_cmake/share/rmw_implementation_cmake/cmake)
[1.478s] -- Found rmw_fastrtps_cpp: 8.4.2 (/home/rowanfoxx/ros2_jazzy/install/rmw_fastrtps_cpp/share/rmw_fastrtps_cpp/cmake)
[1.524s] -- Found TinyXML2 via Config file: /usr/lib64/cmake/tinyxml2
[1.847s] -- Found OpenSSL: /usr/lib64/libcrypto.so (found version "3.2.4")
[1.849s] -- Found TinyXML2 via Config file: /usr/lib64/cmake/tinyxml2
[1.885s] -- Found FastRTPS: /home/rowanfoxx/ros2_jazzy/install/fastrtps/include (Required is at least version "2.13")
[1.888s] -- Found TinyXML2 via Config file: /usr/lib64/cmake/tinyxml2
[1.906s] -- Found TinyXML2 via Config file: /usr/lib64/cmake/tinyxml2
[1.956s] -- Using RMW implementation 'rmw_fastrtps_cpp' as default
[2.278s] [31mCMake Error at CMakeLists.txt:21 (find_package):
[2.278s]   By not providing "Findinterbotix_xs_msgs.cmake" in CMAKE_MODULE_PATH this
[2.278s]   project has asked CMake to find a package configuration file provided by
[2.278s]   "interbotix_xs_msgs", but CMake did not find one.
[2.278s] 
[2.278s]   Could not find a package configuration file provided by
[2.278s]   "interbotix_xs_msgs" with any of the following names:
[2.278s] 
[2.278s]     interbotix_xs_msgsConfig.cmake
[2.278s]     interbotix_xs_msgs-config.cmake
[2.278s] 
[2.278s]   Add the installation prefix of "interbotix_xs_msgs" to CMAKE_PREFIX_PATH or
[2.278s]   set "interbotix_xs_msgs_DIR" to a directory containing one of the above
[2.278s]   files.  If "interbotix_xs_msgs" provides a separate development package or
[2.278s]   SDK, be sure it has been installed.
[2.278s] 
[2.278s] [0m
[2.278s] -- Configuring incomplete, errors occurred!
