[0.022s] Invoking command in '/home/locobot/LoCoBotRos/interbotix_ws/build/ecl_streams': AMENT_PREFIX_PATH=/home/locobot/LoCoBotRos/interbotix_ws/install/ecl_devices:/home/locobot/LoCoBotRos/interbotix_ws/install/ecl_containers:/home/locobot/LoCoBotRos/interbotix_ws/install/ecl_threads:/home/locobot/LoCoBotRos/interbotix_ws/install/ecl_formatters:/home/locobot/LoCoBotRos/interbotix_ws/install/ecl_utilities:/home/locobot/LoCoBotRos/interbotix_ws/install/ecl_time:/home/locobot/LoCoBotRos/interbotix_ws/install/ecl_converters:/home/locobot/LoCoBotRos/interbotix_ws/install/ecl_time_lite:/home/locobot/LoCoBotRos/interbotix_ws/install/ecl_exceptions:/home/locobot/LoCoBotRos/interbotix_ws/install/ecl_concepts:/home/locobot/LoCoBotRos/interbotix_ws/install/ecl_type_traits:/home/locobot/LoCoBotRos/interbotix_ws/install/ecl_errors:/home/locobot/LoCoBotRos/interbotix_ws/install/ecl_mpl:/home/locobot/LoCoBotRos/interbotix_ws/install/ecl_config:${AMENT_PREFIX_PATH} CMAKE_PREFIX_PATH=/home/locobot/LoCoBotRos/interbotix_ws/install/ecl_devices:/home/locobot/LoCoBotRos/interbotix_ws/install/ecl_containers:/home/locobot/LoCoBotRos/interbotix_ws/install/ecl_threads:/home/locobot/LoCoBotRos/interbotix_ws/install/ecl_formatters:/home/locobot/LoCoBotRos/interbotix_ws/install/ecl_utilities:/home/locobot/LoCoBotRos/interbotix_ws/install/ecl_time:/home/locobot/LoCoBotRos/interbotix_ws/install/ecl_converters:/home/locobot/LoCoBotRos/interbotix_ws/install/ecl_time_lite:/home/locobot/LoCoBotRos/interbotix_ws/install/ecl_exceptions:/home/locobot/LoCoBotRos/interbotix_ws/install/ecl_concepts:/home/locobot/LoCoBotRos/interbotix_ws/install/ecl_type_traits:/home/locobot/LoCoBotRos/interbotix_ws/install/ecl_errors:/home/locobot/LoCoBotRos/interbotix_ws/install/ecl_mpl:/home/locobot/LoCoBotRos/interbotix_ws/install/ecl_config:/home/locobot/apriltag_ws/install/apriltag_ros:/opt/ros/humble LD_LIBRARY_PATH=/home/locobot/LoCoBotRos/interbotix_ws/install/ecl_devices/lib:/home/locobot/LoCoBotRos/interbotix_ws/install/ecl_threads/lib:/home/locobot/LoCoBotRos/interbotix_ws/install/ecl_formatters/lib:/home/locobot/LoCoBotRos/interbotix_ws/install/ecl_time/lib:/home/locobot/LoCoBotRos/interbotix_ws/install/ecl_time_lite/lib:/home/locobot/LoCoBotRos/interbotix_ws/install/ecl_exceptions/lib:/home/locobot/LoCoBotRos/interbotix_ws/install/ecl_type_traits/lib:/home/locobot/LoCoBotRos/interbotix_ws/install/ecl_errors/lib:${LD_LIBRARY_PATH} PATH=/home/locobot/LoCoBotRos/interbotix_ws/install/ecl_type_traits/bin:/home/locobot/LoCoBotRos/interbotix_ws/install/ecl_config/bin:${PATH} /usr/bin/cmake --build /home/locobot/LoCoBotRos/interbotix_ws/build/ecl_streams -- -j16 -l16
[0.065s] [ 46%] Built target gtest
[0.065s] [ 46%] Built target gtest_main
[0.065s] [ 46%] Built target ecl_streams
[0.084s] [ 60%] Built target ecl_time_example_log_streams
[0.088s] [ 73%] Built target ecl_time_example_console_streams
[0.103s] [ 86%] Built target ecl_test_file_streams
[0.103s] [100%] Built target ecl_test_string_streams
[0.112s] Invoked command in '/home/locobot/LoCoBotRos/interbotix_ws/build/ecl_streams' returned '0': AMENT_PREFIX_PATH=/home/locobot/LoCoBotRos/interbotix_ws/install/ecl_devices:/home/locobot/LoCoBotRos/interbotix_ws/install/ecl_containers:/home/locobot/LoCoBotRos/interbotix_ws/install/ecl_threads:/home/locobot/LoCoBotRos/interbotix_ws/install/ecl_formatters:/home/locobot/LoCoBotRos/interbotix_ws/install/ecl_utilities:/home/locobot/LoCoBotRos/interbotix_ws/install/ecl_time:/home/locobot/LoCoBotRos/interbotix_ws/install/ecl_converters:/home/locobot/LoCoBotRos/interbotix_ws/install/ecl_time_lite:/home/locobot/LoCoBotRos/interbotix_ws/install/ecl_exceptions:/home/locobot/LoCoBotRos/interbotix_ws/install/ecl_concepts:/home/locobot/LoCoBotRos/interbotix_ws/install/ecl_type_traits:/home/locobot/LoCoBotRos/interbotix_ws/install/ecl_errors:/home/locobot/LoCoBotRos/interbotix_ws/install/ecl_mpl:/home/locobot/LoCoBotRos/interbotix_ws/install/ecl_config:${AMENT_PREFIX_PATH} CMAKE_PREFIX_PATH=/home/locobot/LoCoBotRos/interbotix_ws/install/ecl_devices:/home/locobot/LoCoBotRos/interbotix_ws/install/ecl_containers:/home/locobot/LoCoBotRos/interbotix_ws/install/ecl_threads:/home/locobot/LoCoBotRos/interbotix_ws/install/ecl_formatters:/home/locobot/LoCoBotRos/interbotix_ws/install/ecl_utilities:/home/locobot/LoCoBotRos/interbotix_ws/install/ecl_time:/home/locobot/LoCoBotRos/interbotix_ws/install/ecl_converters:/home/locobot/LoCoBotRos/interbotix_ws/install/ecl_time_lite:/home/locobot/LoCoBotRos/interbotix_ws/install/ecl_exceptions:/home/locobot/LoCoBotRos/interbotix_ws/install/ecl_concepts:/home/locobot/LoCoBotRos/interbotix_ws/install/ecl_type_traits:/home/locobot/LoCoBotRos/interbotix_ws/install/ecl_errors:/home/locobot/LoCoBotRos/interbotix_ws/install/ecl_mpl:/home/locobot/LoCoBotRos/interbotix_ws/install/ecl_config:/home/locobot/apriltag_ws/install/apriltag_ros:/opt/ros/humble LD_LIBRARY_PATH=/home/locobot/LoCoBotRos/interbotix_ws/install/ecl_devices/lib:/home/locobot/LoCoBotRos/interbotix_ws/install/ecl_threads/lib:/home/locobot/LoCoBotRos/interbotix_ws/install/ecl_formatters/lib:/home/locobot/LoCoBotRos/interbotix_ws/install/ecl_time/lib:/home/locobot/LoCoBotRos/interbotix_ws/install/ecl_time_lite/lib:/home/locobot/LoCoBotRos/interbotix_ws/install/ecl_exceptions/lib:/home/locobot/LoCoBotRos/interbotix_ws/install/ecl_type_traits/lib:/home/locobot/LoCoBotRos/interbotix_ws/install/ecl_errors/lib:${LD_LIBRARY_PATH} PATH=/home/locobot/LoCoBotRos/interbotix_ws/install/ecl_type_traits/bin:/home/locobot/LoCoBotRos/interbotix_ws/install/ecl_config/bin:${PATH} /usr/bin/cmake --build /home/locobot/LoCoBotRos/interbotix_ws/build/ecl_streams -- -j16 -l16
[0.113s] Invoking command in '/home/locobot/LoCoBotRos/interbotix_ws/build/ecl_streams': AMENT_PREFIX_PATH=/home/locobot/LoCoBotRos/interbotix_ws/install/ecl_devices:/home/locobot/LoCoBotRos/interbotix_ws/install/ecl_containers:/home/locobot/LoCoBotRos/interbotix_ws/install/ecl_threads:/home/locobot/LoCoBotRos/interbotix_ws/install/ecl_formatters:/home/locobot/LoCoBotRos/interbotix_ws/install/ecl_utilities:/home/locobot/LoCoBotRos/interbotix_ws/install/ecl_time:/home/locobot/LoCoBotRos/interbotix_ws/install/ecl_converters:/home/locobot/LoCoBotRos/interbotix_ws/install/ecl_time_lite:/home/locobot/LoCoBotRos/interbotix_ws/install/ecl_exceptions:/home/locobot/LoCoBotRos/interbotix_ws/install/ecl_concepts:/home/locobot/LoCoBotRos/interbotix_ws/install/ecl_type_traits:/home/locobot/LoCoBotRos/interbotix_ws/install/ecl_errors:/home/locobot/LoCoBotRos/interbotix_ws/install/ecl_mpl:/home/locobot/LoCoBotRos/interbotix_ws/install/ecl_config:${AMENT_PREFIX_PATH} CMAKE_PREFIX_PATH=/home/locobot/LoCoBotRos/interbotix_ws/install/ecl_devices:/home/locobot/LoCoBotRos/interbotix_ws/install/ecl_containers:/home/locobot/LoCoBotRos/interbotix_ws/install/ecl_threads:/home/locobot/LoCoBotRos/interbotix_ws/install/ecl_formatters:/home/locobot/LoCoBotRos/interbotix_ws/install/ecl_utilities:/home/locobot/LoCoBotRos/interbotix_ws/install/ecl_time:/home/locobot/LoCoBotRos/interbotix_ws/install/ecl_converters:/home/locobot/LoCoBotRos/interbotix_ws/install/ecl_time_lite:/home/locobot/LoCoBotRos/interbotix_ws/install/ecl_exceptions:/home/locobot/LoCoBotRos/interbotix_ws/install/ecl_concepts:/home/locobot/LoCoBotRos/interbotix_ws/install/ecl_type_traits:/home/locobot/LoCoBotRos/interbotix_ws/install/ecl_errors:/home/locobot/LoCoBotRos/interbotix_ws/install/ecl_mpl:/home/locobot/LoCoBotRos/interbotix_ws/install/ecl_config:/home/locobot/apriltag_ws/install/apriltag_ros:/opt/ros/humble LD_LIBRARY_PATH=/home/locobot/LoCoBotRos/interbotix_ws/install/ecl_devices/lib:/home/locobot/LoCoBotRos/interbotix_ws/install/ecl_threads/lib:/home/locobot/LoCoBotRos/interbotix_ws/install/ecl_formatters/lib:/home/locobot/LoCoBotRos/interbotix_ws/install/ecl_time/lib:/home/locobot/LoCoBotRos/interbotix_ws/install/ecl_time_lite/lib:/home/locobot/LoCoBotRos/interbotix_ws/install/ecl_exceptions/lib:/home/locobot/LoCoBotRos/interbotix_ws/install/ecl_type_traits/lib:/home/locobot/LoCoBotRos/interbotix_ws/install/ecl_errors/lib:${LD_LIBRARY_PATH} PATH=/home/locobot/LoCoBotRos/interbotix_ws/install/ecl_type_traits/bin:/home/locobot/LoCoBotRos/interbotix_ws/install/ecl_config/bin:${PATH} /usr/bin/cmake --install /home/locobot/LoCoBotRos/interbotix_ws/build/ecl_streams
[0.122s] -- Install configuration: "Release"
[0.123s] -- Up-to-date: /home/locobot/LoCoBotRos/interbotix_ws/install/ecl_streams/share/ecl_streams/environment/library_path.sh
[0.123s] -- Up-to-date: /home/locobot/LoCoBotRos/interbotix_ws/install/ecl_streams/share/ecl_streams/environment/library_path.dsv
[0.123s] -- Up-to-date: /home/locobot/LoCoBotRos/interbotix_ws/install/ecl_streams/share/ament_index/resource_index/package_run_dependencies/ecl_streams
[0.123s] -- Up-to-date: /home/locobot/LoCoBotRos/interbotix_ws/install/ecl_streams/share/ament_index/resource_index/parent_prefix_path/ecl_streams
[0.123s] -- Up-to-date: /home/locobot/LoCoBotRos/interbotix_ws/install/ecl_streams/share/ecl_streams/environment/ament_prefix_path.sh
[0.123s] -- Up-to-date: /home/locobot/LoCoBotRos/interbotix_ws/install/ecl_streams/share/ecl_streams/environment/ament_prefix_path.dsv
[0.123s] -- Up-to-date: /home/locobot/LoCoBotRos/interbotix_ws/install/ecl_streams/share/ecl_streams/environment/path.sh
[0.123s] -- Up-to-date: /home/locobot/LoCoBotRos/interbotix_ws/install/ecl_streams/share/ecl_streams/environment/path.dsv
[0.123s] -- Up-to-date: /home/locobot/LoCoBotRos/interbotix_ws/install/ecl_streams/share/ecl_streams/local_setup.bash
[0.123s] -- Up-to-date: /home/locobot/LoCoBotRos/interbotix_ws/install/ecl_streams/share/ecl_streams/local_setup.sh
[0.123s] -- Up-to-date: /home/locobot/LoCoBotRos/interbotix_ws/install/ecl_streams/share/ecl_streams/local_setup.zsh
[0.123s] -- Up-to-date: /home/locobot/LoCoBotRos/interbotix_ws/install/ecl_streams/share/ecl_streams/local_setup.dsv
[0.123s] -- Installing: /home/locobot/LoCoBotRos/interbotix_ws/install/ecl_streams/share/ecl_streams/package.dsv
[0.123s] -- Up-to-date: /home/locobot/LoCoBotRos/interbotix_ws/install/ecl_streams/share/ament_index/resource_index/packages/ecl_streams
[0.123s] -- Up-to-date: /home/locobot/LoCoBotRos/interbotix_ws/install/ecl_streams/share/ecl_streams/cmake/ecl_streamsExport.cmake
[0.123s] -- Up-to-date: /home/locobot/LoCoBotRos/interbotix_ws/install/ecl_streams/share/ecl_streams/cmake/ecl_streamsExport-release.cmake
[0.123s] -- Up-to-date: /home/locobot/LoCoBotRos/interbotix_ws/install/ecl_streams/share/ecl_streams/cmake/ament_cmake_export_targets-extras.cmake
[0.124s] -- Up-to-date: /home/locobot/LoCoBotRos/interbotix_ws/install/ecl_streams/share/ecl_streams/cmake/ament_cmake_export_include_directories-extras.cmake
[0.124s] -- Up-to-date: /home/locobot/LoCoBotRos/interbotix_ws/install/ecl_streams/share/ecl_streams/cmake/ament_cmake_export_libraries-extras.cmake
[0.124s] -- Up-to-date: /home/locobot/LoCoBotRos/interbotix_ws/install/ecl_streams/share/ecl_streams/cmake/ament_cmake_export_dependencies-extras.cmake
[0.124s] -- Up-to-date: /home/locobot/LoCoBotRos/interbotix_ws/install/ecl_streams/share/ecl_streams/cmake/ecl_streamsConfig.cmake
[0.124s] -- Up-to-date: /home/locobot/LoCoBotRos/interbotix_ws/install/ecl_streams/share/ecl_streams/cmake/ecl_streamsConfig-version.cmake
[0.124s] -- Up-to-date: /home/locobot/LoCoBotRos/interbotix_ws/install/ecl_streams/share/ecl_streams/package.xml
[0.124s] -- Up-to-date: /home/locobot/LoCoBotRos/interbotix_ws/install/ecl_streams/include/ecl/streams.hpp
[0.124s] -- Up-to-date: /home/locobot/LoCoBotRos/interbotix_ws/install/ecl_streams/include/ecl/streams/console_streams.hpp
[0.124s] -- Up-to-date: /home/locobot/LoCoBotRos/interbotix_ws/install/ecl_streams/include/ecl/streams/file_streams.hpp
[0.124s] -- Up-to-date: /home/locobot/LoCoBotRos/interbotix_ws/install/ecl_streams/include/ecl/streams/log_stream.hpp
[0.124s] -- Up-to-date: /home/locobot/LoCoBotRos/interbotix_ws/install/ecl_streams/include/ecl/streams/macros.hpp
[0.124s] -- Up-to-date: /home/locobot/LoCoBotRos/interbotix_ws/install/ecl_streams/include/ecl/streams/manipulators.hpp
[0.124s] -- Up-to-date: /home/locobot/LoCoBotRos/interbotix_ws/install/ecl_streams/include/ecl/streams/serial_stream.hpp
[0.125s] -- Up-to-date: /home/locobot/LoCoBotRos/interbotix_ws/install/ecl_streams/include/ecl/streams/shared_file_stream.hpp
[0.125s] -- Up-to-date: /home/locobot/LoCoBotRos/interbotix_ws/install/ecl_streams/include/ecl/streams/socket_streams.hpp
[0.125s] -- Up-to-date: /home/locobot/LoCoBotRos/interbotix_ws/install/ecl_streams/include/ecl/streams/string_stream.hpp
[0.125s] -- Up-to-date: /home/locobot/LoCoBotRos/interbotix_ws/install/ecl_streams/include/ecl/streams/text_stream.hpp
[0.125s] -- Up-to-date: /home/locobot/LoCoBotRos/interbotix_ws/install/ecl_streams/include/ecl/streams/manipulators/clear_screen.hpp
[0.125s] -- Up-to-date: /home/locobot/LoCoBotRos/interbotix_ws/install/ecl_streams/include/ecl/streams/manipulators/end_of_line.hpp
[0.125s] -- Up-to-date: /home/locobot/LoCoBotRos/interbotix_ws/install/ecl_streams/include/ecl/streams/manipulators/manipulator.hpp
[0.125s] -- Up-to-date: /home/locobot/LoCoBotRos/interbotix_ws/install/ecl_streams/include/ecl/streams/text_streams/base_text_stream.hpp
[0.125s] -- Up-to-date: /home/locobot/LoCoBotRos/interbotix_ws/install/ecl_streams/include/ecl/streams/text_streams/input_text_stream.hpp
[0.125s] -- Up-to-date: /home/locobot/LoCoBotRos/interbotix_ws/install/ecl_streams/include/ecl/streams/text_streams/output_text_stream.hpp
[0.125s] -- Up-to-date: /home/locobot/LoCoBotRos/interbotix_ws/install/ecl_streams/lib/libecl_streams.so.1.2.1
[0.126s] -- Up-to-date: /home/locobot/LoCoBotRos/interbotix_ws/install/ecl_streams/lib/libecl_streams.so
[0.126s] -- Up-to-date: /home/locobot/LoCoBotRos/interbotix_ws/install/ecl_streams/lib/ecl_streams/demo_console_streams
[0.126s] -- Up-to-date: /home/locobot/LoCoBotRos/interbotix_ws/install/ecl_streams/lib/ecl_streams/demo_log_streams
[0.129s] Invoked command in '/home/locobot/LoCoBotRos/interbotix_ws/build/ecl_streams' returned '0': AMENT_PREFIX_PATH=/home/locobot/LoCoBotRos/interbotix_ws/install/ecl_devices:/home/locobot/LoCoBotRos/interbotix_ws/install/ecl_containers:/home/locobot/LoCoBotRos/interbotix_ws/install/ecl_threads:/home/locobot/LoCoBotRos/interbotix_ws/install/ecl_formatters:/home/locobot/LoCoBotRos/interbotix_ws/install/ecl_utilities:/home/locobot/LoCoBotRos/interbotix_ws/install/ecl_time:/home/locobot/LoCoBotRos/interbotix_ws/install/ecl_converters:/home/locobot/LoCoBotRos/interbotix_ws/install/ecl_time_lite:/home/locobot/LoCoBotRos/interbotix_ws/install/ecl_exceptions:/home/locobot/LoCoBotRos/interbotix_ws/install/ecl_concepts:/home/locobot/LoCoBotRos/interbotix_ws/install/ecl_type_traits:/home/locobot/LoCoBotRos/interbotix_ws/install/ecl_errors:/home/locobot/LoCoBotRos/interbotix_ws/install/ecl_mpl:/home/locobot/LoCoBotRos/interbotix_ws/install/ecl_config:${AMENT_PREFIX_PATH} CMAKE_PREFIX_PATH=/home/locobot/LoCoBotRos/interbotix_ws/install/ecl_devices:/home/locobot/LoCoBotRos/interbotix_ws/install/ecl_containers:/home/locobot/LoCoBotRos/interbotix_ws/install/ecl_threads:/home/locobot/LoCoBotRos/interbotix_ws/install/ecl_formatters:/home/locobot/LoCoBotRos/interbotix_ws/install/ecl_utilities:/home/locobot/LoCoBotRos/interbotix_ws/install/ecl_time:/home/locobot/LoCoBotRos/interbotix_ws/install/ecl_converters:/home/locobot/LoCoBotRos/interbotix_ws/install/ecl_time_lite:/home/locobot/LoCoBotRos/interbotix_ws/install/ecl_exceptions:/home/locobot/LoCoBotRos/interbotix_ws/install/ecl_concepts:/home/locobot/LoCoBotRos/interbotix_ws/install/ecl_type_traits:/home/locobot/LoCoBotRos/interbotix_ws/install/ecl_errors:/home/locobot/LoCoBotRos/interbotix_ws/install/ecl_mpl:/home/locobot/LoCoBotRos/interbotix_ws/install/ecl_config:/home/locobot/apriltag_ws/install/apriltag_ros:/opt/ros/humble LD_LIBRARY_PATH=/home/locobot/LoCoBotRos/interbotix_ws/install/ecl_devices/lib:/home/locobot/LoCoBotRos/interbotix_ws/install/ecl_threads/lib:/home/locobot/LoCoBotRos/interbotix_ws/install/ecl_formatters/lib:/home/locobot/LoCoBotRos/interbotix_ws/install/ecl_time/lib:/home/locobot/LoCoBotRos/interbotix_ws/install/ecl_time_lite/lib:/home/locobot/LoCoBotRos/interbotix_ws/install/ecl_exceptions/lib:/home/locobot/LoCoBotRos/interbotix_ws/install/ecl_type_traits/lib:/home/locobot/LoCoBotRos/interbotix_ws/install/ecl_errors/lib:${LD_LIBRARY_PATH} PATH=/home/locobot/LoCoBotRos/interbotix_ws/install/ecl_type_traits/bin:/home/locobot/LoCoBotRos/interbotix_ws/install/ecl_config/bin:${PATH} /usr/bin/cmake --install /home/locobot/LoCoBotRos/interbotix_ws/build/ecl_streams
