[0.190s] Invoking command in '/home/locobot/LoCoBotRos/interbotix_ws/build/moveit_resources_panda_description': CMAKE_PREFIX_PATH=${CMAKE_PREFIX_PATH}:/home/locobot/LoCoBotRos/interbotix_ws/install/moveit_configs_utils:/home/locobot/LoCoBotRos/interbotix_ws/install/launch_param_builder:/home/locobot/LoCoBotRos/interbotix_ws/install/interbotix_xs_modules:/home/locobot/LoCoBotRos/interbotix_ws/install/interbotix_common_modules:/opt/ros/humble /usr/bin/cmake --build /home/locobot/LoCoBotRos/interbotix_ws/build/moveit_resources_panda_description -- -j16 -l16
[0.904s] Invoked command in '/home/locobot/LoCoBotRos/interbotix_ws/build/moveit_resources_panda_description' returned '0': CMAKE_PREFIX_PATH=${CMAKE_PREFIX_PATH}:/home/locobot/LoCoBotRos/interbotix_ws/install/moveit_configs_utils:/home/locobot/LoCoBotRos/interbotix_ws/install/launch_param_builder:/home/locobot/LoCoBotRos/interbotix_ws/install/interbotix_xs_modules:/home/locobot/LoCoBotRos/interbotix_ws/install/interbotix_common_modules:/opt/ros/humble /usr/bin/cmake --build /home/locobot/LoCoBotRos/interbotix_ws/build/moveit_resources_panda_description -- -j16 -l16
[0.905s] Invoking command in '/home/locobot/LoCoBotRos/interbotix_ws/build/moveit_resources_panda_description': CMAKE_PREFIX_PATH=${CMAKE_PREFIX_PATH}:/home/locobot/LoCoBotRos/interbotix_ws/install/moveit_configs_utils:/home/locobot/LoCoBotRos/interbotix_ws/install/launch_param_builder:/home/locobot/LoCoBotRos/interbotix_ws/install/interbotix_xs_modules:/home/locobot/LoCoBotRos/interbotix_ws/install/interbotix_common_modules:/opt/ros/humble /usr/bin/cmake --install /home/locobot/LoCoBotRos/interbotix_ws/build/moveit_resources_panda_description
[0.939s] -- Install configuration: "Release"
[0.940s] -- Up-to-date: /home/locobot/LoCoBotRos/interbotix_ws/install/moveit_resources_panda_description/share/ament_index/resource_index/package_run_dependencies/moveit_resources_panda_description
[0.940s] -- Up-to-date: /home/locobot/LoCoBotRos/interbotix_ws/install/moveit_resources_panda_description/share/ament_index/resource_index/parent_prefix_path/moveit_resources_panda_description
[0.941s] -- Up-to-date: /home/locobot/LoCoBotRos/interbotix_ws/install/moveit_resources_panda_description/share/moveit_resources_panda_description/environment/ament_prefix_path.sh
[0.941s] -- Up-to-date: /home/locobot/LoCoBotRos/interbotix_ws/install/moveit_resources_panda_description/share/moveit_resources_panda_description/environment/ament_prefix_path.dsv
[0.942s] -- Up-to-date: /home/locobot/LoCoBotRos/interbotix_ws/install/moveit_resources_panda_description/share/moveit_resources_panda_description/environment/path.sh
[0.942s] -- Up-to-date: /home/locobot/LoCoBotRos/interbotix_ws/install/moveit_resources_panda_description/share/moveit_resources_panda_description/environment/path.dsv
[0.942s] -- Up-to-date: /home/locobot/LoCoBotRos/interbotix_ws/install/moveit_resources_panda_description/share/moveit_resources_panda_description/local_setup.bash
[0.942s] -- Up-to-date: /home/locobot/LoCoBotRos/interbotix_ws/install/moveit_resources_panda_description/share/moveit_resources_panda_description/local_setup.sh
[0.942s] -- Up-to-date: /home/locobot/LoCoBotRos/interbotix_ws/install/moveit_resources_panda_description/share/moveit_resources_panda_description/local_setup.zsh
[0.943s] -- Up-to-date: /home/locobot/LoCoBotRos/interbotix_ws/install/moveit_resources_panda_description/share/moveit_resources_panda_description/local_setup.dsv
[0.944s] -- Up-to-date: /home/locobot/LoCoBotRos/interbotix_ws/install/moveit_resources_panda_description/share/moveit_resources_panda_description/package.dsv
[0.945s] -- Up-to-date: /home/locobot/LoCoBotRos/interbotix_ws/install/moveit_resources_panda_description/share/ament_index/resource_index/packages/moveit_resources_panda_description
[0.946s] -- Up-to-date: /home/locobot/LoCoBotRos/interbotix_ws/install/moveit_resources_panda_description/share/moveit_resources_panda_description/cmake/moveit_resources_panda_descriptionConfig.cmake
[0.946s] -- Up-to-date: /home/locobot/LoCoBotRos/interbotix_ws/install/moveit_resources_panda_description/share/moveit_resources_panda_description/cmake/moveit_resources_panda_descriptionConfig-version.cmake
[0.947s] -- Up-to-date: /home/locobot/LoCoBotRos/interbotix_ws/install/moveit_resources_panda_description/share/moveit_resources_panda_description/package.xml
[0.947s] -- Up-to-date: /home/locobot/LoCoBotRos/interbotix_ws/install/moveit_resources_panda_description/share/moveit_resources_panda_description/meshes
[0.947s] -- Up-to-date: /home/locobot/LoCoBotRos/interbotix_ws/install/moveit_resources_panda_description/share/moveit_resources_panda_description/meshes/collision
[0.947s] -- Up-to-date: /home/locobot/LoCoBotRos/interbotix_ws/install/moveit_resources_panda_description/share/moveit_resources_panda_description/meshes/collision/link7.stl
[0.948s] -- Up-to-date: /home/locobot/LoCoBotRos/interbotix_ws/install/moveit_resources_panda_description/share/moveit_resources_panda_description/meshes/collision/link5.stl
[0.948s] -- Up-to-date: /home/locobot/LoCoBotRos/interbotix_ws/install/moveit_resources_panda_description/share/moveit_resources_panda_description/meshes/collision/link3.stl
[0.948s] -- Up-to-date: /home/locobot/LoCoBotRos/interbotix_ws/install/moveit_resources_panda_description/share/moveit_resources_panda_description/meshes/collision/finger.stl
[0.948s] -- Up-to-date: /home/locobot/LoCoBotRos/interbotix_ws/install/moveit_resources_panda_description/share/moveit_resources_panda_description/meshes/collision/link1.stl
[0.949s] -- Up-to-date: /home/locobot/LoCoBotRos/interbotix_ws/install/moveit_resources_panda_description/share/moveit_resources_panda_description/meshes/collision/link4.stl
[0.949s] -- Up-to-date: /home/locobot/LoCoBotRos/interbotix_ws/install/moveit_resources_panda_description/share/moveit_resources_panda_description/meshes/collision/hand.stl
[0.949s] -- Up-to-date: /home/locobot/LoCoBotRos/interbotix_ws/install/moveit_resources_panda_description/share/moveit_resources_panda_description/meshes/collision/link0.stl
[0.949s] -- Up-to-date: /home/locobot/LoCoBotRos/interbotix_ws/install/moveit_resources_panda_description/share/moveit_resources_panda_description/meshes/collision/link2.stl
[0.949s] -- Up-to-date: /home/locobot/LoCoBotRos/interbotix_ws/install/moveit_resources_panda_description/share/moveit_resources_panda_description/meshes/collision/link6.stl
[0.949s] -- Up-to-date: /home/locobot/LoCoBotRos/interbotix_ws/install/moveit_resources_panda_description/share/moveit_resources_panda_description/meshes/visual
[0.950s] -- Up-to-date: /home/locobot/LoCoBotRos/interbotix_ws/install/moveit_resources_panda_description/share/moveit_resources_panda_description/meshes/visual/link4.dae
[0.950s] -- Up-to-date: /home/locobot/LoCoBotRos/interbotix_ws/install/moveit_resources_panda_description/share/moveit_resources_panda_description/meshes/visual/link6.dae
[0.950s] -- Up-to-date: /home/locobot/LoCoBotRos/interbotix_ws/install/moveit_resources_panda_description/share/moveit_resources_panda_description/meshes/visual/link0.dae
[0.950s] -- Up-to-date: /home/locobot/LoCoBotRos/interbotix_ws/install/moveit_resources_panda_description/share/moveit_resources_panda_description/meshes/visual/finger.dae
[0.955s] -- Up-to-date: /home/locobot/LoCoBotRos/interbotix_ws/install/moveit_resources_panda_description/share/moveit_resources_panda_description/meshes/visual/link5.dae
[0.955s] -- Up-to-date: /home/locobot/LoCoBotRos/interbotix_ws/install/moveit_resources_panda_description/share/moveit_resources_panda_description/meshes/visual/link3.dae
[0.956s] -- Up-to-date: /home/locobot/LoCoBotRos/interbotix_ws/install/moveit_resources_panda_description/share/moveit_resources_panda_description/meshes/visual/hand.dae
[0.957s] -- Up-to-date: /home/locobot/LoCoBotRos/interbotix_ws/install/moveit_resources_panda_description/share/moveit_resources_panda_description/meshes/visual/link1.dae
[0.957s] -- Up-to-date: /home/locobot/LoCoBotRos/interbotix_ws/install/moveit_resources_panda_description/share/moveit_resources_panda_description/meshes/visual/link7.dae
[0.957s] -- Up-to-date: /home/locobot/LoCoBotRos/interbotix_ws/install/moveit_resources_panda_description/share/moveit_resources_panda_description/meshes/visual/link2.dae
[0.957s] -- Up-to-date: /home/locobot/LoCoBotRos/interbotix_ws/install/moveit_resources_panda_description/share/moveit_resources_panda_description/urdf
[0.957s] -- Up-to-date: /home/locobot/LoCoBotRos/interbotix_ws/install/moveit_resources_panda_description/share/moveit_resources_panda_description/urdf/panda.urdf
[1.021s] Invoked command in '/home/locobot/LoCoBotRos/interbotix_ws/build/moveit_resources_panda_description' returned '0': CMAKE_PREFIX_PATH=${CMAKE_PREFIX_PATH}:/home/locobot/LoCoBotRos/interbotix_ws/install/moveit_configs_utils:/home/locobot/LoCoBotRos/interbotix_ws/install/launch_param_builder:/home/locobot/LoCoBotRos/interbotix_ws/install/interbotix_xs_modules:/home/locobot/LoCoBotRos/interbotix_ws/install/interbotix_common_modules:/opt/ros/humble /usr/bin/cmake --install /home/locobot/LoCoBotRos/interbotix_ws/build/moveit_resources_panda_description
