[0.039s] Invoking command in '/home/locobot/LoCoBotRos/interbotix_ws/build/interbotix_xs_driver': AMENT_PREFIX_PATH=/home/locobot/LoCoBotRos/interbotix_ws/install/dynamixel_workbench_toolbox:${AMENT_PREFIX_PATH} CMAKE_PREFIX_PATH=/home/locobot/LoCoBotRos/interbotix_ws/install/dynamixel_workbench_toolbox:/home/locobot/apriltag_ws/install/apriltag_ros:/opt/ros/humble LD_LIBRARY_PATH=/home/locobot/LoCoBotRos/interbotix_ws/install/dynamixel_workbench_toolbox/lib:${LD_LIBRARY_PATH} /usr/bin/cmake /home/locobot/LoCoBotRos/interbotix_ws/src/interbotix_ros_core/interbotix_ros_xseries/interbotix_xs_driver -DCMAKE_INSTALL_PREFIX=/home/locobot/LoCoBotRos/interbotix_ws/install/interbotix_xs_driver
[0.165s] -- Found dynamixel_workbench_toolbox: 2.2.2 (/home/locobot/LoCoBotRos/interbotix_ws/install/dynamixel_workbench_toolbox/share/dynamixel_workbench_toolbox/cmake)
[0.285s] -- Found rosidl_generator_c: 3.1.6 (/opt/ros/humble/share/rosidl_generator_c/cmake)
[0.285s] -- Found rosidl_adapter: 3.1.6 (/opt/ros/humble/share/rosidl_adapter/cmake)
[0.293s] -- Found rosidl_generator_cpp: 3.1.6 (/opt/ros/humble/share/rosidl_generator_cpp/cmake)
[0.312s] -- Using all available rosidl_typesupport_c: rosidl_typesupport_fastrtps_c;rosidl_typesupport_introspection_c
[0.330s] -- Using all available rosidl_typesupport_cpp: rosidl_typesupport_fastrtps_cpp;rosidl_typesupport_introspection_cpp
[0.384s] -- Found rmw_implementation_cmake: 6.1.2 (/opt/ros/humble/share/rmw_implementation_cmake/cmake)
[0.385s] -- Found rmw_fastrtps_cpp: 6.2.7 (/opt/ros/humble/share/rmw_fastrtps_cpp/cmake)
[0.542s] -- Using RMW implementation 'rmw_fastrtps_cpp' as default
[0.609s] -- Found ament_lint_auto: 0.12.12 (/opt/ros/humble/share/ament_lint_auto/cmake)
[0.719s] -- Added test 'copyright' to check source files copyright and LICENSE
[0.721s] -- Added test 'cppcheck' to perform static code analysis on C / C++ code
[0.721s] -- Configured cppcheck include dirs: /home/locobot/LoCoBotRos/interbotix_ws/src/interbotix_ros_core/interbotix_ros_xseries/interbotix_xs_driver/include;$<BUILD_INTERFACE:/home/locobot/LoCoBotRos/interbotix_ws/src/interbotix_ros_core/interbotix_ros_xseries/interbotix_xs_driver/include>
[0.721s] -- Configured cppcheck exclude dirs and/or files: 
[0.723s] -- Added test 'cpplint' to check C / C++ code against the Google style
[0.723s] -- Configured cpplint exclude dirs and/or files: 
[0.724s] -- Added test 'lint_cmake' to check CMake code style
[0.726s] -- Added test 'uncrustify' to check C / C++ code style
[0.726s] -- Configured uncrustify additional arguments: 
[0.726s] -- Added test 'xmllint' to check XML markup files
[0.731s] -- Configuring done
[0.767s] -- Generating done
[0.774s] -- Build files have been written to: /home/locobot/LoCoBotRos/interbotix_ws/build/interbotix_xs_driver
[0.982s] Invoked command in '/home/locobot/LoCoBotRos/interbotix_ws/build/interbotix_xs_driver' returned '0': AMENT_PREFIX_PATH=/home/locobot/LoCoBotRos/interbotix_ws/install/dynamixel_workbench_toolbox:${AMENT_PREFIX_PATH} CMAKE_PREFIX_PATH=/home/locobot/LoCoBotRos/interbotix_ws/install/dynamixel_workbench_toolbox:/home/locobot/apriltag_ws/install/apriltag_ros:/opt/ros/humble LD_LIBRARY_PATH=/home/locobot/LoCoBotRos/interbotix_ws/install/dynamixel_workbench_toolbox/lib:${LD_LIBRARY_PATH} /usr/bin/cmake /home/locobot/LoCoBotRos/interbotix_ws/src/interbotix_ros_core/interbotix_ros_xseries/interbotix_xs_driver -DCMAKE_INSTALL_PREFIX=/home/locobot/LoCoBotRos/interbotix_ws/install/interbotix_xs_driver
[0.986s] Invoking command in '/home/locobot/LoCoBotRos/interbotix_ws/build/interbotix_xs_driver': AMENT_PREFIX_PATH=/home/locobot/LoCoBotRos/interbotix_ws/install/dynamixel_workbench_toolbox:${AMENT_PREFIX_PATH} CMAKE_PREFIX_PATH=/home/locobot/LoCoBotRos/interbotix_ws/install/dynamixel_workbench_toolbox:/home/locobot/apriltag_ws/install/apriltag_ros:/opt/ros/humble LD_LIBRARY_PATH=/home/locobot/LoCoBotRos/interbotix_ws/install/dynamixel_workbench_toolbox/lib:${LD_LIBRARY_PATH} /usr/bin/cmake --build /home/locobot/LoCoBotRos/interbotix_ws/build/interbotix_xs_driver -- -j16 -l16
[1.036s] [35m[1mConsolidate compiler generated dependencies of target interbotix_xs_driver[0m
[1.056s] [100%] Built target interbotix_xs_driver
[1.184s] Invoked command in '/home/locobot/LoCoBotRos/interbotix_ws/build/interbotix_xs_driver' returned '0': AMENT_PREFIX_PATH=/home/locobot/LoCoBotRos/interbotix_ws/install/dynamixel_workbench_toolbox:${AMENT_PREFIX_PATH} CMAKE_PREFIX_PATH=/home/locobot/LoCoBotRos/interbotix_ws/install/dynamixel_workbench_toolbox:/home/locobot/apriltag_ws/install/apriltag_ros:/opt/ros/humble LD_LIBRARY_PATH=/home/locobot/LoCoBotRos/interbotix_ws/install/dynamixel_workbench_toolbox/lib:${LD_LIBRARY_PATH} /usr/bin/cmake --build /home/locobot/LoCoBotRos/interbotix_ws/build/interbotix_xs_driver -- -j16 -l16
[1.191s] Invoking command in '/home/locobot/LoCoBotRos/interbotix_ws/build/interbotix_xs_driver': AMENT_PREFIX_PATH=/home/locobot/LoCoBotRos/interbotix_ws/install/dynamixel_workbench_toolbox:${AMENT_PREFIX_PATH} CMAKE_PREFIX_PATH=/home/locobot/LoCoBotRos/interbotix_ws/install/dynamixel_workbench_toolbox:/home/locobot/apriltag_ws/install/apriltag_ros:/opt/ros/humble LD_LIBRARY_PATH=/home/locobot/LoCoBotRos/interbotix_ws/install/dynamixel_workbench_toolbox/lib:${LD_LIBRARY_PATH} /usr/bin/cmake --install /home/locobot/LoCoBotRos/interbotix_ws/build/interbotix_xs_driver
[1.200s] -- Install configuration: "Release"
[1.206s] -- Up-to-date: /home/locobot/LoCoBotRos/interbotix_ws/install/interbotix_xs_driver/lib/libinterbotix_xs_driver.so
[1.206s] -- Up-to-date: /home/locobot/LoCoBotRos/interbotix_ws/install/interbotix_xs_driver/include/interbotix_xs_driver/version.hpp
[1.206s] -- Up-to-date: /home/locobot/LoCoBotRos/interbotix_ws/install/interbotix_xs_driver/include/interbotix_xs_driver
[1.208s] -- Up-to-date: /home/locobot/LoCoBotRos/interbotix_ws/install/interbotix_xs_driver/include/interbotix_xs_driver/xs_logging.hpp
[1.208s] -- Up-to-date: /home/locobot/LoCoBotRos/interbotix_ws/install/interbotix_xs_driver/include/interbotix_xs_driver/xs_common.hpp
[1.208s] -- Up-to-date: /home/locobot/LoCoBotRos/interbotix_ws/install/interbotix_xs_driver/include/interbotix_xs_driver/xs_driver.hpp
[1.208s] -- Up-to-date: /home/locobot/LoCoBotRos/interbotix_ws/install/interbotix_xs_driver/share/interbotix_xs_driver/package.xml
[1.209s] -- Up-to-date: /home/locobot/LoCoBotRos/interbotix_ws/install/interbotix_xs_driver/share/ament_index/resource_index/package_run_dependencies/interbotix_xs_driver
[1.209s] -- Up-to-date: /home/locobot/LoCoBotRos/interbotix_ws/install/interbotix_xs_driver/share/ament_index/resource_index/parent_prefix_path/interbotix_xs_driver
[1.209s] -- Up-to-date: /home/locobot/LoCoBotRos/interbotix_ws/install/interbotix_xs_driver/share/interbotix_xs_driver/environment/ament_prefix_path.sh
[1.209s] -- Installing: /home/locobot/LoCoBotRos/interbotix_ws/install/interbotix_xs_driver/share/interbotix_xs_driver/environment/ament_prefix_path.dsv
[1.209s] -- Up-to-date: /home/locobot/LoCoBotRos/interbotix_ws/install/interbotix_xs_driver/share/interbotix_xs_driver/environment/path.sh
[1.209s] -- Installing: /home/locobot/LoCoBotRos/interbotix_ws/install/interbotix_xs_driver/share/interbotix_xs_driver/environment/path.dsv
[1.209s] -- Up-to-date: /home/locobot/LoCoBotRos/interbotix_ws/install/interbotix_xs_driver/share/interbotix_xs_driver/local_setup.bash
[1.210s] -- Up-to-date: /home/locobot/LoCoBotRos/interbotix_ws/install/interbotix_xs_driver/share/interbotix_xs_driver/local_setup.sh
[1.210s] -- Up-to-date: /home/locobot/LoCoBotRos/interbotix_ws/install/interbotix_xs_driver/share/interbotix_xs_driver/local_setup.zsh
[1.217s] -- Installing: /home/locobot/LoCoBotRos/interbotix_ws/install/interbotix_xs_driver/share/interbotix_xs_driver/local_setup.dsv
[1.217s] -- Installing: /home/locobot/LoCoBotRos/interbotix_ws/install/interbotix_xs_driver/share/interbotix_xs_driver/package.dsv
[1.218s] -- Up-to-date: /home/locobot/LoCoBotRos/interbotix_ws/install/interbotix_xs_driver/share/ament_index/resource_index/packages/interbotix_xs_driver
[1.222s] -- Up-to-date: /home/locobot/LoCoBotRos/interbotix_ws/install/interbotix_xs_driver/share/interbotix_xs_driver/cmake/export_interbotix_xs_driverExport.cmake
[1.223s] -- Up-to-date: /home/locobot/LoCoBotRos/interbotix_ws/install/interbotix_xs_driver/share/interbotix_xs_driver/cmake/export_interbotix_xs_driverExport-release.cmake
[1.223s] -- Up-to-date: /home/locobot/LoCoBotRos/interbotix_ws/install/interbotix_xs_driver/share/interbotix_xs_driver/cmake/ament_cmake_export_dependencies-extras.cmake
[1.223s] -- Up-to-date: /home/locobot/LoCoBotRos/interbotix_ws/install/interbotix_xs_driver/share/interbotix_xs_driver/cmake/ament_cmake_export_targets-extras.cmake
[1.223s] -- Up-to-date: /home/locobot/LoCoBotRos/interbotix_ws/install/interbotix_xs_driver/share/interbotix_xs_driver/cmake/interbotix_xs_driverConfig.cmake
[1.223s] -- Up-to-date: /home/locobot/LoCoBotRos/interbotix_ws/install/interbotix_xs_driver/share/interbotix_xs_driver/cmake/interbotix_xs_driverConfig-version.cmake
[1.226s] -- Up-to-date: /home/locobot/LoCoBotRos/interbotix_ws/install/interbotix_xs_driver/share/interbotix_xs_driver/package.xml
[1.310s] Invoked command in '/home/locobot/LoCoBotRos/interbotix_ws/build/interbotix_xs_driver' returned '0': AMENT_PREFIX_PATH=/home/locobot/LoCoBotRos/interbotix_ws/install/dynamixel_workbench_toolbox:${AMENT_PREFIX_PATH} CMAKE_PREFIX_PATH=/home/locobot/LoCoBotRos/interbotix_ws/install/dynamixel_workbench_toolbox:/home/locobot/apriltag_ws/install/apriltag_ros:/opt/ros/humble LD_LIBRARY_PATH=/home/locobot/LoCoBotRos/interbotix_ws/install/dynamixel_workbench_toolbox/lib:${LD_LIBRARY_PATH} /usr/bin/cmake --install /home/locobot/LoCoBotRos/interbotix_ws/build/interbotix_xs_driver
