[0.011s] Invoking command in '/home/locobot/LoCoBotRos/interbotix_ws/build/ecl_concepts': AMENT_PREFIX_PATH=/home/locobot/LoCoBotRos/interbotix_ws/install/ecl_type_traits:/home/locobot/LoCoBotRos/interbotix_ws/install/ecl_mpl:/home/locobot/LoCoBotRos/interbotix_ws/install/ecl_config:${AMENT_PREFIX_PATH} CMAKE_PREFIX_PATH=/home/locobot/LoCoBotRos/interbotix_ws/install/ecl_type_traits:/home/locobot/LoCoBotRos/interbotix_ws/install/ecl_mpl:/home/locobot/LoCoBotRos/interbotix_ws/install/ecl_config:/home/locobot/apriltag_ws/install/apriltag_ros:/opt/ros/humble LD_LIBRARY_PATH=/home/locobot/LoCoBotRos/interbotix_ws/install/ecl_type_traits/lib:${LD_LIBRARY_PATH} PATH=/home/locobot/LoCoBotRos/interbotix_ws/install/ecl_type_traits/bin:/home/locobot/LoCoBotRos/interbotix_ws/install/ecl_config/bin:${PATH} /usr/bin/cmake /home/locobot/LoCoBotRos/interbotix_ws/src/ecl_core/ecl_concepts -DCMAKE_INSTALL_PREFIX=/home/locobot/LoCoBotRos/interbotix_ws/install/ecl_concepts
[0.020s] -- Found ament_cmake_ros: 0.10.0 (/opt/ros/humble/share/ament_cmake_ros/cmake)
[0.113s] -- Found ecl_build: 1.0.3 (/opt/ros/humble/share/ecl_build/cmake)
[0.116s] -- Found ecl_config: 1.2.0 (/home/locobot/LoCoBotRos/interbotix_ws/install/ecl_config/share/ecl_config/cmake)
[0.118s] -- Found ecl_type_traits: 1.2.1 (/home/locobot/LoCoBotRos/interbotix_ws/install/ecl_type_traits/share/ecl_type_traits/cmake)
[0.167s] -- Found ament_lint_auto: 0.12.12 (/opt/ros/humble/share/ament_lint_auto/cmake)
[0.172s] -- Found gtest sources under '/opt/ros/humble/src/gtest_vendor': C++ tests using 'Google Test' will be built
[0.180s] -- Configuring done
[0.192s] -- Generating done
[0.195s] -- Build files have been written to: /home/locobot/LoCoBotRos/interbotix_ws/build/ecl_concepts
[0.199s] Invoked command in '/home/locobot/LoCoBotRos/interbotix_ws/build/ecl_concepts' returned '0': AMENT_PREFIX_PATH=/home/locobot/LoCoBotRos/interbotix_ws/install/ecl_type_traits:/home/locobot/LoCoBotRos/interbotix_ws/install/ecl_mpl:/home/locobot/LoCoBotRos/interbotix_ws/install/ecl_config:${AMENT_PREFIX_PATH} CMAKE_PREFIX_PATH=/home/locobot/LoCoBotRos/interbotix_ws/install/ecl_type_traits:/home/locobot/LoCoBotRos/interbotix_ws/install/ecl_mpl:/home/locobot/LoCoBotRos/interbotix_ws/install/ecl_config:/home/locobot/apriltag_ws/install/apriltag_ros:/opt/ros/humble LD_LIBRARY_PATH=/home/locobot/LoCoBotRos/interbotix_ws/install/ecl_type_traits/lib:${LD_LIBRARY_PATH} PATH=/home/locobot/LoCoBotRos/interbotix_ws/install/ecl_type_traits/bin:/home/locobot/LoCoBotRos/interbotix_ws/install/ecl_config/bin:${PATH} /usr/bin/cmake /home/locobot/LoCoBotRos/interbotix_ws/src/ecl_core/ecl_concepts -DCMAKE_INSTALL_PREFIX=/home/locobot/LoCoBotRos/interbotix_ws/install/ecl_concepts
[0.199s] Invoking command in '/home/locobot/LoCoBotRos/interbotix_ws/build/ecl_concepts': AMENT_PREFIX_PATH=/home/locobot/LoCoBotRos/interbotix_ws/install/ecl_type_traits:/home/locobot/LoCoBotRos/interbotix_ws/install/ecl_mpl:/home/locobot/LoCoBotRos/interbotix_ws/install/ecl_config:${AMENT_PREFIX_PATH} CMAKE_PREFIX_PATH=/home/locobot/LoCoBotRos/interbotix_ws/install/ecl_type_traits:/home/locobot/LoCoBotRos/interbotix_ws/install/ecl_mpl:/home/locobot/LoCoBotRos/interbotix_ws/install/ecl_config:/home/locobot/apriltag_ws/install/apriltag_ros:/opt/ros/humble LD_LIBRARY_PATH=/home/locobot/LoCoBotRos/interbotix_ws/install/ecl_type_traits/lib:${LD_LIBRARY_PATH} PATH=/home/locobot/LoCoBotRos/interbotix_ws/install/ecl_type_traits/bin:/home/locobot/LoCoBotRos/interbotix_ws/install/ecl_config/bin:${PATH} /usr/bin/cmake --build /home/locobot/LoCoBotRos/interbotix_ws/build/ecl_concepts -- -j16 -l16
[0.226s] [35m[1mConsolidate compiler generated dependencies of target gtest_main[0m
[0.227s] [35m[1mConsolidate compiler generated dependencies of target gtest[0m
[0.238s] [ 33%] Built target gtest_main
[0.238s] [ 66%] Built target gtest
[0.246s] [35m[1mConsolidate compiler generated dependencies of target ecl_test_concepts[0m
[0.254s] [100%] Built target ecl_test_concepts
[0.262s] Invoked command in '/home/locobot/LoCoBotRos/interbotix_ws/build/ecl_concepts' returned '0': AMENT_PREFIX_PATH=/home/locobot/LoCoBotRos/interbotix_ws/install/ecl_type_traits:/home/locobot/LoCoBotRos/interbotix_ws/install/ecl_mpl:/home/locobot/LoCoBotRos/interbotix_ws/install/ecl_config:${AMENT_PREFIX_PATH} CMAKE_PREFIX_PATH=/home/locobot/LoCoBotRos/interbotix_ws/install/ecl_type_traits:/home/locobot/LoCoBotRos/interbotix_ws/install/ecl_mpl:/home/locobot/LoCoBotRos/interbotix_ws/install/ecl_config:/home/locobot/apriltag_ws/install/apriltag_ros:/opt/ros/humble LD_LIBRARY_PATH=/home/locobot/LoCoBotRos/interbotix_ws/install/ecl_type_traits/lib:${LD_LIBRARY_PATH} PATH=/home/locobot/LoCoBotRos/interbotix_ws/install/ecl_type_traits/bin:/home/locobot/LoCoBotRos/interbotix_ws/install/ecl_config/bin:${PATH} /usr/bin/cmake --build /home/locobot/LoCoBotRos/interbotix_ws/build/ecl_concepts -- -j16 -l16
[0.263s] Invoking command in '/home/locobot/LoCoBotRos/interbotix_ws/build/ecl_concepts': AMENT_PREFIX_PATH=/home/locobot/LoCoBotRos/interbotix_ws/install/ecl_type_traits:/home/locobot/LoCoBotRos/interbotix_ws/install/ecl_mpl:/home/locobot/LoCoBotRos/interbotix_ws/install/ecl_config:${AMENT_PREFIX_PATH} CMAKE_PREFIX_PATH=/home/locobot/LoCoBotRos/interbotix_ws/install/ecl_type_traits:/home/locobot/LoCoBotRos/interbotix_ws/install/ecl_mpl:/home/locobot/LoCoBotRos/interbotix_ws/install/ecl_config:/home/locobot/apriltag_ws/install/apriltag_ros:/opt/ros/humble LD_LIBRARY_PATH=/home/locobot/LoCoBotRos/interbotix_ws/install/ecl_type_traits/lib:${LD_LIBRARY_PATH} PATH=/home/locobot/LoCoBotRos/interbotix_ws/install/ecl_type_traits/bin:/home/locobot/LoCoBotRos/interbotix_ws/install/ecl_config/bin:${PATH} /usr/bin/cmake --install /home/locobot/LoCoBotRos/interbotix_ws/build/ecl_concepts
[0.268s] -- Install configuration: "Debug"
[0.269s] -- Up-to-date: /home/locobot/LoCoBotRos/interbotix_ws/install/ecl_concepts/share/ament_index/resource_index/package_run_dependencies/ecl_concepts
[0.269s] -- Installing: /home/locobot/LoCoBotRos/interbotix_ws/install/ecl_concepts/share/ament_index/resource_index/parent_prefix_path/ecl_concepts
[0.270s] -- Up-to-date: /home/locobot/LoCoBotRos/interbotix_ws/install/ecl_concepts/share/ecl_concepts/environment/ament_prefix_path.sh
[0.270s] -- Installing: /home/locobot/LoCoBotRos/interbotix_ws/install/ecl_concepts/share/ecl_concepts/environment/ament_prefix_path.dsv
[0.270s] -- Up-to-date: /home/locobot/LoCoBotRos/interbotix_ws/install/ecl_concepts/share/ecl_concepts/environment/path.sh
[0.270s] -- Installing: /home/locobot/LoCoBotRos/interbotix_ws/install/ecl_concepts/share/ecl_concepts/environment/path.dsv
[0.270s] -- Up-to-date: /home/locobot/LoCoBotRos/interbotix_ws/install/ecl_concepts/share/ecl_concepts/local_setup.bash
[0.270s] -- Up-to-date: /home/locobot/LoCoBotRos/interbotix_ws/install/ecl_concepts/share/ecl_concepts/local_setup.sh
[0.270s] -- Up-to-date: /home/locobot/LoCoBotRos/interbotix_ws/install/ecl_concepts/share/ecl_concepts/local_setup.zsh
[0.270s] -- Installing: /home/locobot/LoCoBotRos/interbotix_ws/install/ecl_concepts/share/ecl_concepts/local_setup.dsv
[0.270s] -- Installing: /home/locobot/LoCoBotRos/interbotix_ws/install/ecl_concepts/share/ecl_concepts/package.dsv
[0.270s] -- Up-to-date: /home/locobot/LoCoBotRos/interbotix_ws/install/ecl_concepts/share/ament_index/resource_index/packages/ecl_concepts
[0.270s] -- Up-to-date: /home/locobot/LoCoBotRos/interbotix_ws/install/ecl_concepts/share/ecl_concepts/cmake/ecl_conceptsExport.cmake
[0.271s] -- Up-to-date: /home/locobot/LoCoBotRos/interbotix_ws/install/ecl_concepts/share/ecl_concepts/cmake/ament_cmake_export_targets-extras.cmake
[0.271s] -- Up-to-date: /home/locobot/LoCoBotRos/interbotix_ws/install/ecl_concepts/share/ecl_concepts/cmake/ament_cmake_export_include_directories-extras.cmake
[0.271s] -- Up-to-date: /home/locobot/LoCoBotRos/interbotix_ws/install/ecl_concepts/share/ecl_concepts/cmake/ament_cmake_export_dependencies-extras.cmake
[0.271s] -- Up-to-date: /home/locobot/LoCoBotRos/interbotix_ws/install/ecl_concepts/share/ecl_concepts/cmake/ecl_conceptsConfig.cmake
[0.271s] -- Up-to-date: /home/locobot/LoCoBotRos/interbotix_ws/install/ecl_concepts/share/ecl_concepts/cmake/ecl_conceptsConfig-version.cmake
[0.271s] -- Up-to-date: /home/locobot/LoCoBotRos/interbotix_ws/install/ecl_concepts/share/ecl_concepts/package.xml
[0.271s] -- Up-to-date: /home/locobot/LoCoBotRos/interbotix_ws/install/ecl_concepts/include/ecl/concepts.hpp
[0.271s] -- Up-to-date: /home/locobot/LoCoBotRos/interbotix_ws/install/ecl_concepts/include/ecl/concepts/blueprints.hpp
[0.271s] -- Up-to-date: /home/locobot/LoCoBotRos/interbotix_ws/install/ecl_concepts/include/ecl/concepts/containers.hpp
[0.271s] -- Up-to-date: /home/locobot/LoCoBotRos/interbotix_ws/install/ecl_concepts/include/ecl/concepts/devices.hpp
[0.271s] -- Up-to-date: /home/locobot/LoCoBotRos/interbotix_ws/install/ecl_concepts/include/ecl/concepts/macros.hpp
[0.271s] -- Up-to-date: /home/locobot/LoCoBotRos/interbotix_ws/install/ecl_concepts/include/ecl/concepts/nullary_function.hpp
[0.272s] -- Up-to-date: /home/locobot/LoCoBotRos/interbotix_ws/install/ecl_concepts/include/ecl/concepts/streams.hpp
[0.273s] Invoked command in '/home/locobot/LoCoBotRos/interbotix_ws/build/ecl_concepts' returned '0': AMENT_PREFIX_PATH=/home/locobot/LoCoBotRos/interbotix_ws/install/ecl_type_traits:/home/locobot/LoCoBotRos/interbotix_ws/install/ecl_mpl:/home/locobot/LoCoBotRos/interbotix_ws/install/ecl_config:${AMENT_PREFIX_PATH} CMAKE_PREFIX_PATH=/home/locobot/LoCoBotRos/interbotix_ws/install/ecl_type_traits:/home/locobot/LoCoBotRos/interbotix_ws/install/ecl_mpl:/home/locobot/LoCoBotRos/interbotix_ws/install/ecl_config:/home/locobot/apriltag_ws/install/apriltag_ros:/opt/ros/humble LD_LIBRARY_PATH=/home/locobot/LoCoBotRos/interbotix_ws/install/ecl_type_traits/lib:${LD_LIBRARY_PATH} PATH=/home/locobot/LoCoBotRos/interbotix_ws/install/ecl_type_traits/bin:/home/locobot/LoCoBotRos/interbotix_ws/install/ecl_config/bin:${PATH} /usr/bin/cmake --install /home/locobot/LoCoBotRos/interbotix_ws/build/ecl_concepts
