[0.092s] Invoking command in '/home/locobot/LoCoBotRos/interbotix_ws/build/rviz_marker_tools': AMENT_PREFIX_PATH=/home/locobot/LoCoBotRos/interbotix_ws/install/moveit_common:${AMENT_PREFIX_PATH} CMAKE_PREFIX_PATH=/home/locobot/LoCoBotRos/interbotix_ws/install/moveit_common:/home/locobot/apriltag_ws/install/apriltag_ros:/opt/ros/humble /usr/bin/cmake /home/locobot/LoCoBotRos/interbotix_ws/src/moveit_task_constructor/rviz_marker_tools -DCMAKE_BUILD_TYPE=Release -DCMAKE_INSTALL_PREFIX=/home/locobot/LoCoBotRos/interbotix_ws/install/rviz_marker_tools
[1.047s] -- Found ament_cmake: 1.3.11 (/opt/ros/humble/share/ament_cmake/cmake)
[1.048s] -- Found moveit_common: 2.5.9 (/home/locobot/LoCoBotRos/interbotix_ws/install/moveit_common/share/moveit_common/cmake)
[1.048s] -- Found eigen3_cmake_module: 0.1.1 (/opt/ros/humble/share/eigen3_cmake_module/cmake)
[1.048s] -- Found geometry_msgs: 4.8.0 (/opt/ros/humble/share/geometry_msgs/cmake)
[1.048s] -- Found rosidl_generator_c: 3.1.6 (/opt/ros/humble/share/rosidl_generator_c/cmake)
[1.048s] -- Found rosidl_adapter: 3.1.6 (/opt/ros/humble/share/rosidl_adapter/cmake)
[1.048s] -- Found rosidl_generator_cpp: 3.1.6 (/opt/ros/humble/share/rosidl_generator_cpp/cmake)
[1.048s] -- Using all available rosidl_typesupport_c: rosidl_typesupport_fastrtps_c;rosidl_typesupport_introspection_c
[1.048s] -- Using all available rosidl_typesupport_cpp: rosidl_typesupport_fastrtps_cpp;rosidl_typesupport_introspection_cpp
[1.048s] -- Found rclcpp: 16.0.12 (/opt/ros/humble/share/rclcpp/cmake)
[1.105s] -- Found rmw_implementation_cmake: 6.1.2 (/opt/ros/humble/share/rmw_implementation_cmake/cmake)
[1.105s] -- Found rmw_fastrtps_cpp: 6.2.7 (/opt/ros/humble/share/rmw_fastrtps_cpp/cmake)
[1.628s] -- Using RMW implementation 'rmw_fastrtps_cpp' as default
[1.869s] -- Found tf2_eigen: 0.25.13 (/opt/ros/humble/share/tf2_eigen/cmake)
[2.532s] -- Found visualization_msgs: 4.8.0 (/opt/ros/humble/share/visualization_msgs/cmake)
[3.088s] -- Configuring done
[3.375s] -- Generating done
[3.513s] -- Build files have been written to: /home/locobot/LoCoBotRos/interbotix_ws/build/rviz_marker_tools
[3.697s] Invoked command in '/home/locobot/LoCoBotRos/interbotix_ws/build/rviz_marker_tools' returned '0': AMENT_PREFIX_PATH=/home/locobot/LoCoBotRos/interbotix_ws/install/moveit_common:${AMENT_PREFIX_PATH} CMAKE_PREFIX_PATH=/home/locobot/LoCoBotRos/interbotix_ws/install/moveit_common:/home/locobot/apriltag_ws/install/apriltag_ros:/opt/ros/humble /usr/bin/cmake /home/locobot/LoCoBotRos/interbotix_ws/src/moveit_task_constructor/rviz_marker_tools -DCMAKE_BUILD_TYPE=Release -DCMAKE_INSTALL_PREFIX=/home/locobot/LoCoBotRos/interbotix_ws/install/rviz_marker_tools
[3.698s] Invoking command in '/home/locobot/LoCoBotRos/interbotix_ws/build/rviz_marker_tools': AMENT_PREFIX_PATH=/home/locobot/LoCoBotRos/interbotix_ws/install/moveit_common:${AMENT_PREFIX_PATH} CMAKE_PREFIX_PATH=/home/locobot/LoCoBotRos/interbotix_ws/install/moveit_common:/home/locobot/apriltag_ws/install/apriltag_ros:/opt/ros/humble /usr/bin/cmake --build /home/locobot/LoCoBotRos/interbotix_ws/build/rviz_marker_tools -- -j16 -l16
[12.142s] [35m[1mConsolidate compiler generated dependencies of target rviz_marker_tools[0m
[12.142s] [100%] Built target rviz_marker_tools
[12.142s] Invoked command in '/home/locobot/LoCoBotRos/interbotix_ws/build/rviz_marker_tools' returned '0': AMENT_PREFIX_PATH=/home/locobot/LoCoBotRos/interbotix_ws/install/moveit_common:${AMENT_PREFIX_PATH} CMAKE_PREFIX_PATH=/home/locobot/LoCoBotRos/interbotix_ws/install/moveit_common:/home/locobot/apriltag_ws/install/apriltag_ros:/opt/ros/humble /usr/bin/cmake --build /home/locobot/LoCoBotRos/interbotix_ws/build/rviz_marker_tools -- -j16 -l16
[12.162s] Invoking command in '/home/locobot/LoCoBotRos/interbotix_ws/build/rviz_marker_tools': AMENT_PREFIX_PATH=/home/locobot/LoCoBotRos/interbotix_ws/install/moveit_common:${AMENT_PREFIX_PATH} CMAKE_PREFIX_PATH=/home/locobot/LoCoBotRos/interbotix_ws/install/moveit_common:/home/locobot/apriltag_ws/install/apriltag_ros:/opt/ros/humble /usr/bin/cmake --install /home/locobot/LoCoBotRos/interbotix_ws/build/rviz_marker_tools
[32.353s] -- Install configuration: "Release"
[32.353s] -- Up-to-date: /home/locobot/LoCoBotRos/interbotix_ws/install/rviz_marker_tools/include
[32.353s] -- Up-to-date: /home/locobot/LoCoBotRos/interbotix_ws/install/rviz_marker_tools/include/rviz_marker_tools
[32.353s] -- Up-to-date: /home/locobot/LoCoBotRos/interbotix_ws/install/rviz_marker_tools/include/rviz_marker_tools/marker_creation.h
[32.353s] -- Up-to-date: /home/locobot/LoCoBotRos/interbotix_ws/install/rviz_marker_tools/lib/librviz_marker_tools.so
[32.353s] -- Up-to-date: /home/locobot/LoCoBotRos/interbotix_ws/install/rviz_marker_tools/share/rviz_marker_tools/environment/library_path.sh
[32.353s] -- Installing: /home/locobot/LoCoBotRos/interbotix_ws/install/rviz_marker_tools/share/rviz_marker_tools/environment/library_path.dsv
[32.354s] -- Up-to-date: /home/locobot/LoCoBotRos/interbotix_ws/install/rviz_marker_tools/share/ament_index/resource_index/package_run_dependencies/rviz_marker_tools
[32.354s] -- Installing: /home/locobot/LoCoBotRos/interbotix_ws/install/rviz_marker_tools/share/ament_index/resource_index/parent_prefix_path/rviz_marker_tools
[32.354s] -- Up-to-date: /home/locobot/LoCoBotRos/interbotix_ws/install/rviz_marker_tools/share/rviz_marker_tools/environment/ament_prefix_path.sh
[32.354s] -- Installing: /home/locobot/LoCoBotRos/interbotix_ws/install/rviz_marker_tools/share/rviz_marker_tools/environment/ament_prefix_path.dsv
[32.354s] -- Up-to-date: /home/locobot/LoCoBotRos/interbotix_ws/install/rviz_marker_tools/share/rviz_marker_tools/environment/path.sh
[32.354s] -- Installing: /home/locobot/LoCoBotRos/interbotix_ws/install/rviz_marker_tools/share/rviz_marker_tools/environment/path.dsv
[32.354s] -- Up-to-date: /home/locobot/LoCoBotRos/interbotix_ws/install/rviz_marker_tools/share/rviz_marker_tools/local_setup.bash
[32.354s] -- Up-to-date: /home/locobot/LoCoBotRos/interbotix_ws/install/rviz_marker_tools/share/rviz_marker_tools/local_setup.sh
[32.354s] -- Up-to-date: /home/locobot/LoCoBotRos/interbotix_ws/install/rviz_marker_tools/share/rviz_marker_tools/local_setup.zsh
[32.354s] -- Installing: /home/locobot/LoCoBotRos/interbotix_ws/install/rviz_marker_tools/share/rviz_marker_tools/local_setup.dsv
[32.354s] -- Installing: /home/locobot/LoCoBotRos/interbotix_ws/install/rviz_marker_tools/share/rviz_marker_tools/package.dsv
[32.366s] -- Up-to-date: /home/locobot/LoCoBotRos/interbotix_ws/install/rviz_marker_tools/share/ament_index/resource_index/packages/rviz_marker_tools
[32.367s] -- Up-to-date: /home/locobot/LoCoBotRos/interbotix_ws/install/rviz_marker_tools/share/rviz_marker_tools/cmake/rviz_marker_toolsTargetsExport.cmake
[32.367s] -- Up-to-date: /home/locobot/LoCoBotRos/interbotix_ws/install/rviz_marker_tools/share/rviz_marker_tools/cmake/rviz_marker_toolsTargetsExport-release.cmake
[32.367s] -- Up-to-date: /home/locobot/LoCoBotRos/interbotix_ws/install/rviz_marker_tools/share/rviz_marker_tools/cmake/ament_cmake_export_targets-extras.cmake
[32.367s] -- Up-to-date: /home/locobot/LoCoBotRos/interbotix_ws/install/rviz_marker_tools/share/rviz_marker_tools/cmake/ament_cmake_export_dependencies-extras.cmake
[32.368s] -- Up-to-date: /home/locobot/LoCoBotRos/interbotix_ws/install/rviz_marker_tools/share/rviz_marker_tools/cmake/rviz_marker_toolsConfig.cmake
[32.368s] -- Up-to-date: /home/locobot/LoCoBotRos/interbotix_ws/install/rviz_marker_tools/share/rviz_marker_tools/cmake/rviz_marker_toolsConfig-version.cmake
[32.368s] -- Up-to-date: /home/locobot/LoCoBotRos/interbotix_ws/install/rviz_marker_tools/share/rviz_marker_tools/package.xml
[32.397s] Invoked command in '/home/locobot/LoCoBotRos/interbotix_ws/build/rviz_marker_tools' returned '0': AMENT_PREFIX_PATH=/home/locobot/LoCoBotRos/interbotix_ws/install/moveit_common:${AMENT_PREFIX_PATH} CMAKE_PREFIX_PATH=/home/locobot/LoCoBotRos/interbotix_ws/install/moveit_common:/home/locobot/apriltag_ws/install/apriltag_ros:/opt/ros/humble /usr/bin/cmake --install /home/locobot/LoCoBotRos/interbotix_ws/build/rviz_marker_tools
