[0.042s] Invoking command in '/home/locobot/LoCoBotRos/interbotix_ws/build/moveit_common': CMAKE_PREFIX_PATH=${CMAKE_PREFIX_PATH}:/home/locobot/LoCoBotRos/interbotix_ws/install/moveit_configs_utils:/home/locobot/LoCoBotRos/interbotix_ws/install/launch_param_builder:/home/locobot/LoCoBotRos/interbotix_ws/install/interbotix_xs_modules:/home/locobot/LoCoBotRos/interbotix_ws/install/interbotix_common_modules:/opt/ros/humble /usr/bin/cmake --build /home/locobot/LoCoBotRos/interbotix_ws/build/moveit_common -- -j16 -l16
[0.122s] Invoked command in '/home/locobot/LoCoBotRos/interbotix_ws/build/moveit_common' returned '0': CMAKE_PREFIX_PATH=${CMAKE_PREFIX_PATH}:/home/locobot/LoCoBotRos/interbotix_ws/install/moveit_configs_utils:/home/locobot/LoCoBotRos/interbotix_ws/install/launch_param_builder:/home/locobot/LoCoBotRos/interbotix_ws/install/interbotix_xs_modules:/home/locobot/LoCoBotRos/interbotix_ws/install/interbotix_common_modules:/opt/ros/humble /usr/bin/cmake --build /home/locobot/LoCoBotRos/interbotix_ws/build/moveit_common -- -j16 -l16
[0.123s] Invoking command in '/home/locobot/LoCoBotRos/interbotix_ws/build/moveit_common': CMAKE_PREFIX_PATH=${CMAKE_PREFIX_PATH}:/home/locobot/LoCoBotRos/interbotix_ws/install/moveit_configs_utils:/home/locobot/LoCoBotRos/interbotix_ws/install/launch_param_builder:/home/locobot/LoCoBotRos/interbotix_ws/install/interbotix_xs_modules:/home/locobot/LoCoBotRos/interbotix_ws/install/interbotix_common_modules:/opt/ros/humble /usr/bin/cmake --install /home/locobot/LoCoBotRos/interbotix_ws/build/moveit_common
[0.147s] -- Install configuration: "Release"
[0.147s] -- Up-to-date: /home/locobot/LoCoBotRos/interbotix_ws/install/moveit_common/share/ament_index/resource_index/package_run_dependencies/moveit_common
[0.147s] -- Up-to-date: /home/locobot/LoCoBotRos/interbotix_ws/install/moveit_common/share/ament_index/resource_index/parent_prefix_path/moveit_common
[0.147s] -- Up-to-date: /home/locobot/LoCoBotRos/interbotix_ws/install/moveit_common/share/moveit_common/environment/ament_prefix_path.sh
[0.147s] -- Up-to-date: /home/locobot/LoCoBotRos/interbotix_ws/install/moveit_common/share/moveit_common/environment/ament_prefix_path.dsv
[0.148s] -- Up-to-date: /home/locobot/LoCoBotRos/interbotix_ws/install/moveit_common/share/moveit_common/environment/path.sh
[0.153s] -- Up-to-date: /home/locobot/LoCoBotRos/interbotix_ws/install/moveit_common/share/moveit_common/environment/path.dsv
[0.153s] -- Up-to-date: /home/locobot/LoCoBotRos/interbotix_ws/install/moveit_common/share/moveit_common/local_setup.bash
[0.153s] -- Up-to-date: /home/locobot/LoCoBotRos/interbotix_ws/install/moveit_common/share/moveit_common/local_setup.sh
[0.153s] -- Up-to-date: /home/locobot/LoCoBotRos/interbotix_ws/install/moveit_common/share/moveit_common/local_setup.zsh
[0.153s] -- Up-to-date: /home/locobot/LoCoBotRos/interbotix_ws/install/moveit_common/share/moveit_common/local_setup.dsv
[0.153s] -- Installing: /home/locobot/LoCoBotRos/interbotix_ws/install/moveit_common/share/moveit_common/package.dsv
[0.154s] -- Up-to-date: /home/locobot/LoCoBotRos/interbotix_ws/install/moveit_common/share/ament_index/resource_index/packages/moveit_common
[0.154s] -- Up-to-date: /home/locobot/LoCoBotRos/interbotix_ws/install/moveit_common/share/moveit_common/cmake/moveit_common-extras.cmake
[0.154s] -- Up-to-date: /home/locobot/LoCoBotRos/interbotix_ws/install/moveit_common/share/moveit_common/cmake/moveit_commonConfig.cmake
[0.154s] -- Up-to-date: /home/locobot/LoCoBotRos/interbotix_ws/install/moveit_common/share/moveit_common/cmake/moveit_commonConfig-version.cmake
[0.154s] -- Up-to-date: /home/locobot/LoCoBotRos/interbotix_ws/install/moveit_common/share/moveit_common/package.xml
[0.154s] -- Up-to-date: /home/locobot/LoCoBotRos/interbotix_ws/install/moveit_common/share/moveit_common/cmake
[0.154s] -- Up-to-date: /home/locobot/LoCoBotRos/interbotix_ws/install/moveit_common/share/moveit_common/cmake/moveit_package.cmake
[0.214s] Invoked command in '/home/locobot/LoCoBotRos/interbotix_ws/build/moveit_common' returned '0': CMAKE_PREFIX_PATH=${CMAKE_PREFIX_PATH}:/home/locobot/LoCoBotRos/interbotix_ws/install/moveit_configs_utils:/home/locobot/LoCoBotRos/interbotix_ws/install/launch_param_builder:/home/locobot/LoCoBotRos/interbotix_ws/install/interbotix_xs_modules:/home/locobot/LoCoBotRos/interbotix_ws/install/interbotix_common_modules:/opt/ros/humble /usr/bin/cmake --install /home/locobot/LoCoBotRos/interbotix_ws/build/moveit_common
