[1.729s] Invoking command in '/home/locobot/LoCoBotRos/interbotix_ws/src/launch_param_builder': PYTHONPATH=/home/locobot/LoCoBotRos/interbotix_ws/build/launch_param_builder/prefix_override:/usr/lib/python3/dist-packages/colcon_core/task/python/colcon_distutils_commands:/home/locobot/LoCoBotRos/interbotix_ws/install/launch_param_builder/lib/python3.10/site-packages:${PYTHONPATH} /usr/bin/python3 -W ignore:setup.py install is deprecated -W ignore:easy_install command is deprecated setup.py egg_info --egg-base ../../build/launch_param_builder build --build-base /home/locobot/LoCoBotRos/interbotix_ws/build/launch_param_builder/build install --record /home/locobot/LoCoBotRos/interbotix_ws/build/launch_param_builder/install.log --single-version-externally-managed install_data
[2.065s] running egg_info
[2.065s] writing ../../build/launch_param_builder/launch_param_builder.egg-info/PKG-INFO
[2.065s] writing dependency_links to ../../build/launch_param_builder/launch_param_builder.egg-info/dependency_links.txt
[2.065s] writing entry points to ../../build/launch_param_builder/launch_param_builder.egg-info/entry_points.txt
[2.065s] writing requirements to ../../build/launch_param_builder/launch_param_builder.egg-info/requires.txt
[2.065s] writing top-level names to ../../build/launch_param_builder/launch_param_builder.egg-info/top_level.txt
[2.074s] reading manifest file '../../build/launch_param_builder/launch_param_builder.egg-info/SOURCES.txt'
[2.075s] adding license file 'LICENSE'
[2.075s] writing manifest file '../../build/launch_param_builder/launch_param_builder.egg-info/SOURCES.txt'
[2.075s] running build
[2.075s] running build_py
[2.075s] running install
[2.075s] running install_lib
[2.076s] running install_data
[2.076s] running install_egg_info
[2.076s] removing '/home/locobot/LoCoBotRos/interbotix_ws/install/launch_param_builder/lib/python3.10/site-packages/launch_param_builder-0.1.1-py3.10.egg-info' (and everything under it)
[2.079s] Copying ../../build/launch_param_builder/launch_param_builder.egg-info to /home/locobot/LoCoBotRos/interbotix_ws/install/launch_param_builder/lib/python3.10/site-packages/launch_param_builder-0.1.1-py3.10.egg-info
[2.079s] running install_scripts
[2.133s] writing list of installed files to '/home/locobot/LoCoBotRos/interbotix_ws/build/launch_param_builder/install.log'
[2.427s] Invoked command in '/home/locobot/LoCoBotRos/interbotix_ws/src/launch_param_builder' returned '0': PYTHONPATH=/home/locobot/LoCoBotRos/interbotix_ws/build/launch_param_builder/prefix_override:/usr/lib/python3/dist-packages/colcon_core/task/python/colcon_distutils_commands:/home/locobot/LoCoBotRos/interbotix_ws/install/launch_param_builder/lib/python3.10/site-packages:${PYTHONPATH} /usr/bin/python3 -W ignore:setup.py install is deprecated -W ignore:easy_install command is deprecated setup.py egg_info --egg-base ../../build/launch_param_builder build --build-base /home/locobot/LoCoBotRos/interbotix_ws/build/launch_param_builder/build install --record /home/locobot/LoCoBotRos/interbotix_ws/build/launch_param_builder/install.log --single-version-externally-managed install_data
