[0.079s] Invoking command in '/home/locobot/LoCoBotRos/interbotix_ws/build/ecl_type_traits': AMENT_PREFIX_PATH=/home/locobot/LoCoBotRos/interbotix_ws/install/ecl_mpl:/home/locobot/LoCoBotRos/interbotix_ws/install/ecl_config:${AMENT_PREFIX_PATH} CMAKE_PREFIX_PATH=/home/locobot/LoCoBotRos/interbotix_ws/install/ecl_mpl:/home/locobot/LoCoBotRos/interbotix_ws/install/ecl_config:/home/locobot/apriltag_ws/install/apriltag_ros:/opt/ros/humble PATH=/home/locobot/LoCoBotRos/interbotix_ws/install/ecl_config/bin:${PATH} /usr/bin/cmake /home/locobot/LoCoBotRos/interbotix_ws/src/ecl_core/ecl_type_traits -DCMAKE_INSTALL_PREFIX=/home/locobot/LoCoBotRos/interbotix_ws/install/ecl_type_traits
[0.366s] -- Found ament_cmake_ros: 0.10.0 (/opt/ros/humble/share/ament_cmake_ros/cmake)
[0.367s] -- Found ecl_build: 1.0.3 (/opt/ros/humble/share/ecl_build/cmake)
[0.367s] -- Found ecl_config: 1.2.0 (/home/locobot/LoCoBotRos/interbotix_ws/install/ecl_config/share/ecl_config/cmake)
[0.367s] -- Found ecl_mpl: 1.2.1 (/home/locobot/LoCoBotRos/interbotix_ws/install/ecl_mpl/share/ecl_mpl/cmake)
[0.462s] -- Found ament_lint_auto: 0.12.12 (/opt/ros/humble/share/ament_lint_auto/cmake)
[0.468s] -- Found gtest sources under '/opt/ros/humble/src/gtest_vendor': C++ tests using 'Google Test' will be built
[0.494s] -- Configuring done
[0.551s] -- Generating done
[0.563s] -- Build files have been written to: /home/locobot/LoCoBotRos/interbotix_ws/build/ecl_type_traits
[0.595s] Invoked command in '/home/locobot/LoCoBotRos/interbotix_ws/build/ecl_type_traits' returned '0': AMENT_PREFIX_PATH=/home/locobot/LoCoBotRos/interbotix_ws/install/ecl_mpl:/home/locobot/LoCoBotRos/interbotix_ws/install/ecl_config:${AMENT_PREFIX_PATH} CMAKE_PREFIX_PATH=/home/locobot/LoCoBotRos/interbotix_ws/install/ecl_mpl:/home/locobot/LoCoBotRos/interbotix_ws/install/ecl_config:/home/locobot/apriltag_ws/install/apriltag_ros:/opt/ros/humble PATH=/home/locobot/LoCoBotRos/interbotix_ws/install/ecl_config/bin:${PATH} /usr/bin/cmake /home/locobot/LoCoBotRos/interbotix_ws/src/ecl_core/ecl_type_traits -DCMAKE_INSTALL_PREFIX=/home/locobot/LoCoBotRos/interbotix_ws/install/ecl_type_traits
[0.595s] Invoking command in '/home/locobot/LoCoBotRos/interbotix_ws/build/ecl_type_traits': AMENT_PREFIX_PATH=/home/locobot/LoCoBotRos/interbotix_ws/install/ecl_mpl:/home/locobot/LoCoBotRos/interbotix_ws/install/ecl_config:${AMENT_PREFIX_PATH} CMAKE_PREFIX_PATH=/home/locobot/LoCoBotRos/interbotix_ws/install/ecl_mpl:/home/locobot/LoCoBotRos/interbotix_ws/install/ecl_config:/home/locobot/apriltag_ws/install/apriltag_ros:/opt/ros/humble PATH=/home/locobot/LoCoBotRos/interbotix_ws/install/ecl_config/bin:${PATH} /usr/bin/cmake --build /home/locobot/LoCoBotRos/interbotix_ws/build/ecl_type_traits -- -j16 -l16
[0.691s] [35m[1mConsolidate compiler generated dependencies of target gtest_main[0m
[0.692s] [35m[1mConsolidate compiler generated dependencies of target ecl_type_traits[0m
[0.692s] [35m[1mConsolidate compiler generated dependencies of target gtest[0m
[0.692s] [ 16%] Built target ecl_type_traits
[0.692s] [ 33%] Built target gtest_main
[0.692s] [ 50%] Built target gtest
[0.692s] [35m[1mConsolidate compiler generated dependencies of target ecl_detect_sizes[0m
[0.692s] [35m[1mConsolidate compiler generated dependencies of target test_fundamental_types[0m
[0.692s] [35m[1mConsolidate compiler generated dependencies of target test_numeric_limits[0m
[0.693s] [ 66%] Built target ecl_detect_sizes
[0.693s] [ 83%] Built target test_numeric_limits
[0.693s] [100%] Built target test_fundamental_types
[0.748s] Invoked command in '/home/locobot/LoCoBotRos/interbotix_ws/build/ecl_type_traits' returned '0': AMENT_PREFIX_PATH=/home/locobot/LoCoBotRos/interbotix_ws/install/ecl_mpl:/home/locobot/LoCoBotRos/interbotix_ws/install/ecl_config:${AMENT_PREFIX_PATH} CMAKE_PREFIX_PATH=/home/locobot/LoCoBotRos/interbotix_ws/install/ecl_mpl:/home/locobot/LoCoBotRos/interbotix_ws/install/ecl_config:/home/locobot/apriltag_ws/install/apriltag_ros:/opt/ros/humble PATH=/home/locobot/LoCoBotRos/interbotix_ws/install/ecl_config/bin:${PATH} /usr/bin/cmake --build /home/locobot/LoCoBotRos/interbotix_ws/build/ecl_type_traits -- -j16 -l16
[0.753s] Invoking command in '/home/locobot/LoCoBotRos/interbotix_ws/build/ecl_type_traits': AMENT_PREFIX_PATH=/home/locobot/LoCoBotRos/interbotix_ws/install/ecl_mpl:/home/locobot/LoCoBotRos/interbotix_ws/install/ecl_config:${AMENT_PREFIX_PATH} CMAKE_PREFIX_PATH=/home/locobot/LoCoBotRos/interbotix_ws/install/ecl_mpl:/home/locobot/LoCoBotRos/interbotix_ws/install/ecl_config:/home/locobot/apriltag_ws/install/apriltag_ros:/opt/ros/humble PATH=/home/locobot/LoCoBotRos/interbotix_ws/install/ecl_config/bin:${PATH} /usr/bin/cmake --install /home/locobot/LoCoBotRos/interbotix_ws/build/ecl_type_traits
[1.001s] -- Install configuration: "Release"
[1.001s] -- Up-to-date: /home/locobot/LoCoBotRos/interbotix_ws/install/ecl_type_traits/share/ecl_type_traits/environment/library_path.sh
[1.001s] -- Installing: /home/locobot/LoCoBotRos/interbotix_ws/install/ecl_type_traits/share/ecl_type_traits/environment/library_path.dsv
[1.001s] -- Up-to-date: /home/locobot/LoCoBotRos/interbotix_ws/install/ecl_type_traits/share/ament_index/resource_index/package_run_dependencies/ecl_type_traits
[1.002s] -- Up-to-date: /home/locobot/LoCoBotRos/interbotix_ws/install/ecl_type_traits/share/ament_index/resource_index/parent_prefix_path/ecl_type_traits
[1.002s] -- Up-to-date: /home/locobot/LoCoBotRos/interbotix_ws/install/ecl_type_traits/share/ecl_type_traits/environment/ament_prefix_path.sh
[1.002s] -- Installing: /home/locobot/LoCoBotRos/interbotix_ws/install/ecl_type_traits/share/ecl_type_traits/environment/ament_prefix_path.dsv
[1.002s] -- Up-to-date: /home/locobot/LoCoBotRos/interbotix_ws/install/ecl_type_traits/share/ecl_type_traits/environment/path.sh
[1.002s] -- Installing: /home/locobot/LoCoBotRos/interbotix_ws/install/ecl_type_traits/share/ecl_type_traits/environment/path.dsv
[1.002s] -- Up-to-date: /home/locobot/LoCoBotRos/interbotix_ws/install/ecl_type_traits/share/ecl_type_traits/local_setup.bash
[1.002s] -- Up-to-date: /home/locobot/LoCoBotRos/interbotix_ws/install/ecl_type_traits/share/ecl_type_traits/local_setup.sh
[1.002s] -- Up-to-date: /home/locobot/LoCoBotRos/interbotix_ws/install/ecl_type_traits/share/ecl_type_traits/local_setup.zsh
[1.002s] -- Installing: /home/locobot/LoCoBotRos/interbotix_ws/install/ecl_type_traits/share/ecl_type_traits/local_setup.dsv
[1.002s] -- Installing: /home/locobot/LoCoBotRos/interbotix_ws/install/ecl_type_traits/share/ecl_type_traits/package.dsv
[1.002s] -- Up-to-date: /home/locobot/LoCoBotRos/interbotix_ws/install/ecl_type_traits/share/ament_index/resource_index/packages/ecl_type_traits
[1.002s] -- Up-to-date: /home/locobot/LoCoBotRos/interbotix_ws/install/ecl_type_traits/share/ecl_type_traits/cmake/ecl_type_traitsExport.cmake
[1.002s] -- Up-to-date: /home/locobot/LoCoBotRos/interbotix_ws/install/ecl_type_traits/share/ecl_type_traits/cmake/ecl_type_traitsExport-release.cmake
[1.002s] -- Up-to-date: /home/locobot/LoCoBotRos/interbotix_ws/install/ecl_type_traits/share/ecl_type_traits/cmake/ament_cmake_export_targets-extras.cmake
[1.003s] -- Up-to-date: /home/locobot/LoCoBotRos/interbotix_ws/install/ecl_type_traits/share/ecl_type_traits/cmake/ament_cmake_export_include_directories-extras.cmake
[1.005s] -- Up-to-date: /home/locobot/LoCoBotRos/interbotix_ws/install/ecl_type_traits/share/ecl_type_traits/cmake/ament_cmake_export_libraries-extras.cmake
[1.008s] -- Up-to-date: /home/locobot/LoCoBotRos/interbotix_ws/install/ecl_type_traits/share/ecl_type_traits/cmake/ament_cmake_export_dependencies-extras.cmake
[1.009s] -- Up-to-date: /home/locobot/LoCoBotRos/interbotix_ws/install/ecl_type_traits/share/ecl_type_traits/cmake/ecl_type_traitsConfig.cmake
[1.011s] -- Up-to-date: /home/locobot/LoCoBotRos/interbotix_ws/install/ecl_type_traits/share/ecl_type_traits/cmake/ecl_type_traitsConfig-version.cmake
[1.011s] -- Up-to-date: /home/locobot/LoCoBotRos/interbotix_ws/install/ecl_type_traits/share/ecl_type_traits/package.xml
[1.011s] -- Up-to-date: /home/locobot/LoCoBotRos/interbotix_ws/install/ecl_type_traits/include/ecl/type_traits.hpp
[1.011s] -- Up-to-date: /home/locobot/LoCoBotRos/interbotix_ws/install/ecl_type_traits/include/ecl/type_traits/fundamental_types.hpp
[1.011s] -- Up-to-date: /home/locobot/LoCoBotRos/interbotix_ws/install/ecl_type_traits/include/ecl/type_traits/macros.hpp
[1.012s] -- Up-to-date: /home/locobot/LoCoBotRos/interbotix_ws/install/ecl_type_traits/include/ecl/type_traits/numeric_limits.hpp
[1.012s] -- Up-to-date: /home/locobot/LoCoBotRos/interbotix_ws/install/ecl_type_traits/include/ecl/type_traits/traits.hpp
[1.012s] -- Up-to-date: /home/locobot/LoCoBotRos/interbotix_ws/install/ecl_type_traits/lib/libecl_type_traits.so.1.2.1
[1.012s] -- Up-to-date: /home/locobot/LoCoBotRos/interbotix_ws/install/ecl_type_traits/lib/libecl_type_traits.so
[1.012s] -- Up-to-date: /home/locobot/LoCoBotRos/interbotix_ws/install/ecl_type_traits/bin/ecl_detect_sizes
[1.032s] Invoked command in '/home/locobot/LoCoBotRos/interbotix_ws/build/ecl_type_traits' returned '0': AMENT_PREFIX_PATH=/home/locobot/LoCoBotRos/interbotix_ws/install/ecl_mpl:/home/locobot/LoCoBotRos/interbotix_ws/install/ecl_config:${AMENT_PREFIX_PATH} CMAKE_PREFIX_PATH=/home/locobot/LoCoBotRos/interbotix_ws/install/ecl_mpl:/home/locobot/LoCoBotRos/interbotix_ws/install/ecl_config:/home/locobot/apriltag_ws/install/apriltag_ros:/opt/ros/humble PATH=/home/locobot/LoCoBotRos/interbotix_ws/install/ecl_config/bin:${PATH} /usr/bin/cmake --install /home/locobot/LoCoBotRos/interbotix_ws/build/ecl_type_traits
