-- Found ament_cmake_ros: 0.10.0 (/opt/ros/humble/share/ament_cmake_ros/cmake)
-- Found ecl_build: 1.0.3 (/opt/ros/humble/share/ecl_build/cmake)
-- Found ecl_config: 1.2.0 (/home/locobot/LoCoBotRos/interbotix_ws/install/ecl_config/share/ecl_config/cmake)
-- Found ecl_errors: 1.2.0 (/home/locobot/LoCoBotRos/interbotix_ws/install/ecl_errors/share/ecl_errors/cmake)
-- Found ecl_exceptions: 1.2.1 (/home/locobot/LoCoBotRos/interbotix_ws/install/ecl_exceptions/share/ecl_exceptions/cmake)
-- Found ecl_time_lite: 1.2.0 (/home/locobot/LoCoBotRos/interbotix_ws/install/ecl_time_lite/share/ecl_time_lite/cmake)
-- Found ament_lint_auto: 0.12.12 (/opt/ros/humble/share/ament_lint_auto/cmake)
-- Found gtest sources under '/opt/ros/humble/src/gtest_vendor': C++ tests using 'Google Test' will be built
-- Configuring done
-- Generating done
-- Build files have been written to: /home/locobot/LoCoBotRos/interbotix_ws/build/ecl_time
[35m[1mConsolidate compiler generated dependencies of target gtest_main[0m
[35m[1mConsolidate compiler generated dependencies of target gtest[0m
[35m[1mConsolidate compiler generated dependencies of target ecl_time[0m
[  5%] Built target gtest_main
[ 11%] Built target gtest
[ 47%] Built target ecl_time
[35m[1mConsolidate compiler generated dependencies of target ecl_test_cpuwatch_rt[0m
[35m[1mConsolidate compiler generated dependencies of target ecl_test_sleep[0m
[35m[1mConsolidate compiler generated dependencies of target ecl_test_time_data[0m
[35m[1mConsolidate compiler generated dependencies of target ecl_test_timestamp[0m
[35m[1mConsolidate compiler generated dependencies of target ecl_test_snooze[0m
[35m[1mConsolidate compiler generated dependencies of target ecl_time_example_random_number_generator[0m
[35m[1mConsolidate compiler generated dependencies of target ecl_test_frequency[0m
[35m[1mConsolidate compiler generated dependencies of target ecl_test_stopwatch[0m
[35m[1mConsolidate compiler generated dependencies of target ecl_time_example_sleep[0m
[ 52%] Built target ecl_test_time_data
[ 58%] Built target ecl_test_timestamp
[ 64%] Built target ecl_test_cpuwatch_rt
[ 70%] Built target ecl_test_sleep
[ 76%] Built target ecl_time_example_random_number_generator
[ 82%] Built target ecl_test_stopwatch
[ 88%] Built target ecl_time_example_sleep
[ 94%] Built target ecl_test_snooze
[100%] Built target ecl_test_frequency
-- Install configuration: "Release"
-- Up-to-date: /home/locobot/LoCoBotRos/interbotix_ws/install/ecl_time/share/ecl_time/environment/library_path.sh
-- Installing: /home/locobot/LoCoBotRos/interbotix_ws/install/ecl_time/share/ecl_time/environment/library_path.dsv
-- Up-to-date: /home/locobot/LoCoBotRos/interbotix_ws/install/ecl_time/share/ament_index/resource_index/package_run_dependencies/ecl_time
-- Up-to-date: /home/locobot/LoCoBotRos/interbotix_ws/install/ecl_time/share/ament_index/resource_index/parent_prefix_path/ecl_time
-- Up-to-date: /home/locobot/LoCoBotRos/interbotix_ws/install/ecl_time/share/ecl_time/environment/ament_prefix_path.sh
-- Installing: /home/locobot/LoCoBotRos/interbotix_ws/install/ecl_time/share/ecl_time/environment/ament_prefix_path.dsv
-- Up-to-date: /home/locobot/LoCoBotRos/interbotix_ws/install/ecl_time/share/ecl_time/environment/path.sh
-- Installing: /home/locobot/LoCoBotRos/interbotix_ws/install/ecl_time/share/ecl_time/environment/path.dsv
-- Up-to-date: /home/locobot/LoCoBotRos/interbotix_ws/install/ecl_time/share/ecl_time/local_setup.bash
-- Up-to-date: /home/locobot/LoCoBotRos/interbotix_ws/install/ecl_time/share/ecl_time/local_setup.sh
-- Up-to-date: /home/locobot/LoCoBotRos/interbotix_ws/install/ecl_time/share/ecl_time/local_setup.zsh
-- Installing: /home/locobot/LoCoBotRos/interbotix_ws/install/ecl_time/share/ecl_time/local_setup.dsv
-- Installing: /home/locobot/LoCoBotRos/interbotix_ws/install/ecl_time/share/ecl_time/package.dsv
-- Up-to-date: /home/locobot/LoCoBotRos/interbotix_ws/install/ecl_time/share/ament_index/resource_index/packages/ecl_time
-- Up-to-date: /home/locobot/LoCoBotRos/interbotix_ws/install/ecl_time/share/ecl_time/cmake/ecl_timeExport.cmake
-- Up-to-date: /home/locobot/LoCoBotRos/interbotix_ws/install/ecl_time/share/ecl_time/cmake/ecl_timeExport-release.cmake
-- Up-to-date: /home/locobot/LoCoBotRos/interbotix_ws/install/ecl_time/share/ecl_time/cmake/ament_cmake_export_targets-extras.cmake
-- Up-to-date: /home/locobot/LoCoBotRos/interbotix_ws/install/ecl_time/share/ecl_time/cmake/ament_cmake_export_include_directories-extras.cmake
-- Up-to-date: /home/locobot/LoCoBotRos/interbotix_ws/install/ecl_time/share/ecl_time/cmake/ament_cmake_export_libraries-extras.cmake
-- Up-to-date: /home/locobot/LoCoBotRos/interbotix_ws/install/ecl_time/share/ecl_time/cmake/ament_cmake_export_dependencies-extras.cmake
-- Up-to-date: /home/locobot/LoCoBotRos/interbotix_ws/install/ecl_time/share/ecl_time/cmake/ecl_timeConfig.cmake
-- Up-to-date: /home/locobot/LoCoBotRos/interbotix_ws/install/ecl_time/share/ecl_time/cmake/ecl_timeConfig-version.cmake
-- Up-to-date: /home/locobot/LoCoBotRos/interbotix_ws/install/ecl_time/share/ecl_time/package.xml
-- Up-to-date: /home/locobot/LoCoBotRos/interbotix_ws/install/ecl_time/include/ecl/time.hpp
-- Up-to-date: /home/locobot/LoCoBotRos/interbotix_ws/install/ecl_time/include/ecl/time/cpuwatch.hpp
-- Up-to-date: /home/locobot/LoCoBotRos/interbotix_ws/install/ecl_time/include/ecl/time/cpuwatch_rt.hpp
-- Up-to-date: /home/locobot/LoCoBotRos/interbotix_ws/install/ecl_time/include/ecl/time/duration.hpp
-- Up-to-date: /home/locobot/LoCoBotRos/interbotix_ws/install/ecl_time/include/ecl/time/frequency.hpp
-- Up-to-date: /home/locobot/LoCoBotRos/interbotix_ws/install/ecl_time/include/ecl/time/macros.hpp
-- Up-to-date: /home/locobot/LoCoBotRos/interbotix_ws/install/ecl_time/include/ecl/time/random_number_generator.hpp
-- Up-to-date: /home/locobot/LoCoBotRos/interbotix_ws/install/ecl_time/include/ecl/time/sleep.hpp
-- Up-to-date: /home/locobot/LoCoBotRos/interbotix_ws/install/ecl_time/include/ecl/time/sleep_pos.hpp
-- Up-to-date: /home/locobot/LoCoBotRos/interbotix_ws/install/ecl_time/include/ecl/time/sleep_win.hpp
-- Up-to-date: /home/locobot/LoCoBotRos/interbotix_ws/install/ecl_time/include/ecl/time/snooze.hpp
-- Up-to-date: /home/locobot/LoCoBotRos/interbotix_ws/install/ecl_time/include/ecl/time/snooze_pos.hpp
-- Up-to-date: /home/locobot/LoCoBotRos/interbotix_ws/install/ecl_time/include/ecl/time/snooze_win.hpp
-- Up-to-date: /home/locobot/LoCoBotRos/interbotix_ws/install/ecl_time/include/ecl/time/stopwatch.hpp
-- Up-to-date: /home/locobot/LoCoBotRos/interbotix_ws/install/ecl_time/include/ecl/time/time_data.hpp
-- Up-to-date: /home/locobot/LoCoBotRos/interbotix_ws/install/ecl_time/include/ecl/time/timestamp.hpp
-- Up-to-date: /home/locobot/LoCoBotRos/interbotix_ws/install/ecl_time/include/ecl/time/timestamp_base.hpp
-- Up-to-date: /home/locobot/LoCoBotRos/interbotix_ws/install/ecl_time/include/ecl/time/timestamp_pos.hpp
-- Up-to-date: /home/locobot/LoCoBotRos/interbotix_ws/install/ecl_time/include/ecl/time/timestamp_win.hpp
-- Up-to-date: /home/locobot/LoCoBotRos/interbotix_ws/install/ecl_time/lib/libecl_time.so.1.2.1
-- Up-to-date: /home/locobot/LoCoBotRos/interbotix_ws/install/ecl_time/lib/libecl_time.so
-- Up-to-date: /home/locobot/LoCoBotRos/interbotix_ws/install/ecl_time/lib/ecl_time/demo_random_number_generator
-- Up-to-date: /home/locobot/LoCoBotRos/interbotix_ws/install/ecl_time/lib/ecl_time/demo_sleep
