[  0%] Built target interbotix_xs_msgs__rosidl_generator_type_description
[  0%] Built target ament_cmake_python_copy_interbotix_xs_msgs
[  0%] Built target interbotix_xs_msgs__cpp
[ 27%] Built target interbotix_xs_msgs__rosidl_generator_c
[ 37%] Built target interbotix_xs_msgs__rosidl_typesupport_c
[ 47%] Built target interbotix_xs_msgs__rosidl_typesupport_cpp
[ 57%] Built target interbotix_xs_msgs__rosidl_typesupport_introspection_c
[ 66%] Built target interbotix_xs_msgs__rosidl_typesupport_fastrtps_cpp
[ 86%] Built target interbotix_xs_msgs__rosidl_typesupport_fastrtps_c
[ 86%] Built target interbotix_xs_msgs__rosidl_typesupport_introspection_cpp
[ 86%] Built target interbotix_xs_msgs
[ 87%] Built target interbotix_xs_msgs__py
[ 96%] Built target interbotix_xs_msgs__rosidl_generator_py
[ 97%] Built target interbotix_xs_msgs_s__rosidl_typesupport_c
[ 99%] Built target interbotix_xs_msgs_s__rosidl_typesupport_introspection_c
[100%] Built target interbotix_xs_msgs_s__rosidl_typesupport_fastrtps_c
running egg_info
writing interbotix_xs_msgs.egg-info/PKG-INFO
writing dependency_links to interbotix_xs_msgs.egg-info/dependency_links.txt
writing top-level names to interbotix_xs_msgs.egg-info/top_level.txt
reading manifest file 'interbotix_xs_msgs.egg-info/SOURCES.txt'
writing manifest file 'interbotix_xs_msgs.egg-info/SOURCES.txt'
[100%] Built target ament_cmake_python_build_interbotix_xs_msgs_egg
