[0.005s] Invoking command in '/home/locobot/LoCoBotRos/interbotix_ws/build/moveit_common': CMAKE_PREFIX_PATH=${CMAKE_PREFIX_PATH}:/opt/ros/humble /usr/bin/cmake --build /home/locobot/LoCoBotRos/interbotix_ws/build/moveit_common -- -j16 -l16
[0.037s] Invoked command in '/home/locobot/LoCoBotRos/interbotix_ws/build/moveit_common' returned '0': CMAKE_PREFIX_PATH=${CMAKE_PREFIX_PATH}:/opt/ros/humble /usr/bin/cmake --build /home/locobot/LoCoBotRos/interbotix_ws/build/moveit_common -- -j16 -l16
[0.038s] Invoking command in '/home/locobot/LoCoBotRos/interbotix_ws/build/moveit_common': CMAKE_PREFIX_PATH=${CMAKE_PREFIX_PATH}:/opt/ros/humble /usr/bin/cmake --install /home/locobot/LoCoBotRos/interbotix_ws/build/moveit_common
[0.045s] -- Install configuration: "Release"
[0.045s] -- Up-to-date: /home/locobot/LoCoBotRos/interbotix_ws/install/moveit_common/share/ament_index/resource_index/package_run_dependencies/moveit_common
[0.045s] -- Up-to-date: /home/locobot/LoCoBotRos/interbotix_ws/install/moveit_common/share/ament_index/resource_index/parent_prefix_path/moveit_common
[0.045s] -- Up-to-date: /home/locobot/LoCoBotRos/interbotix_ws/install/moveit_common/share/moveit_common/environment/ament_prefix_path.sh
[0.045s] -- Up-to-date: /home/locobot/LoCoBotRos/interbotix_ws/install/moveit_common/share/moveit_common/environment/ament_prefix_path.dsv
[0.045s] -- Up-to-date: /home/locobot/LoCoBotRos/interbotix_ws/install/moveit_common/share/moveit_common/environment/path.sh
[0.045s] -- Up-to-date: /home/locobot/LoCoBotRos/interbotix_ws/install/moveit_common/share/moveit_common/environment/path.dsv
[0.045s] -- Up-to-date: /home/locobot/LoCoBotRos/interbotix_ws/install/moveit_common/share/moveit_common/local_setup.bash
[0.045s] -- Up-to-date: /home/locobot/LoCoBotRos/interbotix_ws/install/moveit_common/share/moveit_common/local_setup.sh
[0.045s] -- Up-to-date: /home/locobot/LoCoBotRos/interbotix_ws/install/moveit_common/share/moveit_common/local_setup.zsh
[0.046s] -- Up-to-date: /home/locobot/LoCoBotRos/interbotix_ws/install/moveit_common/share/moveit_common/local_setup.dsv
[0.046s] -- Installing: /home/locobot/LoCoBotRos/interbotix_ws/install/moveit_common/share/moveit_common/package.dsv
[0.046s] -- Up-to-date: /home/locobot/LoCoBotRos/interbotix_ws/install/moveit_common/share/ament_index/resource_index/packages/moveit_common
[0.046s] -- Up-to-date: /home/locobot/LoCoBotRos/interbotix_ws/install/moveit_common/share/moveit_common/cmake/moveit_common-extras.cmake
[0.046s] -- Up-to-date: /home/locobot/LoCoBotRos/interbotix_ws/install/moveit_common/share/moveit_common/cmake/moveit_commonConfig.cmake
[0.046s] -- Up-to-date: /home/locobot/LoCoBotRos/interbotix_ws/install/moveit_common/share/moveit_common/cmake/moveit_commonConfig-version.cmake
[0.046s] -- Up-to-date: /home/locobot/LoCoBotRos/interbotix_ws/install/moveit_common/share/moveit_common/package.xml
[0.047s] -- Up-to-date: /home/locobot/LoCoBotRos/interbotix_ws/install/moveit_common/share/moveit_common/cmake
[0.047s] -- Up-to-date: /home/locobot/LoCoBotRos/interbotix_ws/install/moveit_common/share/moveit_common/cmake/moveit_package.cmake
[0.048s] Invoked command in '/home/locobot/LoCoBotRos/interbotix_ws/build/moveit_common' returned '0': CMAKE_PREFIX_PATH=${CMAKE_PREFIX_PATH}:/opt/ros/humble /usr/bin/cmake --install /home/locobot/LoCoBotRos/interbotix_ws/build/moveit_common
