[0.362s] Invoking command in '/home/locobot/LoCoBotRos/interbotix_ws/build/kobuki_description': CMAKE_PREFIX_PATH=${CMAKE_PREFIX_PATH}:/home/locobot/LoCoBotRos/interbotix_ws/install/moveit_configs_utils:/home/locobot/LoCoBotRos/interbotix_ws/install/launch_param_builder:/home/locobot/LoCoBotRos/interbotix_ws/install/interbotix_xs_modules:/home/locobot/LoCoBotRos/interbotix_ws/install/interbotix_common_modules:/opt/ros/humble /usr/bin/cmake --build /home/locobot/LoCoBotRos/interbotix_ws/build/kobuki_description -- -j16 -l16
[0.548s] Invoked command in '/home/locobot/LoCoBotRos/interbotix_ws/build/kobuki_description' returned '0': CMAKE_PREFIX_PATH=${CMAKE_PREFIX_PATH}:/home/locobot/LoCoBotRos/interbotix_ws/install/moveit_configs_utils:/home/locobot/LoCoBotRos/interbotix_ws/install/launch_param_builder:/home/locobot/LoCoBotRos/interbotix_ws/install/interbotix_xs_modules:/home/locobot/LoCoBotRos/interbotix_ws/install/interbotix_common_modules:/opt/ros/humble /usr/bin/cmake --build /home/locobot/LoCoBotRos/interbotix_ws/build/kobuki_description -- -j16 -l16
[0.564s] Invoking command in '/home/locobot/LoCoBotRos/interbotix_ws/build/kobuki_description': CMAKE_PREFIX_PATH=${CMAKE_PREFIX_PATH}:/home/locobot/LoCoBotRos/interbotix_ws/install/moveit_configs_utils:/home/locobot/LoCoBotRos/interbotix_ws/install/launch_param_builder:/home/locobot/LoCoBotRos/interbotix_ws/install/interbotix_xs_modules:/home/locobot/LoCoBotRos/interbotix_ws/install/interbotix_common_modules:/opt/ros/humble /usr/bin/cmake --install /home/locobot/LoCoBotRos/interbotix_ws/build/kobuki_description
[0.581s] -- Install configuration: "Release"
[0.581s] -- Up-to-date: /home/locobot/LoCoBotRos/interbotix_ws/install/kobuki_description/share/kobuki_description/launch
[0.581s] -- Up-to-date: /home/locobot/LoCoBotRos/interbotix_ws/install/kobuki_description/share/kobuki_description/launch/robot_description.launch.py
[0.581s] -- Up-to-date: /home/locobot/LoCoBotRos/interbotix_ws/install/kobuki_description/share/kobuki_description/meshes
[0.582s] -- Up-to-date: /home/locobot/LoCoBotRos/interbotix_ws/install/kobuki_description/share/kobuki_description/meshes/main_body.dae
[0.582s] -- Up-to-date: /home/locobot/LoCoBotRos/interbotix_ws/install/kobuki_description/share/kobuki_description/meshes/wheel.dae
[0.582s] -- Up-to-date: /home/locobot/LoCoBotRos/interbotix_ws/install/kobuki_description/share/kobuki_description/meshes/images
[0.582s] -- Up-to-date: /home/locobot/LoCoBotRos/interbotix_ws/install/kobuki_description/share/kobuki_description/meshes/images/wheel.jpg
[0.582s] -- Up-to-date: /home/locobot/LoCoBotRos/interbotix_ws/install/kobuki_description/share/kobuki_description/meshes/images/main_body.jpg
[0.582s] -- Up-to-date: /home/locobot/LoCoBotRos/interbotix_ws/install/kobuki_description/share/kobuki_description/rviz
[0.582s] -- Up-to-date: /home/locobot/LoCoBotRos/interbotix_ws/install/kobuki_description/share/kobuki_description/rviz/model.rviz
[0.582s] -- Up-to-date: /home/locobot/LoCoBotRos/interbotix_ws/install/kobuki_description/share/kobuki_description/urdf
[0.582s] -- Up-to-date: /home/locobot/LoCoBotRos/interbotix_ws/install/kobuki_description/share/kobuki_description/urdf/kobuki_standalone.urdf.xacro
[0.583s] -- Up-to-date: /home/locobot/LoCoBotRos/interbotix_ws/install/kobuki_description/share/kobuki_description/urdf/common_properties.urdf.xacro
[0.583s] -- Up-to-date: /home/locobot/LoCoBotRos/interbotix_ws/install/kobuki_description/share/kobuki_description/urdf/kobuki_gazebo.urdf.xacro
[0.583s] -- Up-to-date: /home/locobot/LoCoBotRos/interbotix_ws/install/kobuki_description/share/kobuki_description/urdf/kobuki.urdf.xacro
[0.583s] -- Up-to-date: /home/locobot/LoCoBotRos/interbotix_ws/install/kobuki_description/share/ament_index/resource_index/package_run_dependencies/kobuki_description
[0.583s] -- Up-to-date: /home/locobot/LoCoBotRos/interbotix_ws/install/kobuki_description/share/ament_index/resource_index/parent_prefix_path/kobuki_description
[0.583s] -- Up-to-date: /home/locobot/LoCoBotRos/interbotix_ws/install/kobuki_description/share/kobuki_description/environment/ament_prefix_path.sh
[0.583s] -- Up-to-date: /home/locobot/LoCoBotRos/interbotix_ws/install/kobuki_description/share/kobuki_description/environment/ament_prefix_path.dsv
[0.583s] -- Up-to-date: /home/locobot/LoCoBotRos/interbotix_ws/install/kobuki_description/share/kobuki_description/environment/path.sh
[0.583s] -- Up-to-date: /home/locobot/LoCoBotRos/interbotix_ws/install/kobuki_description/share/kobuki_description/environment/path.dsv
[0.583s] -- Up-to-date: /home/locobot/LoCoBotRos/interbotix_ws/install/kobuki_description/share/kobuki_description/local_setup.bash
[0.584s] -- Up-to-date: /home/locobot/LoCoBotRos/interbotix_ws/install/kobuki_description/share/kobuki_description/local_setup.sh
[0.584s] -- Up-to-date: /home/locobot/LoCoBotRos/interbotix_ws/install/kobuki_description/share/kobuki_description/local_setup.zsh
[0.584s] -- Up-to-date: /home/locobot/LoCoBotRos/interbotix_ws/install/kobuki_description/share/kobuki_description/local_setup.dsv
[0.584s] -- Installing: /home/locobot/LoCoBotRos/interbotix_ws/install/kobuki_description/share/kobuki_description/package.dsv
[0.584s] -- Up-to-date: /home/locobot/LoCoBotRos/interbotix_ws/install/kobuki_description/share/ament_index/resource_index/packages/kobuki_description
[0.584s] -- Up-to-date: /home/locobot/LoCoBotRos/interbotix_ws/install/kobuki_description/share/kobuki_description/cmake/kobuki_descriptionConfig.cmake
[0.584s] -- Up-to-date: /home/locobot/LoCoBotRos/interbotix_ws/install/kobuki_description/share/kobuki_description/cmake/kobuki_descriptionConfig-version.cmake
[0.584s] -- Up-to-date: /home/locobot/LoCoBotRos/interbotix_ws/install/kobuki_description/share/kobuki_description/package.xml
[0.777s] Invoked command in '/home/locobot/LoCoBotRos/interbotix_ws/build/kobuki_description' returned '0': CMAKE_PREFIX_PATH=${CMAKE_PREFIX_PATH}:/home/locobot/LoCoBotRos/interbotix_ws/install/moveit_configs_utils:/home/locobot/LoCoBotRos/interbotix_ws/install/launch_param_builder:/home/locobot/LoCoBotRos/interbotix_ws/install/interbotix_xs_modules:/home/locobot/LoCoBotRos/interbotix_ws/install/interbotix_common_modules:/opt/ros/humble /usr/bin/cmake --install /home/locobot/LoCoBotRos/interbotix_ws/build/kobuki_description
