[0.109s] Invoking command in '/home/locobot/LoCoBotRos/interbotix_ws/build/ecl_filesystem': AMENT_PREFIX_PATH=/home/locobot/LoCoBotRos/interbotix_ws/install/ecl_errors:/home/locobot/LoCoBotRos/interbotix_ws/install/ecl_config:${AMENT_PREFIX_PATH} CMAKE_PREFIX_PATH=/home/locobot/LoCoBotRos/interbotix_ws/install/ecl_errors:/home/locobot/LoCoBotRos/interbotix_ws/install/ecl_config:/home/locobot/apriltag_ws/install/apriltag_ros:/opt/ros/humble LD_LIBRARY_PATH=/home/locobot/LoCoBotRos/interbotix_ws/install/ecl_errors/lib:${LD_LIBRARY_PATH} PATH=/home/locobot/LoCoBotRos/interbotix_ws/install/ecl_config/bin:${PATH} /usr/bin/cmake /home/locobot/LoCoBotRos/interbotix_ws/src/ecl_core/ecl_filesystem -DCMAKE_INSTALL_PREFIX=/home/locobot/LoCoBotRos/interbotix_ws/install/ecl_filesystem
[0.273s] -- Found ament_cmake_ros: 0.10.0 (/opt/ros/humble/share/ament_cmake_ros/cmake)
[0.377s] -- Found ecl_build: 1.0.3 (/opt/ros/humble/share/ecl_build/cmake)
[0.383s] -- Found ecl_config: 1.2.0 (/home/locobot/LoCoBotRos/interbotix_ws/install/ecl_config/share/ecl_config/cmake)
[0.383s] -- Found ecl_errors: 1.2.0 (/home/locobot/LoCoBotRos/interbotix_ws/install/ecl_errors/share/ecl_errors/cmake)
[0.489s] -- Found ament_lint_auto: 0.12.12 (/opt/ros/humble/share/ament_lint_auto/cmake)
[0.510s] -- Found gtest sources under '/opt/ros/humble/src/gtest_vendor': C++ tests using 'Google Test' will be built
[0.531s] -- Configuring done
[0.580s] -- Generating done
[0.582s] -- Build files have been written to: /home/locobot/LoCoBotRos/interbotix_ws/build/ecl_filesystem
[0.691s] Invoked command in '/home/locobot/LoCoBotRos/interbotix_ws/build/ecl_filesystem' returned '0': AMENT_PREFIX_PATH=/home/locobot/LoCoBotRos/interbotix_ws/install/ecl_errors:/home/locobot/LoCoBotRos/interbotix_ws/install/ecl_config:${AMENT_PREFIX_PATH} CMAKE_PREFIX_PATH=/home/locobot/LoCoBotRos/interbotix_ws/install/ecl_errors:/home/locobot/LoCoBotRos/interbotix_ws/install/ecl_config:/home/locobot/apriltag_ws/install/apriltag_ros:/opt/ros/humble LD_LIBRARY_PATH=/home/locobot/LoCoBotRos/interbotix_ws/install/ecl_errors/lib:${LD_LIBRARY_PATH} PATH=/home/locobot/LoCoBotRos/interbotix_ws/install/ecl_config/bin:${PATH} /usr/bin/cmake /home/locobot/LoCoBotRos/interbotix_ws/src/ecl_core/ecl_filesystem -DCMAKE_INSTALL_PREFIX=/home/locobot/LoCoBotRos/interbotix_ws/install/ecl_filesystem
[0.693s] Invoking command in '/home/locobot/LoCoBotRos/interbotix_ws/build/ecl_filesystem': AMENT_PREFIX_PATH=/home/locobot/LoCoBotRos/interbotix_ws/install/ecl_errors:/home/locobot/LoCoBotRos/interbotix_ws/install/ecl_config:${AMENT_PREFIX_PATH} CMAKE_PREFIX_PATH=/home/locobot/LoCoBotRos/interbotix_ws/install/ecl_errors:/home/locobot/LoCoBotRos/interbotix_ws/install/ecl_config:/home/locobot/apriltag_ws/install/apriltag_ros:/opt/ros/humble LD_LIBRARY_PATH=/home/locobot/LoCoBotRos/interbotix_ws/install/ecl_errors/lib:${LD_LIBRARY_PATH} PATH=/home/locobot/LoCoBotRos/interbotix_ws/install/ecl_config/bin:${PATH} /usr/bin/cmake --build /home/locobot/LoCoBotRos/interbotix_ws/build/ecl_filesystem -- -j16 -l16
[0.752s] [35m[1mConsolidate compiler generated dependencies of target ecl_filesystem[0m
[0.753s] [35m[1mConsolidate compiler generated dependencies of target gtest_main[0m
[0.753s] [35m[1mConsolidate compiler generated dependencies of target gtest[0m
[0.753s] [ 25%] Built target ecl_filesystem
[0.754s] [ 50%] Built target gtest_main
[0.754s] [ 75%] Built target gtest
[0.775s] [35m[1mConsolidate compiler generated dependencies of target ecl_test_realpath[0m
[0.789s] [100%] Built target ecl_test_realpath
[0.902s] Invoked command in '/home/locobot/LoCoBotRos/interbotix_ws/build/ecl_filesystem' returned '0': AMENT_PREFIX_PATH=/home/locobot/LoCoBotRos/interbotix_ws/install/ecl_errors:/home/locobot/LoCoBotRos/interbotix_ws/install/ecl_config:${AMENT_PREFIX_PATH} CMAKE_PREFIX_PATH=/home/locobot/LoCoBotRos/interbotix_ws/install/ecl_errors:/home/locobot/LoCoBotRos/interbotix_ws/install/ecl_config:/home/locobot/apriltag_ws/install/apriltag_ros:/opt/ros/humble LD_LIBRARY_PATH=/home/locobot/LoCoBotRos/interbotix_ws/install/ecl_errors/lib:${LD_LIBRARY_PATH} PATH=/home/locobot/LoCoBotRos/interbotix_ws/install/ecl_config/bin:${PATH} /usr/bin/cmake --build /home/locobot/LoCoBotRos/interbotix_ws/build/ecl_filesystem -- -j16 -l16
[0.910s] Invoking command in '/home/locobot/LoCoBotRos/interbotix_ws/build/ecl_filesystem': AMENT_PREFIX_PATH=/home/locobot/LoCoBotRos/interbotix_ws/install/ecl_errors:/home/locobot/LoCoBotRos/interbotix_ws/install/ecl_config:${AMENT_PREFIX_PATH} CMAKE_PREFIX_PATH=/home/locobot/LoCoBotRos/interbotix_ws/install/ecl_errors:/home/locobot/LoCoBotRos/interbotix_ws/install/ecl_config:/home/locobot/apriltag_ws/install/apriltag_ros:/opt/ros/humble LD_LIBRARY_PATH=/home/locobot/LoCoBotRos/interbotix_ws/install/ecl_errors/lib:${LD_LIBRARY_PATH} PATH=/home/locobot/LoCoBotRos/interbotix_ws/install/ecl_config/bin:${PATH} /usr/bin/cmake --install /home/locobot/LoCoBotRos/interbotix_ws/build/ecl_filesystem
[1.165s] -- Install configuration: "Release"
[1.169s] -- Up-to-date: /home/locobot/LoCoBotRos/interbotix_ws/install/ecl_filesystem/share/ecl_filesystem/environment/library_path.sh
[1.170s] -- Installing: /home/locobot/LoCoBotRos/interbotix_ws/install/ecl_filesystem/share/ecl_filesystem/environment/library_path.dsv
[1.170s] -- Up-to-date: /home/locobot/LoCoBotRos/interbotix_ws/install/ecl_filesystem/share/ament_index/resource_index/package_run_dependencies/ecl_filesystem
[1.170s] -- Up-to-date: /home/locobot/LoCoBotRos/interbotix_ws/install/ecl_filesystem/share/ament_index/resource_index/parent_prefix_path/ecl_filesystem
[1.170s] -- Up-to-date: /home/locobot/LoCoBotRos/interbotix_ws/install/ecl_filesystem/share/ecl_filesystem/environment/ament_prefix_path.sh
[1.170s] -- Installing: /home/locobot/LoCoBotRos/interbotix_ws/install/ecl_filesystem/share/ecl_filesystem/environment/ament_prefix_path.dsv
[1.170s] -- Up-to-date: /home/locobot/LoCoBotRos/interbotix_ws/install/ecl_filesystem/share/ecl_filesystem/environment/path.sh
[1.170s] -- Installing: /home/locobot/LoCoBotRos/interbotix_ws/install/ecl_filesystem/share/ecl_filesystem/environment/path.dsv
[1.170s] -- Up-to-date: /home/locobot/LoCoBotRos/interbotix_ws/install/ecl_filesystem/share/ecl_filesystem/local_setup.bash
[1.170s] -- Up-to-date: /home/locobot/LoCoBotRos/interbotix_ws/install/ecl_filesystem/share/ecl_filesystem/local_setup.sh
[1.170s] -- Up-to-date: /home/locobot/LoCoBotRos/interbotix_ws/install/ecl_filesystem/share/ecl_filesystem/local_setup.zsh
[1.170s] -- Installing: /home/locobot/LoCoBotRos/interbotix_ws/install/ecl_filesystem/share/ecl_filesystem/local_setup.dsv
[1.170s] -- Installing: /home/locobot/LoCoBotRos/interbotix_ws/install/ecl_filesystem/share/ecl_filesystem/package.dsv
[1.171s] -- Up-to-date: /home/locobot/LoCoBotRos/interbotix_ws/install/ecl_filesystem/share/ament_index/resource_index/packages/ecl_filesystem
[1.171s] -- Up-to-date: /home/locobot/LoCoBotRos/interbotix_ws/install/ecl_filesystem/share/ecl_filesystem/cmake/ecl_filesystemExport.cmake
[1.171s] -- Up-to-date: /home/locobot/LoCoBotRos/interbotix_ws/install/ecl_filesystem/share/ecl_filesystem/cmake/ecl_filesystemExport-release.cmake
[1.171s] -- Up-to-date: /home/locobot/LoCoBotRos/interbotix_ws/install/ecl_filesystem/share/ecl_filesystem/cmake/ament_cmake_export_targets-extras.cmake
[1.171s] -- Up-to-date: /home/locobot/LoCoBotRos/interbotix_ws/install/ecl_filesystem/share/ecl_filesystem/cmake/ament_cmake_export_include_directories-extras.cmake
[1.171s] -- Up-to-date: /home/locobot/LoCoBotRos/interbotix_ws/install/ecl_filesystem/share/ecl_filesystem/cmake/ament_cmake_export_libraries-extras.cmake
[1.171s] -- Up-to-date: /home/locobot/LoCoBotRos/interbotix_ws/install/ecl_filesystem/share/ecl_filesystem/cmake/ament_cmake_export_dependencies-extras.cmake
[1.171s] -- Up-to-date: /home/locobot/LoCoBotRos/interbotix_ws/install/ecl_filesystem/share/ecl_filesystem/cmake/ecl_filesystemConfig.cmake
[1.172s] -- Up-to-date: /home/locobot/LoCoBotRos/interbotix_ws/install/ecl_filesystem/share/ecl_filesystem/cmake/ecl_filesystemConfig-version.cmake
[1.172s] -- Up-to-date: /home/locobot/LoCoBotRos/interbotix_ws/install/ecl_filesystem/share/ecl_filesystem/package.xml
[1.172s] -- Up-to-date: /home/locobot/LoCoBotRos/interbotix_ws/install/ecl_filesystem/include/ecl/filesystem.hpp
[1.172s] -- Up-to-date: /home/locobot/LoCoBotRos/interbotix_ws/install/ecl_filesystem/include/ecl/filesystem/errors.hpp
[1.172s] -- Up-to-date: /home/locobot/LoCoBotRos/interbotix_ws/install/ecl_filesystem/include/ecl/filesystem/macros.hpp
[1.172s] -- Up-to-date: /home/locobot/LoCoBotRos/interbotix_ws/install/ecl_filesystem/include/ecl/filesystem/realpath.hpp
[1.172s] -- Up-to-date: /home/locobot/LoCoBotRos/interbotix_ws/install/ecl_filesystem/include/ecl/filesystem/config.hpp
[1.172s] -- Up-to-date: /home/locobot/LoCoBotRos/interbotix_ws/install/ecl_filesystem/lib/libecl_filesystem.so.1.2.1
[1.173s] -- Up-to-date: /home/locobot/LoCoBotRos/interbotix_ws/install/ecl_filesystem/lib/libecl_filesystem.so
[1.195s] Invoked command in '/home/locobot/LoCoBotRos/interbotix_ws/build/ecl_filesystem' returned '0': AMENT_PREFIX_PATH=/home/locobot/LoCoBotRos/interbotix_ws/install/ecl_errors:/home/locobot/LoCoBotRos/interbotix_ws/install/ecl_config:${AMENT_PREFIX_PATH} CMAKE_PREFIX_PATH=/home/locobot/LoCoBotRos/interbotix_ws/install/ecl_errors:/home/locobot/LoCoBotRos/interbotix_ws/install/ecl_config:/home/locobot/apriltag_ws/install/apriltag_ros:/opt/ros/humble LD_LIBRARY_PATH=/home/locobot/LoCoBotRos/interbotix_ws/install/ecl_errors/lib:${LD_LIBRARY_PATH} PATH=/home/locobot/LoCoBotRos/interbotix_ws/install/ecl_config/bin:${PATH} /usr/bin/cmake --install /home/locobot/LoCoBotRos/interbotix_ws/build/ecl_filesystem
