[0.036s] Invoking command in '/home/locobot/LoCoBotRos/interbotix_ws/build/moveit_ros_visualization': AMENT_PREFIX_PATH=/home/locobot/LoCoBotRos/interbotix_ws/install/moveit_ros_planning_interface:/home/locobot/LoCoBotRos/interbotix_ws/install/moveit_ros_move_group:/home/locobot/LoCoBotRos/interbotix_ws/install/moveit_ros_warehouse:/home/locobot/LoCoBotRos/interbotix_ws/install/moveit_ros_robot_interaction:/home/locobot/LoCoBotRos/interbotix_ws/install/moveit_planners_ompl:/home/locobot/LoCoBotRos/interbotix_ws/install/moveit_kinematics:/home/locobot/LoCoBotRos/interbotix_ws/install/moveit_ros_planning:/home/locobot/LoCoBotRos/interbotix_ws/install/moveit_simple_controller_manager:/home/locobot/LoCoBotRos/interbotix_ws/install/moveit_ros_occupancy_map_monitor:/home/locobot/LoCoBotRos/interbotix_ws/install/moveit_core:/home/locobot/LoCoBotRos/interbotix_ws/install/moveit_resources_panda_moveit_config:/home/locobot/LoCoBotRos/interbotix_ws/install/moveit_resources_fanuc_moveit_config:/home/locobot/LoCoBotRos/interbotix_ws/install/moveit_configs_utils:/home/locobot/LoCoBotRos/interbotix_ws/install/srdfdom:/home/locobot/LoCoBotRos/interbotix_ws/install/moveit_resources_pr2_description:/home/locobot/LoCoBotRos/interbotix_ws/install/moveit_resources_panda_description:/home/locobot/LoCoBotRos/interbotix_ws/install/moveit_resources_fanuc_description:/home/locobot/LoCoBotRos/interbotix_ws/install/moveit_common:/home/locobot/LoCoBotRos/interbotix_ws/install/launch_param_builder:${AMENT_PREFIX_PATH} CMAKE_PREFIX_PATH=/home/locobot/LoCoBotRos/interbotix_ws/install/moveit_ros_planning_interface:/home/locobot/LoCoBotRos/interbotix_ws/install/moveit_ros_move_group:/home/locobot/LoCoBotRos/interbotix_ws/install/moveit_ros_warehouse:/home/locobot/LoCoBotRos/interbotix_ws/install/moveit_ros_robot_interaction:/home/locobot/LoCoBotRos/interbotix_ws/install/moveit_planners_ompl:/home/locobot/LoCoBotRos/interbotix_ws/install/moveit_kinematics:/home/locobot/LoCoBotRos/interbotix_ws/install/moveit_ros_planning:/home/locobot/LoCoBotRos/interbotix_ws/install/moveit_simple_controller_manager:/home/locobot/LoCoBotRos/interbotix_ws/install/moveit_ros_occupancy_map_monitor:/home/locobot/LoCoBotRos/interbotix_ws/install/moveit_core:/home/locobot/LoCoBotRos/interbotix_ws/install/moveit_resources_panda_moveit_config:/home/locobot/LoCoBotRos/interbotix_ws/install/moveit_resources_fanuc_moveit_config:/home/locobot/LoCoBotRos/interbotix_ws/install/srdfdom:/home/locobot/LoCoBotRos/interbotix_ws/install/moveit_resources_pr2_description:/home/locobot/LoCoBotRos/interbotix_ws/install/moveit_resources_panda_description:/home/locobot/LoCoBotRos/interbotix_ws/install/moveit_resources_fanuc_description:/home/locobot/LoCoBotRos/interbotix_ws/install/moveit_common:/home/locobot/apriltag_ws/install/apriltag_ros:/opt/ros/humble LD_LIBRARY_PATH=/home/locobot/LoCoBotRos/interbotix_ws/install/moveit_ros_planning_interface/lib:/home/locobot/LoCoBotRos/interbotix_ws/install/moveit_ros_move_group/lib:/home/locobot/LoCoBotRos/interbotix_ws/install/moveit_ros_warehouse/lib:/home/locobot/LoCoBotRos/interbotix_ws/install/moveit_ros_robot_interaction/lib:/home/locobot/LoCoBotRos/interbotix_ws/install/moveit_planners_ompl/lib:/home/locobot/LoCoBotRos/interbotix_ws/install/moveit_kinematics/lib:/home/locobot/LoCoBotRos/interbotix_ws/install/moveit_ros_planning/lib:/home/locobot/LoCoBotRos/interbotix_ws/install/moveit_simple_controller_manager/lib:/home/locobot/LoCoBotRos/interbotix_ws/install/moveit_ros_occupancy_map_monitor/lib:/home/locobot/LoCoBotRos/interbotix_ws/install/moveit_core/lib:/home/locobot/LoCoBotRos/interbotix_ws/install/srdfdom/lib:${LD_LIBRARY_PATH} PATH=/home/locobot/LoCoBotRos/interbotix_ws/install/moveit_core/bin:${PATH} PYTHONPATH=/home/locobot/LoCoBotRos/interbotix_ws/install/moveit_configs_utils/lib/python3.10/site-packages:/home/locobot/LoCoBotRos/interbotix_ws/install/srdfdom/local/lib/python3.10/dist-packages:/home/locobot/LoCoBotRos/interbotix_ws/install/launch_param_builder/lib/python3.10/site-packages:${PYTHONPATH} /usr/bin/cmake /home/locobot/LoCoBotRos/interbotix_ws/src/moveit2/moveit_ros/visualization -DCMAKE_INSTALL_PREFIX=/home/locobot/LoCoBotRos/interbotix_ws/install/moveit_ros_visualization
[0.051s] -- Found moveit_common: 2.5.9 (/home/locobot/LoCoBotRos/interbotix_ws/install/moveit_common/share/moveit_common/cmake)
[0.051s] -- Found ament_cmake: 1.3.11 (/opt/ros/humble/share/ament_cmake/cmake)
[0.276s] -- Found class_loader: 2.2.0 (/opt/ros/humble/share/class_loader/cmake)
[0.289s] -- Found geometric_shapes: 2.3.2 (/opt/ros/humble/share/geometric_shapes/cmake)
[0.292s] -- Found Boost: /usr/lib/x86_64-linux-gnu/cmake/Boost-1.74.0/BoostConfig.cmake (found version "1.74.0") found components: filesystem 
[0.309s] -- Found rosidl_generator_c: 3.1.6 (/opt/ros/humble/share/rosidl_generator_c/cmake)
[0.311s] -- Found rosidl_adapter: 3.1.6 (/opt/ros/humble/share/rosidl_adapter/cmake)
[0.315s] -- Found rosidl_generator_cpp: 3.1.6 (/opt/ros/humble/share/rosidl_generator_cpp/cmake)
[0.324s] -- Using all available rosidl_typesupport_c: rosidl_typesupport_fastrtps_c;rosidl_typesupport_introspection_c
[0.332s] -- Using all available rosidl_typesupport_cpp: rosidl_typesupport_fastrtps_cpp;rosidl_typesupport_introspection_cpp
[0.385s] -- Found rmw_implementation_cmake: 6.1.2 (/opt/ros/humble/share/rmw_implementation_cmake/cmake)
[0.386s] -- Found rmw_fastrtps_cpp: 6.2.7 (/opt/ros/humble/share/rmw_fastrtps_cpp/cmake)
[0.483s] -- Using RMW implementation 'rmw_fastrtps_cpp' as default
[0.537s] -- library: /usr/lib/x86_64-linux-gnu/libcurl.so
[0.581s] -- Found interactive_markers: 2.3.2 (/opt/ros/humble/share/interactive_markers/cmake)
[0.586s] -- Found moveit_ros_planning: 2.5.9 (/home/locobot/LoCoBotRos/interbotix_ws/install/moveit_ros_planning/share/moveit_ros_planning/cmake)
[0.595s] -- Found Boost: /usr/lib/x86_64-linux-gnu/cmake/Boost-1.74.0/BoostConfig.cmake (found version "1.74.0") found components: system filesystem date_time program_options thread chrono 
[0.690s] -- Found Boost: /usr/lib/x86_64-linux-gnu/cmake/Boost-1.74.0/BoostConfig.cmake (found version "1.74.0") found components: chrono date_time filesystem iostreams program_options regex serialization system thread 
[0.709s] -- Found parameter_traits: 0.5.0 (/opt/ros/humble/share/parameter_traits/cmake)
[0.714s] -- Found rclcpp_lifecycle: 16.0.12 (/opt/ros/humble/share/rclcpp_lifecycle/cmake)
[0.732s] -- Ensuring Eigen3 include directory is part of orocos-kdl CMake target
[0.840s] -- Found moveit_ros_planning_interface: 2.5.9 (/home/locobot/LoCoBotRos/interbotix_ws/install/moveit_ros_planning_interface/share/moveit_ros_planning_interface/cmake)
[0.844s] -- Found Boost: /usr/lib/x86_64-linux-gnu/cmake/Boost-1.74.0/BoostConfig.cmake (found version "1.74.0") found components: date_time filesystem program_options system thread 
[0.857s] -- Found Boost: /usr/lib/x86_64-linux-gnu/cmake/Boost-1.74.0/BoostConfig.cmake (found version "1.74.0") found components: thread system filesystem regex date_time program_options 
[0.875s] -- Found Boost: /usr/lib/x86_64-linux-gnu/cmake/Boost-1.74.0/BoostConfig.cmake (found version "1.74.0") found components: system filesystem date_time program_options thread 
[0.900s] -- Found moveit_ros_robot_interaction: 2.5.9 (/home/locobot/LoCoBotRos/interbotix_ws/install/moveit_ros_robot_interaction/share/moveit_ros_robot_interaction/cmake)
[0.907s] -- Found rclpy: 3.3.16 (/opt/ros/humble/share/rclpy/cmake)
[0.907s] -- Found rviz2: 11.2.17 (/opt/ros/humble/share/rviz2/cmake)
[0.908s] -- Found rviz_common: 11.2.17 (/opt/ros/humble/share/rviz_common/cmake)
[0.916s] -- Setting assimp_DIR to: '/opt/ros/humble/share/rviz_assimp_vendor/cmake/../../../opt/rviz_assimp_vendor/lib/cmake/assimp-4.1'
[0.920s] -- Setting OGRE_DIR to: '/opt/ros/humble/share/rviz_ogre_vendor/cmake/../../../opt/rviz_ogre_vendor/lib/OGRE/cmake'
[0.921s] -- Found OGRE
[0.921s] --   static     : OFF
[0.921s] --   components : HLMS;MeshLodGenerator;Overlay;Paging;Property;RTShaderSystem;Terrain;Volume
[0.921s] --   plugins    : Plugin_BSPSceneManager;Plugin_OctreeSceneManager;Plugin_PCZSceneManager;Plugin_ParticleFX;RenderSystem_GL;RenderSystem_GL3Plus;Codec_STBI
[0.921s] --   media      : /opt/ros/humble/opt/rviz_ogre_vendor/share/OGRE/Media
[0.922s] -- OGRE_LIBRARIES: OgreHLMS;OgreMeshLodGenerator;OgreOverlay;OgrePaging;OgreProperty;OgreRTShaderSystem;OgreTerrain;OgreVolume;OgreMain
[0.922s] -- OGRE_LIBRARY_DIRS: /opt/ros/humble/opt/rviz_ogre_vendor/lib
[0.922s] -- OGRE_PLUGINS: Plugin_BSPSceneManager;Plugin_OctreeSceneManager;Plugin_PCZSceneManager;Plugin_ParticleFX;RenderSystem_GL;RenderSystem_GL3Plus;Codec_STBI
[0.922s] -- OGRE_PLUGIN_DIR: /opt/ros/humble/opt/rviz_ogre_vendor/lib/OGRE
[0.922s] -- rviz_ogre_vendor::OgreOverlay for IMPORTED_LOCATION_RELEASE: /opt/ros/humble/opt/rviz_ogre_vendor/lib/libOgreOverlay.so
[0.922s] -- rviz_ogre_vendor::OgreOverlay for IMPORTED_LOCATION_DEBUG: /opt/ros/humble/opt/rviz_ogre_vendor/lib/libOgreOverlay.so
[0.922s] -- rviz_ogre_vendor::OgreMain for IMPORTED_LOCATION_RELEASE: /opt/ros/humble/opt/rviz_ogre_vendor/lib/libOgreMain.so
[0.922s] -- rviz_ogre_vendor::OgreMain for IMPORTED_LOCATION_DEBUG: /opt/ros/humble/opt/rviz_ogre_vendor/lib/libOgreMain.so
[0.968s] -- Found rviz_default_plugins: 11.2.17 (/opt/ros/humble/share/rviz_default_plugins/cmake)
[1.022s] -- Found Boost: /usr/lib/x86_64-linux-gnu/cmake/Boost-1.74.0/BoostConfig.cmake (found version "1.74.0") found components: thread date_time system filesystem 
[1.073s] -- Found ament_lint_auto: 0.12.12 (/opt/ros/humble/share/ament_lint_auto/cmake)
[1.083s] -- Added test 'cppcheck' to perform static code analysis on C / C++ code
[1.083s] -- Configured cppcheck include dirs: /home/locobot/LoCoBotRos/interbotix_ws/src/moveit2/moveit_ros/visualization/rviz_plugin_render_tools/include;/home/locobot/LoCoBotRos/interbotix_ws/src/moveit2/moveit_ros/visualization/robot_state_rviz_plugin/include;/home/locobot/LoCoBotRos/interbotix_ws/src/moveit2/moveit_ros/visualization/planning_scene_rviz_plugin/include;/home/locobot/LoCoBotRos/interbotix_ws/src/moveit2/moveit_ros/visualization/motion_planning_rviz_plugin/include;/home/locobot/LoCoBotRos/interbotix_ws/src/moveit2/moveit_ros/visualization/trajectory_rviz_plugin/include
[1.083s] -- Configured cppcheck exclude dirs and/or files: 
[1.084s] -- Added test 'lint_cmake' to check CMake code style
[1.085s] -- Added test 'pep257' to check Python code against some of the docstring style conventions in PEP 257
[1.085s] -- Added test 'xmllint' to check XML markup files
[1.088s] -- Configuring done
[1.448s] -- Generating done
[1.504s] -- Build files have been written to: /home/locobot/LoCoBotRos/interbotix_ws/build/moveit_ros_visualization
[1.539s] Invoked command in '/home/locobot/LoCoBotRos/interbotix_ws/build/moveit_ros_visualization' returned '0': AMENT_PREFIX_PATH=/home/locobot/LoCoBotRos/interbotix_ws/install/moveit_ros_planning_interface:/home/locobot/LoCoBotRos/interbotix_ws/install/moveit_ros_move_group:/home/locobot/LoCoBotRos/interbotix_ws/install/moveit_ros_warehouse:/home/locobot/LoCoBotRos/interbotix_ws/install/moveit_ros_robot_interaction:/home/locobot/LoCoBotRos/interbotix_ws/install/moveit_planners_ompl:/home/locobot/LoCoBotRos/interbotix_ws/install/moveit_kinematics:/home/locobot/LoCoBotRos/interbotix_ws/install/moveit_ros_planning:/home/locobot/LoCoBotRos/interbotix_ws/install/moveit_simple_controller_manager:/home/locobot/LoCoBotRos/interbotix_ws/install/moveit_ros_occupancy_map_monitor:/home/locobot/LoCoBotRos/interbotix_ws/install/moveit_core:/home/locobot/LoCoBotRos/interbotix_ws/install/moveit_resources_panda_moveit_config:/home/locobot/LoCoBotRos/interbotix_ws/install/moveit_resources_fanuc_moveit_config:/home/locobot/LoCoBotRos/interbotix_ws/install/moveit_configs_utils:/home/locobot/LoCoBotRos/interbotix_ws/install/srdfdom:/home/locobot/LoCoBotRos/interbotix_ws/install/moveit_resources_pr2_description:/home/locobot/LoCoBotRos/interbotix_ws/install/moveit_resources_panda_description:/home/locobot/LoCoBotRos/interbotix_ws/install/moveit_resources_fanuc_description:/home/locobot/LoCoBotRos/interbotix_ws/install/moveit_common:/home/locobot/LoCoBotRos/interbotix_ws/install/launch_param_builder:${AMENT_PREFIX_PATH} CMAKE_PREFIX_PATH=/home/locobot/LoCoBotRos/interbotix_ws/install/moveit_ros_planning_interface:/home/locobot/LoCoBotRos/interbotix_ws/install/moveit_ros_move_group:/home/locobot/LoCoBotRos/interbotix_ws/install/moveit_ros_warehouse:/home/locobot/LoCoBotRos/interbotix_ws/install/moveit_ros_robot_interaction:/home/locobot/LoCoBotRos/interbotix_ws/install/moveit_planners_ompl:/home/locobot/LoCoBotRos/interbotix_ws/install/moveit_kinematics:/home/locobot/LoCoBotRos/interbotix_ws/install/moveit_ros_planning:/home/locobot/LoCoBotRos/interbotix_ws/install/moveit_simple_controller_manager:/home/locobot/LoCoBotRos/interbotix_ws/install/moveit_ros_occupancy_map_monitor:/home/locobot/LoCoBotRos/interbotix_ws/install/moveit_core:/home/locobot/LoCoBotRos/interbotix_ws/install/moveit_resources_panda_moveit_config:/home/locobot/LoCoBotRos/interbotix_ws/install/moveit_resources_fanuc_moveit_config:/home/locobot/LoCoBotRos/interbotix_ws/install/srdfdom:/home/locobot/LoCoBotRos/interbotix_ws/install/moveit_resources_pr2_description:/home/locobot/LoCoBotRos/interbotix_ws/install/moveit_resources_panda_description:/home/locobot/LoCoBotRos/interbotix_ws/install/moveit_resources_fanuc_description:/home/locobot/LoCoBotRos/interbotix_ws/install/moveit_common:/home/locobot/apriltag_ws/install/apriltag_ros:/opt/ros/humble LD_LIBRARY_PATH=/home/locobot/LoCoBotRos/interbotix_ws/install/moveit_ros_planning_interface/lib:/home/locobot/LoCoBotRos/interbotix_ws/install/moveit_ros_move_group/lib:/home/locobot/LoCoBotRos/interbotix_ws/install/moveit_ros_warehouse/lib:/home/locobot/LoCoBotRos/interbotix_ws/install/moveit_ros_robot_interaction/lib:/home/locobot/LoCoBotRos/interbotix_ws/install/moveit_planners_ompl/lib:/home/locobot/LoCoBotRos/interbotix_ws/install/moveit_kinematics/lib:/home/locobot/LoCoBotRos/interbotix_ws/install/moveit_ros_planning/lib:/home/locobot/LoCoBotRos/interbotix_ws/install/moveit_simple_controller_manager/lib:/home/locobot/LoCoBotRos/interbotix_ws/install/moveit_ros_occupancy_map_monitor/lib:/home/locobot/LoCoBotRos/interbotix_ws/install/moveit_core/lib:/home/locobot/LoCoBotRos/interbotix_ws/install/srdfdom/lib:${LD_LIBRARY_PATH} PATH=/home/locobot/LoCoBotRos/interbotix_ws/install/moveit_core/bin:${PATH} PYTHONPATH=/home/locobot/LoCoBotRos/interbotix_ws/install/moveit_configs_utils/lib/python3.10/site-packages:/home/locobot/LoCoBotRos/interbotix_ws/install/srdfdom/local/lib/python3.10/dist-packages:/home/locobot/LoCoBotRos/interbotix_ws/install/launch_param_builder/lib/python3.10/site-packages:${PYTHONPATH} /usr/bin/cmake /home/locobot/LoCoBotRos/interbotix_ws/src/moveit2/moveit_ros/visualization -DCMAKE_INSTALL_PREFIX=/home/locobot/LoCoBotRos/interbotix_ws/install/moveit_ros_visualization
[1.542s] Invoking command in '/home/locobot/LoCoBotRos/interbotix_ws/build/moveit_ros_visualization': AMENT_PREFIX_PATH=/home/locobot/LoCoBotRos/interbotix_ws/install/moveit_ros_planning_interface:/home/locobot/LoCoBotRos/interbotix_ws/install/moveit_ros_move_group:/home/locobot/LoCoBotRos/interbotix_ws/install/moveit_ros_warehouse:/home/locobot/LoCoBotRos/interbotix_ws/install/moveit_ros_robot_interaction:/home/locobot/LoCoBotRos/interbotix_ws/install/moveit_planners_ompl:/home/locobot/LoCoBotRos/interbotix_ws/install/moveit_kinematics:/home/locobot/LoCoBotRos/interbotix_ws/install/moveit_ros_planning:/home/locobot/LoCoBotRos/interbotix_ws/install/moveit_simple_controller_manager:/home/locobot/LoCoBotRos/interbotix_ws/install/moveit_ros_occupancy_map_monitor:/home/locobot/LoCoBotRos/interbotix_ws/install/moveit_core:/home/locobot/LoCoBotRos/interbotix_ws/install/moveit_resources_panda_moveit_config:/home/locobot/LoCoBotRos/interbotix_ws/install/moveit_resources_fanuc_moveit_config:/home/locobot/LoCoBotRos/interbotix_ws/install/moveit_configs_utils:/home/locobot/LoCoBotRos/interbotix_ws/install/srdfdom:/home/locobot/LoCoBotRos/interbotix_ws/install/moveit_resources_pr2_description:/home/locobot/LoCoBotRos/interbotix_ws/install/moveit_resources_panda_description:/home/locobot/LoCoBotRos/interbotix_ws/install/moveit_resources_fanuc_description:/home/locobot/LoCoBotRos/interbotix_ws/install/moveit_common:/home/locobot/LoCoBotRos/interbotix_ws/install/launch_param_builder:${AMENT_PREFIX_PATH} CMAKE_PREFIX_PATH=/home/locobot/LoCoBotRos/interbotix_ws/install/moveit_ros_planning_interface:/home/locobot/LoCoBotRos/interbotix_ws/install/moveit_ros_move_group:/home/locobot/LoCoBotRos/interbotix_ws/install/moveit_ros_warehouse:/home/locobot/LoCoBotRos/interbotix_ws/install/moveit_ros_robot_interaction:/home/locobot/LoCoBotRos/interbotix_ws/install/moveit_planners_ompl:/home/locobot/LoCoBotRos/interbotix_ws/install/moveit_kinematics:/home/locobot/LoCoBotRos/interbotix_ws/install/moveit_ros_planning:/home/locobot/LoCoBotRos/interbotix_ws/install/moveit_simple_controller_manager:/home/locobot/LoCoBotRos/interbotix_ws/install/moveit_ros_occupancy_map_monitor:/home/locobot/LoCoBotRos/interbotix_ws/install/moveit_core:/home/locobot/LoCoBotRos/interbotix_ws/install/moveit_resources_panda_moveit_config:/home/locobot/LoCoBotRos/interbotix_ws/install/moveit_resources_fanuc_moveit_config:/home/locobot/LoCoBotRos/interbotix_ws/install/srdfdom:/home/locobot/LoCoBotRos/interbotix_ws/install/moveit_resources_pr2_description:/home/locobot/LoCoBotRos/interbotix_ws/install/moveit_resources_panda_description:/home/locobot/LoCoBotRos/interbotix_ws/install/moveit_resources_fanuc_description:/home/locobot/LoCoBotRos/interbotix_ws/install/moveit_common:/home/locobot/apriltag_ws/install/apriltag_ros:/opt/ros/humble LD_LIBRARY_PATH=/home/locobot/LoCoBotRos/interbotix_ws/install/moveit_ros_planning_interface/lib:/home/locobot/LoCoBotRos/interbotix_ws/install/moveit_ros_move_group/lib:/home/locobot/LoCoBotRos/interbotix_ws/install/moveit_ros_warehouse/lib:/home/locobot/LoCoBotRos/interbotix_ws/install/moveit_ros_robot_interaction/lib:/home/locobot/LoCoBotRos/interbotix_ws/install/moveit_planners_ompl/lib:/home/locobot/LoCoBotRos/interbotix_ws/install/moveit_kinematics/lib:/home/locobot/LoCoBotRos/interbotix_ws/install/moveit_ros_planning/lib:/home/locobot/LoCoBotRos/interbotix_ws/install/moveit_simple_controller_manager/lib:/home/locobot/LoCoBotRos/interbotix_ws/install/moveit_ros_occupancy_map_monitor/lib:/home/locobot/LoCoBotRos/interbotix_ws/install/moveit_core/lib:/home/locobot/LoCoBotRos/interbotix_ws/install/srdfdom/lib:${LD_LIBRARY_PATH} PATH=/home/locobot/LoCoBotRos/interbotix_ws/install/moveit_core/bin:${PATH} PYTHONPATH=/home/locobot/LoCoBotRos/interbotix_ws/install/moveit_configs_utils/lib/python3.10/site-packages:/home/locobot/LoCoBotRos/interbotix_ws/install/srdfdom/local/lib/python3.10/dist-packages:/home/locobot/LoCoBotRos/interbotix_ws/install/launch_param_builder/lib/python3.10/site-packages:${PYTHONPATH} /usr/bin/cmake --build /home/locobot/LoCoBotRos/interbotix_ws/build/moveit_ros_visualization -- -j16 -l16
[1.611s] [  1%] [34m[1mAutomatic MOC for target moveit_rviz_plugin_render_tools[0m
[1.637s] [  1%] Built target moveit_rviz_plugin_render_tools_autogen
[1.659s] [35m[1mConsolidate compiler generated dependencies of target moveit_rviz_plugin_render_tools[0m
[1.723s] [ 18%] Built target moveit_rviz_plugin_render_tools
[1.744s] [ 20%] [34m[1mAutomatic MOC for target moveit_planning_scene_rviz_plugin_core[0m
[1.745s] [ 22%] [34m[1mAutomatic MOC for target moveit_robot_state_rviz_plugin_core[0m
[1.769s] [ 22%] Built target moveit_planning_scene_rviz_plugin_core_autogen
[1.771s] [ 22%] Built target moveit_robot_state_rviz_plugin_core_autogen
[1.786s] [35m[1mConsolidate compiler generated dependencies of target moveit_robot_state_rviz_plugin_core[0m
[1.788s] [35m[1mConsolidate compiler generated dependencies of target moveit_planning_scene_rviz_plugin_core[0m
[1.821s] [ 27%] Built target moveit_robot_state_rviz_plugin_core
[1.834s] [ 34%] Built target moveit_planning_scene_rviz_plugin_core
[1.842s] [ 36%] [34m[1mAutomatic MOC for target moveit_robot_state_rviz_plugin[0m
[1.858s] [ 37%] [34m[1mAutomatic MOC for target moveit_trajectory_rviz_plugin_core[0m
[1.858s] [ 39%] [34m[1mAutomatic MOC for target moveit_planning_scene_rviz_plugin[0m
[1.861s] [ 39%] Built target moveit_robot_state_rviz_plugin_autogen
[1.875s] [35m[1mConsolidate compiler generated dependencies of target moveit_robot_state_rviz_plugin[0m
[1.878s] [ 39%] Built target moveit_trajectory_rviz_plugin_core_autogen
[1.878s] [ 39%] Built target moveit_planning_scene_rviz_plugin_autogen
[1.895s] [35m[1mConsolidate compiler generated dependencies of target moveit_planning_scene_rviz_plugin[0m
[1.901s] [35m[1mConsolidate compiler generated dependencies of target moveit_trajectory_rviz_plugin_core[0m
[1.914s] [ 44%] Built target moveit_robot_state_rviz_plugin
[1.922s] [ 50%] Built target moveit_planning_scene_rviz_plugin
[1.925s] [ 55%] Built target moveit_trajectory_rviz_plugin_core
[1.943s] [ 56%] [34m[1mAutomatic MOC for target moveit_motion_planning_rviz_plugin_core[0m
[1.944s] [ 58%] [34m[1mAutomatic MOC for target moveit_trajectory_rviz_plugin[0m
[1.964s] [ 58%] Built target moveit_trajectory_rviz_plugin_autogen
[1.971s] [ 58%] Built target moveit_motion_planning_rviz_plugin_core_autogen
[1.980s] [35m[1mConsolidate compiler generated dependencies of target moveit_trajectory_rviz_plugin[0m
[2.006s] [ 63%] Built target moveit_trajectory_rviz_plugin
[2.013s] [35m[1mConsolidate compiler generated dependencies of target moveit_motion_planning_rviz_plugin_core[0m
[2.119s] [ 93%] Built target moveit_motion_planning_rviz_plugin_core
[2.146s] [ 94%] [34m[1mAutomatic MOC for target moveit_motion_planning_rviz_plugin[0m
[2.163s] [ 94%] Built target moveit_motion_planning_rviz_plugin_autogen
[2.180s] [35m[1mConsolidate compiler generated dependencies of target moveit_motion_planning_rviz_plugin[0m
[2.223s] [100%] Built target moveit_motion_planning_rviz_plugin
[2.239s] Invoked command in '/home/locobot/LoCoBotRos/interbotix_ws/build/moveit_ros_visualization' returned '0': AMENT_PREFIX_PATH=/home/locobot/LoCoBotRos/interbotix_ws/install/moveit_ros_planning_interface:/home/locobot/LoCoBotRos/interbotix_ws/install/moveit_ros_move_group:/home/locobot/LoCoBotRos/interbotix_ws/install/moveit_ros_warehouse:/home/locobot/LoCoBotRos/interbotix_ws/install/moveit_ros_robot_interaction:/home/locobot/LoCoBotRos/interbotix_ws/install/moveit_planners_ompl:/home/locobot/LoCoBotRos/interbotix_ws/install/moveit_kinematics:/home/locobot/LoCoBotRos/interbotix_ws/install/moveit_ros_planning:/home/locobot/LoCoBotRos/interbotix_ws/install/moveit_simple_controller_manager:/home/locobot/LoCoBotRos/interbotix_ws/install/moveit_ros_occupancy_map_monitor:/home/locobot/LoCoBotRos/interbotix_ws/install/moveit_core:/home/locobot/LoCoBotRos/interbotix_ws/install/moveit_resources_panda_moveit_config:/home/locobot/LoCoBotRos/interbotix_ws/install/moveit_resources_fanuc_moveit_config:/home/locobot/LoCoBotRos/interbotix_ws/install/moveit_configs_utils:/home/locobot/LoCoBotRos/interbotix_ws/install/srdfdom:/home/locobot/LoCoBotRos/interbotix_ws/install/moveit_resources_pr2_description:/home/locobot/LoCoBotRos/interbotix_ws/install/moveit_resources_panda_description:/home/locobot/LoCoBotRos/interbotix_ws/install/moveit_resources_fanuc_description:/home/locobot/LoCoBotRos/interbotix_ws/install/moveit_common:/home/locobot/LoCoBotRos/interbotix_ws/install/launch_param_builder:${AMENT_PREFIX_PATH} CMAKE_PREFIX_PATH=/home/locobot/LoCoBotRos/interbotix_ws/install/moveit_ros_planning_interface:/home/locobot/LoCoBotRos/interbotix_ws/install/moveit_ros_move_group:/home/locobot/LoCoBotRos/interbotix_ws/install/moveit_ros_warehouse:/home/locobot/LoCoBotRos/interbotix_ws/install/moveit_ros_robot_interaction:/home/locobot/LoCoBotRos/interbotix_ws/install/moveit_planners_ompl:/home/locobot/LoCoBotRos/interbotix_ws/install/moveit_kinematics:/home/locobot/LoCoBotRos/interbotix_ws/install/moveit_ros_planning:/home/locobot/LoCoBotRos/interbotix_ws/install/moveit_simple_controller_manager:/home/locobot/LoCoBotRos/interbotix_ws/install/moveit_ros_occupancy_map_monitor:/home/locobot/LoCoBotRos/interbotix_ws/install/moveit_core:/home/locobot/LoCoBotRos/interbotix_ws/install/moveit_resources_panda_moveit_config:/home/locobot/LoCoBotRos/interbotix_ws/install/moveit_resources_fanuc_moveit_config:/home/locobot/LoCoBotRos/interbotix_ws/install/srdfdom:/home/locobot/LoCoBotRos/interbotix_ws/install/moveit_resources_pr2_description:/home/locobot/LoCoBotRos/interbotix_ws/install/moveit_resources_panda_description:/home/locobot/LoCoBotRos/interbotix_ws/install/moveit_resources_fanuc_description:/home/locobot/LoCoBotRos/interbotix_ws/install/moveit_common:/home/locobot/apriltag_ws/install/apriltag_ros:/opt/ros/humble LD_LIBRARY_PATH=/home/locobot/LoCoBotRos/interbotix_ws/install/moveit_ros_planning_interface/lib:/home/locobot/LoCoBotRos/interbotix_ws/install/moveit_ros_move_group/lib:/home/locobot/LoCoBotRos/interbotix_ws/install/moveit_ros_warehouse/lib:/home/locobot/LoCoBotRos/interbotix_ws/install/moveit_ros_robot_interaction/lib:/home/locobot/LoCoBotRos/interbotix_ws/install/moveit_planners_ompl/lib:/home/locobot/LoCoBotRos/interbotix_ws/install/moveit_kinematics/lib:/home/locobot/LoCoBotRos/interbotix_ws/install/moveit_ros_planning/lib:/home/locobot/LoCoBotRos/interbotix_ws/install/moveit_simple_controller_manager/lib:/home/locobot/LoCoBotRos/interbotix_ws/install/moveit_ros_occupancy_map_monitor/lib:/home/locobot/LoCoBotRos/interbotix_ws/install/moveit_core/lib:/home/locobot/LoCoBotRos/interbotix_ws/install/srdfdom/lib:${LD_LIBRARY_PATH} PATH=/home/locobot/LoCoBotRos/interbotix_ws/install/moveit_core/bin:${PATH} PYTHONPATH=/home/locobot/LoCoBotRos/interbotix_ws/install/moveit_configs_utils/lib/python3.10/site-packages:/home/locobot/LoCoBotRos/interbotix_ws/install/srdfdom/local/lib/python3.10/dist-packages:/home/locobot/LoCoBotRos/interbotix_ws/install/launch_param_builder/lib/python3.10/site-packages:${PYTHONPATH} /usr/bin/cmake --build /home/locobot/LoCoBotRos/interbotix_ws/build/moveit_ros_visualization -- -j16 -l16
[2.246s] Invoking command in '/home/locobot/LoCoBotRos/interbotix_ws/build/moveit_ros_visualization': AMENT_PREFIX_PATH=/home/locobot/LoCoBotRos/interbotix_ws/install/moveit_ros_planning_interface:/home/locobot/LoCoBotRos/interbotix_ws/install/moveit_ros_move_group:/home/locobot/LoCoBotRos/interbotix_ws/install/moveit_ros_warehouse:/home/locobot/LoCoBotRos/interbotix_ws/install/moveit_ros_robot_interaction:/home/locobot/LoCoBotRos/interbotix_ws/install/moveit_planners_ompl:/home/locobot/LoCoBotRos/interbotix_ws/install/moveit_kinematics:/home/locobot/LoCoBotRos/interbotix_ws/install/moveit_ros_planning:/home/locobot/LoCoBotRos/interbotix_ws/install/moveit_simple_controller_manager:/home/locobot/LoCoBotRos/interbotix_ws/install/moveit_ros_occupancy_map_monitor:/home/locobot/LoCoBotRos/interbotix_ws/install/moveit_core:/home/locobot/LoCoBotRos/interbotix_ws/install/moveit_resources_panda_moveit_config:/home/locobot/LoCoBotRos/interbotix_ws/install/moveit_resources_fanuc_moveit_config:/home/locobot/LoCoBotRos/interbotix_ws/install/moveit_configs_utils:/home/locobot/LoCoBotRos/interbotix_ws/install/srdfdom:/home/locobot/LoCoBotRos/interbotix_ws/install/moveit_resources_pr2_description:/home/locobot/LoCoBotRos/interbotix_ws/install/moveit_resources_panda_description:/home/locobot/LoCoBotRos/interbotix_ws/install/moveit_resources_fanuc_description:/home/locobot/LoCoBotRos/interbotix_ws/install/moveit_common:/home/locobot/LoCoBotRos/interbotix_ws/install/launch_param_builder:${AMENT_PREFIX_PATH} CMAKE_PREFIX_PATH=/home/locobot/LoCoBotRos/interbotix_ws/install/moveit_ros_planning_interface:/home/locobot/LoCoBotRos/interbotix_ws/install/moveit_ros_move_group:/home/locobot/LoCoBotRos/interbotix_ws/install/moveit_ros_warehouse:/home/locobot/LoCoBotRos/interbotix_ws/install/moveit_ros_robot_interaction:/home/locobot/LoCoBotRos/interbotix_ws/install/moveit_planners_ompl:/home/locobot/LoCoBotRos/interbotix_ws/install/moveit_kinematics:/home/locobot/LoCoBotRos/interbotix_ws/install/moveit_ros_planning:/home/locobot/LoCoBotRos/interbotix_ws/install/moveit_simple_controller_manager:/home/locobot/LoCoBotRos/interbotix_ws/install/moveit_ros_occupancy_map_monitor:/home/locobot/LoCoBotRos/interbotix_ws/install/moveit_core:/home/locobot/LoCoBotRos/interbotix_ws/install/moveit_resources_panda_moveit_config:/home/locobot/LoCoBotRos/interbotix_ws/install/moveit_resources_fanuc_moveit_config:/home/locobot/LoCoBotRos/interbotix_ws/install/srdfdom:/home/locobot/LoCoBotRos/interbotix_ws/install/moveit_resources_pr2_description:/home/locobot/LoCoBotRos/interbotix_ws/install/moveit_resources_panda_description:/home/locobot/LoCoBotRos/interbotix_ws/install/moveit_resources_fanuc_description:/home/locobot/LoCoBotRos/interbotix_ws/install/moveit_common:/home/locobot/apriltag_ws/install/apriltag_ros:/opt/ros/humble LD_LIBRARY_PATH=/home/locobot/LoCoBotRos/interbotix_ws/install/moveit_ros_planning_interface/lib:/home/locobot/LoCoBotRos/interbotix_ws/install/moveit_ros_move_group/lib:/home/locobot/LoCoBotRos/interbotix_ws/install/moveit_ros_warehouse/lib:/home/locobot/LoCoBotRos/interbotix_ws/install/moveit_ros_robot_interaction/lib:/home/locobot/LoCoBotRos/interbotix_ws/install/moveit_planners_ompl/lib:/home/locobot/LoCoBotRos/interbotix_ws/install/moveit_kinematics/lib:/home/locobot/LoCoBotRos/interbotix_ws/install/moveit_ros_planning/lib:/home/locobot/LoCoBotRos/interbotix_ws/install/moveit_simple_controller_manager/lib:/home/locobot/LoCoBotRos/interbotix_ws/install/moveit_ros_occupancy_map_monitor/lib:/home/locobot/LoCoBotRos/interbotix_ws/install/moveit_core/lib:/home/locobot/LoCoBotRos/interbotix_ws/install/srdfdom/lib:${LD_LIBRARY_PATH} PATH=/home/locobot/LoCoBotRos/interbotix_ws/install/moveit_core/bin:${PATH} PYTHONPATH=/home/locobot/LoCoBotRos/interbotix_ws/install/moveit_configs_utils/lib/python3.10/site-packages:/home/locobot/LoCoBotRos/interbotix_ws/install/srdfdom/local/lib/python3.10/dist-packages:/home/locobot/LoCoBotRos/interbotix_ws/install/launch_param_builder/lib/python3.10/site-packages:${PYTHONPATH} /usr/bin/cmake --install /home/locobot/LoCoBotRos/interbotix_ws/build/moveit_ros_visualization
[2.259s] -- Install configuration: "Release"
[2.259s] -- Up-to-date: /home/locobot/LoCoBotRos/interbotix_ws/install/moveit_ros_visualization/include
[2.259s] -- Up-to-date: /home/locobot/LoCoBotRos/interbotix_ws/install/moveit_ros_visualization/include/moveit
[2.259s] -- Up-to-date: /home/locobot/LoCoBotRos/interbotix_ws/install/moveit_ros_visualization/include/moveit/rviz_plugin_render_tools
[2.260s] -- Up-to-date: /home/locobot/LoCoBotRos/interbotix_ws/install/moveit_ros_visualization/include/moveit/rviz_plugin_render_tools/octomap_render.h
[2.260s] -- Up-to-date: /home/locobot/LoCoBotRos/interbotix_ws/install/moveit_ros_visualization/include/moveit/rviz_plugin_render_tools/trajectory_panel.h
[2.260s] -- Up-to-date: /home/locobot/LoCoBotRos/interbotix_ws/install/moveit_ros_visualization/include/moveit/rviz_plugin_render_tools/robot_state_visualization.h
[2.260s] -- Up-to-date: /home/locobot/LoCoBotRos/interbotix_ws/install/moveit_ros_visualization/include/moveit/rviz_plugin_render_tools/render_shapes.h
[2.260s] -- Up-to-date: /home/locobot/LoCoBotRos/interbotix_ws/install/moveit_ros_visualization/include/moveit/rviz_plugin_render_tools/planning_scene_render.h
[2.260s] -- Up-to-date: /home/locobot/LoCoBotRos/interbotix_ws/install/moveit_ros_visualization/include/moveit/rviz_plugin_render_tools/trajectory_visualization.h
[2.261s] -- Up-to-date: /home/locobot/LoCoBotRos/interbotix_ws/install/moveit_ros_visualization/include/moveit/rviz_plugin_render_tools/planning_link_updater.h
[2.261s] -- Up-to-date: /home/locobot/LoCoBotRos/interbotix_ws/install/moveit_ros_visualization/include/ogre_helpers
[2.261s] -- Up-to-date: /home/locobot/LoCoBotRos/interbotix_ws/install/moveit_ros_visualization/include/ogre_helpers/mesh_shape.hpp
[2.261s] -- Up-to-date: /home/locobot/LoCoBotRos/interbotix_ws/install/moveit_ros_visualization/include
[2.261s] -- Up-to-date: /home/locobot/LoCoBotRos/interbotix_ws/install/moveit_ros_visualization/include/moveit
[2.262s] -- Up-to-date: /home/locobot/LoCoBotRos/interbotix_ws/install/moveit_ros_visualization/include/moveit/robot_state_rviz_plugin
[2.262s] -- Up-to-date: /home/locobot/LoCoBotRos/interbotix_ws/install/moveit_ros_visualization/include/moveit/robot_state_rviz_plugin/robot_state_display.h
[2.262s] -- Up-to-date: /home/locobot/LoCoBotRos/interbotix_ws/install/moveit_ros_visualization/include
[2.262s] -- Up-to-date: /home/locobot/LoCoBotRos/interbotix_ws/install/moveit_ros_visualization/include/moveit
[2.262s] -- Up-to-date: /home/locobot/LoCoBotRos/interbotix_ws/install/moveit_ros_visualization/include/moveit/planning_scene_rviz_plugin
[2.262s] -- Up-to-date: /home/locobot/LoCoBotRos/interbotix_ws/install/moveit_ros_visualization/include/moveit/planning_scene_rviz_plugin/planning_scene_display.h
[2.262s] -- Up-to-date: /home/locobot/LoCoBotRos/interbotix_ws/install/moveit_ros_visualization/include/moveit/planning_scene_rviz_plugin/background_processing.hpp
[2.262s] -- Up-to-date: /home/locobot/LoCoBotRos/interbotix_ws/install/moveit_ros_visualization/include/moveit_planning_scene_rviz_plugin_core_export.h
[2.262s] -- Up-to-date: /home/locobot/LoCoBotRos/interbotix_ws/install/moveit_ros_visualization/include
[2.263s] -- Up-to-date: /home/locobot/LoCoBotRos/interbotix_ws/install/moveit_ros_visualization/include/moveit
[2.264s] -- Up-to-date: /home/locobot/LoCoBotRos/interbotix_ws/install/moveit_ros_visualization/include/moveit/motion_planning_rviz_plugin
[2.264s] -- Up-to-date: /home/locobot/LoCoBotRos/interbotix_ws/install/moveit_ros_visualization/include/moveit/motion_planning_rviz_plugin/motion_planning_frame_joints_widget.h
[2.264s] -- Up-to-date: /home/locobot/LoCoBotRos/interbotix_ws/install/moveit_ros_visualization/include/moveit/motion_planning_rviz_plugin/interactive_marker_display.h
[2.264s] -- Up-to-date: /home/locobot/LoCoBotRos/interbotix_ws/install/moveit_ros_visualization/include/moveit/motion_planning_rviz_plugin/motion_planning_frame.h
[2.264s] -- Up-to-date: /home/locobot/LoCoBotRos/interbotix_ws/install/moveit_ros_visualization/include/moveit/motion_planning_rviz_plugin/motion_planning_display.h
[2.264s] -- Up-to-date: /home/locobot/LoCoBotRos/interbotix_ws/install/moveit_ros_visualization/include/moveit/motion_planning_rviz_plugin/motion_planning_param_widget.h
[2.264s] -- Up-to-date: /home/locobot/LoCoBotRos/interbotix_ws/install/moveit_ros_visualization/include
[2.264s] -- Up-to-date: /home/locobot/LoCoBotRos/interbotix_ws/install/moveit_ros_visualization/include/moveit
[2.265s] -- Up-to-date: /home/locobot/LoCoBotRos/interbotix_ws/install/moveit_ros_visualization/include/moveit/trajectory_rviz_plugin
[2.265s] -- Up-to-date: /home/locobot/LoCoBotRos/interbotix_ws/install/moveit_ros_visualization/include/moveit/trajectory_rviz_plugin/trajectory_display.h
[2.265s] -- Up-to-date: /home/locobot/LoCoBotRos/interbotix_ws/install/moveit_ros_visualization/share/moveit_ros_visualization/icons
[2.265s] -- Up-to-date: /home/locobot/LoCoBotRos/interbotix_ws/install/moveit_ros_visualization/share/moveit_ros_visualization/icons/classes
[2.265s] -- Up-to-date: /home/locobot/LoCoBotRos/interbotix_ws/install/moveit_ros_visualization/share/moveit_ros_visualization/icons/classes/RobotState.png
[2.265s] -- Up-to-date: /home/locobot/LoCoBotRos/interbotix_ws/install/moveit_ros_visualization/share/moveit_ros_visualization/icons/classes/Trajectory.png
[2.265s] -- Up-to-date: /home/locobot/LoCoBotRos/interbotix_ws/install/moveit_ros_visualization/share/moveit_ros_visualization/icons/classes/MotionPlanning.png
[2.265s] -- Up-to-date: /home/locobot/LoCoBotRos/interbotix_ws/install/moveit_ros_visualization/share/moveit_ros_visualization/icons/classes/PlanningScene.png
[2.265s] -- Up-to-date: /home/locobot/LoCoBotRos/interbotix_ws/install/moveit_ros_visualization/share/moveit_ros_visualization/motion_planning_rviz_plugin_description.xml
[2.265s] -- Up-to-date: /home/locobot/LoCoBotRos/interbotix_ws/install/moveit_ros_visualization/share/moveit_ros_visualization/trajectory_rviz_plugin_description.xml
[2.265s] -- Up-to-date: /home/locobot/LoCoBotRos/interbotix_ws/install/moveit_ros_visualization/share/moveit_ros_visualization/planning_scene_rviz_plugin_description.xml
[2.265s] -- Up-to-date: /home/locobot/LoCoBotRos/interbotix_ws/install/moveit_ros_visualization/share/moveit_ros_visualization/robot_state_rviz_plugin_description.xml
[2.266s] -- Up-to-date: /home/locobot/LoCoBotRos/interbotix_ws/install/moveit_ros_visualization/lib/libmoveit_motion_planning_rviz_plugin.so.2.5.9
[2.266s] -- Up-to-date: /home/locobot/LoCoBotRos/interbotix_ws/install/moveit_ros_visualization/lib/libmoveit_motion_planning_rviz_plugin.so
[2.269s] -- Up-to-date: /home/locobot/LoCoBotRos/interbotix_ws/install/moveit_ros_visualization/lib/libmoveit_motion_planning_rviz_plugin_core.so.2.5.9
[2.269s] -- Up-to-date: /home/locobot/LoCoBotRos/interbotix_ws/install/moveit_ros_visualization/lib/libmoveit_motion_planning_rviz_plugin_core.so
[2.270s] -- Up-to-date: /home/locobot/LoCoBotRos/interbotix_ws/install/moveit_ros_visualization/lib/libmoveit_planning_scene_rviz_plugin.so.2.5.9
[2.271s] -- Up-to-date: /home/locobot/LoCoBotRos/interbotix_ws/install/moveit_ros_visualization/lib/libmoveit_planning_scene_rviz_plugin.so
[2.276s] -- Up-to-date: /home/locobot/LoCoBotRos/interbotix_ws/install/moveit_ros_visualization/lib/libmoveit_planning_scene_rviz_plugin_core.so.2.5.9
[2.277s] -- Up-to-date: /home/locobot/LoCoBotRos/interbotix_ws/install/moveit_ros_visualization/lib/libmoveit_planning_scene_rviz_plugin_core.so
[2.277s] -- Up-to-date: /home/locobot/LoCoBotRos/interbotix_ws/install/moveit_ros_visualization/lib/libmoveit_robot_state_rviz_plugin.so.2.5.9
[2.277s] -- Up-to-date: /home/locobot/LoCoBotRos/interbotix_ws/install/moveit_ros_visualization/lib/libmoveit_robot_state_rviz_plugin.so
[2.278s] -- Up-to-date: /home/locobot/LoCoBotRos/interbotix_ws/install/moveit_ros_visualization/lib/libmoveit_robot_state_rviz_plugin_core.so.2.5.9
[2.279s] -- Up-to-date: /home/locobot/LoCoBotRos/interbotix_ws/install/moveit_ros_visualization/lib/libmoveit_robot_state_rviz_plugin_core.so
[2.280s] -- Up-to-date: /home/locobot/LoCoBotRos/interbotix_ws/install/moveit_ros_visualization/lib/libmoveit_rviz_plugin_render_tools.so.2.5.9
[2.280s] -- Up-to-date: /home/locobot/LoCoBotRos/interbotix_ws/install/moveit_ros_visualization/lib/libmoveit_rviz_plugin_render_tools.so
[2.280s] -- Up-to-date: /home/locobot/LoCoBotRos/interbotix_ws/install/moveit_ros_visualization/lib/libmoveit_trajectory_rviz_plugin.so.2.5.9
[2.280s] -- Up-to-date: /home/locobot/LoCoBotRos/interbotix_ws/install/moveit_ros_visualization/lib/libmoveit_trajectory_rviz_plugin.so
[2.281s] -- Up-to-date: /home/locobot/LoCoBotRos/interbotix_ws/install/moveit_ros_visualization/lib/libmoveit_trajectory_rviz_plugin_core.so.2.5.9
[2.281s] -- Up-to-date: /home/locobot/LoCoBotRos/interbotix_ws/install/moveit_ros_visualization/lib/libmoveit_trajectory_rviz_plugin_core.so
[2.281s] -- Up-to-date: /home/locobot/LoCoBotRos/interbotix_ws/install/moveit_ros_visualization/share/moveit_ros_visualization/environment/library_path.sh
[2.281s] -- Installing: /home/locobot/LoCoBotRos/interbotix_ws/install/moveit_ros_visualization/share/moveit_ros_visualization/environment/library_path.dsv
[2.281s] -- Up-to-date: /home/locobot/LoCoBotRos/interbotix_ws/install/moveit_ros_visualization/share/ament_index/resource_index/package_run_dependencies/moveit_ros_visualization
[2.281s] -- Up-to-date: /home/locobot/LoCoBotRos/interbotix_ws/install/moveit_ros_visualization/share/ament_index/resource_index/parent_prefix_path/moveit_ros_visualization
[2.281s] -- Up-to-date: /home/locobot/LoCoBotRos/interbotix_ws/install/moveit_ros_visualization/share/moveit_ros_visualization/environment/ament_prefix_path.sh
[2.281s] -- Installing: /home/locobot/LoCoBotRos/interbotix_ws/install/moveit_ros_visualization/share/moveit_ros_visualization/environment/ament_prefix_path.dsv
[2.282s] -- Up-to-date: /home/locobot/LoCoBotRos/interbotix_ws/install/moveit_ros_visualization/share/moveit_ros_visualization/environment/path.sh
[2.282s] -- Installing: /home/locobot/LoCoBotRos/interbotix_ws/install/moveit_ros_visualization/share/moveit_ros_visualization/environment/path.dsv
[2.282s] -- Up-to-date: /home/locobot/LoCoBotRos/interbotix_ws/install/moveit_ros_visualization/share/moveit_ros_visualization/local_setup.bash
[2.282s] -- Up-to-date: /home/locobot/LoCoBotRos/interbotix_ws/install/moveit_ros_visualization/share/moveit_ros_visualization/local_setup.sh
[2.282s] -- Up-to-date: /home/locobot/LoCoBotRos/interbotix_ws/install/moveit_ros_visualization/share/moveit_ros_visualization/local_setup.zsh
[2.282s] -- Installing: /home/locobot/LoCoBotRos/interbotix_ws/install/moveit_ros_visualization/share/moveit_ros_visualization/local_setup.dsv
[2.282s] -- Installing: /home/locobot/LoCoBotRos/interbotix_ws/install/moveit_ros_visualization/share/moveit_ros_visualization/package.dsv
[2.282s] -- Up-to-date: /home/locobot/LoCoBotRos/interbotix_ws/install/moveit_ros_visualization/share/ament_index/resource_index/packages/moveit_ros_visualization
[2.282s] -- Up-to-date: /home/locobot/LoCoBotRos/interbotix_ws/install/moveit_ros_visualization/share/ament_index/resource_index/rviz_common__pluginlib__plugin/moveit_ros_visualization
[2.282s] -- Up-to-date: /home/locobot/LoCoBotRos/interbotix_ws/install/moveit_ros_visualization/share/moveit_ros_visualization/cmake/export_moveit_ros_visualizationExport.cmake
[2.283s] -- Up-to-date: /home/locobot/LoCoBotRos/interbotix_ws/install/moveit_ros_visualization/share/moveit_ros_visualization/cmake/export_moveit_ros_visualizationExport-release.cmake
[2.283s] -- Up-to-date: /home/locobot/LoCoBotRos/interbotix_ws/install/moveit_ros_visualization/share/moveit_ros_visualization/cmake/ConfigExtras.cmake
[2.283s] -- Up-to-date: /home/locobot/LoCoBotRos/interbotix_ws/install/moveit_ros_visualization/share/moveit_ros_visualization/cmake/ament_cmake_export_targets-extras.cmake
[2.283s] -- Up-to-date: /home/locobot/LoCoBotRos/interbotix_ws/install/moveit_ros_visualization/share/moveit_ros_visualization/cmake/ament_cmake_export_dependencies-extras.cmake
[2.283s] -- Up-to-date: /home/locobot/LoCoBotRos/interbotix_ws/install/moveit_ros_visualization/share/moveit_ros_visualization/cmake/moveit_ros_visualizationConfig.cmake
[2.283s] -- Up-to-date: /home/locobot/LoCoBotRos/interbotix_ws/install/moveit_ros_visualization/share/moveit_ros_visualization/cmake/moveit_ros_visualizationConfig-version.cmake
[2.283s] -- Up-to-date: /home/locobot/LoCoBotRos/interbotix_ws/install/moveit_ros_visualization/share/moveit_ros_visualization/package.xml
[2.285s] Invoked command in '/home/locobot/LoCoBotRos/interbotix_ws/build/moveit_ros_visualization' returned '0': AMENT_PREFIX_PATH=/home/locobot/LoCoBotRos/interbotix_ws/install/moveit_ros_planning_interface:/home/locobot/LoCoBotRos/interbotix_ws/install/moveit_ros_move_group:/home/locobot/LoCoBotRos/interbotix_ws/install/moveit_ros_warehouse:/home/locobot/LoCoBotRos/interbotix_ws/install/moveit_ros_robot_interaction:/home/locobot/LoCoBotRos/interbotix_ws/install/moveit_planners_ompl:/home/locobot/LoCoBotRos/interbotix_ws/install/moveit_kinematics:/home/locobot/LoCoBotRos/interbotix_ws/install/moveit_ros_planning:/home/locobot/LoCoBotRos/interbotix_ws/install/moveit_simple_controller_manager:/home/locobot/LoCoBotRos/interbotix_ws/install/moveit_ros_occupancy_map_monitor:/home/locobot/LoCoBotRos/interbotix_ws/install/moveit_core:/home/locobot/LoCoBotRos/interbotix_ws/install/moveit_resources_panda_moveit_config:/home/locobot/LoCoBotRos/interbotix_ws/install/moveit_resources_fanuc_moveit_config:/home/locobot/LoCoBotRos/interbotix_ws/install/moveit_configs_utils:/home/locobot/LoCoBotRos/interbotix_ws/install/srdfdom:/home/locobot/LoCoBotRos/interbotix_ws/install/moveit_resources_pr2_description:/home/locobot/LoCoBotRos/interbotix_ws/install/moveit_resources_panda_description:/home/locobot/LoCoBotRos/interbotix_ws/install/moveit_resources_fanuc_description:/home/locobot/LoCoBotRos/interbotix_ws/install/moveit_common:/home/locobot/LoCoBotRos/interbotix_ws/install/launch_param_builder:${AMENT_PREFIX_PATH} CMAKE_PREFIX_PATH=/home/locobot/LoCoBotRos/interbotix_ws/install/moveit_ros_planning_interface:/home/locobot/LoCoBotRos/interbotix_ws/install/moveit_ros_move_group:/home/locobot/LoCoBotRos/interbotix_ws/install/moveit_ros_warehouse:/home/locobot/LoCoBotRos/interbotix_ws/install/moveit_ros_robot_interaction:/home/locobot/LoCoBotRos/interbotix_ws/install/moveit_planners_ompl:/home/locobot/LoCoBotRos/interbotix_ws/install/moveit_kinematics:/home/locobot/LoCoBotRos/interbotix_ws/install/moveit_ros_planning:/home/locobot/LoCoBotRos/interbotix_ws/install/moveit_simple_controller_manager:/home/locobot/LoCoBotRos/interbotix_ws/install/moveit_ros_occupancy_map_monitor:/home/locobot/LoCoBotRos/interbotix_ws/install/moveit_core:/home/locobot/LoCoBotRos/interbotix_ws/install/moveit_resources_panda_moveit_config:/home/locobot/LoCoBotRos/interbotix_ws/install/moveit_resources_fanuc_moveit_config:/home/locobot/LoCoBotRos/interbotix_ws/install/srdfdom:/home/locobot/LoCoBotRos/interbotix_ws/install/moveit_resources_pr2_description:/home/locobot/LoCoBotRos/interbotix_ws/install/moveit_resources_panda_description:/home/locobot/LoCoBotRos/interbotix_ws/install/moveit_resources_fanuc_description:/home/locobot/LoCoBotRos/interbotix_ws/install/moveit_common:/home/locobot/apriltag_ws/install/apriltag_ros:/opt/ros/humble LD_LIBRARY_PATH=/home/locobot/LoCoBotRos/interbotix_ws/install/moveit_ros_planning_interface/lib:/home/locobot/LoCoBotRos/interbotix_ws/install/moveit_ros_move_group/lib:/home/locobot/LoCoBotRos/interbotix_ws/install/moveit_ros_warehouse/lib:/home/locobot/LoCoBotRos/interbotix_ws/install/moveit_ros_robot_interaction/lib:/home/locobot/LoCoBotRos/interbotix_ws/install/moveit_planners_ompl/lib:/home/locobot/LoCoBotRos/interbotix_ws/install/moveit_kinematics/lib:/home/locobot/LoCoBotRos/interbotix_ws/install/moveit_ros_planning/lib:/home/locobot/LoCoBotRos/interbotix_ws/install/moveit_simple_controller_manager/lib:/home/locobot/LoCoBotRos/interbotix_ws/install/moveit_ros_occupancy_map_monitor/lib:/home/locobot/LoCoBotRos/interbotix_ws/install/moveit_core/lib:/home/locobot/LoCoBotRos/interbotix_ws/install/srdfdom/lib:${LD_LIBRARY_PATH} PATH=/home/locobot/LoCoBotRos/interbotix_ws/install/moveit_core/bin:${PATH} PYTHONPATH=/home/locobot/LoCoBotRos/interbotix_ws/install/moveit_configs_utils/lib/python3.10/site-packages:/home/locobot/LoCoBotRos/interbotix_ws/install/srdfdom/local/lib/python3.10/dist-packages:/home/locobot/LoCoBotRos/interbotix_ws/install/launch_param_builder/lib/python3.10/site-packages:${PYTHONPATH} /usr/bin/cmake --install /home/locobot/LoCoBotRos/interbotix_ws/build/moveit_ros_visualization
