[0.008s] Invoking command in '/home/locobot/LoCoBotRos/interbotix_ws/build/ecl_type_traits': AMENT_PREFIX_PATH=/home/locobot/LoCoBotRos/interbotix_ws/install/ecl_mpl:/home/locobot/LoCoBotRos/interbotix_ws/install/ecl_config:${AMENT_PREFIX_PATH} CMAKE_PREFIX_PATH=/home/locobot/LoCoBotRos/interbotix_ws/install/ecl_mpl:/home/locobot/LoCoBotRos/interbotix_ws/install/ecl_config:/home/locobot/apriltag_ws/install/apriltag_ros:/opt/ros/humble PATH=/home/locobot/LoCoBotRos/interbotix_ws/install/ecl_config/bin:${PATH} /usr/bin/cmake --build /home/locobot/LoCoBotRos/interbotix_ws/build/ecl_type_traits -- -j16 -l16
[0.035s] [35m[1mConsolidate compiler generated dependencies of target gtest[0m
[0.036s] [35m[1mConsolidate compiler generated dependencies of target ecl_type_traits[0m
[0.036s] [35m[1mConsolidate compiler generated dependencies of target gtest_main[0m
[0.044s] [ 16%] [32mBuilding CXX object gtest/CMakeFiles/gtest.dir/src/gtest-all.cc.o[0m
[0.044s] [ 16%] [32mBuilding CXX object src/lib/CMakeFiles/ecl_type_traits.dir/numeric_limits.cpp.o[0m
[0.045s] [ 25%] [32mBuilding CXX object gtest/CMakeFiles/gtest_main.dir/src/gtest_main.cc.o[0m
[0.071s] [ 33%] [32m[1mLinking CXX shared library libecl_type_traits.so[0m
[0.115s] [ 33%] Built target ecl_type_traits
[0.123s] [35m[1mConsolidate compiler generated dependencies of target ecl_detect_sizes[0m
[0.132s] [ 41%] [32mBuilding CXX object src/utils/CMakeFiles/ecl_detect_sizes.dir/detect_sizes.cpp.o[0m
[0.401s] [ 50%] [32m[1mLinking CXX executable bin/ecl_detect_sizes[0m
[0.458s] [ 50%] Built target ecl_detect_sizes
[0.535s] [ 58%] [32m[1mLinking CXX static library libgtest_main.a[0m
[0.558s] [ 58%] Built target gtest_main
[5.236s] [ 66%] [32m[1mLinking CXX static library libgtest.a[0m
[5.261s] [ 66%] Built target gtest
[5.269s] [35m[1mConsolidate compiler generated dependencies of target test_fundamental_types[0m
[5.269s] [35m[1mConsolidate compiler generated dependencies of target test_numeric_limits[0m
[5.278s] [ 83%] [32mBuilding CXX object src/test/CMakeFiles/test_numeric_limits.dir/numeric_limits.cpp.o[0m
[5.278s] [ 83%] [32mBuilding CXX object src/test/CMakeFiles/test_fundamental_types.dir/fundamental_types.cpp.o[0m
[5.773s] [ 91%] [32m[1mLinking CXX executable test_numeric_limits[0m
[5.855s] [ 91%] Built target test_numeric_limits
[5.985s] [100%] [32m[1mLinking CXX executable test_fundamental_types[0m
[6.044s] [100%] Built target test_fundamental_types
[6.052s] Invoked command in '/home/locobot/LoCoBotRos/interbotix_ws/build/ecl_type_traits' returned '0': AMENT_PREFIX_PATH=/home/locobot/LoCoBotRos/interbotix_ws/install/ecl_mpl:/home/locobot/LoCoBotRos/interbotix_ws/install/ecl_config:${AMENT_PREFIX_PATH} CMAKE_PREFIX_PATH=/home/locobot/LoCoBotRos/interbotix_ws/install/ecl_mpl:/home/locobot/LoCoBotRos/interbotix_ws/install/ecl_config:/home/locobot/apriltag_ws/install/apriltag_ros:/opt/ros/humble PATH=/home/locobot/LoCoBotRos/interbotix_ws/install/ecl_config/bin:${PATH} /usr/bin/cmake --build /home/locobot/LoCoBotRos/interbotix_ws/build/ecl_type_traits -- -j16 -l16
[6.053s] Invoking command in '/home/locobot/LoCoBotRos/interbotix_ws/build/ecl_type_traits': AMENT_PREFIX_PATH=/home/locobot/LoCoBotRos/interbotix_ws/install/ecl_mpl:/home/locobot/LoCoBotRos/interbotix_ws/install/ecl_config:${AMENT_PREFIX_PATH} CMAKE_PREFIX_PATH=/home/locobot/LoCoBotRos/interbotix_ws/install/ecl_mpl:/home/locobot/LoCoBotRos/interbotix_ws/install/ecl_config:/home/locobot/apriltag_ws/install/apriltag_ros:/opt/ros/humble PATH=/home/locobot/LoCoBotRos/interbotix_ws/install/ecl_config/bin:${PATH} /usr/bin/cmake --install /home/locobot/LoCoBotRos/interbotix_ws/build/ecl_type_traits
[6.058s] -- Install configuration: "Release"
[6.058s] -- Up-to-date: /home/locobot/LoCoBotRos/interbotix_ws/install/ecl_type_traits/share/ecl_type_traits/environment/library_path.sh
[6.058s] -- Installing: /home/locobot/LoCoBotRos/interbotix_ws/install/ecl_type_traits/share/ecl_type_traits/environment/library_path.dsv
[6.058s] -- Up-to-date: /home/locobot/LoCoBotRos/interbotix_ws/install/ecl_type_traits/share/ament_index/resource_index/package_run_dependencies/ecl_type_traits
[6.058s] -- Up-to-date: /home/locobot/LoCoBotRos/interbotix_ws/install/ecl_type_traits/share/ament_index/resource_index/parent_prefix_path/ecl_type_traits
[6.059s] -- Up-to-date: /home/locobot/LoCoBotRos/interbotix_ws/install/ecl_type_traits/share/ecl_type_traits/environment/ament_prefix_path.sh
[6.059s] -- Installing: /home/locobot/LoCoBotRos/interbotix_ws/install/ecl_type_traits/share/ecl_type_traits/environment/ament_prefix_path.dsv
[6.059s] -- Up-to-date: /home/locobot/LoCoBotRos/interbotix_ws/install/ecl_type_traits/share/ecl_type_traits/environment/path.sh
[6.059s] -- Installing: /home/locobot/LoCoBotRos/interbotix_ws/install/ecl_type_traits/share/ecl_type_traits/environment/path.dsv
[6.059s] -- Up-to-date: /home/locobot/LoCoBotRos/interbotix_ws/install/ecl_type_traits/share/ecl_type_traits/local_setup.bash
[6.059s] -- Up-to-date: /home/locobot/LoCoBotRos/interbotix_ws/install/ecl_type_traits/share/ecl_type_traits/local_setup.sh
[6.059s] -- Up-to-date: /home/locobot/LoCoBotRos/interbotix_ws/install/ecl_type_traits/share/ecl_type_traits/local_setup.zsh
[6.059s] -- Installing: /home/locobot/LoCoBotRos/interbotix_ws/install/ecl_type_traits/share/ecl_type_traits/local_setup.dsv
[6.059s] -- Installing: /home/locobot/LoCoBotRos/interbotix_ws/install/ecl_type_traits/share/ecl_type_traits/package.dsv
[6.059s] -- Up-to-date: /home/locobot/LoCoBotRos/interbotix_ws/install/ecl_type_traits/share/ament_index/resource_index/packages/ecl_type_traits
[6.059s] -- Up-to-date: /home/locobot/LoCoBotRos/interbotix_ws/install/ecl_type_traits/share/ecl_type_traits/cmake/ecl_type_traitsExport.cmake
[6.059s] -- Installing: /home/locobot/LoCoBotRos/interbotix_ws/install/ecl_type_traits/share/ecl_type_traits/cmake/ecl_type_traitsExport-release.cmake
[6.059s] -- Up-to-date: /home/locobot/LoCoBotRos/interbotix_ws/install/ecl_type_traits/share/ecl_type_traits/cmake/ament_cmake_export_targets-extras.cmake
[6.059s] -- Up-to-date: /home/locobot/LoCoBotRos/interbotix_ws/install/ecl_type_traits/share/ecl_type_traits/cmake/ament_cmake_export_include_directories-extras.cmake
[6.060s] -- Up-to-date: /home/locobot/LoCoBotRos/interbotix_ws/install/ecl_type_traits/share/ecl_type_traits/cmake/ament_cmake_export_libraries-extras.cmake
[6.060s] -- Up-to-date: /home/locobot/LoCoBotRos/interbotix_ws/install/ecl_type_traits/share/ecl_type_traits/cmake/ament_cmake_export_dependencies-extras.cmake
[6.060s] -- Up-to-date: /home/locobot/LoCoBotRos/interbotix_ws/install/ecl_type_traits/share/ecl_type_traits/cmake/ecl_type_traitsConfig.cmake
[6.060s] -- Up-to-date: /home/locobot/LoCoBotRos/interbotix_ws/install/ecl_type_traits/share/ecl_type_traits/cmake/ecl_type_traitsConfig-version.cmake
[6.060s] -- Up-to-date: /home/locobot/LoCoBotRos/interbotix_ws/install/ecl_type_traits/share/ecl_type_traits/package.xml
[6.060s] -- Up-to-date: /home/locobot/LoCoBotRos/interbotix_ws/install/ecl_type_traits/include/ecl/type_traits.hpp
[6.060s] -- Up-to-date: /home/locobot/LoCoBotRos/interbotix_ws/install/ecl_type_traits/include/ecl/type_traits/fundamental_types.hpp
[6.060s] -- Up-to-date: /home/locobot/LoCoBotRos/interbotix_ws/install/ecl_type_traits/include/ecl/type_traits/macros.hpp
[6.060s] -- Up-to-date: /home/locobot/LoCoBotRos/interbotix_ws/install/ecl_type_traits/include/ecl/type_traits/numeric_limits.hpp
[6.060s] -- Up-to-date: /home/locobot/LoCoBotRos/interbotix_ws/install/ecl_type_traits/include/ecl/type_traits/traits.hpp
[6.060s] -- Installing: /home/locobot/LoCoBotRos/interbotix_ws/install/ecl_type_traits/lib/libecl_type_traits.so.1.2.1
[6.060s] -- Up-to-date: /home/locobot/LoCoBotRos/interbotix_ws/install/ecl_type_traits/lib/libecl_type_traits.so
[6.060s] -- Installing: /home/locobot/LoCoBotRos/interbotix_ws/install/ecl_type_traits/bin/ecl_detect_sizes
[6.061s] -- Set runtime path of "/home/locobot/LoCoBotRos/interbotix_ws/install/ecl_type_traits/bin/ecl_detect_sizes" to ""
[6.062s] Invoked command in '/home/locobot/LoCoBotRos/interbotix_ws/build/ecl_type_traits' returned '0': AMENT_PREFIX_PATH=/home/locobot/LoCoBotRos/interbotix_ws/install/ecl_mpl:/home/locobot/LoCoBotRos/interbotix_ws/install/ecl_config:${AMENT_PREFIX_PATH} CMAKE_PREFIX_PATH=/home/locobot/LoCoBotRos/interbotix_ws/install/ecl_mpl:/home/locobot/LoCoBotRos/interbotix_ws/install/ecl_config:/home/locobot/apriltag_ws/install/apriltag_ros:/opt/ros/humble PATH=/home/locobot/LoCoBotRos/interbotix_ws/install/ecl_config/bin:${PATH} /usr/bin/cmake --install /home/locobot/LoCoBotRos/interbotix_ws/build/ecl_type_traits
