[0.312s] Invoking command in '/home/locobot/LoCoBotRos/interbotix_ws/build/interbotix_common_sim': CMAKE_PREFIX_PATH=${CMAKE_PREFIX_PATH}:/opt/ros/humble /usr/bin/cmake /home/locobot/LoCoBotRos/interbotix_ws/src/interbotix_ros_toolboxes/interbotix_common_toolbox/interbotix_common_sim -DCMAKE_BUILD_TYPE=Release -DCMAKE_INSTALL_PREFIX=/home/locobot/LoCoBotRos/interbotix_ws/install/interbotix_common_sim
[0.379s] -- Found ament_cmake: 1.3.11 (/opt/ros/humble/share/ament_cmake/cmake)
[0.895s] -- Found ament_lint_auto: 0.12.12 (/opt/ros/humble/share/ament_lint_auto/cmake)
[1.089s] -- Configuring done
[1.114s] -- Generating done
[1.124s] -- Build files have been written to: /home/locobot/LoCoBotRos/interbotix_ws/build/interbotix_common_sim
[1.151s] Invoked command in '/home/locobot/LoCoBotRos/interbotix_ws/build/interbotix_common_sim' returned '0': CMAKE_PREFIX_PATH=${CMAKE_PREFIX_PATH}:/opt/ros/humble /usr/bin/cmake /home/locobot/LoCoBotRos/interbotix_ws/src/interbotix_ros_toolboxes/interbotix_common_toolbox/interbotix_common_sim -DCMAKE_BUILD_TYPE=Release -DCMAKE_INSTALL_PREFIX=/home/locobot/LoCoBotRos/interbotix_ws/install/interbotix_common_sim
[1.152s] Invoking command in '/home/locobot/LoCoBotRos/interbotix_ws/build/interbotix_common_sim': CMAKE_PREFIX_PATH=${CMAKE_PREFIX_PATH}:/opt/ros/humble /usr/bin/cmake --build /home/locobot/LoCoBotRos/interbotix_ws/build/interbotix_common_sim -- -j16 -l16
[2.450s] Invoked command in '/home/locobot/LoCoBotRos/interbotix_ws/build/interbotix_common_sim' returned '0': CMAKE_PREFIX_PATH=${CMAKE_PREFIX_PATH}:/opt/ros/humble /usr/bin/cmake --build /home/locobot/LoCoBotRos/interbotix_ws/build/interbotix_common_sim -- -j16 -l16
[2.455s] Invoking command in '/home/locobot/LoCoBotRos/interbotix_ws/build/interbotix_common_sim': CMAKE_PREFIX_PATH=${CMAKE_PREFIX_PATH}:/opt/ros/humble /usr/bin/cmake --install /home/locobot/LoCoBotRos/interbotix_ws/build/interbotix_common_sim
[2.561s] -- Install configuration: "Release"
[2.561s] -- Up-to-date: /home/locobot/LoCoBotRos/interbotix_ws/install/interbotix_common_sim/share/interbotix_common_sim/models
[2.561s] -- Up-to-date: /home/locobot/LoCoBotRos/interbotix_ws/install/interbotix_common_sim/share/interbotix_common_sim/models/VisionKit
[2.561s] -- Up-to-date: /home/locobot/LoCoBotRos/interbotix_ws/install/interbotix_common_sim/share/interbotix_common_sim/models/VisionKit/VisionKit.sdf
[2.561s] -- Up-to-date: /home/locobot/LoCoBotRos/interbotix_ws/install/interbotix_common_sim/share/interbotix_common_sim/models/VisionKit/model.config
[2.561s] -- Up-to-date: /home/locobot/LoCoBotRos/interbotix_ws/install/interbotix_common_sim/share/interbotix_common_sim/models/VisionKit/stand.stl
[2.561s] -- Up-to-date: /home/locobot/LoCoBotRos/interbotix_ws/install/interbotix_common_sim/share/interbotix_common_sim/models/RealSenseD415
[2.561s] -- Up-to-date: /home/locobot/LoCoBotRos/interbotix_ws/install/interbotix_common_sim/share/interbotix_common_sim/models/RealSenseD415/camera.stl
[2.561s] -- Up-to-date: /home/locobot/LoCoBotRos/interbotix_ws/install/interbotix_common_sim/share/interbotix_common_sim/models/RealSenseD415/RealSenseD415.sdf
[2.561s] -- Up-to-date: /home/locobot/LoCoBotRos/interbotix_ws/install/interbotix_common_sim/share/interbotix_common_sim/models/RealSenseD415/model.config
[2.561s] -- Up-to-date: /home/locobot/LoCoBotRos/interbotix_ws/install/interbotix_common_sim/share/interbotix_common_sim/models/TrossenRoboticsOfficeBuilding
[2.562s] -- Up-to-date: /home/locobot/LoCoBotRos/interbotix_ws/install/interbotix_common_sim/share/interbotix_common_sim/models/TrossenRoboticsOfficeBuilding/TrossenRoboticsOfficeBuilding.sdf
[2.562s] -- Up-to-date: /home/locobot/LoCoBotRos/interbotix_ws/install/interbotix_common_sim/share/interbotix_common_sim/models/TrossenRoboticsOfficeBuilding/model.config
[2.562s] -- Up-to-date: /home/locobot/LoCoBotRos/interbotix_ws/install/interbotix_common_sim/share/interbotix_common_sim/worlds
[2.562s] -- Up-to-date: /home/locobot/LoCoBotRos/interbotix_ws/install/interbotix_common_sim/share/interbotix_common_sim/worlds/vision_kit.world
[2.562s] -- Up-to-date: /home/locobot/LoCoBotRos/interbotix_ws/install/interbotix_common_sim/share/interbotix_common_sim/worlds/interbotix.world
[2.562s] -- Up-to-date: /home/locobot/LoCoBotRos/interbotix_ws/install/interbotix_common_sim/share/interbotix_common_sim/media
[2.562s] -- Up-to-date: /home/locobot/LoCoBotRos/interbotix_ws/install/interbotix_common_sim/share/interbotix_common_sim/media/materials
[2.562s] -- Up-to-date: /home/locobot/LoCoBotRos/interbotix_ws/install/interbotix_common_sim/share/interbotix_common_sim/media/materials/textures
[2.562s] -- Up-to-date: /home/locobot/LoCoBotRos/interbotix_ws/install/interbotix_common_sim/share/interbotix_common_sim/media/materials/textures/interbotix_black.png
[2.562s] -- Up-to-date: /home/locobot/LoCoBotRos/interbotix_ws/install/interbotix_common_sim/share/interbotix_common_sim/media/materials/scripts
[2.562s] -- Up-to-date: /home/locobot/LoCoBotRos/interbotix_ws/install/interbotix_common_sim/share/interbotix_common_sim/media/materials/scripts/interbotix_texture.gazebo
[2.562s] -- Up-to-date: /home/locobot/LoCoBotRos/interbotix_ws/install/interbotix_common_sim/share/interbotix_common_sim/media/materials/scripts/interbotix_black.material
[2.563s] -- Up-to-date: /home/locobot/LoCoBotRos/interbotix_ws/install/interbotix_common_sim/share/interbotix_common_sim/media/interbotix_black.png
[2.563s] -- Up-to-date: /home/locobot/LoCoBotRos/interbotix_ws/install/interbotix_common_sim/share/ament_index/resource_index/package_run_dependencies/interbotix_common_sim
[2.563s] -- Installing: /home/locobot/LoCoBotRos/interbotix_ws/install/interbotix_common_sim/share/ament_index/resource_index/parent_prefix_path/interbotix_common_sim
[2.563s] -- Up-to-date: /home/locobot/LoCoBotRos/interbotix_ws/install/interbotix_common_sim/share/interbotix_common_sim/environment/ament_prefix_path.sh
[2.563s] -- Installing: /home/locobot/LoCoBotRos/interbotix_ws/install/interbotix_common_sim/share/interbotix_common_sim/environment/ament_prefix_path.dsv
[2.563s] -- Up-to-date: /home/locobot/LoCoBotRos/interbotix_ws/install/interbotix_common_sim/share/interbotix_common_sim/environment/path.sh
[2.576s] -- Installing: /home/locobot/LoCoBotRos/interbotix_ws/install/interbotix_common_sim/share/interbotix_common_sim/environment/path.dsv
[2.576s] -- Up-to-date: /home/locobot/LoCoBotRos/interbotix_ws/install/interbotix_common_sim/share/interbotix_common_sim/local_setup.bash
[2.576s] -- Up-to-date: /home/locobot/LoCoBotRos/interbotix_ws/install/interbotix_common_sim/share/interbotix_common_sim/local_setup.sh
[2.577s] -- Up-to-date: /home/locobot/LoCoBotRos/interbotix_ws/install/interbotix_common_sim/share/interbotix_common_sim/local_setup.zsh
[2.577s] -- Installing: /home/locobot/LoCoBotRos/interbotix_ws/install/interbotix_common_sim/share/interbotix_common_sim/local_setup.dsv
[2.577s] -- Installing: /home/locobot/LoCoBotRos/interbotix_ws/install/interbotix_common_sim/share/interbotix_common_sim/package.dsv
[2.577s] -- Up-to-date: /home/locobot/LoCoBotRos/interbotix_ws/install/interbotix_common_sim/share/ament_index/resource_index/packages/interbotix_common_sim
[2.578s] -- Up-to-date: /home/locobot/LoCoBotRos/interbotix_ws/install/interbotix_common_sim/share/interbotix_common_sim/cmake/interbotix_common_simConfig.cmake
[2.578s] -- Up-to-date: /home/locobot/LoCoBotRos/interbotix_ws/install/interbotix_common_sim/share/interbotix_common_sim/cmake/interbotix_common_simConfig-version.cmake
[2.578s] -- Up-to-date: /home/locobot/LoCoBotRos/interbotix_ws/install/interbotix_common_sim/share/interbotix_common_sim/package.xml
[2.737s] Invoked command in '/home/locobot/LoCoBotRos/interbotix_ws/build/interbotix_common_sim' returned '0': CMAKE_PREFIX_PATH=${CMAKE_PREFIX_PATH}:/opt/ros/humble /usr/bin/cmake --install /home/locobot/LoCoBotRos/interbotix_ws/build/interbotix_common_sim
