[0.025s] Invoking command in '/home/locobot/LoCoBotRos/interbotix_ws/build/ecl_mpl': CMAKE_PREFIX_PATH=${CMAKE_PREFIX_PATH}:/home/locobot/LoCoBotRos/interbotix_ws/install/interbotix_xs_modules:/home/locobot/LoCoBotRos/interbotix_ws/install/interbotix_common_modules:/home/locobot/interbotix_ws/install/kobuki_description:/home/locobot/interbotix_ws/install/interbotix_xs_modules:/home/locobot/interbotix_ws/install/interbotix_common_sim:/home/locobot/interbotix_ws/install/interbotix_common_modules:/home/locobot/interbotix_ws/install/ecl_utilities:/home/locobot/interbotix_ws/install/ecl_math:/home/locobot/interbotix_ws/install/ecl_formatters:/home/locobot/interbotix_ws/install/ecl_converters:/home/locobot/interbotix_ws/install/ecl_concepts:/home/locobot/interbotix_ws/install/ecl_type_traits:/home/locobot/interbotix_ws/install/ecl_time_lite:/home/locobot/interbotix_ws/install/ecl_mpl:/home/locobot/interbotix_ws/install/ecl_exceptions:/home/locobot/interbotix_ws/install/ecl_errors:/home/locobot/interbotix_ws/install/ecl_eigen:/home/locobot/interbotix_ws/install/ecl_config:/home/locobot/interbotix_ws/install/ecl_command_line:/home/locobot/interbotix_ws/install/dynamixel_workbench_toolbox:/opt/ros/humble /usr/bin/cmake --build /home/locobot/LoCoBotRos/interbotix_ws/build/ecl_mpl -- -j16 -l16
[0.087s] [35m[1mConsolidate compiler generated dependencies of target gtest_main[0m
[0.087s] [35m[1mConsolidate compiler generated dependencies of target gtest[0m
[0.109s] [ 66%] Built target gtest
[0.109s] [ 66%] Built target gtest_main
[0.125s] [35m[1mConsolidate compiler generated dependencies of target test_enable_if[0m
[0.142s] [100%] Built target test_enable_if
[0.160s] Invoked command in '/home/locobot/LoCoBotRos/interbotix_ws/build/ecl_mpl' returned '0': CMAKE_PREFIX_PATH=${CMAKE_PREFIX_PATH}:/home/locobot/LoCoBotRos/interbotix_ws/install/interbotix_xs_modules:/home/locobot/LoCoBotRos/interbotix_ws/install/interbotix_common_modules:/home/locobot/interbotix_ws/install/kobuki_description:/home/locobot/interbotix_ws/install/interbotix_xs_modules:/home/locobot/interbotix_ws/install/interbotix_common_sim:/home/locobot/interbotix_ws/install/interbotix_common_modules:/home/locobot/interbotix_ws/install/ecl_utilities:/home/locobot/interbotix_ws/install/ecl_math:/home/locobot/interbotix_ws/install/ecl_formatters:/home/locobot/interbotix_ws/install/ecl_converters:/home/locobot/interbotix_ws/install/ecl_concepts:/home/locobot/interbotix_ws/install/ecl_type_traits:/home/locobot/interbotix_ws/install/ecl_time_lite:/home/locobot/interbotix_ws/install/ecl_mpl:/home/locobot/interbotix_ws/install/ecl_exceptions:/home/locobot/interbotix_ws/install/ecl_errors:/home/locobot/interbotix_ws/install/ecl_eigen:/home/locobot/interbotix_ws/install/ecl_config:/home/locobot/interbotix_ws/install/ecl_command_line:/home/locobot/interbotix_ws/install/dynamixel_workbench_toolbox:/opt/ros/humble /usr/bin/cmake --build /home/locobot/LoCoBotRos/interbotix_ws/build/ecl_mpl -- -j16 -l16
[0.162s] Invoking command in '/home/locobot/LoCoBotRos/interbotix_ws/build/ecl_mpl': CMAKE_PREFIX_PATH=${CMAKE_PREFIX_PATH}:/home/locobot/LoCoBotRos/interbotix_ws/install/interbotix_xs_modules:/home/locobot/LoCoBotRos/interbotix_ws/install/interbotix_common_modules:/home/locobot/interbotix_ws/install/kobuki_description:/home/locobot/interbotix_ws/install/interbotix_xs_modules:/home/locobot/interbotix_ws/install/interbotix_common_sim:/home/locobot/interbotix_ws/install/interbotix_common_modules:/home/locobot/interbotix_ws/install/ecl_utilities:/home/locobot/interbotix_ws/install/ecl_math:/home/locobot/interbotix_ws/install/ecl_formatters:/home/locobot/interbotix_ws/install/ecl_converters:/home/locobot/interbotix_ws/install/ecl_concepts:/home/locobot/interbotix_ws/install/ecl_type_traits:/home/locobot/interbotix_ws/install/ecl_time_lite:/home/locobot/interbotix_ws/install/ecl_mpl:/home/locobot/interbotix_ws/install/ecl_exceptions:/home/locobot/interbotix_ws/install/ecl_errors:/home/locobot/interbotix_ws/install/ecl_eigen:/home/locobot/interbotix_ws/install/ecl_config:/home/locobot/interbotix_ws/install/ecl_command_line:/home/locobot/interbotix_ws/install/dynamixel_workbench_toolbox:/opt/ros/humble /usr/bin/cmake --install /home/locobot/LoCoBotRos/interbotix_ws/build/ecl_mpl
[0.173s] -- Install configuration: "Debug"
[0.173s] -- Up-to-date: /home/locobot/LoCoBotRos/interbotix_ws/install/ecl_mpl/share/ament_index/resource_index/package_run_dependencies/ecl_mpl
[0.173s] -- Up-to-date: /home/locobot/LoCoBotRos/interbotix_ws/install/ecl_mpl/share/ament_index/resource_index/parent_prefix_path/ecl_mpl
[0.173s] -- Up-to-date: /home/locobot/LoCoBotRos/interbotix_ws/install/ecl_mpl/share/ecl_mpl/environment/ament_prefix_path.sh
[0.173s] -- Up-to-date: /home/locobot/LoCoBotRos/interbotix_ws/install/ecl_mpl/share/ecl_mpl/environment/ament_prefix_path.dsv
[0.173s] -- Up-to-date: /home/locobot/LoCoBotRos/interbotix_ws/install/ecl_mpl/share/ecl_mpl/environment/path.sh
[0.173s] -- Up-to-date: /home/locobot/LoCoBotRos/interbotix_ws/install/ecl_mpl/share/ecl_mpl/environment/path.dsv
[0.174s] -- Up-to-date: /home/locobot/LoCoBotRos/interbotix_ws/install/ecl_mpl/share/ecl_mpl/local_setup.bash
[0.174s] -- Up-to-date: /home/locobot/LoCoBotRos/interbotix_ws/install/ecl_mpl/share/ecl_mpl/local_setup.sh
[0.174s] -- Up-to-date: /home/locobot/LoCoBotRos/interbotix_ws/install/ecl_mpl/share/ecl_mpl/local_setup.zsh
[0.174s] -- Up-to-date: /home/locobot/LoCoBotRos/interbotix_ws/install/ecl_mpl/share/ecl_mpl/local_setup.dsv
[0.174s] -- Installing: /home/locobot/LoCoBotRos/interbotix_ws/install/ecl_mpl/share/ecl_mpl/package.dsv
[0.174s] -- Up-to-date: /home/locobot/LoCoBotRos/interbotix_ws/install/ecl_mpl/share/ament_index/resource_index/packages/ecl_mpl
[0.175s] -- Up-to-date: /home/locobot/LoCoBotRos/interbotix_ws/install/ecl_mpl/share/ecl_mpl/cmake/ecl_mplExport.cmake
[0.175s] -- Up-to-date: /home/locobot/LoCoBotRos/interbotix_ws/install/ecl_mpl/share/ecl_mpl/cmake/ament_cmake_export_targets-extras.cmake
[0.175s] -- Up-to-date: /home/locobot/LoCoBotRos/interbotix_ws/install/ecl_mpl/share/ecl_mpl/cmake/ament_cmake_export_include_directories-extras.cmake
[0.175s] -- Up-to-date: /home/locobot/LoCoBotRos/interbotix_ws/install/ecl_mpl/share/ecl_mpl/cmake/ecl_mplConfig.cmake
[0.175s] -- Up-to-date: /home/locobot/LoCoBotRos/interbotix_ws/install/ecl_mpl/share/ecl_mpl/cmake/ecl_mplConfig-version.cmake
[0.175s] -- Up-to-date: /home/locobot/LoCoBotRos/interbotix_ws/install/ecl_mpl/share/ecl_mpl/package.xml
[0.176s] -- Up-to-date: /home/locobot/LoCoBotRos/interbotix_ws/install/ecl_mpl/include/ecl/mpl.hpp
[0.176s] -- Up-to-date: /home/locobot/LoCoBotRos/interbotix_ws/install/ecl_mpl/include/ecl/mpl/bool.hpp
[0.176s] -- Up-to-date: /home/locobot/LoCoBotRos/interbotix_ws/install/ecl_mpl/include/ecl/mpl/converters.hpp
[0.176s] -- Up-to-date: /home/locobot/LoCoBotRos/interbotix_ws/install/ecl_mpl/include/ecl/mpl/enable_if.hpp
[0.176s] -- Up-to-date: /home/locobot/LoCoBotRos/interbotix_ws/install/ecl_mpl/include/ecl/mpl/failed_object.hpp
[0.176s] -- Up-to-date: /home/locobot/LoCoBotRos/interbotix_ws/install/ecl_mpl/include/ecl/mpl/if.hpp
[0.179s] Invoked command in '/home/locobot/LoCoBotRos/interbotix_ws/build/ecl_mpl' returned '0': CMAKE_PREFIX_PATH=${CMAKE_PREFIX_PATH}:/home/locobot/LoCoBotRos/interbotix_ws/install/interbotix_xs_modules:/home/locobot/LoCoBotRos/interbotix_ws/install/interbotix_common_modules:/home/locobot/interbotix_ws/install/kobuki_description:/home/locobot/interbotix_ws/install/interbotix_xs_modules:/home/locobot/interbotix_ws/install/interbotix_common_sim:/home/locobot/interbotix_ws/install/interbotix_common_modules:/home/locobot/interbotix_ws/install/ecl_utilities:/home/locobot/interbotix_ws/install/ecl_math:/home/locobot/interbotix_ws/install/ecl_formatters:/home/locobot/interbotix_ws/install/ecl_converters:/home/locobot/interbotix_ws/install/ecl_concepts:/home/locobot/interbotix_ws/install/ecl_type_traits:/home/locobot/interbotix_ws/install/ecl_time_lite:/home/locobot/interbotix_ws/install/ecl_mpl:/home/locobot/interbotix_ws/install/ecl_exceptions:/home/locobot/interbotix_ws/install/ecl_errors:/home/locobot/interbotix_ws/install/ecl_eigen:/home/locobot/interbotix_ws/install/ecl_config:/home/locobot/interbotix_ws/install/ecl_command_line:/home/locobot/interbotix_ws/install/dynamixel_workbench_toolbox:/opt/ros/humble /usr/bin/cmake --install /home/locobot/LoCoBotRos/interbotix_ws/build/ecl_mpl
