[0.046s] Invoking command in '/home/locobot/LoCoBotRos/interbotix_ws/build/moveit_ros_perception': AMENT_PREFIX_PATH=/home/locobot/LoCoBotRos/interbotix_ws/install/moveit_ros_planning:/home/locobot/LoCoBotRos/interbotix_ws/install/moveit_ros_occupancy_map_monitor:/home/locobot/LoCoBotRos/interbotix_ws/install/moveit_core:/home/locobot/LoCoBotRos/interbotix_ws/install/moveit_resources_panda_moveit_config:/home/locobot/LoCoBotRos/interbotix_ws/install/moveit_configs_utils:/home/locobot/LoCoBotRos/interbotix_ws/install/srdfdom:/home/locobot/LoCoBotRos/interbotix_ws/install/moveit_resources_pr2_description:/home/locobot/LoCoBotRos/interbotix_ws/install/moveit_resources_panda_description:/home/locobot/LoCoBotRos/interbotix_ws/install/moveit_common:/home/locobot/LoCoBotRos/interbotix_ws/install/launch_param_builder:${AMENT_PREFIX_PATH} CMAKE_PREFIX_PATH=/home/locobot/LoCoBotRos/interbotix_ws/install/moveit_ros_planning:/home/locobot/LoCoBotRos/interbotix_ws/install/moveit_ros_occupancy_map_monitor:/home/locobot/LoCoBotRos/interbotix_ws/install/moveit_core:/home/locobot/LoCoBotRos/interbotix_ws/install/moveit_resources_panda_moveit_config:/home/locobot/LoCoBotRos/interbotix_ws/install/srdfdom:/home/locobot/LoCoBotRos/interbotix_ws/install/moveit_resources_pr2_description:/home/locobot/LoCoBotRos/interbotix_ws/install/moveit_resources_panda_description:/home/locobot/LoCoBotRos/interbotix_ws/install/moveit_common:/home/locobot/apriltag_ws/install/apriltag_ros:/opt/ros/humble LD_LIBRARY_PATH=/home/locobot/LoCoBotRos/interbotix_ws/install/moveit_ros_planning/lib:/home/locobot/LoCoBotRos/interbotix_ws/install/moveit_ros_occupancy_map_monitor/lib:/home/locobot/LoCoBotRos/interbotix_ws/install/moveit_core/lib:/home/locobot/LoCoBotRos/interbotix_ws/install/srdfdom/lib:${LD_LIBRARY_PATH} PATH=/home/locobot/LoCoBotRos/interbotix_ws/install/moveit_core/bin:${PATH} PYTHONPATH=/home/locobot/LoCoBotRos/interbotix_ws/install/moveit_configs_utils/lib/python3.10/site-packages:/home/locobot/LoCoBotRos/interbotix_ws/install/srdfdom/local/lib/python3.10/dist-packages:/home/locobot/LoCoBotRos/interbotix_ws/install/launch_param_builder/lib/python3.10/site-packages:${PYTHONPATH} /usr/bin/cmake /home/locobot/LoCoBotRos/interbotix_ws/src/moveit2/moveit_ros/perception -DCMAKE_INSTALL_PREFIX=/home/locobot/LoCoBotRos/interbotix_ws/install/moveit_ros_perception
[0.061s] -- Found moveit_common: 2.5.9 (/home/locobot/LoCoBotRos/interbotix_ws/install/moveit_common/share/moveit_common/cmake)
[0.061s] -- Found ament_cmake: 1.3.11 (/opt/ros/humble/share/ament_cmake/cmake)
[0.347s] -- Checking for module 'glut'
[0.350s] --   No package 'glut' found
[0.352s] -- Found cv_bridge: 3.2.1 (/opt/ros/humble/share/cv_bridge/cmake)
[0.386s] -- Found rosidl_generator_c: 3.1.6 (/opt/ros/humble/share/rosidl_generator_c/cmake)
[0.388s] -- Found rosidl_adapter: 3.1.6 (/opt/ros/humble/share/rosidl_adapter/cmake)
[0.395s] -- Found rosidl_generator_cpp: 3.1.6 (/opt/ros/humble/share/rosidl_generator_cpp/cmake)
[0.406s] -- Using all available rosidl_typesupport_c: rosidl_typesupport_fastrtps_c;rosidl_typesupport_introspection_c
[0.422s] -- Using all available rosidl_typesupport_cpp: rosidl_typesupport_fastrtps_cpp;rosidl_typesupport_introspection_cpp
[0.494s] -- Found moveit_core: 2.5.9 (/home/locobot/LoCoBotRos/interbotix_ws/install/moveit_core/share/moveit_core/cmake)
[0.510s] -- Found Boost: /usr/lib/x86_64-linux-gnu/cmake/Boost-1.74.0/BoostConfig.cmake (found version "1.74.0") found components: chrono date_time filesystem iostreams program_options regex serialization system thread 
[0.553s] -- Found parameter_traits: 0.5.0 (/opt/ros/humble/share/parameter_traits/cmake)
[0.580s] -- Found rmw_implementation_cmake: 6.1.2 (/opt/ros/humble/share/rmw_implementation_cmake/cmake)
[0.582s] -- Found rmw_fastrtps_cpp: 6.2.7 (/opt/ros/humble/share/rmw_fastrtps_cpp/cmake)
[0.699s] -- Using RMW implementation 'rmw_fastrtps_cpp' as default
[0.739s] -- Found rclcpp_lifecycle: 16.0.12 (/opt/ros/humble/share/rclcpp_lifecycle/cmake)
[0.756s] -- Found Boost: /usr/lib/x86_64-linux-gnu/cmake/Boost-1.74.0/BoostConfig.cmake (found version "1.74.0") found components: filesystem 
[0.789s] -- library: /usr/lib/x86_64-linux-gnu/libcurl.so
[0.828s] -- Ensuring Eigen3 include directory is part of orocos-kdl CMake target
[1.031s] -- Found image_transport: 3.1.12 (/opt/ros/humble/share/image_transport/cmake)
[1.035s] -- Found moveit_ros_occupancy_map_monitor: 2.5.9 (/home/locobot/LoCoBotRos/interbotix_ws/install/moveit_ros_occupancy_map_monitor/share/moveit_ros_occupancy_map_monitor/cmake)
[1.062s] -- Found Boost: /usr/lib/x86_64-linux-gnu/cmake/Boost-1.74.0/BoostConfig.cmake (found version "1.74.0") found components: thread 
[1.119s] -- Found ament_lint_auto: 0.12.12 (/opt/ros/humble/share/ament_lint_auto/cmake)
[1.129s] -- Added test 'cppcheck' to perform static code analysis on C / C++ code
[1.129s] -- Configured cppcheck include dirs: /home/locobot/LoCoBotRos/interbotix_ws/src/moveit2/moveit_ros/perception/depth_image_octomap_updater/include;/home/locobot/LoCoBotRos/interbotix_ws/src/moveit2/moveit_ros/perception/lazy_free_space_updater/include;/home/locobot/LoCoBotRos/interbotix_ws/src/moveit2/moveit_ros/perception/mesh_filter/include;/home/locobot/LoCoBotRos/interbotix_ws/src/moveit2/moveit_ros/perception/point_containment_filter/include;/home/locobot/LoCoBotRos/interbotix_ws/src/moveit2/moveit_ros/perception/pointcloud_octomap_updater/include;/home/locobot/LoCoBotRos/interbotix_ws/src/moveit2/moveit_ros/perception/semantic_world/include
[1.129s] -- Configured cppcheck exclude dirs and/or files: 
[1.131s] -- Added test 'lint_cmake' to check CMake code style
[1.132s] -- Added test 'xmllint' to check XML markup files
[1.135s] -- Configuring done
[1.275s] -- Generating done
[1.322s] -- Build files have been written to: /home/locobot/LoCoBotRos/interbotix_ws/build/moveit_ros_perception
[1.354s] Invoked command in '/home/locobot/LoCoBotRos/interbotix_ws/build/moveit_ros_perception' returned '0': AMENT_PREFIX_PATH=/home/locobot/LoCoBotRos/interbotix_ws/install/moveit_ros_planning:/home/locobot/LoCoBotRos/interbotix_ws/install/moveit_ros_occupancy_map_monitor:/home/locobot/LoCoBotRos/interbotix_ws/install/moveit_core:/home/locobot/LoCoBotRos/interbotix_ws/install/moveit_resources_panda_moveit_config:/home/locobot/LoCoBotRos/interbotix_ws/install/moveit_configs_utils:/home/locobot/LoCoBotRos/interbotix_ws/install/srdfdom:/home/locobot/LoCoBotRos/interbotix_ws/install/moveit_resources_pr2_description:/home/locobot/LoCoBotRos/interbotix_ws/install/moveit_resources_panda_description:/home/locobot/LoCoBotRos/interbotix_ws/install/moveit_common:/home/locobot/LoCoBotRos/interbotix_ws/install/launch_param_builder:${AMENT_PREFIX_PATH} CMAKE_PREFIX_PATH=/home/locobot/LoCoBotRos/interbotix_ws/install/moveit_ros_planning:/home/locobot/LoCoBotRos/interbotix_ws/install/moveit_ros_occupancy_map_monitor:/home/locobot/LoCoBotRos/interbotix_ws/install/moveit_core:/home/locobot/LoCoBotRos/interbotix_ws/install/moveit_resources_panda_moveit_config:/home/locobot/LoCoBotRos/interbotix_ws/install/srdfdom:/home/locobot/LoCoBotRos/interbotix_ws/install/moveit_resources_pr2_description:/home/locobot/LoCoBotRos/interbotix_ws/install/moveit_resources_panda_description:/home/locobot/LoCoBotRos/interbotix_ws/install/moveit_common:/home/locobot/apriltag_ws/install/apriltag_ros:/opt/ros/humble LD_LIBRARY_PATH=/home/locobot/LoCoBotRos/interbotix_ws/install/moveit_ros_planning/lib:/home/locobot/LoCoBotRos/interbotix_ws/install/moveit_ros_occupancy_map_monitor/lib:/home/locobot/LoCoBotRos/interbotix_ws/install/moveit_core/lib:/home/locobot/LoCoBotRos/interbotix_ws/install/srdfdom/lib:${LD_LIBRARY_PATH} PATH=/home/locobot/LoCoBotRos/interbotix_ws/install/moveit_core/bin:${PATH} PYTHONPATH=/home/locobot/LoCoBotRos/interbotix_ws/install/moveit_configs_utils/lib/python3.10/site-packages:/home/locobot/LoCoBotRos/interbotix_ws/install/srdfdom/local/lib/python3.10/dist-packages:/home/locobot/LoCoBotRos/interbotix_ws/install/launch_param_builder/lib/python3.10/site-packages:${PYTHONPATH} /usr/bin/cmake /home/locobot/LoCoBotRos/interbotix_ws/src/moveit2/moveit_ros/perception -DCMAKE_INSTALL_PREFIX=/home/locobot/LoCoBotRos/interbotix_ws/install/moveit_ros_perception
[1.356s] Invoking command in '/home/locobot/LoCoBotRos/interbotix_ws/build/moveit_ros_perception': AMENT_PREFIX_PATH=/home/locobot/LoCoBotRos/interbotix_ws/install/moveit_ros_planning:/home/locobot/LoCoBotRos/interbotix_ws/install/moveit_ros_occupancy_map_monitor:/home/locobot/LoCoBotRos/interbotix_ws/install/moveit_core:/home/locobot/LoCoBotRos/interbotix_ws/install/moveit_resources_panda_moveit_config:/home/locobot/LoCoBotRos/interbotix_ws/install/moveit_configs_utils:/home/locobot/LoCoBotRos/interbotix_ws/install/srdfdom:/home/locobot/LoCoBotRos/interbotix_ws/install/moveit_resources_pr2_description:/home/locobot/LoCoBotRos/interbotix_ws/install/moveit_resources_panda_description:/home/locobot/LoCoBotRos/interbotix_ws/install/moveit_common:/home/locobot/LoCoBotRos/interbotix_ws/install/launch_param_builder:${AMENT_PREFIX_PATH} CMAKE_PREFIX_PATH=/home/locobot/LoCoBotRos/interbotix_ws/install/moveit_ros_planning:/home/locobot/LoCoBotRos/interbotix_ws/install/moveit_ros_occupancy_map_monitor:/home/locobot/LoCoBotRos/interbotix_ws/install/moveit_core:/home/locobot/LoCoBotRos/interbotix_ws/install/moveit_resources_panda_moveit_config:/home/locobot/LoCoBotRos/interbotix_ws/install/srdfdom:/home/locobot/LoCoBotRos/interbotix_ws/install/moveit_resources_pr2_description:/home/locobot/LoCoBotRos/interbotix_ws/install/moveit_resources_panda_description:/home/locobot/LoCoBotRos/interbotix_ws/install/moveit_common:/home/locobot/apriltag_ws/install/apriltag_ros:/opt/ros/humble LD_LIBRARY_PATH=/home/locobot/LoCoBotRos/interbotix_ws/install/moveit_ros_planning/lib:/home/locobot/LoCoBotRos/interbotix_ws/install/moveit_ros_occupancy_map_monitor/lib:/home/locobot/LoCoBotRos/interbotix_ws/install/moveit_core/lib:/home/locobot/LoCoBotRos/interbotix_ws/install/srdfdom/lib:${LD_LIBRARY_PATH} PATH=/home/locobot/LoCoBotRos/interbotix_ws/install/moveit_core/bin:${PATH} PYTHONPATH=/home/locobot/LoCoBotRos/interbotix_ws/install/moveit_configs_utils/lib/python3.10/site-packages:/home/locobot/LoCoBotRos/interbotix_ws/install/srdfdom/local/lib/python3.10/dist-packages:/home/locobot/LoCoBotRos/interbotix_ws/install/launch_param_builder/lib/python3.10/site-packages:${PYTHONPATH} /usr/bin/cmake --build /home/locobot/LoCoBotRos/interbotix_ws/build/moveit_ros_perception -- -j16 -l16
[1.404s] [35m[1mConsolidate compiler generated dependencies of target moveit_lazy_free_space_updater[0m
[1.404s] [35m[1mConsolidate compiler generated dependencies of target moveit_point_containment_filter[0m
[1.406s] [35m[1mConsolidate compiler generated dependencies of target moveit_semantic_world[0m
[1.407s] [35m[1mConsolidate compiler generated dependencies of target moveit_mesh_filter[0m
[1.428s] [ 10%] Built target moveit_lazy_free_space_updater
[1.430s] [ 20%] Built target moveit_point_containment_filter
[1.440s] [ 50%] Built target moveit_mesh_filter
[1.441s] [ 60%] Built target moveit_semantic_world
[1.452s] [35m[1mConsolidate compiler generated dependencies of target moveit_pointcloud_octomap_updater_core[0m
[1.458s] [35m[1mConsolidate compiler generated dependencies of target moveit_depth_image_octomap_updater_core[0m
[1.477s] [ 70%] Built target moveit_pointcloud_octomap_updater_core
[1.489s] [ 80%] Built target moveit_depth_image_octomap_updater_core
[1.493s] [35m[1mConsolidate compiler generated dependencies of target moveit_pointcloud_octomap_updater[0m
[1.500s] [35m[1mConsolidate compiler generated dependencies of target moveit_depth_image_octomap_updater[0m
[1.518s] [ 90%] Built target moveit_pointcloud_octomap_updater
[1.524s] [100%] Built target moveit_depth_image_octomap_updater
[1.537s] Invoked command in '/home/locobot/LoCoBotRos/interbotix_ws/build/moveit_ros_perception' returned '0': AMENT_PREFIX_PATH=/home/locobot/LoCoBotRos/interbotix_ws/install/moveit_ros_planning:/home/locobot/LoCoBotRos/interbotix_ws/install/moveit_ros_occupancy_map_monitor:/home/locobot/LoCoBotRos/interbotix_ws/install/moveit_core:/home/locobot/LoCoBotRos/interbotix_ws/install/moveit_resources_panda_moveit_config:/home/locobot/LoCoBotRos/interbotix_ws/install/moveit_configs_utils:/home/locobot/LoCoBotRos/interbotix_ws/install/srdfdom:/home/locobot/LoCoBotRos/interbotix_ws/install/moveit_resources_pr2_description:/home/locobot/LoCoBotRos/interbotix_ws/install/moveit_resources_panda_description:/home/locobot/LoCoBotRos/interbotix_ws/install/moveit_common:/home/locobot/LoCoBotRos/interbotix_ws/install/launch_param_builder:${AMENT_PREFIX_PATH} CMAKE_PREFIX_PATH=/home/locobot/LoCoBotRos/interbotix_ws/install/moveit_ros_planning:/home/locobot/LoCoBotRos/interbotix_ws/install/moveit_ros_occupancy_map_monitor:/home/locobot/LoCoBotRos/interbotix_ws/install/moveit_core:/home/locobot/LoCoBotRos/interbotix_ws/install/moveit_resources_panda_moveit_config:/home/locobot/LoCoBotRos/interbotix_ws/install/srdfdom:/home/locobot/LoCoBotRos/interbotix_ws/install/moveit_resources_pr2_description:/home/locobot/LoCoBotRos/interbotix_ws/install/moveit_resources_panda_description:/home/locobot/LoCoBotRos/interbotix_ws/install/moveit_common:/home/locobot/apriltag_ws/install/apriltag_ros:/opt/ros/humble LD_LIBRARY_PATH=/home/locobot/LoCoBotRos/interbotix_ws/install/moveit_ros_planning/lib:/home/locobot/LoCoBotRos/interbotix_ws/install/moveit_ros_occupancy_map_monitor/lib:/home/locobot/LoCoBotRos/interbotix_ws/install/moveit_core/lib:/home/locobot/LoCoBotRos/interbotix_ws/install/srdfdom/lib:${LD_LIBRARY_PATH} PATH=/home/locobot/LoCoBotRos/interbotix_ws/install/moveit_core/bin:${PATH} PYTHONPATH=/home/locobot/LoCoBotRos/interbotix_ws/install/moveit_configs_utils/lib/python3.10/site-packages:/home/locobot/LoCoBotRos/interbotix_ws/install/srdfdom/local/lib/python3.10/dist-packages:/home/locobot/LoCoBotRos/interbotix_ws/install/launch_param_builder/lib/python3.10/site-packages:${PYTHONPATH} /usr/bin/cmake --build /home/locobot/LoCoBotRos/interbotix_ws/build/moveit_ros_perception -- -j16 -l16
[1.541s] Invoking command in '/home/locobot/LoCoBotRos/interbotix_ws/build/moveit_ros_perception': AMENT_PREFIX_PATH=/home/locobot/LoCoBotRos/interbotix_ws/install/moveit_ros_planning:/home/locobot/LoCoBotRos/interbotix_ws/install/moveit_ros_occupancy_map_monitor:/home/locobot/LoCoBotRos/interbotix_ws/install/moveit_core:/home/locobot/LoCoBotRos/interbotix_ws/install/moveit_resources_panda_moveit_config:/home/locobot/LoCoBotRos/interbotix_ws/install/moveit_configs_utils:/home/locobot/LoCoBotRos/interbotix_ws/install/srdfdom:/home/locobot/LoCoBotRos/interbotix_ws/install/moveit_resources_pr2_description:/home/locobot/LoCoBotRos/interbotix_ws/install/moveit_resources_panda_description:/home/locobot/LoCoBotRos/interbotix_ws/install/moveit_common:/home/locobot/LoCoBotRos/interbotix_ws/install/launch_param_builder:${AMENT_PREFIX_PATH} CMAKE_PREFIX_PATH=/home/locobot/LoCoBotRos/interbotix_ws/install/moveit_ros_planning:/home/locobot/LoCoBotRos/interbotix_ws/install/moveit_ros_occupancy_map_monitor:/home/locobot/LoCoBotRos/interbotix_ws/install/moveit_core:/home/locobot/LoCoBotRos/interbotix_ws/install/moveit_resources_panda_moveit_config:/home/locobot/LoCoBotRos/interbotix_ws/install/srdfdom:/home/locobot/LoCoBotRos/interbotix_ws/install/moveit_resources_pr2_description:/home/locobot/LoCoBotRos/interbotix_ws/install/moveit_resources_panda_description:/home/locobot/LoCoBotRos/interbotix_ws/install/moveit_common:/home/locobot/apriltag_ws/install/apriltag_ros:/opt/ros/humble LD_LIBRARY_PATH=/home/locobot/LoCoBotRos/interbotix_ws/install/moveit_ros_planning/lib:/home/locobot/LoCoBotRos/interbotix_ws/install/moveit_ros_occupancy_map_monitor/lib:/home/locobot/LoCoBotRos/interbotix_ws/install/moveit_core/lib:/home/locobot/LoCoBotRos/interbotix_ws/install/srdfdom/lib:${LD_LIBRARY_PATH} PATH=/home/locobot/LoCoBotRos/interbotix_ws/install/moveit_core/bin:${PATH} PYTHONPATH=/home/locobot/LoCoBotRos/interbotix_ws/install/moveit_configs_utils/lib/python3.10/site-packages:/home/locobot/LoCoBotRos/interbotix_ws/install/srdfdom/local/lib/python3.10/dist-packages:/home/locobot/LoCoBotRos/interbotix_ws/install/launch_param_builder/lib/python3.10/site-packages:${PYTHONPATH} /usr/bin/cmake --install /home/locobot/LoCoBotRos/interbotix_ws/build/moveit_ros_perception
[1.549s] -- Install configuration: "Release"
[1.549s] -- Up-to-date: /home/locobot/LoCoBotRos/interbotix_ws/install/moveit_ros_perception/include
[1.549s] -- Up-to-date: /home/locobot/LoCoBotRos/interbotix_ws/install/moveit_ros_perception/include/moveit
[1.549s] -- Up-to-date: /home/locobot/LoCoBotRos/interbotix_ws/install/moveit_ros_perception/include/moveit/lazy_free_space_updater
[1.549s] -- Up-to-date: /home/locobot/LoCoBotRos/interbotix_ws/install/moveit_ros_perception/include/moveit/lazy_free_space_updater/lazy_free_space_updater.h
[1.549s] -- Up-to-date: /home/locobot/LoCoBotRos/interbotix_ws/install/moveit_ros_perception/include
[1.549s] -- Up-to-date: /home/locobot/LoCoBotRos/interbotix_ws/install/moveit_ros_perception/include/moveit
[1.549s] -- Up-to-date: /home/locobot/LoCoBotRos/interbotix_ws/install/moveit_ros_perception/include/moveit/point_containment_filter
[1.549s] -- Up-to-date: /home/locobot/LoCoBotRos/interbotix_ws/install/moveit_ros_perception/include/moveit/point_containment_filter/shape_mask.h
[1.549s] -- Up-to-date: /home/locobot/LoCoBotRos/interbotix_ws/install/moveit_ros_perception/include
[1.550s] -- Up-to-date: /home/locobot/LoCoBotRos/interbotix_ws/install/moveit_ros_perception/include/moveit
[1.550s] -- Up-to-date: /home/locobot/LoCoBotRos/interbotix_ws/install/moveit_ros_perception/include/moveit/pointcloud_octomap_updater
[1.550s] -- Up-to-date: /home/locobot/LoCoBotRos/interbotix_ws/install/moveit_ros_perception/include/moveit/pointcloud_octomap_updater/pointcloud_octomap_updater.h
[1.550s] -- Up-to-date: /home/locobot/LoCoBotRos/interbotix_ws/install/moveit_ros_perception/include
[1.550s] -- Up-to-date: /home/locobot/LoCoBotRos/interbotix_ws/install/moveit_ros_perception/include/moveit
[1.550s] -- Up-to-date: /home/locobot/LoCoBotRos/interbotix_ws/install/moveit_ros_perception/include/moveit/mesh_filter
[1.550s] -- Up-to-date: /home/locobot/LoCoBotRos/interbotix_ws/install/moveit_ros_perception/include/moveit/mesh_filter/mesh_filter_base.h
[1.550s] -- Up-to-date: /home/locobot/LoCoBotRos/interbotix_ws/install/moveit_ros_perception/include/moveit/mesh_filter/sensor_model.h
[1.550s] -- Up-to-date: /home/locobot/LoCoBotRos/interbotix_ws/install/moveit_ros_perception/include/moveit/mesh_filter/gl_renderer.h
[1.550s] -- Up-to-date: /home/locobot/LoCoBotRos/interbotix_ws/install/moveit_ros_perception/include/moveit/mesh_filter/stereo_camera_model.h
[1.550s] -- Up-to-date: /home/locobot/LoCoBotRos/interbotix_ws/install/moveit_ros_perception/include/moveit/mesh_filter/filter_job.h
[1.550s] -- Up-to-date: /home/locobot/LoCoBotRos/interbotix_ws/install/moveit_ros_perception/include/moveit/mesh_filter/depth_self_filter_nodelet.h
[1.550s] -- Up-to-date: /home/locobot/LoCoBotRos/interbotix_ws/install/moveit_ros_perception/include/moveit/mesh_filter/transform_provider.h
[1.550s] -- Up-to-date: /home/locobot/LoCoBotRos/interbotix_ws/install/moveit_ros_perception/include/moveit/mesh_filter/mesh_filter.h
[1.550s] -- Up-to-date: /home/locobot/LoCoBotRos/interbotix_ws/install/moveit_ros_perception/include/moveit/mesh_filter/gl_mesh.h
[1.550s] -- Up-to-date: /home/locobot/LoCoBotRos/interbotix_ws/install/moveit_ros_perception/include/moveit_mesh_filter_export.h
[1.551s] -- Up-to-date: /home/locobot/LoCoBotRos/interbotix_ws/install/moveit_ros_perception/include
[1.551s] -- Up-to-date: /home/locobot/LoCoBotRos/interbotix_ws/install/moveit_ros_perception/include/moveit
[1.551s] -- Up-to-date: /home/locobot/LoCoBotRos/interbotix_ws/install/moveit_ros_perception/include/moveit/depth_image_octomap_updater
[1.551s] -- Up-to-date: /home/locobot/LoCoBotRos/interbotix_ws/install/moveit_ros_perception/include/moveit/depth_image_octomap_updater/depth_image_octomap_updater.h
[1.551s] -- Up-to-date: /home/locobot/LoCoBotRos/interbotix_ws/install/moveit_ros_perception/include
[1.551s] -- Up-to-date: /home/locobot/LoCoBotRos/interbotix_ws/install/moveit_ros_perception/include/moveit
[1.551s] -- Up-to-date: /home/locobot/LoCoBotRos/interbotix_ws/install/moveit_ros_perception/include/moveit/semantic_world
[1.551s] -- Up-to-date: /home/locobot/LoCoBotRos/interbotix_ws/install/moveit_ros_perception/include/moveit/semantic_world/semantic_world.h
[1.551s] -- Up-to-date: /home/locobot/LoCoBotRos/interbotix_ws/install/moveit_ros_perception/lib/libmoveit_depth_image_octomap_updater.so.2.5.9
[1.551s] -- Up-to-date: /home/locobot/LoCoBotRos/interbotix_ws/install/moveit_ros_perception/lib/libmoveit_depth_image_octomap_updater.so
[1.553s] -- Up-to-date: /home/locobot/LoCoBotRos/interbotix_ws/install/moveit_ros_perception/lib/libmoveit_depth_image_octomap_updater_core.so.2.5.9
[1.553s] -- Up-to-date: /home/locobot/LoCoBotRos/interbotix_ws/install/moveit_ros_perception/lib/libmoveit_depth_image_octomap_updater_core.so
[1.553s] -- Up-to-date: /home/locobot/LoCoBotRos/interbotix_ws/install/moveit_ros_perception/lib/libmoveit_lazy_free_space_updater.so.2.5.9
[1.553s] -- Up-to-date: /home/locobot/LoCoBotRos/interbotix_ws/install/moveit_ros_perception/lib/libmoveit_lazy_free_space_updater.so
[1.554s] -- Up-to-date: /home/locobot/LoCoBotRos/interbotix_ws/install/moveit_ros_perception/lib/libmoveit_mesh_filter.so.2.5.9
[1.554s] -- Up-to-date: /home/locobot/LoCoBotRos/interbotix_ws/install/moveit_ros_perception/lib/libmoveit_mesh_filter.so
[1.555s] -- Up-to-date: /home/locobot/LoCoBotRos/interbotix_ws/install/moveit_ros_perception/lib/libmoveit_point_containment_filter.so.2.5.9
[1.555s] -- Up-to-date: /home/locobot/LoCoBotRos/interbotix_ws/install/moveit_ros_perception/lib/libmoveit_point_containment_filter.so
[1.555s] -- Up-to-date: /home/locobot/LoCoBotRos/interbotix_ws/install/moveit_ros_perception/lib/libmoveit_pointcloud_octomap_updater.so.2.5.9
[1.555s] -- Up-to-date: /home/locobot/LoCoBotRos/interbotix_ws/install/moveit_ros_perception/lib/libmoveit_pointcloud_octomap_updater.so
[1.556s] -- Up-to-date: /home/locobot/LoCoBotRos/interbotix_ws/install/moveit_ros_perception/lib/libmoveit_pointcloud_octomap_updater_core.so.2.5.9
[1.557s] -- Up-to-date: /home/locobot/LoCoBotRos/interbotix_ws/install/moveit_ros_perception/lib/libmoveit_pointcloud_octomap_updater_core.so
[1.557s] -- Up-to-date: /home/locobot/LoCoBotRos/interbotix_ws/install/moveit_ros_perception/lib/libmoveit_semantic_world.so.2.5.9
[1.557s] -- Up-to-date: /home/locobot/LoCoBotRos/interbotix_ws/install/moveit_ros_perception/lib/libmoveit_semantic_world.so
[1.557s] -- Up-to-date: /home/locobot/LoCoBotRos/interbotix_ws/install/moveit_ros_perception/share/moveit_ros_perception/environment/library_path.sh
[1.557s] -- Installing: /home/locobot/LoCoBotRos/interbotix_ws/install/moveit_ros_perception/share/moveit_ros_perception/environment/library_path.dsv
[1.557s] -- Up-to-date: /home/locobot/LoCoBotRos/interbotix_ws/install/moveit_ros_perception/share/moveit_ros_perception/pointcloud_octomap_updater_plugin_description.xml
[1.558s] -- Up-to-date: /home/locobot/LoCoBotRos/interbotix_ws/install/moveit_ros_perception/share/moveit_ros_perception/depth_image_octomap_updater_plugin_description.xml
[1.558s] -- Up-to-date: /home/locobot/LoCoBotRos/interbotix_ws/install/moveit_ros_perception/share/ament_index/resource_index/package_run_dependencies/moveit_ros_perception
[1.558s] -- Up-to-date: /home/locobot/LoCoBotRos/interbotix_ws/install/moveit_ros_perception/share/ament_index/resource_index/parent_prefix_path/moveit_ros_perception
[1.558s] -- Up-to-date: /home/locobot/LoCoBotRos/interbotix_ws/install/moveit_ros_perception/share/moveit_ros_perception/environment/ament_prefix_path.sh
[1.558s] -- Installing: /home/locobot/LoCoBotRos/interbotix_ws/install/moveit_ros_perception/share/moveit_ros_perception/environment/ament_prefix_path.dsv
[1.558s] -- Up-to-date: /home/locobot/LoCoBotRos/interbotix_ws/install/moveit_ros_perception/share/moveit_ros_perception/environment/path.sh
[1.558s] -- Installing: /home/locobot/LoCoBotRos/interbotix_ws/install/moveit_ros_perception/share/moveit_ros_perception/environment/path.dsv
[1.558s] -- Up-to-date: /home/locobot/LoCoBotRos/interbotix_ws/install/moveit_ros_perception/share/moveit_ros_perception/local_setup.bash
[1.558s] -- Up-to-date: /home/locobot/LoCoBotRos/interbotix_ws/install/moveit_ros_perception/share/moveit_ros_perception/local_setup.sh
[1.558s] -- Up-to-date: /home/locobot/LoCoBotRos/interbotix_ws/install/moveit_ros_perception/share/moveit_ros_perception/local_setup.zsh
[1.558s] -- Installing: /home/locobot/LoCoBotRos/interbotix_ws/install/moveit_ros_perception/share/moveit_ros_perception/local_setup.dsv
[1.558s] -- Installing: /home/locobot/LoCoBotRos/interbotix_ws/install/moveit_ros_perception/share/moveit_ros_perception/package.dsv
[1.559s] -- Up-to-date: /home/locobot/LoCoBotRos/interbotix_ws/install/moveit_ros_perception/share/ament_index/resource_index/packages/moveit_ros_perception
[1.559s] -- Up-to-date: /home/locobot/LoCoBotRos/interbotix_ws/install/moveit_ros_perception/share/ament_index/resource_index/moveit_ros_occupancy_map_monitor__pluginlib__plugin/moveit_ros_perception
[1.559s] -- Up-to-date: /home/locobot/LoCoBotRos/interbotix_ws/install/moveit_ros_perception/share/moveit_ros_perception/cmake/export_moveit_ros_perceptionExport.cmake
[1.559s] -- Up-to-date: /home/locobot/LoCoBotRos/interbotix_ws/install/moveit_ros_perception/share/moveit_ros_perception/cmake/export_moveit_ros_perceptionExport-release.cmake
[1.559s] -- Up-to-date: /home/locobot/LoCoBotRos/interbotix_ws/install/moveit_ros_perception/share/moveit_ros_perception/cmake/ConfigExtras.cmake
[1.560s] -- Up-to-date: /home/locobot/LoCoBotRos/interbotix_ws/install/moveit_ros_perception/share/moveit_ros_perception/cmake/ament_cmake_export_targets-extras.cmake
[1.560s] -- Up-to-date: /home/locobot/LoCoBotRos/interbotix_ws/install/moveit_ros_perception/share/moveit_ros_perception/cmake/ament_cmake_export_dependencies-extras.cmake
[1.560s] -- Up-to-date: /home/locobot/LoCoBotRos/interbotix_ws/install/moveit_ros_perception/share/moveit_ros_perception/cmake/moveit_ros_perceptionConfig.cmake
[1.560s] -- Up-to-date: /home/locobot/LoCoBotRos/interbotix_ws/install/moveit_ros_perception/share/moveit_ros_perception/cmake/moveit_ros_perceptionConfig-version.cmake
[1.560s] -- Up-to-date: /home/locobot/LoCoBotRos/interbotix_ws/install/moveit_ros_perception/share/moveit_ros_perception/package.xml
[1.576s] Invoked command in '/home/locobot/LoCoBotRos/interbotix_ws/build/moveit_ros_perception' returned '0': AMENT_PREFIX_PATH=/home/locobot/LoCoBotRos/interbotix_ws/install/moveit_ros_planning:/home/locobot/LoCoBotRos/interbotix_ws/install/moveit_ros_occupancy_map_monitor:/home/locobot/LoCoBotRos/interbotix_ws/install/moveit_core:/home/locobot/LoCoBotRos/interbotix_ws/install/moveit_resources_panda_moveit_config:/home/locobot/LoCoBotRos/interbotix_ws/install/moveit_configs_utils:/home/locobot/LoCoBotRos/interbotix_ws/install/srdfdom:/home/locobot/LoCoBotRos/interbotix_ws/install/moveit_resources_pr2_description:/home/locobot/LoCoBotRos/interbotix_ws/install/moveit_resources_panda_description:/home/locobot/LoCoBotRos/interbotix_ws/install/moveit_common:/home/locobot/LoCoBotRos/interbotix_ws/install/launch_param_builder:${AMENT_PREFIX_PATH} CMAKE_PREFIX_PATH=/home/locobot/LoCoBotRos/interbotix_ws/install/moveit_ros_planning:/home/locobot/LoCoBotRos/interbotix_ws/install/moveit_ros_occupancy_map_monitor:/home/locobot/LoCoBotRos/interbotix_ws/install/moveit_core:/home/locobot/LoCoBotRos/interbotix_ws/install/moveit_resources_panda_moveit_config:/home/locobot/LoCoBotRos/interbotix_ws/install/srdfdom:/home/locobot/LoCoBotRos/interbotix_ws/install/moveit_resources_pr2_description:/home/locobot/LoCoBotRos/interbotix_ws/install/moveit_resources_panda_description:/home/locobot/LoCoBotRos/interbotix_ws/install/moveit_common:/home/locobot/apriltag_ws/install/apriltag_ros:/opt/ros/humble LD_LIBRARY_PATH=/home/locobot/LoCoBotRos/interbotix_ws/install/moveit_ros_planning/lib:/home/locobot/LoCoBotRos/interbotix_ws/install/moveit_ros_occupancy_map_monitor/lib:/home/locobot/LoCoBotRos/interbotix_ws/install/moveit_core/lib:/home/locobot/LoCoBotRos/interbotix_ws/install/srdfdom/lib:${LD_LIBRARY_PATH} PATH=/home/locobot/LoCoBotRos/interbotix_ws/install/moveit_core/bin:${PATH} PYTHONPATH=/home/locobot/LoCoBotRos/interbotix_ws/install/moveit_configs_utils/lib/python3.10/site-packages:/home/locobot/LoCoBotRos/interbotix_ws/install/srdfdom/local/lib/python3.10/dist-packages:/home/locobot/LoCoBotRos/interbotix_ws/install/launch_param_builder/lib/python3.10/site-packages:${PYTHONPATH} /usr/bin/cmake --install /home/locobot/LoCoBotRos/interbotix_ws/build/moveit_ros_perception
