[0.070s] Invoking command in '/home/rowanfoxx/Documents/GitHub/LoCoBotRos/build/interbotix_xs_msgs': CMAKE_PREFIX_PATH=${CMAKE_PREFIX_PATH}:/home/rowanfoxx/ros2_jazzy/install/rqt_bag_plugins:/home/rowanfoxx/ros2_jazzy/install/rqt_bag:/home/rowanfoxx/ros2_jazzy/install/rosbag2_examples_py:/home/rowanfoxx/ros2_jazzy/install/launch_testing_examples:/home/rowanfoxx/ros2_jazzy/install/ros2bag:/home/rowanfoxx/ros2_jazzy/install/tracetools_test:/home/rowanfoxx/ros2_jazzy/install/tracetools_launch:/home/rowanfoxx/ros2_jazzy/install/topic_monitor:/home/rowanfoxx/ros2_jazzy/install/tf2_tools:/home/rowanfoxx/ros2_jazzy/install/examples_tf2_py:/home/rowanfoxx/ros2_jazzy/install/tf2_ros_py:/home/rowanfoxx/ros2_jazzy/install/examples_rclpy_pointcloud_publisher:/home/rowanfoxx/ros2_jazzy/install/sensor_msgs_py:/home/rowanfoxx/ros2_jazzy/install/quality_of_service_demo_py:/home/rowanfoxx/ros2_jazzy/install/camera_info_manager_py:/home/rowanfoxx/ros2_jazzy/install/rqt_plot:/home/rowanfoxx/ros2_jazzy/install/ros2doctor:/home/rowanfoxx/ros2_jazzy/install/lifecycle_py:/home/rowanfoxx/ros2_jazzy/install/examples_rclpy_minimal_subscriber:/home/rowanfoxx/ros2_jazzy/install/examples_rclpy_minimal_service:/home/rowanfoxx/ros2_jazzy/install/examples_rclpy_minimal_publisher:/home/rowanfoxx/ros2_jazzy/install/examples_rclpy_minimal_client:/home/rowanfoxx/ros2_jazzy/install/examples_rclpy_executors:/home/rowanfoxx/ros2_jazzy/install/demo_nodes_py:/home/rowanfoxx/ros2_jazzy/install/rqt:/home/rowanfoxx/ros2_jazzy/install/ros2component:/home/rowanfoxx/ros2_jazzy/install/sros2:/home/rowanfoxx/ros2_jazzy/install/rqt_topic:/home/rowanfoxx/ros2_jazzy/install/rqt_srv:/home/rowanfoxx/ros2_jazzy/install/rqt_shell:/home/rowanfoxx/ros2_jazzy/install/rqt_service_caller:/home/rowanfoxx/ros2_jazzy/install/rqt_reconfigure:/home/rowanfoxx/ros2_jazzy/install/rqt_py_console:/home/rowanfoxx/ros2_jazzy/install/rqt_publisher:/home/rowanfoxx/ros2_jazzy/install/rqt_action:/home/rowanfoxx/ros2_jazzy/install/rqt_msg:/home/rowanfoxx/ros2_jazzy/install/rqt_console:/home/rowanfoxx/ros2_jazzy/install/rqt_graph:/home/rowanfoxx/ros2_jazzy/install/rqt_gui_py:/home/rowanfoxx/ros2_jazzy/install/rqt_gui:/home/rowanfoxx/ros2_jazzy/install/ros2trace:/home/rowanfoxx/ros2_jazzy/install/ros2param:/home/rowanfoxx/ros2_jazzy/install/ros2lifecycle:/home/rowanfoxx/ros2_jazzy/install/ros2service:/home/rowanfoxx/ros2_jazzy/install/ros2topic:/home/rowanfoxx/ros2_jazzy/install/ros2test:/home/rowanfoxx/ros2_jazzy/install/ros2run:/home/rowanfoxx/ros2_jazzy/install/ros2launch:/home/rowanfoxx/ros2_jazzy/install/ros2pkg:/home/rowanfoxx/ros2_jazzy/install/ros2node:/home/rowanfoxx/ros2_jazzy/install/ros2multicast:/home/rowanfoxx/ros2_jazzy/install/ros2interface:/home/rowanfoxx/ros2_jazzy/install/ros2action:/home/rowanfoxx/ros2_jazzy/install/ros2cli:/home/rowanfoxx/ros2_jazzy/install/launch_testing_ros:/home/rowanfoxx/ros2_jazzy/install/launch_ros:/home/rowanfoxx/ros2_jazzy/install/examples_rclpy_minimal_action_server:/home/rowanfoxx/ros2_jazzy/install/examples_rclpy_minimal_action_client:/home/rowanfoxx/ros2_jazzy/install/examples_rclpy_guard_conditions:/home/rowanfoxx/ros2_jazzy/install/action_tutorials_py:/home/rowanfoxx/ros2_jazzy/install/ament_uncrustify:/home/rowanfoxx/ros2_jazzy/install/tracetools_trace:/home/rowanfoxx/ros2_jazzy/install/tracetools_read:/home/rowanfoxx/ros2_jazzy/install/test_tracetools_launch:/home/rowanfoxx/ros2_jazzy/install/test_ros2trace:/home/rowanfoxx/ros2_jazzy/install/test_launch_ros:/home/rowanfoxx/ros2_jazzy/install/rpyutils:/home/rowanfoxx/ros2_jazzy/install/rosidl_runtime_py:/home/rowanfoxx/ros2_jazzy/install/rosidl_pycommon:/home/rowanfoxx/ros2_jazzy/install/rosidl_cli:/home/rowanfoxx/ros2_jazzy/install/launch_pytest:/home/rowanfoxx/ros2_jazzy/install/launch_testing:/home/rowanfoxx/ros2_jazzy/install/launch_yaml:/home/rowanfoxx/ros2_jazzy/install/launch_xml:/home/rowanfoxx/ros2_jazzy/install/launch:/home/rowanfoxx/ros2_jazzy/install/osrf_pycommon:/home/rowanfoxx/ros2_jazzy/install/domain_coordinator:/home/rowanfoxx/ros2_jazzy/install/ament_xmllint:/home/rowanfoxx/ros2_jazzy/install/ament_pyflakes:/home/rowanfoxx/ros2_jazzy/install/ament_pycodestyle:/home/rowanfoxx/ros2_jazzy/install/ament_pep257:/home/rowanfoxx/ros2_jazzy/install/ament_pclint:/home/rowanfoxx/ros2_jazzy/install/ament_package:/home/rowanfoxx/ros2_jazzy/install/ament_mypy:/home/rowanfoxx/ros2_jazzy/install/ament_lint_cmake:/home/rowanfoxx/ros2_jazzy/install/ament_flake8:/home/rowanfoxx/ros2_jazzy/install/ament_copyright:/home/rowanfoxx/ros2_jazzy/install/ament_lint:/home/rowanfoxx/ros2_jazzy/install/ament_index_python:/home/rowanfoxx/ros2_jazzy/install/ament_cpplint:/home/rowanfoxx/ros2_jazzy/install/ament_cppcheck:/home/rowanfoxx/ros2_jazzy/install/ament_clang_tidy:/home/rowanfoxx/ros2_jazzy/install/ament_clang_format DEBUGINFOD_URLS=https://debuginfod.fedoraproject.org/ _=/usr/bin/env /usr/bin/cmake --build /home/rowanfoxx/Documents/GitHub/LoCoBotRos/build/interbotix_xs_msgs -- -j16 -l16
[0.418s] [  0%] Built target interbotix_xs_msgs__rosidl_generator_type_description
[0.418s] [  0%] Built target ament_cmake_python_copy_interbotix_xs_msgs
[0.418s] [  0%] Built target interbotix_xs_msgs__cpp
[0.418s] [ 27%] Built target interbotix_xs_msgs__rosidl_generator_c
[0.418s] [ 46%] Built target interbotix_xs_msgs__rosidl_typesupport_fastrtps_cpp
[0.418s] [ 46%] Built target interbotix_xs_msgs__rosidl_typesupport_introspection_cpp
[0.418s] [ 56%] Built target interbotix_xs_msgs__rosidl_typesupport_fastrtps_c
[0.418s] [ 68%] Built target interbotix_xs_msgs__rosidl_typesupport_c
[0.418s] [ 76%] Built target interbotix_xs_msgs__rosidl_typesupport_introspection_c
[0.418s] [ 86%] Built target interbotix_xs_msgs__rosidl_typesupport_cpp
[0.418s] [ 86%] Built target interbotix_xs_msgs
[0.418s] [ 87%] Built target interbotix_xs_msgs__py
[0.418s] [ 96%] Built target interbotix_xs_msgs__rosidl_generator_py
[0.418s] [ 97%] Built target interbotix_xs_msgs_s__rosidl_typesupport_fastrtps_c
[0.418s] [ 99%] Built target interbotix_xs_msgs_s__rosidl_typesupport_introspection_c
[0.418s] [100%] Built target interbotix_xs_msgs_s__rosidl_typesupport_c
[0.459s] running egg_info
[0.483s] writing interbotix_xs_msgs.egg-info/PKG-INFO
[0.483s] writing dependency_links to interbotix_xs_msgs.egg-info/dependency_links.txt
[0.483s] writing top-level names to interbotix_xs_msgs.egg-info/top_level.txt
[0.574s] reading manifest file 'interbotix_xs_msgs.egg-info/SOURCES.txt'
[0.574s] writing manifest file 'interbotix_xs_msgs.egg-info/SOURCES.txt'
[0.611s] [100%] Built target ament_cmake_python_build_interbotix_xs_msgs_egg
[0.622s] Invoked command in '/home/rowanfoxx/Documents/GitHub/LoCoBotRos/build/interbotix_xs_msgs' returned '0': CMAKE_PREFIX_PATH=${CMAKE_PREFIX_PATH}:/home/rowanfoxx/ros2_jazzy/install/rqt_bag_plugins:/home/rowanfoxx/ros2_jazzy/install/rqt_bag:/home/rowanfoxx/ros2_jazzy/install/rosbag2_examples_py:/home/rowanfoxx/ros2_jazzy/install/launch_testing_examples:/home/rowanfoxx/ros2_jazzy/install/ros2bag:/home/rowanfoxx/ros2_jazzy/install/tracetools_test:/home/rowanfoxx/ros2_jazzy/install/tracetools_launch:/home/rowanfoxx/ros2_jazzy/install/topic_monitor:/home/rowanfoxx/ros2_jazzy/install/tf2_tools:/home/rowanfoxx/ros2_jazzy/install/examples_tf2_py:/home/rowanfoxx/ros2_jazzy/install/tf2_ros_py:/home/rowanfoxx/ros2_jazzy/install/examples_rclpy_pointcloud_publisher:/home/rowanfoxx/ros2_jazzy/install/sensor_msgs_py:/home/rowanfoxx/ros2_jazzy/install/quality_of_service_demo_py:/home/rowanfoxx/ros2_jazzy/install/camera_info_manager_py:/home/rowanfoxx/ros2_jazzy/install/rqt_plot:/home/rowanfoxx/ros2_jazzy/install/ros2doctor:/home/rowanfoxx/ros2_jazzy/install/lifecycle_py:/home/rowanfoxx/ros2_jazzy/install/examples_rclpy_minimal_subscriber:/home/rowanfoxx/ros2_jazzy/install/examples_rclpy_minimal_service:/home/rowanfoxx/ros2_jazzy/install/examples_rclpy_minimal_publisher:/home/rowanfoxx/ros2_jazzy/install/examples_rclpy_minimal_client:/home/rowanfoxx/ros2_jazzy/install/examples_rclpy_executors:/home/rowanfoxx/ros2_jazzy/install/demo_nodes_py:/home/rowanfoxx/ros2_jazzy/install/rqt:/home/rowanfoxx/ros2_jazzy/install/ros2component:/home/rowanfoxx/ros2_jazzy/install/sros2:/home/rowanfoxx/ros2_jazzy/install/rqt_topic:/home/rowanfoxx/ros2_jazzy/install/rqt_srv:/home/rowanfoxx/ros2_jazzy/install/rqt_shell:/home/rowanfoxx/ros2_jazzy/install/rqt_service_caller:/home/rowanfoxx/ros2_jazzy/install/rqt_reconfigure:/home/rowanfoxx/ros2_jazzy/install/rqt_py_console:/home/rowanfoxx/ros2_jazzy/install/rqt_publisher:/home/rowanfoxx/ros2_jazzy/install/rqt_action:/home/rowanfoxx/ros2_jazzy/install/rqt_msg:/home/rowanfoxx/ros2_jazzy/install/rqt_console:/home/rowanfoxx/ros2_jazzy/install/rqt_graph:/home/rowanfoxx/ros2_jazzy/install/rqt_gui_py:/home/rowanfoxx/ros2_jazzy/install/rqt_gui:/home/rowanfoxx/ros2_jazzy/install/ros2trace:/home/rowanfoxx/ros2_jazzy/install/ros2param:/home/rowanfoxx/ros2_jazzy/install/ros2lifecycle:/home/rowanfoxx/ros2_jazzy/install/ros2service:/home/rowanfoxx/ros2_jazzy/install/ros2topic:/home/rowanfoxx/ros2_jazzy/install/ros2test:/home/rowanfoxx/ros2_jazzy/install/ros2run:/home/rowanfoxx/ros2_jazzy/install/ros2launch:/home/rowanfoxx/ros2_jazzy/install/ros2pkg:/home/rowanfoxx/ros2_jazzy/install/ros2node:/home/rowanfoxx/ros2_jazzy/install/ros2multicast:/home/rowanfoxx/ros2_jazzy/install/ros2interface:/home/rowanfoxx/ros2_jazzy/install/ros2action:/home/rowanfoxx/ros2_jazzy/install/ros2cli:/home/rowanfoxx/ros2_jazzy/install/launch_testing_ros:/home/rowanfoxx/ros2_jazzy/install/launch_ros:/home/rowanfoxx/ros2_jazzy/install/examples_rclpy_minimal_action_server:/home/rowanfoxx/ros2_jazzy/install/examples_rclpy_minimal_action_client:/home/rowanfoxx/ros2_jazzy/install/examples_rclpy_guard_conditions:/home/rowanfoxx/ros2_jazzy/install/action_tutorials_py:/home/rowanfoxx/ros2_jazzy/install/ament_uncrustify:/home/rowanfoxx/ros2_jazzy/install/tracetools_trace:/home/rowanfoxx/ros2_jazzy/install/tracetools_read:/home/rowanfoxx/ros2_jazzy/install/test_tracetools_launch:/home/rowanfoxx/ros2_jazzy/install/test_ros2trace:/home/rowanfoxx/ros2_jazzy/install/test_launch_ros:/home/rowanfoxx/ros2_jazzy/install/rpyutils:/home/rowanfoxx/ros2_jazzy/install/rosidl_runtime_py:/home/rowanfoxx/ros2_jazzy/install/rosidl_pycommon:/home/rowanfoxx/ros2_jazzy/install/rosidl_cli:/home/rowanfoxx/ros2_jazzy/install/launch_pytest:/home/rowanfoxx/ros2_jazzy/install/launch_testing:/home/rowanfoxx/ros2_jazzy/install/launch_yaml:/home/rowanfoxx/ros2_jazzy/install/launch_xml:/home/rowanfoxx/ros2_jazzy/install/launch:/home/rowanfoxx/ros2_jazzy/install/osrf_pycommon:/home/rowanfoxx/ros2_jazzy/install/domain_coordinator:/home/rowanfoxx/ros2_jazzy/install/ament_xmllint:/home/rowanfoxx/ros2_jazzy/install/ament_pyflakes:/home/rowanfoxx/ros2_jazzy/install/ament_pycodestyle:/home/rowanfoxx/ros2_jazzy/install/ament_pep257:/home/rowanfoxx/ros2_jazzy/install/ament_pclint:/home/rowanfoxx/ros2_jazzy/install/ament_package:/home/rowanfoxx/ros2_jazzy/install/ament_mypy:/home/rowanfoxx/ros2_jazzy/install/ament_lint_cmake:/home/rowanfoxx/ros2_jazzy/install/ament_flake8:/home/rowanfoxx/ros2_jazzy/install/ament_copyright:/home/rowanfoxx/ros2_jazzy/install/ament_lint:/home/rowanfoxx/ros2_jazzy/install/ament_index_python:/home/rowanfoxx/ros2_jazzy/install/ament_cpplint:/home/rowanfoxx/ros2_jazzy/install/ament_cppcheck:/home/rowanfoxx/ros2_jazzy/install/ament_clang_tidy:/home/rowanfoxx/ros2_jazzy/install/ament_clang_format DEBUGINFOD_URLS=https://debuginfod.fedoraproject.org/ _=/usr/bin/env /usr/bin/cmake --build /home/rowanfoxx/Documents/GitHub/LoCoBotRos/build/interbotix_xs_msgs -- -j16 -l16
[0.624s] Invoking command in '/home/rowanfoxx/Documents/GitHub/LoCoBotRos/build/interbotix_xs_msgs': CMAKE_PREFIX_PATH=${CMAKE_PREFIX_PATH}:/home/rowanfoxx/ros2_jazzy/install/rqt_bag_plugins:/home/rowanfoxx/ros2_jazzy/install/rqt_bag:/home/rowanfoxx/ros2_jazzy/install/rosbag2_examples_py:/home/rowanfoxx/ros2_jazzy/install/launch_testing_examples:/home/rowanfoxx/ros2_jazzy/install/ros2bag:/home/rowanfoxx/ros2_jazzy/install/tracetools_test:/home/rowanfoxx/ros2_jazzy/install/tracetools_launch:/home/rowanfoxx/ros2_jazzy/install/topic_monitor:/home/rowanfoxx/ros2_jazzy/install/tf2_tools:/home/rowanfoxx/ros2_jazzy/install/examples_tf2_py:/home/rowanfoxx/ros2_jazzy/install/tf2_ros_py:/home/rowanfoxx/ros2_jazzy/install/examples_rclpy_pointcloud_publisher:/home/rowanfoxx/ros2_jazzy/install/sensor_msgs_py:/home/rowanfoxx/ros2_jazzy/install/quality_of_service_demo_py:/home/rowanfoxx/ros2_jazzy/install/camera_info_manager_py:/home/rowanfoxx/ros2_jazzy/install/rqt_plot:/home/rowanfoxx/ros2_jazzy/install/ros2doctor:/home/rowanfoxx/ros2_jazzy/install/lifecycle_py:/home/rowanfoxx/ros2_jazzy/install/examples_rclpy_minimal_subscriber:/home/rowanfoxx/ros2_jazzy/install/examples_rclpy_minimal_service:/home/rowanfoxx/ros2_jazzy/install/examples_rclpy_minimal_publisher:/home/rowanfoxx/ros2_jazzy/install/examples_rclpy_minimal_client:/home/rowanfoxx/ros2_jazzy/install/examples_rclpy_executors:/home/rowanfoxx/ros2_jazzy/install/demo_nodes_py:/home/rowanfoxx/ros2_jazzy/install/rqt:/home/rowanfoxx/ros2_jazzy/install/ros2component:/home/rowanfoxx/ros2_jazzy/install/sros2:/home/rowanfoxx/ros2_jazzy/install/rqt_topic:/home/rowanfoxx/ros2_jazzy/install/rqt_srv:/home/rowanfoxx/ros2_jazzy/install/rqt_shell:/home/rowanfoxx/ros2_jazzy/install/rqt_service_caller:/home/rowanfoxx/ros2_jazzy/install/rqt_reconfigure:/home/rowanfoxx/ros2_jazzy/install/rqt_py_console:/home/rowanfoxx/ros2_jazzy/install/rqt_publisher:/home/rowanfoxx/ros2_jazzy/install/rqt_action:/home/rowanfoxx/ros2_jazzy/install/rqt_msg:/home/rowanfoxx/ros2_jazzy/install/rqt_console:/home/rowanfoxx/ros2_jazzy/install/rqt_graph:/home/rowanfoxx/ros2_jazzy/install/rqt_gui_py:/home/rowanfoxx/ros2_jazzy/install/rqt_gui:/home/rowanfoxx/ros2_jazzy/install/ros2trace:/home/rowanfoxx/ros2_jazzy/install/ros2param:/home/rowanfoxx/ros2_jazzy/install/ros2lifecycle:/home/rowanfoxx/ros2_jazzy/install/ros2service:/home/rowanfoxx/ros2_jazzy/install/ros2topic:/home/rowanfoxx/ros2_jazzy/install/ros2test:/home/rowanfoxx/ros2_jazzy/install/ros2run:/home/rowanfoxx/ros2_jazzy/install/ros2launch:/home/rowanfoxx/ros2_jazzy/install/ros2pkg:/home/rowanfoxx/ros2_jazzy/install/ros2node:/home/rowanfoxx/ros2_jazzy/install/ros2multicast:/home/rowanfoxx/ros2_jazzy/install/ros2interface:/home/rowanfoxx/ros2_jazzy/install/ros2action:/home/rowanfoxx/ros2_jazzy/install/ros2cli:/home/rowanfoxx/ros2_jazzy/install/launch_testing_ros:/home/rowanfoxx/ros2_jazzy/install/launch_ros:/home/rowanfoxx/ros2_jazzy/install/examples_rclpy_minimal_action_server:/home/rowanfoxx/ros2_jazzy/install/examples_rclpy_minimal_action_client:/home/rowanfoxx/ros2_jazzy/install/examples_rclpy_guard_conditions:/home/rowanfoxx/ros2_jazzy/install/action_tutorials_py:/home/rowanfoxx/ros2_jazzy/install/ament_uncrustify:/home/rowanfoxx/ros2_jazzy/install/tracetools_trace:/home/rowanfoxx/ros2_jazzy/install/tracetools_read:/home/rowanfoxx/ros2_jazzy/install/test_tracetools_launch:/home/rowanfoxx/ros2_jazzy/install/test_ros2trace:/home/rowanfoxx/ros2_jazzy/install/test_launch_ros:/home/rowanfoxx/ros2_jazzy/install/rpyutils:/home/rowanfoxx/ros2_jazzy/install/rosidl_runtime_py:/home/rowanfoxx/ros2_jazzy/install/rosidl_pycommon:/home/rowanfoxx/ros2_jazzy/install/rosidl_cli:/home/rowanfoxx/ros2_jazzy/install/launch_pytest:/home/rowanfoxx/ros2_jazzy/install/launch_testing:/home/rowanfoxx/ros2_jazzy/install/launch_yaml:/home/rowanfoxx/ros2_jazzy/install/launch_xml:/home/rowanfoxx/ros2_jazzy/install/launch:/home/rowanfoxx/ros2_jazzy/install/osrf_pycommon:/home/rowanfoxx/ros2_jazzy/install/domain_coordinator:/home/rowanfoxx/ros2_jazzy/install/ament_xmllint:/home/rowanfoxx/ros2_jazzy/install/ament_pyflakes:/home/rowanfoxx/ros2_jazzy/install/ament_pycodestyle:/home/rowanfoxx/ros2_jazzy/install/ament_pep257:/home/rowanfoxx/ros2_jazzy/install/ament_pclint:/home/rowanfoxx/ros2_jazzy/install/ament_package:/home/rowanfoxx/ros2_jazzy/install/ament_mypy:/home/rowanfoxx/ros2_jazzy/install/ament_lint_cmake:/home/rowanfoxx/ros2_jazzy/install/ament_flake8:/home/rowanfoxx/ros2_jazzy/install/ament_copyright:/home/rowanfoxx/ros2_jazzy/install/ament_lint:/home/rowanfoxx/ros2_jazzy/install/ament_index_python:/home/rowanfoxx/ros2_jazzy/install/ament_cpplint:/home/rowanfoxx/ros2_jazzy/install/ament_cppcheck:/home/rowanfoxx/ros2_jazzy/install/ament_clang_tidy:/home/rowanfoxx/ros2_jazzy/install/ament_clang_format DEBUGINFOD_URLS=https://debuginfod.fedoraproject.org/ _=/usr/bin/env /usr/bin/cmake --install /home/rowanfoxx/Documents/GitHub/LoCoBotRos/build/interbotix_xs_msgs
[0.635s] -- Install configuration: ""
[0.635s] -- Up-to-date: /home/rowanfoxx/Documents/GitHub/LoCoBotRos/install/interbotix_xs_msgs/share/ament_index/resource_index/rosidl_interfaces/interbotix_xs_msgs
[0.635s] -- Up-to-date: /home/rowanfoxx/Documents/GitHub/LoCoBotRos/install/interbotix_xs_msgs/share/interbotix_xs_msgs/msg/ArmJoy.json
[0.635s] -- Up-to-date: /home/rowanfoxx/Documents/GitHub/LoCoBotRos/install/interbotix_xs_msgs/share/interbotix_xs_msgs/msg/HexJoy.json
[0.635s] -- Up-to-date: /home/rowanfoxx/Documents/GitHub/LoCoBotRos/install/interbotix_xs_msgs/share/interbotix_xs_msgs/msg/JointGroupCommand.json
[0.635s] -- Up-to-date: /home/rowanfoxx/Documents/GitHub/LoCoBotRos/install/interbotix_xs_msgs/share/interbotix_xs_msgs/msg/JointSingleCommand.json
[0.636s] -- Up-to-date: /home/rowanfoxx/Documents/GitHub/LoCoBotRos/install/interbotix_xs_msgs/share/interbotix_xs_msgs/msg/JointTemps.json
[0.636s] -- Up-to-date: /home/rowanfoxx/Documents/GitHub/LoCoBotRos/install/interbotix_xs_msgs/share/interbotix_xs_msgs/msg/JointTrajectoryCommand.json
[0.636s] -- Up-to-date: /home/rowanfoxx/Documents/GitHub/LoCoBotRos/install/interbotix_xs_msgs/share/interbotix_xs_msgs/msg/LocobotJoy.json
[0.636s] -- Up-to-date: /home/rowanfoxx/Documents/GitHub/LoCoBotRos/install/interbotix_xs_msgs/share/interbotix_xs_msgs/msg/TurretJoy.json
[0.636s] -- Up-to-date: /home/rowanfoxx/Documents/GitHub/LoCoBotRos/install/interbotix_xs_msgs/share/interbotix_xs_msgs/srv/MotorGains.json
[0.636s] -- Up-to-date: /home/rowanfoxx/Documents/GitHub/LoCoBotRos/install/interbotix_xs_msgs/share/interbotix_xs_msgs/srv/OperatingModes.json
[0.636s] -- Up-to-date: /home/rowanfoxx/Documents/GitHub/LoCoBotRos/install/interbotix_xs_msgs/share/interbotix_xs_msgs/srv/Reboot.json
[0.636s] -- Up-to-date: /home/rowanfoxx/Documents/GitHub/LoCoBotRos/install/interbotix_xs_msgs/share/interbotix_xs_msgs/srv/RegisterValues.json
[0.636s] -- Up-to-date: /home/rowanfoxx/Documents/GitHub/LoCoBotRos/install/interbotix_xs_msgs/share/interbotix_xs_msgs/srv/RobotInfo.json
[0.636s] -- Up-to-date: /home/rowanfoxx/Documents/GitHub/LoCoBotRos/install/interbotix_xs_msgs/share/interbotix_xs_msgs/srv/TorqueEnable.json
[0.636s] -- Up-to-date: /home/rowanfoxx/Documents/GitHub/LoCoBotRos/install/interbotix_xs_msgs/include/interbotix_xs_msgs/interbotix_xs_msgs
[0.636s] -- Up-to-date: /home/rowanfoxx/Documents/GitHub/LoCoBotRos/install/interbotix_xs_msgs/include/interbotix_xs_msgs/interbotix_xs_msgs/msg
[0.636s] -- Up-to-date: /home/rowanfoxx/Documents/GitHub/LoCoBotRos/install/interbotix_xs_msgs/include/interbotix_xs_msgs/interbotix_xs_msgs/msg/rosidl_generator_c__visibility_control.h
[0.636s] -- Up-to-date: /home/rowanfoxx/Documents/GitHub/LoCoBotRos/install/interbotix_xs_msgs/include/interbotix_xs_msgs/interbotix_xs_msgs/msg/arm_joy.h
[0.636s] -- Up-to-date: /home/rowanfoxx/Documents/GitHub/LoCoBotRos/install/interbotix_xs_msgs/include/interbotix_xs_msgs/interbotix_xs_msgs/msg/detail
[0.636s] -- Up-to-date: /home/rowanfoxx/Documents/GitHub/LoCoBotRos/install/interbotix_xs_msgs/include/interbotix_xs_msgs/interbotix_xs_msgs/msg/detail/arm_joy__description.c
[0.637s] -- Up-to-date: /home/rowanfoxx/Documents/GitHub/LoCoBotRos/install/interbotix_xs_msgs/include/interbotix_xs_msgs/interbotix_xs_msgs/msg/detail/arm_joy__functions.c
[0.637s] -- Up-to-date: /home/rowanfoxx/Documents/GitHub/LoCoBotRos/install/interbotix_xs_msgs/include/interbotix_xs_msgs/interbotix_xs_msgs/msg/detail/arm_joy__functions.h
[0.637s] -- Up-to-date: /home/rowanfoxx/Documents/GitHub/LoCoBotRos/install/interbotix_xs_msgs/include/interbotix_xs_msgs/interbotix_xs_msgs/msg/detail/arm_joy__struct.h
[0.637s] -- Installing: /home/rowanfoxx/Documents/GitHub/LoCoBotRos/install/interbotix_xs_msgs/include/interbotix_xs_msgs/interbotix_xs_msgs/msg/detail/arm_joy__type_support.c
[0.637s] -- Up-to-date: /home/rowanfoxx/Documents/GitHub/LoCoBotRos/install/interbotix_xs_msgs/include/interbotix_xs_msgs/interbotix_xs_msgs/msg/detail/arm_joy__type_support.h
[0.637s] -- Up-to-date: /home/rowanfoxx/Documents/GitHub/LoCoBotRos/install/interbotix_xs_msgs/include/interbotix_xs_msgs/interbotix_xs_msgs/msg/detail/hex_joy__description.c
[0.637s] -- Up-to-date: /home/rowanfoxx/Documents/GitHub/LoCoBotRos/install/interbotix_xs_msgs/include/interbotix_xs_msgs/interbotix_xs_msgs/msg/detail/hex_joy__functions.c
[0.637s] -- Up-to-date: /home/rowanfoxx/Documents/GitHub/LoCoBotRos/install/interbotix_xs_msgs/include/interbotix_xs_msgs/interbotix_xs_msgs/msg/detail/hex_joy__functions.h
[0.637s] -- Up-to-date: /home/rowanfoxx/Documents/GitHub/LoCoBotRos/install/interbotix_xs_msgs/include/interbotix_xs_msgs/interbotix_xs_msgs/msg/detail/hex_joy__struct.h
[0.637s] -- Installing: /home/rowanfoxx/Documents/GitHub/LoCoBotRos/install/interbotix_xs_msgs/include/interbotix_xs_msgs/interbotix_xs_msgs/msg/detail/hex_joy__type_support.c
[0.637s] -- Up-to-date: /home/rowanfoxx/Documents/GitHub/LoCoBotRos/install/interbotix_xs_msgs/include/interbotix_xs_msgs/interbotix_xs_msgs/msg/detail/hex_joy__type_support.h
[0.637s] -- Up-to-date: /home/rowanfoxx/Documents/GitHub/LoCoBotRos/install/interbotix_xs_msgs/include/interbotix_xs_msgs/interbotix_xs_msgs/msg/detail/joint_group_command__description.c
[0.637s] -- Up-to-date: /home/rowanfoxx/Documents/GitHub/LoCoBotRos/install/interbotix_xs_msgs/include/interbotix_xs_msgs/interbotix_xs_msgs/msg/detail/joint_group_command__functions.c
[0.637s] -- Up-to-date: /home/rowanfoxx/Documents/GitHub/LoCoBotRos/install/interbotix_xs_msgs/include/interbotix_xs_msgs/interbotix_xs_msgs/msg/detail/joint_group_command__functions.h
[0.637s] -- Up-to-date: /home/rowanfoxx/Documents/GitHub/LoCoBotRos/install/interbotix_xs_msgs/include/interbotix_xs_msgs/interbotix_xs_msgs/msg/detail/joint_group_command__struct.h
[0.637s] -- Installing: /home/rowanfoxx/Documents/GitHub/LoCoBotRos/install/interbotix_xs_msgs/include/interbotix_xs_msgs/interbotix_xs_msgs/msg/detail/joint_group_command__type_support.c
[0.637s] -- Up-to-date: /home/rowanfoxx/Documents/GitHub/LoCoBotRos/install/interbotix_xs_msgs/include/interbotix_xs_msgs/interbotix_xs_msgs/msg/detail/joint_group_command__type_support.h
[0.637s] -- Up-to-date: /home/rowanfoxx/Documents/GitHub/LoCoBotRos/install/interbotix_xs_msgs/include/interbotix_xs_msgs/interbotix_xs_msgs/msg/detail/joint_single_command__description.c
[0.637s] -- Up-to-date: /home/rowanfoxx/Documents/GitHub/LoCoBotRos/install/interbotix_xs_msgs/include/interbotix_xs_msgs/interbotix_xs_msgs/msg/detail/joint_single_command__functions.c
[0.637s] -- Up-to-date: /home/rowanfoxx/Documents/GitHub/LoCoBotRos/install/interbotix_xs_msgs/include/interbotix_xs_msgs/interbotix_xs_msgs/msg/detail/joint_single_command__functions.h
[0.637s] -- Up-to-date: /home/rowanfoxx/Documents/GitHub/LoCoBotRos/install/interbotix_xs_msgs/include/interbotix_xs_msgs/interbotix_xs_msgs/msg/detail/joint_single_command__struct.h
[0.637s] -- Installing: /home/rowanfoxx/Documents/GitHub/LoCoBotRos/install/interbotix_xs_msgs/include/interbotix_xs_msgs/interbotix_xs_msgs/msg/detail/joint_single_command__type_support.c
[0.637s] -- Up-to-date: /home/rowanfoxx/Documents/GitHub/LoCoBotRos/install/interbotix_xs_msgs/include/interbotix_xs_msgs/interbotix_xs_msgs/msg/detail/joint_single_command__type_support.h
[0.637s] -- Up-to-date: /home/rowanfoxx/Documents/GitHub/LoCoBotRos/install/interbotix_xs_msgs/include/interbotix_xs_msgs/interbotix_xs_msgs/msg/detail/joint_temps__description.c
[0.637s] -- Up-to-date: /home/rowanfoxx/Documents/GitHub/LoCoBotRos/install/interbotix_xs_msgs/include/interbotix_xs_msgs/interbotix_xs_msgs/msg/detail/joint_temps__functions.c
[0.637s] -- Up-to-date: /home/rowanfoxx/Documents/GitHub/LoCoBotRos/install/interbotix_xs_msgs/include/interbotix_xs_msgs/interbotix_xs_msgs/msg/detail/joint_temps__functions.h
[0.637s] -- Up-to-date: /home/rowanfoxx/Documents/GitHub/LoCoBotRos/install/interbotix_xs_msgs/include/interbotix_xs_msgs/interbotix_xs_msgs/msg/detail/joint_temps__struct.h
[0.638s] -- Installing: /home/rowanfoxx/Documents/GitHub/LoCoBotRos/install/interbotix_xs_msgs/include/interbotix_xs_msgs/interbotix_xs_msgs/msg/detail/joint_temps__type_support.c
[0.638s] -- Up-to-date: /home/rowanfoxx/Documents/GitHub/LoCoBotRos/install/interbotix_xs_msgs/include/interbotix_xs_msgs/interbotix_xs_msgs/msg/detail/joint_temps__type_support.h
[0.638s] -- Up-to-date: /home/rowanfoxx/Documents/GitHub/LoCoBotRos/install/interbotix_xs_msgs/include/interbotix_xs_msgs/interbotix_xs_msgs/msg/detail/joint_trajectory_command__description.c
[0.638s] -- Up-to-date: /home/rowanfoxx/Documents/GitHub/LoCoBotRos/install/interbotix_xs_msgs/include/interbotix_xs_msgs/interbotix_xs_msgs/msg/detail/joint_trajectory_command__functions.c
[0.638s] -- Up-to-date: /home/rowanfoxx/Documents/GitHub/LoCoBotRos/install/interbotix_xs_msgs/include/interbotix_xs_msgs/interbotix_xs_msgs/msg/detail/joint_trajectory_command__functions.h
[0.638s] -- Up-to-date: /home/rowanfoxx/Documents/GitHub/LoCoBotRos/install/interbotix_xs_msgs/include/interbotix_xs_msgs/interbotix_xs_msgs/msg/detail/joint_trajectory_command__struct.h
[0.638s] -- Installing: /home/rowanfoxx/Documents/GitHub/LoCoBotRos/install/interbotix_xs_msgs/include/interbotix_xs_msgs/interbotix_xs_msgs/msg/detail/joint_trajectory_command__type_support.c
[0.638s] -- Up-to-date: /home/rowanfoxx/Documents/GitHub/LoCoBotRos/install/interbotix_xs_msgs/include/interbotix_xs_msgs/interbotix_xs_msgs/msg/detail/joint_trajectory_command__type_support.h
[0.638s] -- Up-to-date: /home/rowanfoxx/Documents/GitHub/LoCoBotRos/install/interbotix_xs_msgs/include/interbotix_xs_msgs/interbotix_xs_msgs/msg/detail/locobot_joy__description.c
[0.638s] -- Up-to-date: /home/rowanfoxx/Documents/GitHub/LoCoBotRos/install/interbotix_xs_msgs/include/interbotix_xs_msgs/interbotix_xs_msgs/msg/detail/locobot_joy__functions.c
[0.638s] -- Up-to-date: /home/rowanfoxx/Documents/GitHub/LoCoBotRos/install/interbotix_xs_msgs/include/interbotix_xs_msgs/interbotix_xs_msgs/msg/detail/locobot_joy__functions.h
[0.638s] -- Up-to-date: /home/rowanfoxx/Documents/GitHub/LoCoBotRos/install/interbotix_xs_msgs/include/interbotix_xs_msgs/interbotix_xs_msgs/msg/detail/locobot_joy__struct.h
[0.638s] -- Installing: /home/rowanfoxx/Documents/GitHub/LoCoBotRos/install/interbotix_xs_msgs/include/interbotix_xs_msgs/interbotix_xs_msgs/msg/detail/locobot_joy__type_support.c
[0.638s] -- Up-to-date: /home/rowanfoxx/Documents/GitHub/LoCoBotRos/install/interbotix_xs_msgs/include/interbotix_xs_msgs/interbotix_xs_msgs/msg/detail/locobot_joy__type_support.h
[0.638s] -- Up-to-date: /home/rowanfoxx/Documents/GitHub/LoCoBotRos/install/interbotix_xs_msgs/include/interbotix_xs_msgs/interbotix_xs_msgs/msg/detail/turret_joy__description.c
[0.638s] -- Up-to-date: /home/rowanfoxx/Documents/GitHub/LoCoBotRos/install/interbotix_xs_msgs/include/interbotix_xs_msgs/interbotix_xs_msgs/msg/detail/turret_joy__functions.c
[0.638s] -- Up-to-date: /home/rowanfoxx/Documents/GitHub/LoCoBotRos/install/interbotix_xs_msgs/include/interbotix_xs_msgs/interbotix_xs_msgs/msg/detail/turret_joy__functions.h
[0.638s] -- Up-to-date: /home/rowanfoxx/Documents/GitHub/LoCoBotRos/install/interbotix_xs_msgs/include/interbotix_xs_msgs/interbotix_xs_msgs/msg/detail/turret_joy__struct.h
[0.638s] -- Installing: /home/rowanfoxx/Documents/GitHub/LoCoBotRos/install/interbotix_xs_msgs/include/interbotix_xs_msgs/interbotix_xs_msgs/msg/detail/turret_joy__type_support.c
[0.638s] -- Up-to-date: /home/rowanfoxx/Documents/GitHub/LoCoBotRos/install/interbotix_xs_msgs/include/interbotix_xs_msgs/interbotix_xs_msgs/msg/detail/turret_joy__type_support.h
[0.638s] -- Up-to-date: /home/rowanfoxx/Documents/GitHub/LoCoBotRos/install/interbotix_xs_msgs/include/interbotix_xs_msgs/interbotix_xs_msgs/msg/hex_joy.h
[0.638s] -- Up-to-date: /home/rowanfoxx/Documents/GitHub/LoCoBotRos/install/interbotix_xs_msgs/include/interbotix_xs_msgs/interbotix_xs_msgs/msg/joint_group_command.h
[0.638s] -- Up-to-date: /home/rowanfoxx/Documents/GitHub/LoCoBotRos/install/interbotix_xs_msgs/include/interbotix_xs_msgs/interbotix_xs_msgs/msg/joint_single_command.h
[0.638s] -- Up-to-date: /home/rowanfoxx/Documents/GitHub/LoCoBotRos/install/interbotix_xs_msgs/include/interbotix_xs_msgs/interbotix_xs_msgs/msg/joint_temps.h
[0.639s] -- Up-to-date: /home/rowanfoxx/Documents/GitHub/LoCoBotRos/install/interbotix_xs_msgs/include/interbotix_xs_msgs/interbotix_xs_msgs/msg/joint_trajectory_command.h
[0.639s] -- Up-to-date: /home/rowanfoxx/Documents/GitHub/LoCoBotRos/install/interbotix_xs_msgs/include/interbotix_xs_msgs/interbotix_xs_msgs/msg/locobot_joy.h
[0.639s] -- Up-to-date: /home/rowanfoxx/Documents/GitHub/LoCoBotRos/install/interbotix_xs_msgs/include/interbotix_xs_msgs/interbotix_xs_msgs/msg/turret_joy.h
[0.639s] -- Up-to-date: /home/rowanfoxx/Documents/GitHub/LoCoBotRos/install/interbotix_xs_msgs/include/interbotix_xs_msgs/interbotix_xs_msgs/srv
[0.639s] -- Up-to-date: /home/rowanfoxx/Documents/GitHub/LoCoBotRos/install/interbotix_xs_msgs/include/interbotix_xs_msgs/interbotix_xs_msgs/srv/motor_gains.h
[0.639s] -- Up-to-date: /home/rowanfoxx/Documents/GitHub/LoCoBotRos/install/interbotix_xs_msgs/include/interbotix_xs_msgs/interbotix_xs_msgs/srv/detail
[0.639s] -- Up-to-date: /home/rowanfoxx/Documents/GitHub/LoCoBotRos/install/interbotix_xs_msgs/include/interbotix_xs_msgs/interbotix_xs_msgs/srv/detail/motor_gains__description.c
[0.639s] -- Up-to-date: /home/rowanfoxx/Documents/GitHub/LoCoBotRos/install/interbotix_xs_msgs/include/interbotix_xs_msgs/interbotix_xs_msgs/srv/detail/motor_gains__functions.c
[0.639s] -- Up-to-date: /home/rowanfoxx/Documents/GitHub/LoCoBotRos/install/interbotix_xs_msgs/include/interbotix_xs_msgs/interbotix_xs_msgs/srv/detail/motor_gains__functions.h
[0.639s] -- Up-to-date: /home/rowanfoxx/Documents/GitHub/LoCoBotRos/install/interbotix_xs_msgs/include/interbotix_xs_msgs/interbotix_xs_msgs/srv/detail/motor_gains__struct.h
[0.639s] -- Installing: /home/rowanfoxx/Documents/GitHub/LoCoBotRos/install/interbotix_xs_msgs/include/interbotix_xs_msgs/interbotix_xs_msgs/srv/detail/motor_gains__type_support.c
[0.639s] -- Up-to-date: /home/rowanfoxx/Documents/GitHub/LoCoBotRos/install/interbotix_xs_msgs/include/interbotix_xs_msgs/interbotix_xs_msgs/srv/detail/motor_gains__type_support.h
[0.639s] -- Up-to-date: /home/rowanfoxx/Documents/GitHub/LoCoBotRos/install/interbotix_xs_msgs/include/interbotix_xs_msgs/interbotix_xs_msgs/srv/detail/operating_modes__description.c
[0.639s] -- Up-to-date: /home/rowanfoxx/Documents/GitHub/LoCoBotRos/install/interbotix_xs_msgs/include/interbotix_xs_msgs/interbotix_xs_msgs/srv/detail/operating_modes__functions.c
[0.639s] -- Up-to-date: /home/rowanfoxx/Documents/GitHub/LoCoBotRos/install/interbotix_xs_msgs/include/interbotix_xs_msgs/interbotix_xs_msgs/srv/detail/operating_modes__functions.h
[0.639s] -- Up-to-date: /home/rowanfoxx/Documents/GitHub/LoCoBotRos/install/interbotix_xs_msgs/include/interbotix_xs_msgs/interbotix_xs_msgs/srv/detail/operating_modes__struct.h
[0.639s] -- Installing: /home/rowanfoxx/Documents/GitHub/LoCoBotRos/install/interbotix_xs_msgs/include/interbotix_xs_msgs/interbotix_xs_msgs/srv/detail/operating_modes__type_support.c
[0.639s] -- Up-to-date: /home/rowanfoxx/Documents/GitHub/LoCoBotRos/install/interbotix_xs_msgs/include/interbotix_xs_msgs/interbotix_xs_msgs/srv/detail/operating_modes__type_support.h
[0.639s] -- Up-to-date: /home/rowanfoxx/Documents/GitHub/LoCoBotRos/install/interbotix_xs_msgs/include/interbotix_xs_msgs/interbotix_xs_msgs/srv/detail/reboot__description.c
[0.639s] -- Up-to-date: /home/rowanfoxx/Documents/GitHub/LoCoBotRos/install/interbotix_xs_msgs/include/interbotix_xs_msgs/interbotix_xs_msgs/srv/detail/reboot__functions.c
[0.640s] -- Up-to-date: /home/rowanfoxx/Documents/GitHub/LoCoBotRos/install/interbotix_xs_msgs/include/interbotix_xs_msgs/interbotix_xs_msgs/srv/detail/reboot__functions.h
[0.640s] -- Up-to-date: /home/rowanfoxx/Documents/GitHub/LoCoBotRos/install/interbotix_xs_msgs/include/interbotix_xs_msgs/interbotix_xs_msgs/srv/detail/reboot__struct.h
[0.640s] -- Installing: /home/rowanfoxx/Documents/GitHub/LoCoBotRos/install/interbotix_xs_msgs/include/interbotix_xs_msgs/interbotix_xs_msgs/srv/detail/reboot__type_support.c
[0.640s] -- Up-to-date: /home/rowanfoxx/Documents/GitHub/LoCoBotRos/install/interbotix_xs_msgs/include/interbotix_xs_msgs/interbotix_xs_msgs/srv/detail/reboot__type_support.h
[0.640s] -- Up-to-date: /home/rowanfoxx/Documents/GitHub/LoCoBotRos/install/interbotix_xs_msgs/include/interbotix_xs_msgs/interbotix_xs_msgs/srv/detail/register_values__description.c
[0.640s] -- Up-to-date: /home/rowanfoxx/Documents/GitHub/LoCoBotRos/install/interbotix_xs_msgs/include/interbotix_xs_msgs/interbotix_xs_msgs/srv/detail/register_values__functions.c
[0.640s] -- Up-to-date: /home/rowanfoxx/Documents/GitHub/LoCoBotRos/install/interbotix_xs_msgs/include/interbotix_xs_msgs/interbotix_xs_msgs/srv/detail/register_values__functions.h
[0.640s] -- Up-to-date: /home/rowanfoxx/Documents/GitHub/LoCoBotRos/install/interbotix_xs_msgs/include/interbotix_xs_msgs/interbotix_xs_msgs/srv/detail/register_values__struct.h
[0.640s] -- Installing: /home/rowanfoxx/Documents/GitHub/LoCoBotRos/install/interbotix_xs_msgs/include/interbotix_xs_msgs/interbotix_xs_msgs/srv/detail/register_values__type_support.c
[0.640s] -- Up-to-date: /home/rowanfoxx/Documents/GitHub/LoCoBotRos/install/interbotix_xs_msgs/include/interbotix_xs_msgs/interbotix_xs_msgs/srv/detail/register_values__type_support.h
[0.640s] -- Up-to-date: /home/rowanfoxx/Documents/GitHub/LoCoBotRos/install/interbotix_xs_msgs/include/interbotix_xs_msgs/interbotix_xs_msgs/srv/detail/robot_info__description.c
[0.640s] -- Up-to-date: /home/rowanfoxx/Documents/GitHub/LoCoBotRos/install/interbotix_xs_msgs/include/interbotix_xs_msgs/interbotix_xs_msgs/srv/detail/robot_info__functions.c
[0.640s] -- Up-to-date: /home/rowanfoxx/Documents/GitHub/LoCoBotRos/install/interbotix_xs_msgs/include/interbotix_xs_msgs/interbotix_xs_msgs/srv/detail/robot_info__functions.h
[0.640s] -- Up-to-date: /home/rowanfoxx/Documents/GitHub/LoCoBotRos/install/interbotix_xs_msgs/include/interbotix_xs_msgs/interbotix_xs_msgs/srv/detail/robot_info__struct.h
[0.640s] -- Installing: /home/rowanfoxx/Documents/GitHub/LoCoBotRos/install/interbotix_xs_msgs/include/interbotix_xs_msgs/interbotix_xs_msgs/srv/detail/robot_info__type_support.c
[0.640s] -- Up-to-date: /home/rowanfoxx/Documents/GitHub/LoCoBotRos/install/interbotix_xs_msgs/include/interbotix_xs_msgs/interbotix_xs_msgs/srv/detail/robot_info__type_support.h
[0.640s] -- Up-to-date: /home/rowanfoxx/Documents/GitHub/LoCoBotRos/install/interbotix_xs_msgs/include/interbotix_xs_msgs/interbotix_xs_msgs/srv/detail/torque_enable__description.c
[0.640s] -- Up-to-date: /home/rowanfoxx/Documents/GitHub/LoCoBotRos/install/interbotix_xs_msgs/include/interbotix_xs_msgs/interbotix_xs_msgs/srv/detail/torque_enable__functions.c
[0.640s] -- Up-to-date: /home/rowanfoxx/Documents/GitHub/LoCoBotRos/install/interbotix_xs_msgs/include/interbotix_xs_msgs/interbotix_xs_msgs/srv/detail/torque_enable__functions.h
[0.640s] -- Up-to-date: /home/rowanfoxx/Documents/GitHub/LoCoBotRos/install/interbotix_xs_msgs/include/interbotix_xs_msgs/interbotix_xs_msgs/srv/detail/torque_enable__struct.h
[0.640s] -- Installing: /home/rowanfoxx/Documents/GitHub/LoCoBotRos/install/interbotix_xs_msgs/include/interbotix_xs_msgs/interbotix_xs_msgs/srv/detail/torque_enable__type_support.c
[0.640s] -- Up-to-date: /home/rowanfoxx/Documents/GitHub/LoCoBotRos/install/interbotix_xs_msgs/include/interbotix_xs_msgs/interbotix_xs_msgs/srv/detail/torque_enable__type_support.h
[0.640s] -- Up-to-date: /home/rowanfoxx/Documents/GitHub/LoCoBotRos/install/interbotix_xs_msgs/include/interbotix_xs_msgs/interbotix_xs_msgs/srv/operating_modes.h
[0.640s] -- Up-to-date: /home/rowanfoxx/Documents/GitHub/LoCoBotRos/install/interbotix_xs_msgs/include/interbotix_xs_msgs/interbotix_xs_msgs/srv/reboot.h
[0.640s] -- Up-to-date: /home/rowanfoxx/Documents/GitHub/LoCoBotRos/install/interbotix_xs_msgs/include/interbotix_xs_msgs/interbotix_xs_msgs/srv/register_values.h
[0.640s] -- Up-to-date: /home/rowanfoxx/Documents/GitHub/LoCoBotRos/install/interbotix_xs_msgs/include/interbotix_xs_msgs/interbotix_xs_msgs/srv/robot_info.h
[0.641s] -- Up-to-date: /home/rowanfoxx/Documents/GitHub/LoCoBotRos/install/interbotix_xs_msgs/include/interbotix_xs_msgs/interbotix_xs_msgs/srv/torque_enable.h
[0.641s] -- Up-to-date: /home/rowanfoxx/Documents/GitHub/LoCoBotRos/install/interbotix_xs_msgs/share/interbotix_xs_msgs/environment/library_path.sh
[0.641s] -- Up-to-date: /home/rowanfoxx/Documents/GitHub/LoCoBotRos/install/interbotix_xs_msgs/share/interbotix_xs_msgs/environment/library_path.dsv
[0.641s] -- Up-to-date: /home/rowanfoxx/Documents/GitHub/LoCoBotRos/install/interbotix_xs_msgs/lib/libinterbotix_xs_msgs__rosidl_generator_c.so
[0.641s] -- Up-to-date: /home/rowanfoxx/Documents/GitHub/LoCoBotRos/install/interbotix_xs_msgs/include/interbotix_xs_msgs/interbotix_xs_msgs
[0.641s] -- Up-to-date: /home/rowanfoxx/Documents/GitHub/LoCoBotRos/install/interbotix_xs_msgs/include/interbotix_xs_msgs/interbotix_xs_msgs/msg
[0.641s] -- Up-to-date: /home/rowanfoxx/Documents/GitHub/LoCoBotRos/install/interbotix_xs_msgs/include/interbotix_xs_msgs/interbotix_xs_msgs/msg/rosidl_typesupport_introspection_c__visibility_control.h
[0.641s] -- Up-to-date: /home/rowanfoxx/Documents/GitHub/LoCoBotRos/install/interbotix_xs_msgs/include/interbotix_xs_msgs/interbotix_xs_msgs/msg/detail
[0.641s] -- Up-to-date: /home/rowanfoxx/Documents/GitHub/LoCoBotRos/install/interbotix_xs_msgs/include/interbotix_xs_msgs/interbotix_xs_msgs/msg/detail/arm_joy__rosidl_typesupport_introspection_c.h
[0.641s] -- Installing: /home/rowanfoxx/Documents/GitHub/LoCoBotRos/install/interbotix_xs_msgs/include/interbotix_xs_msgs/interbotix_xs_msgs/msg/detail/arm_joy__type_support.c
[0.641s] -- Up-to-date: /home/rowanfoxx/Documents/GitHub/LoCoBotRos/install/interbotix_xs_msgs/include/interbotix_xs_msgs/interbotix_xs_msgs/msg/detail/hex_joy__rosidl_typesupport_introspection_c.h
[0.641s] -- Installing: /home/rowanfoxx/Documents/GitHub/LoCoBotRos/install/interbotix_xs_msgs/include/interbotix_xs_msgs/interbotix_xs_msgs/msg/detail/hex_joy__type_support.c
[0.641s] -- Up-to-date: /home/rowanfoxx/Documents/GitHub/LoCoBotRos/install/interbotix_xs_msgs/include/interbotix_xs_msgs/interbotix_xs_msgs/msg/detail/joint_group_command__rosidl_typesupport_introspection_c.h
[0.641s] -- Installing: /home/rowanfoxx/Documents/GitHub/LoCoBotRos/install/interbotix_xs_msgs/include/interbotix_xs_msgs/interbotix_xs_msgs/msg/detail/joint_group_command__type_support.c
[0.641s] -- Up-to-date: /home/rowanfoxx/Documents/GitHub/LoCoBotRos/install/interbotix_xs_msgs/include/interbotix_xs_msgs/interbotix_xs_msgs/msg/detail/joint_single_command__rosidl_typesupport_introspection_c.h
[0.641s] -- Installing: /home/rowanfoxx/Documents/GitHub/LoCoBotRos/install/interbotix_xs_msgs/include/interbotix_xs_msgs/interbotix_xs_msgs/msg/detail/joint_single_command__type_support.c
[0.641s] -- Up-to-date: /home/rowanfoxx/Documents/GitHub/LoCoBotRos/install/interbotix_xs_msgs/include/interbotix_xs_msgs/interbotix_xs_msgs/msg/detail/joint_temps__rosidl_typesupport_introspection_c.h
[0.641s] -- Installing: /home/rowanfoxx/Documents/GitHub/LoCoBotRos/install/interbotix_xs_msgs/include/interbotix_xs_msgs/interbotix_xs_msgs/msg/detail/joint_temps__type_support.c
[0.641s] -- Up-to-date: /home/rowanfoxx/Documents/GitHub/LoCoBotRos/install/interbotix_xs_msgs/include/interbotix_xs_msgs/interbotix_xs_msgs/msg/detail/joint_trajectory_command__rosidl_typesupport_introspection_c.h
[0.641s] -- Installing: /home/rowanfoxx/Documents/GitHub/LoCoBotRos/install/interbotix_xs_msgs/include/interbotix_xs_msgs/interbotix_xs_msgs/msg/detail/joint_trajectory_command__type_support.c
[0.641s] -- Up-to-date: /home/rowanfoxx/Documents/GitHub/LoCoBotRos/install/interbotix_xs_msgs/include/interbotix_xs_msgs/interbotix_xs_msgs/msg/detail/locobot_joy__rosidl_typesupport_introspection_c.h
[0.641s] -- Installing: /home/rowanfoxx/Documents/GitHub/LoCoBotRos/install/interbotix_xs_msgs/include/interbotix_xs_msgs/interbotix_xs_msgs/msg/detail/locobot_joy__type_support.c
[0.641s] -- Up-to-date: /home/rowanfoxx/Documents/GitHub/LoCoBotRos/install/interbotix_xs_msgs/include/interbotix_xs_msgs/interbotix_xs_msgs/msg/detail/turret_joy__rosidl_typesupport_introspection_c.h
[0.641s] -- Installing: /home/rowanfoxx/Documents/GitHub/LoCoBotRos/install/interbotix_xs_msgs/include/interbotix_xs_msgs/interbotix_xs_msgs/msg/detail/turret_joy__type_support.c
[0.641s] -- Up-to-date: /home/rowanfoxx/Documents/GitHub/LoCoBotRos/install/interbotix_xs_msgs/include/interbotix_xs_msgs/interbotix_xs_msgs/srv
[0.642s] -- Up-to-date: /home/rowanfoxx/Documents/GitHub/LoCoBotRos/install/interbotix_xs_msgs/include/interbotix_xs_msgs/interbotix_xs_msgs/srv/detail
[0.642s] -- Up-to-date: /home/rowanfoxx/Documents/GitHub/LoCoBotRos/install/interbotix_xs_msgs/include/interbotix_xs_msgs/interbotix_xs_msgs/srv/detail/motor_gains__rosidl_typesupport_introspection_c.h
[0.642s] -- Installing: /home/rowanfoxx/Documents/GitHub/LoCoBotRos/install/interbotix_xs_msgs/include/interbotix_xs_msgs/interbotix_xs_msgs/srv/detail/motor_gains__type_support.c
[0.642s] -- Up-to-date: /home/rowanfoxx/Documents/GitHub/LoCoBotRos/install/interbotix_xs_msgs/include/interbotix_xs_msgs/interbotix_xs_msgs/srv/detail/operating_modes__rosidl_typesupport_introspection_c.h
[0.642s] -- Installing: /home/rowanfoxx/Documents/GitHub/LoCoBotRos/install/interbotix_xs_msgs/include/interbotix_xs_msgs/interbotix_xs_msgs/srv/detail/operating_modes__type_support.c
[0.642s] -- Up-to-date: /home/rowanfoxx/Documents/GitHub/LoCoBotRos/install/interbotix_xs_msgs/include/interbotix_xs_msgs/interbotix_xs_msgs/srv/detail/reboot__rosidl_typesupport_introspection_c.h
[0.642s] -- Installing: /home/rowanfoxx/Documents/GitHub/LoCoBotRos/install/interbotix_xs_msgs/include/interbotix_xs_msgs/interbotix_xs_msgs/srv/detail/reboot__type_support.c
[0.642s] -- Up-to-date: /home/rowanfoxx/Documents/GitHub/LoCoBotRos/install/interbotix_xs_msgs/include/interbotix_xs_msgs/interbotix_xs_msgs/srv/detail/register_values__rosidl_typesupport_introspection_c.h
[0.642s] -- Installing: /home/rowanfoxx/Documents/GitHub/LoCoBotRos/install/interbotix_xs_msgs/include/interbotix_xs_msgs/interbotix_xs_msgs/srv/detail/register_values__type_support.c
[0.642s] -- Up-to-date: /home/rowanfoxx/Documents/GitHub/LoCoBotRos/install/interbotix_xs_msgs/include/interbotix_xs_msgs/interbotix_xs_msgs/srv/detail/robot_info__rosidl_typesupport_introspection_c.h
[0.642s] -- Installing: /home/rowanfoxx/Documents/GitHub/LoCoBotRos/install/interbotix_xs_msgs/include/interbotix_xs_msgs/interbotix_xs_msgs/srv/detail/robot_info__type_support.c
[0.642s] -- Up-to-date: /home/rowanfoxx/Documents/GitHub/LoCoBotRos/install/interbotix_xs_msgs/include/interbotix_xs_msgs/interbotix_xs_msgs/srv/detail/torque_enable__rosidl_typesupport_introspection_c.h
[0.642s] -- Installing: /home/rowanfoxx/Documents/GitHub/LoCoBotRos/install/interbotix_xs_msgs/include/interbotix_xs_msgs/interbotix_xs_msgs/srv/detail/torque_enable__type_support.c
[0.642s] -- Up-to-date: /home/rowanfoxx/Documents/GitHub/LoCoBotRos/install/interbotix_xs_msgs/lib/libinterbotix_xs_msgs__rosidl_typesupport_introspection_c.so
[0.642s] -- Up-to-date: /home/rowanfoxx/Documents/GitHub/LoCoBotRos/install/interbotix_xs_msgs/include/interbotix_xs_msgs/interbotix_xs_msgs
[0.642s] -- Up-to-date: /home/rowanfoxx/Documents/GitHub/LoCoBotRos/install/interbotix_xs_msgs/include/interbotix_xs_msgs/interbotix_xs_msgs/msg
[0.642s] -- Up-to-date: /home/rowanfoxx/Documents/GitHub/LoCoBotRos/install/interbotix_xs_msgs/include/interbotix_xs_msgs/interbotix_xs_msgs/msg/rosidl_typesupport_fastrtps_c__visibility_control.h
[0.642s] -- Up-to-date: /home/rowanfoxx/Documents/GitHub/LoCoBotRos/install/interbotix_xs_msgs/include/interbotix_xs_msgs/interbotix_xs_msgs/msg/detail
[0.642s] -- Up-to-date: /home/rowanfoxx/Documents/GitHub/LoCoBotRos/install/interbotix_xs_msgs/include/interbotix_xs_msgs/interbotix_xs_msgs/msg/detail/arm_joy__rosidl_typesupport_fastrtps_c.h
[0.642s] -- Up-to-date: /home/rowanfoxx/Documents/GitHub/LoCoBotRos/install/interbotix_xs_msgs/include/interbotix_xs_msgs/interbotix_xs_msgs/msg/detail/hex_joy__rosidl_typesupport_fastrtps_c.h
[0.642s] -- Up-to-date: /home/rowanfoxx/Documents/GitHub/LoCoBotRos/install/interbotix_xs_msgs/include/interbotix_xs_msgs/interbotix_xs_msgs/msg/detail/joint_group_command__rosidl_typesupport_fastrtps_c.h
[0.642s] -- Up-to-date: /home/rowanfoxx/Documents/GitHub/LoCoBotRos/install/interbotix_xs_msgs/include/interbotix_xs_msgs/interbotix_xs_msgs/msg/detail/joint_single_command__rosidl_typesupport_fastrtps_c.h
[0.642s] -- Up-to-date: /home/rowanfoxx/Documents/GitHub/LoCoBotRos/install/interbotix_xs_msgs/include/interbotix_xs_msgs/interbotix_xs_msgs/msg/detail/joint_temps__rosidl_typesupport_fastrtps_c.h
[0.642s] -- Up-to-date: /home/rowanfoxx/Documents/GitHub/LoCoBotRos/install/interbotix_xs_msgs/include/interbotix_xs_msgs/interbotix_xs_msgs/msg/detail/joint_trajectory_command__rosidl_typesupport_fastrtps_c.h
[0.642s] -- Up-to-date: /home/rowanfoxx/Documents/GitHub/LoCoBotRos/install/interbotix_xs_msgs/include/interbotix_xs_msgs/interbotix_xs_msgs/msg/detail/locobot_joy__rosidl_typesupport_fastrtps_c.h
[0.642s] -- Up-to-date: /home/rowanfoxx/Documents/GitHub/LoCoBotRos/install/interbotix_xs_msgs/include/interbotix_xs_msgs/interbotix_xs_msgs/msg/detail/turret_joy__rosidl_typesupport_fastrtps_c.h
[0.642s] -- Up-to-date: /home/rowanfoxx/Documents/GitHub/LoCoBotRos/install/interbotix_xs_msgs/include/interbotix_xs_msgs/interbotix_xs_msgs/srv
[0.642s] -- Up-to-date: /home/rowanfoxx/Documents/GitHub/LoCoBotRos/install/interbotix_xs_msgs/include/interbotix_xs_msgs/interbotix_xs_msgs/srv/detail
[0.642s] -- Up-to-date: /home/rowanfoxx/Documents/GitHub/LoCoBotRos/install/interbotix_xs_msgs/include/interbotix_xs_msgs/interbotix_xs_msgs/srv/detail/motor_gains__rosidl_typesupport_fastrtps_c.h
[0.643s] -- Up-to-date: /home/rowanfoxx/Documents/GitHub/LoCoBotRos/install/interbotix_xs_msgs/include/interbotix_xs_msgs/interbotix_xs_msgs/srv/detail/operating_modes__rosidl_typesupport_fastrtps_c.h
[0.643s] -- Up-to-date: /home/rowanfoxx/Documents/GitHub/LoCoBotRos/install/interbotix_xs_msgs/include/interbotix_xs_msgs/interbotix_xs_msgs/srv/detail/reboot__rosidl_typesupport_fastrtps_c.h
[0.643s] -- Up-to-date: /home/rowanfoxx/Documents/GitHub/LoCoBotRos/install/interbotix_xs_msgs/include/interbotix_xs_msgs/interbotix_xs_msgs/srv/detail/register_values__rosidl_typesupport_fastrtps_c.h
[0.643s] -- Up-to-date: /home/rowanfoxx/Documents/GitHub/LoCoBotRos/install/interbotix_xs_msgs/include/interbotix_xs_msgs/interbotix_xs_msgs/srv/detail/robot_info__rosidl_typesupport_fastrtps_c.h
[0.643s] -- Up-to-date: /home/rowanfoxx/Documents/GitHub/LoCoBotRos/install/interbotix_xs_msgs/include/interbotix_xs_msgs/interbotix_xs_msgs/srv/detail/torque_enable__rosidl_typesupport_fastrtps_c.h
[0.643s] -- Up-to-date: /home/rowanfoxx/Documents/GitHub/LoCoBotRos/install/interbotix_xs_msgs/lib/libinterbotix_xs_msgs__rosidl_typesupport_fastrtps_c.so
[0.643s] -- Up-to-date: /home/rowanfoxx/Documents/GitHub/LoCoBotRos/install/interbotix_xs_msgs/lib/libinterbotix_xs_msgs__rosidl_typesupport_c.so
[0.643s] -- Up-to-date: /home/rowanfoxx/Documents/GitHub/LoCoBotRos/install/interbotix_xs_msgs/include/interbotix_xs_msgs/interbotix_xs_msgs
[0.643s] -- Up-to-date: /home/rowanfoxx/Documents/GitHub/LoCoBotRos/install/interbotix_xs_msgs/include/interbotix_xs_msgs/interbotix_xs_msgs/msg
[0.643s] -- Up-to-date: /home/rowanfoxx/Documents/GitHub/LoCoBotRos/install/interbotix_xs_msgs/include/interbotix_xs_msgs/interbotix_xs_msgs/msg/rosidl_generator_cpp__visibility_control.hpp
[0.643s] -- Up-to-date: /home/rowanfoxx/Documents/GitHub/LoCoBotRos/install/interbotix_xs_msgs/include/interbotix_xs_msgs/interbotix_xs_msgs/msg/arm_joy.hpp
[0.643s] -- Up-to-date: /home/rowanfoxx/Documents/GitHub/LoCoBotRos/install/interbotix_xs_msgs/include/interbotix_xs_msgs/interbotix_xs_msgs/msg/detail
[0.643s] -- Up-to-date: /home/rowanfoxx/Documents/GitHub/LoCoBotRos/install/interbotix_xs_msgs/include/interbotix_xs_msgs/interbotix_xs_msgs/msg/detail/arm_joy__builder.hpp
[0.643s] -- Up-to-date: /home/rowanfoxx/Documents/GitHub/LoCoBotRos/install/interbotix_xs_msgs/include/interbotix_xs_msgs/interbotix_xs_msgs/msg/detail/arm_joy__struct.hpp
[0.643s] -- Up-to-date: /home/rowanfoxx/Documents/GitHub/LoCoBotRos/install/interbotix_xs_msgs/include/interbotix_xs_msgs/interbotix_xs_msgs/msg/detail/arm_joy__traits.hpp
[0.643s] -- Up-to-date: /home/rowanfoxx/Documents/GitHub/LoCoBotRos/install/interbotix_xs_msgs/include/interbotix_xs_msgs/interbotix_xs_msgs/msg/detail/arm_joy__type_support.hpp
[0.643s] -- Up-to-date: /home/rowanfoxx/Documents/GitHub/LoCoBotRos/install/interbotix_xs_msgs/include/interbotix_xs_msgs/interbotix_xs_msgs/msg/detail/hex_joy__builder.hpp
[0.643s] -- Up-to-date: /home/rowanfoxx/Documents/GitHub/LoCoBotRos/install/interbotix_xs_msgs/include/interbotix_xs_msgs/interbotix_xs_msgs/msg/detail/hex_joy__struct.hpp
[0.643s] -- Up-to-date: /home/rowanfoxx/Documents/GitHub/LoCoBotRos/install/interbotix_xs_msgs/include/interbotix_xs_msgs/interbotix_xs_msgs/msg/detail/hex_joy__traits.hpp
[0.643s] -- Up-to-date: /home/rowanfoxx/Documents/GitHub/LoCoBotRos/install/interbotix_xs_msgs/include/interbotix_xs_msgs/interbotix_xs_msgs/msg/detail/hex_joy__type_support.hpp
[0.643s] -- Up-to-date: /home/rowanfoxx/Documents/GitHub/LoCoBotRos/install/interbotix_xs_msgs/include/interbotix_xs_msgs/interbotix_xs_msgs/msg/detail/joint_group_command__builder.hpp
[0.643s] -- Up-to-date: /home/rowanfoxx/Documents/GitHub/LoCoBotRos/install/interbotix_xs_msgs/include/interbotix_xs_msgs/interbotix_xs_msgs/msg/detail/joint_group_command__struct.hpp
[0.643s] -- Up-to-date: /home/rowanfoxx/Documents/GitHub/LoCoBotRos/install/interbotix_xs_msgs/include/interbotix_xs_msgs/interbotix_xs_msgs/msg/detail/joint_group_command__traits.hpp
[0.643s] -- Up-to-date: /home/rowanfoxx/Documents/GitHub/LoCoBotRos/install/interbotix_xs_msgs/include/interbotix_xs_msgs/interbotix_xs_msgs/msg/detail/joint_group_command__type_support.hpp
[0.643s] -- Up-to-date: /home/rowanfoxx/Documents/GitHub/LoCoBotRos/install/interbotix_xs_msgs/include/interbotix_xs_msgs/interbotix_xs_msgs/msg/detail/joint_single_command__builder.hpp
[0.643s] -- Up-to-date: /home/rowanfoxx/Documents/GitHub/LoCoBotRos/install/interbotix_xs_msgs/include/interbotix_xs_msgs/interbotix_xs_msgs/msg/detail/joint_single_command__struct.hpp
[0.643s] -- Up-to-date: /home/rowanfoxx/Documents/GitHub/LoCoBotRos/install/interbotix_xs_msgs/include/interbotix_xs_msgs/interbotix_xs_msgs/msg/detail/joint_single_command__traits.hpp
[0.643s] -- Up-to-date: /home/rowanfoxx/Documents/GitHub/LoCoBotRos/install/interbotix_xs_msgs/include/interbotix_xs_msgs/interbotix_xs_msgs/msg/detail/joint_single_command__type_support.hpp
[0.643s] -- Up-to-date: /home/rowanfoxx/Documents/GitHub/LoCoBotRos/install/interbotix_xs_msgs/include/interbotix_xs_msgs/interbotix_xs_msgs/msg/detail/joint_temps__builder.hpp
[0.643s] -- Up-to-date: /home/rowanfoxx/Documents/GitHub/LoCoBotRos/install/interbotix_xs_msgs/include/interbotix_xs_msgs/interbotix_xs_msgs/msg/detail/joint_temps__struct.hpp
[0.643s] -- Up-to-date: /home/rowanfoxx/Documents/GitHub/LoCoBotRos/install/interbotix_xs_msgs/include/interbotix_xs_msgs/interbotix_xs_msgs/msg/detail/joint_temps__traits.hpp
[0.643s] -- Up-to-date: /home/rowanfoxx/Documents/GitHub/LoCoBotRos/install/interbotix_xs_msgs/include/interbotix_xs_msgs/interbotix_xs_msgs/msg/detail/joint_temps__type_support.hpp
[0.643s] -- Up-to-date: /home/rowanfoxx/Documents/GitHub/LoCoBotRos/install/interbotix_xs_msgs/include/interbotix_xs_msgs/interbotix_xs_msgs/msg/detail/joint_trajectory_command__builder.hpp
[0.644s] -- Up-to-date: /home/rowanfoxx/Documents/GitHub/LoCoBotRos/install/interbotix_xs_msgs/include/interbotix_xs_msgs/interbotix_xs_msgs/msg/detail/joint_trajectory_command__struct.hpp
[0.644s] -- Up-to-date: /home/rowanfoxx/Documents/GitHub/LoCoBotRos/install/interbotix_xs_msgs/include/interbotix_xs_msgs/interbotix_xs_msgs/msg/detail/joint_trajectory_command__traits.hpp
[0.644s] -- Up-to-date: /home/rowanfoxx/Documents/GitHub/LoCoBotRos/install/interbotix_xs_msgs/include/interbotix_xs_msgs/interbotix_xs_msgs/msg/detail/joint_trajectory_command__type_support.hpp
[0.644s] -- Up-to-date: /home/rowanfoxx/Documents/GitHub/LoCoBotRos/install/interbotix_xs_msgs/include/interbotix_xs_msgs/interbotix_xs_msgs/msg/detail/locobot_joy__builder.hpp
[0.644s] -- Up-to-date: /home/rowanfoxx/Documents/GitHub/LoCoBotRos/install/interbotix_xs_msgs/include/interbotix_xs_msgs/interbotix_xs_msgs/msg/detail/locobot_joy__struct.hpp
[0.644s] -- Up-to-date: /home/rowanfoxx/Documents/GitHub/LoCoBotRos/install/interbotix_xs_msgs/include/interbotix_xs_msgs/interbotix_xs_msgs/msg/detail/locobot_joy__traits.hpp
[0.644s] -- Up-to-date: /home/rowanfoxx/Documents/GitHub/LoCoBotRos/install/interbotix_xs_msgs/include/interbotix_xs_msgs/interbotix_xs_msgs/msg/detail/locobot_joy__type_support.hpp
[0.644s] -- Up-to-date: /home/rowanfoxx/Documents/GitHub/LoCoBotRos/install/interbotix_xs_msgs/include/interbotix_xs_msgs/interbotix_xs_msgs/msg/detail/turret_joy__builder.hpp
[0.644s] -- Up-to-date: /home/rowanfoxx/Documents/GitHub/LoCoBotRos/install/interbotix_xs_msgs/include/interbotix_xs_msgs/interbotix_xs_msgs/msg/detail/turret_joy__struct.hpp
[0.644s] -- Up-to-date: /home/rowanfoxx/Documents/GitHub/LoCoBotRos/install/interbotix_xs_msgs/include/interbotix_xs_msgs/interbotix_xs_msgs/msg/detail/turret_joy__traits.hpp
[0.644s] -- Up-to-date: /home/rowanfoxx/Documents/GitHub/LoCoBotRos/install/interbotix_xs_msgs/include/interbotix_xs_msgs/interbotix_xs_msgs/msg/detail/turret_joy__type_support.hpp
[0.644s] -- Up-to-date: /home/rowanfoxx/Documents/GitHub/LoCoBotRos/install/interbotix_xs_msgs/include/interbotix_xs_msgs/interbotix_xs_msgs/msg/hex_joy.hpp
[0.644s] -- Up-to-date: /home/rowanfoxx/Documents/GitHub/LoCoBotRos/install/interbotix_xs_msgs/include/interbotix_xs_msgs/interbotix_xs_msgs/msg/joint_group_command.hpp
[0.644s] -- Up-to-date: /home/rowanfoxx/Documents/GitHub/LoCoBotRos/install/interbotix_xs_msgs/include/interbotix_xs_msgs/interbotix_xs_msgs/msg/joint_single_command.hpp
[0.644s] -- Up-to-date: /home/rowanfoxx/Documents/GitHub/LoCoBotRos/install/interbotix_xs_msgs/include/interbotix_xs_msgs/interbotix_xs_msgs/msg/joint_temps.hpp
[0.644s] -- Up-to-date: /home/rowanfoxx/Documents/GitHub/LoCoBotRos/install/interbotix_xs_msgs/include/interbotix_xs_msgs/interbotix_xs_msgs/msg/joint_trajectory_command.hpp
[0.644s] -- Up-to-date: /home/rowanfoxx/Documents/GitHub/LoCoBotRos/install/interbotix_xs_msgs/include/interbotix_xs_msgs/interbotix_xs_msgs/msg/locobot_joy.hpp
[0.644s] -- Up-to-date: /home/rowanfoxx/Documents/GitHub/LoCoBotRos/install/interbotix_xs_msgs/include/interbotix_xs_msgs/interbotix_xs_msgs/msg/turret_joy.hpp
[0.644s] -- Up-to-date: /home/rowanfoxx/Documents/GitHub/LoCoBotRos/install/interbotix_xs_msgs/include/interbotix_xs_msgs/interbotix_xs_msgs/srv
[0.644s] -- Up-to-date: /home/rowanfoxx/Documents/GitHub/LoCoBotRos/install/interbotix_xs_msgs/include/interbotix_xs_msgs/interbotix_xs_msgs/srv/motor_gains.hpp
[0.644s] -- Up-to-date: /home/rowanfoxx/Documents/GitHub/LoCoBotRos/install/interbotix_xs_msgs/include/interbotix_xs_msgs/interbotix_xs_msgs/srv/detail
[0.644s] -- Up-to-date: /home/rowanfoxx/Documents/GitHub/LoCoBotRos/install/interbotix_xs_msgs/include/interbotix_xs_msgs/interbotix_xs_msgs/srv/detail/motor_gains__builder.hpp
[0.644s] -- Up-to-date: /home/rowanfoxx/Documents/GitHub/LoCoBotRos/install/interbotix_xs_msgs/include/interbotix_xs_msgs/interbotix_xs_msgs/srv/detail/motor_gains__struct.hpp
[0.644s] -- Up-to-date: /home/rowanfoxx/Documents/GitHub/LoCoBotRos/install/interbotix_xs_msgs/include/interbotix_xs_msgs/interbotix_xs_msgs/srv/detail/motor_gains__traits.hpp
[0.644s] -- Up-to-date: /home/rowanfoxx/Documents/GitHub/LoCoBotRos/install/interbotix_xs_msgs/include/interbotix_xs_msgs/interbotix_xs_msgs/srv/detail/motor_gains__type_support.hpp
[0.644s] -- Up-to-date: /home/rowanfoxx/Documents/GitHub/LoCoBotRos/install/interbotix_xs_msgs/include/interbotix_xs_msgs/interbotix_xs_msgs/srv/detail/operating_modes__builder.hpp
[0.644s] -- Up-to-date: /home/rowanfoxx/Documents/GitHub/LoCoBotRos/install/interbotix_xs_msgs/include/interbotix_xs_msgs/interbotix_xs_msgs/srv/detail/operating_modes__struct.hpp
[0.644s] -- Up-to-date: /home/rowanfoxx/Documents/GitHub/LoCoBotRos/install/interbotix_xs_msgs/include/interbotix_xs_msgs/interbotix_xs_msgs/srv/detail/operating_modes__traits.hpp
[0.644s] -- Up-to-date: /home/rowanfoxx/Documents/GitHub/LoCoBotRos/install/interbotix_xs_msgs/include/interbotix_xs_msgs/interbotix_xs_msgs/srv/detail/operating_modes__type_support.hpp
[0.644s] -- Up-to-date: /home/rowanfoxx/Documents/GitHub/LoCoBotRos/install/interbotix_xs_msgs/include/interbotix_xs_msgs/interbotix_xs_msgs/srv/detail/reboot__builder.hpp
[0.644s] -- Up-to-date: /home/rowanfoxx/Documents/GitHub/LoCoBotRos/install/interbotix_xs_msgs/include/interbotix_xs_msgs/interbotix_xs_msgs/srv/detail/reboot__struct.hpp
[0.644s] -- Up-to-date: /home/rowanfoxx/Documents/GitHub/LoCoBotRos/install/interbotix_xs_msgs/include/interbotix_xs_msgs/interbotix_xs_msgs/srv/detail/reboot__traits.hpp
[0.645s] -- Up-to-date: /home/rowanfoxx/Documents/GitHub/LoCoBotRos/install/interbotix_xs_msgs/include/interbotix_xs_msgs/interbotix_xs_msgs/srv/detail/reboot__type_support.hpp
[0.645s] -- Up-to-date: /home/rowanfoxx/Documents/GitHub/LoCoBotRos/install/interbotix_xs_msgs/include/interbotix_xs_msgs/interbotix_xs_msgs/srv/detail/register_values__builder.hpp
[0.645s] -- Up-to-date: /home/rowanfoxx/Documents/GitHub/LoCoBotRos/install/interbotix_xs_msgs/include/interbotix_xs_msgs/interbotix_xs_msgs/srv/detail/register_values__struct.hpp
[0.645s] -- Up-to-date: /home/rowanfoxx/Documents/GitHub/LoCoBotRos/install/interbotix_xs_msgs/include/interbotix_xs_msgs/interbotix_xs_msgs/srv/detail/register_values__traits.hpp
[0.645s] -- Up-to-date: /home/rowanfoxx/Documents/GitHub/LoCoBotRos/install/interbotix_xs_msgs/include/interbotix_xs_msgs/interbotix_xs_msgs/srv/detail/register_values__type_support.hpp
[0.645s] -- Up-to-date: /home/rowanfoxx/Documents/GitHub/LoCoBotRos/install/interbotix_xs_msgs/include/interbotix_xs_msgs/interbotix_xs_msgs/srv/detail/robot_info__builder.hpp
[0.645s] -- Up-to-date: /home/rowanfoxx/Documents/GitHub/LoCoBotRos/install/interbotix_xs_msgs/include/interbotix_xs_msgs/interbotix_xs_msgs/srv/detail/robot_info__struct.hpp
[0.645s] -- Up-to-date: /home/rowanfoxx/Documents/GitHub/LoCoBotRos/install/interbotix_xs_msgs/include/interbotix_xs_msgs/interbotix_xs_msgs/srv/detail/robot_info__traits.hpp
[0.645s] -- Up-to-date: /home/rowanfoxx/Documents/GitHub/LoCoBotRos/install/interbotix_xs_msgs/include/interbotix_xs_msgs/interbotix_xs_msgs/srv/detail/robot_info__type_support.hpp
[0.645s] -- Up-to-date: /home/rowanfoxx/Documents/GitHub/LoCoBotRos/install/interbotix_xs_msgs/include/interbotix_xs_msgs/interbotix_xs_msgs/srv/detail/torque_enable__builder.hpp
[0.645s] -- Up-to-date: /home/rowanfoxx/Documents/GitHub/LoCoBotRos/install/interbotix_xs_msgs/include/interbotix_xs_msgs/interbotix_xs_msgs/srv/detail/torque_enable__struct.hpp
[0.645s] -- Up-to-date: /home/rowanfoxx/Documents/GitHub/LoCoBotRos/install/interbotix_xs_msgs/include/interbotix_xs_msgs/interbotix_xs_msgs/srv/detail/torque_enable__traits.hpp
[0.645s] -- Up-to-date: /home/rowanfoxx/Documents/GitHub/LoCoBotRos/install/interbotix_xs_msgs/include/interbotix_xs_msgs/interbotix_xs_msgs/srv/detail/torque_enable__type_support.hpp
[0.645s] -- Up-to-date: /home/rowanfoxx/Documents/GitHub/LoCoBotRos/install/interbotix_xs_msgs/include/interbotix_xs_msgs/interbotix_xs_msgs/srv/operating_modes.hpp
[0.645s] -- Up-to-date: /home/rowanfoxx/Documents/GitHub/LoCoBotRos/install/interbotix_xs_msgs/include/interbotix_xs_msgs/interbotix_xs_msgs/srv/reboot.hpp
[0.645s] -- Up-to-date: /home/rowanfoxx/Documents/GitHub/LoCoBotRos/install/interbotix_xs_msgs/include/interbotix_xs_msgs/interbotix_xs_msgs/srv/register_values.hpp
[0.645s] -- Up-to-date: /home/rowanfoxx/Documents/GitHub/LoCoBotRos/install/interbotix_xs_msgs/include/interbotix_xs_msgs/interbotix_xs_msgs/srv/robot_info.hpp
[0.645s] -- Up-to-date: /home/rowanfoxx/Documents/GitHub/LoCoBotRos/install/interbotix_xs_msgs/include/interbotix_xs_msgs/interbotix_xs_msgs/srv/torque_enable.hpp
[0.645s] -- Up-to-date: /home/rowanfoxx/Documents/GitHub/LoCoBotRos/install/interbotix_xs_msgs/include/interbotix_xs_msgs/interbotix_xs_msgs
[0.645s] -- Up-to-date: /home/rowanfoxx/Documents/GitHub/LoCoBotRos/install/interbotix_xs_msgs/include/interbotix_xs_msgs/interbotix_xs_msgs/msg
[0.645s] -- Up-to-date: /home/rowanfoxx/Documents/GitHub/LoCoBotRos/install/interbotix_xs_msgs/include/interbotix_xs_msgs/interbotix_xs_msgs/msg/detail
[0.645s] -- Up-to-date: /home/rowanfoxx/Documents/GitHub/LoCoBotRos/install/interbotix_xs_msgs/include/interbotix_xs_msgs/interbotix_xs_msgs/msg/detail/arm_joy__rosidl_typesupport_introspection_cpp.hpp
[0.645s] -- Up-to-date: /home/rowanfoxx/Documents/GitHub/LoCoBotRos/install/interbotix_xs_msgs/include/interbotix_xs_msgs/interbotix_xs_msgs/msg/detail/arm_joy__type_support.cpp
[0.645s] -- Up-to-date: /home/rowanfoxx/Documents/GitHub/LoCoBotRos/install/interbotix_xs_msgs/include/interbotix_xs_msgs/interbotix_xs_msgs/msg/detail/hex_joy__rosidl_typesupport_introspection_cpp.hpp
[0.645s] -- Up-to-date: /home/rowanfoxx/Documents/GitHub/LoCoBotRos/install/interbotix_xs_msgs/include/interbotix_xs_msgs/interbotix_xs_msgs/msg/detail/hex_joy__type_support.cpp
[0.645s] -- Up-to-date: /home/rowanfoxx/Documents/GitHub/LoCoBotRos/install/interbotix_xs_msgs/include/interbotix_xs_msgs/interbotix_xs_msgs/msg/detail/joint_group_command__rosidl_typesupport_introspection_cpp.hpp
[0.645s] -- Up-to-date: /home/rowanfoxx/Documents/GitHub/LoCoBotRos/install/interbotix_xs_msgs/include/interbotix_xs_msgs/interbotix_xs_msgs/msg/detail/joint_group_command__type_support.cpp
[0.645s] -- Up-to-date: /home/rowanfoxx/Documents/GitHub/LoCoBotRos/install/interbotix_xs_msgs/include/interbotix_xs_msgs/interbotix_xs_msgs/msg/detail/joint_single_command__rosidl_typesupport_introspection_cpp.hpp
[0.645s] -- Up-to-date: /home/rowanfoxx/Documents/GitHub/LoCoBotRos/install/interbotix_xs_msgs/include/interbotix_xs_msgs/interbotix_xs_msgs/msg/detail/joint_single_command__type_support.cpp
[0.645s] -- Up-to-date: /home/rowanfoxx/Documents/GitHub/LoCoBotRos/install/interbotix_xs_msgs/include/interbotix_xs_msgs/interbotix_xs_msgs/msg/detail/joint_temps__rosidl_typesupport_introspection_cpp.hpp
[0.645s] -- Up-to-date: /home/rowanfoxx/Documents/GitHub/LoCoBotRos/install/interbotix_xs_msgs/include/interbotix_xs_msgs/interbotix_xs_msgs/msg/detail/joint_temps__type_support.cpp
[0.645s] -- Up-to-date: /home/rowanfoxx/Documents/GitHub/LoCoBotRos/install/interbotix_xs_msgs/include/interbotix_xs_msgs/interbotix_xs_msgs/msg/detail/joint_trajectory_command__rosidl_typesupport_introspection_cpp.hpp
[0.646s] -- Up-to-date: /home/rowanfoxx/Documents/GitHub/LoCoBotRos/install/interbotix_xs_msgs/include/interbotix_xs_msgs/interbotix_xs_msgs/msg/detail/joint_trajectory_command__type_support.cpp
[0.646s] -- Up-to-date: /home/rowanfoxx/Documents/GitHub/LoCoBotRos/install/interbotix_xs_msgs/include/interbotix_xs_msgs/interbotix_xs_msgs/msg/detail/locobot_joy__rosidl_typesupport_introspection_cpp.hpp
[0.646s] -- Up-to-date: /home/rowanfoxx/Documents/GitHub/LoCoBotRos/install/interbotix_xs_msgs/include/interbotix_xs_msgs/interbotix_xs_msgs/msg/detail/locobot_joy__type_support.cpp
[0.646s] -- Up-to-date: /home/rowanfoxx/Documents/GitHub/LoCoBotRos/install/interbotix_xs_msgs/include/interbotix_xs_msgs/interbotix_xs_msgs/msg/detail/turret_joy__rosidl_typesupport_introspection_cpp.hpp
[0.646s] -- Up-to-date: /home/rowanfoxx/Documents/GitHub/LoCoBotRos/install/interbotix_xs_msgs/include/interbotix_xs_msgs/interbotix_xs_msgs/msg/detail/turret_joy__type_support.cpp
[0.646s] -- Up-to-date: /home/rowanfoxx/Documents/GitHub/LoCoBotRos/install/interbotix_xs_msgs/include/interbotix_xs_msgs/interbotix_xs_msgs/srv
[0.646s] -- Up-to-date: /home/rowanfoxx/Documents/GitHub/LoCoBotRos/install/interbotix_xs_msgs/include/interbotix_xs_msgs/interbotix_xs_msgs/srv/detail
[0.646s] -- Up-to-date: /home/rowanfoxx/Documents/GitHub/LoCoBotRos/install/interbotix_xs_msgs/include/interbotix_xs_msgs/interbotix_xs_msgs/srv/detail/motor_gains__rosidl_typesupport_introspection_cpp.hpp
[0.646s] -- Up-to-date: /home/rowanfoxx/Documents/GitHub/LoCoBotRos/install/interbotix_xs_msgs/include/interbotix_xs_msgs/interbotix_xs_msgs/srv/detail/motor_gains__type_support.cpp
[0.646s] -- Up-to-date: /home/rowanfoxx/Documents/GitHub/LoCoBotRos/install/interbotix_xs_msgs/include/interbotix_xs_msgs/interbotix_xs_msgs/srv/detail/operating_modes__rosidl_typesupport_introspection_cpp.hpp
[0.646s] -- Up-to-date: /home/rowanfoxx/Documents/GitHub/LoCoBotRos/install/interbotix_xs_msgs/include/interbotix_xs_msgs/interbotix_xs_msgs/srv/detail/operating_modes__type_support.cpp
[0.646s] -- Up-to-date: /home/rowanfoxx/Documents/GitHub/LoCoBotRos/install/interbotix_xs_msgs/include/interbotix_xs_msgs/interbotix_xs_msgs/srv/detail/reboot__rosidl_typesupport_introspection_cpp.hpp
[0.646s] -- Up-to-date: /home/rowanfoxx/Documents/GitHub/LoCoBotRos/install/interbotix_xs_msgs/include/interbotix_xs_msgs/interbotix_xs_msgs/srv/detail/reboot__type_support.cpp
[0.646s] -- Up-to-date: /home/rowanfoxx/Documents/GitHub/LoCoBotRos/install/interbotix_xs_msgs/include/interbotix_xs_msgs/interbotix_xs_msgs/srv/detail/register_values__rosidl_typesupport_introspection_cpp.hpp
[0.646s] -- Up-to-date: /home/rowanfoxx/Documents/GitHub/LoCoBotRos/install/interbotix_xs_msgs/include/interbotix_xs_msgs/interbotix_xs_msgs/srv/detail/register_values__type_support.cpp
[0.646s] -- Up-to-date: /home/rowanfoxx/Documents/GitHub/LoCoBotRos/install/interbotix_xs_msgs/include/interbotix_xs_msgs/interbotix_xs_msgs/srv/detail/robot_info__rosidl_typesupport_introspection_cpp.hpp
[0.646s] -- Up-to-date: /home/rowanfoxx/Documents/GitHub/LoCoBotRos/install/interbotix_xs_msgs/include/interbotix_xs_msgs/interbotix_xs_msgs/srv/detail/robot_info__type_support.cpp
[0.646s] -- Up-to-date: /home/rowanfoxx/Documents/GitHub/LoCoBotRos/install/interbotix_xs_msgs/include/interbotix_xs_msgs/interbotix_xs_msgs/srv/detail/torque_enable__rosidl_typesupport_introspection_cpp.hpp
[0.646s] -- Up-to-date: /home/rowanfoxx/Documents/GitHub/LoCoBotRos/install/interbotix_xs_msgs/include/interbotix_xs_msgs/interbotix_xs_msgs/srv/detail/torque_enable__type_support.cpp
[0.646s] -- Up-to-date: /home/rowanfoxx/Documents/GitHub/LoCoBotRos/install/interbotix_xs_msgs/lib/libinterbotix_xs_msgs__rosidl_typesupport_introspection_cpp.so
[0.646s] -- Up-to-date: /home/rowanfoxx/Documents/GitHub/LoCoBotRos/install/interbotix_xs_msgs/include/interbotix_xs_msgs/interbotix_xs_msgs
[0.646s] -- Up-to-date: /home/rowanfoxx/Documents/GitHub/LoCoBotRos/install/interbotix_xs_msgs/include/interbotix_xs_msgs/interbotix_xs_msgs/msg
[0.646s] -- Up-to-date: /home/rowanfoxx/Documents/GitHub/LoCoBotRos/install/interbotix_xs_msgs/include/interbotix_xs_msgs/interbotix_xs_msgs/msg/rosidl_typesupport_fastrtps_cpp__visibility_control.h
[0.646s] -- Up-to-date: /home/rowanfoxx/Documents/GitHub/LoCoBotRos/install/interbotix_xs_msgs/include/interbotix_xs_msgs/interbotix_xs_msgs/msg/detail
[0.646s] -- Up-to-date: /home/rowanfoxx/Documents/GitHub/LoCoBotRos/install/interbotix_xs_msgs/include/interbotix_xs_msgs/interbotix_xs_msgs/msg/detail/arm_joy__rosidl_typesupport_fastrtps_cpp.hpp
[0.646s] -- Up-to-date: /home/rowanfoxx/Documents/GitHub/LoCoBotRos/install/interbotix_xs_msgs/include/interbotix_xs_msgs/interbotix_xs_msgs/msg/detail/dds_fastrtps
[0.646s] -- Up-to-date: /home/rowanfoxx/Documents/GitHub/LoCoBotRos/install/interbotix_xs_msgs/include/interbotix_xs_msgs/interbotix_xs_msgs/msg/detail/hex_joy__rosidl_typesupport_fastrtps_cpp.hpp
[0.646s] -- Up-to-date: /home/rowanfoxx/Documents/GitHub/LoCoBotRos/install/interbotix_xs_msgs/include/interbotix_xs_msgs/interbotix_xs_msgs/msg/detail/joint_group_command__rosidl_typesupport_fastrtps_cpp.hpp
[0.646s] -- Up-to-date: /home/rowanfoxx/Documents/GitHub/LoCoBotRos/install/interbotix_xs_msgs/include/interbotix_xs_msgs/interbotix_xs_msgs/msg/detail/joint_single_command__rosidl_typesupport_fastrtps_cpp.hpp
[0.646s] -- Up-to-date: /home/rowanfoxx/Documents/GitHub/LoCoBotRos/install/interbotix_xs_msgs/include/interbotix_xs_msgs/interbotix_xs_msgs/msg/detail/joint_temps__rosidl_typesupport_fastrtps_cpp.hpp
[0.646s] -- Up-to-date: /home/rowanfoxx/Documents/GitHub/LoCoBotRos/install/interbotix_xs_msgs/include/interbotix_xs_msgs/interbotix_xs_msgs/msg/detail/joint_trajectory_command__rosidl_typesupport_fastrtps_cpp.hpp
[0.647s] -- Up-to-date: /home/rowanfoxx/Documents/GitHub/LoCoBotRos/install/interbotix_xs_msgs/include/interbotix_xs_msgs/interbotix_xs_msgs/msg/detail/locobot_joy__rosidl_typesupport_fastrtps_cpp.hpp
[0.647s] -- Up-to-date: /home/rowanfoxx/Documents/GitHub/LoCoBotRos/install/interbotix_xs_msgs/include/interbotix_xs_msgs/interbotix_xs_msgs/msg/detail/turret_joy__rosidl_typesupport_fastrtps_cpp.hpp
[0.647s] -- Up-to-date: /home/rowanfoxx/Documents/GitHub/LoCoBotRos/install/interbotix_xs_msgs/include/interbotix_xs_msgs/interbotix_xs_msgs/srv
[0.647s] -- Up-to-date: /home/rowanfoxx/Documents/GitHub/LoCoBotRos/install/interbotix_xs_msgs/include/interbotix_xs_msgs/interbotix_xs_msgs/srv/detail
[0.647s] -- Up-to-date: /home/rowanfoxx/Documents/GitHub/LoCoBotRos/install/interbotix_xs_msgs/include/interbotix_xs_msgs/interbotix_xs_msgs/srv/detail/motor_gains__rosidl_typesupport_fastrtps_cpp.hpp
[0.647s] -- Up-to-date: /home/rowanfoxx/Documents/GitHub/LoCoBotRos/install/interbotix_xs_msgs/include/interbotix_xs_msgs/interbotix_xs_msgs/srv/detail/dds_fastrtps
[0.647s] -- Up-to-date: /home/rowanfoxx/Documents/GitHub/LoCoBotRos/install/interbotix_xs_msgs/include/interbotix_xs_msgs/interbotix_xs_msgs/srv/detail/operating_modes__rosidl_typesupport_fastrtps_cpp.hpp
[0.647s] -- Up-to-date: /home/rowanfoxx/Documents/GitHub/LoCoBotRos/install/interbotix_xs_msgs/include/interbotix_xs_msgs/interbotix_xs_msgs/srv/detail/reboot__rosidl_typesupport_fastrtps_cpp.hpp
[0.647s] -- Up-to-date: /home/rowanfoxx/Documents/GitHub/LoCoBotRos/install/interbotix_xs_msgs/include/interbotix_xs_msgs/interbotix_xs_msgs/srv/detail/register_values__rosidl_typesupport_fastrtps_cpp.hpp
[0.647s] -- Up-to-date: /home/rowanfoxx/Documents/GitHub/LoCoBotRos/install/interbotix_xs_msgs/include/interbotix_xs_msgs/interbotix_xs_msgs/srv/detail/robot_info__rosidl_typesupport_fastrtps_cpp.hpp
[0.647s] -- Up-to-date: /home/rowanfoxx/Documents/GitHub/LoCoBotRos/install/interbotix_xs_msgs/include/interbotix_xs_msgs/interbotix_xs_msgs/srv/detail/torque_enable__rosidl_typesupport_fastrtps_cpp.hpp
[0.647s] -- Up-to-date: /home/rowanfoxx/Documents/GitHub/LoCoBotRos/install/interbotix_xs_msgs/lib/libinterbotix_xs_msgs__rosidl_typesupport_fastrtps_cpp.so
[0.647s] -- Up-to-date: /home/rowanfoxx/Documents/GitHub/LoCoBotRos/install/interbotix_xs_msgs/lib/libinterbotix_xs_msgs__rosidl_typesupport_cpp.so
[0.647s] -- Up-to-date: /home/rowanfoxx/Documents/GitHub/LoCoBotRos/install/interbotix_xs_msgs/share/interbotix_xs_msgs/environment/pythonpath.sh
[0.647s] -- Up-to-date: /home/rowanfoxx/Documents/GitHub/LoCoBotRos/install/interbotix_xs_msgs/share/interbotix_xs_msgs/environment/pythonpath.dsv
[0.647s] -- Up-to-date: /home/rowanfoxx/Documents/GitHub/LoCoBotRos/install/interbotix_xs_msgs/lib/python3.13/site-packages/interbotix_xs_msgs-0.0.0-py3.13.egg-info
[0.647s] -- Installing: /home/rowanfoxx/Documents/GitHub/LoCoBotRos/install/interbotix_xs_msgs/lib/python3.13/site-packages/interbotix_xs_msgs-0.0.0-py3.13.egg-info/dependency_links.txt
[0.647s] -- Installing: /home/rowanfoxx/Documents/GitHub/LoCoBotRos/install/interbotix_xs_msgs/lib/python3.13/site-packages/interbotix_xs_msgs-0.0.0-py3.13.egg-info/top_level.txt
[0.647s] -- Installing: /home/rowanfoxx/Documents/GitHub/LoCoBotRos/install/interbotix_xs_msgs/lib/python3.13/site-packages/interbotix_xs_msgs-0.0.0-py3.13.egg-info/SOURCES.txt
[0.647s] -- Installing: /home/rowanfoxx/Documents/GitHub/LoCoBotRos/install/interbotix_xs_msgs/lib/python3.13/site-packages/interbotix_xs_msgs-0.0.0-py3.13.egg-info/PKG-INFO
[0.647s] -- Up-to-date: /home/rowanfoxx/Documents/GitHub/LoCoBotRos/install/interbotix_xs_msgs/lib/python3.13/site-packages/interbotix_xs_msgs
[0.647s] -- Up-to-date: /home/rowanfoxx/Documents/GitHub/LoCoBotRos/install/interbotix_xs_msgs/lib/python3.13/site-packages/interbotix_xs_msgs/__init__.py
[0.647s] -- Up-to-date: /home/rowanfoxx/Documents/GitHub/LoCoBotRos/install/interbotix_xs_msgs/lib/python3.13/site-packages/interbotix_xs_msgs/msg
[0.647s] -- Up-to-date: /home/rowanfoxx/Documents/GitHub/LoCoBotRos/install/interbotix_xs_msgs/lib/python3.13/site-packages/interbotix_xs_msgs/msg/_arm_joy.py
[0.647s] -- Up-to-date: /home/rowanfoxx/Documents/GitHub/LoCoBotRos/install/interbotix_xs_msgs/lib/python3.13/site-packages/interbotix_xs_msgs/msg/_arm_joy_s.c
[0.647s] -- Up-to-date: /home/rowanfoxx/Documents/GitHub/LoCoBotRos/install/interbotix_xs_msgs/lib/python3.13/site-packages/interbotix_xs_msgs/msg/_hex_joy.py
[0.647s] -- Up-to-date: /home/rowanfoxx/Documents/GitHub/LoCoBotRos/install/interbotix_xs_msgs/lib/python3.13/site-packages/interbotix_xs_msgs/msg/_hex_joy_s.c
[0.647s] -- Up-to-date: /home/rowanfoxx/Documents/GitHub/LoCoBotRos/install/interbotix_xs_msgs/lib/python3.13/site-packages/interbotix_xs_msgs/msg/_joint_group_command.py
[0.647s] -- Up-to-date: /home/rowanfoxx/Documents/GitHub/LoCoBotRos/install/interbotix_xs_msgs/lib/python3.13/site-packages/interbotix_xs_msgs/msg/_joint_group_command_s.c
[0.647s] -- Up-to-date: /home/rowanfoxx/Documents/GitHub/LoCoBotRos/install/interbotix_xs_msgs/lib/python3.13/site-packages/interbotix_xs_msgs/msg/_joint_single_command.py
[0.647s] -- Up-to-date: /home/rowanfoxx/Documents/GitHub/LoCoBotRos/install/interbotix_xs_msgs/lib/python3.13/site-packages/interbotix_xs_msgs/msg/_joint_single_command_s.c
[0.647s] -- Up-to-date: /home/rowanfoxx/Documents/GitHub/LoCoBotRos/install/interbotix_xs_msgs/lib/python3.13/site-packages/interbotix_xs_msgs/msg/_joint_temps.py
[0.648s] -- Up-to-date: /home/rowanfoxx/Documents/GitHub/LoCoBotRos/install/interbotix_xs_msgs/lib/python3.13/site-packages/interbotix_xs_msgs/msg/_joint_temps_s.c
[0.648s] -- Up-to-date: /home/rowanfoxx/Documents/GitHub/LoCoBotRos/install/interbotix_xs_msgs/lib/python3.13/site-packages/interbotix_xs_msgs/msg/_joint_trajectory_command.py
[0.648s] -- Up-to-date: /home/rowanfoxx/Documents/GitHub/LoCoBotRos/install/interbotix_xs_msgs/lib/python3.13/site-packages/interbotix_xs_msgs/msg/_joint_trajectory_command_s.c
[0.648s] -- Up-to-date: /home/rowanfoxx/Documents/GitHub/LoCoBotRos/install/interbotix_xs_msgs/lib/python3.13/site-packages/interbotix_xs_msgs/msg/_locobot_joy.py
[0.648s] -- Up-to-date: /home/rowanfoxx/Documents/GitHub/LoCoBotRos/install/interbotix_xs_msgs/lib/python3.13/site-packages/interbotix_xs_msgs/msg/_locobot_joy_s.c
[0.648s] -- Up-to-date: /home/rowanfoxx/Documents/GitHub/LoCoBotRos/install/interbotix_xs_msgs/lib/python3.13/site-packages/interbotix_xs_msgs/msg/_turret_joy.py
[0.648s] -- Up-to-date: /home/rowanfoxx/Documents/GitHub/LoCoBotRos/install/interbotix_xs_msgs/lib/python3.13/site-packages/interbotix_xs_msgs/msg/_turret_joy_s.c
[0.648s] -- Up-to-date: /home/rowanfoxx/Documents/GitHub/LoCoBotRos/install/interbotix_xs_msgs/lib/python3.13/site-packages/interbotix_xs_msgs/msg/__init__.py
[0.648s] -- Up-to-date: /home/rowanfoxx/Documents/GitHub/LoCoBotRos/install/interbotix_xs_msgs/lib/python3.13/site-packages/interbotix_xs_msgs/srv
[0.648s] -- Up-to-date: /home/rowanfoxx/Documents/GitHub/LoCoBotRos/install/interbotix_xs_msgs/lib/python3.13/site-packages/interbotix_xs_msgs/srv/_motor_gains.py
[0.648s] -- Up-to-date: /home/rowanfoxx/Documents/GitHub/LoCoBotRos/install/interbotix_xs_msgs/lib/python3.13/site-packages/interbotix_xs_msgs/srv/_motor_gains_s.c
[0.648s] -- Up-to-date: /home/rowanfoxx/Documents/GitHub/LoCoBotRos/install/interbotix_xs_msgs/lib/python3.13/site-packages/interbotix_xs_msgs/srv/_operating_modes.py
[0.648s] -- Up-to-date: /home/rowanfoxx/Documents/GitHub/LoCoBotRos/install/interbotix_xs_msgs/lib/python3.13/site-packages/interbotix_xs_msgs/srv/_operating_modes_s.c
[0.648s] -- Up-to-date: /home/rowanfoxx/Documents/GitHub/LoCoBotRos/install/interbotix_xs_msgs/lib/python3.13/site-packages/interbotix_xs_msgs/srv/_reboot.py
[0.648s] -- Up-to-date: /home/rowanfoxx/Documents/GitHub/LoCoBotRos/install/interbotix_xs_msgs/lib/python3.13/site-packages/interbotix_xs_msgs/srv/_reboot_s.c
[0.648s] -- Up-to-date: /home/rowanfoxx/Documents/GitHub/LoCoBotRos/install/interbotix_xs_msgs/lib/python3.13/site-packages/interbotix_xs_msgs/srv/_register_values.py
[0.648s] -- Up-to-date: /home/rowanfoxx/Documents/GitHub/LoCoBotRos/install/interbotix_xs_msgs/lib/python3.13/site-packages/interbotix_xs_msgs/srv/_register_values_s.c
[0.648s] -- Up-to-date: /home/rowanfoxx/Documents/GitHub/LoCoBotRos/install/interbotix_xs_msgs/lib/python3.13/site-packages/interbotix_xs_msgs/srv/_robot_info.py
[0.648s] -- Up-to-date: /home/rowanfoxx/Documents/GitHub/LoCoBotRos/install/interbotix_xs_msgs/lib/python3.13/site-packages/interbotix_xs_msgs/srv/_robot_info_s.c
[0.648s] -- Up-to-date: /home/rowanfoxx/Documents/GitHub/LoCoBotRos/install/interbotix_xs_msgs/lib/python3.13/site-packages/interbotix_xs_msgs/srv/_torque_enable.py
[0.648s] -- Up-to-date: /home/rowanfoxx/Documents/GitHub/LoCoBotRos/install/interbotix_xs_msgs/lib/python3.13/site-packages/interbotix_xs_msgs/srv/_torque_enable_s.c
[0.648s] -- Up-to-date: /home/rowanfoxx/Documents/GitHub/LoCoBotRos/install/interbotix_xs_msgs/lib/python3.13/site-packages/interbotix_xs_msgs/srv/__init__.py
[0.648s] -- Up-to-date: /home/rowanfoxx/Documents/GitHub/LoCoBotRos/install/interbotix_xs_msgs/lib/python3.13/site-packages/interbotix_xs_msgs/_interbotix_xs_msgs_s.ep.rosidl_typesupport_introspection_c.c
[0.648s] -- Up-to-date: /home/rowanfoxx/Documents/GitHub/LoCoBotRos/install/interbotix_xs_msgs/lib/python3.13/site-packages/interbotix_xs_msgs/_interbotix_xs_msgs_s.ep.rosidl_typesupport_fastrtps_c.c
[0.648s] -- Up-to-date: /home/rowanfoxx/Documents/GitHub/LoCoBotRos/install/interbotix_xs_msgs/lib/python3.13/site-packages/interbotix_xs_msgs/_interbotix_xs_msgs_s.ep.rosidl_typesupport_c.c
[0.648s] -- Up-to-date: /home/rowanfoxx/Documents/GitHub/LoCoBotRos/install/interbotix_xs_msgs/lib/python3.13/site-packages/interbotix_xs_msgs/interbotix_xs_msgs_s__rosidl_typesupport_c.so
[0.648s] -- Up-to-date: /home/rowanfoxx/Documents/GitHub/LoCoBotRos/install/interbotix_xs_msgs/lib/python3.13/site-packages/interbotix_xs_msgs/interbotix_xs_msgs_s__rosidl_typesupport_introspection_c.so
[0.648s] -- Up-to-date: /home/rowanfoxx/Documents/GitHub/LoCoBotRos/install/interbotix_xs_msgs/lib/python3.13/site-packages/interbotix_xs_msgs/interbotix_xs_msgs_s__rosidl_typesupport_fastrtps_c.so
[0.721s] Listing '/home/rowanfoxx/Documents/GitHub/LoCoBotRos/install/interbotix_xs_msgs/lib/python3.13/site-packages/interbotix_xs_msgs'...
[0.721s] Listing '/home/rowanfoxx/Documents/GitHub/LoCoBotRos/install/interbotix_xs_msgs/lib/python3.13/site-packages/interbotix_xs_msgs/msg'...
[0.721s] Listing '/home/rowanfoxx/Documents/GitHub/LoCoBotRos/install/interbotix_xs_msgs/lib/python3.13/site-packages/interbotix_xs_msgs/srv'...
[0.724s] -- Up-to-date: /home/rowanfoxx/Documents/GitHub/LoCoBotRos/install/interbotix_xs_msgs/lib/python3.13/site-packages/interbotix_xs_msgs/interbotix_xs_msgs_s__rosidl_typesupport_introspection_c.so
[0.725s] -- Up-to-date: /home/rowanfoxx/Documents/GitHub/LoCoBotRos/install/interbotix_xs_msgs/lib/python3.13/site-packages/interbotix_xs_msgs/interbotix_xs_msgs_s__rosidl_typesupport_fastrtps_c.so
[0.725s] -- Up-to-date: /home/rowanfoxx/Documents/GitHub/LoCoBotRos/install/interbotix_xs_msgs/lib/python3.13/site-packages/interbotix_xs_msgs/interbotix_xs_msgs_s__rosidl_typesupport_c.so
[0.725s] -- Up-to-date: /home/rowanfoxx/Documents/GitHub/LoCoBotRos/install/interbotix_xs_msgs/lib/libinterbotix_xs_msgs__rosidl_generator_py.so
[0.725s] -- Up-to-date: /home/rowanfoxx/Documents/GitHub/LoCoBotRos/install/interbotix_xs_msgs/share/interbotix_xs_msgs/msg/ArmJoy.idl
[0.725s] -- Up-to-date: /home/rowanfoxx/Documents/GitHub/LoCoBotRos/install/interbotix_xs_msgs/share/interbotix_xs_msgs/msg/HexJoy.idl
[0.725s] -- Up-to-date: /home/rowanfoxx/Documents/GitHub/LoCoBotRos/install/interbotix_xs_msgs/share/interbotix_xs_msgs/msg/JointGroupCommand.idl
[0.725s] -- Up-to-date: /home/rowanfoxx/Documents/GitHub/LoCoBotRos/install/interbotix_xs_msgs/share/interbotix_xs_msgs/msg/JointSingleCommand.idl
[0.725s] -- Up-to-date: /home/rowanfoxx/Documents/GitHub/LoCoBotRos/install/interbotix_xs_msgs/share/interbotix_xs_msgs/msg/JointTemps.idl
[0.725s] -- Up-to-date: /home/rowanfoxx/Documents/GitHub/LoCoBotRos/install/interbotix_xs_msgs/share/interbotix_xs_msgs/msg/JointTrajectoryCommand.idl
[0.725s] -- Up-to-date: /home/rowanfoxx/Documents/GitHub/LoCoBotRos/install/interbotix_xs_msgs/share/interbotix_xs_msgs/msg/LocobotJoy.idl
[0.725s] -- Up-to-date: /home/rowanfoxx/Documents/GitHub/LoCoBotRos/install/interbotix_xs_msgs/share/interbotix_xs_msgs/msg/TurretJoy.idl
[0.725s] -- Up-to-date: /home/rowanfoxx/Documents/GitHub/LoCoBotRos/install/interbotix_xs_msgs/share/interbotix_xs_msgs/srv/MotorGains.idl
[0.725s] -- Up-to-date: /home/rowanfoxx/Documents/GitHub/LoCoBotRos/install/interbotix_xs_msgs/share/interbotix_xs_msgs/srv/OperatingModes.idl
[0.725s] -- Up-to-date: /home/rowanfoxx/Documents/GitHub/LoCoBotRos/install/interbotix_xs_msgs/share/interbotix_xs_msgs/srv/Reboot.idl
[0.725s] -- Up-to-date: /home/rowanfoxx/Documents/GitHub/LoCoBotRos/install/interbotix_xs_msgs/share/interbotix_xs_msgs/srv/RegisterValues.idl
[0.725s] -- Up-to-date: /home/rowanfoxx/Documents/GitHub/LoCoBotRos/install/interbotix_xs_msgs/share/interbotix_xs_msgs/srv/RobotInfo.idl
[0.725s] -- Up-to-date: /home/rowanfoxx/Documents/GitHub/LoCoBotRos/install/interbotix_xs_msgs/share/interbotix_xs_msgs/srv/TorqueEnable.idl
[0.725s] -- Up-to-date: /home/rowanfoxx/Documents/GitHub/LoCoBotRos/install/interbotix_xs_msgs/share/interbotix_xs_msgs/msg/ArmJoy.msg
[0.725s] -- Up-to-date: /home/rowanfoxx/Documents/GitHub/LoCoBotRos/install/interbotix_xs_msgs/share/interbotix_xs_msgs/msg/HexJoy.msg
[0.725s] -- Up-to-date: /home/rowanfoxx/Documents/GitHub/LoCoBotRos/install/interbotix_xs_msgs/share/interbotix_xs_msgs/msg/JointGroupCommand.msg
[0.726s] -- Up-to-date: /home/rowanfoxx/Documents/GitHub/LoCoBotRos/install/interbotix_xs_msgs/share/interbotix_xs_msgs/msg/JointSingleCommand.msg
[0.726s] -- Up-to-date: /home/rowanfoxx/Documents/GitHub/LoCoBotRos/install/interbotix_xs_msgs/share/interbotix_xs_msgs/msg/JointTemps.msg
[0.726s] -- Up-to-date: /home/rowanfoxx/Documents/GitHub/LoCoBotRos/install/interbotix_xs_msgs/share/interbotix_xs_msgs/msg/JointTrajectoryCommand.msg
[0.726s] -- Up-to-date: /home/rowanfoxx/Documents/GitHub/LoCoBotRos/install/interbotix_xs_msgs/share/interbotix_xs_msgs/msg/LocobotJoy.msg
[0.726s] -- Up-to-date: /home/rowanfoxx/Documents/GitHub/LoCoBotRos/install/interbotix_xs_msgs/share/interbotix_xs_msgs/msg/TurretJoy.msg
[0.726s] -- Up-to-date: /home/rowanfoxx/Documents/GitHub/LoCoBotRos/install/interbotix_xs_msgs/share/interbotix_xs_msgs/srv/MotorGains.srv
[0.726s] -- Up-to-date: /home/rowanfoxx/Documents/GitHub/LoCoBotRos/install/interbotix_xs_msgs/share/interbotix_xs_msgs/srv/OperatingModes.srv
[0.726s] -- Up-to-date: /home/rowanfoxx/Documents/GitHub/LoCoBotRos/install/interbotix_xs_msgs/share/interbotix_xs_msgs/srv/Reboot.srv
[0.726s] -- Up-to-date: /home/rowanfoxx/Documents/GitHub/LoCoBotRos/install/interbotix_xs_msgs/share/interbotix_xs_msgs/srv/RegisterValues.srv
[0.726s] -- Up-to-date: /home/rowanfoxx/Documents/GitHub/LoCoBotRos/install/interbotix_xs_msgs/share/interbotix_xs_msgs/srv/RobotInfo.srv
[0.726s] -- Up-to-date: /home/rowanfoxx/Documents/GitHub/LoCoBotRos/install/interbotix_xs_msgs/share/interbotix_xs_msgs/srv/TorqueEnable.srv
[0.726s] -- Up-to-date: /home/rowanfoxx/Documents/GitHub/LoCoBotRos/install/interbotix_xs_msgs/share/ament_index/resource_index/package_run_dependencies/interbotix_xs_msgs
[0.726s] -- Up-to-date: /home/rowanfoxx/Documents/GitHub/LoCoBotRos/install/interbotix_xs_msgs/share/ament_index/resource_index/parent_prefix_path/interbotix_xs_msgs
[0.726s] -- Up-to-date: /home/rowanfoxx/Documents/GitHub/LoCoBotRos/install/interbotix_xs_msgs/share/interbotix_xs_msgs/environment/ament_prefix_path.dsv
[0.726s] -- Up-to-date: /home/rowanfoxx/Documents/GitHub/LoCoBotRos/install/interbotix_xs_msgs/share/interbotix_xs_msgs/environment/path.dsv
[0.726s] -- Up-to-date: /home/rowanfoxx/Documents/GitHub/LoCoBotRos/install/interbotix_xs_msgs/share/interbotix_xs_msgs/local_setup.bash
[0.726s] -- Up-to-date: /home/rowanfoxx/Documents/GitHub/LoCoBotRos/install/interbotix_xs_msgs/share/interbotix_xs_msgs/local_setup.sh
[0.726s] -- Up-to-date: /home/rowanfoxx/Documents/GitHub/LoCoBotRos/install/interbotix_xs_msgs/share/interbotix_xs_msgs/local_setup.zsh
[0.726s] -- Up-to-date: /home/rowanfoxx/Documents/GitHub/LoCoBotRos/install/interbotix_xs_msgs/share/interbotix_xs_msgs/local_setup.dsv
[0.726s] -- Installing: /home/rowanfoxx/Documents/GitHub/LoCoBotRos/install/interbotix_xs_msgs/share/interbotix_xs_msgs/package.dsv
[0.726s] -- Up-to-date: /home/rowanfoxx/Documents/GitHub/LoCoBotRos/install/interbotix_xs_msgs/share/ament_index/resource_index/packages/interbotix_xs_msgs
[0.726s] -- Up-to-date: /home/rowanfoxx/Documents/GitHub/LoCoBotRos/install/interbotix_xs_msgs/share/interbotix_xs_msgs/cmake/export_interbotix_xs_msgs__rosidl_generator_cExport.cmake
[0.726s] -- Up-to-date: /home/rowanfoxx/Documents/GitHub/LoCoBotRos/install/interbotix_xs_msgs/share/interbotix_xs_msgs/cmake/export_interbotix_xs_msgs__rosidl_generator_cExport-noconfig.cmake
[0.726s] -- Up-to-date: /home/rowanfoxx/Documents/GitHub/LoCoBotRos/install/interbotix_xs_msgs/share/interbotix_xs_msgs/cmake/interbotix_xs_msgs__rosidl_typesupport_introspection_cExport.cmake
[0.726s] -- Up-to-date: /home/rowanfoxx/Documents/GitHub/LoCoBotRos/install/interbotix_xs_msgs/share/interbotix_xs_msgs/cmake/interbotix_xs_msgs__rosidl_typesupport_introspection_cExport-noconfig.cmake
[0.726s] -- Up-to-date: /home/rowanfoxx/Documents/GitHub/LoCoBotRos/install/interbotix_xs_msgs/share/interbotix_xs_msgs/cmake/export_interbotix_xs_msgs__rosidl_typesupport_fastrtps_cExport.cmake
[0.727s] -- Up-to-date: /home/rowanfoxx/Documents/GitHub/LoCoBotRos/install/interbotix_xs_msgs/share/interbotix_xs_msgs/cmake/export_interbotix_xs_msgs__rosidl_typesupport_fastrtps_cExport-noconfig.cmake
[0.727s] -- Up-to-date: /home/rowanfoxx/Documents/GitHub/LoCoBotRos/install/interbotix_xs_msgs/share/interbotix_xs_msgs/cmake/interbotix_xs_msgs__rosidl_typesupport_cExport.cmake
[0.727s] -- Up-to-date: /home/rowanfoxx/Documents/GitHub/LoCoBotRos/install/interbotix_xs_msgs/share/interbotix_xs_msgs/cmake/interbotix_xs_msgs__rosidl_typesupport_cExport-noconfig.cmake
[0.727s] -- Up-to-date: /home/rowanfoxx/Documents/GitHub/LoCoBotRos/install/interbotix_xs_msgs/share/interbotix_xs_msgs/cmake/export_interbotix_xs_msgs__rosidl_generator_cppExport.cmake
[0.727s] -- Up-to-date: /home/rowanfoxx/Documents/GitHub/LoCoBotRos/install/interbotix_xs_msgs/share/interbotix_xs_msgs/cmake/interbotix_xs_msgs__rosidl_typesupport_introspection_cppExport.cmake
[0.727s] -- Up-to-date: /home/rowanfoxx/Documents/GitHub/LoCoBotRos/install/interbotix_xs_msgs/share/interbotix_xs_msgs/cmake/interbotix_xs_msgs__rosidl_typesupport_introspection_cppExport-noconfig.cmake
[0.727s] -- Up-to-date: /home/rowanfoxx/Documents/GitHub/LoCoBotRos/install/interbotix_xs_msgs/share/interbotix_xs_msgs/cmake/export_interbotix_xs_msgs__rosidl_typesupport_fastrtps_cppExport.cmake
[0.727s] -- Up-to-date: /home/rowanfoxx/Documents/GitHub/LoCoBotRos/install/interbotix_xs_msgs/share/interbotix_xs_msgs/cmake/export_interbotix_xs_msgs__rosidl_typesupport_fastrtps_cppExport-noconfig.cmake
[0.727s] -- Up-to-date: /home/rowanfoxx/Documents/GitHub/LoCoBotRos/install/interbotix_xs_msgs/share/interbotix_xs_msgs/cmake/interbotix_xs_msgs__rosidl_typesupport_cppExport.cmake
[0.727s] -- Up-to-date: /home/rowanfoxx/Documents/GitHub/LoCoBotRos/install/interbotix_xs_msgs/share/interbotix_xs_msgs/cmake/interbotix_xs_msgs__rosidl_typesupport_cppExport-noconfig.cmake
[0.727s] -- Up-to-date: /home/rowanfoxx/Documents/GitHub/LoCoBotRos/install/interbotix_xs_msgs/share/interbotix_xs_msgs/cmake/export_interbotix_xs_msgs__rosidl_generator_pyExport.cmake
[0.727s] -- Up-to-date: /home/rowanfoxx/Documents/GitHub/LoCoBotRos/install/interbotix_xs_msgs/share/interbotix_xs_msgs/cmake/export_interbotix_xs_msgs__rosidl_generator_pyExport-noconfig.cmake
[0.727s] -- Up-to-date: /home/rowanfoxx/Documents/GitHub/LoCoBotRos/install/interbotix_xs_msgs/share/interbotix_xs_msgs/cmake/rosidl_cmake-extras.cmake
[0.727s] -- Up-to-date: /home/rowanfoxx/Documents/GitHub/LoCoBotRos/install/interbotix_xs_msgs/share/interbotix_xs_msgs/cmake/ament_cmake_export_dependencies-extras.cmake
[0.727s] -- Up-to-date: /home/rowanfoxx/Documents/GitHub/LoCoBotRos/install/interbotix_xs_msgs/share/interbotix_xs_msgs/cmake/ament_cmake_export_include_directories-extras.cmake
[0.728s] -- Up-to-date: /home/rowanfoxx/Documents/GitHub/LoCoBotRos/install/interbotix_xs_msgs/share/interbotix_xs_msgs/cmake/ament_cmake_export_libraries-extras.cmake
[0.728s] -- Up-to-date: /home/rowanfoxx/Documents/GitHub/LoCoBotRos/install/interbotix_xs_msgs/share/interbotix_xs_msgs/cmake/ament_cmake_export_targets-extras.cmake
[0.728s] -- Up-to-date: /home/rowanfoxx/Documents/GitHub/LoCoBotRos/install/interbotix_xs_msgs/share/interbotix_xs_msgs/cmake/rosidl_cmake_export_typesupport_targets-extras.cmake
[0.728s] -- Up-to-date: /home/rowanfoxx/Documents/GitHub/LoCoBotRos/install/interbotix_xs_msgs/share/interbotix_xs_msgs/cmake/rosidl_cmake_export_typesupport_libraries-extras.cmake
[0.728s] -- Up-to-date: /home/rowanfoxx/Documents/GitHub/LoCoBotRos/install/interbotix_xs_msgs/share/interbotix_xs_msgs/cmake/interbotix_xs_msgsConfig.cmake
[0.728s] -- Up-to-date: /home/rowanfoxx/Documents/GitHub/LoCoBotRos/install/interbotix_xs_msgs/share/interbotix_xs_msgs/cmake/interbotix_xs_msgsConfig-version.cmake
[0.728s] -- Up-to-date: /home/rowanfoxx/Documents/GitHub/LoCoBotRos/install/interbotix_xs_msgs/share/interbotix_xs_msgs/package.xml
[0.757s] Invoked command in '/home/rowanfoxx/Documents/GitHub/LoCoBotRos/build/interbotix_xs_msgs' returned '0': CMAKE_PREFIX_PATH=${CMAKE_PREFIX_PATH}:/home/rowanfoxx/ros2_jazzy/install/rqt_bag_plugins:/home/rowanfoxx/ros2_jazzy/install/rqt_bag:/home/rowanfoxx/ros2_jazzy/install/rosbag2_examples_py:/home/rowanfoxx/ros2_jazzy/install/launch_testing_examples:/home/rowanfoxx/ros2_jazzy/install/ros2bag:/home/rowanfoxx/ros2_jazzy/install/tracetools_test:/home/rowanfoxx/ros2_jazzy/install/tracetools_launch:/home/rowanfoxx/ros2_jazzy/install/topic_monitor:/home/rowanfoxx/ros2_jazzy/install/tf2_tools:/home/rowanfoxx/ros2_jazzy/install/examples_tf2_py:/home/rowanfoxx/ros2_jazzy/install/tf2_ros_py:/home/rowanfoxx/ros2_jazzy/install/examples_rclpy_pointcloud_publisher:/home/rowanfoxx/ros2_jazzy/install/sensor_msgs_py:/home/rowanfoxx/ros2_jazzy/install/quality_of_service_demo_py:/home/rowanfoxx/ros2_jazzy/install/camera_info_manager_py:/home/rowanfoxx/ros2_jazzy/install/rqt_plot:/home/rowanfoxx/ros2_jazzy/install/ros2doctor:/home/rowanfoxx/ros2_jazzy/install/lifecycle_py:/home/rowanfoxx/ros2_jazzy/install/examples_rclpy_minimal_subscriber:/home/rowanfoxx/ros2_jazzy/install/examples_rclpy_minimal_service:/home/rowanfoxx/ros2_jazzy/install/examples_rclpy_minimal_publisher:/home/rowanfoxx/ros2_jazzy/install/examples_rclpy_minimal_client:/home/rowanfoxx/ros2_jazzy/install/examples_rclpy_executors:/home/rowanfoxx/ros2_jazzy/install/demo_nodes_py:/home/rowanfoxx/ros2_jazzy/install/rqt:/home/rowanfoxx/ros2_jazzy/install/ros2component:/home/rowanfoxx/ros2_jazzy/install/sros2:/home/rowanfoxx/ros2_jazzy/install/rqt_topic:/home/rowanfoxx/ros2_jazzy/install/rqt_srv:/home/rowanfoxx/ros2_jazzy/install/rqt_shell:/home/rowanfoxx/ros2_jazzy/install/rqt_service_caller:/home/rowanfoxx/ros2_jazzy/install/rqt_reconfigure:/home/rowanfoxx/ros2_jazzy/install/rqt_py_console:/home/rowanfoxx/ros2_jazzy/install/rqt_publisher:/home/rowanfoxx/ros2_jazzy/install/rqt_action:/home/rowanfoxx/ros2_jazzy/install/rqt_msg:/home/rowanfoxx/ros2_jazzy/install/rqt_console:/home/rowanfoxx/ros2_jazzy/install/rqt_graph:/home/rowanfoxx/ros2_jazzy/install/rqt_gui_py:/home/rowanfoxx/ros2_jazzy/install/rqt_gui:/home/rowanfoxx/ros2_jazzy/install/ros2trace:/home/rowanfoxx/ros2_jazzy/install/ros2param:/home/rowanfoxx/ros2_jazzy/install/ros2lifecycle:/home/rowanfoxx/ros2_jazzy/install/ros2service:/home/rowanfoxx/ros2_jazzy/install/ros2topic:/home/rowanfoxx/ros2_jazzy/install/ros2test:/home/rowanfoxx/ros2_jazzy/install/ros2run:/home/rowanfoxx/ros2_jazzy/install/ros2launch:/home/rowanfoxx/ros2_jazzy/install/ros2pkg:/home/rowanfoxx/ros2_jazzy/install/ros2node:/home/rowanfoxx/ros2_jazzy/install/ros2multicast:/home/rowanfoxx/ros2_jazzy/install/ros2interface:/home/rowanfoxx/ros2_jazzy/install/ros2action:/home/rowanfoxx/ros2_jazzy/install/ros2cli:/home/rowanfoxx/ros2_jazzy/install/launch_testing_ros:/home/rowanfoxx/ros2_jazzy/install/launch_ros:/home/rowanfoxx/ros2_jazzy/install/examples_rclpy_minimal_action_server:/home/rowanfoxx/ros2_jazzy/install/examples_rclpy_minimal_action_client:/home/rowanfoxx/ros2_jazzy/install/examples_rclpy_guard_conditions:/home/rowanfoxx/ros2_jazzy/install/action_tutorials_py:/home/rowanfoxx/ros2_jazzy/install/ament_uncrustify:/home/rowanfoxx/ros2_jazzy/install/tracetools_trace:/home/rowanfoxx/ros2_jazzy/install/tracetools_read:/home/rowanfoxx/ros2_jazzy/install/test_tracetools_launch:/home/rowanfoxx/ros2_jazzy/install/test_ros2trace:/home/rowanfoxx/ros2_jazzy/install/test_launch_ros:/home/rowanfoxx/ros2_jazzy/install/rpyutils:/home/rowanfoxx/ros2_jazzy/install/rosidl_runtime_py:/home/rowanfoxx/ros2_jazzy/install/rosidl_pycommon:/home/rowanfoxx/ros2_jazzy/install/rosidl_cli:/home/rowanfoxx/ros2_jazzy/install/launch_pytest:/home/rowanfoxx/ros2_jazzy/install/launch_testing:/home/rowanfoxx/ros2_jazzy/install/launch_yaml:/home/rowanfoxx/ros2_jazzy/install/launch_xml:/home/rowanfoxx/ros2_jazzy/install/launch:/home/rowanfoxx/ros2_jazzy/install/osrf_pycommon:/home/rowanfoxx/ros2_jazzy/install/domain_coordinator:/home/rowanfoxx/ros2_jazzy/install/ament_xmllint:/home/rowanfoxx/ros2_jazzy/install/ament_pyflakes:/home/rowanfoxx/ros2_jazzy/install/ament_pycodestyle:/home/rowanfoxx/ros2_jazzy/install/ament_pep257:/home/rowanfoxx/ros2_jazzy/install/ament_pclint:/home/rowanfoxx/ros2_jazzy/install/ament_package:/home/rowanfoxx/ros2_jazzy/install/ament_mypy:/home/rowanfoxx/ros2_jazzy/install/ament_lint_cmake:/home/rowanfoxx/ros2_jazzy/install/ament_flake8:/home/rowanfoxx/ros2_jazzy/install/ament_copyright:/home/rowanfoxx/ros2_jazzy/install/ament_lint:/home/rowanfoxx/ros2_jazzy/install/ament_index_python:/home/rowanfoxx/ros2_jazzy/install/ament_cpplint:/home/rowanfoxx/ros2_jazzy/install/ament_cppcheck:/home/rowanfoxx/ros2_jazzy/install/ament_clang_tidy:/home/rowanfoxx/ros2_jazzy/install/ament_clang_format DEBUGINFOD_URLS=https://debuginfod.fedoraproject.org/ _=/usr/bin/env /usr/bin/cmake --install /home/rowanfoxx/Documents/GitHub/LoCoBotRos/build/interbotix_xs_msgs
