[0.188s] Invoking command in '/home/locobot/LoCoBotRos/interbotix_ws/build/interbotix_common_sim': CMAKE_PREFIX_PATH=${CMAKE_PREFIX_PATH}:/opt/ros/humble /usr/bin/cmake /home/locobot/LoCoBotRos/interbotix_ws/src/interbotix_ros_toolboxes/interbotix_common_toolbox/interbotix_common_sim -DCMAKE_INSTALL_PREFIX=/home/locobot/LoCoBotRos/interbotix_ws/install/interbotix_common_sim
[0.202s] -- Found ament_cmake: 1.3.11 (/opt/ros/humble/share/ament_cmake/cmake)
[0.404s] -- Found ament_lint_auto: 0.12.12 (/opt/ros/humble/share/ament_lint_auto/cmake)
[0.510s] -- Configuring done
[0.519s] -- Generating done
[0.523s] -- Build files have been written to: /home/locobot/LoCoBotRos/interbotix_ws/build/interbotix_common_sim
[0.537s] Invoked command in '/home/locobot/LoCoBotRos/interbotix_ws/build/interbotix_common_sim' returned '0': CMAKE_PREFIX_PATH=${CMAKE_PREFIX_PATH}:/opt/ros/humble /usr/bin/cmake /home/locobot/LoCoBotRos/interbotix_ws/src/interbotix_ros_toolboxes/interbotix_common_toolbox/interbotix_common_sim -DCMAKE_INSTALL_PREFIX=/home/locobot/LoCoBotRos/interbotix_ws/install/interbotix_common_sim
[0.539s] Invoking command in '/home/locobot/LoCoBotRos/interbotix_ws/build/interbotix_common_sim': CMAKE_PREFIX_PATH=${CMAKE_PREFIX_PATH}:/opt/ros/humble /usr/bin/cmake --build /home/locobot/LoCoBotRos/interbotix_ws/build/interbotix_common_sim -- -j16 -l16
[0.608s] Invoked command in '/home/locobot/LoCoBotRos/interbotix_ws/build/interbotix_common_sim' returned '0': CMAKE_PREFIX_PATH=${CMAKE_PREFIX_PATH}:/opt/ros/humble /usr/bin/cmake --build /home/locobot/LoCoBotRos/interbotix_ws/build/interbotix_common_sim -- -j16 -l16
[0.610s] Invoking command in '/home/locobot/LoCoBotRos/interbotix_ws/build/interbotix_common_sim': CMAKE_PREFIX_PATH=${CMAKE_PREFIX_PATH}:/opt/ros/humble /usr/bin/cmake --install /home/locobot/LoCoBotRos/interbotix_ws/build/interbotix_common_sim
[0.681s] -- Install configuration: "Release"
[0.681s] -- Up-to-date: /home/locobot/LoCoBotRos/interbotix_ws/install/interbotix_common_sim/share/interbotix_common_sim/models
[0.685s] -- Up-to-date: /home/locobot/LoCoBotRos/interbotix_ws/install/interbotix_common_sim/share/interbotix_common_sim/models/VisionKit
[0.685s] -- Up-to-date: /home/locobot/LoCoBotRos/interbotix_ws/install/interbotix_common_sim/share/interbotix_common_sim/models/VisionKit/VisionKit.sdf
[0.686s] -- Up-to-date: /home/locobot/LoCoBotRos/interbotix_ws/install/interbotix_common_sim/share/interbotix_common_sim/models/VisionKit/model.config
[0.686s] -- Up-to-date: /home/locobot/LoCoBotRos/interbotix_ws/install/interbotix_common_sim/share/interbotix_common_sim/models/VisionKit/stand.stl
[0.686s] -- Up-to-date: /home/locobot/LoCoBotRos/interbotix_ws/install/interbotix_common_sim/share/interbotix_common_sim/models/RealSenseD415
[0.686s] -- Up-to-date: /home/locobot/LoCoBotRos/interbotix_ws/install/interbotix_common_sim/share/interbotix_common_sim/models/RealSenseD415/camera.stl
[0.686s] -- Up-to-date: /home/locobot/LoCoBotRos/interbotix_ws/install/interbotix_common_sim/share/interbotix_common_sim/models/RealSenseD415/RealSenseD415.sdf
[0.691s] -- Up-to-date: /home/locobot/LoCoBotRos/interbotix_ws/install/interbotix_common_sim/share/interbotix_common_sim/models/RealSenseD415/model.config
[0.692s] -- Up-to-date: /home/locobot/LoCoBotRos/interbotix_ws/install/interbotix_common_sim/share/interbotix_common_sim/models/TrossenRoboticsOfficeBuilding
[0.692s] -- Up-to-date: /home/locobot/LoCoBotRos/interbotix_ws/install/interbotix_common_sim/share/interbotix_common_sim/models/TrossenRoboticsOfficeBuilding/TrossenRoboticsOfficeBuilding.sdf
[0.692s] -- Up-to-date: /home/locobot/LoCoBotRos/interbotix_ws/install/interbotix_common_sim/share/interbotix_common_sim/models/TrossenRoboticsOfficeBuilding/model.config
[0.692s] -- Up-to-date: /home/locobot/LoCoBotRos/interbotix_ws/install/interbotix_common_sim/share/interbotix_common_sim/worlds
[0.692s] -- Up-to-date: /home/locobot/LoCoBotRos/interbotix_ws/install/interbotix_common_sim/share/interbotix_common_sim/worlds/vision_kit.world
[0.692s] -- Up-to-date: /home/locobot/LoCoBotRos/interbotix_ws/install/interbotix_common_sim/share/interbotix_common_sim/worlds/interbotix.world
[0.692s] -- Up-to-date: /home/locobot/LoCoBotRos/interbotix_ws/install/interbotix_common_sim/share/interbotix_common_sim/media
[0.692s] -- Up-to-date: /home/locobot/LoCoBotRos/interbotix_ws/install/interbotix_common_sim/share/interbotix_common_sim/media/materials
[0.693s] -- Up-to-date: /home/locobot/LoCoBotRos/interbotix_ws/install/interbotix_common_sim/share/interbotix_common_sim/media/materials/textures
[0.693s] -- Up-to-date: /home/locobot/LoCoBotRos/interbotix_ws/install/interbotix_common_sim/share/interbotix_common_sim/media/materials/textures/interbotix_black.png
[0.693s] -- Up-to-date: /home/locobot/LoCoBotRos/interbotix_ws/install/interbotix_common_sim/share/interbotix_common_sim/media/materials/scripts
[0.693s] -- Up-to-date: /home/locobot/LoCoBotRos/interbotix_ws/install/interbotix_common_sim/share/interbotix_common_sim/media/materials/scripts/interbotix_texture.gazebo
[0.693s] -- Up-to-date: /home/locobot/LoCoBotRos/interbotix_ws/install/interbotix_common_sim/share/interbotix_common_sim/media/materials/scripts/interbotix_black.material
[0.693s] -- Up-to-date: /home/locobot/LoCoBotRos/interbotix_ws/install/interbotix_common_sim/share/interbotix_common_sim/media/interbotix_black.png
[0.693s] -- Up-to-date: /home/locobot/LoCoBotRos/interbotix_ws/install/interbotix_common_sim/share/ament_index/resource_index/package_run_dependencies/interbotix_common_sim
[0.693s] -- Up-to-date: /home/locobot/LoCoBotRos/interbotix_ws/install/interbotix_common_sim/share/ament_index/resource_index/parent_prefix_path/interbotix_common_sim
[0.693s] -- Up-to-date: /home/locobot/LoCoBotRos/interbotix_ws/install/interbotix_common_sim/share/interbotix_common_sim/environment/ament_prefix_path.sh
[0.693s] -- Installing: /home/locobot/LoCoBotRos/interbotix_ws/install/interbotix_common_sim/share/interbotix_common_sim/environment/ament_prefix_path.dsv
[0.693s] -- Up-to-date: /home/locobot/LoCoBotRos/interbotix_ws/install/interbotix_common_sim/share/interbotix_common_sim/environment/path.sh
[0.693s] -- Installing: /home/locobot/LoCoBotRos/interbotix_ws/install/interbotix_common_sim/share/interbotix_common_sim/environment/path.dsv
[0.693s] -- Up-to-date: /home/locobot/LoCoBotRos/interbotix_ws/install/interbotix_common_sim/share/interbotix_common_sim/local_setup.bash
[0.694s] -- Up-to-date: /home/locobot/LoCoBotRos/interbotix_ws/install/interbotix_common_sim/share/interbotix_common_sim/local_setup.sh
[0.694s] -- Up-to-date: /home/locobot/LoCoBotRos/interbotix_ws/install/interbotix_common_sim/share/interbotix_common_sim/local_setup.zsh
[0.694s] -- Installing: /home/locobot/LoCoBotRos/interbotix_ws/install/interbotix_common_sim/share/interbotix_common_sim/local_setup.dsv
[0.694s] -- Installing: /home/locobot/LoCoBotRos/interbotix_ws/install/interbotix_common_sim/share/interbotix_common_sim/package.dsv
[0.694s] -- Up-to-date: /home/locobot/LoCoBotRos/interbotix_ws/install/interbotix_common_sim/share/ament_index/resource_index/packages/interbotix_common_sim
[0.694s] -- Up-to-date: /home/locobot/LoCoBotRos/interbotix_ws/install/interbotix_common_sim/share/interbotix_common_sim/cmake/interbotix_common_simConfig.cmake
[0.694s] -- Up-to-date: /home/locobot/LoCoBotRos/interbotix_ws/install/interbotix_common_sim/share/interbotix_common_sim/cmake/interbotix_common_simConfig-version.cmake
[0.694s] -- Up-to-date: /home/locobot/LoCoBotRos/interbotix_ws/install/interbotix_common_sim/share/interbotix_common_sim/package.xml
[0.711s] Invoked command in '/home/locobot/LoCoBotRos/interbotix_ws/build/interbotix_common_sim' returned '0': CMAKE_PREFIX_PATH=${CMAKE_PREFIX_PATH}:/opt/ros/humble /usr/bin/cmake --install /home/locobot/LoCoBotRos/interbotix_ws/build/interbotix_common_sim
