[0.007s] Invoking command in '/home/locobot/LoCoBotRos/interbotix_ws/build/ecl_mpl': CMAKE_PREFIX_PATH=${CMAKE_PREFIX_PATH}:/opt/ros/humble /usr/bin/cmake /home/locobot/LoCoBotRos/interbotix_ws/src/ecl_core/ecl_mpl -DCMAKE_INSTALL_PREFIX=/home/locobot/LoCoBotRos/interbotix_ws/install/ecl_mpl
[0.017s] -- Found ament_cmake_ros: 0.10.0 (/opt/ros/humble/share/ament_cmake_ros/cmake)
[0.108s] -- Found ecl_build: 1.0.3 (/opt/ros/humble/share/ecl_build/cmake)
[0.115s] -- Found ament_lint_auto: 0.12.12 (/opt/ros/humble/share/ament_lint_auto/cmake)
[0.166s] -- Found gtest sources under '/opt/ros/humble/src/gtest_vendor': C++ tests using 'Google Test' will be built
[0.218s] -- Configuring done
[0.231s] -- Generating done
[0.234s] -- Build files have been written to: /home/locobot/LoCoBotRos/interbotix_ws/build/ecl_mpl
[0.239s] Invoked command in '/home/locobot/LoCoBotRos/interbotix_ws/build/ecl_mpl' returned '0': CMAKE_PREFIX_PATH=${CMAKE_PREFIX_PATH}:/opt/ros/humble /usr/bin/cmake /home/locobot/LoCoBotRos/interbotix_ws/src/ecl_core/ecl_mpl -DCMAKE_INSTALL_PREFIX=/home/locobot/LoCoBotRos/interbotix_ws/install/ecl_mpl
[0.240s] Invoking command in '/home/locobot/LoCoBotRos/interbotix_ws/build/ecl_mpl': CMAKE_PREFIX_PATH=${CMAKE_PREFIX_PATH}:/opt/ros/humble /usr/bin/cmake --build /home/locobot/LoCoBotRos/interbotix_ws/build/ecl_mpl -- -j16 -l16
[0.266s] [35m[1mConsolidate compiler generated dependencies of target gtest_main[0m
[0.266s] [35m[1mConsolidate compiler generated dependencies of target gtest[0m
[0.275s] [ 33%] Built target gtest_main
[0.275s] [ 66%] Built target gtest
[0.282s] [35m[1mConsolidate compiler generated dependencies of target test_enable_if[0m
[0.291s] [100%] Built target test_enable_if
[0.298s] Invoked command in '/home/locobot/LoCoBotRos/interbotix_ws/build/ecl_mpl' returned '0': CMAKE_PREFIX_PATH=${CMAKE_PREFIX_PATH}:/opt/ros/humble /usr/bin/cmake --build /home/locobot/LoCoBotRos/interbotix_ws/build/ecl_mpl -- -j16 -l16
[0.300s] Invoking command in '/home/locobot/LoCoBotRos/interbotix_ws/build/ecl_mpl': CMAKE_PREFIX_PATH=${CMAKE_PREFIX_PATH}:/opt/ros/humble /usr/bin/cmake --install /home/locobot/LoCoBotRos/interbotix_ws/build/ecl_mpl
[0.305s] -- Install configuration: "Debug"
[0.306s] -- Up-to-date: /home/locobot/LoCoBotRos/interbotix_ws/install/ecl_mpl/share/ament_index/resource_index/package_run_dependencies/ecl_mpl
[0.306s] -- Installing: /home/locobot/LoCoBotRos/interbotix_ws/install/ecl_mpl/share/ament_index/resource_index/parent_prefix_path/ecl_mpl
[0.306s] -- Up-to-date: /home/locobot/LoCoBotRos/interbotix_ws/install/ecl_mpl/share/ecl_mpl/environment/ament_prefix_path.sh
[0.306s] -- Installing: /home/locobot/LoCoBotRos/interbotix_ws/install/ecl_mpl/share/ecl_mpl/environment/ament_prefix_path.dsv
[0.306s] -- Up-to-date: /home/locobot/LoCoBotRos/interbotix_ws/install/ecl_mpl/share/ecl_mpl/environment/path.sh
[0.306s] -- Installing: /home/locobot/LoCoBotRos/interbotix_ws/install/ecl_mpl/share/ecl_mpl/environment/path.dsv
[0.306s] -- Up-to-date: /home/locobot/LoCoBotRos/interbotix_ws/install/ecl_mpl/share/ecl_mpl/local_setup.bash
[0.306s] -- Up-to-date: /home/locobot/LoCoBotRos/interbotix_ws/install/ecl_mpl/share/ecl_mpl/local_setup.sh
[0.307s] -- Up-to-date: /home/locobot/LoCoBotRos/interbotix_ws/install/ecl_mpl/share/ecl_mpl/local_setup.zsh
[0.307s] -- Installing: /home/locobot/LoCoBotRos/interbotix_ws/install/ecl_mpl/share/ecl_mpl/local_setup.dsv
[0.307s] -- Installing: /home/locobot/LoCoBotRos/interbotix_ws/install/ecl_mpl/share/ecl_mpl/package.dsv
[0.307s] -- Up-to-date: /home/locobot/LoCoBotRos/interbotix_ws/install/ecl_mpl/share/ament_index/resource_index/packages/ecl_mpl
[0.307s] -- Up-to-date: /home/locobot/LoCoBotRos/interbotix_ws/install/ecl_mpl/share/ecl_mpl/cmake/ecl_mplExport.cmake
[0.307s] -- Up-to-date: /home/locobot/LoCoBotRos/interbotix_ws/install/ecl_mpl/share/ecl_mpl/cmake/ament_cmake_export_targets-extras.cmake
[0.307s] -- Up-to-date: /home/locobot/LoCoBotRos/interbotix_ws/install/ecl_mpl/share/ecl_mpl/cmake/ament_cmake_export_include_directories-extras.cmake
[0.307s] -- Up-to-date: /home/locobot/LoCoBotRos/interbotix_ws/install/ecl_mpl/share/ecl_mpl/cmake/ecl_mplConfig.cmake
[0.307s] -- Up-to-date: /home/locobot/LoCoBotRos/interbotix_ws/install/ecl_mpl/share/ecl_mpl/cmake/ecl_mplConfig-version.cmake
[0.307s] -- Up-to-date: /home/locobot/LoCoBotRos/interbotix_ws/install/ecl_mpl/share/ecl_mpl/package.xml
[0.307s] -- Up-to-date: /home/locobot/LoCoBotRos/interbotix_ws/install/ecl_mpl/include/ecl/mpl.hpp
[0.308s] -- Up-to-date: /home/locobot/LoCoBotRos/interbotix_ws/install/ecl_mpl/include/ecl/mpl/bool.hpp
[0.308s] -- Up-to-date: /home/locobot/LoCoBotRos/interbotix_ws/install/ecl_mpl/include/ecl/mpl/converters.hpp
[0.308s] -- Up-to-date: /home/locobot/LoCoBotRos/interbotix_ws/install/ecl_mpl/include/ecl/mpl/enable_if.hpp
[0.308s] -- Up-to-date: /home/locobot/LoCoBotRos/interbotix_ws/install/ecl_mpl/include/ecl/mpl/failed_object.hpp
[0.308s] -- Up-to-date: /home/locobot/LoCoBotRos/interbotix_ws/install/ecl_mpl/include/ecl/mpl/if.hpp
[0.310s] Invoked command in '/home/locobot/LoCoBotRos/interbotix_ws/build/ecl_mpl' returned '0': CMAKE_PREFIX_PATH=${CMAKE_PREFIX_PATH}:/opt/ros/humble /usr/bin/cmake --install /home/locobot/LoCoBotRos/interbotix_ws/build/ecl_mpl
