[0.186s] Invoking command in '/home/locobot/LoCoBotRos/interbotix_ws/build/srdfdom': CMAKE_PREFIX_PATH=${CMAKE_PREFIX_PATH}:/home/locobot/LoCoBotRos/interbotix_ws/install/moveit_configs_utils:/home/locobot/LoCoBotRos/interbotix_ws/install/launch_param_builder:/home/locobot/LoCoBotRos/interbotix_ws/install/interbotix_xs_modules:/home/locobot/LoCoBotRos/interbotix_ws/install/interbotix_common_modules:/opt/ros/humble /usr/bin/cmake --build /home/locobot/LoCoBotRos/interbotix_ws/build/srdfdom -- -j16 -l16
[0.557s] [ 18%] Built target gtest_main
[0.558s] [ 36%] Built target gtest
[0.558s] [ 63%] Built target srdfdom
[0.558s] [ 63%] Built target ament_cmake_python_copy_srdfdom
[0.558s] [ 81%] Built target test_cpp_nl_NL.UTF-8
[0.558s] [100%] Built target test_cpp_C
[0.577s] running egg_info
[0.577s] writing srdfdom.egg-info/PKG-INFO
[0.577s] writing dependency_links to srdfdom.egg-info/dependency_links.txt
[0.577s] writing top-level names to srdfdom.egg-info/top_level.txt
[0.593s] reading manifest file 'srdfdom.egg-info/SOURCES.txt'
[0.598s] writing manifest file 'srdfdom.egg-info/SOURCES.txt'
[0.674s] [100%] Built target ament_cmake_python_build_srdfdom_egg
[1.112s] Invoked command in '/home/locobot/LoCoBotRos/interbotix_ws/build/srdfdom' returned '0': CMAKE_PREFIX_PATH=${CMAKE_PREFIX_PATH}:/home/locobot/LoCoBotRos/interbotix_ws/install/moveit_configs_utils:/home/locobot/LoCoBotRos/interbotix_ws/install/launch_param_builder:/home/locobot/LoCoBotRos/interbotix_ws/install/interbotix_xs_modules:/home/locobot/LoCoBotRos/interbotix_ws/install/interbotix_common_modules:/opt/ros/humble /usr/bin/cmake --build /home/locobot/LoCoBotRos/interbotix_ws/build/srdfdom -- -j16 -l16
[1.137s] Invoking command in '/home/locobot/LoCoBotRos/interbotix_ws/build/srdfdom': CMAKE_PREFIX_PATH=${CMAKE_PREFIX_PATH}:/home/locobot/LoCoBotRos/interbotix_ws/install/moveit_configs_utils:/home/locobot/LoCoBotRos/interbotix_ws/install/launch_param_builder:/home/locobot/LoCoBotRos/interbotix_ws/install/interbotix_xs_modules:/home/locobot/LoCoBotRos/interbotix_ws/install/interbotix_common_modules:/opt/ros/humble /usr/bin/cmake --install /home/locobot/LoCoBotRos/interbotix_ws/build/srdfdom
[1.152s] -- Install configuration: "Release"
[1.152s] -- Up-to-date: /home/locobot/LoCoBotRos/interbotix_ws/install/srdfdom/lib/libsrdfdom.so.2.0.8
[1.153s] -- Up-to-date: /home/locobot/LoCoBotRos/interbotix_ws/install/srdfdom/lib/libsrdfdom.so
[1.153s] -- Up-to-date: /home/locobot/LoCoBotRos/interbotix_ws/install/srdfdom/include/srdfdom
[1.153s] -- Up-to-date: /home/locobot/LoCoBotRos/interbotix_ws/install/srdfdom/include/srdfdom/srdfdom
[1.153s] -- Up-to-date: /home/locobot/LoCoBotRos/interbotix_ws/install/srdfdom/include/srdfdom/srdfdom/srdf_writer.h
[1.153s] -- Up-to-date: /home/locobot/LoCoBotRos/interbotix_ws/install/srdfdom/include/srdfdom/srdfdom/visibility_control.h
[1.153s] -- Up-to-date: /home/locobot/LoCoBotRos/interbotix_ws/install/srdfdom/include/srdfdom/srdfdom/model.h
[1.153s] -- Up-to-date: /home/locobot/LoCoBotRos/interbotix_ws/install/srdfdom/lib/srdfdom/display_srdf
[1.153s] -- Up-to-date: /home/locobot/LoCoBotRos/interbotix_ws/install/srdfdom/share/srdfdom/environment/pythonpath.sh
[1.153s] -- Up-to-date: /home/locobot/LoCoBotRos/interbotix_ws/install/srdfdom/share/srdfdom/environment/pythonpath.dsv
[1.155s] -- Up-to-date: /home/locobot/LoCoBotRos/interbotix_ws/install/srdfdom/local/lib/python3.10/dist-packages/srdfdom-2.0.8-py3.10.egg-info
[1.156s] -- Installing: /home/locobot/LoCoBotRos/interbotix_ws/install/srdfdom/local/lib/python3.10/dist-packages/srdfdom-2.0.8-py3.10.egg-info/dependency_links.txt
[1.157s] -- Installing: /home/locobot/LoCoBotRos/interbotix_ws/install/srdfdom/local/lib/python3.10/dist-packages/srdfdom-2.0.8-py3.10.egg-info/PKG-INFO
[1.157s] -- Installing: /home/locobot/LoCoBotRos/interbotix_ws/install/srdfdom/local/lib/python3.10/dist-packages/srdfdom-2.0.8-py3.10.egg-info/SOURCES.txt
[1.157s] -- Installing: /home/locobot/LoCoBotRos/interbotix_ws/install/srdfdom/local/lib/python3.10/dist-packages/srdfdom-2.0.8-py3.10.egg-info/top_level.txt
[1.157s] -- Up-to-date: /home/locobot/LoCoBotRos/interbotix_ws/install/srdfdom/local/lib/python3.10/dist-packages/srdfdom
[1.157s] -- Up-to-date: /home/locobot/LoCoBotRos/interbotix_ws/install/srdfdom/local/lib/python3.10/dist-packages/srdfdom/srdf.py
[1.157s] -- Up-to-date: /home/locobot/LoCoBotRos/interbotix_ws/install/srdfdom/local/lib/python3.10/dist-packages/srdfdom/__init__.py
[1.181s] Listing '/home/locobot/LoCoBotRos/interbotix_ws/install/srdfdom/local/lib/python3.10/dist-packages/srdfdom'...
[1.184s] -- Up-to-date: /home/locobot/LoCoBotRos/interbotix_ws/install/srdfdom/share/srdfdom/environment/library_path.sh
[1.184s] -- Up-to-date: /home/locobot/LoCoBotRos/interbotix_ws/install/srdfdom/share/srdfdom/environment/library_path.dsv
[1.184s] -- Up-to-date: /home/locobot/LoCoBotRos/interbotix_ws/install/srdfdom/share/ament_index/resource_index/package_run_dependencies/srdfdom
[1.184s] -- Up-to-date: /home/locobot/LoCoBotRos/interbotix_ws/install/srdfdom/share/ament_index/resource_index/parent_prefix_path/srdfdom
[1.184s] -- Up-to-date: /home/locobot/LoCoBotRos/interbotix_ws/install/srdfdom/share/srdfdom/environment/ament_prefix_path.sh
[1.184s] -- Up-to-date: /home/locobot/LoCoBotRos/interbotix_ws/install/srdfdom/share/srdfdom/environment/ament_prefix_path.dsv
[1.184s] -- Up-to-date: /home/locobot/LoCoBotRos/interbotix_ws/install/srdfdom/share/srdfdom/environment/path.sh
[1.185s] -- Up-to-date: /home/locobot/LoCoBotRos/interbotix_ws/install/srdfdom/share/srdfdom/environment/path.dsv
[1.185s] -- Up-to-date: /home/locobot/LoCoBotRos/interbotix_ws/install/srdfdom/share/srdfdom/local_setup.bash
[1.185s] -- Up-to-date: /home/locobot/LoCoBotRos/interbotix_ws/install/srdfdom/share/srdfdom/local_setup.sh
[1.185s] -- Up-to-date: /home/locobot/LoCoBotRos/interbotix_ws/install/srdfdom/share/srdfdom/local_setup.zsh
[1.185s] -- Up-to-date: /home/locobot/LoCoBotRos/interbotix_ws/install/srdfdom/share/srdfdom/local_setup.dsv
[1.185s] -- Installing: /home/locobot/LoCoBotRos/interbotix_ws/install/srdfdom/share/srdfdom/package.dsv
[1.185s] -- Up-to-date: /home/locobot/LoCoBotRos/interbotix_ws/install/srdfdom/share/ament_index/resource_index/packages/srdfdom
[1.185s] -- Up-to-date: /home/locobot/LoCoBotRos/interbotix_ws/install/srdfdom/share/srdfdom/cmake/srdfdomTargetsExport.cmake
[1.186s] -- Up-to-date: /home/locobot/LoCoBotRos/interbotix_ws/install/srdfdom/share/srdfdom/cmake/srdfdomTargetsExport-release.cmake
[1.186s] -- Up-to-date: /home/locobot/LoCoBotRos/interbotix_ws/install/srdfdom/share/srdfdom/cmake/ament_cmake_export_targets-extras.cmake
[1.186s] -- Up-to-date: /home/locobot/LoCoBotRos/interbotix_ws/install/srdfdom/share/srdfdom/cmake/ament_cmake_export_dependencies-extras.cmake
[1.186s] -- Up-to-date: /home/locobot/LoCoBotRos/interbotix_ws/install/srdfdom/share/srdfdom/cmake/srdfdomConfig.cmake
[1.186s] -- Up-to-date: /home/locobot/LoCoBotRos/interbotix_ws/install/srdfdom/share/srdfdom/cmake/srdfdomConfig-version.cmake
[1.186s] -- Up-to-date: /home/locobot/LoCoBotRos/interbotix_ws/install/srdfdom/share/srdfdom/package.xml
[1.506s] Invoked command in '/home/locobot/LoCoBotRos/interbotix_ws/build/srdfdom' returned '0': CMAKE_PREFIX_PATH=${CMAKE_PREFIX_PATH}:/home/locobot/LoCoBotRos/interbotix_ws/install/moveit_configs_utils:/home/locobot/LoCoBotRos/interbotix_ws/install/launch_param_builder:/home/locobot/LoCoBotRos/interbotix_ws/install/interbotix_xs_modules:/home/locobot/LoCoBotRos/interbotix_ws/install/interbotix_common_modules:/opt/ros/humble /usr/bin/cmake --install /home/locobot/LoCoBotRos/interbotix_ws/build/srdfdom
