[1.358s] Invoking command in '/home/locobot/LoCoBotRos/interbotix_ws/src/launch_param_builder': PYTHONPATH=/home/locobot/LoCoBotRos/interbotix_ws/build/launch_param_builder/prefix_override:/usr/lib/python3/dist-packages/colcon_core/task/python/colcon_distutils_commands:/home/locobot/LoCoBotRos/interbotix_ws/install/launch_param_builder/lib/python3.10/site-packages:${PYTHONPATH} /usr/bin/python3 -W ignore:setup.py install is deprecated -W ignore:easy_install command is deprecated setup.py egg_info --egg-base ../../build/launch_param_builder build --build-base /home/locobot/LoCoBotRos/interbotix_ws/build/launch_param_builder/build install --record /home/locobot/LoCoBotRos/interbotix_ws/build/launch_param_builder/install.log --single-version-externally-managed install_data
[1.685s] running egg_info
[1.686s] writing ../../build/launch_param_builder/launch_param_builder.egg-info/PKG-INFO
[1.686s] writing dependency_links to ../../build/launch_param_builder/launch_param_builder.egg-info/dependency_links.txt
[1.686s] writing entry points to ../../build/launch_param_builder/launch_param_builder.egg-info/entry_points.txt
[1.686s] writing requirements to ../../build/launch_param_builder/launch_param_builder.egg-info/requires.txt
[1.686s] writing top-level names to ../../build/launch_param_builder/launch_param_builder.egg-info/top_level.txt
[1.686s] reading manifest file '../../build/launch_param_builder/launch_param_builder.egg-info/SOURCES.txt'
[1.686s] adding license file 'LICENSE'
[1.686s] writing manifest file '../../build/launch_param_builder/launch_param_builder.egg-info/SOURCES.txt'
[1.686s] running build
[1.687s] running build_py
[1.687s] running install
[1.687s] running install_lib
[1.687s] running install_data
[1.692s] running install_egg_info
[1.692s] removing '/home/locobot/LoCoBotRos/interbotix_ws/install/launch_param_builder/lib/python3.10/site-packages/launch_param_builder-0.1.1-py3.10.egg-info' (and everything under it)
[1.692s] Copying ../../build/launch_param_builder/launch_param_builder.egg-info to /home/locobot/LoCoBotRos/interbotix_ws/install/launch_param_builder/lib/python3.10/site-packages/launch_param_builder-0.1.1-py3.10.egg-info
[1.692s] running install_scripts
[1.719s] writing list of installed files to '/home/locobot/LoCoBotRos/interbotix_ws/build/launch_param_builder/install.log'
[1.960s] Invoked command in '/home/locobot/LoCoBotRos/interbotix_ws/src/launch_param_builder' returned '0': PYTHONPATH=/home/locobot/LoCoBotRos/interbotix_ws/build/launch_param_builder/prefix_override:/usr/lib/python3/dist-packages/colcon_core/task/python/colcon_distutils_commands:/home/locobot/LoCoBotRos/interbotix_ws/install/launch_param_builder/lib/python3.10/site-packages:${PYTHONPATH} /usr/bin/python3 -W ignore:setup.py install is deprecated -W ignore:easy_install command is deprecated setup.py egg_info --egg-base ../../build/launch_param_builder build --build-base /home/locobot/LoCoBotRos/interbotix_ws/build/launch_param_builder/build install --record /home/locobot/LoCoBotRos/interbotix_ws/build/launch_param_builder/install.log --single-version-externally-managed install_data
