[0.025s] Invoking command in '/home/locobot/LoCoBotRos/interbotix_ws/build/sllidar_ros2': CMAKE_PREFIX_PATH=${CMAKE_PREFIX_PATH}:/home/locobot/LoCoBotRos/interbotix_ws/install/moveit_configs_utils:/home/locobot/LoCoBotRos/interbotix_ws/install/launch_param_builder:/home/locobot/LoCoBotRos/interbotix_ws/install/interbotix_xs_modules:/home/locobot/LoCoBotRos/interbotix_ws/install/interbotix_common_modules:/opt/ros/humble /usr/bin/cmake --build /home/locobot/LoCoBotRos/interbotix_ws/build/sllidar_ros2 -- -j16 -l16
[0.112s] [ 10%] Built target sllidar_client
[0.118s] [100%] Built target sllidar_node
[0.165s] Invoked command in '/home/locobot/LoCoBotRos/interbotix_ws/build/sllidar_ros2' returned '0': CMAKE_PREFIX_PATH=${CMAKE_PREFIX_PATH}:/home/locobot/LoCoBotRos/interbotix_ws/install/moveit_configs_utils:/home/locobot/LoCoBotRos/interbotix_ws/install/launch_param_builder:/home/locobot/LoCoBotRos/interbotix_ws/install/interbotix_xs_modules:/home/locobot/LoCoBotRos/interbotix_ws/install/interbotix_common_modules:/opt/ros/humble /usr/bin/cmake --build /home/locobot/LoCoBotRos/interbotix_ws/build/sllidar_ros2 -- -j16 -l16
[0.167s] Invoking command in '/home/locobot/LoCoBotRos/interbotix_ws/build/sllidar_ros2': CMAKE_PREFIX_PATH=${CMAKE_PREFIX_PATH}:/home/locobot/LoCoBotRos/interbotix_ws/install/moveit_configs_utils:/home/locobot/LoCoBotRos/interbotix_ws/install/launch_param_builder:/home/locobot/LoCoBotRos/interbotix_ws/install/interbotix_xs_modules:/home/locobot/LoCoBotRos/interbotix_ws/install/interbotix_common_modules:/opt/ros/humble /usr/bin/cmake --install /home/locobot/LoCoBotRos/interbotix_ws/build/sllidar_ros2
[0.183s] -- Install configuration: "Release"
[0.184s] -- Up-to-date: /home/locobot/LoCoBotRos/interbotix_ws/install/sllidar_ros2/share/sllidar_ros2/launch
[0.185s] -- Up-to-date: /home/locobot/LoCoBotRos/interbotix_ws/install/sllidar_ros2/share/sllidar_ros2/launch/sllidar_s1_tcp_launch.py
[0.185s] -- Up-to-date: /home/locobot/LoCoBotRos/interbotix_ws/install/sllidar_ros2/share/sllidar_ros2/launch/view_sllidar_a2m7_launch.py
[0.185s] -- Up-to-date: /home/locobot/LoCoBotRos/interbotix_ws/install/sllidar_ros2/share/sllidar_ros2/launch/sllidar_a1_launch.py
[0.185s] -- Up-to-date: /home/locobot/LoCoBotRos/interbotix_ws/install/sllidar_ros2/share/sllidar_ros2/launch/view_sllidar_s2e_launch.py
[0.185s] -- Up-to-date: /home/locobot/LoCoBotRos/interbotix_ws/install/sllidar_ros2/share/sllidar_ros2/launch/view_sllidar_s1_launch.py
[0.185s] -- Up-to-date: /home/locobot/LoCoBotRos/interbotix_ws/install/sllidar_ros2/share/sllidar_ros2/launch/view_sllidar_a1_launch.py
[0.186s] -- Up-to-date: /home/locobot/LoCoBotRos/interbotix_ws/install/sllidar_ros2/share/sllidar_ros2/launch/view_sllidar_s2_launch.py
[0.186s] -- Up-to-date: /home/locobot/LoCoBotRos/interbotix_ws/install/sllidar_ros2/share/sllidar_ros2/launch/sllidar_a2m12_launch .py
[0.186s] -- Up-to-date: /home/locobot/LoCoBotRos/interbotix_ws/install/sllidar_ros2/share/sllidar_ros2/launch/sllidar_t1_launch.py
[0.186s] -- Up-to-date: /home/locobot/LoCoBotRos/interbotix_ws/install/sllidar_ros2/share/sllidar_ros2/launch/sllidar_s2_launch.py
[0.186s] -- Up-to-date: /home/locobot/LoCoBotRos/interbotix_ws/install/sllidar_ros2/share/sllidar_ros2/launch/view_sllidar_a3_launch.py
[0.186s] -- Up-to-date: /home/locobot/LoCoBotRos/interbotix_ws/install/sllidar_ros2/share/sllidar_ros2/launch/view_sllidar_c1_launch.py
[0.186s] -- Up-to-date: /home/locobot/LoCoBotRos/interbotix_ws/install/sllidar_ros2/share/sllidar_ros2/launch/sllidar_a3_launch.py
[0.187s] -- Up-to-date: /home/locobot/LoCoBotRos/interbotix_ws/install/sllidar_ros2/share/sllidar_ros2/launch/sllidar_s3_launch.py
[0.187s] -- Up-to-date: /home/locobot/LoCoBotRos/interbotix_ws/install/sllidar_ros2/share/sllidar_ros2/launch/view_sllidar_a2m8_launch.py
[0.187s] -- Up-to-date: /home/locobot/LoCoBotRos/interbotix_ws/install/sllidar_ros2/share/sllidar_ros2/launch/sllidar_a2m7_launch.py
[0.187s] -- Up-to-date: /home/locobot/LoCoBotRos/interbotix_ws/install/sllidar_ros2/share/sllidar_ros2/launch/view_sllidar_s3_launch.py
[0.187s] -- Up-to-date: /home/locobot/LoCoBotRos/interbotix_ws/install/sllidar_ros2/share/sllidar_ros2/launch/sllidar_s2e_launch.py
[0.187s] -- Up-to-date: /home/locobot/LoCoBotRos/interbotix_ws/install/sllidar_ros2/share/sllidar_ros2/launch/sllidar_s1_launch.py
[0.187s] -- Up-to-date: /home/locobot/LoCoBotRos/interbotix_ws/install/sllidar_ros2/share/sllidar_ros2/launch/view_sllidar_a2m12_launch.py
[0.188s] -- Up-to-date: /home/locobot/LoCoBotRos/interbotix_ws/install/sllidar_ros2/share/sllidar_ros2/launch/sllidar_a2m8_launch.py
[0.188s] -- Up-to-date: /home/locobot/LoCoBotRos/interbotix_ws/install/sllidar_ros2/share/sllidar_ros2/launch/view_sllidar_t1_launch.py
[0.188s] -- Up-to-date: /home/locobot/LoCoBotRos/interbotix_ws/install/sllidar_ros2/share/sllidar_ros2/launch/sllidar_c1_launch.py
[0.188s] -- Up-to-date: /home/locobot/LoCoBotRos/interbotix_ws/install/sllidar_ros2/share/sllidar_ros2/launch/view_sllidar_s1_tcp_launch.py
[0.188s] -- Up-to-date: /home/locobot/LoCoBotRos/interbotix_ws/install/sllidar_ros2/share/sllidar_ros2/rviz
[0.188s] -- Up-to-date: /home/locobot/LoCoBotRos/interbotix_ws/install/sllidar_ros2/share/sllidar_ros2/rviz/sllidar_ros2.rviz
[0.190s] -- Up-to-date: /home/locobot/LoCoBotRos/interbotix_ws/install/sllidar_ros2/lib/sllidar_ros2/sllidar_node
[0.190s] -- Up-to-date: /home/locobot/LoCoBotRos/interbotix_ws/install/sllidar_ros2/lib/sllidar_ros2/sllidar_client
[0.190s] -- Up-to-date: /home/locobot/LoCoBotRos/interbotix_ws/install/sllidar_ros2/share/ament_index/resource_index/package_run_dependencies/sllidar_ros2
[0.190s] -- Up-to-date: /home/locobot/LoCoBotRos/interbotix_ws/install/sllidar_ros2/share/ament_index/resource_index/parent_prefix_path/sllidar_ros2
[0.190s] -- Up-to-date: /home/locobot/LoCoBotRos/interbotix_ws/install/sllidar_ros2/share/sllidar_ros2/environment/ament_prefix_path.sh
[0.191s] -- Up-to-date: /home/locobot/LoCoBotRos/interbotix_ws/install/sllidar_ros2/share/sllidar_ros2/environment/ament_prefix_path.dsv
[0.191s] -- Up-to-date: /home/locobot/LoCoBotRos/interbotix_ws/install/sllidar_ros2/share/sllidar_ros2/environment/path.sh
[0.191s] -- Up-to-date: /home/locobot/LoCoBotRos/interbotix_ws/install/sllidar_ros2/share/sllidar_ros2/environment/path.dsv
[0.191s] -- Up-to-date: /home/locobot/LoCoBotRos/interbotix_ws/install/sllidar_ros2/share/sllidar_ros2/local_setup.bash
[0.191s] -- Up-to-date: /home/locobot/LoCoBotRos/interbotix_ws/install/sllidar_ros2/share/sllidar_ros2/local_setup.sh
[0.191s] -- Up-to-date: /home/locobot/LoCoBotRos/interbotix_ws/install/sllidar_ros2/share/sllidar_ros2/local_setup.zsh
[0.191s] -- Up-to-date: /home/locobot/LoCoBotRos/interbotix_ws/install/sllidar_ros2/share/sllidar_ros2/local_setup.dsv
[0.191s] -- Installing: /home/locobot/LoCoBotRos/interbotix_ws/install/sllidar_ros2/share/sllidar_ros2/package.dsv
[0.191s] -- Up-to-date: /home/locobot/LoCoBotRos/interbotix_ws/install/sllidar_ros2/share/ament_index/resource_index/packages/sllidar_ros2
[0.191s] -- Up-to-date: /home/locobot/LoCoBotRos/interbotix_ws/install/sllidar_ros2/share/sllidar_ros2/cmake/ament_cmake_export_dependencies-extras.cmake
[0.191s] -- Up-to-date: /home/locobot/LoCoBotRos/interbotix_ws/install/sllidar_ros2/share/sllidar_ros2/cmake/ament_cmake_export_include_directories-extras.cmake
[0.191s] -- Up-to-date: /home/locobot/LoCoBotRos/interbotix_ws/install/sllidar_ros2/share/sllidar_ros2/cmake/sllidar_ros2Config.cmake
[0.191s] -- Up-to-date: /home/locobot/LoCoBotRos/interbotix_ws/install/sllidar_ros2/share/sllidar_ros2/cmake/sllidar_ros2Config-version.cmake
[0.191s] -- Up-to-date: /home/locobot/LoCoBotRos/interbotix_ws/install/sllidar_ros2/share/sllidar_ros2/package.xml
[0.212s] Invoked command in '/home/locobot/LoCoBotRos/interbotix_ws/build/sllidar_ros2' returned '0': CMAKE_PREFIX_PATH=${CMAKE_PREFIX_PATH}:/home/locobot/LoCoBotRos/interbotix_ws/install/moveit_configs_utils:/home/locobot/LoCoBotRos/interbotix_ws/install/launch_param_builder:/home/locobot/LoCoBotRos/interbotix_ws/install/interbotix_xs_modules:/home/locobot/LoCoBotRos/interbotix_ws/install/interbotix_common_modules:/opt/ros/humble /usr/bin/cmake --install /home/locobot/LoCoBotRos/interbotix_ws/build/sllidar_ros2
