[0.096s] Invoking command in '/home/locobot/LoCoBotRos/interbotix_ws/build/sllidar_ros2': CMAKE_PREFIX_PATH=${CMAKE_PREFIX_PATH}:/opt/ros/humble /usr/bin/cmake /home/locobot/LoCoBotRos/interbotix_ws/src/sllidar_ros2 -DCMAKE_INSTALL_PREFIX=/home/locobot/LoCoBotRos/interbotix_ws/install/sllidar_ros2
[0.389s] -- Found ament_cmake: 1.3.11 (/opt/ros/humble/share/ament_cmake/cmake)
[0.389s] -- Found rclcpp: 16.0.12 (/opt/ros/humble/share/rclcpp/cmake)
[0.389s] -- Found rosidl_generator_c: 3.1.6 (/opt/ros/humble/share/rosidl_generator_c/cmake)
[0.389s] -- Found rosidl_adapter: 3.1.6 (/opt/ros/humble/share/rosidl_adapter/cmake)
[0.394s] -- Found rosidl_generator_cpp: 3.1.6 (/opt/ros/humble/share/rosidl_generator_cpp/cmake)
[0.405s] -- Using all available rosidl_typesupport_c: rosidl_typesupport_fastrtps_c;rosidl_typesupport_introspection_c
[0.427s] -- Using all available rosidl_typesupport_cpp: rosidl_typesupport_fastrtps_cpp;rosidl_typesupport_introspection_cpp
[0.480s] -- Found rmw_implementation_cmake: 6.1.2 (/opt/ros/humble/share/rmw_implementation_cmake/cmake)
[0.481s] -- Found rmw_fastrtps_cpp: 6.2.7 (/opt/ros/humble/share/rmw_fastrtps_cpp/cmake)
[0.607s] -- Using RMW implementation 'rmw_fastrtps_cpp' as default
[0.667s] -- Found sensor_msgs: 4.9.0 (/opt/ros/humble/share/sensor_msgs/cmake)
[0.708s] -- Found std_srvs: 4.9.0 (/opt/ros/humble/share/std_srvs/cmake)
[0.871s] -- Configuring done
[0.917s] -- Generating done
[0.926s] -- Build files have been written to: /home/locobot/LoCoBotRos/interbotix_ws/build/sllidar_ros2
[0.950s] Invoked command in '/home/locobot/LoCoBotRos/interbotix_ws/build/sllidar_ros2' returned '0': CMAKE_PREFIX_PATH=${CMAKE_PREFIX_PATH}:/opt/ros/humble /usr/bin/cmake /home/locobot/LoCoBotRos/interbotix_ws/src/sllidar_ros2 -DCMAKE_INSTALL_PREFIX=/home/locobot/LoCoBotRos/interbotix_ws/install/sllidar_ros2
[0.951s] Invoking command in '/home/locobot/LoCoBotRos/interbotix_ws/build/sllidar_ros2': CMAKE_PREFIX_PATH=${CMAKE_PREFIX_PATH}:/opt/ros/humble /usr/bin/cmake --build /home/locobot/LoCoBotRos/interbotix_ws/build/sllidar_ros2 -- -j16 -l16
[1.107s] [35m[1mConsolidate compiler generated dependencies of target sllidar_client[0m
[1.108s] [35m[1mConsolidate compiler generated dependencies of target sllidar_node[0m
[1.108s] [ 10%] Built target sllidar_client
[1.108s] [100%] Built target sllidar_node
[1.422s] Invoked command in '/home/locobot/LoCoBotRos/interbotix_ws/build/sllidar_ros2' returned '0': CMAKE_PREFIX_PATH=${CMAKE_PREFIX_PATH}:/opt/ros/humble /usr/bin/cmake --build /home/locobot/LoCoBotRos/interbotix_ws/build/sllidar_ros2 -- -j16 -l16
[1.425s] Invoking command in '/home/locobot/LoCoBotRos/interbotix_ws/build/sllidar_ros2': CMAKE_PREFIX_PATH=${CMAKE_PREFIX_PATH}:/opt/ros/humble /usr/bin/cmake --install /home/locobot/LoCoBotRos/interbotix_ws/build/sllidar_ros2
[1.434s] -- Install configuration: "Release"
[1.435s] -- Up-to-date: /home/locobot/LoCoBotRos/interbotix_ws/install/sllidar_ros2/share/sllidar_ros2/launch
[1.436s] -- Up-to-date: /home/locobot/LoCoBotRos/interbotix_ws/install/sllidar_ros2/share/sllidar_ros2/launch/sllidar_s1_tcp_launch.py
[1.436s] -- Up-to-date: /home/locobot/LoCoBotRos/interbotix_ws/install/sllidar_ros2/share/sllidar_ros2/launch/view_sllidar_a2m7_launch.py
[1.436s] -- Up-to-date: /home/locobot/LoCoBotRos/interbotix_ws/install/sllidar_ros2/share/sllidar_ros2/launch/sllidar_a1_launch.py
[1.436s] -- Up-to-date: /home/locobot/LoCoBotRos/interbotix_ws/install/sllidar_ros2/share/sllidar_ros2/launch/view_sllidar_s2e_launch.py
[1.436s] -- Up-to-date: /home/locobot/LoCoBotRos/interbotix_ws/install/sllidar_ros2/share/sllidar_ros2/launch/view_sllidar_s1_launch.py
[1.436s] -- Up-to-date: /home/locobot/LoCoBotRos/interbotix_ws/install/sllidar_ros2/share/sllidar_ros2/launch/view_sllidar_a1_launch.py
[1.436s] -- Up-to-date: /home/locobot/LoCoBotRos/interbotix_ws/install/sllidar_ros2/share/sllidar_ros2/launch/view_sllidar_s2_launch.py
[1.437s] -- Up-to-date: /home/locobot/LoCoBotRos/interbotix_ws/install/sllidar_ros2/share/sllidar_ros2/launch/sllidar_a2m12_launch .py
[1.437s] -- Up-to-date: /home/locobot/LoCoBotRos/interbotix_ws/install/sllidar_ros2/share/sllidar_ros2/launch/sllidar_t1_launch.py
[1.437s] -- Up-to-date: /home/locobot/LoCoBotRos/interbotix_ws/install/sllidar_ros2/share/sllidar_ros2/launch/sllidar_s2_launch.py
[1.437s] -- Up-to-date: /home/locobot/LoCoBotRos/interbotix_ws/install/sllidar_ros2/share/sllidar_ros2/launch/view_sllidar_a3_launch.py
[1.437s] -- Up-to-date: /home/locobot/LoCoBotRos/interbotix_ws/install/sllidar_ros2/share/sllidar_ros2/launch/view_sllidar_c1_launch.py
[1.437s] -- Up-to-date: /home/locobot/LoCoBotRos/interbotix_ws/install/sllidar_ros2/share/sllidar_ros2/launch/sllidar_a3_launch.py
[1.437s] -- Up-to-date: /home/locobot/LoCoBotRos/interbotix_ws/install/sllidar_ros2/share/sllidar_ros2/launch/sllidar_s3_launch.py
[1.437s] -- Up-to-date: /home/locobot/LoCoBotRos/interbotix_ws/install/sllidar_ros2/share/sllidar_ros2/launch/view_sllidar_a2m8_launch.py
[1.438s] -- Up-to-date: /home/locobot/LoCoBotRos/interbotix_ws/install/sllidar_ros2/share/sllidar_ros2/launch/sllidar_a2m7_launch.py
[1.438s] -- Up-to-date: /home/locobot/LoCoBotRos/interbotix_ws/install/sllidar_ros2/share/sllidar_ros2/launch/view_sllidar_s3_launch.py
[1.438s] -- Up-to-date: /home/locobot/LoCoBotRos/interbotix_ws/install/sllidar_ros2/share/sllidar_ros2/launch/sllidar_s2e_launch.py
[1.438s] -- Up-to-date: /home/locobot/LoCoBotRos/interbotix_ws/install/sllidar_ros2/share/sllidar_ros2/launch/sllidar_s1_launch.py
[1.438s] -- Up-to-date: /home/locobot/LoCoBotRos/interbotix_ws/install/sllidar_ros2/share/sllidar_ros2/launch/view_sllidar_a2m12_launch.py
[1.438s] -- Up-to-date: /home/locobot/LoCoBotRos/interbotix_ws/install/sllidar_ros2/share/sllidar_ros2/launch/sllidar_a2m8_launch.py
[1.440s] -- Up-to-date: /home/locobot/LoCoBotRos/interbotix_ws/install/sllidar_ros2/share/sllidar_ros2/launch/view_sllidar_t1_launch.py
[1.440s] -- Up-to-date: /home/locobot/LoCoBotRos/interbotix_ws/install/sllidar_ros2/share/sllidar_ros2/launch/sllidar_c1_launch.py
[1.440s] -- Up-to-date: /home/locobot/LoCoBotRos/interbotix_ws/install/sllidar_ros2/share/sllidar_ros2/launch/view_sllidar_s1_tcp_launch.py
[1.440s] -- Up-to-date: /home/locobot/LoCoBotRos/interbotix_ws/install/sllidar_ros2/share/sllidar_ros2/rviz
[1.440s] -- Up-to-date: /home/locobot/LoCoBotRos/interbotix_ws/install/sllidar_ros2/share/sllidar_ros2/rviz/sllidar_ros2.rviz
[1.441s] -- Up-to-date: /home/locobot/LoCoBotRos/interbotix_ws/install/sllidar_ros2/lib/sllidar_ros2/sllidar_node
[1.442s] -- Up-to-date: /home/locobot/LoCoBotRos/interbotix_ws/install/sllidar_ros2/lib/sllidar_ros2/sllidar_client
[1.442s] -- Up-to-date: /home/locobot/LoCoBotRos/interbotix_ws/install/sllidar_ros2/share/ament_index/resource_index/package_run_dependencies/sllidar_ros2
[1.442s] -- Up-to-date: /home/locobot/LoCoBotRos/interbotix_ws/install/sllidar_ros2/share/ament_index/resource_index/parent_prefix_path/sllidar_ros2
[1.442s] -- Up-to-date: /home/locobot/LoCoBotRos/interbotix_ws/install/sllidar_ros2/share/sllidar_ros2/environment/ament_prefix_path.sh
[1.442s] -- Installing: /home/locobot/LoCoBotRos/interbotix_ws/install/sllidar_ros2/share/sllidar_ros2/environment/ament_prefix_path.dsv
[1.442s] -- Up-to-date: /home/locobot/LoCoBotRos/interbotix_ws/install/sllidar_ros2/share/sllidar_ros2/environment/path.sh
[1.443s] -- Installing: /home/locobot/LoCoBotRos/interbotix_ws/install/sllidar_ros2/share/sllidar_ros2/environment/path.dsv
[1.443s] -- Up-to-date: /home/locobot/LoCoBotRos/interbotix_ws/install/sllidar_ros2/share/sllidar_ros2/local_setup.bash
[1.443s] -- Up-to-date: /home/locobot/LoCoBotRos/interbotix_ws/install/sllidar_ros2/share/sllidar_ros2/local_setup.sh
[1.443s] -- Up-to-date: /home/locobot/LoCoBotRos/interbotix_ws/install/sllidar_ros2/share/sllidar_ros2/local_setup.zsh
[1.443s] -- Installing: /home/locobot/LoCoBotRos/interbotix_ws/install/sllidar_ros2/share/sllidar_ros2/local_setup.dsv
[1.443s] -- Installing: /home/locobot/LoCoBotRos/interbotix_ws/install/sllidar_ros2/share/sllidar_ros2/package.dsv
[1.444s] -- Up-to-date: /home/locobot/LoCoBotRos/interbotix_ws/install/sllidar_ros2/share/ament_index/resource_index/packages/sllidar_ros2
[1.444s] -- Up-to-date: /home/locobot/LoCoBotRos/interbotix_ws/install/sllidar_ros2/share/sllidar_ros2/cmake/ament_cmake_export_dependencies-extras.cmake
[1.444s] -- Up-to-date: /home/locobot/LoCoBotRos/interbotix_ws/install/sllidar_ros2/share/sllidar_ros2/cmake/ament_cmake_export_include_directories-extras.cmake
[1.444s] -- Up-to-date: /home/locobot/LoCoBotRos/interbotix_ws/install/sllidar_ros2/share/sllidar_ros2/cmake/sllidar_ros2Config.cmake
[1.444s] -- Up-to-date: /home/locobot/LoCoBotRos/interbotix_ws/install/sllidar_ros2/share/sllidar_ros2/cmake/sllidar_ros2Config-version.cmake
[1.444s] -- Up-to-date: /home/locobot/LoCoBotRos/interbotix_ws/install/sllidar_ros2/share/sllidar_ros2/package.xml
[1.482s] Invoked command in '/home/locobot/LoCoBotRos/interbotix_ws/build/sllidar_ros2' returned '0': CMAKE_PREFIX_PATH=${CMAKE_PREFIX_PATH}:/opt/ros/humble /usr/bin/cmake --install /home/locobot/LoCoBotRos/interbotix_ws/build/sllidar_ros2
