[0.006s] Invoking command in '/home/locobot/LoCoBotRos/interbotix_ws/build/sophus': CMAKE_PREFIX_PATH=${CMAKE_PREFIX_PATH}:/opt/ros/humble /usr/bin/cmake --build /home/locobot/LoCoBotRos/interbotix_ws/build/sophus -- -j16 -l16
[0.044s] [35m[1mConsolidate compiler generated dependencies of target test_common[0m
[0.044s] [35m[1mConsolidate compiler generated dependencies of target test_so2[0m
[0.044s] [35m[1mConsolidate compiler generated dependencies of target test_rxso2[0m
[0.045s] [35m[1mConsolidate compiler generated dependencies of target test_velocities[0m
[0.045s] [35m[1mConsolidate compiler generated dependencies of target test_geometry[0m
[0.045s] [35m[1mConsolidate compiler generated dependencies of target HelloSO3[0m
[0.054s] [  4%] [32mBuilding CXX object test/core/CMakeFiles/test_sim2.dir/test_sim2.cpp.o[0m
[0.054s] [  8%] [32mBuilding CXX object test/core/CMakeFiles/test_se2.dir/test_se2.cpp.o[0m
[0.055s] [ 12%] [32mBuilding CXX object test/core/CMakeFiles/test_se3.dir/test_se3.cpp.o[0m
[0.057s] [ 16%] [32mBuilding CXX object test/core/CMakeFiles/test_sim3.dir/test_sim3.cpp.o[0m
[0.057s] [ 25%] Built target test_geometry
[0.057s] [ 29%] [32mBuilding CXX object test/core/CMakeFiles/test_so3.dir/test_so3.cpp.o[0m
[0.057s] [ 37%] Built target test_common
[0.057s] [ 41%] [32mBuilding CXX object test/core/CMakeFiles/test_rxso3.dir/test_rxso3.cpp.o[0m
[0.057s] [ 54%] Built target test_rxso2
[0.058s] [ 58%] Built target test_so2
[0.058s] [ 66%] Built target test_velocities
[0.059s] [ 75%] Built target HelloSO3
[18.149s] [ 79%] [32m[1mLinking CXX executable test_sim2[0m
[18.234s] [ 79%] Built target test_sim2
[19.327s] [ 83%] [32m[1mLinking CXX executable test_se2[0m
[19.415s] [ 83%] Built target test_se2
[22.354s] [ 87%] [32m[1mLinking CXX executable test_sim3[0m
[22.452s] [ 87%] Built target test_sim3
[29.512s] [ 91%] [32m[1mLinking CXX executable test_se3[0m
[29.609s] [ 91%] Built target test_se3
[45.356s] [ 95%] [32m[1mLinking CXX executable test_rxso3[0m
[45.424s] [ 95%] Built target test_rxso3
[48.426s] [100%] [32m[1mLinking CXX executable test_so3[0m
[48.495s] [100%] Built target test_so3
[48.504s] Invoked command in '/home/locobot/LoCoBotRos/interbotix_ws/build/sophus' returned '0': CMAKE_PREFIX_PATH=${CMAKE_PREFIX_PATH}:/opt/ros/humble /usr/bin/cmake --build /home/locobot/LoCoBotRos/interbotix_ws/build/sophus -- -j16 -l16
[48.505s] Invoking command in '/home/locobot/LoCoBotRos/interbotix_ws/build/sophus': CMAKE_PREFIX_PATH=${CMAKE_PREFIX_PATH}:/opt/ros/humble /usr/bin/cmake --install /home/locobot/LoCoBotRos/interbotix_ws/build/sophus
[48.511s] -- Install configuration: "Release"
[48.512s] -- Up-to-date: /home/locobot/LoCoBotRos/interbotix_ws/install/sophus/share/sophus/cmake/SophusTargets.cmake
[48.512s] -- Up-to-date: /home/locobot/LoCoBotRos/interbotix_ws/install/sophus/share/sophus/cmake/SophusConfig.cmake
[48.512s] -- Up-to-date: /home/locobot/LoCoBotRos/interbotix_ws/install/sophus/share/sophus/cmake/SophusConfigVersion.cmake
[48.512s] -- Up-to-date: /home/locobot/LoCoBotRos/interbotix_ws/install/sophus/include/sophus/average.hpp
[48.513s] -- Up-to-date: /home/locobot/LoCoBotRos/interbotix_ws/install/sophus/include/sophus/common.hpp
[48.513s] -- Up-to-date: /home/locobot/LoCoBotRos/interbotix_ws/install/sophus/include/sophus/geometry.hpp
[48.513s] -- Up-to-date: /home/locobot/LoCoBotRos/interbotix_ws/install/sophus/include/sophus/interpolate.hpp
[48.513s] -- Up-to-date: /home/locobot/LoCoBotRos/interbotix_ws/install/sophus/include/sophus/interpolate_details.hpp
[48.513s] -- Up-to-date: /home/locobot/LoCoBotRos/interbotix_ws/install/sophus/include/sophus/num_diff.hpp
[48.513s] -- Up-to-date: /home/locobot/LoCoBotRos/interbotix_ws/install/sophus/include/sophus/rotation_matrix.hpp
[48.513s] -- Up-to-date: /home/locobot/LoCoBotRos/interbotix_ws/install/sophus/include/sophus/rxso2.hpp
[48.513s] -- Up-to-date: /home/locobot/LoCoBotRos/interbotix_ws/install/sophus/include/sophus/rxso3.hpp
[48.513s] -- Up-to-date: /home/locobot/LoCoBotRos/interbotix_ws/install/sophus/include/sophus/se2.hpp
[48.513s] -- Up-to-date: /home/locobot/LoCoBotRos/interbotix_ws/install/sophus/include/sophus/se3.hpp
[48.513s] -- Up-to-date: /home/locobot/LoCoBotRos/interbotix_ws/install/sophus/include/sophus/sim2.hpp
[48.513s] -- Up-to-date: /home/locobot/LoCoBotRos/interbotix_ws/install/sophus/include/sophus/sim3.hpp
[48.513s] -- Up-to-date: /home/locobot/LoCoBotRos/interbotix_ws/install/sophus/include/sophus/sim_details.hpp
[48.513s] -- Up-to-date: /home/locobot/LoCoBotRos/interbotix_ws/install/sophus/include/sophus/so2.hpp
[48.513s] -- Up-to-date: /home/locobot/LoCoBotRos/interbotix_ws/install/sophus/include/sophus/so3.hpp
[48.513s] -- Up-to-date: /home/locobot/LoCoBotRos/interbotix_ws/install/sophus/include/sophus/types.hpp
[48.513s] -- Up-to-date: /home/locobot/LoCoBotRos/interbotix_ws/install/sophus/include/sophus/velocities.hpp
[48.514s] -- Up-to-date: /home/locobot/LoCoBotRos/interbotix_ws/install/sophus/include/sophus/formatstring.hpp
[48.515s] Invoked command in '/home/locobot/LoCoBotRos/interbotix_ws/build/sophus' returned '0': CMAKE_PREFIX_PATH=${CMAKE_PREFIX_PATH}:/opt/ros/humble /usr/bin/cmake --install /home/locobot/LoCoBotRos/interbotix_ws/build/sophus
