[0.027s] Invoking command in '/home/locobot/LoCoBotRos/interbotix_ws/build/moveit_hybrid_planning': AMENT_PREFIX_PATH=/home/locobot/LoCoBotRos/interbotix_ws/install/moveit_ros_planning_interface:/home/locobot/LoCoBotRos/interbotix_ws/install/moveit_ros_move_group:/home/locobot/LoCoBotRos/interbotix_ws/install/moveit_ros_warehouse:/home/locobot/LoCoBotRos/interbotix_ws/install/moveit_planners_ompl:/home/locobot/LoCoBotRos/interbotix_ws/install/moveit_kinematics:/home/locobot/LoCoBotRos/interbotix_ws/install/moveit_ros_planning:/home/locobot/LoCoBotRos/interbotix_ws/install/moveit_simple_controller_manager:/home/locobot/LoCoBotRos/interbotix_ws/install/moveit_ros_occupancy_map_monitor:/home/locobot/LoCoBotRos/interbotix_ws/install/moveit_core:/home/locobot/LoCoBotRos/interbotix_ws/install/moveit_resources_panda_moveit_config:/home/locobot/LoCoBotRos/interbotix_ws/install/moveit_resources_fanuc_moveit_config:/home/locobot/LoCoBotRos/interbotix_ws/install/moveit_configs_utils:/home/locobot/LoCoBotRos/interbotix_ws/install/srdfdom:/home/locobot/LoCoBotRos/interbotix_ws/install/moveit_resources_pr2_description:/home/locobot/LoCoBotRos/interbotix_ws/install/moveit_resources_panda_description:/home/locobot/LoCoBotRos/interbotix_ws/install/moveit_resources_fanuc_description:/home/locobot/LoCoBotRos/interbotix_ws/install/moveit_common:/home/locobot/LoCoBotRos/interbotix_ws/install/launch_param_builder:${AMENT_PREFIX_PATH} CMAKE_PREFIX_PATH=/home/locobot/LoCoBotRos/interbotix_ws/install/moveit_ros_planning_interface:/home/locobot/LoCoBotRos/interbotix_ws/install/moveit_ros_move_group:/home/locobot/LoCoBotRos/interbotix_ws/install/moveit_ros_warehouse:/home/locobot/LoCoBotRos/interbotix_ws/install/moveit_planners_ompl:/home/locobot/LoCoBotRos/interbotix_ws/install/moveit_kinematics:/home/locobot/LoCoBotRos/interbotix_ws/install/moveit_ros_planning:/home/locobot/LoCoBotRos/interbotix_ws/install/moveit_simple_controller_manager:/home/locobot/LoCoBotRos/interbotix_ws/install/moveit_ros_occupancy_map_monitor:/home/locobot/LoCoBotRos/interbotix_ws/install/moveit_core:/home/locobot/LoCoBotRos/interbotix_ws/install/moveit_resources_panda_moveit_config:/home/locobot/LoCoBotRos/interbotix_ws/install/moveit_resources_fanuc_moveit_config:/home/locobot/LoCoBotRos/interbotix_ws/install/srdfdom:/home/locobot/LoCoBotRos/interbotix_ws/install/moveit_resources_pr2_description:/home/locobot/LoCoBotRos/interbotix_ws/install/moveit_resources_panda_description:/home/locobot/LoCoBotRos/interbotix_ws/install/moveit_resources_fanuc_description:/home/locobot/LoCoBotRos/interbotix_ws/install/moveit_common:/home/locobot/apriltag_ws/install/apriltag_ros:/opt/ros/humble LD_LIBRARY_PATH=/home/locobot/LoCoBotRos/interbotix_ws/install/moveit_ros_planning_interface/lib:/home/locobot/LoCoBotRos/interbotix_ws/install/moveit_ros_move_group/lib:/home/locobot/LoCoBotRos/interbotix_ws/install/moveit_ros_warehouse/lib:/home/locobot/LoCoBotRos/interbotix_ws/install/moveit_planners_ompl/lib:/home/locobot/LoCoBotRos/interbotix_ws/install/moveit_kinematics/lib:/home/locobot/LoCoBotRos/interbotix_ws/install/moveit_ros_planning/lib:/home/locobot/LoCoBotRos/interbotix_ws/install/moveit_simple_controller_manager/lib:/home/locobot/LoCoBotRos/interbotix_ws/install/moveit_ros_occupancy_map_monitor/lib:/home/locobot/LoCoBotRos/interbotix_ws/install/moveit_core/lib:/home/locobot/LoCoBotRos/interbotix_ws/install/srdfdom/lib:${LD_LIBRARY_PATH} PATH=/home/locobot/LoCoBotRos/interbotix_ws/install/moveit_core/bin:${PATH} PYTHONPATH=/home/locobot/LoCoBotRos/interbotix_ws/install/moveit_configs_utils/lib/python3.10/site-packages:/home/locobot/LoCoBotRos/interbotix_ws/install/srdfdom/local/lib/python3.10/dist-packages:/home/locobot/LoCoBotRos/interbotix_ws/install/launch_param_builder/lib/python3.10/site-packages:${PYTHONPATH} /usr/bin/cmake --build /home/locobot/LoCoBotRos/interbotix_ws/build/moveit_hybrid_planning -- -j16 -l16
[0.082s] [ 20%] Built target motion_planning_pipeline_plugin
[0.082s] [ 20%] Built target moveit_hybrid_planning_manager
[0.083s] [ 30%] Built target simple_sampler_plugin
[0.084s] [ 50%] Built target moveit_global_planner_component
[0.084s] [ 50%] Built target moveit_local_planner_component
[0.091s] [ 60%] Built target forward_trajectory_plugin
[0.110s] [ 70%] Built target single_plan_execution_plugin
[0.134s] [ 80%] Built target replan_invalidated_trajectory_plugin
[0.155s] [ 90%] Built target cancel_action
[0.161s] [100%] Built target hybrid_planning_demo_node
[0.170s] Invoked command in '/home/locobot/LoCoBotRos/interbotix_ws/build/moveit_hybrid_planning' returned '0': AMENT_PREFIX_PATH=/home/locobot/LoCoBotRos/interbotix_ws/install/moveit_ros_planning_interface:/home/locobot/LoCoBotRos/interbotix_ws/install/moveit_ros_move_group:/home/locobot/LoCoBotRos/interbotix_ws/install/moveit_ros_warehouse:/home/locobot/LoCoBotRos/interbotix_ws/install/moveit_planners_ompl:/home/locobot/LoCoBotRos/interbotix_ws/install/moveit_kinematics:/home/locobot/LoCoBotRos/interbotix_ws/install/moveit_ros_planning:/home/locobot/LoCoBotRos/interbotix_ws/install/moveit_simple_controller_manager:/home/locobot/LoCoBotRos/interbotix_ws/install/moveit_ros_occupancy_map_monitor:/home/locobot/LoCoBotRos/interbotix_ws/install/moveit_core:/home/locobot/LoCoBotRos/interbotix_ws/install/moveit_resources_panda_moveit_config:/home/locobot/LoCoBotRos/interbotix_ws/install/moveit_resources_fanuc_moveit_config:/home/locobot/LoCoBotRos/interbotix_ws/install/moveit_configs_utils:/home/locobot/LoCoBotRos/interbotix_ws/install/srdfdom:/home/locobot/LoCoBotRos/interbotix_ws/install/moveit_resources_pr2_description:/home/locobot/LoCoBotRos/interbotix_ws/install/moveit_resources_panda_description:/home/locobot/LoCoBotRos/interbotix_ws/install/moveit_resources_fanuc_description:/home/locobot/LoCoBotRos/interbotix_ws/install/moveit_common:/home/locobot/LoCoBotRos/interbotix_ws/install/launch_param_builder:${AMENT_PREFIX_PATH} CMAKE_PREFIX_PATH=/home/locobot/LoCoBotRos/interbotix_ws/install/moveit_ros_planning_interface:/home/locobot/LoCoBotRos/interbotix_ws/install/moveit_ros_move_group:/home/locobot/LoCoBotRos/interbotix_ws/install/moveit_ros_warehouse:/home/locobot/LoCoBotRos/interbotix_ws/install/moveit_planners_ompl:/home/locobot/LoCoBotRos/interbotix_ws/install/moveit_kinematics:/home/locobot/LoCoBotRos/interbotix_ws/install/moveit_ros_planning:/home/locobot/LoCoBotRos/interbotix_ws/install/moveit_simple_controller_manager:/home/locobot/LoCoBotRos/interbotix_ws/install/moveit_ros_occupancy_map_monitor:/home/locobot/LoCoBotRos/interbotix_ws/install/moveit_core:/home/locobot/LoCoBotRos/interbotix_ws/install/moveit_resources_panda_moveit_config:/home/locobot/LoCoBotRos/interbotix_ws/install/moveit_resources_fanuc_moveit_config:/home/locobot/LoCoBotRos/interbotix_ws/install/srdfdom:/home/locobot/LoCoBotRos/interbotix_ws/install/moveit_resources_pr2_description:/home/locobot/LoCoBotRos/interbotix_ws/install/moveit_resources_panda_description:/home/locobot/LoCoBotRos/interbotix_ws/install/moveit_resources_fanuc_description:/home/locobot/LoCoBotRos/interbotix_ws/install/moveit_common:/home/locobot/apriltag_ws/install/apriltag_ros:/opt/ros/humble LD_LIBRARY_PATH=/home/locobot/LoCoBotRos/interbotix_ws/install/moveit_ros_planning_interface/lib:/home/locobot/LoCoBotRos/interbotix_ws/install/moveit_ros_move_group/lib:/home/locobot/LoCoBotRos/interbotix_ws/install/moveit_ros_warehouse/lib:/home/locobot/LoCoBotRos/interbotix_ws/install/moveit_planners_ompl/lib:/home/locobot/LoCoBotRos/interbotix_ws/install/moveit_kinematics/lib:/home/locobot/LoCoBotRos/interbotix_ws/install/moveit_ros_planning/lib:/home/locobot/LoCoBotRos/interbotix_ws/install/moveit_simple_controller_manager/lib:/home/locobot/LoCoBotRos/interbotix_ws/install/moveit_ros_occupancy_map_monitor/lib:/home/locobot/LoCoBotRos/interbotix_ws/install/moveit_core/lib:/home/locobot/LoCoBotRos/interbotix_ws/install/srdfdom/lib:${LD_LIBRARY_PATH} PATH=/home/locobot/LoCoBotRos/interbotix_ws/install/moveit_core/bin:${PATH} PYTHONPATH=/home/locobot/LoCoBotRos/interbotix_ws/install/moveit_configs_utils/lib/python3.10/site-packages:/home/locobot/LoCoBotRos/interbotix_ws/install/srdfdom/local/lib/python3.10/dist-packages:/home/locobot/LoCoBotRos/interbotix_ws/install/launch_param_builder/lib/python3.10/site-packages:${PYTHONPATH} /usr/bin/cmake --build /home/locobot/LoCoBotRos/interbotix_ws/build/moveit_hybrid_planning -- -j16 -l16
[0.171s] Invoking command in '/home/locobot/LoCoBotRos/interbotix_ws/build/moveit_hybrid_planning': AMENT_PREFIX_PATH=/home/locobot/LoCoBotRos/interbotix_ws/install/moveit_ros_planning_interface:/home/locobot/LoCoBotRos/interbotix_ws/install/moveit_ros_move_group:/home/locobot/LoCoBotRos/interbotix_ws/install/moveit_ros_warehouse:/home/locobot/LoCoBotRos/interbotix_ws/install/moveit_planners_ompl:/home/locobot/LoCoBotRos/interbotix_ws/install/moveit_kinematics:/home/locobot/LoCoBotRos/interbotix_ws/install/moveit_ros_planning:/home/locobot/LoCoBotRos/interbotix_ws/install/moveit_simple_controller_manager:/home/locobot/LoCoBotRos/interbotix_ws/install/moveit_ros_occupancy_map_monitor:/home/locobot/LoCoBotRos/interbotix_ws/install/moveit_core:/home/locobot/LoCoBotRos/interbotix_ws/install/moveit_resources_panda_moveit_config:/home/locobot/LoCoBotRos/interbotix_ws/install/moveit_resources_fanuc_moveit_config:/home/locobot/LoCoBotRos/interbotix_ws/install/moveit_configs_utils:/home/locobot/LoCoBotRos/interbotix_ws/install/srdfdom:/home/locobot/LoCoBotRos/interbotix_ws/install/moveit_resources_pr2_description:/home/locobot/LoCoBotRos/interbotix_ws/install/moveit_resources_panda_description:/home/locobot/LoCoBotRos/interbotix_ws/install/moveit_resources_fanuc_description:/home/locobot/LoCoBotRos/interbotix_ws/install/moveit_common:/home/locobot/LoCoBotRos/interbotix_ws/install/launch_param_builder:${AMENT_PREFIX_PATH} CMAKE_PREFIX_PATH=/home/locobot/LoCoBotRos/interbotix_ws/install/moveit_ros_planning_interface:/home/locobot/LoCoBotRos/interbotix_ws/install/moveit_ros_move_group:/home/locobot/LoCoBotRos/interbotix_ws/install/moveit_ros_warehouse:/home/locobot/LoCoBotRos/interbotix_ws/install/moveit_planners_ompl:/home/locobot/LoCoBotRos/interbotix_ws/install/moveit_kinematics:/home/locobot/LoCoBotRos/interbotix_ws/install/moveit_ros_planning:/home/locobot/LoCoBotRos/interbotix_ws/install/moveit_simple_controller_manager:/home/locobot/LoCoBotRos/interbotix_ws/install/moveit_ros_occupancy_map_monitor:/home/locobot/LoCoBotRos/interbotix_ws/install/moveit_core:/home/locobot/LoCoBotRos/interbotix_ws/install/moveit_resources_panda_moveit_config:/home/locobot/LoCoBotRos/interbotix_ws/install/moveit_resources_fanuc_moveit_config:/home/locobot/LoCoBotRos/interbotix_ws/install/srdfdom:/home/locobot/LoCoBotRos/interbotix_ws/install/moveit_resources_pr2_description:/home/locobot/LoCoBotRos/interbotix_ws/install/moveit_resources_panda_description:/home/locobot/LoCoBotRos/interbotix_ws/install/moveit_resources_fanuc_description:/home/locobot/LoCoBotRos/interbotix_ws/install/moveit_common:/home/locobot/apriltag_ws/install/apriltag_ros:/opt/ros/humble LD_LIBRARY_PATH=/home/locobot/LoCoBotRos/interbotix_ws/install/moveit_ros_planning_interface/lib:/home/locobot/LoCoBotRos/interbotix_ws/install/moveit_ros_move_group/lib:/home/locobot/LoCoBotRos/interbotix_ws/install/moveit_ros_warehouse/lib:/home/locobot/LoCoBotRos/interbotix_ws/install/moveit_planners_ompl/lib:/home/locobot/LoCoBotRos/interbotix_ws/install/moveit_kinematics/lib:/home/locobot/LoCoBotRos/interbotix_ws/install/moveit_ros_planning/lib:/home/locobot/LoCoBotRos/interbotix_ws/install/moveit_simple_controller_manager/lib:/home/locobot/LoCoBotRos/interbotix_ws/install/moveit_ros_occupancy_map_monitor/lib:/home/locobot/LoCoBotRos/interbotix_ws/install/moveit_core/lib:/home/locobot/LoCoBotRos/interbotix_ws/install/srdfdom/lib:${LD_LIBRARY_PATH} PATH=/home/locobot/LoCoBotRos/interbotix_ws/install/moveit_core/bin:${PATH} PYTHONPATH=/home/locobot/LoCoBotRos/interbotix_ws/install/moveit_configs_utils/lib/python3.10/site-packages:/home/locobot/LoCoBotRos/interbotix_ws/install/srdfdom/local/lib/python3.10/dist-packages:/home/locobot/LoCoBotRos/interbotix_ws/install/launch_param_builder/lib/python3.10/site-packages:${PYTHONPATH} /usr/bin/cmake --install /home/locobot/LoCoBotRos/interbotix_ws/build/moveit_hybrid_planning
[0.178s] -- Install configuration: "Release"
[0.179s] -- Up-to-date: /home/locobot/LoCoBotRos/interbotix_ws/install/moveit_hybrid_planning/lib/libmoveit_global_planner_component.so.2.5.9
[0.179s] -- Up-to-date: /home/locobot/LoCoBotRos/interbotix_ws/install/moveit_hybrid_planning/lib/libmoveit_global_planner_component.so
[0.179s] -- Up-to-date: /home/locobot/LoCoBotRos/interbotix_ws/install/moveit_hybrid_planning/lib/libmoveit_hybrid_planning_manager.so.2.5.9
[0.179s] -- Up-to-date: /home/locobot/LoCoBotRos/interbotix_ws/install/moveit_hybrid_planning/lib/libmoveit_hybrid_planning_manager.so
[0.179s] -- Up-to-date: /home/locobot/LoCoBotRos/interbotix_ws/install/moveit_hybrid_planning/lib/libmoveit_local_planner_component.so.2.5.9
[0.179s] -- Up-to-date: /home/locobot/LoCoBotRos/interbotix_ws/install/moveit_hybrid_planning/lib/libmoveit_local_planner_component.so
[0.179s] -- Up-to-date: /home/locobot/LoCoBotRos/interbotix_ws/install/moveit_hybrid_planning/lib/libforward_trajectory_plugin.so.2.5.9
[0.179s] -- Up-to-date: /home/locobot/LoCoBotRos/interbotix_ws/install/moveit_hybrid_planning/lib/libforward_trajectory_plugin.so
[0.180s] -- Up-to-date: /home/locobot/LoCoBotRos/interbotix_ws/install/moveit_hybrid_planning/lib/libmotion_planning_pipeline_plugin.so.2.5.9
[0.180s] -- Up-to-date: /home/locobot/LoCoBotRos/interbotix_ws/install/moveit_hybrid_planning/lib/libmotion_planning_pipeline_plugin.so
[0.180s] -- Up-to-date: /home/locobot/LoCoBotRos/interbotix_ws/install/moveit_hybrid_planning/lib/libreplan_invalidated_trajectory_plugin.so.2.5.9
[0.180s] -- Up-to-date: /home/locobot/LoCoBotRos/interbotix_ws/install/moveit_hybrid_planning/lib/libreplan_invalidated_trajectory_plugin.so
[0.180s] -- Up-to-date: /home/locobot/LoCoBotRos/interbotix_ws/install/moveit_hybrid_planning/lib/libsimple_sampler_plugin.so.2.5.9
[0.180s] -- Up-to-date: /home/locobot/LoCoBotRos/interbotix_ws/install/moveit_hybrid_planning/lib/libsimple_sampler_plugin.so
[0.180s] -- Up-to-date: /home/locobot/LoCoBotRos/interbotix_ws/install/moveit_hybrid_planning/lib/libsingle_plan_execution_plugin.so.2.5.9
[0.180s] -- Up-to-date: /home/locobot/LoCoBotRos/interbotix_ws/install/moveit_hybrid_planning/lib/libsingle_plan_execution_plugin.so
[0.180s] -- Up-to-date: /home/locobot/LoCoBotRos/interbotix_ws/install/moveit_hybrid_planning/lib/moveit_hybrid_planning/cancel_action
[0.181s] -- Up-to-date: /home/locobot/LoCoBotRos/interbotix_ws/install/moveit_hybrid_planning/lib/moveit_hybrid_planning/hybrid_planning_demo_node
[0.181s] -- Up-to-date: /home/locobot/LoCoBotRos/interbotix_ws/install/moveit_hybrid_planning/include
[0.181s] -- Up-to-date: /home/locobot/LoCoBotRos/interbotix_ws/install/moveit_hybrid_planning/include/moveit
[0.181s] -- Up-to-date: /home/locobot/LoCoBotRos/interbotix_ws/install/moveit_hybrid_planning/include/moveit/global_planner
[0.181s] -- Up-to-date: /home/locobot/LoCoBotRos/interbotix_ws/install/moveit_hybrid_planning/include/moveit/global_planner/global_planner_component.h
[0.181s] -- Up-to-date: /home/locobot/LoCoBotRos/interbotix_ws/install/moveit_hybrid_planning/include/moveit/global_planner/global_planner_interface.h
[0.181s] -- Up-to-date: /home/locobot/LoCoBotRos/interbotix_ws/install/moveit_hybrid_planning/include
[0.181s] -- Up-to-date: /home/locobot/LoCoBotRos/interbotix_ws/install/moveit_hybrid_planning/include/moveit
[0.181s] -- Up-to-date: /home/locobot/LoCoBotRos/interbotix_ws/install/moveit_hybrid_planning/include/moveit/global_planner
[0.182s] -- Up-to-date: /home/locobot/LoCoBotRos/interbotix_ws/install/moveit_hybrid_planning/include/moveit/global_planner/moveit_planning_pipeline.h
[0.182s] -- Up-to-date: /home/locobot/LoCoBotRos/interbotix_ws/install/moveit_hybrid_planning/include
[0.182s] -- Up-to-date: /home/locobot/LoCoBotRos/interbotix_ws/install/moveit_hybrid_planning/include/moveit
[0.182s] -- Up-to-date: /home/locobot/LoCoBotRos/interbotix_ws/install/moveit_hybrid_planning/include/moveit/hybrid_planning_manager
[0.182s] -- Up-to-date: /home/locobot/LoCoBotRos/interbotix_ws/install/moveit_hybrid_planning/include/moveit/hybrid_planning_manager/hybrid_planning_events.h
[0.182s] -- Up-to-date: /home/locobot/LoCoBotRos/interbotix_ws/install/moveit_hybrid_planning/include/moveit/hybrid_planning_manager/moveit_error_code_interface.h
[0.182s] -- Up-to-date: /home/locobot/LoCoBotRos/interbotix_ws/install/moveit_hybrid_planning/include/moveit/hybrid_planning_manager/hybrid_planning_manager.h
[0.182s] -- Up-to-date: /home/locobot/LoCoBotRos/interbotix_ws/install/moveit_hybrid_planning/include/moveit/hybrid_planning_manager/planner_logic_interface.h
[0.182s] -- Up-to-date: /home/locobot/LoCoBotRos/interbotix_ws/install/moveit_hybrid_planning/include
[0.183s] -- Up-to-date: /home/locobot/LoCoBotRos/interbotix_ws/install/moveit_hybrid_planning/include/moveit
[0.183s] -- Up-to-date: /home/locobot/LoCoBotRos/interbotix_ws/install/moveit_hybrid_planning/include/moveit/planner_logic_plugins
[0.183s] -- Up-to-date: /home/locobot/LoCoBotRos/interbotix_ws/install/moveit_hybrid_planning/include/moveit/planner_logic_plugins/replan_invalidated_trajectory.h
[0.183s] -- Up-to-date: /home/locobot/LoCoBotRos/interbotix_ws/install/moveit_hybrid_planning/include/moveit/planner_logic_plugins/single_plan_execution.h
[0.183s] -- Up-to-date: /home/locobot/LoCoBotRos/interbotix_ws/install/moveit_hybrid_planning/include
[0.183s] -- Up-to-date: /home/locobot/LoCoBotRos/interbotix_ws/install/moveit_hybrid_planning/include/moveit
[0.183s] -- Up-to-date: /home/locobot/LoCoBotRos/interbotix_ws/install/moveit_hybrid_planning/include/moveit/local_planner
[0.183s] -- Up-to-date: /home/locobot/LoCoBotRos/interbotix_ws/install/moveit_hybrid_planning/include/moveit/local_planner/local_constraint_solver_interface.h
[0.183s] -- Up-to-date: /home/locobot/LoCoBotRos/interbotix_ws/install/moveit_hybrid_planning/include/moveit/local_planner/local_planner_component.h
[0.183s] -- Up-to-date: /home/locobot/LoCoBotRos/interbotix_ws/install/moveit_hybrid_planning/include/moveit/local_planner/feedback_types.h
[0.183s] -- Up-to-date: /home/locobot/LoCoBotRos/interbotix_ws/install/moveit_hybrid_planning/include/moveit/local_planner/trajectory_operator_interface.h
[0.183s] -- Up-to-date: /home/locobot/LoCoBotRos/interbotix_ws/install/moveit_hybrid_planning/include
[0.183s] -- Up-to-date: /home/locobot/LoCoBotRos/interbotix_ws/install/moveit_hybrid_planning/include/moveit
[0.183s] -- Up-to-date: /home/locobot/LoCoBotRos/interbotix_ws/install/moveit_hybrid_planning/include/moveit/trajectory_operator_plugins
[0.183s] -- Up-to-date: /home/locobot/LoCoBotRos/interbotix_ws/install/moveit_hybrid_planning/include/moveit/trajectory_operator_plugins/simple_sampler.h
[0.183s] -- Up-to-date: /home/locobot/LoCoBotRos/interbotix_ws/install/moveit_hybrid_planning/include
[0.183s] -- Up-to-date: /home/locobot/LoCoBotRos/interbotix_ws/install/moveit_hybrid_planning/include/moveit
[0.183s] -- Up-to-date: /home/locobot/LoCoBotRos/interbotix_ws/install/moveit_hybrid_planning/include/moveit/local_constraint_solver_plugins
[0.183s] -- Up-to-date: /home/locobot/LoCoBotRos/interbotix_ws/install/moveit_hybrid_planning/include/moveit/local_constraint_solver_plugins/forward_trajectory.h
[0.183s] -- Up-to-date: /home/locobot/LoCoBotRos/interbotix_ws/install/moveit_hybrid_planning/share/moveit_hybrid_planning/launch
[0.184s] -- Up-to-date: /home/locobot/LoCoBotRos/interbotix_ws/install/moveit_hybrid_planning/share/moveit_hybrid_planning/launch/test_basic_integration.test.py
[0.184s] -- Up-to-date: /home/locobot/LoCoBotRos/interbotix_ws/install/moveit_hybrid_planning/share/moveit_hybrid_planning/launch/hybrid_planning_common.py
[0.184s] -- Up-to-date: /home/locobot/LoCoBotRos/interbotix_ws/install/moveit_hybrid_planning/share/moveit_hybrid_planning/launch/hybrid_planning_demo.launch.py
[0.184s] -- Up-to-date: /home/locobot/LoCoBotRos/interbotix_ws/install/moveit_hybrid_planning/share/moveit_hybrid_planning/config
[0.184s] -- Up-to-date: /home/locobot/LoCoBotRos/interbotix_ws/install/moveit_hybrid_planning/share/moveit_hybrid_planning/config/hybrid_planning_demo.rviz
[0.184s] -- Up-to-date: /home/locobot/LoCoBotRos/interbotix_ws/install/moveit_hybrid_planning/share/moveit_hybrid_planning/config/hybrid_planning_manager.yaml
[0.184s] -- Up-to-date: /home/locobot/LoCoBotRos/interbotix_ws/install/moveit_hybrid_planning/share/moveit_hybrid_planning/config/global_planner.yaml
[0.185s] -- Up-to-date: /home/locobot/LoCoBotRos/interbotix_ws/install/moveit_hybrid_planning/share/moveit_hybrid_planning/config/common_hybrid_planning_params.yaml
[0.185s] -- Up-to-date: /home/locobot/LoCoBotRos/interbotix_ws/install/moveit_hybrid_planning/share/moveit_hybrid_planning/config/demo_controller.yaml
[0.185s] -- Up-to-date: /home/locobot/LoCoBotRos/interbotix_ws/install/moveit_hybrid_planning/share/moveit_hybrid_planning/config/local_planner.yaml
[0.185s] -- Up-to-date: /home/locobot/LoCoBotRos/interbotix_ws/install/moveit_hybrid_planning/share/moveit_hybrid_planning/single_plan_execution_plugin.xml
[0.185s] -- Up-to-date: /home/locobot/LoCoBotRos/interbotix_ws/install/moveit_hybrid_planning/share/moveit_hybrid_planning/moveit_planning_pipeline_plugin.xml
[0.185s] -- Up-to-date: /home/locobot/LoCoBotRos/interbotix_ws/install/moveit_hybrid_planning/share/moveit_hybrid_planning/simple_sampler_plugin.xml
[0.185s] -- Up-to-date: /home/locobot/LoCoBotRos/interbotix_ws/install/moveit_hybrid_planning/share/moveit_hybrid_planning/replan_invalidated_trajectory_plugin.xml
[0.185s] -- Up-to-date: /home/locobot/LoCoBotRos/interbotix_ws/install/moveit_hybrid_planning/share/moveit_hybrid_planning/forward_trajectory_plugin.xml
[0.185s] -- Up-to-date: /home/locobot/LoCoBotRos/interbotix_ws/install/moveit_hybrid_planning/share/moveit_hybrid_planning/environment/library_path.sh
[0.185s] -- Up-to-date: /home/locobot/LoCoBotRos/interbotix_ws/install/moveit_hybrid_planning/share/moveit_hybrid_planning/environment/library_path.dsv
[0.186s] -- Up-to-date: /home/locobot/LoCoBotRos/interbotix_ws/install/moveit_hybrid_planning/share/ament_index/resource_index/package_run_dependencies/moveit_hybrid_planning
[0.186s] -- Up-to-date: /home/locobot/LoCoBotRos/interbotix_ws/install/moveit_hybrid_planning/share/ament_index/resource_index/parent_prefix_path/moveit_hybrid_planning
[0.186s] -- Up-to-date: /home/locobot/LoCoBotRos/interbotix_ws/install/moveit_hybrid_planning/share/moveit_hybrid_planning/environment/ament_prefix_path.sh
[0.186s] -- Up-to-date: /home/locobot/LoCoBotRos/interbotix_ws/install/moveit_hybrid_planning/share/moveit_hybrid_planning/environment/ament_prefix_path.dsv
[0.186s] -- Up-to-date: /home/locobot/LoCoBotRos/interbotix_ws/install/moveit_hybrid_planning/share/moveit_hybrid_planning/environment/path.sh
[0.186s] -- Up-to-date: /home/locobot/LoCoBotRos/interbotix_ws/install/moveit_hybrid_planning/share/moveit_hybrid_planning/environment/path.dsv
[0.186s] -- Up-to-date: /home/locobot/LoCoBotRos/interbotix_ws/install/moveit_hybrid_planning/share/moveit_hybrid_planning/local_setup.bash
[0.186s] -- Up-to-date: /home/locobot/LoCoBotRos/interbotix_ws/install/moveit_hybrid_planning/share/moveit_hybrid_planning/local_setup.sh
[0.186s] -- Up-to-date: /home/locobot/LoCoBotRos/interbotix_ws/install/moveit_hybrid_planning/share/moveit_hybrid_planning/local_setup.zsh
[0.186s] -- Up-to-date: /home/locobot/LoCoBotRos/interbotix_ws/install/moveit_hybrid_planning/share/moveit_hybrid_planning/local_setup.dsv
[0.186s] -- Installing: /home/locobot/LoCoBotRos/interbotix_ws/install/moveit_hybrid_planning/share/moveit_hybrid_planning/package.dsv
[0.186s] -- Up-to-date: /home/locobot/LoCoBotRos/interbotix_ws/install/moveit_hybrid_planning/share/ament_index/resource_index/packages/moveit_hybrid_planning
[0.186s] -- Up-to-date: /home/locobot/LoCoBotRos/interbotix_ws/install/moveit_hybrid_planning/share/ament_index/resource_index/moveit_hybrid_planning__pluginlib__plugin/moveit_hybrid_planning
[0.187s] -- Up-to-date: /home/locobot/LoCoBotRos/interbotix_ws/install/moveit_hybrid_planning/share/ament_index/resource_index/rclcpp_components/moveit_hybrid_planning
[0.187s] -- Up-to-date: /home/locobot/LoCoBotRos/interbotix_ws/install/moveit_hybrid_planning/share/moveit_hybrid_planning/cmake/export_moveit_hybrid_planningExport.cmake
[0.187s] -- Up-to-date: /home/locobot/LoCoBotRos/interbotix_ws/install/moveit_hybrid_planning/share/moveit_hybrid_planning/cmake/export_moveit_hybrid_planningExport-release.cmake
[0.187s] -- Up-to-date: /home/locobot/LoCoBotRos/interbotix_ws/install/moveit_hybrid_planning/share/moveit_hybrid_planning/cmake/ament_cmake_export_include_directories-extras.cmake
[0.187s] -- Up-to-date: /home/locobot/LoCoBotRos/interbotix_ws/install/moveit_hybrid_planning/share/moveit_hybrid_planning/cmake/ament_cmake_export_libraries-extras.cmake
[0.187s] -- Up-to-date: /home/locobot/LoCoBotRos/interbotix_ws/install/moveit_hybrid_planning/share/moveit_hybrid_planning/cmake/ament_cmake_export_dependencies-extras.cmake
[0.187s] -- Up-to-date: /home/locobot/LoCoBotRos/interbotix_ws/install/moveit_hybrid_planning/share/moveit_hybrid_planning/cmake/ament_cmake_export_targets-extras.cmake
[0.187s] -- Up-to-date: /home/locobot/LoCoBotRos/interbotix_ws/install/moveit_hybrid_planning/share/moveit_hybrid_planning/cmake/moveit_hybrid_planningConfig.cmake
[0.187s] -- Up-to-date: /home/locobot/LoCoBotRos/interbotix_ws/install/moveit_hybrid_planning/share/moveit_hybrid_planning/cmake/moveit_hybrid_planningConfig-version.cmake
[0.187s] -- Up-to-date: /home/locobot/LoCoBotRos/interbotix_ws/install/moveit_hybrid_planning/share/moveit_hybrid_planning/package.xml
[0.187s] Invoked command in '/home/locobot/LoCoBotRos/interbotix_ws/build/moveit_hybrid_planning' returned '0': AMENT_PREFIX_PATH=/home/locobot/LoCoBotRos/interbotix_ws/install/moveit_ros_planning_interface:/home/locobot/LoCoBotRos/interbotix_ws/install/moveit_ros_move_group:/home/locobot/LoCoBotRos/interbotix_ws/install/moveit_ros_warehouse:/home/locobot/LoCoBotRos/interbotix_ws/install/moveit_planners_ompl:/home/locobot/LoCoBotRos/interbotix_ws/install/moveit_kinematics:/home/locobot/LoCoBotRos/interbotix_ws/install/moveit_ros_planning:/home/locobot/LoCoBotRos/interbotix_ws/install/moveit_simple_controller_manager:/home/locobot/LoCoBotRos/interbotix_ws/install/moveit_ros_occupancy_map_monitor:/home/locobot/LoCoBotRos/interbotix_ws/install/moveit_core:/home/locobot/LoCoBotRos/interbotix_ws/install/moveit_resources_panda_moveit_config:/home/locobot/LoCoBotRos/interbotix_ws/install/moveit_resources_fanuc_moveit_config:/home/locobot/LoCoBotRos/interbotix_ws/install/moveit_configs_utils:/home/locobot/LoCoBotRos/interbotix_ws/install/srdfdom:/home/locobot/LoCoBotRos/interbotix_ws/install/moveit_resources_pr2_description:/home/locobot/LoCoBotRos/interbotix_ws/install/moveit_resources_panda_description:/home/locobot/LoCoBotRos/interbotix_ws/install/moveit_resources_fanuc_description:/home/locobot/LoCoBotRos/interbotix_ws/install/moveit_common:/home/locobot/LoCoBotRos/interbotix_ws/install/launch_param_builder:${AMENT_PREFIX_PATH} CMAKE_PREFIX_PATH=/home/locobot/LoCoBotRos/interbotix_ws/install/moveit_ros_planning_interface:/home/locobot/LoCoBotRos/interbotix_ws/install/moveit_ros_move_group:/home/locobot/LoCoBotRos/interbotix_ws/install/moveit_ros_warehouse:/home/locobot/LoCoBotRos/interbotix_ws/install/moveit_planners_ompl:/home/locobot/LoCoBotRos/interbotix_ws/install/moveit_kinematics:/home/locobot/LoCoBotRos/interbotix_ws/install/moveit_ros_planning:/home/locobot/LoCoBotRos/interbotix_ws/install/moveit_simple_controller_manager:/home/locobot/LoCoBotRos/interbotix_ws/install/moveit_ros_occupancy_map_monitor:/home/locobot/LoCoBotRos/interbotix_ws/install/moveit_core:/home/locobot/LoCoBotRos/interbotix_ws/install/moveit_resources_panda_moveit_config:/home/locobot/LoCoBotRos/interbotix_ws/install/moveit_resources_fanuc_moveit_config:/home/locobot/LoCoBotRos/interbotix_ws/install/srdfdom:/home/locobot/LoCoBotRos/interbotix_ws/install/moveit_resources_pr2_description:/home/locobot/LoCoBotRos/interbotix_ws/install/moveit_resources_panda_description:/home/locobot/LoCoBotRos/interbotix_ws/install/moveit_resources_fanuc_description:/home/locobot/LoCoBotRos/interbotix_ws/install/moveit_common:/home/locobot/apriltag_ws/install/apriltag_ros:/opt/ros/humble LD_LIBRARY_PATH=/home/locobot/LoCoBotRos/interbotix_ws/install/moveit_ros_planning_interface/lib:/home/locobot/LoCoBotRos/interbotix_ws/install/moveit_ros_move_group/lib:/home/locobot/LoCoBotRos/interbotix_ws/install/moveit_ros_warehouse/lib:/home/locobot/LoCoBotRos/interbotix_ws/install/moveit_planners_ompl/lib:/home/locobot/LoCoBotRos/interbotix_ws/install/moveit_kinematics/lib:/home/locobot/LoCoBotRos/interbotix_ws/install/moveit_ros_planning/lib:/home/locobot/LoCoBotRos/interbotix_ws/install/moveit_simple_controller_manager/lib:/home/locobot/LoCoBotRos/interbotix_ws/install/moveit_ros_occupancy_map_monitor/lib:/home/locobot/LoCoBotRos/interbotix_ws/install/moveit_core/lib:/home/locobot/LoCoBotRos/interbotix_ws/install/srdfdom/lib:${LD_LIBRARY_PATH} PATH=/home/locobot/LoCoBotRos/interbotix_ws/install/moveit_core/bin:${PATH} PYTHONPATH=/home/locobot/LoCoBotRos/interbotix_ws/install/moveit_configs_utils/lib/python3.10/site-packages:/home/locobot/LoCoBotRos/interbotix_ws/install/srdfdom/local/lib/python3.10/dist-packages:/home/locobot/LoCoBotRos/interbotix_ws/install/launch_param_builder/lib/python3.10/site-packages:${PYTHONPATH} /usr/bin/cmake --install /home/locobot/LoCoBotRos/interbotix_ws/build/moveit_hybrid_planning
