[0.037s] Invoking command in '/home/locobot/LoCoBotRos/interbotix_ws/build/ecl_config': CMAKE_PREFIX_PATH=${CMAKE_PREFIX_PATH}:/home/locobot/LoCoBotRos/interbotix_ws/install/interbotix_xs_modules:/home/locobot/LoCoBotRos/interbotix_ws/install/interbotix_common_modules:/home/locobot/interbotix_ws/install/kobuki_description:/home/locobot/interbotix_ws/install/interbotix_xs_modules:/home/locobot/interbotix_ws/install/interbotix_common_sim:/home/locobot/interbotix_ws/install/interbotix_common_modules:/home/locobot/interbotix_ws/install/ecl_utilities:/home/locobot/interbotix_ws/install/ecl_math:/home/locobot/interbotix_ws/install/ecl_formatters:/home/locobot/interbotix_ws/install/ecl_converters:/home/locobot/interbotix_ws/install/ecl_concepts:/home/locobot/interbotix_ws/install/ecl_type_traits:/home/locobot/interbotix_ws/install/ecl_time_lite:/home/locobot/interbotix_ws/install/ecl_mpl:/home/locobot/interbotix_ws/install/ecl_exceptions:/home/locobot/interbotix_ws/install/ecl_errors:/home/locobot/interbotix_ws/install/ecl_eigen:/home/locobot/interbotix_ws/install/ecl_config:/home/locobot/interbotix_ws/install/ecl_command_line:/home/locobot/interbotix_ws/install/dynamixel_workbench_toolbox:/opt/ros/humble /usr/bin/cmake /home/locobot/LoCoBotRos/interbotix_ws/src/ecl_lite/ecl_config -DCMAKE_INSTALL_PREFIX=/home/locobot/LoCoBotRos/interbotix_ws/install/ecl_config
[0.111s] -- The C compiler identification is GNU 11.4.0
[0.185s] -- The CXX compiler identification is GNU 11.4.0
[0.193s] -- Detecting C compiler ABI info
[0.291s] -- Detecting C compiler ABI info - done
[0.300s] -- Check for working C compiler: /usr/bin/cc - skipped
[0.300s] -- Detecting C compile features
[0.300s] -- Detecting C compile features - done
[0.303s] -- Detecting CXX compiler ABI info
[0.399s] -- Detecting CXX compiler ABI info - done
[0.410s] -- Check for working CXX compiler: /usr/bin/c++ - skipped
[0.410s] -- Detecting CXX compile features
[0.410s] -- Detecting CXX compile features - done
[0.420s] -- Found ament_cmake_ros: 0.10.0 (/opt/ros/humble/share/ament_cmake_ros/cmake)
[0.686s] -- Found Python3: /usr/bin/python3 (found version "3.10.12") found components: Interpreter 
[1.035s] -- Found ecl_build: 1.0.3 (/opt/ros/humble/share/ecl_build/cmake)
[1.062s] -- Looking for _POSIX_VERSION
[1.338s] -- Looking for _POSIX_VERSION - found
[1.339s] -- Looking for realpath in rt
[1.579s] -- Looking for realpath in rt - found
[1.580s] -- Looking for clock_nanosleep in rt
[1.766s] -- Looking for clock_nanosleep in rt - found
[1.767s] -- Looking for clock_gettime in rt
[2.015s] -- Looking for clock_gettime in rt - found
[2.016s] -- Looking for pthread_mutex_timedlock in pthread
[2.307s] -- Looking for pthread_mutex_timedlock in pthread - found
[2.309s] -- Looking for nanosleep in pthread
[2.612s] -- Looking for nanosleep in pthread - found
[2.613s] -- Looking for shm_open in rt
[2.872s] -- Looking for shm_open in rt - found
[2.872s] -- Looking for sched_setscheduler in pthread
[3.192s] -- Looking for sched_setscheduler in pthread - found
[3.192s] -- Looking for sem_timedwait in pthread
[3.447s] -- Looking for sem_timedwait in pthread - found
[3.447s] -- Looking for sem_init in pthread
[3.646s] -- Looking for sem_init in pthread - found
[3.646s] -- Looking for CLOCK_MONOTONIC
[3.828s] -- Looking for CLOCK_MONOTONIC - found
[3.829s] -- Looking for CLOCK_PROCESS_CPUTIME_ID
[4.001s] -- Looking for CLOCK_PROCESS_CPUTIME_ID - found
[4.004s] -- Looking for pthread.h
[4.217s] -- Looking for pthread.h - found
[4.218s] -- Performing Test CMAKE_HAVE_LIBC_PTHREAD
[4.470s] -- Performing Test CMAKE_HAVE_LIBC_PTHREAD - Success
[4.473s] -- Found Threads: TRUE  
[4.480s] -- Looking for sys/types.h
[4.704s] -- Looking for sys/types.h - found
[4.706s] -- Looking for stdint.h
[4.986s] -- Looking for stdint.h - found
[4.986s] -- Looking for stddef.h
[5.167s] -- Looking for stddef.h - found
[5.168s] -- Check size of char
[5.379s] -- Check size of char - done
[5.380s] -- Check size of short
[5.616s] -- Check size of short - done
[5.616s] -- Check size of int
[5.821s] -- Check size of int - done
[5.822s] -- Check size of long
[6.024s] -- Check size of long - done
[6.024s] -- Check size of long long
[6.267s] -- Check size of long long - done
[6.267s] -- Check size of float
[6.476s] -- Check size of float - done
[6.478s] -- Check size of double
[6.669s] -- Check size of double - done
[6.669s] -- Check size of long double
[6.839s] -- Check size of long double - done
[6.867s] -- -------------------------------------------------------------------
[6.868s] -- Platform Summary
[6.868s] -- -------------------------------------------------------------------
[6.868s] -- 
[6.868s] -- System type.....................posix
[6.868s] -- Operating System................Linux-6.8.0-60-generic
[6.868s] -- Timer model.....................real-time
[6.869s] -- Thread model....................posix
[6.869s] -- Size of char....................1
[6.869s] -- Size of short...................2
[6.869s] -- Size of int.....................4
[6.869s] -- Size of long....................8
[6.870s] -- Size of long long...............8
[6.870s] -- Size of float...................4
[6.870s] -- Size of double..................8
[6.870s] -- Size of long double.............16
[6.870s] -- Size of pointer.................64-bit
[6.870s] -- Endianness......................little-endian
[6.870s] -- 
[6.870s] -- -------------------------------------------------------------------
[6.872s] -- Posix Specifications
[6.872s] -- -------------------------------------------------------------------
[6.872s] -- 
[6.872s] -- Clock selection.................yes
[6.872s] -- Monotonic clock.................yes
[6.872s] -- Priority scheduling.............yes
[6.872s] -- Semaphores......................yes
[6.873s] -- Shared memory objects...........yes
[6.873s] -- Timers..........................yes
[6.873s] -- Timeouts........................yes
[6.873s] --  - clock_gettime................yes
[6.873s] --  - clock_nanosleep..............yes
[6.873s] --  - nanosleep....................yes
[6.873s] --  - pthread_mutex_timedlock......yes
[6.873s] --  - sched_setscheduler...........yes
[6.873s] --  - sem_init.....................yes
[6.873s] --  - sem_timedwait................yes
[6.873s] --  - shm_open.....................yes
[6.874s] -- 
[6.874s] -- -------------------------------------------------------------------
[6.874s] -- Build Environment
[6.874s] -- -------------------------------------------------------------------
[6.874s] -- 
[6.874s] -- Compiler......................../usr/bin/c++
[6.874s] --  - version......................c++ (Ubuntu 11.4.0-1ubuntu1~22.04) 11.4.0
[6.874s] Copyright (C) 2021 Free Software Foundation, Inc.
[6.874s] This is free software see the source for copying conditions.  There is NO
[6.874s] warranty not even for MERCHANTABILITY or FITNESS FOR A PARTICULAR PURPOSE.
[6.874s] 
[6.874s] 
[6.874s] -- 
[6.891s] -- Found ament_lint_auto: 0.12.12 (/opt/ros/humble/share/ament_lint_auto/cmake)
[7.254s] -- Found gtest sources under '/opt/ros/humble/src/gtest_vendor': C++ tests using 'Google Test' will be built
[7.387s] -- Configuring done
[7.406s] -- Generating done
[7.427s] -- Build files have been written to: /home/locobot/LoCoBotRos/interbotix_ws/build/ecl_config
[7.455s] Invoked command in '/home/locobot/LoCoBotRos/interbotix_ws/build/ecl_config' returned '0': CMAKE_PREFIX_PATH=${CMAKE_PREFIX_PATH}:/home/locobot/LoCoBotRos/interbotix_ws/install/interbotix_xs_modules:/home/locobot/LoCoBotRos/interbotix_ws/install/interbotix_common_modules:/home/locobot/interbotix_ws/install/kobuki_description:/home/locobot/interbotix_ws/install/interbotix_xs_modules:/home/locobot/interbotix_ws/install/interbotix_common_sim:/home/locobot/interbotix_ws/install/interbotix_common_modules:/home/locobot/interbotix_ws/install/ecl_utilities:/home/locobot/interbotix_ws/install/ecl_math:/home/locobot/interbotix_ws/install/ecl_formatters:/home/locobot/interbotix_ws/install/ecl_converters:/home/locobot/interbotix_ws/install/ecl_concepts:/home/locobot/interbotix_ws/install/ecl_type_traits:/home/locobot/interbotix_ws/install/ecl_time_lite:/home/locobot/interbotix_ws/install/ecl_mpl:/home/locobot/interbotix_ws/install/ecl_exceptions:/home/locobot/interbotix_ws/install/ecl_errors:/home/locobot/interbotix_ws/install/ecl_eigen:/home/locobot/interbotix_ws/install/ecl_config:/home/locobot/interbotix_ws/install/ecl_command_line:/home/locobot/interbotix_ws/install/dynamixel_workbench_toolbox:/opt/ros/humble /usr/bin/cmake /home/locobot/LoCoBotRos/interbotix_ws/src/ecl_lite/ecl_config -DCMAKE_INSTALL_PREFIX=/home/locobot/LoCoBotRos/interbotix_ws/install/ecl_config
[7.456s] Invoking command in '/home/locobot/LoCoBotRos/interbotix_ws/build/ecl_config': CMAKE_PREFIX_PATH=${CMAKE_PREFIX_PATH}:/home/locobot/LoCoBotRos/interbotix_ws/install/interbotix_xs_modules:/home/locobot/LoCoBotRos/interbotix_ws/install/interbotix_common_modules:/home/locobot/interbotix_ws/install/kobuki_description:/home/locobot/interbotix_ws/install/interbotix_xs_modules:/home/locobot/interbotix_ws/install/interbotix_common_sim:/home/locobot/interbotix_ws/install/interbotix_common_modules:/home/locobot/interbotix_ws/install/ecl_utilities:/home/locobot/interbotix_ws/install/ecl_math:/home/locobot/interbotix_ws/install/ecl_formatters:/home/locobot/interbotix_ws/install/ecl_converters:/home/locobot/interbotix_ws/install/ecl_concepts:/home/locobot/interbotix_ws/install/ecl_type_traits:/home/locobot/interbotix_ws/install/ecl_time_lite:/home/locobot/interbotix_ws/install/ecl_mpl:/home/locobot/interbotix_ws/install/ecl_exceptions:/home/locobot/interbotix_ws/install/ecl_errors:/home/locobot/interbotix_ws/install/ecl_eigen:/home/locobot/interbotix_ws/install/ecl_config:/home/locobot/interbotix_ws/install/ecl_command_line:/home/locobot/interbotix_ws/install/dynamixel_workbench_toolbox:/opt/ros/humble /usr/bin/cmake --build /home/locobot/LoCoBotRos/interbotix_ws/build/ecl_config -- -j16 -l16
[7.593s] [  6%] [32mBuilding CXX object src/utilities/CMakeFiles/ecl_detect_posix.dir/detect_posix.cpp.o[0m
[7.601s] [ 12%] [32mBuilding CXX object src/utilities/CMakeFiles/ecl_detect_endian.dir/detect_endian.cpp.o[0m
[7.608s] [ 18%] [32mBuilding CXX object gtest/CMakeFiles/gtest_main.dir/src/gtest_main.cc.o[0m
[7.620s] [ 25%] [32mBuilding CXX object gtest/CMakeFiles/gtest.dir/src/gtest-all.cc.o[0m
[8.041s] [ 31%] [32m[1mLinking CXX executable bin/ecl_detect_endian[0m
[8.060s] [ 37%] [32m[1mLinking CXX executable bin/ecl_detect_posix[0m
[8.416s] [ 37%] Built target ecl_detect_endian
[8.489s] [ 37%] Built target ecl_detect_posix
[8.905s] [ 43%] [32m[1mLinking CXX static library libgtest_main.a[0m
[9.030s] [ 43%] Built target gtest_main
[12.893s] [ 50%] [32m[1mLinking CXX static library libgtest.a[0m
[13.086s] [ 50%] Built target gtest
[13.153s] [ 56%] [32mBuilding CXX object src/test/CMakeFiles/ecl_test_char_sign.dir/char_sign.cpp.o[0m
[13.164s] [ 62%] [32mBuilding CXX object src/test/CMakeFiles/ecl_test_portable_types.dir/portable_types.cpp.o[0m
[13.193s] [ 68%] [32mBuilding CXX object src/test/CMakeFiles/ecl_test_endianness.dir/endianness.cpp.o[0m
[13.196s] [ 75%] [32mBuilding CXX object src/test/CMakeFiles/ecl_test_macros.dir/macros.cpp.o[0m
[14.763s] [ 81%] [32m[1mLinking CXX executable ecl_test_macros[0m
[14.781s] [ 87%] [32m[1mLinking CXX executable ecl_test_char_sign[0m
[14.956s] [ 93%] [32m[1mLinking CXX executable ecl_test_portable_types[0m
[15.285s] [100%] [32m[1mLinking CXX executable ecl_test_endianness[0m
[15.344s] [100%] Built target ecl_test_portable_types
[15.461s] [100%] Built target ecl_test_macros
[15.471s] [100%] Built target ecl_test_char_sign
[15.792s] [100%] Built target ecl_test_endianness
[15.823s] Invoked command in '/home/locobot/LoCoBotRos/interbotix_ws/build/ecl_config' returned '0': CMAKE_PREFIX_PATH=${CMAKE_PREFIX_PATH}:/home/locobot/LoCoBotRos/interbotix_ws/install/interbotix_xs_modules:/home/locobot/LoCoBotRos/interbotix_ws/install/interbotix_common_modules:/home/locobot/interbotix_ws/install/kobuki_description:/home/locobot/interbotix_ws/install/interbotix_xs_modules:/home/locobot/interbotix_ws/install/interbotix_common_sim:/home/locobot/interbotix_ws/install/interbotix_common_modules:/home/locobot/interbotix_ws/install/ecl_utilities:/home/locobot/interbotix_ws/install/ecl_math:/home/locobot/interbotix_ws/install/ecl_formatters:/home/locobot/interbotix_ws/install/ecl_converters:/home/locobot/interbotix_ws/install/ecl_concepts:/home/locobot/interbotix_ws/install/ecl_type_traits:/home/locobot/interbotix_ws/install/ecl_time_lite:/home/locobot/interbotix_ws/install/ecl_mpl:/home/locobot/interbotix_ws/install/ecl_exceptions:/home/locobot/interbotix_ws/install/ecl_errors:/home/locobot/interbotix_ws/install/ecl_eigen:/home/locobot/interbotix_ws/install/ecl_config:/home/locobot/interbotix_ws/install/ecl_command_line:/home/locobot/interbotix_ws/install/dynamixel_workbench_toolbox:/opt/ros/humble /usr/bin/cmake --build /home/locobot/LoCoBotRos/interbotix_ws/build/ecl_config -- -j16 -l16
[15.827s] Invoking command in '/home/locobot/LoCoBotRos/interbotix_ws/build/ecl_config': CMAKE_PREFIX_PATH=${CMAKE_PREFIX_PATH}:/home/locobot/LoCoBotRos/interbotix_ws/install/interbotix_xs_modules:/home/locobot/LoCoBotRos/interbotix_ws/install/interbotix_common_modules:/home/locobot/interbotix_ws/install/kobuki_description:/home/locobot/interbotix_ws/install/interbotix_xs_modules:/home/locobot/interbotix_ws/install/interbotix_common_sim:/home/locobot/interbotix_ws/install/interbotix_common_modules:/home/locobot/interbotix_ws/install/ecl_utilities:/home/locobot/interbotix_ws/install/ecl_math:/home/locobot/interbotix_ws/install/ecl_formatters:/home/locobot/interbotix_ws/install/ecl_converters:/home/locobot/interbotix_ws/install/ecl_concepts:/home/locobot/interbotix_ws/install/ecl_type_traits:/home/locobot/interbotix_ws/install/ecl_time_lite:/home/locobot/interbotix_ws/install/ecl_mpl:/home/locobot/interbotix_ws/install/ecl_exceptions:/home/locobot/interbotix_ws/install/ecl_errors:/home/locobot/interbotix_ws/install/ecl_eigen:/home/locobot/interbotix_ws/install/ecl_config:/home/locobot/interbotix_ws/install/ecl_command_line:/home/locobot/interbotix_ws/install/dynamixel_workbench_toolbox:/opt/ros/humble /usr/bin/cmake --install /home/locobot/LoCoBotRos/interbotix_ws/build/ecl_config
[15.866s] -- Install configuration: ""
[15.866s] -- Installing: /home/locobot/LoCoBotRos/interbotix_ws/install/ecl_config/share/ament_index/resource_index/package_run_dependencies/ecl_config
[15.866s] -- Installing: /home/locobot/LoCoBotRos/interbotix_ws/install/ecl_config/share/ament_index/resource_index/parent_prefix_path/ecl_config
[15.867s] -- Installing: /home/locobot/LoCoBotRos/interbotix_ws/install/ecl_config/share/ecl_config/environment/ament_prefix_path.sh
[15.868s] -- Installing: /home/locobot/LoCoBotRos/interbotix_ws/install/ecl_config/share/ecl_config/environment/ament_prefix_path.dsv
[15.868s] -- Installing: /home/locobot/LoCoBotRos/interbotix_ws/install/ecl_config/share/ecl_config/environment/path.sh
[15.868s] -- Installing: /home/locobot/LoCoBotRos/interbotix_ws/install/ecl_config/share/ecl_config/environment/path.dsv
[15.868s] -- Installing: /home/locobot/LoCoBotRos/interbotix_ws/install/ecl_config/share/ecl_config/local_setup.bash
[15.868s] -- Installing: /home/locobot/LoCoBotRos/interbotix_ws/install/ecl_config/share/ecl_config/local_setup.sh
[15.868s] -- Installing: /home/locobot/LoCoBotRos/interbotix_ws/install/ecl_config/share/ecl_config/local_setup.zsh
[15.869s] -- Installing: /home/locobot/LoCoBotRos/interbotix_ws/install/ecl_config/share/ecl_config/local_setup.dsv
[15.869s] -- Installing: /home/locobot/LoCoBotRos/interbotix_ws/install/ecl_config/share/ecl_config/package.dsv
[15.875s] -- Installing: /home/locobot/LoCoBotRos/interbotix_ws/install/ecl_config/share/ament_index/resource_index/packages/ecl_config
[15.875s] -- Installing: /home/locobot/LoCoBotRos/interbotix_ws/install/ecl_config/share/ecl_config/cmake/ecl_configExport.cmake
[15.875s] -- Installing: /home/locobot/LoCoBotRos/interbotix_ws/install/ecl_config/share/ecl_config/cmake/ament_cmake_export_targets-extras.cmake
[15.876s] -- Installing: /home/locobot/LoCoBotRos/interbotix_ws/install/ecl_config/share/ecl_config/cmake/ament_cmake_export_include_directories-extras.cmake
[15.876s] -- Installing: /home/locobot/LoCoBotRos/interbotix_ws/install/ecl_config/share/ecl_config/cmake/ecl_configConfig.cmake
[15.876s] -- Installing: /home/locobot/LoCoBotRos/interbotix_ws/install/ecl_config/share/ecl_config/cmake/ecl_configConfig-version.cmake
[15.876s] -- Installing: /home/locobot/LoCoBotRos/interbotix_ws/install/ecl_config/share/ecl_config/package.xml
[15.877s] -- Installing: /home/locobot/LoCoBotRos/interbotix_ws/install/ecl_config/include/ecl/config.hpp
[15.877s] -- Installing: /home/locobot/LoCoBotRos/interbotix_ws/install/ecl_config/include/ecl/config/ecl.hpp
[15.877s] -- Installing: /home/locobot/LoCoBotRos/interbotix_ws/install/ecl_config/include/ecl/config/char_sign.hpp
[15.877s] -- Installing: /home/locobot/LoCoBotRos/interbotix_ws/install/ecl_config/include/ecl/config/ecl_unknown.hpp
[15.878s] -- Installing: /home/locobot/LoCoBotRos/interbotix_ws/install/ecl_config/include/ecl/config/endianness.hpp
[15.878s] -- Installing: /home/locobot/LoCoBotRos/interbotix_ws/install/ecl_config/include/ecl/config/macros.hpp
[15.878s] -- Installing: /home/locobot/LoCoBotRos/interbotix_ws/install/ecl_config/include/ecl/config/portable_types.hpp
[15.881s] -- Installing: /home/locobot/LoCoBotRos/interbotix_ws/install/ecl_config/include/ecl/config/windows.hpp
[15.885s] -- Installing: /home/locobot/LoCoBotRos/interbotix_ws/install/ecl_config/bin/ecl_detect_endian
[15.887s] -- Installing: /home/locobot/LoCoBotRos/interbotix_ws/install/ecl_config/bin/ecl_detect_posix
[15.887s] Invoked command in '/home/locobot/LoCoBotRos/interbotix_ws/build/ecl_config' returned '0': CMAKE_PREFIX_PATH=${CMAKE_PREFIX_PATH}:/home/locobot/LoCoBotRos/interbotix_ws/install/interbotix_xs_modules:/home/locobot/LoCoBotRos/interbotix_ws/install/interbotix_common_modules:/home/locobot/interbotix_ws/install/kobuki_description:/home/locobot/interbotix_ws/install/interbotix_xs_modules:/home/locobot/interbotix_ws/install/interbotix_common_sim:/home/locobot/interbotix_ws/install/interbotix_common_modules:/home/locobot/interbotix_ws/install/ecl_utilities:/home/locobot/interbotix_ws/install/ecl_math:/home/locobot/interbotix_ws/install/ecl_formatters:/home/locobot/interbotix_ws/install/ecl_converters:/home/locobot/interbotix_ws/install/ecl_concepts:/home/locobot/interbotix_ws/install/ecl_type_traits:/home/locobot/interbotix_ws/install/ecl_time_lite:/home/locobot/interbotix_ws/install/ecl_mpl:/home/locobot/interbotix_ws/install/ecl_exceptions:/home/locobot/interbotix_ws/install/ecl_errors:/home/locobot/interbotix_ws/install/ecl_eigen:/home/locobot/interbotix_ws/install/ecl_config:/home/locobot/interbotix_ws/install/ecl_command_line:/home/locobot/interbotix_ws/install/dynamixel_workbench_toolbox:/opt/ros/humble /usr/bin/cmake --install /home/locobot/LoCoBotRos/interbotix_ws/build/ecl_config
