[0.018s] Invoking command in '/home/locobot/LoCoBotRos/interbotix_ws/build/moveit_kinematics': AMENT_PREFIX_PATH=/home/locobot/LoCoBotRos/interbotix_ws/install/moveit_ros_planning:/home/locobot/LoCoBotRos/interbotix_ws/install/moveit_ros_occupancy_map_monitor:/home/locobot/LoCoBotRos/interbotix_ws/install/moveit_core:/home/locobot/LoCoBotRos/interbotix_ws/install/moveit_resources_panda_moveit_config:/home/locobot/LoCoBotRos/interbotix_ws/install/moveit_resources_fanuc_moveit_config:/home/locobot/LoCoBotRos/interbotix_ws/install/moveit_configs_utils:/home/locobot/LoCoBotRos/interbotix_ws/install/srdfdom:/home/locobot/LoCoBotRos/interbotix_ws/install/moveit_resources_pr2_description:/home/locobot/LoCoBotRos/interbotix_ws/install/moveit_resources_panda_description:/home/locobot/LoCoBotRos/interbotix_ws/install/moveit_resources_fanuc_description:/home/locobot/LoCoBotRos/interbotix_ws/install/moveit_common:/home/locobot/LoCoBotRos/interbotix_ws/install/launch_param_builder:${AMENT_PREFIX_PATH} CMAKE_PREFIX_PATH=/home/locobot/LoCoBotRos/interbotix_ws/install/moveit_ros_planning:/home/locobot/LoCoBotRos/interbotix_ws/install/moveit_ros_occupancy_map_monitor:/home/locobot/LoCoBotRos/interbotix_ws/install/moveit_core:/home/locobot/LoCoBotRos/interbotix_ws/install/moveit_resources_panda_moveit_config:/home/locobot/LoCoBotRos/interbotix_ws/install/moveit_resources_fanuc_moveit_config:/home/locobot/LoCoBotRos/interbotix_ws/install/srdfdom:/home/locobot/LoCoBotRos/interbotix_ws/install/moveit_resources_pr2_description:/home/locobot/LoCoBotRos/interbotix_ws/install/moveit_resources_panda_description:/home/locobot/LoCoBotRos/interbotix_ws/install/moveit_resources_fanuc_description:/home/locobot/LoCoBotRos/interbotix_ws/install/moveit_common:/home/locobot/apriltag_ws/install/apriltag_ros:/opt/ros/humble LD_LIBRARY_PATH=/home/locobot/LoCoBotRos/interbotix_ws/install/moveit_ros_planning/lib:/home/locobot/LoCoBotRos/interbotix_ws/install/moveit_ros_occupancy_map_monitor/lib:/home/locobot/LoCoBotRos/interbotix_ws/install/moveit_core/lib:/home/locobot/LoCoBotRos/interbotix_ws/install/srdfdom/lib:${LD_LIBRARY_PATH} PATH=/home/locobot/LoCoBotRos/interbotix_ws/install/moveit_core/bin:${PATH} PYTHONPATH=/home/locobot/LoCoBotRos/interbotix_ws/install/moveit_configs_utils/lib/python3.10/site-packages:/home/locobot/LoCoBotRos/interbotix_ws/install/srdfdom/local/lib/python3.10/dist-packages:/home/locobot/LoCoBotRos/interbotix_ws/install/launch_param_builder/lib/python3.10/site-packages:${PYTHONPATH} /usr/bin/cmake /home/locobot/LoCoBotRos/interbotix_ws/src/moveit2/moveit_kinematics -DCMAKE_INSTALL_PREFIX=/home/locobot/LoCoBotRos/interbotix_ws/install/moveit_kinematics
[0.028s] -- Found moveit_common: 2.5.9 (/home/locobot/LoCoBotRos/interbotix_ws/install/moveit_common/share/moveit_common/cmake)
[0.028s] -- Found ament_cmake: 1.3.11 (/opt/ros/humble/share/ament_cmake/cmake)
[0.168s] -- Found tf2_kdl: 0.25.13 (/opt/ros/humble/share/tf2_kdl/cmake)
[0.187s] -- Found rosidl_generator_c: 3.1.6 (/opt/ros/humble/share/rosidl_generator_c/cmake)
[0.188s] -- Found rosidl_adapter: 3.1.6 (/opt/ros/humble/share/rosidl_adapter/cmake)
[0.193s] -- Found rosidl_generator_cpp: 3.1.6 (/opt/ros/humble/share/rosidl_generator_cpp/cmake)
[0.200s] -- Using all available rosidl_typesupport_c: rosidl_typesupport_fastrtps_c;rosidl_typesupport_introspection_c
[0.211s] -- Using all available rosidl_typesupport_cpp: rosidl_typesupport_fastrtps_cpp;rosidl_typesupport_introspection_cpp
[0.240s] -- Found eigen3_cmake_module: 0.1.1 (/opt/ros/humble/share/eigen3_cmake_module/cmake)
[0.241s] -- Ensuring Eigen3 include directory is part of orocos-kdl CMake target
[0.278s] -- Found rmw_implementation_cmake: 6.1.2 (/opt/ros/humble/share/rmw_implementation_cmake/cmake)
[0.280s] -- Found rmw_fastrtps_cpp: 6.2.7 (/opt/ros/humble/share/rmw_fastrtps_cpp/cmake)
[0.355s] -- Using RMW implementation 'rmw_fastrtps_cpp' as default
[0.429s] -- Found kdl_parser: 2.6.4 (/opt/ros/humble/share/kdl_parser/cmake)
[0.431s] -- Found random_numbers: 2.0.1 (/opt/ros/humble/share/random_numbers/cmake)
[0.435s] -- Found pluginlib: 5.1.0 (/opt/ros/humble/share/pluginlib/cmake)
[0.444s] -- Found moveit_core: 2.5.9 (/home/locobot/LoCoBotRos/interbotix_ws/install/moveit_core/share/moveit_core/cmake)
[0.455s] -- Found Boost: /usr/lib/x86_64-linux-gnu/cmake/Boost-1.74.0/BoostConfig.cmake (found version "1.74.0") found components: chrono date_time filesystem iostreams program_options regex serialization system thread 
[0.473s] -- Found parameter_traits: 0.4.0 (/opt/ros/humble/share/parameter_traits/cmake)
[0.479s] -- Found rclcpp_lifecycle: 16.0.12 (/opt/ros/humble/share/rclcpp_lifecycle/cmake)
[0.495s] -- Found Boost: /usr/lib/x86_64-linux-gnu/cmake/Boost-1.74.0/BoostConfig.cmake (found version "1.74.0") found components: filesystem 
[0.517s] -- library: /usr/lib/x86_64-linux-gnu/libcurl.so
[0.645s] -- Found moveit_ros_planning: 2.5.9 (/home/locobot/LoCoBotRos/interbotix_ws/install/moveit_ros_planning/share/moveit_ros_planning/cmake)
[0.649s] -- Found Boost: /usr/lib/x86_64-linux-gnu/cmake/Boost-1.74.0/BoostConfig.cmake (found version "1.74.0") found components: system filesystem date_time program_options thread chrono 
[0.670s] -- Found Boost: /usr/lib/x86_64-linux-gnu/cmake/Boost-1.74.0/BoostConfig.cmake (found version "1.74.0") found components: program_options system 
[0.711s] -- Found ament_cmake_gtest: 1.3.11 (/opt/ros/humble/share/ament_cmake_gtest/cmake)
[0.712s] -- Found ros_testing: 0.4.0 (/opt/ros/humble/share/ros_testing/cmake)
[0.712s] -- Found launch_testing_ament_cmake: 1.0.9 (/opt/ros/humble/share/launch_testing_ament_cmake/cmake)
[0.712s] -- Found python_cmake_module: 0.10.0 (/opt/ros/humble/share/python_cmake_module/cmake)
[0.730s] -- Using PYTHON_EXECUTABLE: /usr/bin/python3
[0.730s] -- Using PYTHON_INCLUDE_DIRS: /usr/include/python3.10
[0.730s] -- Using PYTHON_LIBRARIES: /usr/lib/x86_64-linux-gnu/libpython3.10.so
[0.732s] -- Found moveit_resources_fanuc_description: 2.0.7 (/home/locobot/LoCoBotRos/interbotix_ws/install/moveit_resources_fanuc_description/share/moveit_resources_fanuc_description/cmake)
[0.733s] -- Found moveit_resources_fanuc_moveit_config: 2.0.7 (/home/locobot/LoCoBotRos/interbotix_ws/install/moveit_resources_fanuc_moveit_config/share/moveit_resources_fanuc_moveit_config/cmake)
[0.733s] -- Found moveit_resources_panda_description: 2.0.7 (/home/locobot/LoCoBotRos/interbotix_ws/install/moveit_resources_panda_description/share/moveit_resources_panda_description/cmake)
[0.733s] -- Found moveit_resources_panda_moveit_config: 2.0.7 (/home/locobot/LoCoBotRos/interbotix_ws/install/moveit_resources_panda_moveit_config/share/moveit_resources_panda_moveit_config/cmake)
[0.734s] -- Found gtest sources under '/opt/ros/humble/src/gtest_vendor': C++ tests using 'Google Test' will be built
[0.744s] -- Found ament_lint_auto: 0.12.12 (/opt/ros/humble/share/ament_lint_auto/cmake)
[0.748s] -- Found launch_testing_ament_cmake: 1.0.9 (/opt/ros/humble/share/launch_testing_ament_cmake/cmake)
[0.748s] -- Found python_cmake_module: 0.10.0 (/opt/ros/humble/share/python_cmake_module/cmake)
[0.765s] -- Using PYTHON_EXECUTABLE: /usr/bin/python3
[0.765s] -- Using PYTHON_INCLUDE_DIRS: /usr/include/python3.10
[0.765s] -- Using PYTHON_LIBRARIES: /usr/lib/x86_64-linux-gnu/libpython3.10.so
[0.789s] -- Added test 'cppcheck' to perform static code analysis on C / C++ code
[0.789s] -- Configured cppcheck include dirs: /home/locobot/LoCoBotRos/interbotix_ws/src/moveit2/moveit_kinematics/kdl_kinematics_plugin/include;/home/locobot/LoCoBotRos/interbotix_ws/src/moveit2/moveit_kinematics/lma_kinematics_plugin/include;/home/locobot/LoCoBotRos/interbotix_ws/src/moveit2/moveit_kinematics/srv_kinematics_plugin/include;/home/locobot/LoCoBotRos/interbotix_ws/src/moveit2/moveit_kinematics/cached_ik_kinematics_plugin/include
[0.789s] -- Configured cppcheck exclude dirs and/or files: 
[0.790s] -- Added test 'lint_cmake' to check CMake code style
[0.791s] -- Configuring done
[0.874s] -- Generating done
[0.898s] -- Build files have been written to: /home/locobot/LoCoBotRos/interbotix_ws/build/moveit_kinematics
[0.912s] Invoked command in '/home/locobot/LoCoBotRos/interbotix_ws/build/moveit_kinematics' returned '0': AMENT_PREFIX_PATH=/home/locobot/LoCoBotRos/interbotix_ws/install/moveit_ros_planning:/home/locobot/LoCoBotRos/interbotix_ws/install/moveit_ros_occupancy_map_monitor:/home/locobot/LoCoBotRos/interbotix_ws/install/moveit_core:/home/locobot/LoCoBotRos/interbotix_ws/install/moveit_resources_panda_moveit_config:/home/locobot/LoCoBotRos/interbotix_ws/install/moveit_resources_fanuc_moveit_config:/home/locobot/LoCoBotRos/interbotix_ws/install/moveit_configs_utils:/home/locobot/LoCoBotRos/interbotix_ws/install/srdfdom:/home/locobot/LoCoBotRos/interbotix_ws/install/moveit_resources_pr2_description:/home/locobot/LoCoBotRos/interbotix_ws/install/moveit_resources_panda_description:/home/locobot/LoCoBotRos/interbotix_ws/install/moveit_resources_fanuc_description:/home/locobot/LoCoBotRos/interbotix_ws/install/moveit_common:/home/locobot/LoCoBotRos/interbotix_ws/install/launch_param_builder:${AMENT_PREFIX_PATH} CMAKE_PREFIX_PATH=/home/locobot/LoCoBotRos/interbotix_ws/install/moveit_ros_planning:/home/locobot/LoCoBotRos/interbotix_ws/install/moveit_ros_occupancy_map_monitor:/home/locobot/LoCoBotRos/interbotix_ws/install/moveit_core:/home/locobot/LoCoBotRos/interbotix_ws/install/moveit_resources_panda_moveit_config:/home/locobot/LoCoBotRos/interbotix_ws/install/moveit_resources_fanuc_moveit_config:/home/locobot/LoCoBotRos/interbotix_ws/install/srdfdom:/home/locobot/LoCoBotRos/interbotix_ws/install/moveit_resources_pr2_description:/home/locobot/LoCoBotRos/interbotix_ws/install/moveit_resources_panda_description:/home/locobot/LoCoBotRos/interbotix_ws/install/moveit_resources_fanuc_description:/home/locobot/LoCoBotRos/interbotix_ws/install/moveit_common:/home/locobot/apriltag_ws/install/apriltag_ros:/opt/ros/humble LD_LIBRARY_PATH=/home/locobot/LoCoBotRos/interbotix_ws/install/moveit_ros_planning/lib:/home/locobot/LoCoBotRos/interbotix_ws/install/moveit_ros_occupancy_map_monitor/lib:/home/locobot/LoCoBotRos/interbotix_ws/install/moveit_core/lib:/home/locobot/LoCoBotRos/interbotix_ws/install/srdfdom/lib:${LD_LIBRARY_PATH} PATH=/home/locobot/LoCoBotRos/interbotix_ws/install/moveit_core/bin:${PATH} PYTHONPATH=/home/locobot/LoCoBotRos/interbotix_ws/install/moveit_configs_utils/lib/python3.10/site-packages:/home/locobot/LoCoBotRos/interbotix_ws/install/srdfdom/local/lib/python3.10/dist-packages:/home/locobot/LoCoBotRos/interbotix_ws/install/launch_param_builder/lib/python3.10/site-packages:${PYTHONPATH} /usr/bin/cmake /home/locobot/LoCoBotRos/interbotix_ws/src/moveit2/moveit_kinematics -DCMAKE_INSTALL_PREFIX=/home/locobot/LoCoBotRos/interbotix_ws/install/moveit_kinematics
[0.913s] Invoking command in '/home/locobot/LoCoBotRos/interbotix_ws/build/moveit_kinematics': AMENT_PREFIX_PATH=/home/locobot/LoCoBotRos/interbotix_ws/install/moveit_ros_planning:/home/locobot/LoCoBotRos/interbotix_ws/install/moveit_ros_occupancy_map_monitor:/home/locobot/LoCoBotRos/interbotix_ws/install/moveit_core:/home/locobot/LoCoBotRos/interbotix_ws/install/moveit_resources_panda_moveit_config:/home/locobot/LoCoBotRos/interbotix_ws/install/moveit_resources_fanuc_moveit_config:/home/locobot/LoCoBotRos/interbotix_ws/install/moveit_configs_utils:/home/locobot/LoCoBotRos/interbotix_ws/install/srdfdom:/home/locobot/LoCoBotRos/interbotix_ws/install/moveit_resources_pr2_description:/home/locobot/LoCoBotRos/interbotix_ws/install/moveit_resources_panda_description:/home/locobot/LoCoBotRos/interbotix_ws/install/moveit_resources_fanuc_description:/home/locobot/LoCoBotRos/interbotix_ws/install/moveit_common:/home/locobot/LoCoBotRos/interbotix_ws/install/launch_param_builder:${AMENT_PREFIX_PATH} CMAKE_PREFIX_PATH=/home/locobot/LoCoBotRos/interbotix_ws/install/moveit_ros_planning:/home/locobot/LoCoBotRos/interbotix_ws/install/moveit_ros_occupancy_map_monitor:/home/locobot/LoCoBotRos/interbotix_ws/install/moveit_core:/home/locobot/LoCoBotRos/interbotix_ws/install/moveit_resources_panda_moveit_config:/home/locobot/LoCoBotRos/interbotix_ws/install/moveit_resources_fanuc_moveit_config:/home/locobot/LoCoBotRos/interbotix_ws/install/srdfdom:/home/locobot/LoCoBotRos/interbotix_ws/install/moveit_resources_pr2_description:/home/locobot/LoCoBotRos/interbotix_ws/install/moveit_resources_panda_description:/home/locobot/LoCoBotRos/interbotix_ws/install/moveit_resources_fanuc_description:/home/locobot/LoCoBotRos/interbotix_ws/install/moveit_common:/home/locobot/apriltag_ws/install/apriltag_ros:/opt/ros/humble LD_LIBRARY_PATH=/home/locobot/LoCoBotRos/interbotix_ws/install/moveit_ros_planning/lib:/home/locobot/LoCoBotRos/interbotix_ws/install/moveit_ros_occupancy_map_monitor/lib:/home/locobot/LoCoBotRos/interbotix_ws/install/moveit_core/lib:/home/locobot/LoCoBotRos/interbotix_ws/install/srdfdom/lib:${LD_LIBRARY_PATH} PATH=/home/locobot/LoCoBotRos/interbotix_ws/install/moveit_core/bin:${PATH} PYTHONPATH=/home/locobot/LoCoBotRos/interbotix_ws/install/moveit_configs_utils/lib/python3.10/site-packages:/home/locobot/LoCoBotRos/interbotix_ws/install/srdfdom/local/lib/python3.10/dist-packages:/home/locobot/LoCoBotRos/interbotix_ws/install/launch_param_builder/lib/python3.10/site-packages:${PYTHONPATH} /usr/bin/cmake --build /home/locobot/LoCoBotRos/interbotix_ws/build/moveit_kinematics -- -j16 -l16
[0.945s] [35m[1mConsolidate compiler generated dependencies of target gtest[0m
[0.945s] [35m[1mConsolidate compiler generated dependencies of target moveit_srv_kinematics_plugin[0m
[0.945s] [35m[1mConsolidate compiler generated dependencies of target benchmark_ik[0m
[0.945s] [35m[1mConsolidate compiler generated dependencies of target moveit_cached_ik_kinematics_base[0m
[0.945s] [35m[1mConsolidate compiler generated dependencies of target moveit_kdl_kinematics_plugin[0m
[0.946s] [35m[1mConsolidate compiler generated dependencies of target gtest_main[0m
[0.948s] [35m[1mConsolidate compiler generated dependencies of target moveit_lma_kinematics_plugin[0m
[0.955s] [ 10%] Built target gtest
[0.956s] [ 21%] Built target gtest_main
[0.960s] [ 31%] Built target moveit_srv_kinematics_plugin
[0.961s] [ 42%] Built target moveit_cached_ik_kinematics_base
[0.962s] [ 52%] Built target benchmark_ik
[0.967s] [ 68%] Built target moveit_kdl_kinematics_plugin
[0.967s] [ 78%] Built target moveit_lma_kinematics_plugin
[0.976s] [35m[1mConsolidate compiler generated dependencies of target moveit_cached_ik_kinematics_plugin[0m
[0.976s] [35m[1mConsolidate compiler generated dependencies of target test_kinematics_plugin[0m
[0.991s] [100%] Built target test_kinematics_plugin
[0.991s] [100%] Built target moveit_cached_ik_kinematics_plugin
[0.998s] Invoked command in '/home/locobot/LoCoBotRos/interbotix_ws/build/moveit_kinematics' returned '0': AMENT_PREFIX_PATH=/home/locobot/LoCoBotRos/interbotix_ws/install/moveit_ros_planning:/home/locobot/LoCoBotRos/interbotix_ws/install/moveit_ros_occupancy_map_monitor:/home/locobot/LoCoBotRos/interbotix_ws/install/moveit_core:/home/locobot/LoCoBotRos/interbotix_ws/install/moveit_resources_panda_moveit_config:/home/locobot/LoCoBotRos/interbotix_ws/install/moveit_resources_fanuc_moveit_config:/home/locobot/LoCoBotRos/interbotix_ws/install/moveit_configs_utils:/home/locobot/LoCoBotRos/interbotix_ws/install/srdfdom:/home/locobot/LoCoBotRos/interbotix_ws/install/moveit_resources_pr2_description:/home/locobot/LoCoBotRos/interbotix_ws/install/moveit_resources_panda_description:/home/locobot/LoCoBotRos/interbotix_ws/install/moveit_resources_fanuc_description:/home/locobot/LoCoBotRos/interbotix_ws/install/moveit_common:/home/locobot/LoCoBotRos/interbotix_ws/install/launch_param_builder:${AMENT_PREFIX_PATH} CMAKE_PREFIX_PATH=/home/locobot/LoCoBotRos/interbotix_ws/install/moveit_ros_planning:/home/locobot/LoCoBotRos/interbotix_ws/install/moveit_ros_occupancy_map_monitor:/home/locobot/LoCoBotRos/interbotix_ws/install/moveit_core:/home/locobot/LoCoBotRos/interbotix_ws/install/moveit_resources_panda_moveit_config:/home/locobot/LoCoBotRos/interbotix_ws/install/moveit_resources_fanuc_moveit_config:/home/locobot/LoCoBotRos/interbotix_ws/install/srdfdom:/home/locobot/LoCoBotRos/interbotix_ws/install/moveit_resources_pr2_description:/home/locobot/LoCoBotRos/interbotix_ws/install/moveit_resources_panda_description:/home/locobot/LoCoBotRos/interbotix_ws/install/moveit_resources_fanuc_description:/home/locobot/LoCoBotRos/interbotix_ws/install/moveit_common:/home/locobot/apriltag_ws/install/apriltag_ros:/opt/ros/humble LD_LIBRARY_PATH=/home/locobot/LoCoBotRos/interbotix_ws/install/moveit_ros_planning/lib:/home/locobot/LoCoBotRos/interbotix_ws/install/moveit_ros_occupancy_map_monitor/lib:/home/locobot/LoCoBotRos/interbotix_ws/install/moveit_core/lib:/home/locobot/LoCoBotRos/interbotix_ws/install/srdfdom/lib:${LD_LIBRARY_PATH} PATH=/home/locobot/LoCoBotRos/interbotix_ws/install/moveit_core/bin:${PATH} PYTHONPATH=/home/locobot/LoCoBotRos/interbotix_ws/install/moveit_configs_utils/lib/python3.10/site-packages:/home/locobot/LoCoBotRos/interbotix_ws/install/srdfdom/local/lib/python3.10/dist-packages:/home/locobot/LoCoBotRos/interbotix_ws/install/launch_param_builder/lib/python3.10/site-packages:${PYTHONPATH} /usr/bin/cmake --build /home/locobot/LoCoBotRos/interbotix_ws/build/moveit_kinematics -- -j16 -l16
[1.000s] Invoking command in '/home/locobot/LoCoBotRos/interbotix_ws/build/moveit_kinematics': AMENT_PREFIX_PATH=/home/locobot/LoCoBotRos/interbotix_ws/install/moveit_ros_planning:/home/locobot/LoCoBotRos/interbotix_ws/install/moveit_ros_occupancy_map_monitor:/home/locobot/LoCoBotRos/interbotix_ws/install/moveit_core:/home/locobot/LoCoBotRos/interbotix_ws/install/moveit_resources_panda_moveit_config:/home/locobot/LoCoBotRos/interbotix_ws/install/moveit_resources_fanuc_moveit_config:/home/locobot/LoCoBotRos/interbotix_ws/install/moveit_configs_utils:/home/locobot/LoCoBotRos/interbotix_ws/install/srdfdom:/home/locobot/LoCoBotRos/interbotix_ws/install/moveit_resources_pr2_description:/home/locobot/LoCoBotRos/interbotix_ws/install/moveit_resources_panda_description:/home/locobot/LoCoBotRos/interbotix_ws/install/moveit_resources_fanuc_description:/home/locobot/LoCoBotRos/interbotix_ws/install/moveit_common:/home/locobot/LoCoBotRos/interbotix_ws/install/launch_param_builder:${AMENT_PREFIX_PATH} CMAKE_PREFIX_PATH=/home/locobot/LoCoBotRos/interbotix_ws/install/moveit_ros_planning:/home/locobot/LoCoBotRos/interbotix_ws/install/moveit_ros_occupancy_map_monitor:/home/locobot/LoCoBotRos/interbotix_ws/install/moveit_core:/home/locobot/LoCoBotRos/interbotix_ws/install/moveit_resources_panda_moveit_config:/home/locobot/LoCoBotRos/interbotix_ws/install/moveit_resources_fanuc_moveit_config:/home/locobot/LoCoBotRos/interbotix_ws/install/srdfdom:/home/locobot/LoCoBotRos/interbotix_ws/install/moveit_resources_pr2_description:/home/locobot/LoCoBotRos/interbotix_ws/install/moveit_resources_panda_description:/home/locobot/LoCoBotRos/interbotix_ws/install/moveit_resources_fanuc_description:/home/locobot/LoCoBotRos/interbotix_ws/install/moveit_common:/home/locobot/apriltag_ws/install/apriltag_ros:/opt/ros/humble LD_LIBRARY_PATH=/home/locobot/LoCoBotRos/interbotix_ws/install/moveit_ros_planning/lib:/home/locobot/LoCoBotRos/interbotix_ws/install/moveit_ros_occupancy_map_monitor/lib:/home/locobot/LoCoBotRos/interbotix_ws/install/moveit_core/lib:/home/locobot/LoCoBotRos/interbotix_ws/install/srdfdom/lib:${LD_LIBRARY_PATH} PATH=/home/locobot/LoCoBotRos/interbotix_ws/install/moveit_core/bin:${PATH} PYTHONPATH=/home/locobot/LoCoBotRos/interbotix_ws/install/moveit_configs_utils/lib/python3.10/site-packages:/home/locobot/LoCoBotRos/interbotix_ws/install/srdfdom/local/lib/python3.10/dist-packages:/home/locobot/LoCoBotRos/interbotix_ws/install/launch_param_builder/lib/python3.10/site-packages:${PYTHONPATH} /usr/bin/cmake --install /home/locobot/LoCoBotRos/interbotix_ws/build/moveit_kinematics
[1.007s] -- Install configuration: "Debug"
[1.007s] -- Up-to-date: /home/locobot/LoCoBotRos/interbotix_ws/install/moveit_kinematics/share/moveit_kinematics/kdl_kinematics_plugin_description.xml
[1.007s] -- Up-to-date: /home/locobot/LoCoBotRos/interbotix_ws/install/moveit_kinematics/share/moveit_kinematics/lma_kinematics_plugin_description.xml
[1.007s] -- Up-to-date: /home/locobot/LoCoBotRos/interbotix_ws/install/moveit_kinematics/share/moveit_kinematics/srv_kinematics_plugin_description.xml
[1.007s] -- Up-to-date: /home/locobot/LoCoBotRos/interbotix_ws/install/moveit_kinematics/share/moveit_kinematics/cached_ik_kinematics_plugin_description.xml
[1.007s] -- Up-to-date: /home/locobot/LoCoBotRos/interbotix_ws/install/moveit_kinematics/include
[1.007s] -- Up-to-date: /home/locobot/LoCoBotRos/interbotix_ws/install/moveit_kinematics/include/moveit
[1.007s] -- Up-to-date: /home/locobot/LoCoBotRos/interbotix_ws/install/moveit_kinematics/include/moveit/cached_ik_kinematics_plugin
[1.007s] -- Up-to-date: /home/locobot/LoCoBotRos/interbotix_ws/install/moveit_kinematics/include/moveit/cached_ik_kinematics_plugin/detail
[1.007s] -- Up-to-date: /home/locobot/LoCoBotRos/interbotix_ws/install/moveit_kinematics/include/moveit/cached_ik_kinematics_plugin/detail/NearestNeighborsGNAT.h
[1.007s] -- Up-to-date: /home/locobot/LoCoBotRos/interbotix_ws/install/moveit_kinematics/include/moveit/cached_ik_kinematics_plugin/detail/GreedyKCenters.h
[1.007s] -- Up-to-date: /home/locobot/LoCoBotRos/interbotix_ws/install/moveit_kinematics/include/moveit/cached_ik_kinematics_plugin/detail/NearestNeighbors.h
[1.007s] -- Up-to-date: /home/locobot/LoCoBotRos/interbotix_ws/install/moveit_kinematics/include/moveit/cached_ik_kinematics_plugin/cached_ik_kinematics_plugin.h
[1.007s] -- Up-to-date: /home/locobot/LoCoBotRos/interbotix_ws/install/moveit_kinematics/include/moveit/cached_ik_kinematics_plugin/cached_ik_kinematics_plugin-inl.h
[1.007s] -- Up-to-date: /home/locobot/LoCoBotRos/interbotix_ws/install/moveit_kinematics/share/moveit_kinematics/launch
[1.007s] -- Up-to-date: /home/locobot/LoCoBotRos/interbotix_ws/install/moveit_kinematics/share/moveit_kinematics/launch/measure_ik_call_cost.launch
[1.008s] -- Up-to-date: /home/locobot/LoCoBotRos/interbotix_ws/install/moveit_kinematics/lib/moveit_kinematics/auto_create_ikfast_moveit_plugin.sh
[1.008s] -- Up-to-date: /home/locobot/LoCoBotRos/interbotix_ws/install/moveit_kinematics/lib/moveit_kinematics/create_ikfast_moveit_plugin.py
[1.008s] -- Up-to-date: /home/locobot/LoCoBotRos/interbotix_ws/install/moveit_kinematics/lib/moveit_kinematics/round_collada_numbers.py
[1.008s] -- Up-to-date: /home/locobot/LoCoBotRos/interbotix_ws/install/moveit_kinematics/share/moveit_kinematics/ikfast_kinematics_plugin/templates
[1.008s] -- Up-to-date: /home/locobot/LoCoBotRos/interbotix_ws/install/moveit_kinematics/share/moveit_kinematics/ikfast_kinematics_plugin/templates/CMakeLists.txt
[1.008s] -- Up-to-date: /home/locobot/LoCoBotRos/interbotix_ws/install/moveit_kinematics/share/moveit_kinematics/ikfast_kinematics_plugin/templates/ikfast.h
[1.008s] -- Up-to-date: /home/locobot/LoCoBotRos/interbotix_ws/install/moveit_kinematics/share/moveit_kinematics/ikfast_kinematics_plugin/templates/ikfast61_moveit_plugin_template.cpp
[1.008s] -- Up-to-date: /home/locobot/LoCoBotRos/interbotix_ws/install/moveit_kinematics/include
[1.008s] -- Up-to-date: /home/locobot/LoCoBotRos/interbotix_ws/install/moveit_kinematics/include/moveit
[1.008s] -- Up-to-date: /home/locobot/LoCoBotRos/interbotix_ws/install/moveit_kinematics/include/moveit/kdl_kinematics_plugin
[1.008s] -- Up-to-date: /home/locobot/LoCoBotRos/interbotix_ws/install/moveit_kinematics/include/moveit/kdl_kinematics_plugin/kdl_kinematics_plugin.h
[1.008s] -- Up-to-date: /home/locobot/LoCoBotRos/interbotix_ws/install/moveit_kinematics/include/moveit/kdl_kinematics_plugin/chainiksolver_vel_mimic_svd.hpp
[1.008s] -- Up-to-date: /home/locobot/LoCoBotRos/interbotix_ws/install/moveit_kinematics/include/moveit/kdl_kinematics_plugin/joint_mimic.hpp
[1.008s] -- Up-to-date: /home/locobot/LoCoBotRos/interbotix_ws/install/moveit_kinematics/include
[1.008s] -- Up-to-date: /home/locobot/LoCoBotRos/interbotix_ws/install/moveit_kinematics/include/moveit
[1.008s] -- Up-to-date: /home/locobot/LoCoBotRos/interbotix_ws/install/moveit_kinematics/include/moveit/lma_kinematics_plugin
[1.008s] -- Up-to-date: /home/locobot/LoCoBotRos/interbotix_ws/install/moveit_kinematics/include/moveit/lma_kinematics_plugin/lma_kinematics_plugin.h
[1.009s] -- Up-to-date: /home/locobot/LoCoBotRos/interbotix_ws/install/moveit_kinematics/include
[1.009s] -- Up-to-date: /home/locobot/LoCoBotRos/interbotix_ws/install/moveit_kinematics/include/moveit
[1.009s] -- Up-to-date: /home/locobot/LoCoBotRos/interbotix_ws/install/moveit_kinematics/include/moveit/srv_kinematics_plugin
[1.009s] -- Up-to-date: /home/locobot/LoCoBotRos/interbotix_ws/install/moveit_kinematics/include/moveit/srv_kinematics_plugin/srv_kinematics_plugin.h
[1.009s] -- Up-to-date: /home/locobot/LoCoBotRos/interbotix_ws/install/moveit_kinematics/share/moveit_kinematics/config
[1.009s] -- Up-to-date: /home/locobot/LoCoBotRos/interbotix_ws/install/moveit_kinematics/share/moveit_kinematics/config/panda-lma-singular-test.yaml
[1.009s] -- Up-to-date: /home/locobot/LoCoBotRos/interbotix_ws/install/moveit_kinematics/share/moveit_kinematics/config/fanuc-lma-test.yaml
[1.009s] -- Up-to-date: /home/locobot/LoCoBotRos/interbotix_ws/install/moveit_kinematics/share/moveit_kinematics/config/fanuc-kdl-test.yaml
[1.009s] -- Up-to-date: /home/locobot/LoCoBotRos/interbotix_ws/install/moveit_kinematics/share/moveit_kinematics/config/panda-kdl-test.yaml
[1.009s] -- Up-to-date: /home/locobot/LoCoBotRos/interbotix_ws/install/moveit_kinematics/share/moveit_kinematics/config/fanuc-kdl-singular-test.yaml
[1.009s] -- Up-to-date: /home/locobot/LoCoBotRos/interbotix_ws/install/moveit_kinematics/share/moveit_kinematics/config/panda-lma-test.yaml
[1.009s] -- Up-to-date: /home/locobot/LoCoBotRos/interbotix_ws/install/moveit_kinematics/share/moveit_kinematics/config/panda-kdl-singular-test.yaml
[1.009s] -- Up-to-date: /home/locobot/LoCoBotRos/interbotix_ws/install/moveit_kinematics/share/moveit_kinematics/config/fanuc-lma-singular-test.yaml
[1.009s] -- Up-to-date: /home/locobot/LoCoBotRos/interbotix_ws/install/moveit_kinematics/share/moveit_kinematics/launch
[1.009s] -- Up-to-date: /home/locobot/LoCoBotRos/interbotix_ws/install/moveit_kinematics/share/moveit_kinematics/launch/panda-lma.test.py
[1.009s] -- Up-to-date: /home/locobot/LoCoBotRos/interbotix_ws/install/moveit_kinematics/share/moveit_kinematics/launch/fanuc-lma.test.py
[1.009s] -- Up-to-date: /home/locobot/LoCoBotRos/interbotix_ws/install/moveit_kinematics/share/moveit_kinematics/launch/fanuc-kdl.test.py
[1.009s] -- Up-to-date: /home/locobot/LoCoBotRos/interbotix_ws/install/moveit_kinematics/share/moveit_kinematics/launch/fanuc-lma-singular.test.py
[1.010s] -- Up-to-date: /home/locobot/LoCoBotRos/interbotix_ws/install/moveit_kinematics/share/moveit_kinematics/launch/fanuc-kdl-singular.test.py
[1.010s] -- Up-to-date: /home/locobot/LoCoBotRos/interbotix_ws/install/moveit_kinematics/share/moveit_kinematics/launch/panda-kdl-singular.test.py
[1.010s] -- Up-to-date: /home/locobot/LoCoBotRos/interbotix_ws/install/moveit_kinematics/share/moveit_kinematics/launch/panda-lma-singular.test.py
[1.010s] -- Up-to-date: /home/locobot/LoCoBotRos/interbotix_ws/install/moveit_kinematics/share/moveit_kinematics/launch/panda-kdl.test.py
[1.010s] -- Up-to-date: /home/locobot/LoCoBotRos/interbotix_ws/install/moveit_kinematics/lib/moveit_kinematics/benchmark_ik
[1.011s] -- Up-to-date: /home/locobot/LoCoBotRos/interbotix_ws/install/moveit_kinematics/lib/moveit_kinematics/test_kinematics_plugin
[1.012s] -- Up-to-date: /home/locobot/LoCoBotRos/interbotix_ws/install/moveit_kinematics/lib/libmoveit_cached_ik_kinematics_base.so.2.5.9
[1.012s] -- Up-to-date: /home/locobot/LoCoBotRos/interbotix_ws/install/moveit_kinematics/lib/libmoveit_cached_ik_kinematics_base.so
[1.012s] -- Up-to-date: /home/locobot/LoCoBotRos/interbotix_ws/install/moveit_kinematics/lib/libmoveit_cached_ik_kinematics_plugin.so.2.5.9
[1.012s] -- Up-to-date: /home/locobot/LoCoBotRos/interbotix_ws/install/moveit_kinematics/lib/libmoveit_cached_ik_kinematics_plugin.so
[1.013s] -- Up-to-date: /home/locobot/LoCoBotRos/interbotix_ws/install/moveit_kinematics/lib/libmoveit_kdl_kinematics_plugin.so
[1.014s] -- Up-to-date: /home/locobot/LoCoBotRos/interbotix_ws/install/moveit_kinematics/lib/libmoveit_lma_kinematics_plugin.so.2.5.9
[1.014s] -- Up-to-date: /home/locobot/LoCoBotRos/interbotix_ws/install/moveit_kinematics/lib/libmoveit_lma_kinematics_plugin.so
[1.014s] -- Up-to-date: /home/locobot/LoCoBotRos/interbotix_ws/install/moveit_kinematics/lib/libmoveit_srv_kinematics_plugin.so.2.5.9
[1.014s] -- Up-to-date: /home/locobot/LoCoBotRos/interbotix_ws/install/moveit_kinematics/lib/libmoveit_srv_kinematics_plugin.so
[1.014s] -- Up-to-date: /home/locobot/LoCoBotRos/interbotix_ws/install/moveit_kinematics/share/moveit_kinematics/environment/library_path.sh
[1.014s] -- Installing: /home/locobot/LoCoBotRos/interbotix_ws/install/moveit_kinematics/share/moveit_kinematics/environment/library_path.dsv
[1.015s] -- Up-to-date: /home/locobot/LoCoBotRos/interbotix_ws/install/moveit_kinematics/share/ament_index/resource_index/package_run_dependencies/moveit_kinematics
[1.015s] -- Up-to-date: /home/locobot/LoCoBotRos/interbotix_ws/install/moveit_kinematics/share/ament_index/resource_index/parent_prefix_path/moveit_kinematics
[1.015s] -- Up-to-date: /home/locobot/LoCoBotRos/interbotix_ws/install/moveit_kinematics/share/moveit_kinematics/environment/ament_prefix_path.sh
[1.015s] -- Installing: /home/locobot/LoCoBotRos/interbotix_ws/install/moveit_kinematics/share/moveit_kinematics/environment/ament_prefix_path.dsv
[1.015s] -- Up-to-date: /home/locobot/LoCoBotRos/interbotix_ws/install/moveit_kinematics/share/moveit_kinematics/environment/path.sh
[1.015s] -- Installing: /home/locobot/LoCoBotRos/interbotix_ws/install/moveit_kinematics/share/moveit_kinematics/environment/path.dsv
[1.015s] -- Up-to-date: /home/locobot/LoCoBotRos/interbotix_ws/install/moveit_kinematics/share/moveit_kinematics/local_setup.bash
[1.015s] -- Up-to-date: /home/locobot/LoCoBotRos/interbotix_ws/install/moveit_kinematics/share/moveit_kinematics/local_setup.sh
[1.015s] -- Up-to-date: /home/locobot/LoCoBotRos/interbotix_ws/install/moveit_kinematics/share/moveit_kinematics/local_setup.zsh
[1.015s] -- Installing: /home/locobot/LoCoBotRos/interbotix_ws/install/moveit_kinematics/share/moveit_kinematics/local_setup.dsv
[1.015s] -- Installing: /home/locobot/LoCoBotRos/interbotix_ws/install/moveit_kinematics/share/moveit_kinematics/package.dsv
[1.015s] -- Up-to-date: /home/locobot/LoCoBotRos/interbotix_ws/install/moveit_kinematics/share/ament_index/resource_index/packages/moveit_kinematics
[1.015s] -- Up-to-date: /home/locobot/LoCoBotRos/interbotix_ws/install/moveit_kinematics/share/ament_index/resource_index/moveit_core__pluginlib__plugin/moveit_kinematics
[1.016s] -- Up-to-date: /home/locobot/LoCoBotRos/interbotix_ws/install/moveit_kinematics/share/moveit_kinematics/cmake/export_moveit_kinematicsExport.cmake
[1.016s] -- Up-to-date: /home/locobot/LoCoBotRos/interbotix_ws/install/moveit_kinematics/share/moveit_kinematics/cmake/export_moveit_kinematicsExport-debug.cmake
[1.016s] -- Up-to-date: /home/locobot/LoCoBotRos/interbotix_ws/install/moveit_kinematics/share/moveit_kinematics/cmake/ConfigExtras.cmake
[1.016s] -- Up-to-date: /home/locobot/LoCoBotRos/interbotix_ws/install/moveit_kinematics/share/moveit_kinematics/cmake/ament_cmake_export_targets-extras.cmake
[1.016s] -- Up-to-date: /home/locobot/LoCoBotRos/interbotix_ws/install/moveit_kinematics/share/moveit_kinematics/cmake/ament_cmake_export_dependencies-extras.cmake
[1.016s] -- Up-to-date: /home/locobot/LoCoBotRos/interbotix_ws/install/moveit_kinematics/share/moveit_kinematics/cmake/moveit_kinematicsConfig.cmake
[1.016s] -- Up-to-date: /home/locobot/LoCoBotRos/interbotix_ws/install/moveit_kinematics/share/moveit_kinematics/cmake/moveit_kinematicsConfig-version.cmake
[1.016s] -- Up-to-date: /home/locobot/LoCoBotRos/interbotix_ws/install/moveit_kinematics/share/moveit_kinematics/package.xml
[1.018s] Invoked command in '/home/locobot/LoCoBotRos/interbotix_ws/build/moveit_kinematics' returned '0': AMENT_PREFIX_PATH=/home/locobot/LoCoBotRos/interbotix_ws/install/moveit_ros_planning:/home/locobot/LoCoBotRos/interbotix_ws/install/moveit_ros_occupancy_map_monitor:/home/locobot/LoCoBotRos/interbotix_ws/install/moveit_core:/home/locobot/LoCoBotRos/interbotix_ws/install/moveit_resources_panda_moveit_config:/home/locobot/LoCoBotRos/interbotix_ws/install/moveit_resources_fanuc_moveit_config:/home/locobot/LoCoBotRos/interbotix_ws/install/moveit_configs_utils:/home/locobot/LoCoBotRos/interbotix_ws/install/srdfdom:/home/locobot/LoCoBotRos/interbotix_ws/install/moveit_resources_pr2_description:/home/locobot/LoCoBotRos/interbotix_ws/install/moveit_resources_panda_description:/home/locobot/LoCoBotRos/interbotix_ws/install/moveit_resources_fanuc_description:/home/locobot/LoCoBotRos/interbotix_ws/install/moveit_common:/home/locobot/LoCoBotRos/interbotix_ws/install/launch_param_builder:${AMENT_PREFIX_PATH} CMAKE_PREFIX_PATH=/home/locobot/LoCoBotRos/interbotix_ws/install/moveit_ros_planning:/home/locobot/LoCoBotRos/interbotix_ws/install/moveit_ros_occupancy_map_monitor:/home/locobot/LoCoBotRos/interbotix_ws/install/moveit_core:/home/locobot/LoCoBotRos/interbotix_ws/install/moveit_resources_panda_moveit_config:/home/locobot/LoCoBotRos/interbotix_ws/install/moveit_resources_fanuc_moveit_config:/home/locobot/LoCoBotRos/interbotix_ws/install/srdfdom:/home/locobot/LoCoBotRos/interbotix_ws/install/moveit_resources_pr2_description:/home/locobot/LoCoBotRos/interbotix_ws/install/moveit_resources_panda_description:/home/locobot/LoCoBotRos/interbotix_ws/install/moveit_resources_fanuc_description:/home/locobot/LoCoBotRos/interbotix_ws/install/moveit_common:/home/locobot/apriltag_ws/install/apriltag_ros:/opt/ros/humble LD_LIBRARY_PATH=/home/locobot/LoCoBotRos/interbotix_ws/install/moveit_ros_planning/lib:/home/locobot/LoCoBotRos/interbotix_ws/install/moveit_ros_occupancy_map_monitor/lib:/home/locobot/LoCoBotRos/interbotix_ws/install/moveit_core/lib:/home/locobot/LoCoBotRos/interbotix_ws/install/srdfdom/lib:${LD_LIBRARY_PATH} PATH=/home/locobot/LoCoBotRos/interbotix_ws/install/moveit_core/bin:${PATH} PYTHONPATH=/home/locobot/LoCoBotRos/interbotix_ws/install/moveit_configs_utils/lib/python3.10/site-packages:/home/locobot/LoCoBotRos/interbotix_ws/install/srdfdom/local/lib/python3.10/dist-packages:/home/locobot/LoCoBotRos/interbotix_ws/install/launch_param_builder/lib/python3.10/site-packages:${PYTHONPATH} /usr/bin/cmake --install /home/locobot/LoCoBotRos/interbotix_ws/build/moveit_kinematics
