-- Found ament_cmake_ros: 0.10.0 (/opt/ros/humble/share/ament_cmake_ros/cmake)
-- Found ecl_build: 1.0.3 (/opt/ros/humble/share/ecl_build/cmake)
-- Found ecl_config: 1.2.0 (/home/locobot/LoCoBotRos/interbotix_ws/install/ecl_config/share/ecl_config/cmake)
-- Found ecl_converters: 1.2.1 (/home/locobot/LoCoBotRos/interbotix_ws/install/ecl_converters/share/ecl_converters/cmake)
-- Configuring done
-- Generating done
-- Build files have been written to: /home/locobot/LoCoBotRos/interbotix_ws/build/ecl_formatters
[35m[1mConsolidate compiler generated dependencies of target ecl_formatters[0m
[ 25%] [32mBuilding CXX object src/lib/CMakeFiles/ecl_formatters.dir/strings.cpp.o[0m
[ 50%] [32m[1mLinking CXX shared library libecl_formatters.so[0m
[ 50%] Built target ecl_formatters
[35m[1mConsolidate compiler generated dependencies of target ecl_demo_formatters[0m
[ 75%] [32mBuilding CXX object src/examples/CMakeFiles/ecl_demo_formatters.dir/formatters.cpp.o[0m
[100%] [32m[1mLinking CXX executable demo_formatters[0m
[100%] Built target ecl_demo_formatters
-- Install configuration: "Release"
-- Up-to-date: /home/locobot/LoCoBotRos/interbotix_ws/install/ecl_formatters/share/ecl_formatters/environment/library_path.sh
-- Installing: /home/locobot/LoCoBotRos/interbotix_ws/install/ecl_formatters/share/ecl_formatters/environment/library_path.dsv
-- Up-to-date: /home/locobot/LoCoBotRos/interbotix_ws/install/ecl_formatters/share/ament_index/resource_index/package_run_dependencies/ecl_formatters
-- Installing: /home/locobot/LoCoBotRos/interbotix_ws/install/ecl_formatters/share/ament_index/resource_index/parent_prefix_path/ecl_formatters
-- Up-to-date: /home/locobot/LoCoBotRos/interbotix_ws/install/ecl_formatters/share/ecl_formatters/environment/ament_prefix_path.sh
-- Installing: /home/locobot/LoCoBotRos/interbotix_ws/install/ecl_formatters/share/ecl_formatters/environment/ament_prefix_path.dsv
-- Up-to-date: /home/locobot/LoCoBotRos/interbotix_ws/install/ecl_formatters/share/ecl_formatters/environment/path.sh
-- Installing: /home/locobot/LoCoBotRos/interbotix_ws/install/ecl_formatters/share/ecl_formatters/environment/path.dsv
-- Up-to-date: /home/locobot/LoCoBotRos/interbotix_ws/install/ecl_formatters/share/ecl_formatters/local_setup.bash
-- Up-to-date: /home/locobot/LoCoBotRos/interbotix_ws/install/ecl_formatters/share/ecl_formatters/local_setup.sh
-- Up-to-date: /home/locobot/LoCoBotRos/interbotix_ws/install/ecl_formatters/share/ecl_formatters/local_setup.zsh
-- Installing: /home/locobot/LoCoBotRos/interbotix_ws/install/ecl_formatters/share/ecl_formatters/local_setup.dsv
-- Installing: /home/locobot/LoCoBotRos/interbotix_ws/install/ecl_formatters/share/ecl_formatters/package.dsv
-- Up-to-date: /home/locobot/LoCoBotRos/interbotix_ws/install/ecl_formatters/share/ament_index/resource_index/packages/ecl_formatters
-- Up-to-date: /home/locobot/LoCoBotRos/interbotix_ws/install/ecl_formatters/share/ecl_formatters/cmake/ecl_formattersExport.cmake
-- Installing: /home/locobot/LoCoBotRos/interbotix_ws/install/ecl_formatters/share/ecl_formatters/cmake/ecl_formattersExport-release.cmake
-- Up-to-date: /home/locobot/LoCoBotRos/interbotix_ws/install/ecl_formatters/share/ecl_formatters/cmake/ament_cmake_export_targets-extras.cmake
-- Up-to-date: /home/locobot/LoCoBotRos/interbotix_ws/install/ecl_formatters/share/ecl_formatters/cmake/ament_cmake_export_include_directories-extras.cmake
-- Up-to-date: /home/locobot/LoCoBotRos/interbotix_ws/install/ecl_formatters/share/ecl_formatters/cmake/ament_cmake_export_libraries-extras.cmake
-- Up-to-date: /home/locobot/LoCoBotRos/interbotix_ws/install/ecl_formatters/share/ecl_formatters/cmake/ament_cmake_export_dependencies-extras.cmake
-- Up-to-date: /home/locobot/LoCoBotRos/interbotix_ws/install/ecl_formatters/share/ecl_formatters/cmake/ecl_formattersConfig.cmake
-- Up-to-date: /home/locobot/LoCoBotRos/interbotix_ws/install/ecl_formatters/share/ecl_formatters/cmake/ecl_formattersConfig-version.cmake
-- Up-to-date: /home/locobot/LoCoBotRos/interbotix_ws/install/ecl_formatters/share/ecl_formatters/package.xml
-- Up-to-date: /home/locobot/LoCoBotRos/interbotix_ws/install/ecl_formatters/include/ecl/formatters.hpp
-- Up-to-date: /home/locobot/LoCoBotRos/interbotix_ws/install/ecl_formatters/include/ecl/formatters/common.hpp
-- Up-to-date: /home/locobot/LoCoBotRos/interbotix_ws/install/ecl_formatters/include/ecl/formatters/floats.hpp
-- Up-to-date: /home/locobot/LoCoBotRos/interbotix_ws/install/ecl_formatters/include/ecl/formatters/macros.hpp
-- Up-to-date: /home/locobot/LoCoBotRos/interbotix_ws/install/ecl_formatters/include/ecl/formatters/number.hpp
-- Up-to-date: /home/locobot/LoCoBotRos/interbotix_ws/install/ecl_formatters/include/ecl/formatters/strings.hpp
-- Installing: /home/locobot/LoCoBotRos/interbotix_ws/install/ecl_formatters/lib/libecl_formatters.so.1.2.1
-- Set runtime path of "/home/locobot/LoCoBotRos/interbotix_ws/install/ecl_formatters/lib/libecl_formatters.so.1.2.1" to ""
-- Up-to-date: /home/locobot/LoCoBotRos/interbotix_ws/install/ecl_formatters/lib/libecl_formatters.so
-- Installing: /home/locobot/LoCoBotRos/interbotix_ws/install/ecl_formatters/lib/ecl_formatters/demo_formatters
-- Set runtime path of "/home/locobot/LoCoBotRos/interbotix_ws/install/ecl_formatters/lib/ecl_formatters/demo_formatters" to ""
