[0.015s] Invoking command in '/home/locobot/LoCoBotRos/interbotix_ws/build/ecl_formatters': AMENT_PREFIX_PATH=/home/locobot/LoCoBotRos/interbotix_ws/install/ecl_converters:/home/locobot/LoCoBotRos/interbotix_ws/install/ecl_exceptions:/home/locobot/LoCoBotRos/interbotix_ws/install/ecl_concepts:/home/locobot/LoCoBotRos/interbotix_ws/install/ecl_type_traits:/home/locobot/LoCoBotRos/interbotix_ws/install/ecl_errors:/home/locobot/LoCoBotRos/interbotix_ws/install/ecl_mpl:/home/locobot/LoCoBotRos/interbotix_ws/install/ecl_config:${AMENT_PREFIX_PATH} CMAKE_PREFIX_PATH=/home/locobot/LoCoBotRos/interbotix_ws/install/ecl_converters:/home/locobot/LoCoBotRos/interbotix_ws/install/ecl_exceptions:/home/locobot/LoCoBotRos/interbotix_ws/install/ecl_concepts:/home/locobot/LoCoBotRos/interbotix_ws/install/ecl_type_traits:/home/locobot/LoCoBotRos/interbotix_ws/install/ecl_errors:/home/locobot/LoCoBotRos/interbotix_ws/install/ecl_mpl:/home/locobot/LoCoBotRos/interbotix_ws/install/ecl_config:/home/locobot/apriltag_ws/install/apriltag_ros:/opt/ros/humble LD_LIBRARY_PATH=/home/locobot/LoCoBotRos/interbotix_ws/install/ecl_exceptions/lib:/home/locobot/LoCoBotRos/interbotix_ws/install/ecl_type_traits/lib:/home/locobot/LoCoBotRos/interbotix_ws/install/ecl_errors/lib:${LD_LIBRARY_PATH} PATH=/home/locobot/LoCoBotRos/interbotix_ws/install/ecl_type_traits/bin:/home/locobot/LoCoBotRos/interbotix_ws/install/ecl_config/bin:${PATH} /usr/bin/cmake /home/locobot/LoCoBotRos/interbotix_ws/src/ecl_core/ecl_formatters -DCMAKE_BUILD_TYPE=Release -DCMAKE_INSTALL_PREFIX=/home/locobot/LoCoBotRos/interbotix_ws/install/ecl_formatters
[0.025s] -- Found ament_cmake_ros: 0.10.0 (/opt/ros/humble/share/ament_cmake_ros/cmake)
[0.122s] -- Found ecl_build: 1.0.3 (/opt/ros/humble/share/ecl_build/cmake)
[0.126s] -- Found ecl_config: 1.2.0 (/home/locobot/LoCoBotRos/interbotix_ws/install/ecl_config/share/ecl_config/cmake)
[0.127s] -- Found ecl_converters: 1.2.1 (/home/locobot/LoCoBotRos/interbotix_ws/install/ecl_converters/share/ecl_converters/cmake)
[0.195s] -- Configuring done
[0.209s] -- Generating done
[0.213s] -- Build files have been written to: /home/locobot/LoCoBotRos/interbotix_ws/build/ecl_formatters
[0.216s] Invoked command in '/home/locobot/LoCoBotRos/interbotix_ws/build/ecl_formatters' returned '0': AMENT_PREFIX_PATH=/home/locobot/LoCoBotRos/interbotix_ws/install/ecl_converters:/home/locobot/LoCoBotRos/interbotix_ws/install/ecl_exceptions:/home/locobot/LoCoBotRos/interbotix_ws/install/ecl_concepts:/home/locobot/LoCoBotRos/interbotix_ws/install/ecl_type_traits:/home/locobot/LoCoBotRos/interbotix_ws/install/ecl_errors:/home/locobot/LoCoBotRos/interbotix_ws/install/ecl_mpl:/home/locobot/LoCoBotRos/interbotix_ws/install/ecl_config:${AMENT_PREFIX_PATH} CMAKE_PREFIX_PATH=/home/locobot/LoCoBotRos/interbotix_ws/install/ecl_converters:/home/locobot/LoCoBotRos/interbotix_ws/install/ecl_exceptions:/home/locobot/LoCoBotRos/interbotix_ws/install/ecl_concepts:/home/locobot/LoCoBotRos/interbotix_ws/install/ecl_type_traits:/home/locobot/LoCoBotRos/interbotix_ws/install/ecl_errors:/home/locobot/LoCoBotRos/interbotix_ws/install/ecl_mpl:/home/locobot/LoCoBotRos/interbotix_ws/install/ecl_config:/home/locobot/apriltag_ws/install/apriltag_ros:/opt/ros/humble LD_LIBRARY_PATH=/home/locobot/LoCoBotRos/interbotix_ws/install/ecl_exceptions/lib:/home/locobot/LoCoBotRos/interbotix_ws/install/ecl_type_traits/lib:/home/locobot/LoCoBotRos/interbotix_ws/install/ecl_errors/lib:${LD_LIBRARY_PATH} PATH=/home/locobot/LoCoBotRos/interbotix_ws/install/ecl_type_traits/bin:/home/locobot/LoCoBotRos/interbotix_ws/install/ecl_config/bin:${PATH} /usr/bin/cmake /home/locobot/LoCoBotRos/interbotix_ws/src/ecl_core/ecl_formatters -DCMAKE_BUILD_TYPE=Release -DCMAKE_INSTALL_PREFIX=/home/locobot/LoCoBotRos/interbotix_ws/install/ecl_formatters
[0.217s] Invoking command in '/home/locobot/LoCoBotRos/interbotix_ws/build/ecl_formatters': AMENT_PREFIX_PATH=/home/locobot/LoCoBotRos/interbotix_ws/install/ecl_converters:/home/locobot/LoCoBotRos/interbotix_ws/install/ecl_exceptions:/home/locobot/LoCoBotRos/interbotix_ws/install/ecl_concepts:/home/locobot/LoCoBotRos/interbotix_ws/install/ecl_type_traits:/home/locobot/LoCoBotRos/interbotix_ws/install/ecl_errors:/home/locobot/LoCoBotRos/interbotix_ws/install/ecl_mpl:/home/locobot/LoCoBotRos/interbotix_ws/install/ecl_config:${AMENT_PREFIX_PATH} CMAKE_PREFIX_PATH=/home/locobot/LoCoBotRos/interbotix_ws/install/ecl_converters:/home/locobot/LoCoBotRos/interbotix_ws/install/ecl_exceptions:/home/locobot/LoCoBotRos/interbotix_ws/install/ecl_concepts:/home/locobot/LoCoBotRos/interbotix_ws/install/ecl_type_traits:/home/locobot/LoCoBotRos/interbotix_ws/install/ecl_errors:/home/locobot/LoCoBotRos/interbotix_ws/install/ecl_mpl:/home/locobot/LoCoBotRos/interbotix_ws/install/ecl_config:/home/locobot/apriltag_ws/install/apriltag_ros:/opt/ros/humble LD_LIBRARY_PATH=/home/locobot/LoCoBotRos/interbotix_ws/install/ecl_exceptions/lib:/home/locobot/LoCoBotRos/interbotix_ws/install/ecl_type_traits/lib:/home/locobot/LoCoBotRos/interbotix_ws/install/ecl_errors/lib:${LD_LIBRARY_PATH} PATH=/home/locobot/LoCoBotRos/interbotix_ws/install/ecl_type_traits/bin:/home/locobot/LoCoBotRos/interbotix_ws/install/ecl_config/bin:${PATH} /usr/bin/cmake --build /home/locobot/LoCoBotRos/interbotix_ws/build/ecl_formatters -- -j16 -l16
[0.245s] [35m[1mConsolidate compiler generated dependencies of target ecl_formatters[0m
[0.253s] [ 25%] [32mBuilding CXX object src/lib/CMakeFiles/ecl_formatters.dir/strings.cpp.o[0m
[0.391s] [ 50%] [32m[1mLinking CXX shared library libecl_formatters.so[0m
[0.451s] [ 50%] Built target ecl_formatters
[0.462s] [35m[1mConsolidate compiler generated dependencies of target ecl_demo_formatters[0m
[0.470s] [ 75%] [32mBuilding CXX object src/examples/CMakeFiles/ecl_demo_formatters.dir/formatters.cpp.o[0m
[1.096s] [100%] [32m[1mLinking CXX executable demo_formatters[0m
[1.154s] [100%] Built target ecl_demo_formatters
[1.162s] Invoked command in '/home/locobot/LoCoBotRos/interbotix_ws/build/ecl_formatters' returned '0': AMENT_PREFIX_PATH=/home/locobot/LoCoBotRos/interbotix_ws/install/ecl_converters:/home/locobot/LoCoBotRos/interbotix_ws/install/ecl_exceptions:/home/locobot/LoCoBotRos/interbotix_ws/install/ecl_concepts:/home/locobot/LoCoBotRos/interbotix_ws/install/ecl_type_traits:/home/locobot/LoCoBotRos/interbotix_ws/install/ecl_errors:/home/locobot/LoCoBotRos/interbotix_ws/install/ecl_mpl:/home/locobot/LoCoBotRos/interbotix_ws/install/ecl_config:${AMENT_PREFIX_PATH} CMAKE_PREFIX_PATH=/home/locobot/LoCoBotRos/interbotix_ws/install/ecl_converters:/home/locobot/LoCoBotRos/interbotix_ws/install/ecl_exceptions:/home/locobot/LoCoBotRos/interbotix_ws/install/ecl_concepts:/home/locobot/LoCoBotRos/interbotix_ws/install/ecl_type_traits:/home/locobot/LoCoBotRos/interbotix_ws/install/ecl_errors:/home/locobot/LoCoBotRos/interbotix_ws/install/ecl_mpl:/home/locobot/LoCoBotRos/interbotix_ws/install/ecl_config:/home/locobot/apriltag_ws/install/apriltag_ros:/opt/ros/humble LD_LIBRARY_PATH=/home/locobot/LoCoBotRos/interbotix_ws/install/ecl_exceptions/lib:/home/locobot/LoCoBotRos/interbotix_ws/install/ecl_type_traits/lib:/home/locobot/LoCoBotRos/interbotix_ws/install/ecl_errors/lib:${LD_LIBRARY_PATH} PATH=/home/locobot/LoCoBotRos/interbotix_ws/install/ecl_type_traits/bin:/home/locobot/LoCoBotRos/interbotix_ws/install/ecl_config/bin:${PATH} /usr/bin/cmake --build /home/locobot/LoCoBotRos/interbotix_ws/build/ecl_formatters -- -j16 -l16
[1.163s] Invoking command in '/home/locobot/LoCoBotRos/interbotix_ws/build/ecl_formatters': AMENT_PREFIX_PATH=/home/locobot/LoCoBotRos/interbotix_ws/install/ecl_converters:/home/locobot/LoCoBotRos/interbotix_ws/install/ecl_exceptions:/home/locobot/LoCoBotRos/interbotix_ws/install/ecl_concepts:/home/locobot/LoCoBotRos/interbotix_ws/install/ecl_type_traits:/home/locobot/LoCoBotRos/interbotix_ws/install/ecl_errors:/home/locobot/LoCoBotRos/interbotix_ws/install/ecl_mpl:/home/locobot/LoCoBotRos/interbotix_ws/install/ecl_config:${AMENT_PREFIX_PATH} CMAKE_PREFIX_PATH=/home/locobot/LoCoBotRos/interbotix_ws/install/ecl_converters:/home/locobot/LoCoBotRos/interbotix_ws/install/ecl_exceptions:/home/locobot/LoCoBotRos/interbotix_ws/install/ecl_concepts:/home/locobot/LoCoBotRos/interbotix_ws/install/ecl_type_traits:/home/locobot/LoCoBotRos/interbotix_ws/install/ecl_errors:/home/locobot/LoCoBotRos/interbotix_ws/install/ecl_mpl:/home/locobot/LoCoBotRos/interbotix_ws/install/ecl_config:/home/locobot/apriltag_ws/install/apriltag_ros:/opt/ros/humble LD_LIBRARY_PATH=/home/locobot/LoCoBotRos/interbotix_ws/install/ecl_exceptions/lib:/home/locobot/LoCoBotRos/interbotix_ws/install/ecl_type_traits/lib:/home/locobot/LoCoBotRos/interbotix_ws/install/ecl_errors/lib:${LD_LIBRARY_PATH} PATH=/home/locobot/LoCoBotRos/interbotix_ws/install/ecl_type_traits/bin:/home/locobot/LoCoBotRos/interbotix_ws/install/ecl_config/bin:${PATH} /usr/bin/cmake --install /home/locobot/LoCoBotRos/interbotix_ws/build/ecl_formatters
[1.168s] -- Install configuration: "Release"
[1.168s] -- Up-to-date: /home/locobot/LoCoBotRos/interbotix_ws/install/ecl_formatters/share/ecl_formatters/environment/library_path.sh
[1.169s] -- Installing: /home/locobot/LoCoBotRos/interbotix_ws/install/ecl_formatters/share/ecl_formatters/environment/library_path.dsv
[1.170s] -- Up-to-date: /home/locobot/LoCoBotRos/interbotix_ws/install/ecl_formatters/share/ament_index/resource_index/package_run_dependencies/ecl_formatters
[1.170s] -- Installing: /home/locobot/LoCoBotRos/interbotix_ws/install/ecl_formatters/share/ament_index/resource_index/parent_prefix_path/ecl_formatters
[1.170s] -- Up-to-date: /home/locobot/LoCoBotRos/interbotix_ws/install/ecl_formatters/share/ecl_formatters/environment/ament_prefix_path.sh
[1.170s] -- Installing: /home/locobot/LoCoBotRos/interbotix_ws/install/ecl_formatters/share/ecl_formatters/environment/ament_prefix_path.dsv
[1.170s] -- Up-to-date: /home/locobot/LoCoBotRos/interbotix_ws/install/ecl_formatters/share/ecl_formatters/environment/path.sh
[1.170s] -- Installing: /home/locobot/LoCoBotRos/interbotix_ws/install/ecl_formatters/share/ecl_formatters/environment/path.dsv
[1.170s] -- Up-to-date: /home/locobot/LoCoBotRos/interbotix_ws/install/ecl_formatters/share/ecl_formatters/local_setup.bash
[1.171s] -- Up-to-date: /home/locobot/LoCoBotRos/interbotix_ws/install/ecl_formatters/share/ecl_formatters/local_setup.sh
[1.171s] -- Up-to-date: /home/locobot/LoCoBotRos/interbotix_ws/install/ecl_formatters/share/ecl_formatters/local_setup.zsh
[1.171s] -- Installing: /home/locobot/LoCoBotRos/interbotix_ws/install/ecl_formatters/share/ecl_formatters/local_setup.dsv
[1.171s] -- Installing: /home/locobot/LoCoBotRos/interbotix_ws/install/ecl_formatters/share/ecl_formatters/package.dsv
[1.171s] -- Up-to-date: /home/locobot/LoCoBotRos/interbotix_ws/install/ecl_formatters/share/ament_index/resource_index/packages/ecl_formatters
[1.172s] -- Up-to-date: /home/locobot/LoCoBotRos/interbotix_ws/install/ecl_formatters/share/ecl_formatters/cmake/ecl_formattersExport.cmake
[1.172s] -- Installing: /home/locobot/LoCoBotRos/interbotix_ws/install/ecl_formatters/share/ecl_formatters/cmake/ecl_formattersExport-release.cmake
[1.172s] -- Up-to-date: /home/locobot/LoCoBotRos/interbotix_ws/install/ecl_formatters/share/ecl_formatters/cmake/ament_cmake_export_targets-extras.cmake
[1.172s] -- Up-to-date: /home/locobot/LoCoBotRos/interbotix_ws/install/ecl_formatters/share/ecl_formatters/cmake/ament_cmake_export_include_directories-extras.cmake
[1.172s] -- Up-to-date: /home/locobot/LoCoBotRos/interbotix_ws/install/ecl_formatters/share/ecl_formatters/cmake/ament_cmake_export_libraries-extras.cmake
[1.172s] -- Up-to-date: /home/locobot/LoCoBotRos/interbotix_ws/install/ecl_formatters/share/ecl_formatters/cmake/ament_cmake_export_dependencies-extras.cmake
[1.172s] -- Up-to-date: /home/locobot/LoCoBotRos/interbotix_ws/install/ecl_formatters/share/ecl_formatters/cmake/ecl_formattersConfig.cmake
[1.172s] -- Up-to-date: /home/locobot/LoCoBotRos/interbotix_ws/install/ecl_formatters/share/ecl_formatters/cmake/ecl_formattersConfig-version.cmake
[1.172s] -- Up-to-date: /home/locobot/LoCoBotRos/interbotix_ws/install/ecl_formatters/share/ecl_formatters/package.xml
[1.172s] -- Up-to-date: /home/locobot/LoCoBotRos/interbotix_ws/install/ecl_formatters/include/ecl/formatters.hpp
[1.173s] -- Up-to-date: /home/locobot/LoCoBotRos/interbotix_ws/install/ecl_formatters/include/ecl/formatters/common.hpp
[1.173s] -- Up-to-date: /home/locobot/LoCoBotRos/interbotix_ws/install/ecl_formatters/include/ecl/formatters/floats.hpp
[1.173s] -- Up-to-date: /home/locobot/LoCoBotRos/interbotix_ws/install/ecl_formatters/include/ecl/formatters/macros.hpp
[1.173s] -- Up-to-date: /home/locobot/LoCoBotRos/interbotix_ws/install/ecl_formatters/include/ecl/formatters/number.hpp
[1.173s] -- Up-to-date: /home/locobot/LoCoBotRos/interbotix_ws/install/ecl_formatters/include/ecl/formatters/strings.hpp
[1.173s] -- Installing: /home/locobot/LoCoBotRos/interbotix_ws/install/ecl_formatters/lib/libecl_formatters.so.1.2.1
[1.174s] -- Set runtime path of "/home/locobot/LoCoBotRos/interbotix_ws/install/ecl_formatters/lib/libecl_formatters.so.1.2.1" to ""
[1.174s] -- Up-to-date: /home/locobot/LoCoBotRos/interbotix_ws/install/ecl_formatters/lib/libecl_formatters.so
[1.174s] -- Installing: /home/locobot/LoCoBotRos/interbotix_ws/install/ecl_formatters/lib/ecl_formatters/demo_formatters
[1.175s] -- Set runtime path of "/home/locobot/LoCoBotRos/interbotix_ws/install/ecl_formatters/lib/ecl_formatters/demo_formatters" to ""
[1.176s] Invoked command in '/home/locobot/LoCoBotRos/interbotix_ws/build/ecl_formatters' returned '0': AMENT_PREFIX_PATH=/home/locobot/LoCoBotRos/interbotix_ws/install/ecl_converters:/home/locobot/LoCoBotRos/interbotix_ws/install/ecl_exceptions:/home/locobot/LoCoBotRos/interbotix_ws/install/ecl_concepts:/home/locobot/LoCoBotRos/interbotix_ws/install/ecl_type_traits:/home/locobot/LoCoBotRos/interbotix_ws/install/ecl_errors:/home/locobot/LoCoBotRos/interbotix_ws/install/ecl_mpl:/home/locobot/LoCoBotRos/interbotix_ws/install/ecl_config:${AMENT_PREFIX_PATH} CMAKE_PREFIX_PATH=/home/locobot/LoCoBotRos/interbotix_ws/install/ecl_converters:/home/locobot/LoCoBotRos/interbotix_ws/install/ecl_exceptions:/home/locobot/LoCoBotRos/interbotix_ws/install/ecl_concepts:/home/locobot/LoCoBotRos/interbotix_ws/install/ecl_type_traits:/home/locobot/LoCoBotRos/interbotix_ws/install/ecl_errors:/home/locobot/LoCoBotRos/interbotix_ws/install/ecl_mpl:/home/locobot/LoCoBotRos/interbotix_ws/install/ecl_config:/home/locobot/apriltag_ws/install/apriltag_ros:/opt/ros/humble LD_LIBRARY_PATH=/home/locobot/LoCoBotRos/interbotix_ws/install/ecl_exceptions/lib:/home/locobot/LoCoBotRos/interbotix_ws/install/ecl_type_traits/lib:/home/locobot/LoCoBotRos/interbotix_ws/install/ecl_errors/lib:${LD_LIBRARY_PATH} PATH=/home/locobot/LoCoBotRos/interbotix_ws/install/ecl_type_traits/bin:/home/locobot/LoCoBotRos/interbotix_ws/install/ecl_config/bin:${PATH} /usr/bin/cmake --install /home/locobot/LoCoBotRos/interbotix_ws/build/ecl_formatters
