[0.009s] Invoking command in '/home/locobot/LoCoBotRos/interbotix_ws/build/ecl_time_lite': AMENT_PREFIX_PATH=/home/locobot/LoCoBotRos/interbotix_ws/install/ecl_errors:/home/locobot/LoCoBotRos/interbotix_ws/install/ecl_config:${AMENT_PREFIX_PATH} CMAKE_PREFIX_PATH=/home/locobot/LoCoBotRos/interbotix_ws/install/ecl_errors:/home/locobot/LoCoBotRos/interbotix_ws/install/ecl_config:/home/locobot/apriltag_ws/install/apriltag_ros:/opt/ros/humble LD_LIBRARY_PATH=/home/locobot/LoCoBotRos/interbotix_ws/install/ecl_errors/lib:${LD_LIBRARY_PATH} PATH=/home/locobot/LoCoBotRos/interbotix_ws/install/ecl_config/bin:${PATH} /usr/bin/cmake --build /home/locobot/LoCoBotRos/interbotix_ws/build/ecl_time_lite -- -j16 -l16
[0.041s] [35m[1mConsolidate compiler generated dependencies of target ecl_time_lite[0m
[0.049s] [ 77%] Built target ecl_time_lite
[0.058s] [35m[1mConsolidate compiler generated dependencies of target demo_time_functions[0m
[0.068s] [100%] Built target demo_time_functions
[0.077s] Invoked command in '/home/locobot/LoCoBotRos/interbotix_ws/build/ecl_time_lite' returned '0': AMENT_PREFIX_PATH=/home/locobot/LoCoBotRos/interbotix_ws/install/ecl_errors:/home/locobot/LoCoBotRos/interbotix_ws/install/ecl_config:${AMENT_PREFIX_PATH} CMAKE_PREFIX_PATH=/home/locobot/LoCoBotRos/interbotix_ws/install/ecl_errors:/home/locobot/LoCoBotRos/interbotix_ws/install/ecl_config:/home/locobot/apriltag_ws/install/apriltag_ros:/opt/ros/humble LD_LIBRARY_PATH=/home/locobot/LoCoBotRos/interbotix_ws/install/ecl_errors/lib:${LD_LIBRARY_PATH} PATH=/home/locobot/LoCoBotRos/interbotix_ws/install/ecl_config/bin:${PATH} /usr/bin/cmake --build /home/locobot/LoCoBotRos/interbotix_ws/build/ecl_time_lite -- -j16 -l16
[0.078s] Invoking command in '/home/locobot/LoCoBotRos/interbotix_ws/build/ecl_time_lite': AMENT_PREFIX_PATH=/home/locobot/LoCoBotRos/interbotix_ws/install/ecl_errors:/home/locobot/LoCoBotRos/interbotix_ws/install/ecl_config:${AMENT_PREFIX_PATH} CMAKE_PREFIX_PATH=/home/locobot/LoCoBotRos/interbotix_ws/install/ecl_errors:/home/locobot/LoCoBotRos/interbotix_ws/install/ecl_config:/home/locobot/apriltag_ws/install/apriltag_ros:/opt/ros/humble LD_LIBRARY_PATH=/home/locobot/LoCoBotRos/interbotix_ws/install/ecl_errors/lib:${LD_LIBRARY_PATH} PATH=/home/locobot/LoCoBotRos/interbotix_ws/install/ecl_config/bin:${PATH} /usr/bin/cmake --install /home/locobot/LoCoBotRos/interbotix_ws/build/ecl_time_lite
[0.086s] -- Install configuration: "Release"
[0.087s] -- Up-to-date: /home/locobot/LoCoBotRos/interbotix_ws/install/ecl_time_lite/share/ecl_time_lite/environment/library_path.sh
[0.087s] -- Up-to-date: /home/locobot/LoCoBotRos/interbotix_ws/install/ecl_time_lite/share/ecl_time_lite/environment/library_path.dsv
[0.087s] -- Up-to-date: /home/locobot/LoCoBotRos/interbotix_ws/install/ecl_time_lite/share/ament_index/resource_index/package_run_dependencies/ecl_time_lite
[0.087s] -- Up-to-date: /home/locobot/LoCoBotRos/interbotix_ws/install/ecl_time_lite/share/ament_index/resource_index/parent_prefix_path/ecl_time_lite
[0.087s] -- Up-to-date: /home/locobot/LoCoBotRos/interbotix_ws/install/ecl_time_lite/share/ecl_time_lite/environment/ament_prefix_path.sh
[0.087s] -- Up-to-date: /home/locobot/LoCoBotRos/interbotix_ws/install/ecl_time_lite/share/ecl_time_lite/environment/ament_prefix_path.dsv
[0.087s] -- Up-to-date: /home/locobot/LoCoBotRos/interbotix_ws/install/ecl_time_lite/share/ecl_time_lite/environment/path.sh
[0.087s] -- Up-to-date: /home/locobot/LoCoBotRos/interbotix_ws/install/ecl_time_lite/share/ecl_time_lite/environment/path.dsv
[0.087s] -- Up-to-date: /home/locobot/LoCoBotRos/interbotix_ws/install/ecl_time_lite/share/ecl_time_lite/local_setup.bash
[0.087s] -- Up-to-date: /home/locobot/LoCoBotRos/interbotix_ws/install/ecl_time_lite/share/ecl_time_lite/local_setup.sh
[0.087s] -- Up-to-date: /home/locobot/LoCoBotRos/interbotix_ws/install/ecl_time_lite/share/ecl_time_lite/local_setup.zsh
[0.087s] -- Up-to-date: /home/locobot/LoCoBotRos/interbotix_ws/install/ecl_time_lite/share/ecl_time_lite/local_setup.dsv
[0.087s] -- Up-to-date: /home/locobot/LoCoBotRos/interbotix_ws/install/ecl_time_lite/share/ecl_time_lite/package.dsv
[0.087s] -- Up-to-date: /home/locobot/LoCoBotRos/interbotix_ws/install/ecl_time_lite/share/ament_index/resource_index/packages/ecl_time_lite
[0.087s] -- Up-to-date: /home/locobot/LoCoBotRos/interbotix_ws/install/ecl_time_lite/share/ecl_time_lite/cmake/ecl_time_liteExport.cmake
[0.087s] -- Up-to-date: /home/locobot/LoCoBotRos/interbotix_ws/install/ecl_time_lite/share/ecl_time_lite/cmake/ecl_time_liteExport-release.cmake
[0.087s] -- Up-to-date: /home/locobot/LoCoBotRos/interbotix_ws/install/ecl_time_lite/share/ecl_time_lite/cmake/ament_cmake_export_targets-extras.cmake
[0.088s] -- Up-to-date: /home/locobot/LoCoBotRos/interbotix_ws/install/ecl_time_lite/share/ecl_time_lite/cmake/ament_cmake_export_include_directories-extras.cmake
[0.088s] -- Up-to-date: /home/locobot/LoCoBotRos/interbotix_ws/install/ecl_time_lite/share/ecl_time_lite/cmake/ament_cmake_export_libraries-extras.cmake
[0.088s] -- Up-to-date: /home/locobot/LoCoBotRos/interbotix_ws/install/ecl_time_lite/share/ecl_time_lite/cmake/ament_cmake_export_dependencies-extras.cmake
[0.088s] -- Up-to-date: /home/locobot/LoCoBotRos/interbotix_ws/install/ecl_time_lite/share/ecl_time_lite/cmake/ecl_time_liteConfig.cmake
[0.088s] -- Up-to-date: /home/locobot/LoCoBotRos/interbotix_ws/install/ecl_time_lite/share/ecl_time_lite/cmake/ecl_time_liteConfig-version.cmake
[0.088s] -- Up-to-date: /home/locobot/LoCoBotRos/interbotix_ws/install/ecl_time_lite/share/ecl_time_lite/package.xml
[0.088s] -- Up-to-date: /home/locobot/LoCoBotRos/interbotix_ws/install/ecl_time_lite/include/ecl/time_lite.hpp
[0.088s] -- Up-to-date: /home/locobot/LoCoBotRos/interbotix_ws/install/ecl_time_lite/include/ecl/time_lite/cpu_time.hpp
[0.089s] -- Up-to-date: /home/locobot/LoCoBotRos/interbotix_ws/install/ecl_time_lite/include/ecl/time_lite/date.hpp
[0.089s] -- Up-to-date: /home/locobot/LoCoBotRos/interbotix_ws/install/ecl_time_lite/include/ecl/time_lite/errors.hpp
[0.089s] -- Up-to-date: /home/locobot/LoCoBotRos/interbotix_ws/install/ecl_time_lite/include/ecl/time_lite/functions.hpp
[0.089s] -- Up-to-date: /home/locobot/LoCoBotRos/interbotix_ws/install/ecl_time_lite/include/ecl/time_lite/functions_mac.hpp
[0.089s] -- Up-to-date: /home/locobot/LoCoBotRos/interbotix_ws/install/ecl_time_lite/include/ecl/time_lite/functions_pos.hpp
[0.089s] -- Up-to-date: /home/locobot/LoCoBotRos/interbotix_ws/install/ecl_time_lite/include/ecl/time_lite/functions_rt.hpp
[0.089s] -- Up-to-date: /home/locobot/LoCoBotRos/interbotix_ws/install/ecl_time_lite/include/ecl/time_lite/functions_win.hpp
[0.089s] -- Up-to-date: /home/locobot/LoCoBotRos/interbotix_ws/install/ecl_time_lite/include/ecl/time_lite/macros.hpp
[0.089s] -- Up-to-date: /home/locobot/LoCoBotRos/interbotix_ws/install/ecl_time_lite/include/ecl/time_lite/types.hpp
[0.089s] -- Up-to-date: /home/locobot/LoCoBotRos/interbotix_ws/install/ecl_time_lite/include/ecl/time_lite/types_pos.hpp
[0.089s] -- Up-to-date: /home/locobot/LoCoBotRos/interbotix_ws/install/ecl_time_lite/include/ecl/time_lite/types_win.hpp
[0.089s] -- Up-to-date: /home/locobot/LoCoBotRos/interbotix_ws/install/ecl_time_lite/include/ecl/time_lite/config.hpp
[0.089s] -- Up-to-date: /home/locobot/LoCoBotRos/interbotix_ws/install/ecl_time_lite/lib/libecl_time_lite.so.1.2.0
[0.090s] -- Up-to-date: /home/locobot/LoCoBotRos/interbotix_ws/install/ecl_time_lite/lib/libecl_time_lite.so
[0.090s] -- Up-to-date: /home/locobot/LoCoBotRos/interbotix_ws/install/ecl_time_lite/lib/ecl_time_lite/demo_time_functions
[0.093s] Invoked command in '/home/locobot/LoCoBotRos/interbotix_ws/build/ecl_time_lite' returned '0': AMENT_PREFIX_PATH=/home/locobot/LoCoBotRos/interbotix_ws/install/ecl_errors:/home/locobot/LoCoBotRos/interbotix_ws/install/ecl_config:${AMENT_PREFIX_PATH} CMAKE_PREFIX_PATH=/home/locobot/LoCoBotRos/interbotix_ws/install/ecl_errors:/home/locobot/LoCoBotRos/interbotix_ws/install/ecl_config:/home/locobot/apriltag_ws/install/apriltag_ros:/opt/ros/humble LD_LIBRARY_PATH=/home/locobot/LoCoBotRos/interbotix_ws/install/ecl_errors/lib:${LD_LIBRARY_PATH} PATH=/home/locobot/LoCoBotRos/interbotix_ws/install/ecl_config/bin:${PATH} /usr/bin/cmake --install /home/locobot/LoCoBotRos/interbotix_ws/build/ecl_time_lite
