[0.007s] Invoking command in '/home/locobot/LoCoBotRos/interbotix_ws/build/ecl_converters_lite': AMENT_PREFIX_PATH=/home/locobot/LoCoBotRos/interbotix_ws/install/ecl_config:${AMENT_PREFIX_PATH} CMAKE_PREFIX_PATH=/home/locobot/LoCoBotRos/interbotix_ws/install/ecl_config:/home/locobot/apriltag_ws/install/apriltag_ros:/opt/ros/humble PATH=/home/locobot/LoCoBotRos/interbotix_ws/install/ecl_config/bin:${PATH} /usr/bin/cmake --build /home/locobot/LoCoBotRos/interbotix_ws/build/ecl_converters_lite -- -j16 -l16
[0.047s] [ 66%] Built target gtest
[0.047s] [ 66%] Built target gtest_main
[0.064s] [100%] Built target test_byte_array
[0.072s] Invoked command in '/home/locobot/LoCoBotRos/interbotix_ws/build/ecl_converters_lite' returned '0': AMENT_PREFIX_PATH=/home/locobot/LoCoBotRos/interbotix_ws/install/ecl_config:${AMENT_PREFIX_PATH} CMAKE_PREFIX_PATH=/home/locobot/LoCoBotRos/interbotix_ws/install/ecl_config:/home/locobot/apriltag_ws/install/apriltag_ros:/opt/ros/humble PATH=/home/locobot/LoCoBotRos/interbotix_ws/install/ecl_config/bin:${PATH} /usr/bin/cmake --build /home/locobot/LoCoBotRos/interbotix_ws/build/ecl_converters_lite -- -j16 -l16
[0.073s] Invoking command in '/home/locobot/LoCoBotRos/interbotix_ws/build/ecl_converters_lite': AMENT_PREFIX_PATH=/home/locobot/LoCoBotRos/interbotix_ws/install/ecl_config:${AMENT_PREFIX_PATH} CMAKE_PREFIX_PATH=/home/locobot/LoCoBotRos/interbotix_ws/install/ecl_config:/home/locobot/apriltag_ws/install/apriltag_ros:/opt/ros/humble PATH=/home/locobot/LoCoBotRos/interbotix_ws/install/ecl_config/bin:${PATH} /usr/bin/cmake --install /home/locobot/LoCoBotRos/interbotix_ws/build/ecl_converters_lite
[0.080s] -- Install configuration: "Release"
[0.081s] -- Up-to-date: /home/locobot/LoCoBotRos/interbotix_ws/install/ecl_converters_lite/share/ament_index/resource_index/package_run_dependencies/ecl_converters_lite
[0.081s] -- Up-to-date: /home/locobot/LoCoBotRos/interbotix_ws/install/ecl_converters_lite/share/ament_index/resource_index/parent_prefix_path/ecl_converters_lite
[0.081s] -- Up-to-date: /home/locobot/LoCoBotRos/interbotix_ws/install/ecl_converters_lite/share/ecl_converters_lite/environment/ament_prefix_path.sh
[0.081s] -- Up-to-date: /home/locobot/LoCoBotRos/interbotix_ws/install/ecl_converters_lite/share/ecl_converters_lite/environment/ament_prefix_path.dsv
[0.081s] -- Up-to-date: /home/locobot/LoCoBotRos/interbotix_ws/install/ecl_converters_lite/share/ecl_converters_lite/environment/path.sh
[0.081s] -- Up-to-date: /home/locobot/LoCoBotRos/interbotix_ws/install/ecl_converters_lite/share/ecl_converters_lite/environment/path.dsv
[0.081s] -- Up-to-date: /home/locobot/LoCoBotRos/interbotix_ws/install/ecl_converters_lite/share/ecl_converters_lite/local_setup.bash
[0.081s] -- Up-to-date: /home/locobot/LoCoBotRos/interbotix_ws/install/ecl_converters_lite/share/ecl_converters_lite/local_setup.sh
[0.081s] -- Up-to-date: /home/locobot/LoCoBotRos/interbotix_ws/install/ecl_converters_lite/share/ecl_converters_lite/local_setup.zsh
[0.081s] -- Up-to-date: /home/locobot/LoCoBotRos/interbotix_ws/install/ecl_converters_lite/share/ecl_converters_lite/local_setup.dsv
[0.081s] -- Installing: /home/locobot/LoCoBotRos/interbotix_ws/install/ecl_converters_lite/share/ecl_converters_lite/package.dsv
[0.081s] -- Up-to-date: /home/locobot/LoCoBotRos/interbotix_ws/install/ecl_converters_lite/share/ament_index/resource_index/packages/ecl_converters_lite
[0.081s] -- Up-to-date: /home/locobot/LoCoBotRos/interbotix_ws/install/ecl_converters_lite/share/ecl_converters_lite/cmake/ecl_converters_liteExport.cmake
[0.081s] -- Up-to-date: /home/locobot/LoCoBotRos/interbotix_ws/install/ecl_converters_lite/share/ecl_converters_lite/cmake/ament_cmake_export_targets-extras.cmake
[0.081s] -- Up-to-date: /home/locobot/LoCoBotRos/interbotix_ws/install/ecl_converters_lite/share/ecl_converters_lite/cmake/ament_cmake_export_include_directories-extras.cmake
[0.082s] -- Up-to-date: /home/locobot/LoCoBotRos/interbotix_ws/install/ecl_converters_lite/share/ecl_converters_lite/cmake/ament_cmake_export_dependencies-extras.cmake
[0.082s] -- Up-to-date: /home/locobot/LoCoBotRos/interbotix_ws/install/ecl_converters_lite/share/ecl_converters_lite/cmake/ecl_converters_liteConfig.cmake
[0.082s] -- Up-to-date: /home/locobot/LoCoBotRos/interbotix_ws/install/ecl_converters_lite/share/ecl_converters_lite/cmake/ecl_converters_liteConfig-version.cmake
[0.082s] -- Up-to-date: /home/locobot/LoCoBotRos/interbotix_ws/install/ecl_converters_lite/share/ecl_converters_lite/package.xml
[0.082s] -- Up-to-date: /home/locobot/LoCoBotRos/interbotix_ws/install/ecl_converters_lite/include/ecl/converters_lite.hpp
[0.082s] -- Up-to-date: /home/locobot/LoCoBotRos/interbotix_ws/install/ecl_converters_lite/include/ecl/converters_lite/byte_array.hpp
[0.084s] Invoked command in '/home/locobot/LoCoBotRos/interbotix_ws/build/ecl_converters_lite' returned '0': AMENT_PREFIX_PATH=/home/locobot/LoCoBotRos/interbotix_ws/install/ecl_config:${AMENT_PREFIX_PATH} CMAKE_PREFIX_PATH=/home/locobot/LoCoBotRos/interbotix_ws/install/ecl_config:/home/locobot/apriltag_ws/install/apriltag_ros:/opt/ros/humble PATH=/home/locobot/LoCoBotRos/interbotix_ws/install/ecl_config/bin:${PATH} /usr/bin/cmake --install /home/locobot/LoCoBotRos/interbotix_ws/build/ecl_converters_lite
