[0.011s] Invoking command in '/home/locobot/LoCoBotRos/interbotix_ws/build/ecl_math': AMENT_PREFIX_PATH=/home/locobot/LoCoBotRos/interbotix_ws/install/ecl_type_traits:/home/locobot/LoCoBotRos/interbotix_ws/install/ecl_mpl:/home/locobot/LoCoBotRos/interbotix_ws/install/ecl_config:${AMENT_PREFIX_PATH} CMAKE_PREFIX_PATH=/home/locobot/LoCoBotRos/interbotix_ws/install/ecl_type_traits:/home/locobot/LoCoBotRos/interbotix_ws/install/ecl_mpl:/home/locobot/LoCoBotRos/interbotix_ws/install/ecl_config:/home/locobot/apriltag_ws/install/apriltag_ros:/opt/ros/humble LD_LIBRARY_PATH=/home/locobot/LoCoBotRos/interbotix_ws/install/ecl_type_traits/lib:${LD_LIBRARY_PATH} PATH=/home/locobot/LoCoBotRos/interbotix_ws/install/ecl_type_traits/bin:/home/locobot/LoCoBotRos/interbotix_ws/install/ecl_config/bin:${PATH} /usr/bin/cmake --build /home/locobot/LoCoBotRos/interbotix_ws/build/ecl_math -- -j16 -l16
[0.043s] [35m[1mConsolidate compiler generated dependencies of target gtest_main[0m
[0.044s] [35m[1mConsolidate compiler generated dependencies of target gtest[0m
[0.053s] [ 33%] Built target gtest_main
[0.053s] [ 33%] Built target gtest
[0.063s] [35m[1mConsolidate compiler generated dependencies of target ecl_test_norms[0m
[0.063s] [35m[1mConsolidate compiler generated dependencies of target ecl_test_fuzzy[0m
[0.064s] [35m[1mConsolidate compiler generated dependencies of target ecl_test_constants[0m
[0.065s] [35m[1mConsolidate compiler generated dependencies of target ecl_test_simple[0m
[0.073s] [ 50%] Built target ecl_test_fuzzy
[0.073s] [ 66%] Built target ecl_test_norms
[0.075s] [ 83%] Built target ecl_test_simple
[0.075s] [100%] Built target ecl_test_constants
[0.083s] Invoked command in '/home/locobot/LoCoBotRos/interbotix_ws/build/ecl_math' returned '0': AMENT_PREFIX_PATH=/home/locobot/LoCoBotRos/interbotix_ws/install/ecl_type_traits:/home/locobot/LoCoBotRos/interbotix_ws/install/ecl_mpl:/home/locobot/LoCoBotRos/interbotix_ws/install/ecl_config:${AMENT_PREFIX_PATH} CMAKE_PREFIX_PATH=/home/locobot/LoCoBotRos/interbotix_ws/install/ecl_type_traits:/home/locobot/LoCoBotRos/interbotix_ws/install/ecl_mpl:/home/locobot/LoCoBotRos/interbotix_ws/install/ecl_config:/home/locobot/apriltag_ws/install/apriltag_ros:/opt/ros/humble LD_LIBRARY_PATH=/home/locobot/LoCoBotRos/interbotix_ws/install/ecl_type_traits/lib:${LD_LIBRARY_PATH} PATH=/home/locobot/LoCoBotRos/interbotix_ws/install/ecl_type_traits/bin:/home/locobot/LoCoBotRos/interbotix_ws/install/ecl_config/bin:${PATH} /usr/bin/cmake --build /home/locobot/LoCoBotRos/interbotix_ws/build/ecl_math -- -j16 -l16
[0.084s] Invoking command in '/home/locobot/LoCoBotRos/interbotix_ws/build/ecl_math': AMENT_PREFIX_PATH=/home/locobot/LoCoBotRos/interbotix_ws/install/ecl_type_traits:/home/locobot/LoCoBotRos/interbotix_ws/install/ecl_mpl:/home/locobot/LoCoBotRos/interbotix_ws/install/ecl_config:${AMENT_PREFIX_PATH} CMAKE_PREFIX_PATH=/home/locobot/LoCoBotRos/interbotix_ws/install/ecl_type_traits:/home/locobot/LoCoBotRos/interbotix_ws/install/ecl_mpl:/home/locobot/LoCoBotRos/interbotix_ws/install/ecl_config:/home/locobot/apriltag_ws/install/apriltag_ros:/opt/ros/humble LD_LIBRARY_PATH=/home/locobot/LoCoBotRos/interbotix_ws/install/ecl_type_traits/lib:${LD_LIBRARY_PATH} PATH=/home/locobot/LoCoBotRos/interbotix_ws/install/ecl_type_traits/bin:/home/locobot/LoCoBotRos/interbotix_ws/install/ecl_config/bin:${PATH} /usr/bin/cmake --install /home/locobot/LoCoBotRos/interbotix_ws/build/ecl_math
[0.091s] -- Install configuration: "Release"
[0.091s] -- Up-to-date: /home/locobot/LoCoBotRos/interbotix_ws/install/ecl_math/share/ament_index/resource_index/package_run_dependencies/ecl_math
[0.091s] -- Up-to-date: /home/locobot/LoCoBotRos/interbotix_ws/install/ecl_math/share/ament_index/resource_index/parent_prefix_path/ecl_math
[0.091s] -- Up-to-date: /home/locobot/LoCoBotRos/interbotix_ws/install/ecl_math/share/ecl_math/environment/ament_prefix_path.sh
[0.091s] -- Up-to-date: /home/locobot/LoCoBotRos/interbotix_ws/install/ecl_math/share/ecl_math/environment/ament_prefix_path.dsv
[0.091s] -- Up-to-date: /home/locobot/LoCoBotRos/interbotix_ws/install/ecl_math/share/ecl_math/environment/path.sh
[0.091s] -- Up-to-date: /home/locobot/LoCoBotRos/interbotix_ws/install/ecl_math/share/ecl_math/environment/path.dsv
[0.092s] -- Up-to-date: /home/locobot/LoCoBotRos/interbotix_ws/install/ecl_math/share/ecl_math/local_setup.bash
[0.092s] -- Up-to-date: /home/locobot/LoCoBotRos/interbotix_ws/install/ecl_math/share/ecl_math/local_setup.sh
[0.092s] -- Up-to-date: /home/locobot/LoCoBotRos/interbotix_ws/install/ecl_math/share/ecl_math/local_setup.zsh
[0.092s] -- Up-to-date: /home/locobot/LoCoBotRos/interbotix_ws/install/ecl_math/share/ecl_math/local_setup.dsv
[0.092s] -- Installing: /home/locobot/LoCoBotRos/interbotix_ws/install/ecl_math/share/ecl_math/package.dsv
[0.092s] -- Up-to-date: /home/locobot/LoCoBotRos/interbotix_ws/install/ecl_math/share/ament_index/resource_index/packages/ecl_math
[0.092s] -- Up-to-date: /home/locobot/LoCoBotRos/interbotix_ws/install/ecl_math/share/ecl_math/cmake/ecl_mathExport.cmake
[0.092s] -- Up-to-date: /home/locobot/LoCoBotRos/interbotix_ws/install/ecl_math/share/ecl_math/cmake/ament_cmake_export_targets-extras.cmake
[0.092s] -- Up-to-date: /home/locobot/LoCoBotRos/interbotix_ws/install/ecl_math/share/ecl_math/cmake/ament_cmake_export_include_directories-extras.cmake
[0.092s] -- Up-to-date: /home/locobot/LoCoBotRos/interbotix_ws/install/ecl_math/share/ecl_math/cmake/ament_cmake_export_dependencies-extras.cmake
[0.093s] -- Up-to-date: /home/locobot/LoCoBotRos/interbotix_ws/install/ecl_math/share/ecl_math/cmake/ecl_mathConfig.cmake
[0.093s] -- Up-to-date: /home/locobot/LoCoBotRos/interbotix_ws/install/ecl_math/share/ecl_math/cmake/ecl_mathConfig-version.cmake
[0.093s] -- Up-to-date: /home/locobot/LoCoBotRos/interbotix_ws/install/ecl_math/share/ecl_math/package.xml
[0.093s] -- Up-to-date: /home/locobot/LoCoBotRos/interbotix_ws/install/ecl_math/include/ecl/math.hpp
[0.093s] -- Up-to-date: /home/locobot/LoCoBotRos/interbotix_ws/install/ecl_math/include/ecl/math/constants.hpp
[0.093s] -- Up-to-date: /home/locobot/LoCoBotRos/interbotix_ws/install/ecl_math/include/ecl/math/fuzzy.hpp
[0.093s] -- Up-to-date: /home/locobot/LoCoBotRos/interbotix_ws/install/ecl_math/include/ecl/math/norms.hpp
[0.093s] -- Up-to-date: /home/locobot/LoCoBotRos/interbotix_ws/install/ecl_math/include/ecl/math/simple.hpp
[0.096s] Invoked command in '/home/locobot/LoCoBotRos/interbotix_ws/build/ecl_math' returned '0': AMENT_PREFIX_PATH=/home/locobot/LoCoBotRos/interbotix_ws/install/ecl_type_traits:/home/locobot/LoCoBotRos/interbotix_ws/install/ecl_mpl:/home/locobot/LoCoBotRos/interbotix_ws/install/ecl_config:${AMENT_PREFIX_PATH} CMAKE_PREFIX_PATH=/home/locobot/LoCoBotRos/interbotix_ws/install/ecl_type_traits:/home/locobot/LoCoBotRos/interbotix_ws/install/ecl_mpl:/home/locobot/LoCoBotRos/interbotix_ws/install/ecl_config:/home/locobot/apriltag_ws/install/apriltag_ros:/opt/ros/humble LD_LIBRARY_PATH=/home/locobot/LoCoBotRos/interbotix_ws/install/ecl_type_traits/lib:${LD_LIBRARY_PATH} PATH=/home/locobot/LoCoBotRos/interbotix_ws/install/ecl_type_traits/bin:/home/locobot/LoCoBotRos/interbotix_ws/install/ecl_config/bin:${PATH} /usr/bin/cmake --install /home/locobot/LoCoBotRos/interbotix_ws/build/ecl_math
