[0.034s] Invoking command in '/home/locobot/LoCoBotRos/interbotix_ws/build/sophus': CMAKE_PREFIX_PATH=${CMAKE_PREFIX_PATH}:/home/locobot/LoCoBotRos/interbotix_ws/install/interbotix_xs_modules:/home/locobot/LoCoBotRos/interbotix_ws/install/interbotix_common_modules:/home/locobot/interbotix_ws/install/kobuki_description:/home/locobot/interbotix_ws/install/interbotix_xs_modules:/home/locobot/interbotix_ws/install/interbotix_common_sim:/home/locobot/interbotix_ws/install/interbotix_common_modules:/home/locobot/interbotix_ws/install/ecl_utilities:/home/locobot/interbotix_ws/install/ecl_math:/home/locobot/interbotix_ws/install/ecl_formatters:/home/locobot/interbotix_ws/install/ecl_converters:/home/locobot/interbotix_ws/install/ecl_concepts:/home/locobot/interbotix_ws/install/ecl_type_traits:/home/locobot/interbotix_ws/install/ecl_time_lite:/home/locobot/interbotix_ws/install/ecl_mpl:/home/locobot/interbotix_ws/install/ecl_exceptions:/home/locobot/interbotix_ws/install/ecl_errors:/home/locobot/interbotix_ws/install/ecl_eigen:/home/locobot/interbotix_ws/install/ecl_config:/home/locobot/interbotix_ws/install/ecl_command_line:/home/locobot/interbotix_ws/install/dynamixel_workbench_toolbox:/opt/ros/humble /usr/bin/cmake --build /home/locobot/LoCoBotRos/interbotix_ws/build/sophus -- -j16 -l16
[0.125s] [  8%] Built target test_rxso2
[0.139s] [ 16%] Built target test_so2
[0.139s] [ 33%] Built target test_se2
[0.139s] [ 33%] Built target test_common
[0.141s] [ 45%] Built target test_sim2
[0.142s] [ 50%] Built target test_rxso3
[0.142s] [ 58%] Built target test_geometry
[0.142s] [ 66%] Built target test_sim3
[0.142s] [ 91%] Built target test_so3
[0.142s] [ 91%] Built target test_se3
[0.142s] [ 91%] Built target HelloSO3
[0.148s] [100%] Built target test_velocities
[0.186s] Invoked command in '/home/locobot/LoCoBotRos/interbotix_ws/build/sophus' returned '0': CMAKE_PREFIX_PATH=${CMAKE_PREFIX_PATH}:/home/locobot/LoCoBotRos/interbotix_ws/install/interbotix_xs_modules:/home/locobot/LoCoBotRos/interbotix_ws/install/interbotix_common_modules:/home/locobot/interbotix_ws/install/kobuki_description:/home/locobot/interbotix_ws/install/interbotix_xs_modules:/home/locobot/interbotix_ws/install/interbotix_common_sim:/home/locobot/interbotix_ws/install/interbotix_common_modules:/home/locobot/interbotix_ws/install/ecl_utilities:/home/locobot/interbotix_ws/install/ecl_math:/home/locobot/interbotix_ws/install/ecl_formatters:/home/locobot/interbotix_ws/install/ecl_converters:/home/locobot/interbotix_ws/install/ecl_concepts:/home/locobot/interbotix_ws/install/ecl_type_traits:/home/locobot/interbotix_ws/install/ecl_time_lite:/home/locobot/interbotix_ws/install/ecl_mpl:/home/locobot/interbotix_ws/install/ecl_exceptions:/home/locobot/interbotix_ws/install/ecl_errors:/home/locobot/interbotix_ws/install/ecl_eigen:/home/locobot/interbotix_ws/install/ecl_config:/home/locobot/interbotix_ws/install/ecl_command_line:/home/locobot/interbotix_ws/install/dynamixel_workbench_toolbox:/opt/ros/humble /usr/bin/cmake --build /home/locobot/LoCoBotRos/interbotix_ws/build/sophus -- -j16 -l16
[0.188s] Invoking command in '/home/locobot/LoCoBotRos/interbotix_ws/build/sophus': CMAKE_PREFIX_PATH=${CMAKE_PREFIX_PATH}:/home/locobot/LoCoBotRos/interbotix_ws/install/interbotix_xs_modules:/home/locobot/LoCoBotRos/interbotix_ws/install/interbotix_common_modules:/home/locobot/interbotix_ws/install/kobuki_description:/home/locobot/interbotix_ws/install/interbotix_xs_modules:/home/locobot/interbotix_ws/install/interbotix_common_sim:/home/locobot/interbotix_ws/install/interbotix_common_modules:/home/locobot/interbotix_ws/install/ecl_utilities:/home/locobot/interbotix_ws/install/ecl_math:/home/locobot/interbotix_ws/install/ecl_formatters:/home/locobot/interbotix_ws/install/ecl_converters:/home/locobot/interbotix_ws/install/ecl_concepts:/home/locobot/interbotix_ws/install/ecl_type_traits:/home/locobot/interbotix_ws/install/ecl_time_lite:/home/locobot/interbotix_ws/install/ecl_mpl:/home/locobot/interbotix_ws/install/ecl_exceptions:/home/locobot/interbotix_ws/install/ecl_errors:/home/locobot/interbotix_ws/install/ecl_eigen:/home/locobot/interbotix_ws/install/ecl_config:/home/locobot/interbotix_ws/install/ecl_command_line:/home/locobot/interbotix_ws/install/dynamixel_workbench_toolbox:/opt/ros/humble /usr/bin/cmake --install /home/locobot/LoCoBotRos/interbotix_ws/build/sophus
[0.202s] -- Install configuration: "Release"
[0.203s] -- Up-to-date: /home/locobot/LoCoBotRos/interbotix_ws/install/sophus/share/sophus/cmake/SophusTargets.cmake
[0.203s] -- Up-to-date: /home/locobot/LoCoBotRos/interbotix_ws/install/sophus/share/sophus/cmake/SophusConfig.cmake
[0.203s] -- Up-to-date: /home/locobot/LoCoBotRos/interbotix_ws/install/sophus/share/sophus/cmake/SophusConfigVersion.cmake
[0.203s] -- Up-to-date: /home/locobot/LoCoBotRos/interbotix_ws/install/sophus/include/sophus/average.hpp
[0.203s] -- Up-to-date: /home/locobot/LoCoBotRos/interbotix_ws/install/sophus/include/sophus/common.hpp
[0.203s] -- Up-to-date: /home/locobot/LoCoBotRos/interbotix_ws/install/sophus/include/sophus/geometry.hpp
[0.203s] -- Up-to-date: /home/locobot/LoCoBotRos/interbotix_ws/install/sophus/include/sophus/interpolate.hpp
[0.203s] -- Up-to-date: /home/locobot/LoCoBotRos/interbotix_ws/install/sophus/include/sophus/interpolate_details.hpp
[0.203s] -- Up-to-date: /home/locobot/LoCoBotRos/interbotix_ws/install/sophus/include/sophus/num_diff.hpp
[0.203s] -- Up-to-date: /home/locobot/LoCoBotRos/interbotix_ws/install/sophus/include/sophus/rotation_matrix.hpp
[0.204s] -- Up-to-date: /home/locobot/LoCoBotRos/interbotix_ws/install/sophus/include/sophus/rxso2.hpp
[0.204s] -- Up-to-date: /home/locobot/LoCoBotRos/interbotix_ws/install/sophus/include/sophus/rxso3.hpp
[0.204s] -- Up-to-date: /home/locobot/LoCoBotRos/interbotix_ws/install/sophus/include/sophus/se2.hpp
[0.204s] -- Up-to-date: /home/locobot/LoCoBotRos/interbotix_ws/install/sophus/include/sophus/se3.hpp
[0.204s] -- Up-to-date: /home/locobot/LoCoBotRos/interbotix_ws/install/sophus/include/sophus/sim2.hpp
[0.204s] -- Up-to-date: /home/locobot/LoCoBotRos/interbotix_ws/install/sophus/include/sophus/sim3.hpp
[0.204s] -- Up-to-date: /home/locobot/LoCoBotRos/interbotix_ws/install/sophus/include/sophus/sim_details.hpp
[0.204s] -- Up-to-date: /home/locobot/LoCoBotRos/interbotix_ws/install/sophus/include/sophus/so2.hpp
[0.204s] -- Up-to-date: /home/locobot/LoCoBotRos/interbotix_ws/install/sophus/include/sophus/so3.hpp
[0.204s] -- Up-to-date: /home/locobot/LoCoBotRos/interbotix_ws/install/sophus/include/sophus/types.hpp
[0.205s] -- Up-to-date: /home/locobot/LoCoBotRos/interbotix_ws/install/sophus/include/sophus/velocities.hpp
[0.205s] -- Up-to-date: /home/locobot/LoCoBotRos/interbotix_ws/install/sophus/include/sophus/formatstring.hpp
[0.209s] Invoked command in '/home/locobot/LoCoBotRos/interbotix_ws/build/sophus' returned '0': CMAKE_PREFIX_PATH=${CMAKE_PREFIX_PATH}:/home/locobot/LoCoBotRos/interbotix_ws/install/interbotix_xs_modules:/home/locobot/LoCoBotRos/interbotix_ws/install/interbotix_common_modules:/home/locobot/interbotix_ws/install/kobuki_description:/home/locobot/interbotix_ws/install/interbotix_xs_modules:/home/locobot/interbotix_ws/install/interbotix_common_sim:/home/locobot/interbotix_ws/install/interbotix_common_modules:/home/locobot/interbotix_ws/install/ecl_utilities:/home/locobot/interbotix_ws/install/ecl_math:/home/locobot/interbotix_ws/install/ecl_formatters:/home/locobot/interbotix_ws/install/ecl_converters:/home/locobot/interbotix_ws/install/ecl_concepts:/home/locobot/interbotix_ws/install/ecl_type_traits:/home/locobot/interbotix_ws/install/ecl_time_lite:/home/locobot/interbotix_ws/install/ecl_mpl:/home/locobot/interbotix_ws/install/ecl_exceptions:/home/locobot/interbotix_ws/install/ecl_errors:/home/locobot/interbotix_ws/install/ecl_eigen:/home/locobot/interbotix_ws/install/ecl_config:/home/locobot/interbotix_ws/install/ecl_command_line:/home/locobot/interbotix_ws/install/dynamixel_workbench_toolbox:/opt/ros/humble /usr/bin/cmake --install /home/locobot/LoCoBotRos/interbotix_ws/build/sophus
