[0.045s] Invoking command in '/home/locobot/LoCoBotRos/interbotix_ws/build/kobuki_description': CMAKE_PREFIX_PATH=${CMAKE_PREFIX_PATH}:/home/locobot/LoCoBotRos/interbotix_ws/install/interbotix_xs_modules:/home/locobot/LoCoBotRos/interbotix_ws/install/interbotix_common_modules:/home/locobot/interbotix_ws/install/kobuki_description:/home/locobot/interbotix_ws/install/interbotix_xs_modules:/home/locobot/interbotix_ws/install/interbotix_common_sim:/home/locobot/interbotix_ws/install/interbotix_common_modules:/home/locobot/interbotix_ws/install/ecl_utilities:/home/locobot/interbotix_ws/install/ecl_math:/home/locobot/interbotix_ws/install/ecl_formatters:/home/locobot/interbotix_ws/install/ecl_converters:/home/locobot/interbotix_ws/install/ecl_concepts:/home/locobot/interbotix_ws/install/ecl_type_traits:/home/locobot/interbotix_ws/install/ecl_time_lite:/home/locobot/interbotix_ws/install/ecl_mpl:/home/locobot/interbotix_ws/install/ecl_exceptions:/home/locobot/interbotix_ws/install/ecl_errors:/home/locobot/interbotix_ws/install/ecl_eigen:/home/locobot/interbotix_ws/install/ecl_config:/home/locobot/interbotix_ws/install/ecl_command_line:/home/locobot/interbotix_ws/install/dynamixel_workbench_toolbox:/opt/ros/humble /usr/bin/cmake --build /home/locobot/LoCoBotRos/interbotix_ws/build/kobuki_description -- -j16 -l16
[0.107s] Invoked command in '/home/locobot/LoCoBotRos/interbotix_ws/build/kobuki_description' returned '0': CMAKE_PREFIX_PATH=${CMAKE_PREFIX_PATH}:/home/locobot/LoCoBotRos/interbotix_ws/install/interbotix_xs_modules:/home/locobot/LoCoBotRos/interbotix_ws/install/interbotix_common_modules:/home/locobot/interbotix_ws/install/kobuki_description:/home/locobot/interbotix_ws/install/interbotix_xs_modules:/home/locobot/interbotix_ws/install/interbotix_common_sim:/home/locobot/interbotix_ws/install/interbotix_common_modules:/home/locobot/interbotix_ws/install/ecl_utilities:/home/locobot/interbotix_ws/install/ecl_math:/home/locobot/interbotix_ws/install/ecl_formatters:/home/locobot/interbotix_ws/install/ecl_converters:/home/locobot/interbotix_ws/install/ecl_concepts:/home/locobot/interbotix_ws/install/ecl_type_traits:/home/locobot/interbotix_ws/install/ecl_time_lite:/home/locobot/interbotix_ws/install/ecl_mpl:/home/locobot/interbotix_ws/install/ecl_exceptions:/home/locobot/interbotix_ws/install/ecl_errors:/home/locobot/interbotix_ws/install/ecl_eigen:/home/locobot/interbotix_ws/install/ecl_config:/home/locobot/interbotix_ws/install/ecl_command_line:/home/locobot/interbotix_ws/install/dynamixel_workbench_toolbox:/opt/ros/humble /usr/bin/cmake --build /home/locobot/LoCoBotRos/interbotix_ws/build/kobuki_description -- -j16 -l16
[0.108s] Invoking command in '/home/locobot/LoCoBotRos/interbotix_ws/build/kobuki_description': CMAKE_PREFIX_PATH=${CMAKE_PREFIX_PATH}:/home/locobot/LoCoBotRos/interbotix_ws/install/interbotix_xs_modules:/home/locobot/LoCoBotRos/interbotix_ws/install/interbotix_common_modules:/home/locobot/interbotix_ws/install/kobuki_description:/home/locobot/interbotix_ws/install/interbotix_xs_modules:/home/locobot/interbotix_ws/install/interbotix_common_sim:/home/locobot/interbotix_ws/install/interbotix_common_modules:/home/locobot/interbotix_ws/install/ecl_utilities:/home/locobot/interbotix_ws/install/ecl_math:/home/locobot/interbotix_ws/install/ecl_formatters:/home/locobot/interbotix_ws/install/ecl_converters:/home/locobot/interbotix_ws/install/ecl_concepts:/home/locobot/interbotix_ws/install/ecl_type_traits:/home/locobot/interbotix_ws/install/ecl_time_lite:/home/locobot/interbotix_ws/install/ecl_mpl:/home/locobot/interbotix_ws/install/ecl_exceptions:/home/locobot/interbotix_ws/install/ecl_errors:/home/locobot/interbotix_ws/install/ecl_eigen:/home/locobot/interbotix_ws/install/ecl_config:/home/locobot/interbotix_ws/install/ecl_command_line:/home/locobot/interbotix_ws/install/dynamixel_workbench_toolbox:/opt/ros/humble /usr/bin/cmake --install /home/locobot/LoCoBotRos/interbotix_ws/build/kobuki_description
[0.125s] -- Install configuration: ""
[0.125s] -- Up-to-date: /home/locobot/LoCoBotRos/interbotix_ws/install/kobuki_description/share/kobuki_description/launch
[0.125s] -- Up-to-date: /home/locobot/LoCoBotRos/interbotix_ws/install/kobuki_description/share/kobuki_description/launch/robot_description.launch.py
[0.125s] -- Up-to-date: /home/locobot/LoCoBotRos/interbotix_ws/install/kobuki_description/share/kobuki_description/meshes
[0.125s] -- Up-to-date: /home/locobot/LoCoBotRos/interbotix_ws/install/kobuki_description/share/kobuki_description/meshes/main_body.dae
[0.125s] -- Up-to-date: /home/locobot/LoCoBotRos/interbotix_ws/install/kobuki_description/share/kobuki_description/meshes/wheel.dae
[0.126s] -- Up-to-date: /home/locobot/LoCoBotRos/interbotix_ws/install/kobuki_description/share/kobuki_description/meshes/images
[0.126s] -- Up-to-date: /home/locobot/LoCoBotRos/interbotix_ws/install/kobuki_description/share/kobuki_description/meshes/images/wheel.jpg
[0.126s] -- Up-to-date: /home/locobot/LoCoBotRos/interbotix_ws/install/kobuki_description/share/kobuki_description/meshes/images/main_body.jpg
[0.126s] -- Up-to-date: /home/locobot/LoCoBotRos/interbotix_ws/install/kobuki_description/share/kobuki_description/rviz
[0.126s] -- Up-to-date: /home/locobot/LoCoBotRos/interbotix_ws/install/kobuki_description/share/kobuki_description/rviz/model.rviz
[0.126s] -- Up-to-date: /home/locobot/LoCoBotRos/interbotix_ws/install/kobuki_description/share/kobuki_description/urdf
[0.126s] -- Up-to-date: /home/locobot/LoCoBotRos/interbotix_ws/install/kobuki_description/share/kobuki_description/urdf/kobuki_standalone.urdf.xacro
[0.126s] -- Up-to-date: /home/locobot/LoCoBotRos/interbotix_ws/install/kobuki_description/share/kobuki_description/urdf/common_properties.urdf.xacro
[0.126s] -- Up-to-date: /home/locobot/LoCoBotRos/interbotix_ws/install/kobuki_description/share/kobuki_description/urdf/kobuki_gazebo.urdf.xacro
[0.126s] -- Up-to-date: /home/locobot/LoCoBotRos/interbotix_ws/install/kobuki_description/share/kobuki_description/urdf/kobuki.urdf.xacro
[0.126s] -- Up-to-date: /home/locobot/LoCoBotRos/interbotix_ws/install/kobuki_description/share/ament_index/resource_index/package_run_dependencies/kobuki_description
[0.126s] -- Up-to-date: /home/locobot/LoCoBotRos/interbotix_ws/install/kobuki_description/share/ament_index/resource_index/parent_prefix_path/kobuki_description
[0.126s] -- Up-to-date: /home/locobot/LoCoBotRos/interbotix_ws/install/kobuki_description/share/kobuki_description/environment/ament_prefix_path.sh
[0.126s] -- Up-to-date: /home/locobot/LoCoBotRos/interbotix_ws/install/kobuki_description/share/kobuki_description/environment/ament_prefix_path.dsv
[0.126s] -- Up-to-date: /home/locobot/LoCoBotRos/interbotix_ws/install/kobuki_description/share/kobuki_description/environment/path.sh
[0.126s] -- Up-to-date: /home/locobot/LoCoBotRos/interbotix_ws/install/kobuki_description/share/kobuki_description/environment/path.dsv
[0.127s] -- Up-to-date: /home/locobot/LoCoBotRos/interbotix_ws/install/kobuki_description/share/kobuki_description/local_setup.bash
[0.127s] -- Up-to-date: /home/locobot/LoCoBotRos/interbotix_ws/install/kobuki_description/share/kobuki_description/local_setup.sh
[0.127s] -- Up-to-date: /home/locobot/LoCoBotRos/interbotix_ws/install/kobuki_description/share/kobuki_description/local_setup.zsh
[0.127s] -- Up-to-date: /home/locobot/LoCoBotRos/interbotix_ws/install/kobuki_description/share/kobuki_description/local_setup.dsv
[0.127s] -- Installing: /home/locobot/LoCoBotRos/interbotix_ws/install/kobuki_description/share/kobuki_description/package.dsv
[0.127s] -- Up-to-date: /home/locobot/LoCoBotRos/interbotix_ws/install/kobuki_description/share/ament_index/resource_index/packages/kobuki_description
[0.127s] -- Up-to-date: /home/locobot/LoCoBotRos/interbotix_ws/install/kobuki_description/share/kobuki_description/cmake/kobuki_descriptionConfig.cmake
[0.127s] -- Up-to-date: /home/locobot/LoCoBotRos/interbotix_ws/install/kobuki_description/share/kobuki_description/cmake/kobuki_descriptionConfig-version.cmake
[0.127s] -- Up-to-date: /home/locobot/LoCoBotRos/interbotix_ws/install/kobuki_description/share/kobuki_description/package.xml
[0.129s] Invoked command in '/home/locobot/LoCoBotRos/interbotix_ws/build/kobuki_description' returned '0': CMAKE_PREFIX_PATH=${CMAKE_PREFIX_PATH}:/home/locobot/LoCoBotRos/interbotix_ws/install/interbotix_xs_modules:/home/locobot/LoCoBotRos/interbotix_ws/install/interbotix_common_modules:/home/locobot/interbotix_ws/install/kobuki_description:/home/locobot/interbotix_ws/install/interbotix_xs_modules:/home/locobot/interbotix_ws/install/interbotix_common_sim:/home/locobot/interbotix_ws/install/interbotix_common_modules:/home/locobot/interbotix_ws/install/ecl_utilities:/home/locobot/interbotix_ws/install/ecl_math:/home/locobot/interbotix_ws/install/ecl_formatters:/home/locobot/interbotix_ws/install/ecl_converters:/home/locobot/interbotix_ws/install/ecl_concepts:/home/locobot/interbotix_ws/install/ecl_type_traits:/home/locobot/interbotix_ws/install/ecl_time_lite:/home/locobot/interbotix_ws/install/ecl_mpl:/home/locobot/interbotix_ws/install/ecl_exceptions:/home/locobot/interbotix_ws/install/ecl_errors:/home/locobot/interbotix_ws/install/ecl_eigen:/home/locobot/interbotix_ws/install/ecl_config:/home/locobot/interbotix_ws/install/ecl_command_line:/home/locobot/interbotix_ws/install/dynamixel_workbench_toolbox:/opt/ros/humble /usr/bin/cmake --install /home/locobot/LoCoBotRos/interbotix_ws/build/kobuki_description
