[0.006s] Invoking command in '/home/locobot/LoCoBotRos/interbotix_ws/build/ecl_console': AMENT_PREFIX_PATH=/home/locobot/LoCoBotRos/interbotix_ws/install/ecl_config:${AMENT_PREFIX_PATH} CMAKE_PREFIX_PATH=/home/locobot/LoCoBotRos/interbotix_ws/install/ecl_config:/home/locobot/apriltag_ws/install/apriltag_ros:/opt/ros/humble PATH=/home/locobot/LoCoBotRos/interbotix_ws/install/ecl_config/bin:${PATH} /usr/bin/cmake --build /home/locobot/LoCoBotRos/interbotix_ws/build/ecl_console -- -j16 -l16
[0.035s] Invoked command in '/home/locobot/LoCoBotRos/interbotix_ws/build/ecl_console' returned '0': AMENT_PREFIX_PATH=/home/locobot/LoCoBotRos/interbotix_ws/install/ecl_config:${AMENT_PREFIX_PATH} CMAKE_PREFIX_PATH=/home/locobot/LoCoBotRos/interbotix_ws/install/ecl_config:/home/locobot/apriltag_ws/install/apriltag_ros:/opt/ros/humble PATH=/home/locobot/LoCoBotRos/interbotix_ws/install/ecl_config/bin:${PATH} /usr/bin/cmake --build /home/locobot/LoCoBotRos/interbotix_ws/build/ecl_console -- -j16 -l16
[0.036s] Invoking command in '/home/locobot/LoCoBotRos/interbotix_ws/build/ecl_console': AMENT_PREFIX_PATH=/home/locobot/LoCoBotRos/interbotix_ws/install/ecl_config:${AMENT_PREFIX_PATH} CMAKE_PREFIX_PATH=/home/locobot/LoCoBotRos/interbotix_ws/install/ecl_config:/home/locobot/apriltag_ws/install/apriltag_ros:/opt/ros/humble PATH=/home/locobot/LoCoBotRos/interbotix_ws/install/ecl_config/bin:${PATH} /usr/bin/cmake --install /home/locobot/LoCoBotRos/interbotix_ws/build/ecl_console
[0.041s] -- Install configuration: "Release"
[0.041s] -- Up-to-date: /home/locobot/LoCoBotRos/interbotix_ws/install/ecl_console/include/ecl
[0.041s] -- Up-to-date: /home/locobot/LoCoBotRos/interbotix_ws/install/ecl_console/include/ecl/console.hpp
[0.042s] -- Up-to-date: /home/locobot/LoCoBotRos/interbotix_ws/install/ecl_console/share/ament_index/resource_index/package_run_dependencies/ecl_console
[0.042s] -- Up-to-date: /home/locobot/LoCoBotRos/interbotix_ws/install/ecl_console/share/ament_index/resource_index/parent_prefix_path/ecl_console
[0.042s] -- Up-to-date: /home/locobot/LoCoBotRos/interbotix_ws/install/ecl_console/share/ecl_console/environment/ament_prefix_path.sh
[0.042s] -- Up-to-date: /home/locobot/LoCoBotRos/interbotix_ws/install/ecl_console/share/ecl_console/environment/ament_prefix_path.dsv
[0.042s] -- Up-to-date: /home/locobot/LoCoBotRos/interbotix_ws/install/ecl_console/share/ecl_console/environment/path.sh
[0.042s] -- Up-to-date: /home/locobot/LoCoBotRos/interbotix_ws/install/ecl_console/share/ecl_console/environment/path.dsv
[0.042s] -- Up-to-date: /home/locobot/LoCoBotRos/interbotix_ws/install/ecl_console/share/ecl_console/local_setup.bash
[0.042s] -- Up-to-date: /home/locobot/LoCoBotRos/interbotix_ws/install/ecl_console/share/ecl_console/local_setup.sh
[0.042s] -- Up-to-date: /home/locobot/LoCoBotRos/interbotix_ws/install/ecl_console/share/ecl_console/local_setup.zsh
[0.042s] -- Up-to-date: /home/locobot/LoCoBotRos/interbotix_ws/install/ecl_console/share/ecl_console/local_setup.dsv
[0.042s] -- Up-to-date: /home/locobot/LoCoBotRos/interbotix_ws/install/ecl_console/share/ecl_console/package.dsv
[0.042s] -- Up-to-date: /home/locobot/LoCoBotRos/interbotix_ws/install/ecl_console/share/ament_index/resource_index/packages/ecl_console
[0.042s] -- Up-to-date: /home/locobot/LoCoBotRos/interbotix_ws/install/ecl_console/share/ecl_console/cmake/ecl_consoleExport.cmake
[0.042s] -- Up-to-date: /home/locobot/LoCoBotRos/interbotix_ws/install/ecl_console/share/ecl_console/cmake/ament_cmake_export_targets-extras.cmake
[0.042s] -- Up-to-date: /home/locobot/LoCoBotRos/interbotix_ws/install/ecl_console/share/ecl_console/cmake/ament_cmake_export_include_directories-extras.cmake
[0.042s] -- Up-to-date: /home/locobot/LoCoBotRos/interbotix_ws/install/ecl_console/share/ecl_console/cmake/ament_cmake_export_dependencies-extras.cmake
[0.042s] -- Up-to-date: /home/locobot/LoCoBotRos/interbotix_ws/install/ecl_console/share/ecl_console/cmake/ecl_consoleConfig.cmake
[0.042s] -- Up-to-date: /home/locobot/LoCoBotRos/interbotix_ws/install/ecl_console/share/ecl_console/cmake/ecl_consoleConfig-version.cmake
[0.042s] -- Up-to-date: /home/locobot/LoCoBotRos/interbotix_ws/install/ecl_console/share/ecl_console/package.xml
[0.043s] Invoked command in '/home/locobot/LoCoBotRos/interbotix_ws/build/ecl_console' returned '0': AMENT_PREFIX_PATH=/home/locobot/LoCoBotRos/interbotix_ws/install/ecl_config:${AMENT_PREFIX_PATH} CMAKE_PREFIX_PATH=/home/locobot/LoCoBotRos/interbotix_ws/install/ecl_config:/home/locobot/apriltag_ws/install/apriltag_ros:/opt/ros/humble PATH=/home/locobot/LoCoBotRos/interbotix_ws/install/ecl_config/bin:${PATH} /usr/bin/cmake --install /home/locobot/LoCoBotRos/interbotix_ws/build/ecl_console
