-- Found ament_cmake_ros: 0.10.0 (/opt/ros/humble/share/ament_cmake_ros/cmake)
-- Found ecl_build: 1.0.3 (/opt/ros/humble/share/ecl_build/cmake)
-- Found ecl_eigen: 1.2.1 (/home/locobot/LoCoBotRos/interbotix_ws/install/ecl_eigen/share/ecl_eigen/cmake)
-- Found ecl_exceptions: 1.2.1 (/home/locobot/LoCoBotRos/interbotix_ws/install/ecl_exceptions/share/ecl_exceptions/cmake)
-- Found ecl_formatters: 1.2.1 (/home/locobot/LoCoBotRos/interbotix_ws/install/ecl_formatters/share/ecl_formatters/cmake)
-- Found ecl_math: 1.2.1 (/home/locobot/LoCoBotRos/interbotix_ws/install/ecl_math/share/ecl_math/cmake)
-- Found ament_lint_auto: 0.12.12 (/opt/ros/humble/share/ament_lint_auto/cmake)
-- Found gtest sources under '/opt/ros/humble/src/gtest_vendor': C++ tests using 'Google Test' will be built
-- Configuring done
-- Generating done
-- Build files have been written to: /home/locobot/LoCoBotRos/interbotix_ws/build/ecl_linear_algebra
[35m[1mConsolidate compiler generated dependencies of target gtest_main[0m
[35m[1mConsolidate compiler generated dependencies of target gtest[0m
[35m[1mConsolidate compiler generated dependencies of target ecl_linear_algebra[0m
[ 15%] Built target gtest_main
[ 30%] Built target gtest
[ 53%] Built target ecl_linear_algebra
[35m[1mConsolidate compiler generated dependencies of target ecl_test_linear_algebra_formatters[0m
[35m[1mConsolidate compiler generated dependencies of target ecl_test_linear_algebra_interpolators[0m
[35m[1mConsolidate compiler generated dependencies of target ecl_test_linear_algebra_plugin[0m
[ 69%] Built target ecl_test_linear_algebra_interpolators
[ 84%] Built target ecl_test_linear_algebra_formatters
[100%] Built target ecl_test_linear_algebra_plugin
-- Install configuration: "Release"
-- Up-to-date: /home/locobot/LoCoBotRos/interbotix_ws/install/ecl_linear_algebra/share/ecl_linear_algebra/environment/library_path.sh
-- Installing: /home/locobot/LoCoBotRos/interbotix_ws/install/ecl_linear_algebra/share/ecl_linear_algebra/environment/library_path.dsv
-- Up-to-date: /home/locobot/LoCoBotRos/interbotix_ws/install/ecl_linear_algebra/share/ament_index/resource_index/package_run_dependencies/ecl_linear_algebra
-- Up-to-date: /home/locobot/LoCoBotRos/interbotix_ws/install/ecl_linear_algebra/share/ament_index/resource_index/parent_prefix_path/ecl_linear_algebra
-- Up-to-date: /home/locobot/LoCoBotRos/interbotix_ws/install/ecl_linear_algebra/share/ecl_linear_algebra/environment/ament_prefix_path.sh
-- Installing: /home/locobot/LoCoBotRos/interbotix_ws/install/ecl_linear_algebra/share/ecl_linear_algebra/environment/ament_prefix_path.dsv
-- Up-to-date: /home/locobot/LoCoBotRos/interbotix_ws/install/ecl_linear_algebra/share/ecl_linear_algebra/environment/path.sh
-- Installing: /home/locobot/LoCoBotRos/interbotix_ws/install/ecl_linear_algebra/share/ecl_linear_algebra/environment/path.dsv
-- Up-to-date: /home/locobot/LoCoBotRos/interbotix_ws/install/ecl_linear_algebra/share/ecl_linear_algebra/local_setup.bash
-- Up-to-date: /home/locobot/LoCoBotRos/interbotix_ws/install/ecl_linear_algebra/share/ecl_linear_algebra/local_setup.sh
-- Up-to-date: /home/locobot/LoCoBotRos/interbotix_ws/install/ecl_linear_algebra/share/ecl_linear_algebra/local_setup.zsh
-- Installing: /home/locobot/LoCoBotRos/interbotix_ws/install/ecl_linear_algebra/share/ecl_linear_algebra/local_setup.dsv
-- Installing: /home/locobot/LoCoBotRos/interbotix_ws/install/ecl_linear_algebra/share/ecl_linear_algebra/package.dsv
-- Up-to-date: /home/locobot/LoCoBotRos/interbotix_ws/install/ecl_linear_algebra/share/ament_index/resource_index/packages/ecl_linear_algebra
-- Up-to-date: /home/locobot/LoCoBotRos/interbotix_ws/install/ecl_linear_algebra/share/ecl_linear_algebra/cmake/ecl_linear_algebraExport.cmake
-- Up-to-date: /home/locobot/LoCoBotRos/interbotix_ws/install/ecl_linear_algebra/share/ecl_linear_algebra/cmake/ecl_linear_algebraExport-release.cmake
-- Up-to-date: /home/locobot/LoCoBotRos/interbotix_ws/install/ecl_linear_algebra/share/ecl_linear_algebra/cmake/ament_cmake_export_targets-extras.cmake
-- Up-to-date: /home/locobot/LoCoBotRos/interbotix_ws/install/ecl_linear_algebra/share/ecl_linear_algebra/cmake/ament_cmake_export_include_directories-extras.cmake
-- Up-to-date: /home/locobot/LoCoBotRos/interbotix_ws/install/ecl_linear_algebra/share/ecl_linear_algebra/cmake/ament_cmake_export_libraries-extras.cmake
-- Up-to-date: /home/locobot/LoCoBotRos/interbotix_ws/install/ecl_linear_algebra/share/ecl_linear_algebra/cmake/ament_cmake_export_dependencies-extras.cmake
-- Up-to-date: /home/locobot/LoCoBotRos/interbotix_ws/install/ecl_linear_algebra/share/ecl_linear_algebra/cmake/ecl_linear_algebraConfig.cmake
-- Up-to-date: /home/locobot/LoCoBotRos/interbotix_ws/install/ecl_linear_algebra/share/ecl_linear_algebra/cmake/ecl_linear_algebraConfig-version.cmake
-- Up-to-date: /home/locobot/LoCoBotRos/interbotix_ws/install/ecl_linear_algebra/share/ecl_linear_algebra/package.xml
-- Up-to-date: /home/locobot/LoCoBotRos/interbotix_ws/install/ecl_linear_algebra/include/ecl/linear_algebra.hpp
-- Up-to-date: /home/locobot/LoCoBotRos/interbotix_ws/install/ecl_linear_algebra/include/ecl/linear_algebra/eigen.hpp
-- Up-to-date: /home/locobot/LoCoBotRos/interbotix_ws/install/ecl_linear_algebra/include/ecl/linear_algebra/sophus.hpp
-- Up-to-date: /home/locobot/LoCoBotRos/interbotix_ws/install/ecl_linear_algebra/include/ecl/linear_algebra/eigen/formatters.hpp
-- Up-to-date: /home/locobot/LoCoBotRos/interbotix_ws/install/ecl_linear_algebra/include/ecl/linear_algebra/eigen/plugin.hpp
-- Up-to-date: /home/locobot/LoCoBotRos/interbotix_ws/install/ecl_linear_algebra/include/ecl/linear_algebra/eigen/unsupported/nonlinear_optimization.hpp
-- Up-to-date: /home/locobot/LoCoBotRos/interbotix_ws/install/ecl_linear_algebra/include/ecl/linear_algebra/eigen/unsupported/numerical_diff.hpp
-- Up-to-date: /home/locobot/LoCoBotRos/interbotix_ws/install/ecl_linear_algebra/include/ecl/linear_algebra/sophus/formatters.hpp
-- Up-to-date: /home/locobot/LoCoBotRos/interbotix_ws/install/ecl_linear_algebra/include/ecl/linear_algebra/sophus/helpers.hpp
-- Up-to-date: /home/locobot/LoCoBotRos/interbotix_ws/install/ecl_linear_algebra/include/ecl/linear_algebra/sophus/interpolators.hpp
-- Up-to-date: /home/locobot/LoCoBotRos/interbotix_ws/install/ecl_linear_algebra/lib/libecl_linear_algebra.so.1.2.1
-- Up-to-date: /home/locobot/LoCoBotRos/interbotix_ws/install/ecl_linear_algebra/lib/libecl_linear_algebra.so
