-- Found moveit_common: 2.5.9 (/home/locobot/LoCoBotRos/interbotix_ws/install/moveit_common/share/moveit_common/cmake)
-- Found ament_cmake: 1.3.11 (/opt/ros/humble/share/ament_cmake/cmake)
-- Found moveit_core: 2.5.9 (/home/locobot/LoCoBotRos/interbotix_ws/install/moveit_core/share/moveit_core/cmake)
-- Found Boost: /usr/lib/x86_64-linux-gnu/cmake/Boost-1.74.0/BoostConfig.cmake (found version "1.74.0") found components: chrono date_time filesystem iostreams program_options regex serialization system thread 
-- Found parameter_traits: 0.4.0 (/opt/ros/humble/share/parameter_traits/cmake)
-- Found rosidl_generator_c: 3.1.6 (/opt/ros/humble/share/rosidl_generator_c/cmake)
-- Found rosidl_adapter: 3.1.6 (/opt/ros/humble/share/rosidl_adapter/cmake)
-- Found rosidl_generator_cpp: 3.1.6 (/opt/ros/humble/share/rosidl_generator_cpp/cmake)
-- Using all available rosidl_typesupport_c: rosidl_typesupport_fastrtps_c;rosidl_typesupport_introspection_c
-- Using all available rosidl_typesupport_cpp: rosidl_typesupport_fastrtps_cpp;rosidl_typesupport_introspection_cpp
-- Found rmw_implementation_cmake: 6.1.2 (/opt/ros/humble/share/rmw_implementation_cmake/cmake)
-- Found rmw_fastrtps_cpp: 6.2.7 (/opt/ros/humble/share/rmw_fastrtps_cpp/cmake)
-- Using RMW implementation 'rmw_fastrtps_cpp' as default
-- Found rclcpp_lifecycle: 16.0.12 (/opt/ros/humble/share/rclcpp_lifecycle/cmake)
-- Found Boost: /usr/lib/x86_64-linux-gnu/cmake/Boost-1.74.0/BoostConfig.cmake (found version "1.74.0") found components: filesystem 
-- library: /usr/lib/x86_64-linux-gnu/libcurl.so
-- Ensuring Eigen3 include directory is part of orocos-kdl CMake target
-- Found moveit_ros_planning: 2.5.9 (/home/locobot/LoCoBotRos/interbotix_ws/install/moveit_ros_planning/share/moveit_ros_planning/cmake)
-- Found Boost: /usr/lib/x86_64-linux-gnu/cmake/Boost-1.74.0/BoostConfig.cmake (found version "1.74.0") found components: system filesystem date_time program_options thread chrono 
-- Found std_srvs: 4.8.0 (/opt/ros/humble/share/std_srvs/cmake)
-- Found Boost: /usr/lib/x86_64-linux-gnu/cmake/Boost-1.74.0/BoostConfig.cmake (found version "1.74.0") found components: system filesystem date_time program_options thread 
-- Found ament_lint_auto: 0.12.12 (/opt/ros/humble/share/ament_lint_auto/cmake)
-- Added test 'cppcheck' to perform static code analysis on C / C++ code
-- Configured cppcheck include dirs: /home/locobot/LoCoBotRos/interbotix_ws/src/moveit2/moveit_ros/move_group/include
-- Configured cppcheck exclude dirs and/or files: 
-- Added test 'lint_cmake' to check CMake code style
-- Added test 'pep257' to check Python code against some of the docstring style conventions in PEP 257
-- Added test 'xmllint' to check XML markup files
-- Configuring done
-- Generating done
-- Build files have been written to: /home/locobot/LoCoBotRos/interbotix_ws/build/moveit_ros_move_group
[35m[1mConsolidate compiler generated dependencies of target list_move_group_capabilities[0m
[35m[1mConsolidate compiler generated dependencies of target moveit_move_group_capabilities_base[0m
[ 26%] Built target moveit_move_group_capabilities_base
[ 26%] Built target list_move_group_capabilities
[ 31%] [32mBuilding CXX object CMakeFiles/moveit_move_group_default_capabilities.dir/src/default_capabilities/execute_trajectory_action_capability.cpp.o[0m
[ 36%] [32mBuilding CXX object CMakeFiles/moveit_move_group_default_capabilities.dir/src/default_capabilities/tf_publisher_capability.cpp.o[0m
[ 52%] [32mBuilding CXX object CMakeFiles/moveit_move_group_default_capabilities.dir/src/default_capabilities/plan_service_capability.cpp.o[0m
[ 52%] [32mBuilding CXX object CMakeFiles/moveit_move_group_default_capabilities.dir/src/default_capabilities/move_action_capability.cpp.o[0m
[ 52%] [32mBuilding CXX object CMakeFiles/move_group.dir/src/move_group.cpp.o[0m
[ 63%] [32mBuilding CXX object CMakeFiles/moveit_move_group_default_capabilities.dir/src/default_capabilities/query_planners_service_capability.cpp.o[0m
[ 63%] [32mBuilding CXX object CMakeFiles/moveit_move_group_default_capabilities.dir/src/default_capabilities/kinematics_service_capability.cpp.o[0m
[ 68%] [32mBuilding CXX object CMakeFiles/moveit_move_group_default_capabilities.dir/src/default_capabilities/state_validation_service_capability.cpp.o[0m
[ 73%] [32mBuilding CXX object CMakeFiles/moveit_move_group_default_capabilities.dir/src/default_capabilities/cartesian_path_service_capability.cpp.o[0m
[ 78%] [32mBuilding CXX object CMakeFiles/moveit_move_group_default_capabilities.dir/src/default_capabilities/get_planning_scene_service_capability.cpp.o[0m
[ 89%] [32mBuilding CXX object CMakeFiles/moveit_move_group_default_capabilities.dir/src/default_capabilities/apply_planning_scene_service_capability.cpp.o[0m
[ 89%] [32mBuilding CXX object CMakeFiles/moveit_move_group_default_capabilities.dir/src/default_capabilities/clear_octomap_service_capability.cpp.o[0m
[ 94%] [32m[1mLinking CXX executable move_group[0m
[100%] [32m[1mLinking CXX shared library libmoveit_move_group_default_capabilities.so[0m
[100%] Built target moveit_move_group_default_capabilities
/usr/bin/ld: CMakeFiles/move_group.dir/src/move_group.cpp.o: in function `move_group::MoveGroupExe::status()':
/home/locobot/LoCoBotRos/interbotix_ws/src/moveit2/moveit_ros/move_group/src/move_group.cpp:98: undefined reference to `move_group::MoveGroupContext::status() const'
/usr/bin/ld: CMakeFiles/move_group.dir/src/move_group.cpp.o: in function `move_group::MoveGroupExe::configureCapabilities()':
/home/locobot/LoCoBotRos/interbotix_ws/src/moveit2/moveit_ros/move_group/src/move_group.cpp:176: undefined reference to `move_group::MoveGroupCapability::setContext(std::shared_ptr<move_group::MoveGroupContext> const&)'
/usr/bin/ld: CMakeFiles/move_group.dir/src/move_group.cpp.o: in function `void __gnu_cxx::new_allocator<move_group::MoveGroupContext>::construct<move_group::MoveGroupContext, std::shared_ptr<moveit_cpp::MoveItCpp> const&, std::__cxx11::basic_string<char, std::char_traits<char>, std::allocator<char> > const&, bool&, bool&>(move_group::MoveGroupContext*, std::shared_ptr<moveit_cpp::MoveItCpp> const&, std::__cxx11::basic_string<char, std::char_traits<char>, std::allocator<char> > const&, bool&, bool&)':
/usr/include/c++/11/ext/new_allocator.h:162: undefined reference to `move_group::MoveGroupContext::MoveGroupContext(std::shared_ptr<moveit_cpp::MoveItCpp> const&, std::__cxx11::basic_string<char, std::char_traits<char>, std::allocator<char> > const&, bool, bool)'
/usr/bin/ld: CMakeFiles/move_group.dir/src/move_group.cpp.o: in function `void __gnu_cxx::new_allocator<move_group::MoveGroupContext>::destroy<move_group::MoveGroupContext>(move_group::MoveGroupContext*)':
/usr/include/c++/11/ext/new_allocator.h:168: undefined reference to `move_group::MoveGroupContext::~MoveGroupContext()'
collect2: error: ld returned 1 exit status
gmake[2]: *** [CMakeFiles/move_group.dir/build.make:348: move_group] Error 1
gmake[1]: *** [CMakeFiles/Makefile2:195: CMakeFiles/move_group.dir/all] Error 2
gmake: *** [Makefile:146: all] Error 2
