[0.360s] Invoking command in '/home/locobot/LoCoBotRos/interbotix_ws/build/interbotix_common_sim': CMAKE_PREFIX_PATH=${CMAKE_PREFIX_PATH}:/home/locobot/LoCoBotRos/interbotix_ws/install/moveit_configs_utils:/home/locobot/LoCoBotRos/interbotix_ws/install/launch_param_builder:/home/locobot/LoCoBotRos/interbotix_ws/install/interbotix_xs_modules:/home/locobot/LoCoBotRos/interbotix_ws/install/interbotix_common_modules:/opt/ros/humble /usr/bin/cmake --build /home/locobot/LoCoBotRos/interbotix_ws/build/interbotix_common_sim -- -j16 -l16
[0.655s] Invoked command in '/home/locobot/LoCoBotRos/interbotix_ws/build/interbotix_common_sim' returned '0': CMAKE_PREFIX_PATH=${CMAKE_PREFIX_PATH}:/home/locobot/LoCoBotRos/interbotix_ws/install/moveit_configs_utils:/home/locobot/LoCoBotRos/interbotix_ws/install/launch_param_builder:/home/locobot/LoCoBotRos/interbotix_ws/install/interbotix_xs_modules:/home/locobot/LoCoBotRos/interbotix_ws/install/interbotix_common_modules:/opt/ros/humble /usr/bin/cmake --build /home/locobot/LoCoBotRos/interbotix_ws/build/interbotix_common_sim -- -j16 -l16
[0.656s] Invoking command in '/home/locobot/LoCoBotRos/interbotix_ws/build/interbotix_common_sim': CMAKE_PREFIX_PATH=${CMAKE_PREFIX_PATH}:/home/locobot/LoCoBotRos/interbotix_ws/install/moveit_configs_utils:/home/locobot/LoCoBotRos/interbotix_ws/install/launch_param_builder:/home/locobot/LoCoBotRos/interbotix_ws/install/interbotix_xs_modules:/home/locobot/LoCoBotRos/interbotix_ws/install/interbotix_common_modules:/opt/ros/humble /usr/bin/cmake --install /home/locobot/LoCoBotRos/interbotix_ws/build/interbotix_common_sim
[0.687s] -- Install configuration: "Release"
[0.687s] -- Up-to-date: /home/locobot/LoCoBotRos/interbotix_ws/install/interbotix_common_sim/share/interbotix_common_sim/models
[0.688s] -- Up-to-date: /home/locobot/LoCoBotRos/interbotix_ws/install/interbotix_common_sim/share/interbotix_common_sim/models/VisionKit
[0.688s] -- Up-to-date: /home/locobot/LoCoBotRos/interbotix_ws/install/interbotix_common_sim/share/interbotix_common_sim/models/VisionKit/VisionKit.sdf
[0.688s] -- Up-to-date: /home/locobot/LoCoBotRos/interbotix_ws/install/interbotix_common_sim/share/interbotix_common_sim/models/VisionKit/model.config
[0.689s] -- Up-to-date: /home/locobot/LoCoBotRos/interbotix_ws/install/interbotix_common_sim/share/interbotix_common_sim/models/VisionKit/stand.stl
[0.690s] -- Up-to-date: /home/locobot/LoCoBotRos/interbotix_ws/install/interbotix_common_sim/share/interbotix_common_sim/models/RealSenseD415
[0.690s] -- Up-to-date: /home/locobot/LoCoBotRos/interbotix_ws/install/interbotix_common_sim/share/interbotix_common_sim/models/RealSenseD415/camera.stl
[0.691s] -- Up-to-date: /home/locobot/LoCoBotRos/interbotix_ws/install/interbotix_common_sim/share/interbotix_common_sim/models/RealSenseD415/RealSenseD415.sdf
[0.691s] -- Up-to-date: /home/locobot/LoCoBotRos/interbotix_ws/install/interbotix_common_sim/share/interbotix_common_sim/models/RealSenseD415/model.config
[0.691s] -- Up-to-date: /home/locobot/LoCoBotRos/interbotix_ws/install/interbotix_common_sim/share/interbotix_common_sim/models/TrossenRoboticsOfficeBuilding
[0.691s] -- Up-to-date: /home/locobot/LoCoBotRos/interbotix_ws/install/interbotix_common_sim/share/interbotix_common_sim/models/TrossenRoboticsOfficeBuilding/TrossenRoboticsOfficeBuilding.sdf
[0.691s] -- Up-to-date: /home/locobot/LoCoBotRos/interbotix_ws/install/interbotix_common_sim/share/interbotix_common_sim/models/TrossenRoboticsOfficeBuilding/model.config
[0.692s] -- Up-to-date: /home/locobot/LoCoBotRos/interbotix_ws/install/interbotix_common_sim/share/interbotix_common_sim/worlds
[0.692s] -- Up-to-date: /home/locobot/LoCoBotRos/interbotix_ws/install/interbotix_common_sim/share/interbotix_common_sim/worlds/vision_kit.world
[0.692s] -- Up-to-date: /home/locobot/LoCoBotRos/interbotix_ws/install/interbotix_common_sim/share/interbotix_common_sim/worlds/interbotix.world
[0.693s] -- Up-to-date: /home/locobot/LoCoBotRos/interbotix_ws/install/interbotix_common_sim/share/interbotix_common_sim/media
[0.693s] -- Up-to-date: /home/locobot/LoCoBotRos/interbotix_ws/install/interbotix_common_sim/share/interbotix_common_sim/media/materials
[0.693s] -- Up-to-date: /home/locobot/LoCoBotRos/interbotix_ws/install/interbotix_common_sim/share/interbotix_common_sim/media/materials/textures
[0.694s] -- Up-to-date: /home/locobot/LoCoBotRos/interbotix_ws/install/interbotix_common_sim/share/interbotix_common_sim/media/materials/textures/interbotix_black.png
[0.694s] -- Up-to-date: /home/locobot/LoCoBotRos/interbotix_ws/install/interbotix_common_sim/share/interbotix_common_sim/media/materials/scripts
[0.694s] -- Up-to-date: /home/locobot/LoCoBotRos/interbotix_ws/install/interbotix_common_sim/share/interbotix_common_sim/media/materials/scripts/interbotix_texture.gazebo
[0.694s] -- Up-to-date: /home/locobot/LoCoBotRos/interbotix_ws/install/interbotix_common_sim/share/interbotix_common_sim/media/materials/scripts/interbotix_black.material
[0.694s] -- Up-to-date: /home/locobot/LoCoBotRos/interbotix_ws/install/interbotix_common_sim/share/interbotix_common_sim/media/interbotix_black.png
[0.694s] -- Up-to-date: /home/locobot/LoCoBotRos/interbotix_ws/install/interbotix_common_sim/share/ament_index/resource_index/package_run_dependencies/interbotix_common_sim
[0.694s] -- Up-to-date: /home/locobot/LoCoBotRos/interbotix_ws/install/interbotix_common_sim/share/ament_index/resource_index/parent_prefix_path/interbotix_common_sim
[0.694s] -- Up-to-date: /home/locobot/LoCoBotRos/interbotix_ws/install/interbotix_common_sim/share/interbotix_common_sim/environment/ament_prefix_path.sh
[0.694s] -- Up-to-date: /home/locobot/LoCoBotRos/interbotix_ws/install/interbotix_common_sim/share/interbotix_common_sim/environment/ament_prefix_path.dsv
[0.695s] -- Up-to-date: /home/locobot/LoCoBotRos/interbotix_ws/install/interbotix_common_sim/share/interbotix_common_sim/environment/path.sh
[0.699s] -- Up-to-date: /home/locobot/LoCoBotRos/interbotix_ws/install/interbotix_common_sim/share/interbotix_common_sim/environment/path.dsv
[0.699s] -- Up-to-date: /home/locobot/LoCoBotRos/interbotix_ws/install/interbotix_common_sim/share/interbotix_common_sim/local_setup.bash
[0.699s] -- Up-to-date: /home/locobot/LoCoBotRos/interbotix_ws/install/interbotix_common_sim/share/interbotix_common_sim/local_setup.sh
[0.700s] -- Up-to-date: /home/locobot/LoCoBotRos/interbotix_ws/install/interbotix_common_sim/share/interbotix_common_sim/local_setup.zsh
[0.700s] -- Up-to-date: /home/locobot/LoCoBotRos/interbotix_ws/install/interbotix_common_sim/share/interbotix_common_sim/local_setup.dsv
[0.700s] -- Installing: /home/locobot/LoCoBotRos/interbotix_ws/install/interbotix_common_sim/share/interbotix_common_sim/package.dsv
[0.700s] -- Up-to-date: /home/locobot/LoCoBotRos/interbotix_ws/install/interbotix_common_sim/share/ament_index/resource_index/packages/interbotix_common_sim
[0.700s] -- Up-to-date: /home/locobot/LoCoBotRos/interbotix_ws/install/interbotix_common_sim/share/interbotix_common_sim/cmake/interbotix_common_simConfig.cmake
[0.700s] -- Up-to-date: /home/locobot/LoCoBotRos/interbotix_ws/install/interbotix_common_sim/share/interbotix_common_sim/cmake/interbotix_common_simConfig-version.cmake
[0.700s] -- Up-to-date: /home/locobot/LoCoBotRos/interbotix_ws/install/interbotix_common_sim/share/interbotix_common_sim/package.xml
[0.984s] Invoked command in '/home/locobot/LoCoBotRos/interbotix_ws/build/interbotix_common_sim' returned '0': CMAKE_PREFIX_PATH=${CMAKE_PREFIX_PATH}:/home/locobot/LoCoBotRos/interbotix_ws/install/moveit_configs_utils:/home/locobot/LoCoBotRos/interbotix_ws/install/launch_param_builder:/home/locobot/LoCoBotRos/interbotix_ws/install/interbotix_xs_modules:/home/locobot/LoCoBotRos/interbotix_ws/install/interbotix_common_modules:/opt/ros/humble /usr/bin/cmake --install /home/locobot/LoCoBotRos/interbotix_ws/build/interbotix_common_sim
