[0.028s] Invoking command in '/home/locobot/LoCoBotRos/interbotix_ws/build/moveit_ros_planning_interface': AMENT_PREFIX_PATH=/home/locobot/LoCoBotRos/interbotix_ws/install/moveit_ros_move_group:/home/locobot/LoCoBotRos/interbotix_ws/install/moveit_ros_warehouse:/home/locobot/LoCoBotRos/interbotix_ws/install/moveit_planners_ompl:/home/locobot/LoCoBotRos/interbotix_ws/install/moveit_kinematics:/home/locobot/LoCoBotRos/interbotix_ws/install/moveit_ros_planning:/home/locobot/LoCoBotRos/interbotix_ws/install/moveit_simple_controller_manager:/home/locobot/LoCoBotRos/interbotix_ws/install/moveit_ros_occupancy_map_monitor:/home/locobot/LoCoBotRos/interbotix_ws/install/moveit_core:/home/locobot/LoCoBotRos/interbotix_ws/install/moveit_resources_panda_moveit_config:/home/locobot/LoCoBotRos/interbotix_ws/install/moveit_resources_fanuc_moveit_config:/home/locobot/LoCoBotRos/interbotix_ws/install/moveit_configs_utils:/home/locobot/LoCoBotRos/interbotix_ws/install/srdfdom:/home/locobot/LoCoBotRos/interbotix_ws/install/moveit_resources_pr2_description:/home/locobot/LoCoBotRos/interbotix_ws/install/moveit_resources_panda_description:/home/locobot/LoCoBotRos/interbotix_ws/install/moveit_resources_fanuc_description:/home/locobot/LoCoBotRos/interbotix_ws/install/moveit_common:/home/locobot/LoCoBotRos/interbotix_ws/install/launch_param_builder:${AMENT_PREFIX_PATH} CMAKE_PREFIX_PATH=/home/locobot/LoCoBotRos/interbotix_ws/install/moveit_ros_move_group:/home/locobot/LoCoBotRos/interbotix_ws/install/moveit_ros_warehouse:/home/locobot/LoCoBotRos/interbotix_ws/install/moveit_planners_ompl:/home/locobot/LoCoBotRos/interbotix_ws/install/moveit_kinematics:/home/locobot/LoCoBotRos/interbotix_ws/install/moveit_ros_planning:/home/locobot/LoCoBotRos/interbotix_ws/install/moveit_simple_controller_manager:/home/locobot/LoCoBotRos/interbotix_ws/install/moveit_ros_occupancy_map_monitor:/home/locobot/LoCoBotRos/interbotix_ws/install/moveit_core:/home/locobot/LoCoBotRos/interbotix_ws/install/moveit_resources_panda_moveit_config:/home/locobot/LoCoBotRos/interbotix_ws/install/moveit_resources_fanuc_moveit_config:/home/locobot/LoCoBotRos/interbotix_ws/install/srdfdom:/home/locobot/LoCoBotRos/interbotix_ws/install/moveit_resources_pr2_description:/home/locobot/LoCoBotRos/interbotix_ws/install/moveit_resources_panda_description:/home/locobot/LoCoBotRos/interbotix_ws/install/moveit_resources_fanuc_description:/home/locobot/LoCoBotRos/interbotix_ws/install/moveit_common:/home/locobot/apriltag_ws/install/apriltag_ros:/opt/ros/humble LD_LIBRARY_PATH=/home/locobot/LoCoBotRos/interbotix_ws/install/moveit_ros_move_group/lib:/home/locobot/LoCoBotRos/interbotix_ws/install/moveit_ros_warehouse/lib:/home/locobot/LoCoBotRos/interbotix_ws/install/moveit_planners_ompl/lib:/home/locobot/LoCoBotRos/interbotix_ws/install/moveit_kinematics/lib:/home/locobot/LoCoBotRos/interbotix_ws/install/moveit_ros_planning/lib:/home/locobot/LoCoBotRos/interbotix_ws/install/moveit_simple_controller_manager/lib:/home/locobot/LoCoBotRos/interbotix_ws/install/moveit_ros_occupancy_map_monitor/lib:/home/locobot/LoCoBotRos/interbotix_ws/install/moveit_core/lib:/home/locobot/LoCoBotRos/interbotix_ws/install/srdfdom/lib:${LD_LIBRARY_PATH} PATH=/home/locobot/LoCoBotRos/interbotix_ws/install/moveit_core/bin:${PATH} PYTHONPATH=/home/locobot/LoCoBotRos/interbotix_ws/install/moveit_configs_utils/lib/python3.10/site-packages:/home/locobot/LoCoBotRos/interbotix_ws/install/srdfdom/local/lib/python3.10/dist-packages:/home/locobot/LoCoBotRos/interbotix_ws/install/launch_param_builder/lib/python3.10/site-packages:${PYTHONPATH} /usr/bin/cmake /home/locobot/LoCoBotRos/interbotix_ws/src/moveit2/moveit_ros/planning_interface -DCMAKE_BUILD_TYPE=Release -DCMAKE_INSTALL_PREFIX=/home/locobot/LoCoBotRos/interbotix_ws/install/moveit_ros_planning_interface
[0.071s] -- The C compiler identification is GNU 11.4.0
[0.111s] -- The CXX compiler identification is GNU 11.4.0
[0.116s] -- Detecting C compiler ABI info
[0.166s] -- Detecting C compiler ABI info - done
[0.172s] -- Check for working C compiler: /usr/bin/cc - skipped
[0.172s] -- Detecting C compile features
[0.172s] -- Detecting C compile features - done
[0.174s] -- Detecting CXX compiler ABI info
[0.234s] -- Detecting CXX compiler ABI info - done
[0.239s] -- Check for working CXX compiler: /usr/bin/c++ - skipped
[0.239s] -- Detecting CXX compile features
[0.240s] -- Detecting CXX compile features - done
[0.243s] -- Found moveit_common: 2.5.9 (/home/locobot/LoCoBotRos/interbotix_ws/install/moveit_common/share/moveit_common/cmake)
[0.246s] -- Found ament_cmake: 1.3.11 (/opt/ros/humble/share/ament_cmake/cmake)
[0.364s] -- Found Python3: /usr/bin/python3 (found version "3.10.12") found components: Interpreter 
[0.511s] -- Found moveit_msgs: 2.2.1 (/opt/ros/humble/share/moveit_msgs/cmake)
[0.549s] -- Found rosidl_generator_c: 3.1.6 (/opt/ros/humble/share/rosidl_generator_c/cmake)
[0.555s] -- Found rosidl_adapter: 3.1.6 (/opt/ros/humble/share/rosidl_adapter/cmake)
[0.564s] -- Found rosidl_generator_cpp: 3.1.6 (/opt/ros/humble/share/rosidl_generator_cpp/cmake)
[0.576s] -- Using all available rosidl_typesupport_c: rosidl_typesupport_fastrtps_c;rosidl_typesupport_introspection_c
[0.592s] -- Using all available rosidl_typesupport_cpp: rosidl_typesupport_fastrtps_cpp;rosidl_typesupport_introspection_cpp
[0.742s] -- Found moveit_core: 2.5.9 (/home/locobot/LoCoBotRos/interbotix_ws/install/moveit_core/share/moveit_core/cmake)
[0.922s] -- Found Boost: /usr/lib/x86_64-linux-gnu/cmake/Boost-1.74.0/BoostConfig.cmake (found version "1.74.0") found components: chrono date_time filesystem iostreams program_options regex serialization system thread 
[0.971s] -- Found parameter_traits: 0.4.0 (/opt/ros/humble/share/parameter_traits/cmake)
[1.014s] -- Found rmw_implementation_cmake: 6.1.2 (/opt/ros/humble/share/rmw_implementation_cmake/cmake)
[1.017s] -- Found rmw_fastrtps_cpp: 6.2.7 (/opt/ros/humble/share/rmw_fastrtps_cpp/cmake)
[1.086s] -- Found OpenSSL: /usr/lib/x86_64-linux-gnu/libcrypto.so (found version "3.0.2")  
[1.106s] -- Found FastRTPS: /opt/ros/humble/include  
[1.138s] -- Using RMW implementation 'rmw_fastrtps_cpp' as default
[1.148s] -- Found Threads: TRUE  
[1.189s] -- Found Eigen3: TRUE (found version "3.4.0") 
[1.192s] -- Found rclcpp_lifecycle: 16.0.12 (/opt/ros/humble/share/rclcpp_lifecycle/cmake)
[1.214s] -- Found Boost: /usr/lib/x86_64-linux-gnu/cmake/Boost-1.74.0/BoostConfig.cmake (found version "1.74.0") found components: filesystem 
[1.282s] -- library: /usr/lib/x86_64-linux-gnu/libcurl.so
[1.313s] -- Ensuring Eigen3 include directory is part of orocos-kdl CMake target
[1.430s] -- Found moveit_ros_planning: 2.5.9 (/home/locobot/LoCoBotRos/interbotix_ws/install/moveit_ros_planning/share/moveit_ros_planning/cmake)
[1.434s] -- Found Boost: /usr/lib/x86_64-linux-gnu/cmake/Boost-1.74.0/BoostConfig.cmake (found version "1.74.0") found components: system filesystem date_time program_options thread chrono 
[1.453s] -- Found moveit_ros_warehouse: 2.5.9 (/home/locobot/LoCoBotRos/interbotix_ws/install/moveit_ros_warehouse/share/moveit_ros_warehouse/cmake)
[1.456s] -- Found Boost: /usr/lib/x86_64-linux-gnu/cmake/Boost-1.74.0/BoostConfig.cmake (found version "1.74.0") found components: thread system filesystem regex date_time program_options 
[1.471s] -- Found moveit_ros_move_group: 2.5.9 (/home/locobot/LoCoBotRos/interbotix_ws/install/moveit_ros_move_group/share/moveit_ros_move_group/cmake)
[1.475s] -- Found Boost: /usr/lib/x86_64-linux-gnu/cmake/Boost-1.74.0/BoostConfig.cmake (found version "1.74.0") found components: system filesystem date_time program_options thread 
[1.503s] -- Found rclpy: 3.3.16 (/opt/ros/humble/share/rclpy/cmake)
[1.508s] -- Found Boost: /usr/lib/x86_64-linux-gnu/cmake/Boost-1.74.0/BoostConfig.cmake (found version "1.74.0") found components: date_time filesystem program_options system thread 
[1.521s] -- Performing Test COMPILER_HAS_HIDDEN_VISIBILITY
[1.595s] -- Performing Test COMPILER_HAS_HIDDEN_VISIBILITY - Success
[1.596s] -- Performing Test COMPILER_HAS_HIDDEN_INLINE_VISIBILITY
[1.673s] -- Performing Test COMPILER_HAS_HIDDEN_INLINE_VISIBILITY - Success
[1.673s] -- Performing Test COMPILER_HAS_DEPRECATED_ATTR
[1.749s] -- Performing Test COMPILER_HAS_DEPRECATED_ATTR - Success
[1.756s] -- Found ament_cmake_gtest: 1.3.11 (/opt/ros/humble/share/ament_cmake_gtest/cmake)
[1.760s] -- Found ros_testing: 0.4.0 (/opt/ros/humble/share/ros_testing/cmake)
[1.763s] -- Found launch_testing_ament_cmake: 1.0.9 (/opt/ros/humble/share/launch_testing_ament_cmake/cmake)
[1.766s] -- Found python_cmake_module: 0.10.0 (/opt/ros/humble/share/python_cmake_module/cmake)
[1.783s] -- Found PythonInterp: /usr/bin/python3 (found suitable version "3.10.12", minimum required is "3.6") 
[1.794s] -- Found PythonLibs: /usr/lib/x86_64-linux-gnu/libpython3.10.so (found suitable version "3.10.12", minimum required is "3.5") 
[1.794s] -- Using PYTHON_EXECUTABLE: /usr/bin/python3
[1.794s] -- Using PYTHON_INCLUDE_DIRS: /usr/include/python3.10
[1.794s] -- Using PYTHON_LIBRARIES: /usr/lib/x86_64-linux-gnu/libpython3.10.so
[1.810s] -- Found PythonExtra: .so  
[1.815s] -- Found ament_lint_auto: 0.12.12 (/opt/ros/humble/share/ament_lint_auto/cmake)
[1.822s] -- Found Boost: /usr/lib/x86_64-linux-gnu/cmake/Boost-1.74.0/BoostConfig.cmake (found version "1.74.0") found components: thread 
[1.888s] -- Configuring done
[1.933s] -- Generating done
[1.945s] -- Build files have been written to: /home/locobot/LoCoBotRos/interbotix_ws/build/moveit_ros_planning_interface
[1.958s] Invoked command in '/home/locobot/LoCoBotRos/interbotix_ws/build/moveit_ros_planning_interface' returned '0': AMENT_PREFIX_PATH=/home/locobot/LoCoBotRos/interbotix_ws/install/moveit_ros_move_group:/home/locobot/LoCoBotRos/interbotix_ws/install/moveit_ros_warehouse:/home/locobot/LoCoBotRos/interbotix_ws/install/moveit_planners_ompl:/home/locobot/LoCoBotRos/interbotix_ws/install/moveit_kinematics:/home/locobot/LoCoBotRos/interbotix_ws/install/moveit_ros_planning:/home/locobot/LoCoBotRos/interbotix_ws/install/moveit_simple_controller_manager:/home/locobot/LoCoBotRos/interbotix_ws/install/moveit_ros_occupancy_map_monitor:/home/locobot/LoCoBotRos/interbotix_ws/install/moveit_core:/home/locobot/LoCoBotRos/interbotix_ws/install/moveit_resources_panda_moveit_config:/home/locobot/LoCoBotRos/interbotix_ws/install/moveit_resources_fanuc_moveit_config:/home/locobot/LoCoBotRos/interbotix_ws/install/moveit_configs_utils:/home/locobot/LoCoBotRos/interbotix_ws/install/srdfdom:/home/locobot/LoCoBotRos/interbotix_ws/install/moveit_resources_pr2_description:/home/locobot/LoCoBotRos/interbotix_ws/install/moveit_resources_panda_description:/home/locobot/LoCoBotRos/interbotix_ws/install/moveit_resources_fanuc_description:/home/locobot/LoCoBotRos/interbotix_ws/install/moveit_common:/home/locobot/LoCoBotRos/interbotix_ws/install/launch_param_builder:${AMENT_PREFIX_PATH} CMAKE_PREFIX_PATH=/home/locobot/LoCoBotRos/interbotix_ws/install/moveit_ros_move_group:/home/locobot/LoCoBotRos/interbotix_ws/install/moveit_ros_warehouse:/home/locobot/LoCoBotRos/interbotix_ws/install/moveit_planners_ompl:/home/locobot/LoCoBotRos/interbotix_ws/install/moveit_kinematics:/home/locobot/LoCoBotRos/interbotix_ws/install/moveit_ros_planning:/home/locobot/LoCoBotRos/interbotix_ws/install/moveit_simple_controller_manager:/home/locobot/LoCoBotRos/interbotix_ws/install/moveit_ros_occupancy_map_monitor:/home/locobot/LoCoBotRos/interbotix_ws/install/moveit_core:/home/locobot/LoCoBotRos/interbotix_ws/install/moveit_resources_panda_moveit_config:/home/locobot/LoCoBotRos/interbotix_ws/install/moveit_resources_fanuc_moveit_config:/home/locobot/LoCoBotRos/interbotix_ws/install/srdfdom:/home/locobot/LoCoBotRos/interbotix_ws/install/moveit_resources_pr2_description:/home/locobot/LoCoBotRos/interbotix_ws/install/moveit_resources_panda_description:/home/locobot/LoCoBotRos/interbotix_ws/install/moveit_resources_fanuc_description:/home/locobot/LoCoBotRos/interbotix_ws/install/moveit_common:/home/locobot/apriltag_ws/install/apriltag_ros:/opt/ros/humble LD_LIBRARY_PATH=/home/locobot/LoCoBotRos/interbotix_ws/install/moveit_ros_move_group/lib:/home/locobot/LoCoBotRos/interbotix_ws/install/moveit_ros_warehouse/lib:/home/locobot/LoCoBotRos/interbotix_ws/install/moveit_planners_ompl/lib:/home/locobot/LoCoBotRos/interbotix_ws/install/moveit_kinematics/lib:/home/locobot/LoCoBotRos/interbotix_ws/install/moveit_ros_planning/lib:/home/locobot/LoCoBotRos/interbotix_ws/install/moveit_simple_controller_manager/lib:/home/locobot/LoCoBotRos/interbotix_ws/install/moveit_ros_occupancy_map_monitor/lib:/home/locobot/LoCoBotRos/interbotix_ws/install/moveit_core/lib:/home/locobot/LoCoBotRos/interbotix_ws/install/srdfdom/lib:${LD_LIBRARY_PATH} PATH=/home/locobot/LoCoBotRos/interbotix_ws/install/moveit_core/bin:${PATH} PYTHONPATH=/home/locobot/LoCoBotRos/interbotix_ws/install/moveit_configs_utils/lib/python3.10/site-packages:/home/locobot/LoCoBotRos/interbotix_ws/install/srdfdom/local/lib/python3.10/dist-packages:/home/locobot/LoCoBotRos/interbotix_ws/install/launch_param_builder/lib/python3.10/site-packages:${PYTHONPATH} /usr/bin/cmake /home/locobot/LoCoBotRos/interbotix_ws/src/moveit2/moveit_ros/planning_interface -DCMAKE_BUILD_TYPE=Release -DCMAKE_INSTALL_PREFIX=/home/locobot/LoCoBotRos/interbotix_ws/install/moveit_ros_planning_interface
[1.959s] Invoking command in '/home/locobot/LoCoBotRos/interbotix_ws/build/moveit_ros_planning_interface': AMENT_PREFIX_PATH=/home/locobot/LoCoBotRos/interbotix_ws/install/moveit_ros_move_group:/home/locobot/LoCoBotRos/interbotix_ws/install/moveit_ros_warehouse:/home/locobot/LoCoBotRos/interbotix_ws/install/moveit_planners_ompl:/home/locobot/LoCoBotRos/interbotix_ws/install/moveit_kinematics:/home/locobot/LoCoBotRos/interbotix_ws/install/moveit_ros_planning:/home/locobot/LoCoBotRos/interbotix_ws/install/moveit_simple_controller_manager:/home/locobot/LoCoBotRos/interbotix_ws/install/moveit_ros_occupancy_map_monitor:/home/locobot/LoCoBotRos/interbotix_ws/install/moveit_core:/home/locobot/LoCoBotRos/interbotix_ws/install/moveit_resources_panda_moveit_config:/home/locobot/LoCoBotRos/interbotix_ws/install/moveit_resources_fanuc_moveit_config:/home/locobot/LoCoBotRos/interbotix_ws/install/moveit_configs_utils:/home/locobot/LoCoBotRos/interbotix_ws/install/srdfdom:/home/locobot/LoCoBotRos/interbotix_ws/install/moveit_resources_pr2_description:/home/locobot/LoCoBotRos/interbotix_ws/install/moveit_resources_panda_description:/home/locobot/LoCoBotRos/interbotix_ws/install/moveit_resources_fanuc_description:/home/locobot/LoCoBotRos/interbotix_ws/install/moveit_common:/home/locobot/LoCoBotRos/interbotix_ws/install/launch_param_builder:${AMENT_PREFIX_PATH} CMAKE_PREFIX_PATH=/home/locobot/LoCoBotRos/interbotix_ws/install/moveit_ros_move_group:/home/locobot/LoCoBotRos/interbotix_ws/install/moveit_ros_warehouse:/home/locobot/LoCoBotRos/interbotix_ws/install/moveit_planners_ompl:/home/locobot/LoCoBotRos/interbotix_ws/install/moveit_kinematics:/home/locobot/LoCoBotRos/interbotix_ws/install/moveit_ros_planning:/home/locobot/LoCoBotRos/interbotix_ws/install/moveit_simple_controller_manager:/home/locobot/LoCoBotRos/interbotix_ws/install/moveit_ros_occupancy_map_monitor:/home/locobot/LoCoBotRos/interbotix_ws/install/moveit_core:/home/locobot/LoCoBotRos/interbotix_ws/install/moveit_resources_panda_moveit_config:/home/locobot/LoCoBotRos/interbotix_ws/install/moveit_resources_fanuc_moveit_config:/home/locobot/LoCoBotRos/interbotix_ws/install/srdfdom:/home/locobot/LoCoBotRos/interbotix_ws/install/moveit_resources_pr2_description:/home/locobot/LoCoBotRos/interbotix_ws/install/moveit_resources_panda_description:/home/locobot/LoCoBotRos/interbotix_ws/install/moveit_resources_fanuc_description:/home/locobot/LoCoBotRos/interbotix_ws/install/moveit_common:/home/locobot/apriltag_ws/install/apriltag_ros:/opt/ros/humble LD_LIBRARY_PATH=/home/locobot/LoCoBotRos/interbotix_ws/install/moveit_ros_move_group/lib:/home/locobot/LoCoBotRos/interbotix_ws/install/moveit_ros_warehouse/lib:/home/locobot/LoCoBotRos/interbotix_ws/install/moveit_planners_ompl/lib:/home/locobot/LoCoBotRos/interbotix_ws/install/moveit_kinematics/lib:/home/locobot/LoCoBotRos/interbotix_ws/install/moveit_ros_planning/lib:/home/locobot/LoCoBotRos/interbotix_ws/install/moveit_simple_controller_manager/lib:/home/locobot/LoCoBotRos/interbotix_ws/install/moveit_ros_occupancy_map_monitor/lib:/home/locobot/LoCoBotRos/interbotix_ws/install/moveit_core/lib:/home/locobot/LoCoBotRos/interbotix_ws/install/srdfdom/lib:${LD_LIBRARY_PATH} PATH=/home/locobot/LoCoBotRos/interbotix_ws/install/moveit_core/bin:${PATH} PYTHONPATH=/home/locobot/LoCoBotRos/interbotix_ws/install/moveit_configs_utils/lib/python3.10/site-packages:/home/locobot/LoCoBotRos/interbotix_ws/install/srdfdom/local/lib/python3.10/dist-packages:/home/locobot/LoCoBotRos/interbotix_ws/install/launch_param_builder/lib/python3.10/site-packages:${PYTHONPATH} /usr/bin/cmake --build /home/locobot/LoCoBotRos/interbotix_ws/build/moveit_ros_planning_interface -- -j16 -l16
[2.002s] [ 33%] [32mBuilding CXX object planning_scene_interface/CMakeFiles/moveit_planning_scene_interface.dir/src/planning_scene_interface.cpp.o[0m
[2.002s] [ 33%] [32mBuilding CXX object common_planning_interface_objects/CMakeFiles/moveit_common_planning_interface_objects.dir/src/common_objects.cpp.o[0m
[8.690s] [ 50%] [32m[1mLinking CXX shared library libmoveit_common_planning_interface_objects.so[0m
[8.878s] [ 50%] Built target moveit_common_planning_interface_objects
[11.521s] [ 66%] [32m[1mLinking CXX shared library libmoveit_planning_scene_interface.so[0m
[11.821s] [ 66%] Built target moveit_planning_scene_interface
[11.839s] [ 83%] [32mBuilding CXX object move_group_interface/CMakeFiles/moveit_move_group_interface.dir/src/move_group_interface.cpp.o[0m
[32.156s] [100%] [32m[1mLinking CXX shared library libmoveit_move_group_interface.so[0m
[32.407s] [100%] Built target moveit_move_group_interface
[32.415s] Invoked command in '/home/locobot/LoCoBotRos/interbotix_ws/build/moveit_ros_planning_interface' returned '0': AMENT_PREFIX_PATH=/home/locobot/LoCoBotRos/interbotix_ws/install/moveit_ros_move_group:/home/locobot/LoCoBotRos/interbotix_ws/install/moveit_ros_warehouse:/home/locobot/LoCoBotRos/interbotix_ws/install/moveit_planners_ompl:/home/locobot/LoCoBotRos/interbotix_ws/install/moveit_kinematics:/home/locobot/LoCoBotRos/interbotix_ws/install/moveit_ros_planning:/home/locobot/LoCoBotRos/interbotix_ws/install/moveit_simple_controller_manager:/home/locobot/LoCoBotRos/interbotix_ws/install/moveit_ros_occupancy_map_monitor:/home/locobot/LoCoBotRos/interbotix_ws/install/moveit_core:/home/locobot/LoCoBotRos/interbotix_ws/install/moveit_resources_panda_moveit_config:/home/locobot/LoCoBotRos/interbotix_ws/install/moveit_resources_fanuc_moveit_config:/home/locobot/LoCoBotRos/interbotix_ws/install/moveit_configs_utils:/home/locobot/LoCoBotRos/interbotix_ws/install/srdfdom:/home/locobot/LoCoBotRos/interbotix_ws/install/moveit_resources_pr2_description:/home/locobot/LoCoBotRos/interbotix_ws/install/moveit_resources_panda_description:/home/locobot/LoCoBotRos/interbotix_ws/install/moveit_resources_fanuc_description:/home/locobot/LoCoBotRos/interbotix_ws/install/moveit_common:/home/locobot/LoCoBotRos/interbotix_ws/install/launch_param_builder:${AMENT_PREFIX_PATH} CMAKE_PREFIX_PATH=/home/locobot/LoCoBotRos/interbotix_ws/install/moveit_ros_move_group:/home/locobot/LoCoBotRos/interbotix_ws/install/moveit_ros_warehouse:/home/locobot/LoCoBotRos/interbotix_ws/install/moveit_planners_ompl:/home/locobot/LoCoBotRos/interbotix_ws/install/moveit_kinematics:/home/locobot/LoCoBotRos/interbotix_ws/install/moveit_ros_planning:/home/locobot/LoCoBotRos/interbotix_ws/install/moveit_simple_controller_manager:/home/locobot/LoCoBotRos/interbotix_ws/install/moveit_ros_occupancy_map_monitor:/home/locobot/LoCoBotRos/interbotix_ws/install/moveit_core:/home/locobot/LoCoBotRos/interbotix_ws/install/moveit_resources_panda_moveit_config:/home/locobot/LoCoBotRos/interbotix_ws/install/moveit_resources_fanuc_moveit_config:/home/locobot/LoCoBotRos/interbotix_ws/install/srdfdom:/home/locobot/LoCoBotRos/interbotix_ws/install/moveit_resources_pr2_description:/home/locobot/LoCoBotRos/interbotix_ws/install/moveit_resources_panda_description:/home/locobot/LoCoBotRos/interbotix_ws/install/moveit_resources_fanuc_description:/home/locobot/LoCoBotRos/interbotix_ws/install/moveit_common:/home/locobot/apriltag_ws/install/apriltag_ros:/opt/ros/humble LD_LIBRARY_PATH=/home/locobot/LoCoBotRos/interbotix_ws/install/moveit_ros_move_group/lib:/home/locobot/LoCoBotRos/interbotix_ws/install/moveit_ros_warehouse/lib:/home/locobot/LoCoBotRos/interbotix_ws/install/moveit_planners_ompl/lib:/home/locobot/LoCoBotRos/interbotix_ws/install/moveit_kinematics/lib:/home/locobot/LoCoBotRos/interbotix_ws/install/moveit_ros_planning/lib:/home/locobot/LoCoBotRos/interbotix_ws/install/moveit_simple_controller_manager/lib:/home/locobot/LoCoBotRos/interbotix_ws/install/moveit_ros_occupancy_map_monitor/lib:/home/locobot/LoCoBotRos/interbotix_ws/install/moveit_core/lib:/home/locobot/LoCoBotRos/interbotix_ws/install/srdfdom/lib:${LD_LIBRARY_PATH} PATH=/home/locobot/LoCoBotRos/interbotix_ws/install/moveit_core/bin:${PATH} PYTHONPATH=/home/locobot/LoCoBotRos/interbotix_ws/install/moveit_configs_utils/lib/python3.10/site-packages:/home/locobot/LoCoBotRos/interbotix_ws/install/srdfdom/local/lib/python3.10/dist-packages:/home/locobot/LoCoBotRos/interbotix_ws/install/launch_param_builder/lib/python3.10/site-packages:${PYTHONPATH} /usr/bin/cmake --build /home/locobot/LoCoBotRos/interbotix_ws/build/moveit_ros_planning_interface -- -j16 -l16
[32.416s] Invoking command in '/home/locobot/LoCoBotRos/interbotix_ws/build/moveit_ros_planning_interface': AMENT_PREFIX_PATH=/home/locobot/LoCoBotRos/interbotix_ws/install/moveit_ros_move_group:/home/locobot/LoCoBotRos/interbotix_ws/install/moveit_ros_warehouse:/home/locobot/LoCoBotRos/interbotix_ws/install/moveit_planners_ompl:/home/locobot/LoCoBotRos/interbotix_ws/install/moveit_kinematics:/home/locobot/LoCoBotRos/interbotix_ws/install/moveit_ros_planning:/home/locobot/LoCoBotRos/interbotix_ws/install/moveit_simple_controller_manager:/home/locobot/LoCoBotRos/interbotix_ws/install/moveit_ros_occupancy_map_monitor:/home/locobot/LoCoBotRos/interbotix_ws/install/moveit_core:/home/locobot/LoCoBotRos/interbotix_ws/install/moveit_resources_panda_moveit_config:/home/locobot/LoCoBotRos/interbotix_ws/install/moveit_resources_fanuc_moveit_config:/home/locobot/LoCoBotRos/interbotix_ws/install/moveit_configs_utils:/home/locobot/LoCoBotRos/interbotix_ws/install/srdfdom:/home/locobot/LoCoBotRos/interbotix_ws/install/moveit_resources_pr2_description:/home/locobot/LoCoBotRos/interbotix_ws/install/moveit_resources_panda_description:/home/locobot/LoCoBotRos/interbotix_ws/install/moveit_resources_fanuc_description:/home/locobot/LoCoBotRos/interbotix_ws/install/moveit_common:/home/locobot/LoCoBotRos/interbotix_ws/install/launch_param_builder:${AMENT_PREFIX_PATH} CMAKE_PREFIX_PATH=/home/locobot/LoCoBotRos/interbotix_ws/install/moveit_ros_move_group:/home/locobot/LoCoBotRos/interbotix_ws/install/moveit_ros_warehouse:/home/locobot/LoCoBotRos/interbotix_ws/install/moveit_planners_ompl:/home/locobot/LoCoBotRos/interbotix_ws/install/moveit_kinematics:/home/locobot/LoCoBotRos/interbotix_ws/install/moveit_ros_planning:/home/locobot/LoCoBotRos/interbotix_ws/install/moveit_simple_controller_manager:/home/locobot/LoCoBotRos/interbotix_ws/install/moveit_ros_occupancy_map_monitor:/home/locobot/LoCoBotRos/interbotix_ws/install/moveit_core:/home/locobot/LoCoBotRos/interbotix_ws/install/moveit_resources_panda_moveit_config:/home/locobot/LoCoBotRos/interbotix_ws/install/moveit_resources_fanuc_moveit_config:/home/locobot/LoCoBotRos/interbotix_ws/install/srdfdom:/home/locobot/LoCoBotRos/interbotix_ws/install/moveit_resources_pr2_description:/home/locobot/LoCoBotRos/interbotix_ws/install/moveit_resources_panda_description:/home/locobot/LoCoBotRos/interbotix_ws/install/moveit_resources_fanuc_description:/home/locobot/LoCoBotRos/interbotix_ws/install/moveit_common:/home/locobot/apriltag_ws/install/apriltag_ros:/opt/ros/humble LD_LIBRARY_PATH=/home/locobot/LoCoBotRos/interbotix_ws/install/moveit_ros_move_group/lib:/home/locobot/LoCoBotRos/interbotix_ws/install/moveit_ros_warehouse/lib:/home/locobot/LoCoBotRos/interbotix_ws/install/moveit_planners_ompl/lib:/home/locobot/LoCoBotRos/interbotix_ws/install/moveit_kinematics/lib:/home/locobot/LoCoBotRos/interbotix_ws/install/moveit_ros_planning/lib:/home/locobot/LoCoBotRos/interbotix_ws/install/moveit_simple_controller_manager/lib:/home/locobot/LoCoBotRos/interbotix_ws/install/moveit_ros_occupancy_map_monitor/lib:/home/locobot/LoCoBotRos/interbotix_ws/install/moveit_core/lib:/home/locobot/LoCoBotRos/interbotix_ws/install/srdfdom/lib:${LD_LIBRARY_PATH} PATH=/home/locobot/LoCoBotRos/interbotix_ws/install/moveit_core/bin:${PATH} PYTHONPATH=/home/locobot/LoCoBotRos/interbotix_ws/install/moveit_configs_utils/lib/python3.10/site-packages:/home/locobot/LoCoBotRos/interbotix_ws/install/srdfdom/local/lib/python3.10/dist-packages:/home/locobot/LoCoBotRos/interbotix_ws/install/launch_param_builder/lib/python3.10/site-packages:${PYTHONPATH} /usr/bin/cmake --install /home/locobot/LoCoBotRos/interbotix_ws/build/moveit_ros_planning_interface
[32.423s] -- Install configuration: "Release"
[32.423s] -- Installing: /home/locobot/LoCoBotRos/interbotix_ws/install/moveit_ros_planning_interface/include
[32.423s] -- Installing: /home/locobot/LoCoBotRos/interbotix_ws/install/moveit_ros_planning_interface/include/moveit
[32.423s] -- Installing: /home/locobot/LoCoBotRos/interbotix_ws/install/moveit_ros_planning_interface/include/moveit/common_planning_interface_objects
[32.423s] -- Installing: /home/locobot/LoCoBotRos/interbotix_ws/install/moveit_ros_planning_interface/include/moveit/common_planning_interface_objects/common_objects.h
[32.423s] -- Up-to-date: /home/locobot/LoCoBotRos/interbotix_ws/install/moveit_ros_planning_interface/include
[32.423s] -- Up-to-date: /home/locobot/LoCoBotRos/interbotix_ws/install/moveit_ros_planning_interface/include/moveit
[32.423s] -- Installing: /home/locobot/LoCoBotRos/interbotix_ws/install/moveit_ros_planning_interface/include/moveit/planning_scene_interface
[32.423s] -- Installing: /home/locobot/LoCoBotRos/interbotix_ws/install/moveit_ros_planning_interface/include/moveit/planning_scene_interface/planning_scene_interface.h
[32.423s] -- Up-to-date: /home/locobot/LoCoBotRos/interbotix_ws/install/moveit_ros_planning_interface/include
[32.423s] -- Up-to-date: /home/locobot/LoCoBotRos/interbotix_ws/install/moveit_ros_planning_interface/include/moveit
[32.424s] -- Installing: /home/locobot/LoCoBotRos/interbotix_ws/install/moveit_ros_planning_interface/include/moveit/move_group_interface
[32.424s] -- Installing: /home/locobot/LoCoBotRos/interbotix_ws/install/moveit_ros_planning_interface/include/moveit/move_group_interface/move_group_interface.h
[32.424s] -- Installing: /home/locobot/LoCoBotRos/interbotix_ws/install/moveit_ros_planning_interface/include/moveit_move_group_interface_export.h
[32.424s] -- Installing: /home/locobot/LoCoBotRos/interbotix_ws/install/moveit_ros_planning_interface/lib/libmoveit_common_planning_interface_objects.so.2.5.9
[32.424s] -- Set runtime path of "/home/locobot/LoCoBotRos/interbotix_ws/install/moveit_ros_planning_interface/lib/libmoveit_common_planning_interface_objects.so.2.5.9" to ""
[32.424s] -- Installing: /home/locobot/LoCoBotRos/interbotix_ws/install/moveit_ros_planning_interface/lib/libmoveit_common_planning_interface_objects.so
[32.424s] -- Installing: /home/locobot/LoCoBotRos/interbotix_ws/install/moveit_ros_planning_interface/lib/libmoveit_planning_scene_interface.so.2.5.9
[32.425s] -- Set runtime path of "/home/locobot/LoCoBotRos/interbotix_ws/install/moveit_ros_planning_interface/lib/libmoveit_planning_scene_interface.so.2.5.9" to ""
[32.425s] -- Installing: /home/locobot/LoCoBotRos/interbotix_ws/install/moveit_ros_planning_interface/lib/libmoveit_planning_scene_interface.so
[32.425s] -- Installing: /home/locobot/LoCoBotRos/interbotix_ws/install/moveit_ros_planning_interface/lib/libmoveit_move_group_interface.so.2.5.9
[32.426s] -- Set runtime path of "/home/locobot/LoCoBotRos/interbotix_ws/install/moveit_ros_planning_interface/lib/libmoveit_move_group_interface.so.2.5.9" to ""
[32.426s] -- Installing: /home/locobot/LoCoBotRos/interbotix_ws/install/moveit_ros_planning_interface/lib/libmoveit_move_group_interface.so
[32.426s] -- Installing: /home/locobot/LoCoBotRos/interbotix_ws/install/moveit_ros_planning_interface/share/moveit_ros_planning_interface/environment/library_path.sh
[32.426s] -- Installing: /home/locobot/LoCoBotRos/interbotix_ws/install/moveit_ros_planning_interface/share/moveit_ros_planning_interface/environment/library_path.dsv
[32.426s] -- Installing: /home/locobot/LoCoBotRos/interbotix_ws/install/moveit_ros_planning_interface/share/ament_index/resource_index/package_run_dependencies/moveit_ros_planning_interface
[32.426s] -- Installing: /home/locobot/LoCoBotRos/interbotix_ws/install/moveit_ros_planning_interface/share/ament_index/resource_index/parent_prefix_path/moveit_ros_planning_interface
[32.426s] -- Installing: /home/locobot/LoCoBotRos/interbotix_ws/install/moveit_ros_planning_interface/share/moveit_ros_planning_interface/environment/ament_prefix_path.sh
[32.426s] -- Installing: /home/locobot/LoCoBotRos/interbotix_ws/install/moveit_ros_planning_interface/share/moveit_ros_planning_interface/environment/ament_prefix_path.dsv
[32.427s] -- Installing: /home/locobot/LoCoBotRos/interbotix_ws/install/moveit_ros_planning_interface/share/moveit_ros_planning_interface/environment/path.sh
[32.427s] -- Installing: /home/locobot/LoCoBotRos/interbotix_ws/install/moveit_ros_planning_interface/share/moveit_ros_planning_interface/environment/path.dsv
[32.427s] -- Installing: /home/locobot/LoCoBotRos/interbotix_ws/install/moveit_ros_planning_interface/share/moveit_ros_planning_interface/local_setup.bash
[32.427s] -- Installing: /home/locobot/LoCoBotRos/interbotix_ws/install/moveit_ros_planning_interface/share/moveit_ros_planning_interface/local_setup.sh
[32.427s] -- Installing: /home/locobot/LoCoBotRos/interbotix_ws/install/moveit_ros_planning_interface/share/moveit_ros_planning_interface/local_setup.zsh
[32.427s] -- Installing: /home/locobot/LoCoBotRos/interbotix_ws/install/moveit_ros_planning_interface/share/moveit_ros_planning_interface/local_setup.dsv
[32.427s] -- Installing: /home/locobot/LoCoBotRos/interbotix_ws/install/moveit_ros_planning_interface/share/moveit_ros_planning_interface/package.dsv
[32.427s] -- Installing: /home/locobot/LoCoBotRos/interbotix_ws/install/moveit_ros_planning_interface/share/ament_index/resource_index/packages/moveit_ros_planning_interface
[32.427s] -- Installing: /home/locobot/LoCoBotRos/interbotix_ws/install/moveit_ros_planning_interface/share/moveit_ros_planning_interface/cmake/export_moveit_ros_planning_interfaceExport.cmake
[32.428s] -- Installing: /home/locobot/LoCoBotRos/interbotix_ws/install/moveit_ros_planning_interface/share/moveit_ros_planning_interface/cmake/export_moveit_ros_planning_interfaceExport-release.cmake
[32.428s] -- Installing: /home/locobot/LoCoBotRos/interbotix_ws/install/moveit_ros_planning_interface/share/moveit_ros_planning_interface/cmake/ConfigExtras.cmake
[32.428s] -- Installing: /home/locobot/LoCoBotRos/interbotix_ws/install/moveit_ros_planning_interface/share/moveit_ros_planning_interface/cmake/ament_cmake_export_targets-extras.cmake
[32.428s] -- Installing: /home/locobot/LoCoBotRos/interbotix_ws/install/moveit_ros_planning_interface/share/moveit_ros_planning_interface/cmake/ament_cmake_export_dependencies-extras.cmake
[32.428s] -- Installing: /home/locobot/LoCoBotRos/interbotix_ws/install/moveit_ros_planning_interface/share/moveit_ros_planning_interface/cmake/moveit_ros_planning_interfaceConfig.cmake
[32.428s] -- Installing: /home/locobot/LoCoBotRos/interbotix_ws/install/moveit_ros_planning_interface/share/moveit_ros_planning_interface/cmake/moveit_ros_planning_interfaceConfig-version.cmake
[32.428s] -- Installing: /home/locobot/LoCoBotRos/interbotix_ws/install/moveit_ros_planning_interface/share/moveit_ros_planning_interface/package.xml
[32.430s] Invoked command in '/home/locobot/LoCoBotRos/interbotix_ws/build/moveit_ros_planning_interface' returned '0': AMENT_PREFIX_PATH=/home/locobot/LoCoBotRos/interbotix_ws/install/moveit_ros_move_group:/home/locobot/LoCoBotRos/interbotix_ws/install/moveit_ros_warehouse:/home/locobot/LoCoBotRos/interbotix_ws/install/moveit_planners_ompl:/home/locobot/LoCoBotRos/interbotix_ws/install/moveit_kinematics:/home/locobot/LoCoBotRos/interbotix_ws/install/moveit_ros_planning:/home/locobot/LoCoBotRos/interbotix_ws/install/moveit_simple_controller_manager:/home/locobot/LoCoBotRos/interbotix_ws/install/moveit_ros_occupancy_map_monitor:/home/locobot/LoCoBotRos/interbotix_ws/install/moveit_core:/home/locobot/LoCoBotRos/interbotix_ws/install/moveit_resources_panda_moveit_config:/home/locobot/LoCoBotRos/interbotix_ws/install/moveit_resources_fanuc_moveit_config:/home/locobot/LoCoBotRos/interbotix_ws/install/moveit_configs_utils:/home/locobot/LoCoBotRos/interbotix_ws/install/srdfdom:/home/locobot/LoCoBotRos/interbotix_ws/install/moveit_resources_pr2_description:/home/locobot/LoCoBotRos/interbotix_ws/install/moveit_resources_panda_description:/home/locobot/LoCoBotRos/interbotix_ws/install/moveit_resources_fanuc_description:/home/locobot/LoCoBotRos/interbotix_ws/install/moveit_common:/home/locobot/LoCoBotRos/interbotix_ws/install/launch_param_builder:${AMENT_PREFIX_PATH} CMAKE_PREFIX_PATH=/home/locobot/LoCoBotRos/interbotix_ws/install/moveit_ros_move_group:/home/locobot/LoCoBotRos/interbotix_ws/install/moveit_ros_warehouse:/home/locobot/LoCoBotRos/interbotix_ws/install/moveit_planners_ompl:/home/locobot/LoCoBotRos/interbotix_ws/install/moveit_kinematics:/home/locobot/LoCoBotRos/interbotix_ws/install/moveit_ros_planning:/home/locobot/LoCoBotRos/interbotix_ws/install/moveit_simple_controller_manager:/home/locobot/LoCoBotRos/interbotix_ws/install/moveit_ros_occupancy_map_monitor:/home/locobot/LoCoBotRos/interbotix_ws/install/moveit_core:/home/locobot/LoCoBotRos/interbotix_ws/install/moveit_resources_panda_moveit_config:/home/locobot/LoCoBotRos/interbotix_ws/install/moveit_resources_fanuc_moveit_config:/home/locobot/LoCoBotRos/interbotix_ws/install/srdfdom:/home/locobot/LoCoBotRos/interbotix_ws/install/moveit_resources_pr2_description:/home/locobot/LoCoBotRos/interbotix_ws/install/moveit_resources_panda_description:/home/locobot/LoCoBotRos/interbotix_ws/install/moveit_resources_fanuc_description:/home/locobot/LoCoBotRos/interbotix_ws/install/moveit_common:/home/locobot/apriltag_ws/install/apriltag_ros:/opt/ros/humble LD_LIBRARY_PATH=/home/locobot/LoCoBotRos/interbotix_ws/install/moveit_ros_move_group/lib:/home/locobot/LoCoBotRos/interbotix_ws/install/moveit_ros_warehouse/lib:/home/locobot/LoCoBotRos/interbotix_ws/install/moveit_planners_ompl/lib:/home/locobot/LoCoBotRos/interbotix_ws/install/moveit_kinematics/lib:/home/locobot/LoCoBotRos/interbotix_ws/install/moveit_ros_planning/lib:/home/locobot/LoCoBotRos/interbotix_ws/install/moveit_simple_controller_manager/lib:/home/locobot/LoCoBotRos/interbotix_ws/install/moveit_ros_occupancy_map_monitor/lib:/home/locobot/LoCoBotRos/interbotix_ws/install/moveit_core/lib:/home/locobot/LoCoBotRos/interbotix_ws/install/srdfdom/lib:${LD_LIBRARY_PATH} PATH=/home/locobot/LoCoBotRos/interbotix_ws/install/moveit_core/bin:${PATH} PYTHONPATH=/home/locobot/LoCoBotRos/interbotix_ws/install/moveit_configs_utils/lib/python3.10/site-packages:/home/locobot/LoCoBotRos/interbotix_ws/install/srdfdom/local/lib/python3.10/dist-packages:/home/locobot/LoCoBotRos/interbotix_ws/install/launch_param_builder/lib/python3.10/site-packages:${PYTHONPATH} /usr/bin/cmake --install /home/locobot/LoCoBotRos/interbotix_ws/build/moveit_ros_planning_interface
