-- Found ament_cmake_ros: 0.10.0 (/opt/ros/humble/share/ament_cmake_ros/cmake)
-- Configuring done
-- Generating done
-- Build files have been written to: /home/locobot/LoCoBotRos/interbotix_ws/build/ecl_core
-- Install configuration: "Release"
-- Up-to-date: /home/locobot/LoCoBotRos/interbotix_ws/install/ecl_core/share/ament_index/resource_index/package_run_dependencies/ecl_core
-- Up-to-date: /home/locobot/LoCoBotRos/interbotix_ws/install/ecl_core/share/ament_index/resource_index/parent_prefix_path/ecl_core
-- Up-to-date: /home/locobot/LoCoBotRos/interbotix_ws/install/ecl_core/share/ecl_core/environment/ament_prefix_path.sh
-- Installing: /home/locobot/LoCoBotRos/interbotix_ws/install/ecl_core/share/ecl_core/environment/ament_prefix_path.dsv
-- Up-to-date: /home/locobot/LoCoBotRos/interbotix_ws/install/ecl_core/share/ecl_core/environment/path.sh
-- Installing: /home/locobot/LoCoBotRos/interbotix_ws/install/ecl_core/share/ecl_core/environment/path.dsv
-- Up-to-date: /home/locobot/LoCoBotRos/interbotix_ws/install/ecl_core/share/ecl_core/local_setup.bash
-- Up-to-date: /home/locobot/LoCoBotRos/interbotix_ws/install/ecl_core/share/ecl_core/local_setup.sh
-- Up-to-date: /home/locobot/LoCoBotRos/interbotix_ws/install/ecl_core/share/ecl_core/local_setup.zsh
-- Installing: /home/locobot/LoCoBotRos/interbotix_ws/install/ecl_core/share/ecl_core/local_setup.dsv
-- Installing: /home/locobot/LoCoBotRos/interbotix_ws/install/ecl_core/share/ecl_core/package.dsv
-- Up-to-date: /home/locobot/LoCoBotRos/interbotix_ws/install/ecl_core/share/ament_index/resource_index/packages/ecl_core
-- Up-to-date: /home/locobot/LoCoBotRos/interbotix_ws/install/ecl_core/share/ecl_core/cmake/ecl_coreConfig.cmake
-- Up-to-date: /home/locobot/LoCoBotRos/interbotix_ws/install/ecl_core/share/ecl_core/cmake/ecl_coreConfig-version.cmake
-- Up-to-date: /home/locobot/LoCoBotRos/interbotix_ws/install/ecl_core/share/ecl_core/package.xml
