-- Found ament_cmake_ros: 0.10.0 (/opt/ros/humble/share/ament_cmake_ros/cmake)
-- Found ecl_build: 1.0.3 (/opt/ros/humble/share/ecl_build/cmake)
-- Found ecl_config: 1.2.0 (/home/locobot/LoCoBotRos/interbotix_ws/install/ecl_config/share/ecl_config/cmake)
-- Found ecl_errors: 1.2.0 (/home/locobot/LoCoBotRos/interbotix_ws/install/ecl_errors/share/ecl_errors/cmake)
-- Configuring done
-- Generating done
-- Build files have been written to: /home/locobot/LoCoBotRos/interbotix_ws/build/ecl_io
[35m[1mConsolidate compiler generated dependencies of target ecl_io[0m
[ 30%] [32mBuilding CXX object src/lib/CMakeFiles/ecl_io.dir/sockets.cpp.o[0m
[ 30%] [32mBuilding CXX object src/lib/CMakeFiles/ecl_io.dir/poll.cpp.o[0m
[ 30%] [32mBuilding CXX object src/lib/CMakeFiles/ecl_io.dir/socketpair.cpp.o[0m
[ 40%] [32m[1mLinking CXX shared library libecl_io.so[0m
[ 40%] Built target ecl_io
[35m[1mConsolidate compiler generated dependencies of target ecl_io_example_poll[0m
[35m[1mConsolidate compiler generated dependencies of target ecl_io_example_sockets[0m
[35m[1mConsolidate compiler generated dependencies of target ecl_io_example_socketpair[0m
[ 70%] [32mBuilding CXX object src/examples/CMakeFiles/ecl_io_example_sockets.dir/sockets.cpp.o[0m
[ 70%] [32mBuilding CXX object src/examples/CMakeFiles/ecl_io_example_poll.dir/poll.cpp.o[0m
[ 70%] [32mBuilding CXX object src/examples/CMakeFiles/ecl_io_example_socketpair.dir/socketpair.cpp.o[0m
[ 80%] [32m[1mLinking CXX executable demo_sockets[0m
[ 90%] [32m[1mLinking CXX executable demo_poll[0m
[ 90%] Built target ecl_io_example_sockets
[100%] [32m[1mLinking CXX executable demo_socketpair[0m
[100%] Built target ecl_io_example_poll
[100%] Built target ecl_io_example_socketpair
-- Install configuration: "Release"
-- Up-to-date: /home/locobot/LoCoBotRos/interbotix_ws/install/ecl_io/share/ecl_io/environment/library_path.sh
-- Installing: /home/locobot/LoCoBotRos/interbotix_ws/install/ecl_io/share/ecl_io/environment/library_path.dsv
-- Up-to-date: /home/locobot/LoCoBotRos/interbotix_ws/install/ecl_io/share/ament_index/resource_index/package_run_dependencies/ecl_io
-- Installing: /home/locobot/LoCoBotRos/interbotix_ws/install/ecl_io/share/ament_index/resource_index/parent_prefix_path/ecl_io
-- Up-to-date: /home/locobot/LoCoBotRos/interbotix_ws/install/ecl_io/share/ecl_io/environment/ament_prefix_path.sh
-- Installing: /home/locobot/LoCoBotRos/interbotix_ws/install/ecl_io/share/ecl_io/environment/ament_prefix_path.dsv
-- Up-to-date: /home/locobot/LoCoBotRos/interbotix_ws/install/ecl_io/share/ecl_io/environment/path.sh
-- Installing: /home/locobot/LoCoBotRos/interbotix_ws/install/ecl_io/share/ecl_io/environment/path.dsv
-- Up-to-date: /home/locobot/LoCoBotRos/interbotix_ws/install/ecl_io/share/ecl_io/local_setup.bash
-- Up-to-date: /home/locobot/LoCoBotRos/interbotix_ws/install/ecl_io/share/ecl_io/local_setup.sh
-- Up-to-date: /home/locobot/LoCoBotRos/interbotix_ws/install/ecl_io/share/ecl_io/local_setup.zsh
-- Installing: /home/locobot/LoCoBotRos/interbotix_ws/install/ecl_io/share/ecl_io/local_setup.dsv
-- Installing: /home/locobot/LoCoBotRos/interbotix_ws/install/ecl_io/share/ecl_io/package.dsv
-- Up-to-date: /home/locobot/LoCoBotRos/interbotix_ws/install/ecl_io/share/ament_index/resource_index/packages/ecl_io
-- Up-to-date: /home/locobot/LoCoBotRos/interbotix_ws/install/ecl_io/share/ecl_io/cmake/ecl_ioExport.cmake
-- Installing: /home/locobot/LoCoBotRos/interbotix_ws/install/ecl_io/share/ecl_io/cmake/ecl_ioExport-release.cmake
-- Up-to-date: /home/locobot/LoCoBotRos/interbotix_ws/install/ecl_io/share/ecl_io/cmake/ament_cmake_export_targets-extras.cmake
-- Up-to-date: /home/locobot/LoCoBotRos/interbotix_ws/install/ecl_io/share/ecl_io/cmake/ament_cmake_export_include_directories-extras.cmake
-- Up-to-date: /home/locobot/LoCoBotRos/interbotix_ws/install/ecl_io/share/ecl_io/cmake/ament_cmake_export_libraries-extras.cmake
-- Up-to-date: /home/locobot/LoCoBotRos/interbotix_ws/install/ecl_io/share/ecl_io/cmake/ament_cmake_export_dependencies-extras.cmake
-- Up-to-date: /home/locobot/LoCoBotRos/interbotix_ws/install/ecl_io/share/ecl_io/cmake/ecl_ioConfig.cmake
-- Up-to-date: /home/locobot/LoCoBotRos/interbotix_ws/install/ecl_io/share/ecl_io/cmake/ecl_ioConfig-version.cmake
-- Up-to-date: /home/locobot/LoCoBotRos/interbotix_ws/install/ecl_io/share/ecl_io/package.xml
-- Up-to-date: /home/locobot/LoCoBotRos/interbotix_ws/install/ecl_io/include/ecl/io.hpp
-- Up-to-date: /home/locobot/LoCoBotRos/interbotix_ws/install/ecl_io/include/ecl/sockets/macros.hpp
-- Up-to-date: /home/locobot/LoCoBotRos/interbotix_ws/install/ecl_io/include/ecl/sockets/poll.hpp
-- Up-to-date: /home/locobot/LoCoBotRos/interbotix_ws/install/ecl_io/include/ecl/sockets/socketpair.hpp
-- Up-to-date: /home/locobot/LoCoBotRos/interbotix_ws/install/ecl_io/include/ecl/sockets/sockets.hpp
-- Installing: /home/locobot/LoCoBotRos/interbotix_ws/install/ecl_io/lib/libecl_io.so.1.2.0
-- Set runtime path of "/home/locobot/LoCoBotRos/interbotix_ws/install/ecl_io/lib/libecl_io.so.1.2.0" to ""
-- Up-to-date: /home/locobot/LoCoBotRos/interbotix_ws/install/ecl_io/lib/libecl_io.so
-- Installing: /home/locobot/LoCoBotRos/interbotix_ws/install/ecl_io/lib/ecl_io/demo_sockets
-- Set runtime path of "/home/locobot/LoCoBotRos/interbotix_ws/install/ecl_io/lib/ecl_io/demo_sockets" to ""
-- Installing: /home/locobot/LoCoBotRos/interbotix_ws/install/ecl_io/lib/ecl_io/demo_socketpair
-- Set runtime path of "/home/locobot/LoCoBotRos/interbotix_ws/install/ecl_io/lib/ecl_io/demo_socketpair" to ""
-- Installing: /home/locobot/LoCoBotRos/interbotix_ws/install/ecl_io/lib/ecl_io/demo_poll
-- Set runtime path of "/home/locobot/LoCoBotRos/interbotix_ws/install/ecl_io/lib/ecl_io/demo_poll" to ""
