[0.015s] Invoking command in '/home/locobot/LoCoBotRos/interbotix_ws/build/ecl_io': AMENT_PREFIX_PATH=/home/locobot/LoCoBotRos/interbotix_ws/install/ecl_errors:/home/locobot/LoCoBotRos/interbotix_ws/install/ecl_config:${AMENT_PREFIX_PATH} CMAKE_PREFIX_PATH=/home/locobot/LoCoBotRos/interbotix_ws/install/ecl_errors:/home/locobot/LoCoBotRos/interbotix_ws/install/ecl_config:/home/locobot/apriltag_ws/install/apriltag_ros:/opt/ros/humble LD_LIBRARY_PATH=/home/locobot/LoCoBotRos/interbotix_ws/install/ecl_errors/lib:${LD_LIBRARY_PATH} PATH=/home/locobot/LoCoBotRos/interbotix_ws/install/ecl_config/bin:${PATH} /usr/bin/cmake /home/locobot/LoCoBotRos/interbotix_ws/src/ecl_lite/ecl_io -DCMAKE_BUILD_TYPE=Release -DCMAKE_INSTALL_PREFIX=/home/locobot/LoCoBotRos/interbotix_ws/install/ecl_io
[0.025s] -- Found ament_cmake_ros: 0.10.0 (/opt/ros/humble/share/ament_cmake_ros/cmake)
[0.124s] -- Found ecl_build: 1.0.3 (/opt/ros/humble/share/ecl_build/cmake)
[0.128s] -- Found ecl_config: 1.2.0 (/home/locobot/LoCoBotRos/interbotix_ws/install/ecl_config/share/ecl_config/cmake)
[0.129s] -- Found ecl_errors: 1.2.0 (/home/locobot/LoCoBotRos/interbotix_ws/install/ecl_errors/share/ecl_errors/cmake)
[0.188s] -- Configuring done
[0.202s] -- Generating done
[0.206s] -- Build files have been written to: /home/locobot/LoCoBotRos/interbotix_ws/build/ecl_io
[0.209s] Invoked command in '/home/locobot/LoCoBotRos/interbotix_ws/build/ecl_io' returned '0': AMENT_PREFIX_PATH=/home/locobot/LoCoBotRos/interbotix_ws/install/ecl_errors:/home/locobot/LoCoBotRos/interbotix_ws/install/ecl_config:${AMENT_PREFIX_PATH} CMAKE_PREFIX_PATH=/home/locobot/LoCoBotRos/interbotix_ws/install/ecl_errors:/home/locobot/LoCoBotRos/interbotix_ws/install/ecl_config:/home/locobot/apriltag_ws/install/apriltag_ros:/opt/ros/humble LD_LIBRARY_PATH=/home/locobot/LoCoBotRos/interbotix_ws/install/ecl_errors/lib:${LD_LIBRARY_PATH} PATH=/home/locobot/LoCoBotRos/interbotix_ws/install/ecl_config/bin:${PATH} /usr/bin/cmake /home/locobot/LoCoBotRos/interbotix_ws/src/ecl_lite/ecl_io -DCMAKE_BUILD_TYPE=Release -DCMAKE_INSTALL_PREFIX=/home/locobot/LoCoBotRos/interbotix_ws/install/ecl_io
[0.211s] Invoking command in '/home/locobot/LoCoBotRos/interbotix_ws/build/ecl_io': AMENT_PREFIX_PATH=/home/locobot/LoCoBotRos/interbotix_ws/install/ecl_errors:/home/locobot/LoCoBotRos/interbotix_ws/install/ecl_config:${AMENT_PREFIX_PATH} CMAKE_PREFIX_PATH=/home/locobot/LoCoBotRos/interbotix_ws/install/ecl_errors:/home/locobot/LoCoBotRos/interbotix_ws/install/ecl_config:/home/locobot/apriltag_ws/install/apriltag_ros:/opt/ros/humble LD_LIBRARY_PATH=/home/locobot/LoCoBotRos/interbotix_ws/install/ecl_errors/lib:${LD_LIBRARY_PATH} PATH=/home/locobot/LoCoBotRos/interbotix_ws/install/ecl_config/bin:${PATH} /usr/bin/cmake --build /home/locobot/LoCoBotRos/interbotix_ws/build/ecl_io -- -j16 -l16
[0.238s] [35m[1mConsolidate compiler generated dependencies of target ecl_io[0m
[0.247s] [ 30%] [32mBuilding CXX object src/lib/CMakeFiles/ecl_io.dir/sockets.cpp.o[0m
[0.247s] [ 30%] [32mBuilding CXX object src/lib/CMakeFiles/ecl_io.dir/poll.cpp.o[0m
[0.247s] [ 30%] [32mBuilding CXX object src/lib/CMakeFiles/ecl_io.dir/socketpair.cpp.o[0m
[0.459s] [ 40%] [32m[1mLinking CXX shared library libecl_io.so[0m
[0.545s] [ 40%] Built target ecl_io
[0.554s] [35m[1mConsolidate compiler generated dependencies of target ecl_io_example_poll[0m
[0.554s] [35m[1mConsolidate compiler generated dependencies of target ecl_io_example_sockets[0m
[0.554s] [35m[1mConsolidate compiler generated dependencies of target ecl_io_example_socketpair[0m
[0.563s] [ 70%] [32mBuilding CXX object src/examples/CMakeFiles/ecl_io_example_sockets.dir/sockets.cpp.o[0m
[0.563s] [ 70%] [32mBuilding CXX object src/examples/CMakeFiles/ecl_io_example_poll.dir/poll.cpp.o[0m
[0.563s] [ 70%] [32mBuilding CXX object src/examples/CMakeFiles/ecl_io_example_socketpair.dir/socketpair.cpp.o[0m
[0.762s] [ 80%] [32m[1mLinking CXX executable demo_sockets[0m
[0.806s] [ 90%] [32m[1mLinking CXX executable demo_poll[0m
[0.844s] [ 90%] Built target ecl_io_example_sockets
[0.844s] [100%] [32m[1mLinking CXX executable demo_socketpair[0m
[0.871s] [100%] Built target ecl_io_example_poll
[0.907s] [100%] Built target ecl_io_example_socketpair
[0.917s] Invoked command in '/home/locobot/LoCoBotRos/interbotix_ws/build/ecl_io' returned '0': AMENT_PREFIX_PATH=/home/locobot/LoCoBotRos/interbotix_ws/install/ecl_errors:/home/locobot/LoCoBotRos/interbotix_ws/install/ecl_config:${AMENT_PREFIX_PATH} CMAKE_PREFIX_PATH=/home/locobot/LoCoBotRos/interbotix_ws/install/ecl_errors:/home/locobot/LoCoBotRos/interbotix_ws/install/ecl_config:/home/locobot/apriltag_ws/install/apriltag_ros:/opt/ros/humble LD_LIBRARY_PATH=/home/locobot/LoCoBotRos/interbotix_ws/install/ecl_errors/lib:${LD_LIBRARY_PATH} PATH=/home/locobot/LoCoBotRos/interbotix_ws/install/ecl_config/bin:${PATH} /usr/bin/cmake --build /home/locobot/LoCoBotRos/interbotix_ws/build/ecl_io -- -j16 -l16
[0.918s] Invoking command in '/home/locobot/LoCoBotRos/interbotix_ws/build/ecl_io': AMENT_PREFIX_PATH=/home/locobot/LoCoBotRos/interbotix_ws/install/ecl_errors:/home/locobot/LoCoBotRos/interbotix_ws/install/ecl_config:${AMENT_PREFIX_PATH} CMAKE_PREFIX_PATH=/home/locobot/LoCoBotRos/interbotix_ws/install/ecl_errors:/home/locobot/LoCoBotRos/interbotix_ws/install/ecl_config:/home/locobot/apriltag_ws/install/apriltag_ros:/opt/ros/humble LD_LIBRARY_PATH=/home/locobot/LoCoBotRos/interbotix_ws/install/ecl_errors/lib:${LD_LIBRARY_PATH} PATH=/home/locobot/LoCoBotRos/interbotix_ws/install/ecl_config/bin:${PATH} /usr/bin/cmake --install /home/locobot/LoCoBotRos/interbotix_ws/build/ecl_io
[0.924s] -- Install configuration: "Release"
[0.924s] -- Up-to-date: /home/locobot/LoCoBotRos/interbotix_ws/install/ecl_io/share/ecl_io/environment/library_path.sh
[0.924s] -- Installing: /home/locobot/LoCoBotRos/interbotix_ws/install/ecl_io/share/ecl_io/environment/library_path.dsv
[0.924s] -- Up-to-date: /home/locobot/LoCoBotRos/interbotix_ws/install/ecl_io/share/ament_index/resource_index/package_run_dependencies/ecl_io
[0.924s] -- Installing: /home/locobot/LoCoBotRos/interbotix_ws/install/ecl_io/share/ament_index/resource_index/parent_prefix_path/ecl_io
[0.924s] -- Up-to-date: /home/locobot/LoCoBotRos/interbotix_ws/install/ecl_io/share/ecl_io/environment/ament_prefix_path.sh
[0.924s] -- Installing: /home/locobot/LoCoBotRos/interbotix_ws/install/ecl_io/share/ecl_io/environment/ament_prefix_path.dsv
[0.925s] -- Up-to-date: /home/locobot/LoCoBotRos/interbotix_ws/install/ecl_io/share/ecl_io/environment/path.sh
[0.925s] -- Installing: /home/locobot/LoCoBotRos/interbotix_ws/install/ecl_io/share/ecl_io/environment/path.dsv
[0.925s] -- Up-to-date: /home/locobot/LoCoBotRos/interbotix_ws/install/ecl_io/share/ecl_io/local_setup.bash
[0.925s] -- Up-to-date: /home/locobot/LoCoBotRos/interbotix_ws/install/ecl_io/share/ecl_io/local_setup.sh
[0.925s] -- Up-to-date: /home/locobot/LoCoBotRos/interbotix_ws/install/ecl_io/share/ecl_io/local_setup.zsh
[0.925s] -- Installing: /home/locobot/LoCoBotRos/interbotix_ws/install/ecl_io/share/ecl_io/local_setup.dsv
[0.925s] -- Installing: /home/locobot/LoCoBotRos/interbotix_ws/install/ecl_io/share/ecl_io/package.dsv
[0.925s] -- Up-to-date: /home/locobot/LoCoBotRos/interbotix_ws/install/ecl_io/share/ament_index/resource_index/packages/ecl_io
[0.926s] -- Up-to-date: /home/locobot/LoCoBotRos/interbotix_ws/install/ecl_io/share/ecl_io/cmake/ecl_ioExport.cmake
[0.926s] -- Installing: /home/locobot/LoCoBotRos/interbotix_ws/install/ecl_io/share/ecl_io/cmake/ecl_ioExport-release.cmake
[0.926s] -- Up-to-date: /home/locobot/LoCoBotRos/interbotix_ws/install/ecl_io/share/ecl_io/cmake/ament_cmake_export_targets-extras.cmake
[0.926s] -- Up-to-date: /home/locobot/LoCoBotRos/interbotix_ws/install/ecl_io/share/ecl_io/cmake/ament_cmake_export_include_directories-extras.cmake
[0.926s] -- Up-to-date: /home/locobot/LoCoBotRos/interbotix_ws/install/ecl_io/share/ecl_io/cmake/ament_cmake_export_libraries-extras.cmake
[0.926s] -- Up-to-date: /home/locobot/LoCoBotRos/interbotix_ws/install/ecl_io/share/ecl_io/cmake/ament_cmake_export_dependencies-extras.cmake
[0.926s] -- Up-to-date: /home/locobot/LoCoBotRos/interbotix_ws/install/ecl_io/share/ecl_io/cmake/ecl_ioConfig.cmake
[0.927s] -- Up-to-date: /home/locobot/LoCoBotRos/interbotix_ws/install/ecl_io/share/ecl_io/cmake/ecl_ioConfig-version.cmake
[0.927s] -- Up-to-date: /home/locobot/LoCoBotRos/interbotix_ws/install/ecl_io/share/ecl_io/package.xml
[0.927s] -- Up-to-date: /home/locobot/LoCoBotRos/interbotix_ws/install/ecl_io/include/ecl/io.hpp
[0.927s] -- Up-to-date: /home/locobot/LoCoBotRos/interbotix_ws/install/ecl_io/include/ecl/sockets/macros.hpp
[0.927s] -- Up-to-date: /home/locobot/LoCoBotRos/interbotix_ws/install/ecl_io/include/ecl/sockets/poll.hpp
[0.927s] -- Up-to-date: /home/locobot/LoCoBotRos/interbotix_ws/install/ecl_io/include/ecl/sockets/socketpair.hpp
[0.927s] -- Up-to-date: /home/locobot/LoCoBotRos/interbotix_ws/install/ecl_io/include/ecl/sockets/sockets.hpp
[0.928s] -- Installing: /home/locobot/LoCoBotRos/interbotix_ws/install/ecl_io/lib/libecl_io.so.1.2.0
[0.928s] -- Set runtime path of "/home/locobot/LoCoBotRos/interbotix_ws/install/ecl_io/lib/libecl_io.so.1.2.0" to ""
[0.928s] -- Up-to-date: /home/locobot/LoCoBotRos/interbotix_ws/install/ecl_io/lib/libecl_io.so
[0.928s] -- Installing: /home/locobot/LoCoBotRos/interbotix_ws/install/ecl_io/lib/ecl_io/demo_sockets
[0.929s] -- Set runtime path of "/home/locobot/LoCoBotRos/interbotix_ws/install/ecl_io/lib/ecl_io/demo_sockets" to ""
[0.929s] -- Installing: /home/locobot/LoCoBotRos/interbotix_ws/install/ecl_io/lib/ecl_io/demo_socketpair
[0.929s] -- Set runtime path of "/home/locobot/LoCoBotRos/interbotix_ws/install/ecl_io/lib/ecl_io/demo_socketpair" to ""
[0.930s] -- Installing: /home/locobot/LoCoBotRos/interbotix_ws/install/ecl_io/lib/ecl_io/demo_poll
[0.930s] -- Set runtime path of "/home/locobot/LoCoBotRos/interbotix_ws/install/ecl_io/lib/ecl_io/demo_poll" to ""
[0.932s] Invoked command in '/home/locobot/LoCoBotRos/interbotix_ws/build/ecl_io' returned '0': AMENT_PREFIX_PATH=/home/locobot/LoCoBotRos/interbotix_ws/install/ecl_errors:/home/locobot/LoCoBotRos/interbotix_ws/install/ecl_config:${AMENT_PREFIX_PATH} CMAKE_PREFIX_PATH=/home/locobot/LoCoBotRos/interbotix_ws/install/ecl_errors:/home/locobot/LoCoBotRos/interbotix_ws/install/ecl_config:/home/locobot/apriltag_ws/install/apriltag_ros:/opt/ros/humble LD_LIBRARY_PATH=/home/locobot/LoCoBotRos/interbotix_ws/install/ecl_errors/lib:${LD_LIBRARY_PATH} PATH=/home/locobot/LoCoBotRos/interbotix_ws/install/ecl_config/bin:${PATH} /usr/bin/cmake --install /home/locobot/LoCoBotRos/interbotix_ws/build/ecl_io
