[0.025s] Invoking command in '/home/locobot/LoCoBotRos/interbotix_ws/build/ecl_command_line': CMAKE_PREFIX_PATH=${CMAKE_PREFIX_PATH}:/home/locobot/LoCoBotRos/interbotix_ws/install/interbotix_xs_modules:/home/locobot/LoCoBotRos/interbotix_ws/install/interbotix_common_modules:/home/locobot/interbotix_ws/install/kobuki_description:/home/locobot/interbotix_ws/install/interbotix_xs_modules:/home/locobot/interbotix_ws/install/interbotix_common_sim:/home/locobot/interbotix_ws/install/interbotix_common_modules:/home/locobot/interbotix_ws/install/ecl_utilities:/home/locobot/interbotix_ws/install/ecl_math:/home/locobot/interbotix_ws/install/ecl_formatters:/home/locobot/interbotix_ws/install/ecl_converters:/home/locobot/interbotix_ws/install/ecl_concepts:/home/locobot/interbotix_ws/install/ecl_type_traits:/home/locobot/interbotix_ws/install/ecl_time_lite:/home/locobot/interbotix_ws/install/ecl_mpl:/home/locobot/interbotix_ws/install/ecl_exceptions:/home/locobot/interbotix_ws/install/ecl_errors:/home/locobot/interbotix_ws/install/ecl_eigen:/home/locobot/interbotix_ws/install/ecl_config:/home/locobot/interbotix_ws/install/ecl_command_line:/home/locobot/interbotix_ws/install/dynamixel_workbench_toolbox:/opt/ros/humble /usr/bin/cmake /home/locobot/LoCoBotRos/interbotix_ws/src/ecl_core/ecl_command_line -DCMAKE_INSTALL_PREFIX=/home/locobot/LoCoBotRos/interbotix_ws/install/ecl_command_line
[0.136s] -- The C compiler identification is GNU 11.4.0
[0.216s] -- The CXX compiler identification is GNU 11.4.0
[0.224s] -- Detecting C compiler ABI info
[0.330s] -- Detecting C compiler ABI info - done
[0.340s] -- Check for working C compiler: /usr/bin/cc - skipped
[0.341s] -- Detecting C compile features
[0.341s] -- Detecting C compile features - done
[0.344s] -- Detecting CXX compiler ABI info
[0.464s] -- Detecting CXX compiler ABI info - done
[0.471s] -- Check for working CXX compiler: /usr/bin/c++ - skipped
[0.471s] -- Detecting CXX compile features
[0.473s] -- Detecting CXX compile features - done
[0.484s] -- Found ament_cmake_ros: 0.10.0 (/opt/ros/humble/share/ament_cmake_ros/cmake)
[0.777s] -- Found Python3: /usr/bin/python3 (found version "3.10.12") found components: Interpreter 
[1.001s] -- Found ecl_build: 1.0.3 (/opt/ros/humble/share/ecl_build/cmake)
[1.098s] -- Found ament_lint_auto: 0.12.12 (/opt/ros/humble/share/ament_lint_auto/cmake)
[1.180s] -- Configuring done
[1.185s] -- Generating done
[1.189s] -- Build files have been written to: /home/locobot/LoCoBotRos/interbotix_ws/build/ecl_command_line
[1.197s] Invoked command in '/home/locobot/LoCoBotRos/interbotix_ws/build/ecl_command_line' returned '0': CMAKE_PREFIX_PATH=${CMAKE_PREFIX_PATH}:/home/locobot/LoCoBotRos/interbotix_ws/install/interbotix_xs_modules:/home/locobot/LoCoBotRos/interbotix_ws/install/interbotix_common_modules:/home/locobot/interbotix_ws/install/kobuki_description:/home/locobot/interbotix_ws/install/interbotix_xs_modules:/home/locobot/interbotix_ws/install/interbotix_common_sim:/home/locobot/interbotix_ws/install/interbotix_common_modules:/home/locobot/interbotix_ws/install/ecl_utilities:/home/locobot/interbotix_ws/install/ecl_math:/home/locobot/interbotix_ws/install/ecl_formatters:/home/locobot/interbotix_ws/install/ecl_converters:/home/locobot/interbotix_ws/install/ecl_concepts:/home/locobot/interbotix_ws/install/ecl_type_traits:/home/locobot/interbotix_ws/install/ecl_time_lite:/home/locobot/interbotix_ws/install/ecl_mpl:/home/locobot/interbotix_ws/install/ecl_exceptions:/home/locobot/interbotix_ws/install/ecl_errors:/home/locobot/interbotix_ws/install/ecl_eigen:/home/locobot/interbotix_ws/install/ecl_config:/home/locobot/interbotix_ws/install/ecl_command_line:/home/locobot/interbotix_ws/install/dynamixel_workbench_toolbox:/opt/ros/humble /usr/bin/cmake /home/locobot/LoCoBotRos/interbotix_ws/src/ecl_core/ecl_command_line -DCMAKE_INSTALL_PREFIX=/home/locobot/LoCoBotRos/interbotix_ws/install/ecl_command_line
[1.199s] Invoking command in '/home/locobot/LoCoBotRos/interbotix_ws/build/ecl_command_line': CMAKE_PREFIX_PATH=${CMAKE_PREFIX_PATH}:/home/locobot/LoCoBotRos/interbotix_ws/install/interbotix_xs_modules:/home/locobot/LoCoBotRos/interbotix_ws/install/interbotix_common_modules:/home/locobot/interbotix_ws/install/kobuki_description:/home/locobot/interbotix_ws/install/interbotix_xs_modules:/home/locobot/interbotix_ws/install/interbotix_common_sim:/home/locobot/interbotix_ws/install/interbotix_common_modules:/home/locobot/interbotix_ws/install/ecl_utilities:/home/locobot/interbotix_ws/install/ecl_math:/home/locobot/interbotix_ws/install/ecl_formatters:/home/locobot/interbotix_ws/install/ecl_converters:/home/locobot/interbotix_ws/install/ecl_concepts:/home/locobot/interbotix_ws/install/ecl_type_traits:/home/locobot/interbotix_ws/install/ecl_time_lite:/home/locobot/interbotix_ws/install/ecl_mpl:/home/locobot/interbotix_ws/install/ecl_exceptions:/home/locobot/interbotix_ws/install/ecl_errors:/home/locobot/interbotix_ws/install/ecl_eigen:/home/locobot/interbotix_ws/install/ecl_config:/home/locobot/interbotix_ws/install/ecl_command_line:/home/locobot/interbotix_ws/install/dynamixel_workbench_toolbox:/opt/ros/humble /usr/bin/cmake --build /home/locobot/LoCoBotRos/interbotix_ws/build/ecl_command_line -- -j16 -l16
[1.281s] [ 50%] [32mBuilding CXX object src/examples/CMakeFiles/ecl_demo_command_line.dir/command_line.cpp.o[0m
[2.177s] [100%] [32m[1mLinking CXX executable demo_command_line[0m
[2.365s] [100%] Built target ecl_demo_command_line
[2.384s] Invoked command in '/home/locobot/LoCoBotRos/interbotix_ws/build/ecl_command_line' returned '0': CMAKE_PREFIX_PATH=${CMAKE_PREFIX_PATH}:/home/locobot/LoCoBotRos/interbotix_ws/install/interbotix_xs_modules:/home/locobot/LoCoBotRos/interbotix_ws/install/interbotix_common_modules:/home/locobot/interbotix_ws/install/kobuki_description:/home/locobot/interbotix_ws/install/interbotix_xs_modules:/home/locobot/interbotix_ws/install/interbotix_common_sim:/home/locobot/interbotix_ws/install/interbotix_common_modules:/home/locobot/interbotix_ws/install/ecl_utilities:/home/locobot/interbotix_ws/install/ecl_math:/home/locobot/interbotix_ws/install/ecl_formatters:/home/locobot/interbotix_ws/install/ecl_converters:/home/locobot/interbotix_ws/install/ecl_concepts:/home/locobot/interbotix_ws/install/ecl_type_traits:/home/locobot/interbotix_ws/install/ecl_time_lite:/home/locobot/interbotix_ws/install/ecl_mpl:/home/locobot/interbotix_ws/install/ecl_exceptions:/home/locobot/interbotix_ws/install/ecl_errors:/home/locobot/interbotix_ws/install/ecl_eigen:/home/locobot/interbotix_ws/install/ecl_config:/home/locobot/interbotix_ws/install/ecl_command_line:/home/locobot/interbotix_ws/install/dynamixel_workbench_toolbox:/opt/ros/humble /usr/bin/cmake --build /home/locobot/LoCoBotRos/interbotix_ws/build/ecl_command_line -- -j16 -l16
[2.386s] Invoking command in '/home/locobot/LoCoBotRos/interbotix_ws/build/ecl_command_line': CMAKE_PREFIX_PATH=${CMAKE_PREFIX_PATH}:/home/locobot/LoCoBotRos/interbotix_ws/install/interbotix_xs_modules:/home/locobot/LoCoBotRos/interbotix_ws/install/interbotix_common_modules:/home/locobot/interbotix_ws/install/kobuki_description:/home/locobot/interbotix_ws/install/interbotix_xs_modules:/home/locobot/interbotix_ws/install/interbotix_common_sim:/home/locobot/interbotix_ws/install/interbotix_common_modules:/home/locobot/interbotix_ws/install/ecl_utilities:/home/locobot/interbotix_ws/install/ecl_math:/home/locobot/interbotix_ws/install/ecl_formatters:/home/locobot/interbotix_ws/install/ecl_converters:/home/locobot/interbotix_ws/install/ecl_concepts:/home/locobot/interbotix_ws/install/ecl_type_traits:/home/locobot/interbotix_ws/install/ecl_time_lite:/home/locobot/interbotix_ws/install/ecl_mpl:/home/locobot/interbotix_ws/install/ecl_exceptions:/home/locobot/interbotix_ws/install/ecl_errors:/home/locobot/interbotix_ws/install/ecl_eigen:/home/locobot/interbotix_ws/install/ecl_config:/home/locobot/interbotix_ws/install/ecl_command_line:/home/locobot/interbotix_ws/install/dynamixel_workbench_toolbox:/opt/ros/humble /usr/bin/cmake --install /home/locobot/LoCoBotRos/interbotix_ws/build/ecl_command_line
[2.396s] -- Install configuration: ""
[2.400s] -- Installing: /home/locobot/LoCoBotRos/interbotix_ws/install/ecl_command_line/share/ament_index/resource_index/package_run_dependencies/ecl_command_line
[2.400s] -- Installing: /home/locobot/LoCoBotRos/interbotix_ws/install/ecl_command_line/share/ament_index/resource_index/parent_prefix_path/ecl_command_line
[2.400s] -- Installing: /home/locobot/LoCoBotRos/interbotix_ws/install/ecl_command_line/share/ecl_command_line/environment/ament_prefix_path.sh
[2.401s] -- Installing: /home/locobot/LoCoBotRos/interbotix_ws/install/ecl_command_line/share/ecl_command_line/environment/ament_prefix_path.dsv
[2.401s] -- Installing: /home/locobot/LoCoBotRos/interbotix_ws/install/ecl_command_line/share/ecl_command_line/environment/path.sh
[2.401s] -- Installing: /home/locobot/LoCoBotRos/interbotix_ws/install/ecl_command_line/share/ecl_command_line/environment/path.dsv
[2.401s] -- Installing: /home/locobot/LoCoBotRos/interbotix_ws/install/ecl_command_line/share/ecl_command_line/local_setup.bash
[2.401s] -- Installing: /home/locobot/LoCoBotRos/interbotix_ws/install/ecl_command_line/share/ecl_command_line/local_setup.sh
[2.401s] -- Installing: /home/locobot/LoCoBotRos/interbotix_ws/install/ecl_command_line/share/ecl_command_line/local_setup.zsh
[2.401s] -- Installing: /home/locobot/LoCoBotRos/interbotix_ws/install/ecl_command_line/share/ecl_command_line/local_setup.dsv
[2.401s] -- Installing: /home/locobot/LoCoBotRos/interbotix_ws/install/ecl_command_line/share/ecl_command_line/package.dsv
[2.401s] -- Installing: /home/locobot/LoCoBotRos/interbotix_ws/install/ecl_command_line/share/ament_index/resource_index/packages/ecl_command_line
[2.401s] -- Installing: /home/locobot/LoCoBotRos/interbotix_ws/install/ecl_command_line/share/ecl_command_line/cmake/ecl_command_lineExport.cmake
[2.401s] -- Installing: /home/locobot/LoCoBotRos/interbotix_ws/install/ecl_command_line/share/ecl_command_line/cmake/ament_cmake_export_targets-extras.cmake
[2.402s] -- Installing: /home/locobot/LoCoBotRos/interbotix_ws/install/ecl_command_line/share/ecl_command_line/cmake/ament_cmake_export_include_directories-extras.cmake
[2.402s] -- Installing: /home/locobot/LoCoBotRos/interbotix_ws/install/ecl_command_line/share/ecl_command_line/cmake/ecl_command_lineConfig.cmake
[2.402s] -- Installing: /home/locobot/LoCoBotRos/interbotix_ws/install/ecl_command_line/share/ecl_command_line/cmake/ecl_command_lineConfig-version.cmake
[2.402s] -- Installing: /home/locobot/LoCoBotRos/interbotix_ws/install/ecl_command_line/share/ecl_command_line/package.xml
[2.406s] -- Installing: /home/locobot/LoCoBotRos/interbotix_ws/install/ecl_command_line/include/ecl/command_line.hpp
[2.406s] -- Installing: /home/locobot/LoCoBotRos/interbotix_ws/install/ecl_command_line/include/ecl/command_line/arg.hpp
[2.406s] -- Installing: /home/locobot/LoCoBotRos/interbotix_ws/install/ecl_command_line/include/ecl/command_line/arg_exception.hpp
[2.406s] -- Installing: /home/locobot/LoCoBotRos/interbotix_ws/install/ecl_command_line/include/ecl/command_line/cmd_line.hpp
[2.406s] -- Installing: /home/locobot/LoCoBotRos/interbotix_ws/install/ecl_command_line/include/ecl/command_line/cmd_line_interface.hpp
[2.406s] -- Installing: /home/locobot/LoCoBotRos/interbotix_ws/install/ecl_command_line/include/ecl/command_line/cmd_line_output.hpp
[2.406s] -- Installing: /home/locobot/LoCoBotRos/interbotix_ws/install/ecl_command_line/include/ecl/command_line/constraint.hpp
[2.406s] -- Installing: /home/locobot/LoCoBotRos/interbotix_ws/install/ecl_command_line/include/ecl/command_line/docbook_output.hpp
[2.406s] -- Installing: /home/locobot/LoCoBotRos/interbotix_ws/install/ecl_command_line/include/ecl/command_line/help_visitor.hpp
[2.406s] -- Installing: /home/locobot/LoCoBotRos/interbotix_ws/install/ecl_command_line/include/ecl/command_line/ignore_rest_visitor.hpp
[2.406s] -- Installing: /home/locobot/LoCoBotRos/interbotix_ws/install/ecl_command_line/include/ecl/command_line/multi_arg.hpp
[2.406s] -- Installing: /home/locobot/LoCoBotRos/interbotix_ws/install/ecl_command_line/include/ecl/command_line/multi_switch_arg.hpp
[2.406s] -- Installing: /home/locobot/LoCoBotRos/interbotix_ws/install/ecl_command_line/include/ecl/command_line/optional_unlabeled_tracker.hpp
[2.407s] -- Installing: /home/locobot/LoCoBotRos/interbotix_ws/install/ecl_command_line/include/ecl/command_line/std_output.hpp
[2.407s] -- Installing: /home/locobot/LoCoBotRos/interbotix_ws/install/ecl_command_line/include/ecl/command_line/switch_arg.hpp
[2.407s] -- Installing: /home/locobot/LoCoBotRos/interbotix_ws/install/ecl_command_line/include/ecl/command_line/unlabeled_multi_arg.hpp
[2.407s] -- Installing: /home/locobot/LoCoBotRos/interbotix_ws/install/ecl_command_line/include/ecl/command_line/unlabeled_value_arg.hpp
[2.407s] -- Installing: /home/locobot/LoCoBotRos/interbotix_ws/install/ecl_command_line/include/ecl/command_line/value_arg.hpp
[2.407s] -- Installing: /home/locobot/LoCoBotRos/interbotix_ws/install/ecl_command_line/include/ecl/command_line/values_constraint.hpp
[2.407s] -- Installing: /home/locobot/LoCoBotRos/interbotix_ws/install/ecl_command_line/include/ecl/command_line/version_visitor.hpp
[2.407s] -- Installing: /home/locobot/LoCoBotRos/interbotix_ws/install/ecl_command_line/include/ecl/command_line/visitor.hpp
[2.407s] -- Installing: /home/locobot/LoCoBotRos/interbotix_ws/install/ecl_command_line/include/ecl/command_line/xor_handler.hpp
[2.407s] -- Installing: /home/locobot/LoCoBotRos/interbotix_ws/install/ecl_command_line/lib/ecl_command_line/demo_command_line
[2.409s] Invoked command in '/home/locobot/LoCoBotRos/interbotix_ws/build/ecl_command_line' returned '0': CMAKE_PREFIX_PATH=${CMAKE_PREFIX_PATH}:/home/locobot/LoCoBotRos/interbotix_ws/install/interbotix_xs_modules:/home/locobot/LoCoBotRos/interbotix_ws/install/interbotix_common_modules:/home/locobot/interbotix_ws/install/kobuki_description:/home/locobot/interbotix_ws/install/interbotix_xs_modules:/home/locobot/interbotix_ws/install/interbotix_common_sim:/home/locobot/interbotix_ws/install/interbotix_common_modules:/home/locobot/interbotix_ws/install/ecl_utilities:/home/locobot/interbotix_ws/install/ecl_math:/home/locobot/interbotix_ws/install/ecl_formatters:/home/locobot/interbotix_ws/install/ecl_converters:/home/locobot/interbotix_ws/install/ecl_concepts:/home/locobot/interbotix_ws/install/ecl_type_traits:/home/locobot/interbotix_ws/install/ecl_time_lite:/home/locobot/interbotix_ws/install/ecl_mpl:/home/locobot/interbotix_ws/install/ecl_exceptions:/home/locobot/interbotix_ws/install/ecl_errors:/home/locobot/interbotix_ws/install/ecl_eigen:/home/locobot/interbotix_ws/install/ecl_config:/home/locobot/interbotix_ws/install/ecl_command_line:/home/locobot/interbotix_ws/install/dynamixel_workbench_toolbox:/opt/ros/humble /usr/bin/cmake --install /home/locobot/LoCoBotRos/interbotix_ws/build/ecl_command_line
