[0.039s] Invoking command in '/home/locobot/LoCoBotRos/interbotix_ws/build/moveit_ros_planning': AMENT_PREFIX_PATH=/home/locobot/LoCoBotRos/interbotix_ws/install/moveit_ros_occupancy_map_monitor:/home/locobot/LoCoBotRos/interbotix_ws/install/moveit_core:/home/locobot/LoCoBotRos/interbotix_ws/install/moveit_resources_panda_moveit_config:/home/locobot/LoCoBotRos/interbotix_ws/install/moveit_configs_utils:/home/locobot/LoCoBotRos/interbotix_ws/install/srdfdom:/home/locobot/LoCoBotRos/interbotix_ws/install/moveit_resources_pr2_description:/home/locobot/LoCoBotRos/interbotix_ws/install/moveit_resources_panda_description:/home/locobot/LoCoBotRos/interbotix_ws/install/moveit_common:/home/locobot/LoCoBotRos/interbotix_ws/install/launch_param_builder:${AMENT_PREFIX_PATH} CMAKE_PREFIX_PATH=/home/locobot/LoCoBotRos/interbotix_ws/install/moveit_ros_occupancy_map_monitor:/home/locobot/LoCoBotRos/interbotix_ws/install/moveit_core:/home/locobot/LoCoBotRos/interbotix_ws/install/moveit_resources_panda_moveit_config:/home/locobot/LoCoBotRos/interbotix_ws/install/srdfdom:/home/locobot/LoCoBotRos/interbotix_ws/install/moveit_resources_pr2_description:/home/locobot/LoCoBotRos/interbotix_ws/install/moveit_resources_panda_description:/home/locobot/LoCoBotRos/interbotix_ws/install/moveit_common:/home/locobot/apriltag_ws/install/apriltag_ros:/opt/ros/humble LD_LIBRARY_PATH=/home/locobot/LoCoBotRos/interbotix_ws/install/moveit_ros_occupancy_map_monitor/lib:/home/locobot/LoCoBotRos/interbotix_ws/install/moveit_core/lib:/home/locobot/LoCoBotRos/interbotix_ws/install/srdfdom/lib:${LD_LIBRARY_PATH} PATH=/home/locobot/LoCoBotRos/interbotix_ws/install/moveit_core/bin:${PATH} PYTHONPATH=/home/locobot/LoCoBotRos/interbotix_ws/install/moveit_configs_utils/lib/python3.10/site-packages:/home/locobot/LoCoBotRos/interbotix_ws/install/srdfdom/local/lib/python3.10/dist-packages:/home/locobot/LoCoBotRos/interbotix_ws/install/launch_param_builder/lib/python3.10/site-packages:${PYTHONPATH} /usr/bin/cmake /home/locobot/LoCoBotRos/interbotix_ws/src/moveit2/moveit_ros/planning -DCMAKE_INSTALL_PREFIX=/home/locobot/LoCoBotRos/interbotix_ws/install/moveit_ros_planning
[0.048s] -- Found moveit_common: 2.5.9 (/home/locobot/LoCoBotRos/interbotix_ws/install/moveit_common/share/moveit_common/cmake)
[0.049s] -- Found ament_cmake: 1.3.11 (/opt/ros/humble/share/ament_cmake/cmake)
[0.354s] -- Found moveit_msgs: 2.2.1 (/opt/ros/humble/share/moveit_msgs/cmake)
[0.389s] -- Found rosidl_generator_c: 3.1.6 (/opt/ros/humble/share/rosidl_generator_c/cmake)
[0.391s] -- Found rosidl_adapter: 3.1.6 (/opt/ros/humble/share/rosidl_adapter/cmake)
[0.399s] -- Found rosidl_generator_cpp: 3.1.6 (/opt/ros/humble/share/rosidl_generator_cpp/cmake)
[0.409s] -- Using all available rosidl_typesupport_c: rosidl_typesupport_fastrtps_c;rosidl_typesupport_introspection_c
[0.421s] -- Using all available rosidl_typesupport_cpp: rosidl_typesupport_fastrtps_cpp;rosidl_typesupport_introspection_cpp
[0.617s] -- Found pluginlib: 5.1.0 (/opt/ros/humble/share/pluginlib/cmake)
[0.635s] -- Found rclcpp: 16.0.12 (/opt/ros/humble/share/rclcpp/cmake)
[0.668s] -- Found rmw_implementation_cmake: 6.1.2 (/opt/ros/humble/share/rmw_implementation_cmake/cmake)
[0.669s] -- Found rmw_fastrtps_cpp: 6.2.7 (/opt/ros/humble/share/rmw_fastrtps_cpp/cmake)
[0.693s] -- Found TinyXML2 via Config file: TinyXML2_DIR-NOTFOUND
[0.704s] -- Found TinyXML2 via Config file: TinyXML2_DIR-NOTFOUND
[0.728s] -- Found TinyXML2 via Config file: TinyXML2_DIR-NOTFOUND
[0.738s] -- Found TinyXML2 via Config file: TinyXML2_DIR-NOTFOUND
[0.756s] -- Using RMW implementation 'rmw_fastrtps_cpp' as default
[0.810s] -- Found message_filters: 4.3.7 (/opt/ros/humble/share/message_filters/cmake)
[0.813s] -- Found srdfdom: 2.0.8 (/home/locobot/LoCoBotRos/interbotix_ws/install/srdfdom/share/srdfdom/cmake)
[0.822s] -- Found tf2: 0.25.13 (/opt/ros/humble/share/tf2/cmake)
[0.826s] -- Found tf2_geometry_msgs: 0.25.13 (/opt/ros/humble/share/tf2_geometry_msgs/cmake)
[0.830s] -- Found eigen3_cmake_module: 0.1.1 (/opt/ros/humble/share/eigen3_cmake_module/cmake)
[0.832s] -- Ensuring Eigen3 include directory is part of orocos-kdl CMake target
[0.906s] -- Found tf2_eigen: 0.25.13 (/opt/ros/humble/share/tf2_eigen/cmake)
[0.911s] -- Found moveit_core: 2.5.9 (/home/locobot/LoCoBotRos/interbotix_ws/install/moveit_core/share/moveit_core/cmake)
[0.928s] -- Found Boost: /usr/lib/x86_64-linux-gnu/cmake/Boost-1.74.0/BoostConfig.cmake (found version "1.74.0") found components: chrono date_time filesystem iostreams program_options regex serialization system thread 
[0.973s] -- Found parameter_traits: 0.5.0 (/opt/ros/humble/share/parameter_traits/cmake)
[0.981s] -- Found rclcpp_lifecycle: 16.0.12 (/opt/ros/humble/share/rclcpp_lifecycle/cmake)
[1.009s] -- Found Boost: /usr/lib/x86_64-linux-gnu/cmake/Boost-1.74.0/BoostConfig.cmake (found version "1.74.0") found components: filesystem 
[1.046s] -- library: /usr/lib/x86_64-linux-gnu/libcurl.so
[1.098s] -- Found moveit_ros_occupancy_map_monitor: 2.5.9 (/home/locobot/LoCoBotRos/interbotix_ws/install/moveit_ros_occupancy_map_monitor/share/moveit_ros_occupancy_map_monitor/cmake)
[1.115s] -- Found Boost: /usr/lib/x86_64-linux-gnu/cmake/Boost-1.74.0/BoostConfig.cmake (found version "1.74.0") found components: system filesystem date_time program_options thread chrono 
[1.197s] -- Found ament_cmake_gtest: 1.3.11 (/opt/ros/humble/share/ament_cmake_gtest/cmake)
[1.197s] -- Found ament_cmake_gmock: 1.3.11 (/opt/ros/humble/share/ament_cmake_gmock/cmake)
[1.198s] -- Found ros_testing: 0.4.0 (/opt/ros/humble/share/ros_testing/cmake)
[1.198s] -- Found launch_testing_ament_cmake: 1.0.9 (/opt/ros/humble/share/launch_testing_ament_cmake/cmake)
[1.198s] -- Found python_cmake_module: 0.10.0 (/opt/ros/humble/share/python_cmake_module/cmake)
[1.221s] -- Using PYTHON_EXECUTABLE: /usr/bin/python3
[1.222s] -- Using PYTHON_INCLUDE_DIRS: /usr/include/python3.10
[1.222s] -- Using PYTHON_LIBRARIES: /usr/lib/x86_64-linux-gnu/libpython3.10.so
[1.224s] -- Found gmock sources under '/opt/ros/humble/src/gmock_vendor': C++ tests using 'Google Mock' will be built
[1.226s] -- Found gtest sources under '/opt/ros/humble/src/gtest_vendor': C++ tests using 'Google Test' will be built
[1.274s] -- Found ament_lint_auto: 0.12.12 (/opt/ros/humble/share/ament_lint_auto/cmake)
[1.287s] -- Found launch_testing_ament_cmake: 1.0.9 (/opt/ros/humble/share/launch_testing_ament_cmake/cmake)
[1.287s] -- Found python_cmake_module: 0.10.0 (/opt/ros/humble/share/python_cmake_module/cmake)
[1.314s] -- Using PYTHON_EXECUTABLE: /usr/bin/python3
[1.315s] -- Using PYTHON_INCLUDE_DIRS: /usr/include/python3.10
[1.315s] -- Using PYTHON_LIBRARIES: /usr/lib/x86_64-linux-gnu/libpython3.10.so
[1.324s] -- Added test 'cppcheck' to perform static code analysis on C / C++ code
[1.325s] -- Configured cppcheck include dirs: /home/locobot/LoCoBotRos/interbotix_ws/src/moveit2/moveit_ros/planning/rdf_loader/include;/home/locobot/LoCoBotRos/interbotix_ws/src/moveit2/moveit_ros/planning/kinematics_plugin_loader/include;/home/locobot/LoCoBotRos/interbotix_ws/src/moveit2/moveit_ros/planning/robot_model_loader/include;/home/locobot/LoCoBotRos/interbotix_ws/src/moveit2/moveit_ros/planning/constraint_sampler_manager_loader/include;/home/locobot/LoCoBotRos/interbotix_ws/src/moveit2/moveit_ros/planning/planning_pipeline/include;/home/locobot/LoCoBotRos/interbotix_ws/src/moveit2/moveit_ros/planning/planning_scene_monitor/include;/home/locobot/LoCoBotRos/interbotix_ws/src/moveit2/moveit_ros/planning/trajectory_execution_manager/include;/home/locobot/LoCoBotRos/interbotix_ws/src/moveit2/moveit_ros/planning/plan_execution/include;/home/locobot/LoCoBotRos/interbotix_ws/src/moveit2/moveit_ros/planning/collision_plugin_loader/include;/home/locobot/LoCoBotRos/interbotix_ws/src/moveit2/moveit_ros/planning/moveit_cpp/include
[1.325s] -- Configured cppcheck exclude dirs and/or files: 
[1.326s] -- Added test 'lint_cmake' to check CMake code style
[1.328s] -- Added test 'pep257' to check Python code against some of the docstring style conventions in PEP 257
[1.328s] -- Added test 'xmllint' to check XML markup files
[1.330s] -- Configuring done
[1.688s] -- Generating done
[1.774s] -- Build files have been written to: /home/locobot/LoCoBotRos/interbotix_ws/build/moveit_ros_planning
[1.799s] Invoked command in '/home/locobot/LoCoBotRos/interbotix_ws/build/moveit_ros_planning' returned '0': AMENT_PREFIX_PATH=/home/locobot/LoCoBotRos/interbotix_ws/install/moveit_ros_occupancy_map_monitor:/home/locobot/LoCoBotRos/interbotix_ws/install/moveit_core:/home/locobot/LoCoBotRos/interbotix_ws/install/moveit_resources_panda_moveit_config:/home/locobot/LoCoBotRos/interbotix_ws/install/moveit_configs_utils:/home/locobot/LoCoBotRos/interbotix_ws/install/srdfdom:/home/locobot/LoCoBotRos/interbotix_ws/install/moveit_resources_pr2_description:/home/locobot/LoCoBotRos/interbotix_ws/install/moveit_resources_panda_description:/home/locobot/LoCoBotRos/interbotix_ws/install/moveit_common:/home/locobot/LoCoBotRos/interbotix_ws/install/launch_param_builder:${AMENT_PREFIX_PATH} CMAKE_PREFIX_PATH=/home/locobot/LoCoBotRos/interbotix_ws/install/moveit_ros_occupancy_map_monitor:/home/locobot/LoCoBotRos/interbotix_ws/install/moveit_core:/home/locobot/LoCoBotRos/interbotix_ws/install/moveit_resources_panda_moveit_config:/home/locobot/LoCoBotRos/interbotix_ws/install/srdfdom:/home/locobot/LoCoBotRos/interbotix_ws/install/moveit_resources_pr2_description:/home/locobot/LoCoBotRos/interbotix_ws/install/moveit_resources_panda_description:/home/locobot/LoCoBotRos/interbotix_ws/install/moveit_common:/home/locobot/apriltag_ws/install/apriltag_ros:/opt/ros/humble LD_LIBRARY_PATH=/home/locobot/LoCoBotRos/interbotix_ws/install/moveit_ros_occupancy_map_monitor/lib:/home/locobot/LoCoBotRos/interbotix_ws/install/moveit_core/lib:/home/locobot/LoCoBotRos/interbotix_ws/install/srdfdom/lib:${LD_LIBRARY_PATH} PATH=/home/locobot/LoCoBotRos/interbotix_ws/install/moveit_core/bin:${PATH} PYTHONPATH=/home/locobot/LoCoBotRos/interbotix_ws/install/moveit_configs_utils/lib/python3.10/site-packages:/home/locobot/LoCoBotRos/interbotix_ws/install/srdfdom/local/lib/python3.10/dist-packages:/home/locobot/LoCoBotRos/interbotix_ws/install/launch_param_builder/lib/python3.10/site-packages:${PYTHONPATH} /usr/bin/cmake /home/locobot/LoCoBotRos/interbotix_ws/src/moveit2/moveit_ros/planning -DCMAKE_INSTALL_PREFIX=/home/locobot/LoCoBotRos/interbotix_ws/install/moveit_ros_planning
[1.800s] Invoking command in '/home/locobot/LoCoBotRos/interbotix_ws/build/moveit_ros_planning': AMENT_PREFIX_PATH=/home/locobot/LoCoBotRos/interbotix_ws/install/moveit_ros_occupancy_map_monitor:/home/locobot/LoCoBotRos/interbotix_ws/install/moveit_core:/home/locobot/LoCoBotRos/interbotix_ws/install/moveit_resources_panda_moveit_config:/home/locobot/LoCoBotRos/interbotix_ws/install/moveit_configs_utils:/home/locobot/LoCoBotRos/interbotix_ws/install/srdfdom:/home/locobot/LoCoBotRos/interbotix_ws/install/moveit_resources_pr2_description:/home/locobot/LoCoBotRos/interbotix_ws/install/moveit_resources_panda_description:/home/locobot/LoCoBotRos/interbotix_ws/install/moveit_common:/home/locobot/LoCoBotRos/interbotix_ws/install/launch_param_builder:${AMENT_PREFIX_PATH} CMAKE_PREFIX_PATH=/home/locobot/LoCoBotRos/interbotix_ws/install/moveit_ros_occupancy_map_monitor:/home/locobot/LoCoBotRos/interbotix_ws/install/moveit_core:/home/locobot/LoCoBotRos/interbotix_ws/install/moveit_resources_panda_moveit_config:/home/locobot/LoCoBotRos/interbotix_ws/install/srdfdom:/home/locobot/LoCoBotRos/interbotix_ws/install/moveit_resources_pr2_description:/home/locobot/LoCoBotRos/interbotix_ws/install/moveit_resources_panda_description:/home/locobot/LoCoBotRos/interbotix_ws/install/moveit_common:/home/locobot/apriltag_ws/install/apriltag_ros:/opt/ros/humble LD_LIBRARY_PATH=/home/locobot/LoCoBotRos/interbotix_ws/install/moveit_ros_occupancy_map_monitor/lib:/home/locobot/LoCoBotRos/interbotix_ws/install/moveit_core/lib:/home/locobot/LoCoBotRos/interbotix_ws/install/srdfdom/lib:${LD_LIBRARY_PATH} PATH=/home/locobot/LoCoBotRos/interbotix_ws/install/moveit_core/bin:${PATH} PYTHONPATH=/home/locobot/LoCoBotRos/interbotix_ws/install/moveit_configs_utils/lib/python3.10/site-packages:/home/locobot/LoCoBotRos/interbotix_ws/install/srdfdom/local/lib/python3.10/dist-packages:/home/locobot/LoCoBotRos/interbotix_ws/install/launch_param_builder/lib/python3.10/site-packages:${PYTHONPATH} /usr/bin/cmake --build /home/locobot/LoCoBotRos/interbotix_ws/build/moveit_ros_planning -- -j16 -l16
[1.843s] [35m[1mConsolidate compiler generated dependencies of target gmock_main[0m
[1.843s] [35m[1mConsolidate compiler generated dependencies of target gmock[0m
[1.846s] [35m[1mConsolidate compiler generated dependencies of target gtest_main[0m
[1.846s] [35m[1mConsolidate compiler generated dependencies of target gtest[0m
[1.846s] [35m[1mConsolidate compiler generated dependencies of target moveit_planning_pipeline[0m
[1.846s] [35m[1mConsolidate compiler generated dependencies of target moveit_list_request_adapter_plugins[0m
[1.846s] [35m[1mConsolidate compiler generated dependencies of target moveit_collision_plugin_loader[0m
[1.847s] [35m[1mConsolidate compiler generated dependencies of target moveit_rdf_loader[0m
[1.862s] [ 10%] Built target gtest
[1.862s] [ 10%] Built target gtest_main
[1.863s] [ 10%] Built target gmock_main
[1.863s] [ 13%] Built target gmock
[1.866s] [35m[1mConsolidate compiler generated dependencies of target moveit_default_planning_request_adapter_plugins[0m
[1.869s] [ 16%] Built target moveit_list_request_adapter_plugins
[1.871s] [ 19%] Built target moveit_collision_plugin_loader
[1.872s] [ 23%] Built target moveit_rdf_loader
[1.874s] [ 26%] Built target moveit_planning_pipeline
[1.883s] [35m[1mConsolidate compiler generated dependencies of target moveit_constraint_sampler_manager_loader[0m
[1.883s] [35m[1mConsolidate compiler generated dependencies of target moveit_kinematics_plugin_loader[0m
[1.903s] [ 29%] Built target moveit_kinematics_plugin_loader
[1.907s] [ 32%] Built target moveit_constraint_sampler_manager_loader
[1.914s] [35m[1mConsolidate compiler generated dependencies of target moveit_robot_model_loader[0m
[1.922s] [ 48%] Built target moveit_default_planning_request_adapter_plugins
[1.933s] [ 51%] Built target moveit_robot_model_loader
[1.945s] [35m[1mConsolidate compiler generated dependencies of target moveit_print_planning_model_info[0m
[1.951s] [35m[1mConsolidate compiler generated dependencies of target moveit_planning_scene_monitor[0m
[1.962s] [ 54%] Built target moveit_print_planning_model_info
[1.990s] [ 63%] Built target moveit_planning_scene_monitor
[2.009s] [35m[1mConsolidate compiler generated dependencies of target planning_scene_monitor_test[0m
[2.009s] [35m[1mConsolidate compiler generated dependencies of target current_state_monitor_tests[0m
[2.010s] [35m[1mConsolidate compiler generated dependencies of target moveit_visualize_robot_collision_volume[0m
[2.010s] [35m[1mConsolidate compiler generated dependencies of target demo_scene[0m
[2.010s] [35m[1mConsolidate compiler generated dependencies of target trajectory_monitor_tests[0m
[2.010s] [35m[1mConsolidate compiler generated dependencies of target moveit_evaluate_collision_checking_speed[0m
[2.010s] [35m[1mConsolidate compiler generated dependencies of target moveit_print_planning_scene_info[0m
[2.010s] [35m[1mConsolidate compiler generated dependencies of target moveit_trajectory_execution_manager[0m
[2.010s] [35m[1mConsolidate compiler generated dependencies of target moveit_publish_scene_from_text[0m
[2.012s] [35m[1mConsolidate compiler generated dependencies of target moveit_display_random_state[0m
[2.033s] [ 66%] Built target current_state_monitor_tests
[2.034s] [ 70%] Built target planning_scene_monitor_test
[2.034s] [ 72%] Built target trajectory_monitor_tests
[2.035s] [ 75%] Built target demo_scene
[2.036s] [ 77%] Built target moveit_visualize_robot_collision_volume
[2.038s] [ 83%] Built target moveit_evaluate_collision_checking_speed
[2.039s] [ 83%] Built target moveit_trajectory_execution_manager
[2.039s] [ 86%] Built target moveit_print_planning_scene_info
[2.040s] [ 89%] Built target moveit_publish_scene_from_text
[2.044s] [ 92%] Built target moveit_display_random_state
[2.050s] [35m[1mConsolidate compiler generated dependencies of target moveit_plan_execution[0m
[2.053s] [35m[1mConsolidate compiler generated dependencies of target moveit_cpp[0m
[2.075s] [ 95%] Built target moveit_plan_execution
[2.086s] [100%] Built target moveit_cpp
[2.096s] Invoked command in '/home/locobot/LoCoBotRos/interbotix_ws/build/moveit_ros_planning' returned '0': AMENT_PREFIX_PATH=/home/locobot/LoCoBotRos/interbotix_ws/install/moveit_ros_occupancy_map_monitor:/home/locobot/LoCoBotRos/interbotix_ws/install/moveit_core:/home/locobot/LoCoBotRos/interbotix_ws/install/moveit_resources_panda_moveit_config:/home/locobot/LoCoBotRos/interbotix_ws/install/moveit_configs_utils:/home/locobot/LoCoBotRos/interbotix_ws/install/srdfdom:/home/locobot/LoCoBotRos/interbotix_ws/install/moveit_resources_pr2_description:/home/locobot/LoCoBotRos/interbotix_ws/install/moveit_resources_panda_description:/home/locobot/LoCoBotRos/interbotix_ws/install/moveit_common:/home/locobot/LoCoBotRos/interbotix_ws/install/launch_param_builder:${AMENT_PREFIX_PATH} CMAKE_PREFIX_PATH=/home/locobot/LoCoBotRos/interbotix_ws/install/moveit_ros_occupancy_map_monitor:/home/locobot/LoCoBotRos/interbotix_ws/install/moveit_core:/home/locobot/LoCoBotRos/interbotix_ws/install/moveit_resources_panda_moveit_config:/home/locobot/LoCoBotRos/interbotix_ws/install/srdfdom:/home/locobot/LoCoBotRos/interbotix_ws/install/moveit_resources_pr2_description:/home/locobot/LoCoBotRos/interbotix_ws/install/moveit_resources_panda_description:/home/locobot/LoCoBotRos/interbotix_ws/install/moveit_common:/home/locobot/apriltag_ws/install/apriltag_ros:/opt/ros/humble LD_LIBRARY_PATH=/home/locobot/LoCoBotRos/interbotix_ws/install/moveit_ros_occupancy_map_monitor/lib:/home/locobot/LoCoBotRos/interbotix_ws/install/moveit_core/lib:/home/locobot/LoCoBotRos/interbotix_ws/install/srdfdom/lib:${LD_LIBRARY_PATH} PATH=/home/locobot/LoCoBotRos/interbotix_ws/install/moveit_core/bin:${PATH} PYTHONPATH=/home/locobot/LoCoBotRos/interbotix_ws/install/moveit_configs_utils/lib/python3.10/site-packages:/home/locobot/LoCoBotRos/interbotix_ws/install/srdfdom/local/lib/python3.10/dist-packages:/home/locobot/LoCoBotRos/interbotix_ws/install/launch_param_builder/lib/python3.10/site-packages:${PYTHONPATH} /usr/bin/cmake --build /home/locobot/LoCoBotRos/interbotix_ws/build/moveit_ros_planning -- -j16 -l16
[2.098s] Invoking command in '/home/locobot/LoCoBotRos/interbotix_ws/build/moveit_ros_planning': AMENT_PREFIX_PATH=/home/locobot/LoCoBotRos/interbotix_ws/install/moveit_ros_occupancy_map_monitor:/home/locobot/LoCoBotRos/interbotix_ws/install/moveit_core:/home/locobot/LoCoBotRos/interbotix_ws/install/moveit_resources_panda_moveit_config:/home/locobot/LoCoBotRos/interbotix_ws/install/moveit_configs_utils:/home/locobot/LoCoBotRos/interbotix_ws/install/srdfdom:/home/locobot/LoCoBotRos/interbotix_ws/install/moveit_resources_pr2_description:/home/locobot/LoCoBotRos/interbotix_ws/install/moveit_resources_panda_description:/home/locobot/LoCoBotRos/interbotix_ws/install/moveit_common:/home/locobot/LoCoBotRos/interbotix_ws/install/launch_param_builder:${AMENT_PREFIX_PATH} CMAKE_PREFIX_PATH=/home/locobot/LoCoBotRos/interbotix_ws/install/moveit_ros_occupancy_map_monitor:/home/locobot/LoCoBotRos/interbotix_ws/install/moveit_core:/home/locobot/LoCoBotRos/interbotix_ws/install/moveit_resources_panda_moveit_config:/home/locobot/LoCoBotRos/interbotix_ws/install/srdfdom:/home/locobot/LoCoBotRos/interbotix_ws/install/moveit_resources_pr2_description:/home/locobot/LoCoBotRos/interbotix_ws/install/moveit_resources_panda_description:/home/locobot/LoCoBotRos/interbotix_ws/install/moveit_common:/home/locobot/apriltag_ws/install/apriltag_ros:/opt/ros/humble LD_LIBRARY_PATH=/home/locobot/LoCoBotRos/interbotix_ws/install/moveit_ros_occupancy_map_monitor/lib:/home/locobot/LoCoBotRos/interbotix_ws/install/moveit_core/lib:/home/locobot/LoCoBotRos/interbotix_ws/install/srdfdom/lib:${LD_LIBRARY_PATH} PATH=/home/locobot/LoCoBotRos/interbotix_ws/install/moveit_core/bin:${PATH} PYTHONPATH=/home/locobot/LoCoBotRos/interbotix_ws/install/moveit_configs_utils/lib/python3.10/site-packages:/home/locobot/LoCoBotRos/interbotix_ws/install/srdfdom/local/lib/python3.10/dist-packages:/home/locobot/LoCoBotRos/interbotix_ws/install/launch_param_builder/lib/python3.10/site-packages:${PYTHONPATH} /usr/bin/cmake --install /home/locobot/LoCoBotRos/interbotix_ws/build/moveit_ros_planning
[2.104s] -- Install configuration: "Release"
[2.104s] -- Up-to-date: /home/locobot/LoCoBotRos/interbotix_ws/install/moveit_ros_planning/include
[2.104s] -- Up-to-date: /home/locobot/LoCoBotRos/interbotix_ws/install/moveit_ros_planning/include/moveit
[2.104s] -- Up-to-date: /home/locobot/LoCoBotRos/interbotix_ws/install/moveit_ros_planning/include/moveit/rdf_loader
[2.104s] -- Up-to-date: /home/locobot/LoCoBotRos/interbotix_ws/install/moveit_ros_planning/include/moveit/rdf_loader/rdf_loader.h
[2.104s] -- Up-to-date: /home/locobot/LoCoBotRos/interbotix_ws/install/moveit_ros_planning/include/moveit/rdf_loader/synchronized_string_parameter.h
[2.104s] -- Up-to-date: /home/locobot/LoCoBotRos/interbotix_ws/install/moveit_ros_planning/share/moveit_ros_planning/rdf_loader/test/data
[2.104s] -- Up-to-date: /home/locobot/LoCoBotRos/interbotix_ws/install/moveit_ros_planning/share/moveit_ros_planning/rdf_loader/test/data/gonzo.urdf
[2.104s] -- Up-to-date: /home/locobot/LoCoBotRos/interbotix_ws/install/moveit_ros_planning/share/moveit_ros_planning/rdf_loader/test/data/kermit.srdf
[2.105s] -- Up-to-date: /home/locobot/LoCoBotRos/interbotix_ws/install/moveit_ros_planning/share/moveit_ros_planning/rdf_loader/test/data/gonzo.srdf
[2.105s] -- Up-to-date: /home/locobot/LoCoBotRos/interbotix_ws/install/moveit_ros_planning/share/moveit_ros_planning/rdf_loader/test/data/kermit.urdf
[2.105s] -- Up-to-date: /home/locobot/LoCoBotRos/interbotix_ws/install/moveit_ros_planning/share/moveit_ros_planning/rdf_loader/test/data/robin.srdf.xacro
[2.105s] -- Up-to-date: /home/locobot/LoCoBotRos/interbotix_ws/install/moveit_ros_planning/share/moveit_ros_planning/rdf_loader/test/launch
[2.105s] -- Up-to-date: /home/locobot/LoCoBotRos/interbotix_ws/install/moveit_ros_planning/share/moveit_ros_planning/rdf_loader/test/launch/test_rdf_integration.test.py
[2.105s] -- Up-to-date: /home/locobot/LoCoBotRos/interbotix_ws/install/moveit_ros_planning/include
[2.105s] -- Up-to-date: /home/locobot/LoCoBotRos/interbotix_ws/install/moveit_ros_planning/include/moveit
[2.105s] -- Up-to-date: /home/locobot/LoCoBotRos/interbotix_ws/install/moveit_ros_planning/include/moveit/collision_plugin_loader
[2.105s] -- Up-to-date: /home/locobot/LoCoBotRos/interbotix_ws/install/moveit_ros_planning/include/moveit/collision_plugin_loader/collision_plugin_loader.h
[2.105s] -- Up-to-date: /home/locobot/LoCoBotRos/interbotix_ws/install/moveit_ros_planning/include
[2.105s] -- Up-to-date: /home/locobot/LoCoBotRos/interbotix_ws/install/moveit_ros_planning/include/moveit
[2.105s] -- Up-to-date: /home/locobot/LoCoBotRos/interbotix_ws/install/moveit_ros_planning/include/moveit/kinematics_plugin_loader
[2.105s] -- Up-to-date: /home/locobot/LoCoBotRos/interbotix_ws/install/moveit_ros_planning/include/moveit/kinematics_plugin_loader/kinematics_plugin_loader.h
[2.105s] -- Up-to-date: /home/locobot/LoCoBotRos/interbotix_ws/install/moveit_ros_planning/include
[2.106s] -- Up-to-date: /home/locobot/LoCoBotRos/interbotix_ws/install/moveit_ros_planning/include/moveit
[2.106s] -- Up-to-date: /home/locobot/LoCoBotRos/interbotix_ws/install/moveit_ros_planning/include/moveit/robot_model_loader
[2.106s] -- Up-to-date: /home/locobot/LoCoBotRos/interbotix_ws/install/moveit_ros_planning/include/moveit/robot_model_loader/robot_model_loader.h
[2.107s] -- Up-to-date: /home/locobot/LoCoBotRos/interbotix_ws/install/moveit_ros_planning/include
[2.107s] -- Up-to-date: /home/locobot/LoCoBotRos/interbotix_ws/install/moveit_ros_planning/include/moveit
[2.107s] -- Up-to-date: /home/locobot/LoCoBotRos/interbotix_ws/install/moveit_ros_planning/include/moveit/constraint_sampler_manager_loader
[2.107s] -- Up-to-date: /home/locobot/LoCoBotRos/interbotix_ws/install/moveit_ros_planning/include/moveit/constraint_sampler_manager_loader/constraint_sampler_manager_loader.h
[2.107s] -- Up-to-date: /home/locobot/LoCoBotRos/interbotix_ws/install/moveit_ros_planning/include
[2.107s] -- Up-to-date: /home/locobot/LoCoBotRos/interbotix_ws/install/moveit_ros_planning/include/moveit
[2.107s] -- Up-to-date: /home/locobot/LoCoBotRos/interbotix_ws/install/moveit_ros_planning/include/moveit/planning_pipeline
[2.107s] -- Up-to-date: /home/locobot/LoCoBotRos/interbotix_ws/install/moveit_ros_planning/include/moveit/planning_pipeline/planning_pipeline.h
[2.107s] -- Up-to-date: /home/locobot/LoCoBotRos/interbotix_ws/install/moveit_ros_planning/include/moveit_planning_pipeline_export.h
[2.109s] -- Up-to-date: /home/locobot/LoCoBotRos/interbotix_ws/install/moveit_ros_planning/lib/moveit_ros_planning/moveit_list_request_adapter_plugins
[2.109s] -- Up-to-date: /home/locobot/LoCoBotRos/interbotix_ws/install/moveit_ros_planning/lib/moveit_ros_planning/demo_scene
[2.109s] -- Up-to-date: /home/locobot/LoCoBotRos/interbotix_ws/install/moveit_ros_planning/include
[2.109s] -- Up-to-date: /home/locobot/LoCoBotRos/interbotix_ws/install/moveit_ros_planning/include/moveit
[2.109s] -- Up-to-date: /home/locobot/LoCoBotRos/interbotix_ws/install/moveit_ros_planning/include/moveit/planning_scene_monitor
[2.110s] -- Up-to-date: /home/locobot/LoCoBotRos/interbotix_ws/install/moveit_ros_planning/include/moveit/planning_scene_monitor/trajectory_monitor.h
[2.110s] -- Up-to-date: /home/locobot/LoCoBotRos/interbotix_ws/install/moveit_ros_planning/include/moveit/planning_scene_monitor/current_state_monitor_middleware_handle.hpp
[2.110s] -- Up-to-date: /home/locobot/LoCoBotRos/interbotix_ws/install/moveit_ros_planning/include/moveit/planning_scene_monitor/current_state_monitor.h
[2.110s] -- Up-to-date: /home/locobot/LoCoBotRos/interbotix_ws/install/moveit_ros_planning/include/moveit/planning_scene_monitor/trajectory_monitor_middleware_handle.hpp
[2.110s] -- Up-to-date: /home/locobot/LoCoBotRos/interbotix_ws/install/moveit_ros_planning/include/moveit/planning_scene_monitor/planning_scene_monitor.h
[2.110s] -- Up-to-date: /home/locobot/LoCoBotRos/interbotix_ws/install/moveit_ros_planning/include/moveit_planning_scene_monitor_export.h
[2.111s] -- Up-to-date: /home/locobot/LoCoBotRos/interbotix_ws/install/moveit_ros_planning/lib/moveit_ros_planning/moveit_print_planning_model_info
[2.111s] -- Up-to-date: /home/locobot/LoCoBotRos/interbotix_ws/install/moveit_ros_planning/lib/moveit_ros_planning/moveit_print_planning_scene_info
[2.111s] -- Up-to-date: /home/locobot/LoCoBotRos/interbotix_ws/install/moveit_ros_planning/lib/moveit_ros_planning/moveit_display_random_state
[2.111s] -- Up-to-date: /home/locobot/LoCoBotRos/interbotix_ws/install/moveit_ros_planning/lib/moveit_ros_planning/moveit_visualize_robot_collision_volume
[2.111s] -- Up-to-date: /home/locobot/LoCoBotRos/interbotix_ws/install/moveit_ros_planning/lib/moveit_ros_planning/moveit_evaluate_collision_checking_speed
[2.111s] -- Up-to-date: /home/locobot/LoCoBotRos/interbotix_ws/install/moveit_ros_planning/lib/moveit_ros_planning/moveit_publish_scene_from_text
[2.112s] -- Up-to-date: /home/locobot/LoCoBotRos/interbotix_ws/install/moveit_ros_planning/include
[2.112s] -- Up-to-date: /home/locobot/LoCoBotRos/interbotix_ws/install/moveit_ros_planning/include/moveit
[2.112s] -- Up-to-date: /home/locobot/LoCoBotRos/interbotix_ws/install/moveit_ros_planning/include/moveit/trajectory_execution_manager
[2.112s] -- Up-to-date: /home/locobot/LoCoBotRos/interbotix_ws/install/moveit_ros_planning/include/moveit/trajectory_execution_manager/trajectory_execution_manager.h
[2.112s] -- Up-to-date: /home/locobot/LoCoBotRos/interbotix_ws/install/moveit_ros_planning/include/moveit_trajectory_execution_manager_export.h
[2.112s] -- Up-to-date: /home/locobot/LoCoBotRos/interbotix_ws/install/moveit_ros_planning/include
[2.112s] -- Up-to-date: /home/locobot/LoCoBotRos/interbotix_ws/install/moveit_ros_planning/include/moveit
[2.113s] -- Up-to-date: /home/locobot/LoCoBotRos/interbotix_ws/install/moveit_ros_planning/include/moveit/plan_execution
[2.113s] -- Up-to-date: /home/locobot/LoCoBotRos/interbotix_ws/install/moveit_ros_planning/include/moveit/plan_execution/plan_representation.h
[2.113s] -- Up-to-date: /home/locobot/LoCoBotRos/interbotix_ws/install/moveit_ros_planning/include/moveit/plan_execution/plan_execution.h
[2.113s] -- Up-to-date: /home/locobot/LoCoBotRos/interbotix_ws/install/moveit_ros_planning/include
[2.113s] -- Up-to-date: /home/locobot/LoCoBotRos/interbotix_ws/install/moveit_ros_planning/include/moveit
[2.115s] -- Up-to-date: /home/locobot/LoCoBotRos/interbotix_ws/install/moveit_ros_planning/include/moveit/moveit_cpp
[2.115s] -- Up-to-date: /home/locobot/LoCoBotRos/interbotix_ws/install/moveit_ros_planning/include/moveit/moveit_cpp/planning_component.h
[2.115s] -- Up-to-date: /home/locobot/LoCoBotRos/interbotix_ws/install/moveit_ros_planning/include/moveit/moveit_cpp/moveit_cpp.h
[2.115s] -- Up-to-date: /home/locobot/LoCoBotRos/interbotix_ws/install/moveit_ros_planning/lib/libmoveit_rdf_loader.so.2.5.9
[2.115s] -- Up-to-date: /home/locobot/LoCoBotRos/interbotix_ws/install/moveit_ros_planning/lib/libmoveit_rdf_loader.so
[2.116s] -- Up-to-date: /home/locobot/LoCoBotRos/interbotix_ws/install/moveit_ros_planning/lib/libmoveit_kinematics_plugin_loader.so.2.5.9
[2.116s] -- Up-to-date: /home/locobot/LoCoBotRos/interbotix_ws/install/moveit_ros_planning/lib/libmoveit_kinematics_plugin_loader.so
[2.116s] -- Up-to-date: /home/locobot/LoCoBotRos/interbotix_ws/install/moveit_ros_planning/lib/libmoveit_robot_model_loader.so.2.5.9
[2.116s] -- Up-to-date: /home/locobot/LoCoBotRos/interbotix_ws/install/moveit_ros_planning/lib/libmoveit_robot_model_loader.so
[2.116s] -- Up-to-date: /home/locobot/LoCoBotRos/interbotix_ws/install/moveit_ros_planning/lib/libmoveit_constraint_sampler_manager_loader.so.2.5.9
[2.116s] -- Up-to-date: /home/locobot/LoCoBotRos/interbotix_ws/install/moveit_ros_planning/lib/libmoveit_constraint_sampler_manager_loader.so
[2.116s] -- Up-to-date: /home/locobot/LoCoBotRos/interbotix_ws/install/moveit_ros_planning/lib/libmoveit_planning_pipeline.so.2.5.9
[2.116s] -- Up-to-date: /home/locobot/LoCoBotRos/interbotix_ws/install/moveit_ros_planning/lib/libmoveit_planning_pipeline.so
[2.117s] -- Up-to-date: /home/locobot/LoCoBotRos/interbotix_ws/install/moveit_ros_planning/lib/libmoveit_trajectory_execution_manager.so.2.5.9
[2.117s] -- Up-to-date: /home/locobot/LoCoBotRos/interbotix_ws/install/moveit_ros_planning/lib/libmoveit_trajectory_execution_manager.so
[2.118s] -- Up-to-date: /home/locobot/LoCoBotRos/interbotix_ws/install/moveit_ros_planning/lib/libmoveit_plan_execution.so.2.5.9
[2.118s] -- Up-to-date: /home/locobot/LoCoBotRos/interbotix_ws/install/moveit_ros_planning/lib/libmoveit_plan_execution.so
[2.119s] -- Up-to-date: /home/locobot/LoCoBotRos/interbotix_ws/install/moveit_ros_planning/lib/libmoveit_planning_scene_monitor.so.2.5.9
[2.119s] -- Up-to-date: /home/locobot/LoCoBotRos/interbotix_ws/install/moveit_ros_planning/lib/libmoveit_planning_scene_monitor.so
[2.119s] -- Up-to-date: /home/locobot/LoCoBotRos/interbotix_ws/install/moveit_ros_planning/lib/libmoveit_collision_plugin_loader.so.2.5.9
[2.119s] -- Up-to-date: /home/locobot/LoCoBotRos/interbotix_ws/install/moveit_ros_planning/lib/libmoveit_collision_plugin_loader.so
[2.120s] -- Up-to-date: /home/locobot/LoCoBotRos/interbotix_ws/install/moveit_ros_planning/lib/libmoveit_default_planning_request_adapter_plugins.so.2.5.9
[2.120s] -- Up-to-date: /home/locobot/LoCoBotRos/interbotix_ws/install/moveit_ros_planning/lib/libmoveit_default_planning_request_adapter_plugins.so
[2.121s] -- Up-to-date: /home/locobot/LoCoBotRos/interbotix_ws/install/moveit_ros_planning/lib/libmoveit_cpp.so.2.5.9
[2.121s] -- Up-to-date: /home/locobot/LoCoBotRos/interbotix_ws/install/moveit_ros_planning/lib/libmoveit_cpp.so
[2.121s] -- Up-to-date: /home/locobot/LoCoBotRos/interbotix_ws/install/moveit_ros_planning/share/moveit_ros_planning/environment/library_path.sh
[2.121s] -- Installing: /home/locobot/LoCoBotRos/interbotix_ws/install/moveit_ros_planning/share/moveit_ros_planning/environment/library_path.dsv
[2.122s] -- Up-to-date: /home/locobot/LoCoBotRos/interbotix_ws/install/moveit_ros_planning/share/moveit_ros_planning/planning_request_adapters_plugin_description.xml
[2.122s] -- Up-to-date: /home/locobot/LoCoBotRos/interbotix_ws/install/moveit_ros_planning/share/ament_index/resource_index/package_run_dependencies/moveit_ros_planning
[2.122s] -- Up-to-date: /home/locobot/LoCoBotRos/interbotix_ws/install/moveit_ros_planning/share/ament_index/resource_index/parent_prefix_path/moveit_ros_planning
[2.122s] -- Up-to-date: /home/locobot/LoCoBotRos/interbotix_ws/install/moveit_ros_planning/share/moveit_ros_planning/environment/ament_prefix_path.sh
[2.122s] -- Installing: /home/locobot/LoCoBotRos/interbotix_ws/install/moveit_ros_planning/share/moveit_ros_planning/environment/ament_prefix_path.dsv
[2.122s] -- Up-to-date: /home/locobot/LoCoBotRos/interbotix_ws/install/moveit_ros_planning/share/moveit_ros_planning/environment/path.sh
[2.122s] -- Installing: /home/locobot/LoCoBotRos/interbotix_ws/install/moveit_ros_planning/share/moveit_ros_planning/environment/path.dsv
[2.122s] -- Up-to-date: /home/locobot/LoCoBotRos/interbotix_ws/install/moveit_ros_planning/share/moveit_ros_planning/local_setup.bash
[2.123s] -- Up-to-date: /home/locobot/LoCoBotRos/interbotix_ws/install/moveit_ros_planning/share/moveit_ros_planning/local_setup.sh
[2.123s] -- Up-to-date: /home/locobot/LoCoBotRos/interbotix_ws/install/moveit_ros_planning/share/moveit_ros_planning/local_setup.zsh
[2.123s] -- Installing: /home/locobot/LoCoBotRos/interbotix_ws/install/moveit_ros_planning/share/moveit_ros_planning/local_setup.dsv
[2.123s] -- Installing: /home/locobot/LoCoBotRos/interbotix_ws/install/moveit_ros_planning/share/moveit_ros_planning/package.dsv
[2.123s] -- Up-to-date: /home/locobot/LoCoBotRos/interbotix_ws/install/moveit_ros_planning/share/ament_index/resource_index/packages/moveit_ros_planning
[2.123s] -- Up-to-date: /home/locobot/LoCoBotRos/interbotix_ws/install/moveit_ros_planning/share/ament_index/resource_index/moveit_core__pluginlib__plugin/moveit_ros_planning
[2.124s] -- Up-to-date: /home/locobot/LoCoBotRos/interbotix_ws/install/moveit_ros_planning/share/moveit_ros_planning/cmake/export_moveit_ros_planningExport.cmake
[2.124s] -- Up-to-date: /home/locobot/LoCoBotRos/interbotix_ws/install/moveit_ros_planning/share/moveit_ros_planning/cmake/export_moveit_ros_planningExport-release.cmake
[2.124s] -- Up-to-date: /home/locobot/LoCoBotRos/interbotix_ws/install/moveit_ros_planning/share/moveit_ros_planning/cmake/ConfigExtras.cmake
[2.124s] -- Up-to-date: /home/locobot/LoCoBotRos/interbotix_ws/install/moveit_ros_planning/share/moveit_ros_planning/cmake/ament_cmake_export_targets-extras.cmake
[2.124s] -- Up-to-date: /home/locobot/LoCoBotRos/interbotix_ws/install/moveit_ros_planning/share/moveit_ros_planning/cmake/ament_cmake_export_dependencies-extras.cmake
[2.124s] -- Up-to-date: /home/locobot/LoCoBotRos/interbotix_ws/install/moveit_ros_planning/share/moveit_ros_planning/cmake/moveit_ros_planningConfig.cmake
[2.124s] -- Up-to-date: /home/locobot/LoCoBotRos/interbotix_ws/install/moveit_ros_planning/share/moveit_ros_planning/cmake/moveit_ros_planningConfig-version.cmake
[2.124s] -- Up-to-date: /home/locobot/LoCoBotRos/interbotix_ws/install/moveit_ros_planning/share/moveit_ros_planning/package.xml
[2.126s] Invoked command in '/home/locobot/LoCoBotRos/interbotix_ws/build/moveit_ros_planning' returned '0': AMENT_PREFIX_PATH=/home/locobot/LoCoBotRos/interbotix_ws/install/moveit_ros_occupancy_map_monitor:/home/locobot/LoCoBotRos/interbotix_ws/install/moveit_core:/home/locobot/LoCoBotRos/interbotix_ws/install/moveit_resources_panda_moveit_config:/home/locobot/LoCoBotRos/interbotix_ws/install/moveit_configs_utils:/home/locobot/LoCoBotRos/interbotix_ws/install/srdfdom:/home/locobot/LoCoBotRos/interbotix_ws/install/moveit_resources_pr2_description:/home/locobot/LoCoBotRos/interbotix_ws/install/moveit_resources_panda_description:/home/locobot/LoCoBotRos/interbotix_ws/install/moveit_common:/home/locobot/LoCoBotRos/interbotix_ws/install/launch_param_builder:${AMENT_PREFIX_PATH} CMAKE_PREFIX_PATH=/home/locobot/LoCoBotRos/interbotix_ws/install/moveit_ros_occupancy_map_monitor:/home/locobot/LoCoBotRos/interbotix_ws/install/moveit_core:/home/locobot/LoCoBotRos/interbotix_ws/install/moveit_resources_panda_moveit_config:/home/locobot/LoCoBotRos/interbotix_ws/install/srdfdom:/home/locobot/LoCoBotRos/interbotix_ws/install/moveit_resources_pr2_description:/home/locobot/LoCoBotRos/interbotix_ws/install/moveit_resources_panda_description:/home/locobot/LoCoBotRos/interbotix_ws/install/moveit_common:/home/locobot/apriltag_ws/install/apriltag_ros:/opt/ros/humble LD_LIBRARY_PATH=/home/locobot/LoCoBotRos/interbotix_ws/install/moveit_ros_occupancy_map_monitor/lib:/home/locobot/LoCoBotRos/interbotix_ws/install/moveit_core/lib:/home/locobot/LoCoBotRos/interbotix_ws/install/srdfdom/lib:${LD_LIBRARY_PATH} PATH=/home/locobot/LoCoBotRos/interbotix_ws/install/moveit_core/bin:${PATH} PYTHONPATH=/home/locobot/LoCoBotRos/interbotix_ws/install/moveit_configs_utils/lib/python3.10/site-packages:/home/locobot/LoCoBotRos/interbotix_ws/install/srdfdom/local/lib/python3.10/dist-packages:/home/locobot/LoCoBotRos/interbotix_ws/install/launch_param_builder/lib/python3.10/site-packages:${PYTHONPATH} /usr/bin/cmake --install /home/locobot/LoCoBotRos/interbotix_ws/build/moveit_ros_planning
