[0.853s] Invoking command in '/home/locobot/LoCoBotRos/interbotix_ws/src/interbotix_ros_toolboxes/interbotix_xs_toolbox/interbotix_xs_modules': AMENT_PREFIX_PATH=/home/locobot/LoCoBotRos/interbotix_ws/install/interbotix_xs_sdk:/home/locobot/LoCoBotRos/interbotix_ws/install/interbotix_xs_driver:/home/locobot/LoCoBotRos/interbotix_ws/install/interbotix_xs_msgs:/home/locobot/LoCoBotRos/interbotix_ws/install/interbotix_common_modules:/home/locobot/LoCoBotRos/interbotix_ws/install/dynamixel_workbench_toolbox:${AMENT_PREFIX_PATH} CMAKE_PREFIX_PATH=/home/locobot/LoCoBotRos/interbotix_ws/install/interbotix_xs_sdk:/home/locobot/LoCoBotRos/interbotix_ws/install/interbotix_xs_driver:/home/locobot/LoCoBotRos/interbotix_ws/install/interbotix_xs_msgs:/home/locobot/LoCoBotRos/interbotix_ws/install/dynamixel_workbench_toolbox:${CMAKE_PREFIX_PATH} LD_LIBRARY_PATH=/home/locobot/LoCoBotRos/interbotix_ws/install/interbotix_xs_driver/lib:/home/locobot/LoCoBotRos/interbotix_ws/install/interbotix_xs_msgs/lib:/home/locobot/LoCoBotRos/interbotix_ws/install/dynamixel_workbench_toolbox/lib:${LD_LIBRARY_PATH} PYTHONPATH=/home/locobot/LoCoBotRos/interbotix_ws/build/interbotix_xs_modules/prefix_override:/usr/lib/python3/dist-packages/colcon_core/task/python/colcon_distutils_commands:/home/locobot/LoCoBotRos/interbotix_ws/install/interbotix_xs_modules/lib/python3.10/site-packages:/home/locobot/LoCoBotRos/interbotix_ws/install/interbotix_xs_msgs/local/lib/python3.10/dist-packages:/home/locobot/LoCoBotRos/interbotix_ws/install/interbotix_common_modules/lib/python3.10/site-packages:${PYTHONPATH} /usr/bin/python3 -W ignore:setup.py install is deprecated -W ignore:easy_install command is deprecated setup.py egg_info --egg-base ../../../../build/interbotix_xs_modules build --build-base /home/locobot/LoCoBotRos/interbotix_ws/build/interbotix_xs_modules/build install --record /home/locobot/LoCoBotRos/interbotix_ws/build/interbotix_xs_modules/install.log --single-version-externally-managed install_data
[1.207s] running egg_info
[1.209s] writing ../../../../build/interbotix_xs_modules/interbotix_xs_modules.egg-info/PKG-INFO
[1.209s] writing dependency_links to ../../../../build/interbotix_xs_modules/interbotix_xs_modules.egg-info/dependency_links.txt
[1.209s] writing entry points to ../../../../build/interbotix_xs_modules/interbotix_xs_modules.egg-info/entry_points.txt
[1.209s] writing requirements to ../../../../build/interbotix_xs_modules/interbotix_xs_modules.egg-info/requires.txt
[1.209s] writing top-level names to ../../../../build/interbotix_xs_modules/interbotix_xs_modules.egg-info/top_level.txt
[1.213s] reading manifest file '../../../../build/interbotix_xs_modules/interbotix_xs_modules.egg-info/SOURCES.txt'
[1.214s] writing manifest file '../../../../build/interbotix_xs_modules/interbotix_xs_modules.egg-info/SOURCES.txt'
[1.214s] running build
[1.214s] running build_py
[1.216s] running install
[1.216s] running install_lib
[1.219s] running install_data
[1.219s] running install_egg_info
[1.220s] removing '/home/locobot/LoCoBotRos/interbotix_ws/install/interbotix_xs_modules/lib/python3.10/site-packages/interbotix_xs_modules-0.0.0-py3.10.egg-info' (and everything under it)
[1.220s] Copying ../../../../build/interbotix_xs_modules/interbotix_xs_modules.egg-info to /home/locobot/LoCoBotRos/interbotix_ws/install/interbotix_xs_modules/lib/python3.10/site-packages/interbotix_xs_modules-0.0.0-py3.10.egg-info
[1.226s] running install_scripts
[1.252s] writing list of installed files to '/home/locobot/LoCoBotRos/interbotix_ws/build/interbotix_xs_modules/install.log'
[1.330s] Invoked command in '/home/locobot/LoCoBotRos/interbotix_ws/src/interbotix_ros_toolboxes/interbotix_xs_toolbox/interbotix_xs_modules' returned '0': AMENT_PREFIX_PATH=/home/locobot/LoCoBotRos/interbotix_ws/install/interbotix_xs_sdk:/home/locobot/LoCoBotRos/interbotix_ws/install/interbotix_xs_driver:/home/locobot/LoCoBotRos/interbotix_ws/install/interbotix_xs_msgs:/home/locobot/LoCoBotRos/interbotix_ws/install/interbotix_common_modules:/home/locobot/LoCoBotRos/interbotix_ws/install/dynamixel_workbench_toolbox:${AMENT_PREFIX_PATH} CMAKE_PREFIX_PATH=/home/locobot/LoCoBotRos/interbotix_ws/install/interbotix_xs_sdk:/home/locobot/LoCoBotRos/interbotix_ws/install/interbotix_xs_driver:/home/locobot/LoCoBotRos/interbotix_ws/install/interbotix_xs_msgs:/home/locobot/LoCoBotRos/interbotix_ws/install/dynamixel_workbench_toolbox:${CMAKE_PREFIX_PATH} LD_LIBRARY_PATH=/home/locobot/LoCoBotRos/interbotix_ws/install/interbotix_xs_driver/lib:/home/locobot/LoCoBotRos/interbotix_ws/install/interbotix_xs_msgs/lib:/home/locobot/LoCoBotRos/interbotix_ws/install/dynamixel_workbench_toolbox/lib:${LD_LIBRARY_PATH} PYTHONPATH=/home/locobot/LoCoBotRos/interbotix_ws/build/interbotix_xs_modules/prefix_override:/usr/lib/python3/dist-packages/colcon_core/task/python/colcon_distutils_commands:/home/locobot/LoCoBotRos/interbotix_ws/install/interbotix_xs_modules/lib/python3.10/site-packages:/home/locobot/LoCoBotRos/interbotix_ws/install/interbotix_xs_msgs/local/lib/python3.10/dist-packages:/home/locobot/LoCoBotRos/interbotix_ws/install/interbotix_common_modules/lib/python3.10/site-packages:${PYTHONPATH} /usr/bin/python3 -W ignore:setup.py install is deprecated -W ignore:easy_install command is deprecated setup.py egg_info --egg-base ../../../../build/interbotix_xs_modules build --build-base /home/locobot/LoCoBotRos/interbotix_ws/build/interbotix_xs_modules/build install --record /home/locobot/LoCoBotRos/interbotix_ws/build/interbotix_xs_modules/install.log --single-version-externally-managed install_data
