[0.038s] Invoking command in '/home/locobot/LoCoBotRos/interbotix_ws/build/moveit_kinematics': AMENT_PREFIX_PATH=/home/locobot/LoCoBotRos/interbotix_ws/install/moveit_ros_planning:/home/locobot/LoCoBotRos/interbotix_ws/install/moveit_ros_occupancy_map_monitor:/home/locobot/LoCoBotRos/interbotix_ws/install/moveit_core:/home/locobot/LoCoBotRos/interbotix_ws/install/moveit_resources_panda_moveit_config:/home/locobot/LoCoBotRos/interbotix_ws/install/moveit_resources_fanuc_moveit_config:/home/locobot/LoCoBotRos/interbotix_ws/install/moveit_configs_utils:/home/locobot/LoCoBotRos/interbotix_ws/install/srdfdom:/home/locobot/LoCoBotRos/interbotix_ws/install/moveit_resources_pr2_description:/home/locobot/LoCoBotRos/interbotix_ws/install/moveit_resources_panda_description:/home/locobot/LoCoBotRos/interbotix_ws/install/moveit_resources_fanuc_description:/home/locobot/LoCoBotRos/interbotix_ws/install/moveit_common:/home/locobot/LoCoBotRos/interbotix_ws/install/launch_param_builder:${AMENT_PREFIX_PATH} CMAKE_PREFIX_PATH=/home/locobot/LoCoBotRos/interbotix_ws/install/moveit_ros_planning:/home/locobot/LoCoBotRos/interbotix_ws/install/moveit_ros_occupancy_map_monitor:/home/locobot/LoCoBotRos/interbotix_ws/install/moveit_core:/home/locobot/LoCoBotRos/interbotix_ws/install/moveit_resources_panda_moveit_config:/home/locobot/LoCoBotRos/interbotix_ws/install/moveit_resources_fanuc_moveit_config:/home/locobot/LoCoBotRos/interbotix_ws/install/srdfdom:/home/locobot/LoCoBotRos/interbotix_ws/install/moveit_resources_pr2_description:/home/locobot/LoCoBotRos/interbotix_ws/install/moveit_resources_panda_description:/home/locobot/LoCoBotRos/interbotix_ws/install/moveit_resources_fanuc_description:/home/locobot/LoCoBotRos/interbotix_ws/install/moveit_common:/home/locobot/apriltag_ws/install/apriltag_ros:/opt/ros/humble LD_LIBRARY_PATH=/home/locobot/LoCoBotRos/interbotix_ws/install/moveit_ros_planning/lib:/home/locobot/LoCoBotRos/interbotix_ws/install/moveit_ros_occupancy_map_monitor/lib:/home/locobot/LoCoBotRos/interbotix_ws/install/moveit_core/lib:/home/locobot/LoCoBotRos/interbotix_ws/install/srdfdom/lib:${LD_LIBRARY_PATH} PATH=/home/locobot/LoCoBotRos/interbotix_ws/install/moveit_core/bin:${PATH} PYTHONPATH=/home/locobot/LoCoBotRos/interbotix_ws/install/moveit_configs_utils/lib/python3.10/site-packages:/home/locobot/LoCoBotRos/interbotix_ws/install/srdfdom/local/lib/python3.10/dist-packages:/home/locobot/LoCoBotRos/interbotix_ws/install/launch_param_builder/lib/python3.10/site-packages:${PYTHONPATH} /usr/bin/cmake /home/locobot/LoCoBotRos/interbotix_ws/src/moveit2/moveit_kinematics -DCMAKE_INSTALL_PREFIX=/home/locobot/LoCoBotRos/interbotix_ws/install/moveit_kinematics
[0.062s] -- Found moveit_common: 2.5.9 (/home/locobot/LoCoBotRos/interbotix_ws/install/moveit_common/share/moveit_common/cmake)
[0.062s] -- Found ament_cmake: 1.3.11 (/opt/ros/humble/share/ament_cmake/cmake)
[0.298s] -- Found tf2_kdl: 0.25.13 (/opt/ros/humble/share/tf2_kdl/cmake)
[0.327s] -- Found rosidl_generator_c: 3.1.6 (/opt/ros/humble/share/rosidl_generator_c/cmake)
[0.331s] -- Found rosidl_adapter: 3.1.6 (/opt/ros/humble/share/rosidl_adapter/cmake)
[0.337s] -- Found rosidl_generator_cpp: 3.1.6 (/opt/ros/humble/share/rosidl_generator_cpp/cmake)
[0.349s] -- Using all available rosidl_typesupport_c: rosidl_typesupport_fastrtps_c;rosidl_typesupport_introspection_c
[0.365s] -- Using all available rosidl_typesupport_cpp: rosidl_typesupport_fastrtps_cpp;rosidl_typesupport_introspection_cpp
[0.420s] -- Found eigen3_cmake_module: 0.1.1 (/opt/ros/humble/share/eigen3_cmake_module/cmake)
[0.421s] -- Ensuring Eigen3 include directory is part of orocos-kdl CMake target
[0.471s] -- Found rmw_implementation_cmake: 6.1.2 (/opt/ros/humble/share/rmw_implementation_cmake/cmake)
[0.472s] -- Found rmw_fastrtps_cpp: 6.2.7 (/opt/ros/humble/share/rmw_fastrtps_cpp/cmake)
[0.583s] -- Using RMW implementation 'rmw_fastrtps_cpp' as default
[0.689s] -- Found kdl_parser: 2.6.4 (/opt/ros/humble/share/kdl_parser/cmake)
[0.691s] -- Found random_numbers: 2.0.1 (/opt/ros/humble/share/random_numbers/cmake)
[0.697s] -- Found pluginlib: 5.1.0 (/opt/ros/humble/share/pluginlib/cmake)
[0.710s] -- Found moveit_core: 2.5.9 (/home/locobot/LoCoBotRos/interbotix_ws/install/moveit_core/share/moveit_core/cmake)
[0.725s] -- Found Boost: /usr/lib/x86_64-linux-gnu/cmake/Boost-1.74.0/BoostConfig.cmake (found version "1.74.0") found components: chrono date_time filesystem iostreams program_options regex serialization system thread 
[0.770s] -- Found parameter_traits: 0.5.0 (/opt/ros/humble/share/parameter_traits/cmake)
[0.779s] -- Found rclcpp_lifecycle: 16.0.12 (/opt/ros/humble/share/rclcpp_lifecycle/cmake)
[0.804s] -- Found Boost: /usr/lib/x86_64-linux-gnu/cmake/Boost-1.74.0/BoostConfig.cmake (found version "1.74.0") found components: filesystem 
[0.831s] -- library: /usr/lib/x86_64-linux-gnu/libcurl.so
[0.993s] -- Found moveit_ros_planning: 2.5.9 (/home/locobot/LoCoBotRos/interbotix_ws/install/moveit_ros_planning/share/moveit_ros_planning/cmake)
[0.997s] -- Found Boost: /usr/lib/x86_64-linux-gnu/cmake/Boost-1.74.0/BoostConfig.cmake (found version "1.74.0") found components: system filesystem date_time program_options thread chrono 
[1.021s] -- Found Boost: /usr/lib/x86_64-linux-gnu/cmake/Boost-1.74.0/BoostConfig.cmake (found version "1.74.0") found components: program_options system 
[1.074s] -- Found ament_cmake_gtest: 1.3.11 (/opt/ros/humble/share/ament_cmake_gtest/cmake)
[1.074s] -- Found ros_testing: 0.4.0 (/opt/ros/humble/share/ros_testing/cmake)
[1.074s] -- Found launch_testing_ament_cmake: 1.0.9 (/opt/ros/humble/share/launch_testing_ament_cmake/cmake)
[1.075s] -- Found python_cmake_module: 0.10.0 (/opt/ros/humble/share/python_cmake_module/cmake)
[1.095s] -- Using PYTHON_EXECUTABLE: /usr/bin/python3
[1.095s] -- Using PYTHON_INCLUDE_DIRS: /usr/include/python3.10
[1.095s] -- Using PYTHON_LIBRARIES: /usr/lib/x86_64-linux-gnu/libpython3.10.so
[1.096s] -- Found moveit_resources_fanuc_description: 2.0.7 (/home/locobot/LoCoBotRos/interbotix_ws/install/moveit_resources_fanuc_description/share/moveit_resources_fanuc_description/cmake)
[1.097s] -- Found moveit_resources_fanuc_moveit_config: 2.0.7 (/home/locobot/LoCoBotRos/interbotix_ws/install/moveit_resources_fanuc_moveit_config/share/moveit_resources_fanuc_moveit_config/cmake)
[1.098s] -- Found moveit_resources_panda_description: 2.0.7 (/home/locobot/LoCoBotRos/interbotix_ws/install/moveit_resources_panda_description/share/moveit_resources_panda_description/cmake)
[1.098s] -- Found moveit_resources_panda_moveit_config: 2.0.7 (/home/locobot/LoCoBotRos/interbotix_ws/install/moveit_resources_panda_moveit_config/share/moveit_resources_panda_moveit_config/cmake)
[1.099s] -- Found gtest sources under '/opt/ros/humble/src/gtest_vendor': C++ tests using 'Google Test' will be built
[1.117s] -- Found ament_lint_auto: 0.12.12 (/opt/ros/humble/share/ament_lint_auto/cmake)
[1.122s] -- Found launch_testing_ament_cmake: 1.0.9 (/opt/ros/humble/share/launch_testing_ament_cmake/cmake)
[1.123s] -- Found python_cmake_module: 0.10.0 (/opt/ros/humble/share/python_cmake_module/cmake)
[1.149s] -- Using PYTHON_EXECUTABLE: /usr/bin/python3
[1.149s] -- Using PYTHON_INCLUDE_DIRS: /usr/include/python3.10
[1.149s] -- Using PYTHON_LIBRARIES: /usr/lib/x86_64-linux-gnu/libpython3.10.so
[1.178s] -- Added test 'cppcheck' to perform static code analysis on C / C++ code
[1.178s] -- Configured cppcheck include dirs: /home/locobot/LoCoBotRos/interbotix_ws/src/moveit2/moveit_kinematics/kdl_kinematics_plugin/include;/home/locobot/LoCoBotRos/interbotix_ws/src/moveit2/moveit_kinematics/lma_kinematics_plugin/include;/home/locobot/LoCoBotRos/interbotix_ws/src/moveit2/moveit_kinematics/srv_kinematics_plugin/include;/home/locobot/LoCoBotRos/interbotix_ws/src/moveit2/moveit_kinematics/cached_ik_kinematics_plugin/include
[1.178s] -- Configured cppcheck exclude dirs and/or files: 
[1.179s] -- Added test 'lint_cmake' to check CMake code style
[1.181s] -- Configuring done
[1.311s] -- Generating done
[1.367s] -- Build files have been written to: /home/locobot/LoCoBotRos/interbotix_ws/build/moveit_kinematics
[1.401s] Invoked command in '/home/locobot/LoCoBotRos/interbotix_ws/build/moveit_kinematics' returned '0': AMENT_PREFIX_PATH=/home/locobot/LoCoBotRos/interbotix_ws/install/moveit_ros_planning:/home/locobot/LoCoBotRos/interbotix_ws/install/moveit_ros_occupancy_map_monitor:/home/locobot/LoCoBotRos/interbotix_ws/install/moveit_core:/home/locobot/LoCoBotRos/interbotix_ws/install/moveit_resources_panda_moveit_config:/home/locobot/LoCoBotRos/interbotix_ws/install/moveit_resources_fanuc_moveit_config:/home/locobot/LoCoBotRos/interbotix_ws/install/moveit_configs_utils:/home/locobot/LoCoBotRos/interbotix_ws/install/srdfdom:/home/locobot/LoCoBotRos/interbotix_ws/install/moveit_resources_pr2_description:/home/locobot/LoCoBotRos/interbotix_ws/install/moveit_resources_panda_description:/home/locobot/LoCoBotRos/interbotix_ws/install/moveit_resources_fanuc_description:/home/locobot/LoCoBotRos/interbotix_ws/install/moveit_common:/home/locobot/LoCoBotRos/interbotix_ws/install/launch_param_builder:${AMENT_PREFIX_PATH} CMAKE_PREFIX_PATH=/home/locobot/LoCoBotRos/interbotix_ws/install/moveit_ros_planning:/home/locobot/LoCoBotRos/interbotix_ws/install/moveit_ros_occupancy_map_monitor:/home/locobot/LoCoBotRos/interbotix_ws/install/moveit_core:/home/locobot/LoCoBotRos/interbotix_ws/install/moveit_resources_panda_moveit_config:/home/locobot/LoCoBotRos/interbotix_ws/install/moveit_resources_fanuc_moveit_config:/home/locobot/LoCoBotRos/interbotix_ws/install/srdfdom:/home/locobot/LoCoBotRos/interbotix_ws/install/moveit_resources_pr2_description:/home/locobot/LoCoBotRos/interbotix_ws/install/moveit_resources_panda_description:/home/locobot/LoCoBotRos/interbotix_ws/install/moveit_resources_fanuc_description:/home/locobot/LoCoBotRos/interbotix_ws/install/moveit_common:/home/locobot/apriltag_ws/install/apriltag_ros:/opt/ros/humble LD_LIBRARY_PATH=/home/locobot/LoCoBotRos/interbotix_ws/install/moveit_ros_planning/lib:/home/locobot/LoCoBotRos/interbotix_ws/install/moveit_ros_occupancy_map_monitor/lib:/home/locobot/LoCoBotRos/interbotix_ws/install/moveit_core/lib:/home/locobot/LoCoBotRos/interbotix_ws/install/srdfdom/lib:${LD_LIBRARY_PATH} PATH=/home/locobot/LoCoBotRos/interbotix_ws/install/moveit_core/bin:${PATH} PYTHONPATH=/home/locobot/LoCoBotRos/interbotix_ws/install/moveit_configs_utils/lib/python3.10/site-packages:/home/locobot/LoCoBotRos/interbotix_ws/install/srdfdom/local/lib/python3.10/dist-packages:/home/locobot/LoCoBotRos/interbotix_ws/install/launch_param_builder/lib/python3.10/site-packages:${PYTHONPATH} /usr/bin/cmake /home/locobot/LoCoBotRos/interbotix_ws/src/moveit2/moveit_kinematics -DCMAKE_INSTALL_PREFIX=/home/locobot/LoCoBotRos/interbotix_ws/install/moveit_kinematics
[1.404s] Invoking command in '/home/locobot/LoCoBotRos/interbotix_ws/build/moveit_kinematics': AMENT_PREFIX_PATH=/home/locobot/LoCoBotRos/interbotix_ws/install/moveit_ros_planning:/home/locobot/LoCoBotRos/interbotix_ws/install/moveit_ros_occupancy_map_monitor:/home/locobot/LoCoBotRos/interbotix_ws/install/moveit_core:/home/locobot/LoCoBotRos/interbotix_ws/install/moveit_resources_panda_moveit_config:/home/locobot/LoCoBotRos/interbotix_ws/install/moveit_resources_fanuc_moveit_config:/home/locobot/LoCoBotRos/interbotix_ws/install/moveit_configs_utils:/home/locobot/LoCoBotRos/interbotix_ws/install/srdfdom:/home/locobot/LoCoBotRos/interbotix_ws/install/moveit_resources_pr2_description:/home/locobot/LoCoBotRos/interbotix_ws/install/moveit_resources_panda_description:/home/locobot/LoCoBotRos/interbotix_ws/install/moveit_resources_fanuc_description:/home/locobot/LoCoBotRos/interbotix_ws/install/moveit_common:/home/locobot/LoCoBotRos/interbotix_ws/install/launch_param_builder:${AMENT_PREFIX_PATH} CMAKE_PREFIX_PATH=/home/locobot/LoCoBotRos/interbotix_ws/install/moveit_ros_planning:/home/locobot/LoCoBotRos/interbotix_ws/install/moveit_ros_occupancy_map_monitor:/home/locobot/LoCoBotRos/interbotix_ws/install/moveit_core:/home/locobot/LoCoBotRos/interbotix_ws/install/moveit_resources_panda_moveit_config:/home/locobot/LoCoBotRos/interbotix_ws/install/moveit_resources_fanuc_moveit_config:/home/locobot/LoCoBotRos/interbotix_ws/install/srdfdom:/home/locobot/LoCoBotRos/interbotix_ws/install/moveit_resources_pr2_description:/home/locobot/LoCoBotRos/interbotix_ws/install/moveit_resources_panda_description:/home/locobot/LoCoBotRos/interbotix_ws/install/moveit_resources_fanuc_description:/home/locobot/LoCoBotRos/interbotix_ws/install/moveit_common:/home/locobot/apriltag_ws/install/apriltag_ros:/opt/ros/humble LD_LIBRARY_PATH=/home/locobot/LoCoBotRos/interbotix_ws/install/moveit_ros_planning/lib:/home/locobot/LoCoBotRos/interbotix_ws/install/moveit_ros_occupancy_map_monitor/lib:/home/locobot/LoCoBotRos/interbotix_ws/install/moveit_core/lib:/home/locobot/LoCoBotRos/interbotix_ws/install/srdfdom/lib:${LD_LIBRARY_PATH} PATH=/home/locobot/LoCoBotRos/interbotix_ws/install/moveit_core/bin:${PATH} PYTHONPATH=/home/locobot/LoCoBotRos/interbotix_ws/install/moveit_configs_utils/lib/python3.10/site-packages:/home/locobot/LoCoBotRos/interbotix_ws/install/srdfdom/local/lib/python3.10/dist-packages:/home/locobot/LoCoBotRos/interbotix_ws/install/launch_param_builder/lib/python3.10/site-packages:${PYTHONPATH} /usr/bin/cmake --build /home/locobot/LoCoBotRos/interbotix_ws/build/moveit_kinematics -- -j16 -l16
[1.450s] [35m[1mConsolidate compiler generated dependencies of target gtest_main[0m
[1.450s] [35m[1mConsolidate compiler generated dependencies of target moveit_cached_ik_kinematics_base[0m
[1.455s] [35m[1mConsolidate compiler generated dependencies of target benchmark_ik[0m
[1.455s] [35m[1mConsolidate compiler generated dependencies of target moveit_srv_kinematics_plugin[0m
[1.456s] [35m[1mConsolidate compiler generated dependencies of target gtest[0m
[1.456s] [35m[1mConsolidate compiler generated dependencies of target moveit_lma_kinematics_plugin[0m
[1.456s] [35m[1mConsolidate compiler generated dependencies of target moveit_kdl_kinematics_plugin[0m
[1.472s] [ 10%] Built target gtest_main
[1.478s] [ 21%] Built target gtest
[1.484s] [ 31%] Built target moveit_cached_ik_kinematics_base
[1.485s] [ 42%] Built target moveit_srv_kinematics_plugin
[1.485s] [ 52%] Built target moveit_lma_kinematics_plugin
[1.486s] [ 68%] Built target moveit_kdl_kinematics_plugin
[1.495s] [ 78%] Built target benchmark_ik
[1.500s] [35m[1mConsolidate compiler generated dependencies of target test_kinematics_plugin[0m
[1.501s] [35m[1mConsolidate compiler generated dependencies of target moveit_cached_ik_kinematics_plugin[0m
[1.526s] [ 89%] Built target test_kinematics_plugin
[1.526s] [100%] Built target moveit_cached_ik_kinematics_plugin
[1.538s] Invoked command in '/home/locobot/LoCoBotRos/interbotix_ws/build/moveit_kinematics' returned '0': AMENT_PREFIX_PATH=/home/locobot/LoCoBotRos/interbotix_ws/install/moveit_ros_planning:/home/locobot/LoCoBotRos/interbotix_ws/install/moveit_ros_occupancy_map_monitor:/home/locobot/LoCoBotRos/interbotix_ws/install/moveit_core:/home/locobot/LoCoBotRos/interbotix_ws/install/moveit_resources_panda_moveit_config:/home/locobot/LoCoBotRos/interbotix_ws/install/moveit_resources_fanuc_moveit_config:/home/locobot/LoCoBotRos/interbotix_ws/install/moveit_configs_utils:/home/locobot/LoCoBotRos/interbotix_ws/install/srdfdom:/home/locobot/LoCoBotRos/interbotix_ws/install/moveit_resources_pr2_description:/home/locobot/LoCoBotRos/interbotix_ws/install/moveit_resources_panda_description:/home/locobot/LoCoBotRos/interbotix_ws/install/moveit_resources_fanuc_description:/home/locobot/LoCoBotRos/interbotix_ws/install/moveit_common:/home/locobot/LoCoBotRos/interbotix_ws/install/launch_param_builder:${AMENT_PREFIX_PATH} CMAKE_PREFIX_PATH=/home/locobot/LoCoBotRos/interbotix_ws/install/moveit_ros_planning:/home/locobot/LoCoBotRos/interbotix_ws/install/moveit_ros_occupancy_map_monitor:/home/locobot/LoCoBotRos/interbotix_ws/install/moveit_core:/home/locobot/LoCoBotRos/interbotix_ws/install/moveit_resources_panda_moveit_config:/home/locobot/LoCoBotRos/interbotix_ws/install/moveit_resources_fanuc_moveit_config:/home/locobot/LoCoBotRos/interbotix_ws/install/srdfdom:/home/locobot/LoCoBotRos/interbotix_ws/install/moveit_resources_pr2_description:/home/locobot/LoCoBotRos/interbotix_ws/install/moveit_resources_panda_description:/home/locobot/LoCoBotRos/interbotix_ws/install/moveit_resources_fanuc_description:/home/locobot/LoCoBotRos/interbotix_ws/install/moveit_common:/home/locobot/apriltag_ws/install/apriltag_ros:/opt/ros/humble LD_LIBRARY_PATH=/home/locobot/LoCoBotRos/interbotix_ws/install/moveit_ros_planning/lib:/home/locobot/LoCoBotRos/interbotix_ws/install/moveit_ros_occupancy_map_monitor/lib:/home/locobot/LoCoBotRos/interbotix_ws/install/moveit_core/lib:/home/locobot/LoCoBotRos/interbotix_ws/install/srdfdom/lib:${LD_LIBRARY_PATH} PATH=/home/locobot/LoCoBotRos/interbotix_ws/install/moveit_core/bin:${PATH} PYTHONPATH=/home/locobot/LoCoBotRos/interbotix_ws/install/moveit_configs_utils/lib/python3.10/site-packages:/home/locobot/LoCoBotRos/interbotix_ws/install/srdfdom/local/lib/python3.10/dist-packages:/home/locobot/LoCoBotRos/interbotix_ws/install/launch_param_builder/lib/python3.10/site-packages:${PYTHONPATH} /usr/bin/cmake --build /home/locobot/LoCoBotRos/interbotix_ws/build/moveit_kinematics -- -j16 -l16
[1.539s] Invoking command in '/home/locobot/LoCoBotRos/interbotix_ws/build/moveit_kinematics': AMENT_PREFIX_PATH=/home/locobot/LoCoBotRos/interbotix_ws/install/moveit_ros_planning:/home/locobot/LoCoBotRos/interbotix_ws/install/moveit_ros_occupancy_map_monitor:/home/locobot/LoCoBotRos/interbotix_ws/install/moveit_core:/home/locobot/LoCoBotRos/interbotix_ws/install/moveit_resources_panda_moveit_config:/home/locobot/LoCoBotRos/interbotix_ws/install/moveit_resources_fanuc_moveit_config:/home/locobot/LoCoBotRos/interbotix_ws/install/moveit_configs_utils:/home/locobot/LoCoBotRos/interbotix_ws/install/srdfdom:/home/locobot/LoCoBotRos/interbotix_ws/install/moveit_resources_pr2_description:/home/locobot/LoCoBotRos/interbotix_ws/install/moveit_resources_panda_description:/home/locobot/LoCoBotRos/interbotix_ws/install/moveit_resources_fanuc_description:/home/locobot/LoCoBotRos/interbotix_ws/install/moveit_common:/home/locobot/LoCoBotRos/interbotix_ws/install/launch_param_builder:${AMENT_PREFIX_PATH} CMAKE_PREFIX_PATH=/home/locobot/LoCoBotRos/interbotix_ws/install/moveit_ros_planning:/home/locobot/LoCoBotRos/interbotix_ws/install/moveit_ros_occupancy_map_monitor:/home/locobot/LoCoBotRos/interbotix_ws/install/moveit_core:/home/locobot/LoCoBotRos/interbotix_ws/install/moveit_resources_panda_moveit_config:/home/locobot/LoCoBotRos/interbotix_ws/install/moveit_resources_fanuc_moveit_config:/home/locobot/LoCoBotRos/interbotix_ws/install/srdfdom:/home/locobot/LoCoBotRos/interbotix_ws/install/moveit_resources_pr2_description:/home/locobot/LoCoBotRos/interbotix_ws/install/moveit_resources_panda_description:/home/locobot/LoCoBotRos/interbotix_ws/install/moveit_resources_fanuc_description:/home/locobot/LoCoBotRos/interbotix_ws/install/moveit_common:/home/locobot/apriltag_ws/install/apriltag_ros:/opt/ros/humble LD_LIBRARY_PATH=/home/locobot/LoCoBotRos/interbotix_ws/install/moveit_ros_planning/lib:/home/locobot/LoCoBotRos/interbotix_ws/install/moveit_ros_occupancy_map_monitor/lib:/home/locobot/LoCoBotRos/interbotix_ws/install/moveit_core/lib:/home/locobot/LoCoBotRos/interbotix_ws/install/srdfdom/lib:${LD_LIBRARY_PATH} PATH=/home/locobot/LoCoBotRos/interbotix_ws/install/moveit_core/bin:${PATH} PYTHONPATH=/home/locobot/LoCoBotRos/interbotix_ws/install/moveit_configs_utils/lib/python3.10/site-packages:/home/locobot/LoCoBotRos/interbotix_ws/install/srdfdom/local/lib/python3.10/dist-packages:/home/locobot/LoCoBotRos/interbotix_ws/install/launch_param_builder/lib/python3.10/site-packages:${PYTHONPATH} /usr/bin/cmake --install /home/locobot/LoCoBotRos/interbotix_ws/build/moveit_kinematics
[1.547s] -- Install configuration: "Release"
[1.547s] -- Up-to-date: /home/locobot/LoCoBotRos/interbotix_ws/install/moveit_kinematics/share/moveit_kinematics/kdl_kinematics_plugin_description.xml
[1.547s] -- Up-to-date: /home/locobot/LoCoBotRos/interbotix_ws/install/moveit_kinematics/share/moveit_kinematics/lma_kinematics_plugin_description.xml
[1.547s] -- Up-to-date: /home/locobot/LoCoBotRos/interbotix_ws/install/moveit_kinematics/share/moveit_kinematics/srv_kinematics_plugin_description.xml
[1.547s] -- Up-to-date: /home/locobot/LoCoBotRos/interbotix_ws/install/moveit_kinematics/share/moveit_kinematics/cached_ik_kinematics_plugin_description.xml
[1.547s] -- Up-to-date: /home/locobot/LoCoBotRos/interbotix_ws/install/moveit_kinematics/include
[1.547s] -- Up-to-date: /home/locobot/LoCoBotRos/interbotix_ws/install/moveit_kinematics/include/moveit
[1.548s] -- Up-to-date: /home/locobot/LoCoBotRos/interbotix_ws/install/moveit_kinematics/include/moveit/cached_ik_kinematics_plugin
[1.548s] -- Up-to-date: /home/locobot/LoCoBotRos/interbotix_ws/install/moveit_kinematics/include/moveit/cached_ik_kinematics_plugin/detail
[1.548s] -- Up-to-date: /home/locobot/LoCoBotRos/interbotix_ws/install/moveit_kinematics/include/moveit/cached_ik_kinematics_plugin/detail/NearestNeighborsGNAT.h
[1.548s] -- Up-to-date: /home/locobot/LoCoBotRos/interbotix_ws/install/moveit_kinematics/include/moveit/cached_ik_kinematics_plugin/detail/GreedyKCenters.h
[1.548s] -- Up-to-date: /home/locobot/LoCoBotRos/interbotix_ws/install/moveit_kinematics/include/moveit/cached_ik_kinematics_plugin/detail/NearestNeighbors.h
[1.548s] -- Up-to-date: /home/locobot/LoCoBotRos/interbotix_ws/install/moveit_kinematics/include/moveit/cached_ik_kinematics_plugin/cached_ik_kinematics_plugin.h
[1.548s] -- Up-to-date: /home/locobot/LoCoBotRos/interbotix_ws/install/moveit_kinematics/include/moveit/cached_ik_kinematics_plugin/cached_ik_kinematics_plugin-inl.h
[1.548s] -- Up-to-date: /home/locobot/LoCoBotRos/interbotix_ws/install/moveit_kinematics/share/moveit_kinematics/launch
[1.548s] -- Up-to-date: /home/locobot/LoCoBotRos/interbotix_ws/install/moveit_kinematics/share/moveit_kinematics/launch/measure_ik_call_cost.launch
[1.548s] -- Up-to-date: /home/locobot/LoCoBotRos/interbotix_ws/install/moveit_kinematics/lib/moveit_kinematics/auto_create_ikfast_moveit_plugin.sh
[1.549s] -- Up-to-date: /home/locobot/LoCoBotRos/interbotix_ws/install/moveit_kinematics/lib/moveit_kinematics/create_ikfast_moveit_plugin.py
[1.549s] -- Up-to-date: /home/locobot/LoCoBotRos/interbotix_ws/install/moveit_kinematics/lib/moveit_kinematics/round_collada_numbers.py
[1.549s] -- Up-to-date: /home/locobot/LoCoBotRos/interbotix_ws/install/moveit_kinematics/share/moveit_kinematics/ikfast_kinematics_plugin/templates
[1.549s] -- Up-to-date: /home/locobot/LoCoBotRos/interbotix_ws/install/moveit_kinematics/share/moveit_kinematics/ikfast_kinematics_plugin/templates/CMakeLists.txt
[1.549s] -- Up-to-date: /home/locobot/LoCoBotRos/interbotix_ws/install/moveit_kinematics/share/moveit_kinematics/ikfast_kinematics_plugin/templates/ikfast.h
[1.549s] -- Up-to-date: /home/locobot/LoCoBotRos/interbotix_ws/install/moveit_kinematics/share/moveit_kinematics/ikfast_kinematics_plugin/templates/ikfast61_moveit_plugin_template.cpp
[1.549s] -- Up-to-date: /home/locobot/LoCoBotRos/interbotix_ws/install/moveit_kinematics/include
[1.549s] -- Up-to-date: /home/locobot/LoCoBotRos/interbotix_ws/install/moveit_kinematics/include/moveit
[1.549s] -- Up-to-date: /home/locobot/LoCoBotRos/interbotix_ws/install/moveit_kinematics/include/moveit/kdl_kinematics_plugin
[1.549s] -- Up-to-date: /home/locobot/LoCoBotRos/interbotix_ws/install/moveit_kinematics/include/moveit/kdl_kinematics_plugin/kdl_kinematics_plugin.h
[1.549s] -- Up-to-date: /home/locobot/LoCoBotRos/interbotix_ws/install/moveit_kinematics/include/moveit/kdl_kinematics_plugin/chainiksolver_vel_mimic_svd.hpp
[1.549s] -- Up-to-date: /home/locobot/LoCoBotRos/interbotix_ws/install/moveit_kinematics/include/moveit/kdl_kinematics_plugin/joint_mimic.hpp
[1.549s] -- Up-to-date: /home/locobot/LoCoBotRos/interbotix_ws/install/moveit_kinematics/include
[1.549s] -- Up-to-date: /home/locobot/LoCoBotRos/interbotix_ws/install/moveit_kinematics/include/moveit
[1.550s] -- Up-to-date: /home/locobot/LoCoBotRos/interbotix_ws/install/moveit_kinematics/include/moveit/lma_kinematics_plugin
[1.550s] -- Up-to-date: /home/locobot/LoCoBotRos/interbotix_ws/install/moveit_kinematics/include/moveit/lma_kinematics_plugin/lma_kinematics_plugin.h
[1.550s] -- Up-to-date: /home/locobot/LoCoBotRos/interbotix_ws/install/moveit_kinematics/include
[1.550s] -- Up-to-date: /home/locobot/LoCoBotRos/interbotix_ws/install/moveit_kinematics/include/moveit
[1.550s] -- Up-to-date: /home/locobot/LoCoBotRos/interbotix_ws/install/moveit_kinematics/include/moveit/srv_kinematics_plugin
[1.550s] -- Up-to-date: /home/locobot/LoCoBotRos/interbotix_ws/install/moveit_kinematics/include/moveit/srv_kinematics_plugin/srv_kinematics_plugin.h
[1.550s] -- Up-to-date: /home/locobot/LoCoBotRos/interbotix_ws/install/moveit_kinematics/share/moveit_kinematics/config
[1.550s] -- Up-to-date: /home/locobot/LoCoBotRos/interbotix_ws/install/moveit_kinematics/share/moveit_kinematics/config/panda-lma-singular-test.yaml
[1.550s] -- Up-to-date: /home/locobot/LoCoBotRos/interbotix_ws/install/moveit_kinematics/share/moveit_kinematics/config/fanuc-lma-test.yaml
[1.550s] -- Up-to-date: /home/locobot/LoCoBotRos/interbotix_ws/install/moveit_kinematics/share/moveit_kinematics/config/fanuc-kdl-test.yaml
[1.550s] -- Up-to-date: /home/locobot/LoCoBotRos/interbotix_ws/install/moveit_kinematics/share/moveit_kinematics/config/panda-kdl-test.yaml
[1.550s] -- Up-to-date: /home/locobot/LoCoBotRos/interbotix_ws/install/moveit_kinematics/share/moveit_kinematics/config/fanuc-kdl-singular-test.yaml
[1.550s] -- Up-to-date: /home/locobot/LoCoBotRos/interbotix_ws/install/moveit_kinematics/share/moveit_kinematics/config/panda-lma-test.yaml
[1.550s] -- Up-to-date: /home/locobot/LoCoBotRos/interbotix_ws/install/moveit_kinematics/share/moveit_kinematics/config/panda-kdl-singular-test.yaml
[1.550s] -- Up-to-date: /home/locobot/LoCoBotRos/interbotix_ws/install/moveit_kinematics/share/moveit_kinematics/config/fanuc-lma-singular-test.yaml
[1.550s] -- Up-to-date: /home/locobot/LoCoBotRos/interbotix_ws/install/moveit_kinematics/share/moveit_kinematics/launch
[1.550s] -- Up-to-date: /home/locobot/LoCoBotRos/interbotix_ws/install/moveit_kinematics/share/moveit_kinematics/launch/panda-lma.test.py
[1.550s] -- Up-to-date: /home/locobot/LoCoBotRos/interbotix_ws/install/moveit_kinematics/share/moveit_kinematics/launch/fanuc-lma.test.py
[1.550s] -- Up-to-date: /home/locobot/LoCoBotRos/interbotix_ws/install/moveit_kinematics/share/moveit_kinematics/launch/fanuc-kdl.test.py
[1.550s] -- Up-to-date: /home/locobot/LoCoBotRos/interbotix_ws/install/moveit_kinematics/share/moveit_kinematics/launch/fanuc-lma-singular.test.py
[1.551s] -- Up-to-date: /home/locobot/LoCoBotRos/interbotix_ws/install/moveit_kinematics/share/moveit_kinematics/launch/fanuc-kdl-singular.test.py
[1.551s] -- Up-to-date: /home/locobot/LoCoBotRos/interbotix_ws/install/moveit_kinematics/share/moveit_kinematics/launch/panda-kdl-singular.test.py
[1.551s] -- Up-to-date: /home/locobot/LoCoBotRos/interbotix_ws/install/moveit_kinematics/share/moveit_kinematics/launch/panda-lma-singular.test.py
[1.551s] -- Up-to-date: /home/locobot/LoCoBotRos/interbotix_ws/install/moveit_kinematics/share/moveit_kinematics/launch/panda-kdl.test.py
[1.551s] -- Up-to-date: /home/locobot/LoCoBotRos/interbotix_ws/install/moveit_kinematics/lib/moveit_kinematics/benchmark_ik
[1.551s] -- Up-to-date: /home/locobot/LoCoBotRos/interbotix_ws/install/moveit_kinematics/lib/moveit_kinematics/test_kinematics_plugin
[1.551s] -- Up-to-date: /home/locobot/LoCoBotRos/interbotix_ws/install/moveit_kinematics/lib/libmoveit_cached_ik_kinematics_base.so.2.5.9
[1.551s] -- Up-to-date: /home/locobot/LoCoBotRos/interbotix_ws/install/moveit_kinematics/lib/libmoveit_cached_ik_kinematics_base.so
[1.552s] -- Up-to-date: /home/locobot/LoCoBotRos/interbotix_ws/install/moveit_kinematics/lib/libmoveit_cached_ik_kinematics_plugin.so.2.5.9
[1.552s] -- Up-to-date: /home/locobot/LoCoBotRos/interbotix_ws/install/moveit_kinematics/lib/libmoveit_cached_ik_kinematics_plugin.so
[1.553s] -- Up-to-date: /home/locobot/LoCoBotRos/interbotix_ws/install/moveit_kinematics/lib/libmoveit_kdl_kinematics_plugin.so
[1.553s] -- Up-to-date: /home/locobot/LoCoBotRos/interbotix_ws/install/moveit_kinematics/lib/libmoveit_lma_kinematics_plugin.so.2.5.9
[1.554s] -- Up-to-date: /home/locobot/LoCoBotRos/interbotix_ws/install/moveit_kinematics/lib/libmoveit_lma_kinematics_plugin.so
[1.554s] -- Up-to-date: /home/locobot/LoCoBotRos/interbotix_ws/install/moveit_kinematics/lib/libmoveit_srv_kinematics_plugin.so.2.5.9
[1.554s] -- Up-to-date: /home/locobot/LoCoBotRos/interbotix_ws/install/moveit_kinematics/lib/libmoveit_srv_kinematics_plugin.so
[1.554s] -- Up-to-date: /home/locobot/LoCoBotRos/interbotix_ws/install/moveit_kinematics/share/moveit_kinematics/environment/library_path.sh
[1.555s] -- Installing: /home/locobot/LoCoBotRos/interbotix_ws/install/moveit_kinematics/share/moveit_kinematics/environment/library_path.dsv
[1.555s] -- Up-to-date: /home/locobot/LoCoBotRos/interbotix_ws/install/moveit_kinematics/share/ament_index/resource_index/package_run_dependencies/moveit_kinematics
[1.555s] -- Up-to-date: /home/locobot/LoCoBotRos/interbotix_ws/install/moveit_kinematics/share/ament_index/resource_index/parent_prefix_path/moveit_kinematics
[1.555s] -- Up-to-date: /home/locobot/LoCoBotRos/interbotix_ws/install/moveit_kinematics/share/moveit_kinematics/environment/ament_prefix_path.sh
[1.556s] -- Installing: /home/locobot/LoCoBotRos/interbotix_ws/install/moveit_kinematics/share/moveit_kinematics/environment/ament_prefix_path.dsv
[1.557s] -- Up-to-date: /home/locobot/LoCoBotRos/interbotix_ws/install/moveit_kinematics/share/moveit_kinematics/environment/path.sh
[1.557s] -- Installing: /home/locobot/LoCoBotRos/interbotix_ws/install/moveit_kinematics/share/moveit_kinematics/environment/path.dsv
[1.557s] -- Up-to-date: /home/locobot/LoCoBotRos/interbotix_ws/install/moveit_kinematics/share/moveit_kinematics/local_setup.bash
[1.557s] -- Up-to-date: /home/locobot/LoCoBotRos/interbotix_ws/install/moveit_kinematics/share/moveit_kinematics/local_setup.sh
[1.558s] -- Up-to-date: /home/locobot/LoCoBotRos/interbotix_ws/install/moveit_kinematics/share/moveit_kinematics/local_setup.zsh
[1.558s] -- Installing: /home/locobot/LoCoBotRos/interbotix_ws/install/moveit_kinematics/share/moveit_kinematics/local_setup.dsv
[1.558s] -- Installing: /home/locobot/LoCoBotRos/interbotix_ws/install/moveit_kinematics/share/moveit_kinematics/package.dsv
[1.558s] -- Up-to-date: /home/locobot/LoCoBotRos/interbotix_ws/install/moveit_kinematics/share/ament_index/resource_index/packages/moveit_kinematics
[1.558s] -- Up-to-date: /home/locobot/LoCoBotRos/interbotix_ws/install/moveit_kinematics/share/ament_index/resource_index/moveit_core__pluginlib__plugin/moveit_kinematics
[1.558s] -- Up-to-date: /home/locobot/LoCoBotRos/interbotix_ws/install/moveit_kinematics/share/moveit_kinematics/cmake/export_moveit_kinematicsExport.cmake
[1.559s] -- Up-to-date: /home/locobot/LoCoBotRos/interbotix_ws/install/moveit_kinematics/share/moveit_kinematics/cmake/export_moveit_kinematicsExport-release.cmake
[1.559s] -- Up-to-date: /home/locobot/LoCoBotRos/interbotix_ws/install/moveit_kinematics/share/moveit_kinematics/cmake/ConfigExtras.cmake
[1.559s] -- Up-to-date: /home/locobot/LoCoBotRos/interbotix_ws/install/moveit_kinematics/share/moveit_kinematics/cmake/ament_cmake_export_targets-extras.cmake
[1.559s] -- Up-to-date: /home/locobot/LoCoBotRos/interbotix_ws/install/moveit_kinematics/share/moveit_kinematics/cmake/ament_cmake_export_dependencies-extras.cmake
[1.559s] -- Up-to-date: /home/locobot/LoCoBotRos/interbotix_ws/install/moveit_kinematics/share/moveit_kinematics/cmake/moveit_kinematicsConfig.cmake
[1.559s] -- Up-to-date: /home/locobot/LoCoBotRos/interbotix_ws/install/moveit_kinematics/share/moveit_kinematics/cmake/moveit_kinematicsConfig-version.cmake
[1.559s] -- Up-to-date: /home/locobot/LoCoBotRos/interbotix_ws/install/moveit_kinematics/share/moveit_kinematics/package.xml
[1.560s] Invoked command in '/home/locobot/LoCoBotRos/interbotix_ws/build/moveit_kinematics' returned '0': AMENT_PREFIX_PATH=/home/locobot/LoCoBotRos/interbotix_ws/install/moveit_ros_planning:/home/locobot/LoCoBotRos/interbotix_ws/install/moveit_ros_occupancy_map_monitor:/home/locobot/LoCoBotRos/interbotix_ws/install/moveit_core:/home/locobot/LoCoBotRos/interbotix_ws/install/moveit_resources_panda_moveit_config:/home/locobot/LoCoBotRos/interbotix_ws/install/moveit_resources_fanuc_moveit_config:/home/locobot/LoCoBotRos/interbotix_ws/install/moveit_configs_utils:/home/locobot/LoCoBotRos/interbotix_ws/install/srdfdom:/home/locobot/LoCoBotRos/interbotix_ws/install/moveit_resources_pr2_description:/home/locobot/LoCoBotRos/interbotix_ws/install/moveit_resources_panda_description:/home/locobot/LoCoBotRos/interbotix_ws/install/moveit_resources_fanuc_description:/home/locobot/LoCoBotRos/interbotix_ws/install/moveit_common:/home/locobot/LoCoBotRos/interbotix_ws/install/launch_param_builder:${AMENT_PREFIX_PATH} CMAKE_PREFIX_PATH=/home/locobot/LoCoBotRos/interbotix_ws/install/moveit_ros_planning:/home/locobot/LoCoBotRos/interbotix_ws/install/moveit_ros_occupancy_map_monitor:/home/locobot/LoCoBotRos/interbotix_ws/install/moveit_core:/home/locobot/LoCoBotRos/interbotix_ws/install/moveit_resources_panda_moveit_config:/home/locobot/LoCoBotRos/interbotix_ws/install/moveit_resources_fanuc_moveit_config:/home/locobot/LoCoBotRos/interbotix_ws/install/srdfdom:/home/locobot/LoCoBotRos/interbotix_ws/install/moveit_resources_pr2_description:/home/locobot/LoCoBotRos/interbotix_ws/install/moveit_resources_panda_description:/home/locobot/LoCoBotRos/interbotix_ws/install/moveit_resources_fanuc_description:/home/locobot/LoCoBotRos/interbotix_ws/install/moveit_common:/home/locobot/apriltag_ws/install/apriltag_ros:/opt/ros/humble LD_LIBRARY_PATH=/home/locobot/LoCoBotRos/interbotix_ws/install/moveit_ros_planning/lib:/home/locobot/LoCoBotRos/interbotix_ws/install/moveit_ros_occupancy_map_monitor/lib:/home/locobot/LoCoBotRos/interbotix_ws/install/moveit_core/lib:/home/locobot/LoCoBotRos/interbotix_ws/install/srdfdom/lib:${LD_LIBRARY_PATH} PATH=/home/locobot/LoCoBotRos/interbotix_ws/install/moveit_core/bin:${PATH} PYTHONPATH=/home/locobot/LoCoBotRos/interbotix_ws/install/moveit_configs_utils/lib/python3.10/site-packages:/home/locobot/LoCoBotRos/interbotix_ws/install/srdfdom/local/lib/python3.10/dist-packages:/home/locobot/LoCoBotRos/interbotix_ws/install/launch_param_builder/lib/python3.10/site-packages:${PYTHONPATH} /usr/bin/cmake --install /home/locobot/LoCoBotRos/interbotix_ws/build/moveit_kinematics
