-- Found ament_cmake_ros: 0.10.0 (/opt/ros/humble/share/ament_cmake_ros/cmake)
-- Found ecl_build: 1.0.3 (/opt/ros/humble/share/ecl_build/cmake)
-- Found ecl_config: 1.2.0 (/home/locobot/LoCoBotRos/interbotix_ws/install/ecl_config/share/ecl_config/cmake)
-- Found ecl_containers: 1.2.1 (/home/locobot/LoCoBotRos/interbotix_ws/install/ecl_containers/share/ecl_containers/cmake)
-- Found ecl_threads: 1.2.1 (/home/locobot/LoCoBotRos/interbotix_ws/install/ecl_threads/share/ecl_threads/cmake)
-- Found ament_lint_auto: 0.12.12 (/opt/ros/humble/share/ament_lint_auto/cmake)
-- Found gtest sources under '/opt/ros/humble/src/gtest_vendor': C++ tests using 'Google Test' will be built
-- Configuring done
-- Generating done
-- Build files have been written to: /home/locobot/LoCoBotRos/interbotix_ws/build/ecl_devices
[35m[1mConsolidate compiler generated dependencies of target gtest_main[0m
[35m[1mConsolidate compiler generated dependencies of target gtest[0m
[35m[1mConsolidate compiler generated dependencies of target ecl_devices[0m
[  8%] Built target gtest_main
[ 16%] Built target gtest
[ 75%] Built target ecl_devices
[35m[1mConsolidate compiler generated dependencies of target ecl_demo_serial_timeouts[0m
[35m[1mConsolidate compiler generated dependencies of target ecl_test_shared_files[0m
[35m[1mConsolidate compiler generated dependencies of target ecl_test_files[0m
[ 83%] Built target ecl_test_shared_files
[ 91%] Built target ecl_demo_serial_timeouts
[100%] Built target ecl_test_files
-- Install configuration: "Release"
-- Up-to-date: /home/locobot/LoCoBotRos/interbotix_ws/install/ecl_devices/share/ecl_devices/environment/library_path.sh
-- Installing: /home/locobot/LoCoBotRos/interbotix_ws/install/ecl_devices/share/ecl_devices/environment/library_path.dsv
-- Up-to-date: /home/locobot/LoCoBotRos/interbotix_ws/install/ecl_devices/share/ament_index/resource_index/package_run_dependencies/ecl_devices
-- Up-to-date: /home/locobot/LoCoBotRos/interbotix_ws/install/ecl_devices/share/ament_index/resource_index/parent_prefix_path/ecl_devices
-- Up-to-date: /home/locobot/LoCoBotRos/interbotix_ws/install/ecl_devices/share/ecl_devices/environment/ament_prefix_path.sh
-- Installing: /home/locobot/LoCoBotRos/interbotix_ws/install/ecl_devices/share/ecl_devices/environment/ament_prefix_path.dsv
-- Up-to-date: /home/locobot/LoCoBotRos/interbotix_ws/install/ecl_devices/share/ecl_devices/environment/path.sh
-- Installing: /home/locobot/LoCoBotRos/interbotix_ws/install/ecl_devices/share/ecl_devices/environment/path.dsv
-- Up-to-date: /home/locobot/LoCoBotRos/interbotix_ws/install/ecl_devices/share/ecl_devices/local_setup.bash
-- Up-to-date: /home/locobot/LoCoBotRos/interbotix_ws/install/ecl_devices/share/ecl_devices/local_setup.sh
-- Up-to-date: /home/locobot/LoCoBotRos/interbotix_ws/install/ecl_devices/share/ecl_devices/local_setup.zsh
-- Installing: /home/locobot/LoCoBotRos/interbotix_ws/install/ecl_devices/share/ecl_devices/local_setup.dsv
-- Installing: /home/locobot/LoCoBotRos/interbotix_ws/install/ecl_devices/share/ecl_devices/package.dsv
-- Up-to-date: /home/locobot/LoCoBotRos/interbotix_ws/install/ecl_devices/share/ament_index/resource_index/packages/ecl_devices
-- Up-to-date: /home/locobot/LoCoBotRos/interbotix_ws/install/ecl_devices/share/ecl_devices/cmake/ecl_devicesExport.cmake
-- Up-to-date: /home/locobot/LoCoBotRos/interbotix_ws/install/ecl_devices/share/ecl_devices/cmake/ecl_devicesExport-release.cmake
-- Up-to-date: /home/locobot/LoCoBotRos/interbotix_ws/install/ecl_devices/share/ecl_devices/cmake/ament_cmake_export_targets-extras.cmake
-- Up-to-date: /home/locobot/LoCoBotRos/interbotix_ws/install/ecl_devices/share/ecl_devices/cmake/ament_cmake_export_include_directories-extras.cmake
-- Up-to-date: /home/locobot/LoCoBotRos/interbotix_ws/install/ecl_devices/share/ecl_devices/cmake/ament_cmake_export_libraries-extras.cmake
-- Up-to-date: /home/locobot/LoCoBotRos/interbotix_ws/install/ecl_devices/share/ecl_devices/cmake/ament_cmake_export_dependencies-extras.cmake
-- Up-to-date: /home/locobot/LoCoBotRos/interbotix_ws/install/ecl_devices/share/ecl_devices/cmake/ecl_devicesConfig.cmake
-- Up-to-date: /home/locobot/LoCoBotRos/interbotix_ws/install/ecl_devices/share/ecl_devices/cmake/ecl_devicesConfig-version.cmake
-- Up-to-date: /home/locobot/LoCoBotRos/interbotix_ws/install/ecl_devices/share/ecl_devices/package.xml
-- Up-to-date: /home/locobot/LoCoBotRos/interbotix_ws/install/ecl_devices/include/ecl/devices.hpp
-- Up-to-date: /home/locobot/LoCoBotRos/interbotix_ws/install/ecl_devices/include/ecl/devices/console.hpp
-- Up-to-date: /home/locobot/LoCoBotRos/interbotix_ws/install/ecl_devices/include/ecl/devices/macros.hpp
-- Up-to-date: /home/locobot/LoCoBotRos/interbotix_ws/install/ecl_devices/include/ecl/devices/modes.hpp
-- Up-to-date: /home/locobot/LoCoBotRos/interbotix_ws/install/ecl_devices/include/ecl/devices/ofile.hpp
-- Up-to-date: /home/locobot/LoCoBotRos/interbotix_ws/install/ecl_devices/include/ecl/devices/ofile_pos.hpp
-- Up-to-date: /home/locobot/LoCoBotRos/interbotix_ws/install/ecl_devices/include/ecl/devices/ofile_w32.hpp
-- Up-to-date: /home/locobot/LoCoBotRos/interbotix_ws/install/ecl_devices/include/ecl/devices/serial.hpp
-- Up-to-date: /home/locobot/LoCoBotRos/interbotix_ws/install/ecl_devices/include/ecl/devices/serial_parameters.hpp
-- Up-to-date: /home/locobot/LoCoBotRos/interbotix_ws/install/ecl_devices/include/ecl/devices/serial_pos.hpp
-- Up-to-date: /home/locobot/LoCoBotRos/interbotix_ws/install/ecl_devices/include/ecl/devices/serial_w32.hpp
-- Up-to-date: /home/locobot/LoCoBotRos/interbotix_ws/install/ecl_devices/include/ecl/devices/shared_file.hpp
-- Up-to-date: /home/locobot/LoCoBotRos/interbotix_ws/install/ecl_devices/include/ecl/devices/socket.hpp
-- Up-to-date: /home/locobot/LoCoBotRos/interbotix_ws/install/ecl_devices/include/ecl/devices/socket_client_pos.hpp
-- Up-to-date: /home/locobot/LoCoBotRos/interbotix_ws/install/ecl_devices/include/ecl/devices/socket_connection_status.hpp
-- Up-to-date: /home/locobot/LoCoBotRos/interbotix_ws/install/ecl_devices/include/ecl/devices/socket_server_pos.hpp
-- Up-to-date: /home/locobot/LoCoBotRos/interbotix_ws/install/ecl_devices/include/ecl/devices/string.hpp
-- Up-to-date: /home/locobot/LoCoBotRos/interbotix_ws/install/ecl_devices/include/ecl/devices/traits.hpp
-- Up-to-date: /home/locobot/LoCoBotRos/interbotix_ws/install/ecl_devices/include/ecl/devices/detail/character_buffer.hpp
-- Up-to-date: /home/locobot/LoCoBotRos/interbotix_ws/install/ecl_devices/include/ecl/devices/detail/error_handler.hpp
-- Up-to-date: /home/locobot/LoCoBotRos/interbotix_ws/install/ecl_devices/include/ecl/devices/detail/exception_handler_pos.hpp
-- Up-to-date: /home/locobot/LoCoBotRos/interbotix_ws/install/ecl_devices/include/ecl/devices/detail/socket_error_handler_pos.hpp
-- Up-to-date: /home/locobot/LoCoBotRos/interbotix_ws/install/ecl_devices/include/ecl/devices/detail/socket_exception_handler_pos.hpp
-- Up-to-date: /home/locobot/LoCoBotRos/interbotix_ws/install/ecl_devices/lib/libecl_devices.so.1.2.1
-- Up-to-date: /home/locobot/LoCoBotRos/interbotix_ws/install/ecl_devices/lib/libecl_devices.so
-- Up-to-date: /home/locobot/LoCoBotRos/interbotix_ws/install/ecl_devices/lib/ecl_devices/demo_serial_timeouts
