[0.017s] Invoking command in '/home/locobot/LoCoBotRos/interbotix_ws/build/ecl_threads': AMENT_PREFIX_PATH=/home/locobot/LoCoBotRos/interbotix_ws/install/ecl_utilities:/home/locobot/LoCoBotRos/interbotix_ws/install/ecl_time:/home/locobot/LoCoBotRos/interbotix_ws/install/ecl_time_lite:/home/locobot/LoCoBotRos/interbotix_ws/install/ecl_exceptions:/home/locobot/LoCoBotRos/interbotix_ws/install/ecl_concepts:/home/locobot/LoCoBotRos/interbotix_ws/install/ecl_type_traits:/home/locobot/LoCoBotRos/interbotix_ws/install/ecl_errors:/home/locobot/LoCoBotRos/interbotix_ws/install/ecl_mpl:/home/locobot/LoCoBotRos/interbotix_ws/install/ecl_config:${AMENT_PREFIX_PATH} CMAKE_PREFIX_PATH=/home/locobot/LoCoBotRos/interbotix_ws/install/ecl_utilities:/home/locobot/LoCoBotRos/interbotix_ws/install/ecl_time:/home/locobot/LoCoBotRos/interbotix_ws/install/ecl_time_lite:/home/locobot/LoCoBotRos/interbotix_ws/install/ecl_exceptions:/home/locobot/LoCoBotRos/interbotix_ws/install/ecl_concepts:/home/locobot/LoCoBotRos/interbotix_ws/install/ecl_type_traits:/home/locobot/LoCoBotRos/interbotix_ws/install/ecl_errors:/home/locobot/LoCoBotRos/interbotix_ws/install/ecl_mpl:/home/locobot/LoCoBotRos/interbotix_ws/install/ecl_config:/home/locobot/apriltag_ws/install/apriltag_ros:/opt/ros/humble LD_LIBRARY_PATH=/home/locobot/LoCoBotRos/interbotix_ws/install/ecl_time/lib:/home/locobot/LoCoBotRos/interbotix_ws/install/ecl_time_lite/lib:/home/locobot/LoCoBotRos/interbotix_ws/install/ecl_exceptions/lib:/home/locobot/LoCoBotRos/interbotix_ws/install/ecl_type_traits/lib:/home/locobot/LoCoBotRos/interbotix_ws/install/ecl_errors/lib:${LD_LIBRARY_PATH} PATH=/home/locobot/LoCoBotRos/interbotix_ws/install/ecl_type_traits/bin:/home/locobot/LoCoBotRos/interbotix_ws/install/ecl_config/bin:${PATH} /usr/bin/cmake --build /home/locobot/LoCoBotRos/interbotix_ws/build/ecl_threads -- -j16 -l16
[0.050s] [35m[1mConsolidate compiler generated dependencies of target gtest_main[0m
[0.050s] [35m[1mConsolidate compiler generated dependencies of target gtest[0m
[0.050s] [35m[1mConsolidate compiler generated dependencies of target ecl_threads[0m
[0.060s] [ 26%] Built target gtest
[0.060s] [ 26%] Built target gtest_main
[0.060s] [ 47%] Built target ecl_threads
[0.070s] [35m[1mConsolidate compiler generated dependencies of target ecl_demo_thread[0m
[0.070s] [35m[1mConsolidate compiler generated dependencies of target ecl_demo_mutex[0m
[0.080s] [ 56%] Built target ecl_demo_thread
[0.080s] [ 65%] Built target ecl_demo_mutex
[0.090s] [35m[1mConsolidate compiler generated dependencies of target ecl_test_threads[0m
[0.090s] [35m[1mConsolidate compiler generated dependencies of target ecl_test_threadable[0m
[0.090s] [35m[1mConsolidate compiler generated dependencies of target ecl_test_priorities[0m
[0.090s] [35m[1mConsolidate compiler generated dependencies of target ecl_test_mutex[0m
[0.101s] [ 82%] Built target ecl_test_mutex
[0.101s] [ 82%] Built target ecl_test_threads
[0.102s] [ 91%] Built target ecl_test_priorities
[0.103s] [100%] Built target ecl_test_threadable
[0.111s] Invoked command in '/home/locobot/LoCoBotRos/interbotix_ws/build/ecl_threads' returned '0': AMENT_PREFIX_PATH=/home/locobot/LoCoBotRos/interbotix_ws/install/ecl_utilities:/home/locobot/LoCoBotRos/interbotix_ws/install/ecl_time:/home/locobot/LoCoBotRos/interbotix_ws/install/ecl_time_lite:/home/locobot/LoCoBotRos/interbotix_ws/install/ecl_exceptions:/home/locobot/LoCoBotRos/interbotix_ws/install/ecl_concepts:/home/locobot/LoCoBotRos/interbotix_ws/install/ecl_type_traits:/home/locobot/LoCoBotRos/interbotix_ws/install/ecl_errors:/home/locobot/LoCoBotRos/interbotix_ws/install/ecl_mpl:/home/locobot/LoCoBotRos/interbotix_ws/install/ecl_config:${AMENT_PREFIX_PATH} CMAKE_PREFIX_PATH=/home/locobot/LoCoBotRos/interbotix_ws/install/ecl_utilities:/home/locobot/LoCoBotRos/interbotix_ws/install/ecl_time:/home/locobot/LoCoBotRos/interbotix_ws/install/ecl_time_lite:/home/locobot/LoCoBotRos/interbotix_ws/install/ecl_exceptions:/home/locobot/LoCoBotRos/interbotix_ws/install/ecl_concepts:/home/locobot/LoCoBotRos/interbotix_ws/install/ecl_type_traits:/home/locobot/LoCoBotRos/interbotix_ws/install/ecl_errors:/home/locobot/LoCoBotRos/interbotix_ws/install/ecl_mpl:/home/locobot/LoCoBotRos/interbotix_ws/install/ecl_config:/home/locobot/apriltag_ws/install/apriltag_ros:/opt/ros/humble LD_LIBRARY_PATH=/home/locobot/LoCoBotRos/interbotix_ws/install/ecl_time/lib:/home/locobot/LoCoBotRos/interbotix_ws/install/ecl_time_lite/lib:/home/locobot/LoCoBotRos/interbotix_ws/install/ecl_exceptions/lib:/home/locobot/LoCoBotRos/interbotix_ws/install/ecl_type_traits/lib:/home/locobot/LoCoBotRos/interbotix_ws/install/ecl_errors/lib:${LD_LIBRARY_PATH} PATH=/home/locobot/LoCoBotRos/interbotix_ws/install/ecl_type_traits/bin:/home/locobot/LoCoBotRos/interbotix_ws/install/ecl_config/bin:${PATH} /usr/bin/cmake --build /home/locobot/LoCoBotRos/interbotix_ws/build/ecl_threads -- -j16 -l16
[0.113s] Invoking command in '/home/locobot/LoCoBotRos/interbotix_ws/build/ecl_threads': AMENT_PREFIX_PATH=/home/locobot/LoCoBotRos/interbotix_ws/install/ecl_utilities:/home/locobot/LoCoBotRos/interbotix_ws/install/ecl_time:/home/locobot/LoCoBotRos/interbotix_ws/install/ecl_time_lite:/home/locobot/LoCoBotRos/interbotix_ws/install/ecl_exceptions:/home/locobot/LoCoBotRos/interbotix_ws/install/ecl_concepts:/home/locobot/LoCoBotRos/interbotix_ws/install/ecl_type_traits:/home/locobot/LoCoBotRos/interbotix_ws/install/ecl_errors:/home/locobot/LoCoBotRos/interbotix_ws/install/ecl_mpl:/home/locobot/LoCoBotRos/interbotix_ws/install/ecl_config:${AMENT_PREFIX_PATH} CMAKE_PREFIX_PATH=/home/locobot/LoCoBotRos/interbotix_ws/install/ecl_utilities:/home/locobot/LoCoBotRos/interbotix_ws/install/ecl_time:/home/locobot/LoCoBotRos/interbotix_ws/install/ecl_time_lite:/home/locobot/LoCoBotRos/interbotix_ws/install/ecl_exceptions:/home/locobot/LoCoBotRos/interbotix_ws/install/ecl_concepts:/home/locobot/LoCoBotRos/interbotix_ws/install/ecl_type_traits:/home/locobot/LoCoBotRos/interbotix_ws/install/ecl_errors:/home/locobot/LoCoBotRos/interbotix_ws/install/ecl_mpl:/home/locobot/LoCoBotRos/interbotix_ws/install/ecl_config:/home/locobot/apriltag_ws/install/apriltag_ros:/opt/ros/humble LD_LIBRARY_PATH=/home/locobot/LoCoBotRos/interbotix_ws/install/ecl_time/lib:/home/locobot/LoCoBotRos/interbotix_ws/install/ecl_time_lite/lib:/home/locobot/LoCoBotRos/interbotix_ws/install/ecl_exceptions/lib:/home/locobot/LoCoBotRos/interbotix_ws/install/ecl_type_traits/lib:/home/locobot/LoCoBotRos/interbotix_ws/install/ecl_errors/lib:${LD_LIBRARY_PATH} PATH=/home/locobot/LoCoBotRos/interbotix_ws/install/ecl_type_traits/bin:/home/locobot/LoCoBotRos/interbotix_ws/install/ecl_config/bin:${PATH} /usr/bin/cmake --install /home/locobot/LoCoBotRos/interbotix_ws/build/ecl_threads
[0.121s] -- Install configuration: "Release"
[0.121s] -- Up-to-date: /home/locobot/LoCoBotRos/interbotix_ws/install/ecl_threads/share/ecl_threads/environment/library_path.sh
[0.121s] -- Up-to-date: /home/locobot/LoCoBotRos/interbotix_ws/install/ecl_threads/share/ecl_threads/environment/library_path.dsv
[0.121s] -- Up-to-date: /home/locobot/LoCoBotRos/interbotix_ws/install/ecl_threads/share/ament_index/resource_index/package_run_dependencies/ecl_threads
[0.121s] -- Up-to-date: /home/locobot/LoCoBotRos/interbotix_ws/install/ecl_threads/share/ament_index/resource_index/parent_prefix_path/ecl_threads
[0.121s] -- Up-to-date: /home/locobot/LoCoBotRos/interbotix_ws/install/ecl_threads/share/ecl_threads/environment/ament_prefix_path.sh
[0.121s] -- Up-to-date: /home/locobot/LoCoBotRos/interbotix_ws/install/ecl_threads/share/ecl_threads/environment/ament_prefix_path.dsv
[0.121s] -- Up-to-date: /home/locobot/LoCoBotRos/interbotix_ws/install/ecl_threads/share/ecl_threads/environment/path.sh
[0.121s] -- Up-to-date: /home/locobot/LoCoBotRos/interbotix_ws/install/ecl_threads/share/ecl_threads/environment/path.dsv
[0.121s] -- Up-to-date: /home/locobot/LoCoBotRos/interbotix_ws/install/ecl_threads/share/ecl_threads/local_setup.bash
[0.122s] -- Up-to-date: /home/locobot/LoCoBotRos/interbotix_ws/install/ecl_threads/share/ecl_threads/local_setup.sh
[0.122s] -- Up-to-date: /home/locobot/LoCoBotRos/interbotix_ws/install/ecl_threads/share/ecl_threads/local_setup.zsh
[0.122s] -- Up-to-date: /home/locobot/LoCoBotRos/interbotix_ws/install/ecl_threads/share/ecl_threads/local_setup.dsv
[0.122s] -- Installing: /home/locobot/LoCoBotRos/interbotix_ws/install/ecl_threads/share/ecl_threads/package.dsv
[0.122s] -- Up-to-date: /home/locobot/LoCoBotRos/interbotix_ws/install/ecl_threads/share/ament_index/resource_index/packages/ecl_threads
[0.122s] -- Up-to-date: /home/locobot/LoCoBotRos/interbotix_ws/install/ecl_threads/share/ecl_threads/cmake/ecl_threadsExport.cmake
[0.122s] -- Up-to-date: /home/locobot/LoCoBotRos/interbotix_ws/install/ecl_threads/share/ecl_threads/cmake/ecl_threadsExport-release.cmake
[0.122s] -- Up-to-date: /home/locobot/LoCoBotRos/interbotix_ws/install/ecl_threads/share/ecl_threads/cmake/ecl_threads-extras.cmake
[0.122s] -- Up-to-date: /home/locobot/LoCoBotRos/interbotix_ws/install/ecl_threads/share/ecl_threads/cmake/ament_cmake_export_targets-extras.cmake
[0.122s] -- Up-to-date: /home/locobot/LoCoBotRos/interbotix_ws/install/ecl_threads/share/ecl_threads/cmake/ament_cmake_export_include_directories-extras.cmake
[0.122s] -- Up-to-date: /home/locobot/LoCoBotRos/interbotix_ws/install/ecl_threads/share/ecl_threads/cmake/ament_cmake_export_libraries-extras.cmake
[0.122s] -- Up-to-date: /home/locobot/LoCoBotRos/interbotix_ws/install/ecl_threads/share/ecl_threads/cmake/ament_cmake_export_dependencies-extras.cmake
[0.123s] -- Up-to-date: /home/locobot/LoCoBotRos/interbotix_ws/install/ecl_threads/share/ecl_threads/cmake/ecl_threadsConfig.cmake
[0.123s] -- Up-to-date: /home/locobot/LoCoBotRos/interbotix_ws/install/ecl_threads/share/ecl_threads/cmake/ecl_threadsConfig-version.cmake
[0.123s] -- Up-to-date: /home/locobot/LoCoBotRos/interbotix_ws/install/ecl_threads/share/ecl_threads/package.xml
[0.123s] -- Up-to-date: /home/locobot/LoCoBotRos/interbotix_ws/install/ecl_threads/include/ecl/threads.hpp
[0.123s] -- Up-to-date: /home/locobot/LoCoBotRos/interbotix_ws/install/ecl_threads/include/ecl/threads/macros.hpp
[0.123s] -- Up-to-date: /home/locobot/LoCoBotRos/interbotix_ws/install/ecl_threads/include/ecl/threads/mutex.hpp
[0.123s] -- Up-to-date: /home/locobot/LoCoBotRos/interbotix_ws/install/ecl_threads/include/ecl/threads/mutex_pos.hpp
[0.123s] -- Up-to-date: /home/locobot/LoCoBotRos/interbotix_ws/install/ecl_threads/include/ecl/threads/mutex_w32.hpp
[0.123s] -- Up-to-date: /home/locobot/LoCoBotRos/interbotix_ws/install/ecl_threads/include/ecl/threads/priority.hpp
[0.124s] -- Up-to-date: /home/locobot/LoCoBotRos/interbotix_ws/install/ecl_threads/include/ecl/threads/priority_common.hpp
[0.124s] -- Up-to-date: /home/locobot/LoCoBotRos/interbotix_ws/install/ecl_threads/include/ecl/threads/priority_pos.hpp
[0.124s] -- Up-to-date: /home/locobot/LoCoBotRos/interbotix_ws/install/ecl_threads/include/ecl/threads/priority_win.hpp
[0.124s] -- Up-to-date: /home/locobot/LoCoBotRos/interbotix_ws/install/ecl_threads/include/ecl/threads/thread.hpp
[0.124s] -- Up-to-date: /home/locobot/LoCoBotRos/interbotix_ws/install/ecl_threads/include/ecl/threads/thread_exceptions_pos.hpp
[0.124s] -- Up-to-date: /home/locobot/LoCoBotRos/interbotix_ws/install/ecl_threads/include/ecl/threads/thread_pos.hpp
[0.124s] -- Up-to-date: /home/locobot/LoCoBotRos/interbotix_ws/install/ecl_threads/include/ecl/threads/thread_win.hpp
[0.124s] -- Up-to-date: /home/locobot/LoCoBotRos/interbotix_ws/install/ecl_threads/include/ecl/threads/threadable.hpp
[0.124s] -- Up-to-date: /home/locobot/LoCoBotRos/interbotix_ws/install/ecl_threads/lib/libecl_threads.so.1.2.1
[0.124s] -- Up-to-date: /home/locobot/LoCoBotRos/interbotix_ws/install/ecl_threads/lib/libecl_threads.so
[0.126s] -- Up-to-date: /home/locobot/LoCoBotRos/interbotix_ws/install/ecl_threads/lib/ecl_threads/demo_thread
[0.127s] -- Up-to-date: /home/locobot/LoCoBotRos/interbotix_ws/install/ecl_threads/lib/ecl_threads/demo_mutex
[0.128s] Invoked command in '/home/locobot/LoCoBotRos/interbotix_ws/build/ecl_threads' returned '0': AMENT_PREFIX_PATH=/home/locobot/LoCoBotRos/interbotix_ws/install/ecl_utilities:/home/locobot/LoCoBotRos/interbotix_ws/install/ecl_time:/home/locobot/LoCoBotRos/interbotix_ws/install/ecl_time_lite:/home/locobot/LoCoBotRos/interbotix_ws/install/ecl_exceptions:/home/locobot/LoCoBotRos/interbotix_ws/install/ecl_concepts:/home/locobot/LoCoBotRos/interbotix_ws/install/ecl_type_traits:/home/locobot/LoCoBotRos/interbotix_ws/install/ecl_errors:/home/locobot/LoCoBotRos/interbotix_ws/install/ecl_mpl:/home/locobot/LoCoBotRos/interbotix_ws/install/ecl_config:${AMENT_PREFIX_PATH} CMAKE_PREFIX_PATH=/home/locobot/LoCoBotRos/interbotix_ws/install/ecl_utilities:/home/locobot/LoCoBotRos/interbotix_ws/install/ecl_time:/home/locobot/LoCoBotRos/interbotix_ws/install/ecl_time_lite:/home/locobot/LoCoBotRos/interbotix_ws/install/ecl_exceptions:/home/locobot/LoCoBotRos/interbotix_ws/install/ecl_concepts:/home/locobot/LoCoBotRos/interbotix_ws/install/ecl_type_traits:/home/locobot/LoCoBotRos/interbotix_ws/install/ecl_errors:/home/locobot/LoCoBotRos/interbotix_ws/install/ecl_mpl:/home/locobot/LoCoBotRos/interbotix_ws/install/ecl_config:/home/locobot/apriltag_ws/install/apriltag_ros:/opt/ros/humble LD_LIBRARY_PATH=/home/locobot/LoCoBotRos/interbotix_ws/install/ecl_time/lib:/home/locobot/LoCoBotRos/interbotix_ws/install/ecl_time_lite/lib:/home/locobot/LoCoBotRos/interbotix_ws/install/ecl_exceptions/lib:/home/locobot/LoCoBotRos/interbotix_ws/install/ecl_type_traits/lib:/home/locobot/LoCoBotRos/interbotix_ws/install/ecl_errors/lib:${LD_LIBRARY_PATH} PATH=/home/locobot/LoCoBotRos/interbotix_ws/install/ecl_type_traits/bin:/home/locobot/LoCoBotRos/interbotix_ws/install/ecl_config/bin:${PATH} /usr/bin/cmake --install /home/locobot/LoCoBotRos/interbotix_ws/build/ecl_threads
