[0.031s] Invoking command in '/home/locobot/LoCoBotRos/interbotix_ws/build/moveit_visual_tools': CMAKE_PREFIX_PATH=${CMAKE_PREFIX_PATH}:/home/locobot/LoCoBotRos/interbotix_ws/install/interbotix_xs_modules:/home/locobot/LoCoBotRos/interbotix_ws/install/interbotix_common_modules:/home/locobot/interbotix_ws/install/kobuki_description:/home/locobot/interbotix_ws/install/interbotix_xs_modules:/home/locobot/interbotix_ws/install/interbotix_common_sim:/home/locobot/interbotix_ws/install/interbotix_common_modules:/home/locobot/interbotix_ws/install/ecl_utilities:/home/locobot/interbotix_ws/install/ecl_math:/home/locobot/interbotix_ws/install/ecl_formatters:/home/locobot/interbotix_ws/install/ecl_converters:/home/locobot/interbotix_ws/install/ecl_concepts:/home/locobot/interbotix_ws/install/ecl_type_traits:/home/locobot/interbotix_ws/install/ecl_time_lite:/home/locobot/interbotix_ws/install/ecl_mpl:/home/locobot/interbotix_ws/install/ecl_exceptions:/home/locobot/interbotix_ws/install/ecl_errors:/home/locobot/interbotix_ws/install/ecl_eigen:/home/locobot/interbotix_ws/install/ecl_config:/home/locobot/interbotix_ws/install/ecl_command_line:/home/locobot/interbotix_ws/install/dynamixel_workbench_toolbox:/opt/ros/humble /usr/bin/cmake --build /home/locobot/LoCoBotRos/interbotix_ws/build/moveit_visual_tools -- -j16 -l16
[0.168s] [ 66%] Built target moveit_visual_tools
[0.228s] [100%] Built target moveit_visual_tools_demo
[0.245s] Invoked command in '/home/locobot/LoCoBotRos/interbotix_ws/build/moveit_visual_tools' returned '0': CMAKE_PREFIX_PATH=${CMAKE_PREFIX_PATH}:/home/locobot/LoCoBotRos/interbotix_ws/install/interbotix_xs_modules:/home/locobot/LoCoBotRos/interbotix_ws/install/interbotix_common_modules:/home/locobot/interbotix_ws/install/kobuki_description:/home/locobot/interbotix_ws/install/interbotix_xs_modules:/home/locobot/interbotix_ws/install/interbotix_common_sim:/home/locobot/interbotix_ws/install/interbotix_common_modules:/home/locobot/interbotix_ws/install/ecl_utilities:/home/locobot/interbotix_ws/install/ecl_math:/home/locobot/interbotix_ws/install/ecl_formatters:/home/locobot/interbotix_ws/install/ecl_converters:/home/locobot/interbotix_ws/install/ecl_concepts:/home/locobot/interbotix_ws/install/ecl_type_traits:/home/locobot/interbotix_ws/install/ecl_time_lite:/home/locobot/interbotix_ws/install/ecl_mpl:/home/locobot/interbotix_ws/install/ecl_exceptions:/home/locobot/interbotix_ws/install/ecl_errors:/home/locobot/interbotix_ws/install/ecl_eigen:/home/locobot/interbotix_ws/install/ecl_config:/home/locobot/interbotix_ws/install/ecl_command_line:/home/locobot/interbotix_ws/install/dynamixel_workbench_toolbox:/opt/ros/humble /usr/bin/cmake --build /home/locobot/LoCoBotRos/interbotix_ws/build/moveit_visual_tools -- -j16 -l16
[0.248s] Invoking command in '/home/locobot/LoCoBotRos/interbotix_ws/build/moveit_visual_tools': CMAKE_PREFIX_PATH=${CMAKE_PREFIX_PATH}:/home/locobot/LoCoBotRos/interbotix_ws/install/interbotix_xs_modules:/home/locobot/LoCoBotRos/interbotix_ws/install/interbotix_common_modules:/home/locobot/interbotix_ws/install/kobuki_description:/home/locobot/interbotix_ws/install/interbotix_xs_modules:/home/locobot/interbotix_ws/install/interbotix_common_sim:/home/locobot/interbotix_ws/install/interbotix_common_modules:/home/locobot/interbotix_ws/install/ecl_utilities:/home/locobot/interbotix_ws/install/ecl_math:/home/locobot/interbotix_ws/install/ecl_formatters:/home/locobot/interbotix_ws/install/ecl_converters:/home/locobot/interbotix_ws/install/ecl_concepts:/home/locobot/interbotix_ws/install/ecl_type_traits:/home/locobot/interbotix_ws/install/ecl_time_lite:/home/locobot/interbotix_ws/install/ecl_mpl:/home/locobot/interbotix_ws/install/ecl_exceptions:/home/locobot/interbotix_ws/install/ecl_errors:/home/locobot/interbotix_ws/install/ecl_eigen:/home/locobot/interbotix_ws/install/ecl_config:/home/locobot/interbotix_ws/install/ecl_command_line:/home/locobot/interbotix_ws/install/dynamixel_workbench_toolbox:/opt/ros/humble /usr/bin/cmake --install /home/locobot/LoCoBotRos/interbotix_ws/build/moveit_visual_tools
[0.261s] -- Install configuration: "Release"
[0.261s] -- Up-to-date: /home/locobot/LoCoBotRos/interbotix_ws/install/moveit_visual_tools/share/moveit_visual_tools/environment/library_path.sh
[0.261s] -- Up-to-date: /home/locobot/LoCoBotRos/interbotix_ws/install/moveit_visual_tools/share/moveit_visual_tools/environment/library_path.dsv
[0.262s] -- Up-to-date: /home/locobot/LoCoBotRos/interbotix_ws/install/moveit_visual_tools/lib/libmoveit_visual_tools.so
[0.262s] -- Up-to-date: /home/locobot/LoCoBotRos/interbotix_ws/install/moveit_visual_tools/lib/moveit_visual_tools/moveit_visual_tools_demo
[0.262s] -- Up-to-date: /home/locobot/LoCoBotRos/interbotix_ws/install/moveit_visual_tools/include
[0.262s] -- Up-to-date: /home/locobot/LoCoBotRos/interbotix_ws/install/moveit_visual_tools/include/moveit_visual_tools
[0.262s] -- Up-to-date: /home/locobot/LoCoBotRos/interbotix_ws/install/moveit_visual_tools/include/moveit_visual_tools/moveit_visual_tools.h
[0.262s] -- Up-to-date: /home/locobot/LoCoBotRos/interbotix_ws/install/moveit_visual_tools/include/moveit_visual_tools/imarker_robot_state.h
[0.262s] -- Up-to-date: /home/locobot/LoCoBotRos/interbotix_ws/install/moveit_visual_tools/include/moveit_visual_tools/imarker_end_effector.h
[0.262s] -- Up-to-date: /home/locobot/LoCoBotRos/interbotix_ws/install/moveit_visual_tools/share/moveit_visual_tools/launch
[0.263s] -- Up-to-date: /home/locobot/LoCoBotRos/interbotix_ws/install/moveit_visual_tools/share/moveit_visual_tools/launch/demo_rviz.launch.py
[0.263s] -- Up-to-date: /home/locobot/LoCoBotRos/interbotix_ws/install/moveit_visual_tools/share/moveit_visual_tools/launch/demo.rviz
[0.263s] -- Up-to-date: /home/locobot/LoCoBotRos/interbotix_ws/install/moveit_visual_tools/share/moveit_visual_tools/resources
[0.263s] -- Up-to-date: /home/locobot/LoCoBotRos/interbotix_ws/install/moveit_visual_tools/share/moveit_visual_tools/resources/demo_mesh.stl
[0.263s] -- Up-to-date: /home/locobot/LoCoBotRos/interbotix_ws/install/moveit_visual_tools/share/moveit_visual_tools/resources/screenshot.png
[0.263s] -- Up-to-date: /home/locobot/LoCoBotRos/interbotix_ws/install/moveit_visual_tools/share/moveit_visual_tools/resources/rrbot.srdf
[0.263s] -- Up-to-date: /home/locobot/LoCoBotRos/interbotix_ws/install/moveit_visual_tools/share/moveit_visual_tools/resources/demo.png
[0.263s] -- Up-to-date: /home/locobot/LoCoBotRos/interbotix_ws/install/moveit_visual_tools/share/moveit_visual_tools/resources/rrbot.urdf
[0.263s] -- Up-to-date: /home/locobot/LoCoBotRos/interbotix_ws/install/moveit_visual_tools/share/ament_index/resource_index/package_run_dependencies/moveit_visual_tools
[0.263s] -- Up-to-date: /home/locobot/LoCoBotRos/interbotix_ws/install/moveit_visual_tools/share/ament_index/resource_index/parent_prefix_path/moveit_visual_tools
[0.263s] -- Up-to-date: /home/locobot/LoCoBotRos/interbotix_ws/install/moveit_visual_tools/share/moveit_visual_tools/environment/ament_prefix_path.sh
[0.263s] -- Up-to-date: /home/locobot/LoCoBotRos/interbotix_ws/install/moveit_visual_tools/share/moveit_visual_tools/environment/ament_prefix_path.dsv
[0.264s] -- Up-to-date: /home/locobot/LoCoBotRos/interbotix_ws/install/moveit_visual_tools/share/moveit_visual_tools/environment/path.sh
[0.264s] -- Up-to-date: /home/locobot/LoCoBotRos/interbotix_ws/install/moveit_visual_tools/share/moveit_visual_tools/environment/path.dsv
[0.264s] -- Up-to-date: /home/locobot/LoCoBotRos/interbotix_ws/install/moveit_visual_tools/share/moveit_visual_tools/local_setup.bash
[0.264s] -- Up-to-date: /home/locobot/LoCoBotRos/interbotix_ws/install/moveit_visual_tools/share/moveit_visual_tools/local_setup.sh
[0.264s] -- Up-to-date: /home/locobot/LoCoBotRos/interbotix_ws/install/moveit_visual_tools/share/moveit_visual_tools/local_setup.zsh
[0.264s] -- Up-to-date: /home/locobot/LoCoBotRos/interbotix_ws/install/moveit_visual_tools/share/moveit_visual_tools/local_setup.dsv
[0.264s] -- Installing: /home/locobot/LoCoBotRos/interbotix_ws/install/moveit_visual_tools/share/moveit_visual_tools/package.dsv
[0.264s] -- Up-to-date: /home/locobot/LoCoBotRos/interbotix_ws/install/moveit_visual_tools/share/ament_index/resource_index/packages/moveit_visual_tools
[0.264s] -- Up-to-date: /home/locobot/LoCoBotRos/interbotix_ws/install/moveit_visual_tools/share/moveit_visual_tools/cmake/export_moveit_visual_toolsExport.cmake
[0.264s] -- Up-to-date: /home/locobot/LoCoBotRos/interbotix_ws/install/moveit_visual_tools/share/moveit_visual_tools/cmake/export_moveit_visual_toolsExport-release.cmake
[0.264s] -- Up-to-date: /home/locobot/LoCoBotRos/interbotix_ws/install/moveit_visual_tools/share/moveit_visual_tools/cmake/ament_cmake_export_targets-extras.cmake
[0.264s] -- Up-to-date: /home/locobot/LoCoBotRos/interbotix_ws/install/moveit_visual_tools/share/moveit_visual_tools/cmake/ament_cmake_export_dependencies-extras.cmake
[0.264s] -- Up-to-date: /home/locobot/LoCoBotRos/interbotix_ws/install/moveit_visual_tools/share/moveit_visual_tools/cmake/moveit_visual_toolsConfig.cmake
[0.264s] -- Up-to-date: /home/locobot/LoCoBotRos/interbotix_ws/install/moveit_visual_tools/share/moveit_visual_tools/cmake/moveit_visual_toolsConfig-version.cmake
[0.264s] -- Up-to-date: /home/locobot/LoCoBotRos/interbotix_ws/install/moveit_visual_tools/share/moveit_visual_tools/package.xml
[0.266s] Invoked command in '/home/locobot/LoCoBotRos/interbotix_ws/build/moveit_visual_tools' returned '0': CMAKE_PREFIX_PATH=${CMAKE_PREFIX_PATH}:/home/locobot/LoCoBotRos/interbotix_ws/install/interbotix_xs_modules:/home/locobot/LoCoBotRos/interbotix_ws/install/interbotix_common_modules:/home/locobot/interbotix_ws/install/kobuki_description:/home/locobot/interbotix_ws/install/interbotix_xs_modules:/home/locobot/interbotix_ws/install/interbotix_common_sim:/home/locobot/interbotix_ws/install/interbotix_common_modules:/home/locobot/interbotix_ws/install/ecl_utilities:/home/locobot/interbotix_ws/install/ecl_math:/home/locobot/interbotix_ws/install/ecl_formatters:/home/locobot/interbotix_ws/install/ecl_converters:/home/locobot/interbotix_ws/install/ecl_concepts:/home/locobot/interbotix_ws/install/ecl_type_traits:/home/locobot/interbotix_ws/install/ecl_time_lite:/home/locobot/interbotix_ws/install/ecl_mpl:/home/locobot/interbotix_ws/install/ecl_exceptions:/home/locobot/interbotix_ws/install/ecl_errors:/home/locobot/interbotix_ws/install/ecl_eigen:/home/locobot/interbotix_ws/install/ecl_config:/home/locobot/interbotix_ws/install/ecl_command_line:/home/locobot/interbotix_ws/install/dynamixel_workbench_toolbox:/opt/ros/humble /usr/bin/cmake --install /home/locobot/LoCoBotRos/interbotix_ws/build/moveit_visual_tools
