[0.086s] Invoking command in '/home/locobot/LoCoBotRos/interbotix_ws/build/kobuki_description': CMAKE_PREFIX_PATH=${CMAKE_PREFIX_PATH}:/opt/ros/humble /usr/bin/cmake /home/locobot/LoCoBotRos/interbotix_ws/src/kobuki_ros/kobuki_description -DCMAKE_INSTALL_PREFIX=/home/locobot/LoCoBotRos/interbotix_ws/install/kobuki_description
[0.117s] -- Found ament_cmake: 1.3.11 (/opt/ros/humble/share/ament_cmake/cmake)
[0.294s] -- Found ament_lint_auto: 0.12.12 (/opt/ros/humble/share/ament_lint_auto/cmake)
[0.401s] -- Added test 'copyright' to check source files copyright and LICENSE
[0.402s] -- Added test 'flake8' to check Python code syntax and style conventions
[0.407s] -- Added test 'lint_cmake' to check CMake code style
[0.407s] -- Added test 'pep257' to check Python code against some of the docstring style conventions in PEP 257
[0.408s] -- Added test 'xmllint' to check XML markup files
[0.408s] -- Configuring done
[0.418s] -- Generating done
[0.419s] -- Build files have been written to: /home/locobot/LoCoBotRos/interbotix_ws/build/kobuki_description
[0.434s] Invoked command in '/home/locobot/LoCoBotRos/interbotix_ws/build/kobuki_description' returned '0': CMAKE_PREFIX_PATH=${CMAKE_PREFIX_PATH}:/opt/ros/humble /usr/bin/cmake /home/locobot/LoCoBotRos/interbotix_ws/src/kobuki_ros/kobuki_description -DCMAKE_INSTALL_PREFIX=/home/locobot/LoCoBotRos/interbotix_ws/install/kobuki_description
[0.439s] Invoking command in '/home/locobot/LoCoBotRos/interbotix_ws/build/kobuki_description': CMAKE_PREFIX_PATH=${CMAKE_PREFIX_PATH}:/opt/ros/humble /usr/bin/cmake --build /home/locobot/LoCoBotRos/interbotix_ws/build/kobuki_description -- -j16 -l16
[0.514s] Invoked command in '/home/locobot/LoCoBotRos/interbotix_ws/build/kobuki_description' returned '0': CMAKE_PREFIX_PATH=${CMAKE_PREFIX_PATH}:/opt/ros/humble /usr/bin/cmake --build /home/locobot/LoCoBotRos/interbotix_ws/build/kobuki_description -- -j16 -l16
[0.518s] Invoking command in '/home/locobot/LoCoBotRos/interbotix_ws/build/kobuki_description': CMAKE_PREFIX_PATH=${CMAKE_PREFIX_PATH}:/opt/ros/humble /usr/bin/cmake --install /home/locobot/LoCoBotRos/interbotix_ws/build/kobuki_description
[0.645s] -- Install configuration: "Release"
[0.645s] -- Up-to-date: /home/locobot/LoCoBotRos/interbotix_ws/install/kobuki_description/share/kobuki_description/launch
[0.646s] -- Up-to-date: /home/locobot/LoCoBotRos/interbotix_ws/install/kobuki_description/share/kobuki_description/launch/robot_description.launch.py
[0.646s] -- Up-to-date: /home/locobot/LoCoBotRos/interbotix_ws/install/kobuki_description/share/kobuki_description/meshes
[0.646s] -- Up-to-date: /home/locobot/LoCoBotRos/interbotix_ws/install/kobuki_description/share/kobuki_description/meshes/main_body.dae
[0.646s] -- Up-to-date: /home/locobot/LoCoBotRos/interbotix_ws/install/kobuki_description/share/kobuki_description/meshes/wheel.dae
[0.646s] -- Up-to-date: /home/locobot/LoCoBotRos/interbotix_ws/install/kobuki_description/share/kobuki_description/meshes/images
[0.646s] -- Up-to-date: /home/locobot/LoCoBotRos/interbotix_ws/install/kobuki_description/share/kobuki_description/meshes/images/wheel.jpg
[0.646s] -- Up-to-date: /home/locobot/LoCoBotRos/interbotix_ws/install/kobuki_description/share/kobuki_description/meshes/images/main_body.jpg
[0.646s] -- Up-to-date: /home/locobot/LoCoBotRos/interbotix_ws/install/kobuki_description/share/kobuki_description/rviz
[0.646s] -- Up-to-date: /home/locobot/LoCoBotRos/interbotix_ws/install/kobuki_description/share/kobuki_description/rviz/model.rviz
[0.646s] -- Up-to-date: /home/locobot/LoCoBotRos/interbotix_ws/install/kobuki_description/share/kobuki_description/urdf
[0.646s] -- Up-to-date: /home/locobot/LoCoBotRos/interbotix_ws/install/kobuki_description/share/kobuki_description/urdf/kobuki_standalone.urdf.xacro
[0.646s] -- Up-to-date: /home/locobot/LoCoBotRos/interbotix_ws/install/kobuki_description/share/kobuki_description/urdf/common_properties.urdf.xacro
[0.647s] -- Up-to-date: /home/locobot/LoCoBotRos/interbotix_ws/install/kobuki_description/share/kobuki_description/urdf/kobuki_gazebo.urdf.xacro
[0.647s] -- Up-to-date: /home/locobot/LoCoBotRos/interbotix_ws/install/kobuki_description/share/kobuki_description/urdf/kobuki.urdf.xacro
[0.647s] -- Up-to-date: /home/locobot/LoCoBotRos/interbotix_ws/install/kobuki_description/share/ament_index/resource_index/package_run_dependencies/kobuki_description
[0.647s] -- Up-to-date: /home/locobot/LoCoBotRos/interbotix_ws/install/kobuki_description/share/ament_index/resource_index/parent_prefix_path/kobuki_description
[0.647s] -- Up-to-date: /home/locobot/LoCoBotRos/interbotix_ws/install/kobuki_description/share/kobuki_description/environment/ament_prefix_path.sh
[0.647s] -- Installing: /home/locobot/LoCoBotRos/interbotix_ws/install/kobuki_description/share/kobuki_description/environment/ament_prefix_path.dsv
[0.647s] -- Up-to-date: /home/locobot/LoCoBotRos/interbotix_ws/install/kobuki_description/share/kobuki_description/environment/path.sh
[0.647s] -- Installing: /home/locobot/LoCoBotRos/interbotix_ws/install/kobuki_description/share/kobuki_description/environment/path.dsv
[0.647s] -- Up-to-date: /home/locobot/LoCoBotRos/interbotix_ws/install/kobuki_description/share/kobuki_description/local_setup.bash
[0.647s] -- Up-to-date: /home/locobot/LoCoBotRos/interbotix_ws/install/kobuki_description/share/kobuki_description/local_setup.sh
[0.647s] -- Up-to-date: /home/locobot/LoCoBotRos/interbotix_ws/install/kobuki_description/share/kobuki_description/local_setup.zsh
[0.647s] -- Installing: /home/locobot/LoCoBotRos/interbotix_ws/install/kobuki_description/share/kobuki_description/local_setup.dsv
[0.648s] -- Installing: /home/locobot/LoCoBotRos/interbotix_ws/install/kobuki_description/share/kobuki_description/package.dsv
[0.648s] -- Up-to-date: /home/locobot/LoCoBotRos/interbotix_ws/install/kobuki_description/share/ament_index/resource_index/packages/kobuki_description
[0.648s] -- Up-to-date: /home/locobot/LoCoBotRos/interbotix_ws/install/kobuki_description/share/kobuki_description/cmake/kobuki_descriptionConfig.cmake
[0.648s] -- Up-to-date: /home/locobot/LoCoBotRos/interbotix_ws/install/kobuki_description/share/kobuki_description/cmake/kobuki_descriptionConfig-version.cmake
[0.648s] -- Up-to-date: /home/locobot/LoCoBotRos/interbotix_ws/install/kobuki_description/share/kobuki_description/package.xml
[0.677s] Invoked command in '/home/locobot/LoCoBotRos/interbotix_ws/build/kobuki_description' returned '0': CMAKE_PREFIX_PATH=${CMAKE_PREFIX_PATH}:/opt/ros/humble /usr/bin/cmake --install /home/locobot/LoCoBotRos/interbotix_ws/build/kobuki_description
