[0.140s] Invoking command in '/home/locobot/LoCoBotRos/interbotix_ws/build/ecl_command_line': CMAKE_PREFIX_PATH=${CMAKE_PREFIX_PATH}:/home/locobot/LoCoBotRos/interbotix_ws/install/interbotix_xs_modules:/home/locobot/LoCoBotRos/interbotix_ws/install/interbotix_common_modules:/home/locobot/interbotix_ws/install/kobuki_description:/home/locobot/interbotix_ws/install/interbotix_xs_modules:/home/locobot/interbotix_ws/install/interbotix_common_sim:/home/locobot/interbotix_ws/install/interbotix_common_modules:/home/locobot/interbotix_ws/install/ecl_utilities:/home/locobot/interbotix_ws/install/ecl_math:/home/locobot/interbotix_ws/install/ecl_formatters:/home/locobot/interbotix_ws/install/ecl_converters:/home/locobot/interbotix_ws/install/ecl_concepts:/home/locobot/interbotix_ws/install/ecl_type_traits:/home/locobot/interbotix_ws/install/ecl_time_lite:/home/locobot/interbotix_ws/install/ecl_mpl:/home/locobot/interbotix_ws/install/ecl_exceptions:/home/locobot/interbotix_ws/install/ecl_errors:/home/locobot/interbotix_ws/install/ecl_eigen:/home/locobot/interbotix_ws/install/ecl_config:/home/locobot/interbotix_ws/install/ecl_command_line:/home/locobot/interbotix_ws/install/dynamixel_workbench_toolbox:/opt/ros/humble /usr/bin/cmake --build /home/locobot/LoCoBotRos/interbotix_ws/build/ecl_command_line -- -j16 -l16
[0.535s] [35m[1mConsolidate compiler generated dependencies of target ecl_demo_command_line[0m
[0.535s] [100%] Built target ecl_demo_command_line
[0.536s] Invoked command in '/home/locobot/LoCoBotRos/interbotix_ws/build/ecl_command_line' returned '0': CMAKE_PREFIX_PATH=${CMAKE_PREFIX_PATH}:/home/locobot/LoCoBotRos/interbotix_ws/install/interbotix_xs_modules:/home/locobot/LoCoBotRos/interbotix_ws/install/interbotix_common_modules:/home/locobot/interbotix_ws/install/kobuki_description:/home/locobot/interbotix_ws/install/interbotix_xs_modules:/home/locobot/interbotix_ws/install/interbotix_common_sim:/home/locobot/interbotix_ws/install/interbotix_common_modules:/home/locobot/interbotix_ws/install/ecl_utilities:/home/locobot/interbotix_ws/install/ecl_math:/home/locobot/interbotix_ws/install/ecl_formatters:/home/locobot/interbotix_ws/install/ecl_converters:/home/locobot/interbotix_ws/install/ecl_concepts:/home/locobot/interbotix_ws/install/ecl_type_traits:/home/locobot/interbotix_ws/install/ecl_time_lite:/home/locobot/interbotix_ws/install/ecl_mpl:/home/locobot/interbotix_ws/install/ecl_exceptions:/home/locobot/interbotix_ws/install/ecl_errors:/home/locobot/interbotix_ws/install/ecl_eigen:/home/locobot/interbotix_ws/install/ecl_config:/home/locobot/interbotix_ws/install/ecl_command_line:/home/locobot/interbotix_ws/install/dynamixel_workbench_toolbox:/opt/ros/humble /usr/bin/cmake --build /home/locobot/LoCoBotRos/interbotix_ws/build/ecl_command_line -- -j16 -l16
[0.566s] Invoking command in '/home/locobot/LoCoBotRos/interbotix_ws/build/ecl_command_line': CMAKE_PREFIX_PATH=${CMAKE_PREFIX_PATH}:/home/locobot/LoCoBotRos/interbotix_ws/install/interbotix_xs_modules:/home/locobot/LoCoBotRos/interbotix_ws/install/interbotix_common_modules:/home/locobot/interbotix_ws/install/kobuki_description:/home/locobot/interbotix_ws/install/interbotix_xs_modules:/home/locobot/interbotix_ws/install/interbotix_common_sim:/home/locobot/interbotix_ws/install/interbotix_common_modules:/home/locobot/interbotix_ws/install/ecl_utilities:/home/locobot/interbotix_ws/install/ecl_math:/home/locobot/interbotix_ws/install/ecl_formatters:/home/locobot/interbotix_ws/install/ecl_converters:/home/locobot/interbotix_ws/install/ecl_concepts:/home/locobot/interbotix_ws/install/ecl_type_traits:/home/locobot/interbotix_ws/install/ecl_time_lite:/home/locobot/interbotix_ws/install/ecl_mpl:/home/locobot/interbotix_ws/install/ecl_exceptions:/home/locobot/interbotix_ws/install/ecl_errors:/home/locobot/interbotix_ws/install/ecl_eigen:/home/locobot/interbotix_ws/install/ecl_config:/home/locobot/interbotix_ws/install/ecl_command_line:/home/locobot/interbotix_ws/install/dynamixel_workbench_toolbox:/opt/ros/humble /usr/bin/cmake --install /home/locobot/LoCoBotRos/interbotix_ws/build/ecl_command_line
[0.625s] -- Install configuration: ""
[0.625s] -- Up-to-date: /home/locobot/LoCoBotRos/interbotix_ws/install/ecl_command_line/share/ament_index/resource_index/package_run_dependencies/ecl_command_line
[0.625s] -- Up-to-date: /home/locobot/LoCoBotRos/interbotix_ws/install/ecl_command_line/share/ament_index/resource_index/parent_prefix_path/ecl_command_line
[0.625s] -- Up-to-date: /home/locobot/LoCoBotRos/interbotix_ws/install/ecl_command_line/share/ecl_command_line/environment/ament_prefix_path.sh
[0.626s] -- Up-to-date: /home/locobot/LoCoBotRos/interbotix_ws/install/ecl_command_line/share/ecl_command_line/environment/ament_prefix_path.dsv
[0.626s] -- Up-to-date: /home/locobot/LoCoBotRos/interbotix_ws/install/ecl_command_line/share/ecl_command_line/environment/path.sh
[0.626s] -- Up-to-date: /home/locobot/LoCoBotRos/interbotix_ws/install/ecl_command_line/share/ecl_command_line/environment/path.dsv
[0.627s] -- Up-to-date: /home/locobot/LoCoBotRos/interbotix_ws/install/ecl_command_line/share/ecl_command_line/local_setup.bash
[0.628s] -- Up-to-date: /home/locobot/LoCoBotRos/interbotix_ws/install/ecl_command_line/share/ecl_command_line/local_setup.sh
[0.628s] -- Up-to-date: /home/locobot/LoCoBotRos/interbotix_ws/install/ecl_command_line/share/ecl_command_line/local_setup.zsh
[0.628s] -- Up-to-date: /home/locobot/LoCoBotRos/interbotix_ws/install/ecl_command_line/share/ecl_command_line/local_setup.dsv
[0.629s] -- Installing: /home/locobot/LoCoBotRos/interbotix_ws/install/ecl_command_line/share/ecl_command_line/package.dsv
[0.629s] -- Up-to-date: /home/locobot/LoCoBotRos/interbotix_ws/install/ecl_command_line/share/ament_index/resource_index/packages/ecl_command_line
[0.629s] -- Up-to-date: /home/locobot/LoCoBotRos/interbotix_ws/install/ecl_command_line/share/ecl_command_line/cmake/ecl_command_lineExport.cmake
[0.629s] -- Up-to-date: /home/locobot/LoCoBotRos/interbotix_ws/install/ecl_command_line/share/ecl_command_line/cmake/ament_cmake_export_targets-extras.cmake
[0.629s] -- Up-to-date: /home/locobot/LoCoBotRos/interbotix_ws/install/ecl_command_line/share/ecl_command_line/cmake/ament_cmake_export_include_directories-extras.cmake
[0.629s] -- Up-to-date: /home/locobot/LoCoBotRos/interbotix_ws/install/ecl_command_line/share/ecl_command_line/cmake/ecl_command_lineConfig.cmake
[0.629s] -- Up-to-date: /home/locobot/LoCoBotRos/interbotix_ws/install/ecl_command_line/share/ecl_command_line/cmake/ecl_command_lineConfig-version.cmake
[0.629s] -- Up-to-date: /home/locobot/LoCoBotRos/interbotix_ws/install/ecl_command_line/share/ecl_command_line/package.xml
[0.630s] -- Up-to-date: /home/locobot/LoCoBotRos/interbotix_ws/install/ecl_command_line/include/ecl/command_line.hpp
[0.630s] -- Up-to-date: /home/locobot/LoCoBotRos/interbotix_ws/install/ecl_command_line/include/ecl/command_line/arg.hpp
[0.630s] -- Up-to-date: /home/locobot/LoCoBotRos/interbotix_ws/install/ecl_command_line/include/ecl/command_line/arg_exception.hpp
[0.630s] -- Up-to-date: /home/locobot/LoCoBotRos/interbotix_ws/install/ecl_command_line/include/ecl/command_line/cmd_line.hpp
[0.630s] -- Up-to-date: /home/locobot/LoCoBotRos/interbotix_ws/install/ecl_command_line/include/ecl/command_line/cmd_line_interface.hpp
[0.630s] -- Up-to-date: /home/locobot/LoCoBotRos/interbotix_ws/install/ecl_command_line/include/ecl/command_line/cmd_line_output.hpp
[0.630s] -- Up-to-date: /home/locobot/LoCoBotRos/interbotix_ws/install/ecl_command_line/include/ecl/command_line/constraint.hpp
[0.630s] -- Up-to-date: /home/locobot/LoCoBotRos/interbotix_ws/install/ecl_command_line/include/ecl/command_line/docbook_output.hpp
[0.630s] -- Up-to-date: /home/locobot/LoCoBotRos/interbotix_ws/install/ecl_command_line/include/ecl/command_line/help_visitor.hpp
[0.630s] -- Up-to-date: /home/locobot/LoCoBotRos/interbotix_ws/install/ecl_command_line/include/ecl/command_line/ignore_rest_visitor.hpp
[0.630s] -- Up-to-date: /home/locobot/LoCoBotRos/interbotix_ws/install/ecl_command_line/include/ecl/command_line/multi_arg.hpp
[0.630s] -- Up-to-date: /home/locobot/LoCoBotRos/interbotix_ws/install/ecl_command_line/include/ecl/command_line/multi_switch_arg.hpp
[0.632s] -- Up-to-date: /home/locobot/LoCoBotRos/interbotix_ws/install/ecl_command_line/include/ecl/command_line/optional_unlabeled_tracker.hpp
[0.632s] -- Up-to-date: /home/locobot/LoCoBotRos/interbotix_ws/install/ecl_command_line/include/ecl/command_line/std_output.hpp
[0.632s] -- Up-to-date: /home/locobot/LoCoBotRos/interbotix_ws/install/ecl_command_line/include/ecl/command_line/switch_arg.hpp
[0.633s] -- Up-to-date: /home/locobot/LoCoBotRos/interbotix_ws/install/ecl_command_line/include/ecl/command_line/unlabeled_multi_arg.hpp
[0.633s] -- Up-to-date: /home/locobot/LoCoBotRos/interbotix_ws/install/ecl_command_line/include/ecl/command_line/unlabeled_value_arg.hpp
[0.633s] -- Up-to-date: /home/locobot/LoCoBotRos/interbotix_ws/install/ecl_command_line/include/ecl/command_line/value_arg.hpp
[0.633s] -- Up-to-date: /home/locobot/LoCoBotRos/interbotix_ws/install/ecl_command_line/include/ecl/command_line/values_constraint.hpp
[0.633s] -- Up-to-date: /home/locobot/LoCoBotRos/interbotix_ws/install/ecl_command_line/include/ecl/command_line/version_visitor.hpp
[0.633s] -- Up-to-date: /home/locobot/LoCoBotRos/interbotix_ws/install/ecl_command_line/include/ecl/command_line/visitor.hpp
[0.634s] -- Up-to-date: /home/locobot/LoCoBotRos/interbotix_ws/install/ecl_command_line/include/ecl/command_line/xor_handler.hpp
[0.634s] -- Up-to-date: /home/locobot/LoCoBotRos/interbotix_ws/install/ecl_command_line/lib/ecl_command_line/demo_command_line
[0.664s] Invoked command in '/home/locobot/LoCoBotRos/interbotix_ws/build/ecl_command_line' returned '0': CMAKE_PREFIX_PATH=${CMAKE_PREFIX_PATH}:/home/locobot/LoCoBotRos/interbotix_ws/install/interbotix_xs_modules:/home/locobot/LoCoBotRos/interbotix_ws/install/interbotix_common_modules:/home/locobot/interbotix_ws/install/kobuki_description:/home/locobot/interbotix_ws/install/interbotix_xs_modules:/home/locobot/interbotix_ws/install/interbotix_common_sim:/home/locobot/interbotix_ws/install/interbotix_common_modules:/home/locobot/interbotix_ws/install/ecl_utilities:/home/locobot/interbotix_ws/install/ecl_math:/home/locobot/interbotix_ws/install/ecl_formatters:/home/locobot/interbotix_ws/install/ecl_converters:/home/locobot/interbotix_ws/install/ecl_concepts:/home/locobot/interbotix_ws/install/ecl_type_traits:/home/locobot/interbotix_ws/install/ecl_time_lite:/home/locobot/interbotix_ws/install/ecl_mpl:/home/locobot/interbotix_ws/install/ecl_exceptions:/home/locobot/interbotix_ws/install/ecl_errors:/home/locobot/interbotix_ws/install/ecl_eigen:/home/locobot/interbotix_ws/install/ecl_config:/home/locobot/interbotix_ws/install/ecl_command_line:/home/locobot/interbotix_ws/install/dynamixel_workbench_toolbox:/opt/ros/humble /usr/bin/cmake --install /home/locobot/LoCoBotRos/interbotix_ws/build/ecl_command_line
