[0.030s] Invoking command in '/home/rowanfoxx/Documents/GitHub/LoCoBotRos/build/urdf_tutorial': DEBUGINFOD_URLS=https://debuginfod.fedoraproject.org/ _=/usr/bin/env /usr/bin/cmake /home/rowanfoxx/Documents/GitHub/LoCoBotRos/src/urdf_tutorial -DCATKIN_INSTALL_INTO_PREFIX_ROOT=0 -DCMAKE_INSTALL_PREFIX=/home/rowanfoxx/Documents/GitHub/LoCoBotRos/install/urdf_tutorial
[0.088s] -- The C compiler identification is GNU 14.3.1
[0.147s] -- The CXX compiler identification is GNU 14.3.1
[0.159s] -- Detecting C compiler ABI info
[0.238s] -- Detecting C compiler ABI info - done
[0.247s] -- Check for working C compiler: /usr/bin/cc - skipped
[0.247s] -- Detecting C compile features
[0.247s] -- Detecting C compile features - done
[0.250s] -- Detecting CXX compiler ABI info
[0.353s] -- Detecting CXX compiler ABI info - done
[0.364s] -- Check for working CXX compiler: /usr/bin/c++ - skipped
[0.364s] -- Detecting CXX compile features
[0.364s] -- Detecting CXX compile features - done
[0.381s] [31mCMake Error at CMakeLists.txt:4 (find_package):
[0.381s]   By not providing "Findcatkin.cmake" in CMAKE_MODULE_PATH this project has
[0.381s]   asked CMake to find a package configuration file provided by "catkin", but
[0.381s]   CMake did not find one.
[0.381s] 
[0.381s]   Could not find a package configuration file provided by "catkin" with any
[0.381s]   of the following names:
[0.382s] 
[0.382s]     catkinConfig.cmake
[0.382s]     catkin-config.cmake
[0.382s] 
[0.382s]   Add the installation prefix of "catkin" to CMAKE_PREFIX_PATH or set
[0.382s]   "catkin_DIR" to a directory containing one of the above files.  If "catkin"
[0.382s]   provides a separate development package or SDK, be sure it has been
[0.382s]   installed.
[0.382s] 
[0.382s] [0m
[0.382s] -- Configuring incomplete, errors occurred!
[0.383s] Invoked command in '/home/rowanfoxx/Documents/GitHub/LoCoBotRos/build/urdf_tutorial' returned '1': DEBUGINFOD_URLS=https://debuginfod.fedoraproject.org/ _=/usr/bin/env /usr/bin/cmake /home/rowanfoxx/Documents/GitHub/LoCoBotRos/src/urdf_tutorial -DCATKIN_INSTALL_INTO_PREFIX_ROOT=0 -DCMAKE_INSTALL_PREFIX=/home/rowanfoxx/Documents/GitHub/LoCoBotRos/install/urdf_tutorial
