-- Found ament_cmake_ros: 0.10.0 (/opt/ros/humble/share/ament_cmake_ros/cmake)
-- Found ecl_build: 1.0.3 (/opt/ros/humble/share/ecl_build/cmake)
-- Found ecl_config: 1.2.0 (/home/locobot/LoCoBotRos/interbotix_ws/install/ecl_config/share/ecl_config/cmake)
-- Found ecl_linear_algebra: 1.2.1 (/home/locobot/LoCoBotRos/interbotix_ws/install/ecl_linear_algebra/share/ecl_linear_algebra/cmake)
-- Found ecl_command_line: 1.2.1 (/home/locobot/LoCoBotRos/interbotix_ws/install/ecl_command_line/share/ecl_command_line/cmake)
-- Found ecl_containers: 1.2.1 (/home/locobot/LoCoBotRos/interbotix_ws/install/ecl_containers/share/ecl_containers/cmake)
-- Found ecl_devices: 1.2.1 (/home/locobot/LoCoBotRos/interbotix_ws/install/ecl_devices/share/ecl_devices/cmake)
-- Found ecl_geometry: 1.2.1 (/home/locobot/LoCoBotRos/interbotix_ws/install/ecl_geometry/share/ecl_geometry/cmake)
-- Found ecl_ipc: 1.2.1 (/home/locobot/LoCoBotRos/interbotix_ws/install/ecl_ipc/share/ecl_ipc/cmake)
-- Found ecl_sigslots: 1.2.1 (/home/locobot/LoCoBotRos/interbotix_ws/install/ecl_sigslots/share/ecl_sigslots/cmake)
-- Found ecl_streams: 1.2.1 (/home/locobot/LoCoBotRos/interbotix_ws/install/ecl_streams/share/ecl_streams/cmake)
-- Configuring done
-- Generating done
-- Build files have been written to: /home/locobot/LoCoBotRos/interbotix_ws/build/ecl_core_apps
[35m[1mConsolidate compiler generated dependencies of target ecl_bench_flops[0m
[35m[1mConsolidate compiler generated dependencies of target ecl_bench_streams[0m
[35m[1mConsolidate compiler generated dependencies of target ecl_bench_exceptions[0m
[35m[1mConsolidate compiler generated dependencies of target ecl_bench_snooze[0m
[35m[1mConsolidate compiler generated dependencies of target ecl_bench_files[0m
[35m[1mConsolidate compiler generated dependencies of target ecl_bench_eigen3_inverse[0m
[35m[1mConsolidate compiler generated dependencies of target ecl_bench_eigen3_transforms[0m
[35m[1mConsolidate compiler generated dependencies of target ecl_bench_containers[0m
[35m[1mConsolidate compiler generated dependencies of target ecl_bench_eigen3_decompositions[0m
[35m[1mConsolidate compiler generated dependencies of target ecl_bench_string_conversions[0m
[35m[1mConsolidate compiler generated dependencies of target ecl_hex[0m
[35m[1mConsolidate compiler generated dependencies of target ecl_socket_client[0m
[35m[1mConsolidate compiler generated dependencies of target ecl_process_statistics[0m
[35m[1mConsolidate compiler generated dependencies of target ecl_quaternion2yaw[0m
[  5%] Built target ecl_bench_exceptions
[35m[1mConsolidate compiler generated dependencies of target ecl_socket_server[0m
[35m[1mConsolidate compiler generated dependencies of target ecl_serial[0m
[ 14%] Built target ecl_bench_streams
[ 17%] Built target ecl_bench_string_conversions
[ 29%] Built target ecl_bench_flops
[ 35%] Built target ecl_bench_containers
[ 35%] Built target ecl_bench_snooze
[ 47%] Built target ecl_bench_files
[ 47%] Built target ecl_bench_eigen3_inverse
[ 52%] Built target ecl_bench_eigen3_decompositions
[ 58%] Built target ecl_hex
[ 64%] Built target ecl_socket_client
[ 70%] Built target ecl_quaternion2yaw
[ 79%] Built target ecl_bench_eigen3_transforms
[ 82%] Built target ecl_process_statistics
[ 88%] Built target ecl_serial
[ 94%] Built target ecl_socket_server
[35m[1mConsolidate compiler generated dependencies of target ecl_yaw2quaternion[0m
[100%] Built target ecl_yaw2quaternion
-- Install configuration: "Release"
-- Up-to-date: /home/locobot/LoCoBotRos/interbotix_ws/install/ecl_core_apps/share/ament_index/resource_index/package_run_dependencies/ecl_core_apps
-- Up-to-date: /home/locobot/LoCoBotRos/interbotix_ws/install/ecl_core_apps/share/ament_index/resource_index/parent_prefix_path/ecl_core_apps
-- Up-to-date: /home/locobot/LoCoBotRos/interbotix_ws/install/ecl_core_apps/share/ecl_core_apps/environment/ament_prefix_path.sh
-- Installing: /home/locobot/LoCoBotRos/interbotix_ws/install/ecl_core_apps/share/ecl_core_apps/environment/ament_prefix_path.dsv
-- Up-to-date: /home/locobot/LoCoBotRos/interbotix_ws/install/ecl_core_apps/share/ecl_core_apps/environment/path.sh
-- Installing: /home/locobot/LoCoBotRos/interbotix_ws/install/ecl_core_apps/share/ecl_core_apps/environment/path.dsv
-- Up-to-date: /home/locobot/LoCoBotRos/interbotix_ws/install/ecl_core_apps/share/ecl_core_apps/local_setup.bash
-- Up-to-date: /home/locobot/LoCoBotRos/interbotix_ws/install/ecl_core_apps/share/ecl_core_apps/local_setup.sh
-- Up-to-date: /home/locobot/LoCoBotRos/interbotix_ws/install/ecl_core_apps/share/ecl_core_apps/local_setup.zsh
-- Installing: /home/locobot/LoCoBotRos/interbotix_ws/install/ecl_core_apps/share/ecl_core_apps/local_setup.dsv
-- Installing: /home/locobot/LoCoBotRos/interbotix_ws/install/ecl_core_apps/share/ecl_core_apps/package.dsv
-- Up-to-date: /home/locobot/LoCoBotRos/interbotix_ws/install/ecl_core_apps/share/ament_index/resource_index/packages/ecl_core_apps
-- Up-to-date: /home/locobot/LoCoBotRos/interbotix_ws/install/ecl_core_apps/share/ecl_core_apps/cmake/ecl_core_appsConfig.cmake
-- Up-to-date: /home/locobot/LoCoBotRos/interbotix_ws/install/ecl_core_apps/share/ecl_core_apps/cmake/ecl_core_appsConfig-version.cmake
-- Up-to-date: /home/locobot/LoCoBotRos/interbotix_ws/install/ecl_core_apps/share/ecl_core_apps/package.xml
-- Up-to-date: /home/locobot/LoCoBotRos/interbotix_ws/install/ecl_core_apps/bin/ecl_bench_containers
-- Up-to-date: /home/locobot/LoCoBotRos/interbotix_ws/install/ecl_core_apps/bin/ecl_bench_files
-- Up-to-date: /home/locobot/LoCoBotRos/interbotix_ws/install/ecl_core_apps/bin/ecl_bench_flops
-- Up-to-date: /home/locobot/LoCoBotRos/interbotix_ws/install/ecl_core_apps/bin/ecl_bench_exceptions
-- Up-to-date: /home/locobot/LoCoBotRos/interbotix_ws/install/ecl_core_apps/bin/ecl_bench_snooze
-- Up-to-date: /home/locobot/LoCoBotRos/interbotix_ws/install/ecl_core_apps/bin/ecl_bench_streams
-- Up-to-date: /home/locobot/LoCoBotRos/interbotix_ws/install/ecl_core_apps/bin/ecl_bench_string_conversions
-- Up-to-date: /home/locobot/LoCoBotRos/interbotix_ws/install/ecl_core_apps/bin/ecl_bench_eigen3_inverse
-- Up-to-date: /home/locobot/LoCoBotRos/interbotix_ws/install/ecl_core_apps/bin/ecl_bench_eigen3_decompositions
-- Up-to-date: /home/locobot/LoCoBotRos/interbotix_ws/install/ecl_core_apps/bin/ecl_bench_eigen3_transforms
-- Up-to-date: /home/locobot/LoCoBotRos/interbotix_ws/install/ecl_core_apps/lib/ecl_core_apps/ecl_hex
-- Up-to-date: /home/locobot/LoCoBotRos/interbotix_ws/install/ecl_core_apps/lib/ecl_core_apps/ecl_serial
-- Up-to-date: /home/locobot/LoCoBotRos/interbotix_ws/install/ecl_core_apps/lib/ecl_core_apps/ecl_socket_client
-- Up-to-date: /home/locobot/LoCoBotRos/interbotix_ws/install/ecl_core_apps/lib/ecl_core_apps/ecl_socket_server
-- Up-to-date: /home/locobot/LoCoBotRos/interbotix_ws/install/ecl_core_apps/bin/ecl_process_statistics
-- Up-to-date: /home/locobot/LoCoBotRos/interbotix_ws/install/ecl_core_apps/bin/ecl_quaternion2yaw
-- Up-to-date: /home/locobot/LoCoBotRos/interbotix_ws/install/ecl_core_apps/bin/ecl_yaw2quaternion
