[0.021s] Invoking command in '/home/locobot/LoCoBotRos/interbotix_ws/build/ecl_geometry': AMENT_PREFIX_PATH=/home/locobot/LoCoBotRos/interbotix_ws/install/ecl_linear_algebra:/home/locobot/LoCoBotRos/interbotix_ws/install/ecl_containers:/home/locobot/LoCoBotRos/interbotix_ws/install/ecl_formatters:/home/locobot/LoCoBotRos/interbotix_ws/install/ecl_utilities:/home/locobot/LoCoBotRos/interbotix_ws/install/ecl_converters:/home/locobot/LoCoBotRos/interbotix_ws/install/ecl_math:/home/locobot/LoCoBotRos/interbotix_ws/install/ecl_exceptions:/home/locobot/LoCoBotRos/interbotix_ws/install/ecl_concepts:/home/locobot/LoCoBotRos/interbotix_ws/install/ecl_type_traits:/home/locobot/LoCoBotRos/interbotix_ws/install/ecl_errors:/home/locobot/LoCoBotRos/interbotix_ws/install/ecl_mpl:/home/locobot/LoCoBotRos/interbotix_ws/install/ecl_eigen:/home/locobot/LoCoBotRos/interbotix_ws/install/ecl_config:${AMENT_PREFIX_PATH} CMAKE_PREFIX_PATH=/home/locobot/LoCoBotRos/interbotix_ws/install/ecl_linear_algebra:/home/locobot/LoCoBotRos/interbotix_ws/install/ecl_containers:/home/locobot/LoCoBotRos/interbotix_ws/install/ecl_formatters:/home/locobot/LoCoBotRos/interbotix_ws/install/ecl_utilities:/home/locobot/LoCoBotRos/interbotix_ws/install/ecl_converters:/home/locobot/LoCoBotRos/interbotix_ws/install/ecl_math:/home/locobot/LoCoBotRos/interbotix_ws/install/ecl_exceptions:/home/locobot/LoCoBotRos/interbotix_ws/install/ecl_concepts:/home/locobot/LoCoBotRos/interbotix_ws/install/ecl_type_traits:/home/locobot/LoCoBotRos/interbotix_ws/install/ecl_errors:/home/locobot/LoCoBotRos/interbotix_ws/install/sophus:/home/locobot/LoCoBotRos/interbotix_ws/install/ecl_mpl:/home/locobot/LoCoBotRos/interbotix_ws/install/ecl_eigen:/home/locobot/LoCoBotRos/interbotix_ws/install/ecl_config:/home/locobot/apriltag_ws/install/apriltag_ros:/opt/ros/humble LD_LIBRARY_PATH=/home/locobot/LoCoBotRos/interbotix_ws/install/ecl_linear_algebra/lib:/home/locobot/LoCoBotRos/interbotix_ws/install/ecl_formatters/lib:/home/locobot/LoCoBotRos/interbotix_ws/install/ecl_exceptions/lib:/home/locobot/LoCoBotRos/interbotix_ws/install/ecl_type_traits/lib:/home/locobot/LoCoBotRos/interbotix_ws/install/ecl_errors/lib:${LD_LIBRARY_PATH} PATH=/home/locobot/LoCoBotRos/interbotix_ws/install/ecl_type_traits/bin:/home/locobot/LoCoBotRos/interbotix_ws/install/ecl_config/bin:${PATH} PKG_CONFIG_PATH=/home/locobot/LoCoBotRos/interbotix_ws/install/sophus/lib/x86_64-linux-gnu/pkgconfig:/home/locobot/LoCoBotRos/interbotix_ws/install/sophus/lib/pkgconfig /usr/bin/cmake /home/locobot/LoCoBotRos/interbotix_ws/src/ecl_core/ecl_geometry -DCMAKE_BUILD_TYPE=Release -DCMAKE_INSTALL_PREFIX=/home/locobot/LoCoBotRos/interbotix_ws/install/ecl_geometry
[0.031s] -- Found ament_cmake_ros: 0.10.0 (/opt/ros/humble/share/ament_cmake_ros/cmake)
[0.125s] -- Found ecl_build: 1.0.3 (/opt/ros/humble/share/ecl_build/cmake)
[0.129s] -- Found ecl_config: 1.2.0 (/home/locobot/LoCoBotRos/interbotix_ws/install/ecl_config/share/ecl_config/cmake)
[0.130s] -- Found ecl_containers: 1.2.1 (/home/locobot/LoCoBotRos/interbotix_ws/install/ecl_containers/share/ecl_containers/cmake)
[0.147s] -- Found ecl_linear_algebra: 1.2.1 (/home/locobot/LoCoBotRos/interbotix_ws/install/ecl_linear_algebra/share/ecl_linear_algebra/cmake)
[0.203s] -- Found ament_lint_auto: 0.12.12 (/opt/ros/humble/share/ament_lint_auto/cmake)
[0.209s] -- Found gtest sources under '/opt/ros/humble/src/gtest_vendor': C++ tests using 'Google Test' will be built
[0.235s] -- Configuring done
[0.278s] -- Generating done
[0.289s] -- Build files have been written to: /home/locobot/LoCoBotRos/interbotix_ws/build/ecl_geometry
[0.292s] Invoked command in '/home/locobot/LoCoBotRos/interbotix_ws/build/ecl_geometry' returned '0': AMENT_PREFIX_PATH=/home/locobot/LoCoBotRos/interbotix_ws/install/ecl_linear_algebra:/home/locobot/LoCoBotRos/interbotix_ws/install/ecl_containers:/home/locobot/LoCoBotRos/interbotix_ws/install/ecl_formatters:/home/locobot/LoCoBotRos/interbotix_ws/install/ecl_utilities:/home/locobot/LoCoBotRos/interbotix_ws/install/ecl_converters:/home/locobot/LoCoBotRos/interbotix_ws/install/ecl_math:/home/locobot/LoCoBotRos/interbotix_ws/install/ecl_exceptions:/home/locobot/LoCoBotRos/interbotix_ws/install/ecl_concepts:/home/locobot/LoCoBotRos/interbotix_ws/install/ecl_type_traits:/home/locobot/LoCoBotRos/interbotix_ws/install/ecl_errors:/home/locobot/LoCoBotRos/interbotix_ws/install/ecl_mpl:/home/locobot/LoCoBotRos/interbotix_ws/install/ecl_eigen:/home/locobot/LoCoBotRos/interbotix_ws/install/ecl_config:${AMENT_PREFIX_PATH} CMAKE_PREFIX_PATH=/home/locobot/LoCoBotRos/interbotix_ws/install/ecl_linear_algebra:/home/locobot/LoCoBotRos/interbotix_ws/install/ecl_containers:/home/locobot/LoCoBotRos/interbotix_ws/install/ecl_formatters:/home/locobot/LoCoBotRos/interbotix_ws/install/ecl_utilities:/home/locobot/LoCoBotRos/interbotix_ws/install/ecl_converters:/home/locobot/LoCoBotRos/interbotix_ws/install/ecl_math:/home/locobot/LoCoBotRos/interbotix_ws/install/ecl_exceptions:/home/locobot/LoCoBotRos/interbotix_ws/install/ecl_concepts:/home/locobot/LoCoBotRos/interbotix_ws/install/ecl_type_traits:/home/locobot/LoCoBotRos/interbotix_ws/install/ecl_errors:/home/locobot/LoCoBotRos/interbotix_ws/install/sophus:/home/locobot/LoCoBotRos/interbotix_ws/install/ecl_mpl:/home/locobot/LoCoBotRos/interbotix_ws/install/ecl_eigen:/home/locobot/LoCoBotRos/interbotix_ws/install/ecl_config:/home/locobot/apriltag_ws/install/apriltag_ros:/opt/ros/humble LD_LIBRARY_PATH=/home/locobot/LoCoBotRos/interbotix_ws/install/ecl_linear_algebra/lib:/home/locobot/LoCoBotRos/interbotix_ws/install/ecl_formatters/lib:/home/locobot/LoCoBotRos/interbotix_ws/install/ecl_exceptions/lib:/home/locobot/LoCoBotRos/interbotix_ws/install/ecl_type_traits/lib:/home/locobot/LoCoBotRos/interbotix_ws/install/ecl_errors/lib:${LD_LIBRARY_PATH} PATH=/home/locobot/LoCoBotRos/interbotix_ws/install/ecl_type_traits/bin:/home/locobot/LoCoBotRos/interbotix_ws/install/ecl_config/bin:${PATH} PKG_CONFIG_PATH=/home/locobot/LoCoBotRos/interbotix_ws/install/sophus/lib/x86_64-linux-gnu/pkgconfig:/home/locobot/LoCoBotRos/interbotix_ws/install/sophus/lib/pkgconfig /usr/bin/cmake /home/locobot/LoCoBotRos/interbotix_ws/src/ecl_core/ecl_geometry -DCMAKE_BUILD_TYPE=Release -DCMAKE_INSTALL_PREFIX=/home/locobot/LoCoBotRos/interbotix_ws/install/ecl_geometry
[0.294s] Invoking command in '/home/locobot/LoCoBotRos/interbotix_ws/build/ecl_geometry': AMENT_PREFIX_PATH=/home/locobot/LoCoBotRos/interbotix_ws/install/ecl_linear_algebra:/home/locobot/LoCoBotRos/interbotix_ws/install/ecl_containers:/home/locobot/LoCoBotRos/interbotix_ws/install/ecl_formatters:/home/locobot/LoCoBotRos/interbotix_ws/install/ecl_utilities:/home/locobot/LoCoBotRos/interbotix_ws/install/ecl_converters:/home/locobot/LoCoBotRos/interbotix_ws/install/ecl_math:/home/locobot/LoCoBotRos/interbotix_ws/install/ecl_exceptions:/home/locobot/LoCoBotRos/interbotix_ws/install/ecl_concepts:/home/locobot/LoCoBotRos/interbotix_ws/install/ecl_type_traits:/home/locobot/LoCoBotRos/interbotix_ws/install/ecl_errors:/home/locobot/LoCoBotRos/interbotix_ws/install/ecl_mpl:/home/locobot/LoCoBotRos/interbotix_ws/install/ecl_eigen:/home/locobot/LoCoBotRos/interbotix_ws/install/ecl_config:${AMENT_PREFIX_PATH} CMAKE_PREFIX_PATH=/home/locobot/LoCoBotRos/interbotix_ws/install/ecl_linear_algebra:/home/locobot/LoCoBotRos/interbotix_ws/install/ecl_containers:/home/locobot/LoCoBotRos/interbotix_ws/install/ecl_formatters:/home/locobot/LoCoBotRos/interbotix_ws/install/ecl_utilities:/home/locobot/LoCoBotRos/interbotix_ws/install/ecl_converters:/home/locobot/LoCoBotRos/interbotix_ws/install/ecl_math:/home/locobot/LoCoBotRos/interbotix_ws/install/ecl_exceptions:/home/locobot/LoCoBotRos/interbotix_ws/install/ecl_concepts:/home/locobot/LoCoBotRos/interbotix_ws/install/ecl_type_traits:/home/locobot/LoCoBotRos/interbotix_ws/install/ecl_errors:/home/locobot/LoCoBotRos/interbotix_ws/install/sophus:/home/locobot/LoCoBotRos/interbotix_ws/install/ecl_mpl:/home/locobot/LoCoBotRos/interbotix_ws/install/ecl_eigen:/home/locobot/LoCoBotRos/interbotix_ws/install/ecl_config:/home/locobot/apriltag_ws/install/apriltag_ros:/opt/ros/humble LD_LIBRARY_PATH=/home/locobot/LoCoBotRos/interbotix_ws/install/ecl_linear_algebra/lib:/home/locobot/LoCoBotRos/interbotix_ws/install/ecl_formatters/lib:/home/locobot/LoCoBotRos/interbotix_ws/install/ecl_exceptions/lib:/home/locobot/LoCoBotRos/interbotix_ws/install/ecl_type_traits/lib:/home/locobot/LoCoBotRos/interbotix_ws/install/ecl_errors/lib:${LD_LIBRARY_PATH} PATH=/home/locobot/LoCoBotRos/interbotix_ws/install/ecl_type_traits/bin:/home/locobot/LoCoBotRos/interbotix_ws/install/ecl_config/bin:${PATH} PKG_CONFIG_PATH=/home/locobot/LoCoBotRos/interbotix_ws/install/sophus/lib/x86_64-linux-gnu/pkgconfig:/home/locobot/LoCoBotRos/interbotix_ws/install/sophus/lib/pkgconfig /usr/bin/cmake --build /home/locobot/LoCoBotRos/interbotix_ws/build/ecl_geometry -- -j16 -l16
[0.324s] [35m[1mConsolidate compiler generated dependencies of target gtest_main[0m
[0.324s] [35m[1mConsolidate compiler generated dependencies of target gtest[0m
[0.330s] [35m[1mConsolidate compiler generated dependencies of target ecl_geometry[0m
[0.334s] [  4%] [32mBuilding CXX object gtest/CMakeFiles/gtest_main.dir/src/gtest_main.cc.o[0m
[0.334s] [  4%] [32mBuilding CXX object gtest/CMakeFiles/gtest.dir/src/gtest-all.cc.o[0m
[0.354s] [ 13%] [32mBuilding CXX object src/lib/CMakeFiles/ecl_geometry.dir/angle.cpp.o[0m
[0.354s] [ 13%] [32mBuilding CXX object src/lib/CMakeFiles/ecl_geometry.dir/cubic_spline_blueprints.cpp.o[0m
[0.354s] [ 13%] [32mBuilding CXX object src/lib/CMakeFiles/ecl_geometry.dir/cubic_spline.cpp.o[0m
[0.354s] [ 13%] [32mBuilding CXX object src/lib/CMakeFiles/ecl_geometry.dir/linear_segment.cpp.o[0m
[0.355s] [ 15%] [32mBuilding CXX object src/lib/CMakeFiles/ecl_geometry.dir/odometry_helper.cpp.o[0m
[0.355s] [ 18%] [32mBuilding CXX object src/lib/CMakeFiles/ecl_geometry.dir/pascals_triangle.cpp.o[0m
[0.355s] [ 20%] [32mBuilding CXX object src/lib/CMakeFiles/ecl_geometry.dir/polynomial.cpp.o[0m
[0.356s] [ 22%] [32mBuilding CXX object src/lib/CMakeFiles/ecl_geometry.dir/polynomial_blueprints.cpp.o[0m
[0.356s] [ 25%] [32mBuilding CXX object src/lib/CMakeFiles/ecl_geometry.dir/tension_spline_blueprints.cpp.o[0m
[0.357s] [ 27%] [32mBuilding CXX object src/lib/CMakeFiles/ecl_geometry.dir/smooth_linear_spline.cpp.o[0m
[0.358s] [ 29%] [32mBuilding CXX object src/lib/CMakeFiles/ecl_geometry.dir/pose2d.cpp.o[0m
[0.358s] [ 31%] [32mBuilding CXX object src/lib/CMakeFiles/ecl_geometry.dir/tension_function.cpp.o[0m
[0.358s] [ 34%] [32mBuilding CXX object src/lib/CMakeFiles/ecl_geometry.dir/tension_spline.cpp.o[0m
[1.191s] [ 36%] [32m[1mLinking CXX static library libgtest_main.a[0m
[1.233s] [ 36%] Built target gtest_main
[2.837s] [ 38%] [32m[1mLinking CXX shared library libecl_geometry.so[0m
[2.919s] [ 38%] Built target ecl_geometry
[6.067s] [ 40%] [32m[1mLinking CXX static library libgtest.a[0m
[6.094s] [ 40%] Built target gtest
[6.105s] [35m[1mConsolidate compiler generated dependencies of target ecl_test_linear_segment[0m
[6.105s] [35m[1mConsolidate compiler generated dependencies of target ecl_test_tension_splines[0m
[6.105s] [35m[1mConsolidate compiler generated dependencies of target ecl_test_legacy_pose2d[0m
[6.106s] [35m[1mConsolidate compiler generated dependencies of target ecl_test_cubic_splines[0m
[6.106s] [35m[1mConsolidate compiler generated dependencies of target ecl_test_cartesian_points[0m
[6.106s] [35m[1mConsolidate compiler generated dependencies of target ecl_test_homogeneous_points[0m
[6.106s] [35m[1mConsolidate compiler generated dependencies of target ecl_test_angles[0m
[6.106s] [35m[1mConsolidate compiler generated dependencies of target ecl_test_legacy_pose3d[0m
[6.106s] [35m[1mConsolidate compiler generated dependencies of target ecl_test_tension_function[0m
[6.106s] [35m[1mConsolidate compiler generated dependencies of target ecl_test_polynomials[0m
[6.106s] [35m[1mConsolidate compiler generated dependencies of target ecl_test_pose2d[0m
[6.107s] [35m[1mConsolidate compiler generated dependencies of target ecl_test_smooth_linear_splines[0m
[6.107s] [35m[1mConsolidate compiler generated dependencies of target ecl_test_odometry_helper[0m
[6.121s] [ 47%] [32mBuilding CXX object src/test/CMakeFiles/ecl_test_linear_segment.dir/linear_segment.cpp.o[0m
[6.121s] [ 47%] [32mBuilding CXX object src/test/CMakeFiles/ecl_test_tension_splines.dir/tension_splines.cpp.o[0m
[6.121s] [ 47%] [32mBuilding CXX object src/test/CMakeFiles/ecl_test_tension_function.dir/tension_function.cpp.o[0m
[6.121s] [ 50%] [32mBuilding CXX object src/test/CMakeFiles/ecl_test_angles.dir/angles.cpp.o[0m
[6.122s] [ 52%] [32mBuilding CXX object src/test/CMakeFiles/ecl_test_cartesian_points.dir/cartesian_points.cpp.o[0m
[6.122s] [ 54%] [32mBuilding CXX object src/test/CMakeFiles/ecl_test_legacy_pose3d.dir/legacy_pose3d.cpp.o[0m
[6.123s] [ 56%] [32mBuilding CXX object src/test/CMakeFiles/ecl_test_pose2d.dir/pose2d.cpp.o[0m
[6.124s] [ 63%] [32mBuilding CXX object src/test/CMakeFiles/ecl_test_legacy_pose2d.dir/legacy_pose2d.cpp.o[0m
[6.124s] [ 63%] [32mBuilding CXX object src/test/CMakeFiles/ecl_test_smooth_linear_splines.dir/smooth_linear_splines.cpp.o[0m
[6.124s] [ 63%] [32mBuilding CXX object src/test/CMakeFiles/ecl_test_homogeneous_points.dir/homogeneous_points.cpp.o[0m
[6.124s] [ 65%] [32mBuilding CXX object src/test/CMakeFiles/ecl_test_cubic_splines.dir/cubic_splines.cpp.o[0m
[6.124s] [ 68%] [32mBuilding CXX object src/test/CMakeFiles/ecl_test_polynomials.dir/polynomials.cpp.o[0m
[6.127s] [ 70%] [32mBuilding CXX object src/test/CMakeFiles/ecl_test_odometry_helper.dir/odometry_helper.cpp.o[0m
[7.076s] [ 72%] [32m[1mLinking CXX executable ecl_test_linear_segment[0m
[7.224s] [ 72%] Built target ecl_test_linear_segment
[7.253s] [ 75%] [32m[1mLinking CXX executable ecl_test_tension_splines[0m
[7.406s] [ 75%] Built target ecl_test_tension_splines
[7.463s] [ 77%] [32m[1mLinking CXX executable ecl_test_tension_function[0m
[7.615s] [ 77%] Built target ecl_test_tension_function
[8.378s] [ 79%] [32m[1mLinking CXX executable ecl_test_pose2d[0m
[8.526s] [ 79%] Built target ecl_test_pose2d
[8.609s] [ 81%] [32m[1mLinking CXX executable ecl_test_cartesian_points[0m
[8.718s] [ 81%] Built target ecl_test_cartesian_points
[8.933s] [ 84%] [32m[1mLinking CXX executable ecl_test_cubic_splines[0m
[9.015s] [ 86%] [32m[1mLinking CXX executable ecl_test_homogeneous_points[0m
[9.050s] [ 86%] Built target ecl_test_cubic_splines
[9.082s] [ 88%] [32m[1mLinking CXX executable ecl_test_angles[0m
[9.090s] [ 90%] [32m[1mLinking CXX executable ecl_test_smooth_linear_splines[0m
[9.122s] [ 90%] Built target ecl_test_homogeneous_points
[9.178s] [ 90%] Built target ecl_test_angles
[9.186s] [ 90%] Built target ecl_test_smooth_linear_splines
[9.416s] [ 93%] [32m[1mLinking CXX executable ecl_test_polynomials[0m
[9.501s] [ 93%] Built target ecl_test_polynomials
[9.510s] [ 95%] [32m[1mLinking CXX executable ecl_test_legacy_pose3d[0m
[9.581s] [ 97%] [32m[1mLinking CXX executable ecl_test_odometry_helper[0m
[9.587s] [ 97%] Built target ecl_test_legacy_pose3d
[9.647s] [ 97%] Built target ecl_test_odometry_helper
[9.769s] [100%] [32m[1mLinking CXX executable ecl_test_legacy_pose2d[0m
[9.836s] [100%] Built target ecl_test_legacy_pose2d
[9.844s] Invoked command in '/home/locobot/LoCoBotRos/interbotix_ws/build/ecl_geometry' returned '0': AMENT_PREFIX_PATH=/home/locobot/LoCoBotRos/interbotix_ws/install/ecl_linear_algebra:/home/locobot/LoCoBotRos/interbotix_ws/install/ecl_containers:/home/locobot/LoCoBotRos/interbotix_ws/install/ecl_formatters:/home/locobot/LoCoBotRos/interbotix_ws/install/ecl_utilities:/home/locobot/LoCoBotRos/interbotix_ws/install/ecl_converters:/home/locobot/LoCoBotRos/interbotix_ws/install/ecl_math:/home/locobot/LoCoBotRos/interbotix_ws/install/ecl_exceptions:/home/locobot/LoCoBotRos/interbotix_ws/install/ecl_concepts:/home/locobot/LoCoBotRos/interbotix_ws/install/ecl_type_traits:/home/locobot/LoCoBotRos/interbotix_ws/install/ecl_errors:/home/locobot/LoCoBotRos/interbotix_ws/install/ecl_mpl:/home/locobot/LoCoBotRos/interbotix_ws/install/ecl_eigen:/home/locobot/LoCoBotRos/interbotix_ws/install/ecl_config:${AMENT_PREFIX_PATH} CMAKE_PREFIX_PATH=/home/locobot/LoCoBotRos/interbotix_ws/install/ecl_linear_algebra:/home/locobot/LoCoBotRos/interbotix_ws/install/ecl_containers:/home/locobot/LoCoBotRos/interbotix_ws/install/ecl_formatters:/home/locobot/LoCoBotRos/interbotix_ws/install/ecl_utilities:/home/locobot/LoCoBotRos/interbotix_ws/install/ecl_converters:/home/locobot/LoCoBotRos/interbotix_ws/install/ecl_math:/home/locobot/LoCoBotRos/interbotix_ws/install/ecl_exceptions:/home/locobot/LoCoBotRos/interbotix_ws/install/ecl_concepts:/home/locobot/LoCoBotRos/interbotix_ws/install/ecl_type_traits:/home/locobot/LoCoBotRos/interbotix_ws/install/ecl_errors:/home/locobot/LoCoBotRos/interbotix_ws/install/sophus:/home/locobot/LoCoBotRos/interbotix_ws/install/ecl_mpl:/home/locobot/LoCoBotRos/interbotix_ws/install/ecl_eigen:/home/locobot/LoCoBotRos/interbotix_ws/install/ecl_config:/home/locobot/apriltag_ws/install/apriltag_ros:/opt/ros/humble LD_LIBRARY_PATH=/home/locobot/LoCoBotRos/interbotix_ws/install/ecl_linear_algebra/lib:/home/locobot/LoCoBotRos/interbotix_ws/install/ecl_formatters/lib:/home/locobot/LoCoBotRos/interbotix_ws/install/ecl_exceptions/lib:/home/locobot/LoCoBotRos/interbotix_ws/install/ecl_type_traits/lib:/home/locobot/LoCoBotRos/interbotix_ws/install/ecl_errors/lib:${LD_LIBRARY_PATH} PATH=/home/locobot/LoCoBotRos/interbotix_ws/install/ecl_type_traits/bin:/home/locobot/LoCoBotRos/interbotix_ws/install/ecl_config/bin:${PATH} PKG_CONFIG_PATH=/home/locobot/LoCoBotRos/interbotix_ws/install/sophus/lib/x86_64-linux-gnu/pkgconfig:/home/locobot/LoCoBotRos/interbotix_ws/install/sophus/lib/pkgconfig /usr/bin/cmake --build /home/locobot/LoCoBotRos/interbotix_ws/build/ecl_geometry -- -j16 -l16
[9.845s] Invoking command in '/home/locobot/LoCoBotRos/interbotix_ws/build/ecl_geometry': AMENT_PREFIX_PATH=/home/locobot/LoCoBotRos/interbotix_ws/install/ecl_linear_algebra:/home/locobot/LoCoBotRos/interbotix_ws/install/ecl_containers:/home/locobot/LoCoBotRos/interbotix_ws/install/ecl_formatters:/home/locobot/LoCoBotRos/interbotix_ws/install/ecl_utilities:/home/locobot/LoCoBotRos/interbotix_ws/install/ecl_converters:/home/locobot/LoCoBotRos/interbotix_ws/install/ecl_math:/home/locobot/LoCoBotRos/interbotix_ws/install/ecl_exceptions:/home/locobot/LoCoBotRos/interbotix_ws/install/ecl_concepts:/home/locobot/LoCoBotRos/interbotix_ws/install/ecl_type_traits:/home/locobot/LoCoBotRos/interbotix_ws/install/ecl_errors:/home/locobot/LoCoBotRos/interbotix_ws/install/ecl_mpl:/home/locobot/LoCoBotRos/interbotix_ws/install/ecl_eigen:/home/locobot/LoCoBotRos/interbotix_ws/install/ecl_config:${AMENT_PREFIX_PATH} CMAKE_PREFIX_PATH=/home/locobot/LoCoBotRos/interbotix_ws/install/ecl_linear_algebra:/home/locobot/LoCoBotRos/interbotix_ws/install/ecl_containers:/home/locobot/LoCoBotRos/interbotix_ws/install/ecl_formatters:/home/locobot/LoCoBotRos/interbotix_ws/install/ecl_utilities:/home/locobot/LoCoBotRos/interbotix_ws/install/ecl_converters:/home/locobot/LoCoBotRos/interbotix_ws/install/ecl_math:/home/locobot/LoCoBotRos/interbotix_ws/install/ecl_exceptions:/home/locobot/LoCoBotRos/interbotix_ws/install/ecl_concepts:/home/locobot/LoCoBotRos/interbotix_ws/install/ecl_type_traits:/home/locobot/LoCoBotRos/interbotix_ws/install/ecl_errors:/home/locobot/LoCoBotRos/interbotix_ws/install/sophus:/home/locobot/LoCoBotRos/interbotix_ws/install/ecl_mpl:/home/locobot/LoCoBotRos/interbotix_ws/install/ecl_eigen:/home/locobot/LoCoBotRos/interbotix_ws/install/ecl_config:/home/locobot/apriltag_ws/install/apriltag_ros:/opt/ros/humble LD_LIBRARY_PATH=/home/locobot/LoCoBotRos/interbotix_ws/install/ecl_linear_algebra/lib:/home/locobot/LoCoBotRos/interbotix_ws/install/ecl_formatters/lib:/home/locobot/LoCoBotRos/interbotix_ws/install/ecl_exceptions/lib:/home/locobot/LoCoBotRos/interbotix_ws/install/ecl_type_traits/lib:/home/locobot/LoCoBotRos/interbotix_ws/install/ecl_errors/lib:${LD_LIBRARY_PATH} PATH=/home/locobot/LoCoBotRos/interbotix_ws/install/ecl_type_traits/bin:/home/locobot/LoCoBotRos/interbotix_ws/install/ecl_config/bin:${PATH} PKG_CONFIG_PATH=/home/locobot/LoCoBotRos/interbotix_ws/install/sophus/lib/x86_64-linux-gnu/pkgconfig:/home/locobot/LoCoBotRos/interbotix_ws/install/sophus/lib/pkgconfig /usr/bin/cmake --install /home/locobot/LoCoBotRos/interbotix_ws/build/ecl_geometry
[9.851s] -- Install configuration: "Release"
[9.853s] -- Up-to-date: /home/locobot/LoCoBotRos/interbotix_ws/install/ecl_geometry/share/ecl_geometry/environment/library_path.sh
[9.853s] -- Installing: /home/locobot/LoCoBotRos/interbotix_ws/install/ecl_geometry/share/ecl_geometry/environment/library_path.dsv
[9.853s] -- Up-to-date: /home/locobot/LoCoBotRos/interbotix_ws/install/ecl_geometry/share/ament_index/resource_index/package_run_dependencies/ecl_geometry
[9.853s] -- Installing: /home/locobot/LoCoBotRos/interbotix_ws/install/ecl_geometry/share/ament_index/resource_index/parent_prefix_path/ecl_geometry
[9.854s] -- Up-to-date: /home/locobot/LoCoBotRos/interbotix_ws/install/ecl_geometry/share/ecl_geometry/environment/ament_prefix_path.sh
[9.854s] -- Installing: /home/locobot/LoCoBotRos/interbotix_ws/install/ecl_geometry/share/ecl_geometry/environment/ament_prefix_path.dsv
[9.854s] -- Up-to-date: /home/locobot/LoCoBotRos/interbotix_ws/install/ecl_geometry/share/ecl_geometry/environment/path.sh
[9.854s] -- Installing: /home/locobot/LoCoBotRos/interbotix_ws/install/ecl_geometry/share/ecl_geometry/environment/path.dsv
[9.854s] -- Up-to-date: /home/locobot/LoCoBotRos/interbotix_ws/install/ecl_geometry/share/ecl_geometry/local_setup.bash
[9.854s] -- Up-to-date: /home/locobot/LoCoBotRos/interbotix_ws/install/ecl_geometry/share/ecl_geometry/local_setup.sh
[9.854s] -- Up-to-date: /home/locobot/LoCoBotRos/interbotix_ws/install/ecl_geometry/share/ecl_geometry/local_setup.zsh
[9.854s] -- Installing: /home/locobot/LoCoBotRos/interbotix_ws/install/ecl_geometry/share/ecl_geometry/local_setup.dsv
[9.854s] -- Installing: /home/locobot/LoCoBotRos/interbotix_ws/install/ecl_geometry/share/ecl_geometry/package.dsv
[9.855s] -- Up-to-date: /home/locobot/LoCoBotRos/interbotix_ws/install/ecl_geometry/share/ament_index/resource_index/packages/ecl_geometry
[9.855s] -- Up-to-date: /home/locobot/LoCoBotRos/interbotix_ws/install/ecl_geometry/share/ecl_geometry/cmake/ecl_geometryExport.cmake
[9.855s] -- Installing: /home/locobot/LoCoBotRos/interbotix_ws/install/ecl_geometry/share/ecl_geometry/cmake/ecl_geometryExport-release.cmake
[9.855s] -- Up-to-date: /home/locobot/LoCoBotRos/interbotix_ws/install/ecl_geometry/share/ecl_geometry/cmake/ament_cmake_export_targets-extras.cmake
[9.855s] -- Up-to-date: /home/locobot/LoCoBotRos/interbotix_ws/install/ecl_geometry/share/ecl_geometry/cmake/ament_cmake_export_include_directories-extras.cmake
[9.855s] -- Up-to-date: /home/locobot/LoCoBotRos/interbotix_ws/install/ecl_geometry/share/ecl_geometry/cmake/ament_cmake_export_libraries-extras.cmake
[9.855s] -- Up-to-date: /home/locobot/LoCoBotRos/interbotix_ws/install/ecl_geometry/share/ecl_geometry/cmake/ament_cmake_export_dependencies-extras.cmake
[9.855s] -- Up-to-date: /home/locobot/LoCoBotRos/interbotix_ws/install/ecl_geometry/share/ecl_geometry/cmake/ecl_geometryConfig.cmake
[9.856s] -- Up-to-date: /home/locobot/LoCoBotRos/interbotix_ws/install/ecl_geometry/share/ecl_geometry/cmake/ecl_geometryConfig-version.cmake
[9.856s] -- Up-to-date: /home/locobot/LoCoBotRos/interbotix_ws/install/ecl_geometry/share/ecl_geometry/package.xml
[9.856s] -- Up-to-date: /home/locobot/LoCoBotRos/interbotix_ws/install/ecl_geometry/include/ecl/geometry.hpp
[9.856s] -- Up-to-date: /home/locobot/LoCoBotRos/interbotix_ws/install/ecl_geometry/include/ecl/geometry/angle.hpp
[9.856s] -- Up-to-date: /home/locobot/LoCoBotRos/interbotix_ws/install/ecl_geometry/include/ecl/geometry/cartesian_point.hpp
[9.856s] -- Up-to-date: /home/locobot/LoCoBotRos/interbotix_ws/install/ecl_geometry/include/ecl/geometry/cubic_spline.hpp
[9.856s] -- Up-to-date: /home/locobot/LoCoBotRos/interbotix_ws/install/ecl_geometry/include/ecl/geometry/function_math.hpp
[9.856s] -- Up-to-date: /home/locobot/LoCoBotRos/interbotix_ws/install/ecl_geometry/include/ecl/geometry/homogeneous_point.hpp
[9.856s] -- Up-to-date: /home/locobot/LoCoBotRos/interbotix_ws/install/ecl_geometry/include/ecl/geometry/legacy_pose2d.hpp
[9.856s] -- Up-to-date: /home/locobot/LoCoBotRos/interbotix_ws/install/ecl_geometry/include/ecl/geometry/legacy_pose3d.hpp
[9.856s] -- Up-to-date: /home/locobot/LoCoBotRos/interbotix_ws/install/ecl_geometry/include/ecl/geometry/linear_segment.hpp
[9.857s] -- Up-to-date: /home/locobot/LoCoBotRos/interbotix_ws/install/ecl_geometry/include/ecl/geometry/macros.hpp
[9.857s] -- Up-to-date: /home/locobot/LoCoBotRos/interbotix_ws/install/ecl_geometry/include/ecl/geometry/odometry.hpp
[9.857s] -- Up-to-date: /home/locobot/LoCoBotRos/interbotix_ws/install/ecl_geometry/include/ecl/geometry/odometry_helper.hpp
[9.857s] -- Up-to-date: /home/locobot/LoCoBotRos/interbotix_ws/install/ecl_geometry/include/ecl/geometry/odometry_typedefs.hpp
[9.857s] -- Up-to-date: /home/locobot/LoCoBotRos/interbotix_ws/install/ecl_geometry/include/ecl/geometry/pascals_triangle.hpp
[9.857s] -- Up-to-date: /home/locobot/LoCoBotRos/interbotix_ws/install/ecl_geometry/include/ecl/geometry/polynomial.hpp
[9.857s] -- Up-to-date: /home/locobot/LoCoBotRos/interbotix_ws/install/ecl_geometry/include/ecl/geometry/pose2d.hpp
[9.857s] -- Up-to-date: /home/locobot/LoCoBotRos/interbotix_ws/install/ecl_geometry/include/ecl/geometry/smooth_linear_spline.hpp
[9.857s] -- Up-to-date: /home/locobot/LoCoBotRos/interbotix_ws/install/ecl_geometry/include/ecl/geometry/spline_function.hpp
[9.857s] -- Up-to-date: /home/locobot/LoCoBotRos/interbotix_ws/install/ecl_geometry/include/ecl/geometry/tension_function.hpp
[9.857s] -- Up-to-date: /home/locobot/LoCoBotRos/interbotix_ws/install/ecl_geometry/include/ecl/geometry/tension_spline.hpp
[9.857s] -- Installing: /home/locobot/LoCoBotRos/interbotix_ws/install/ecl_geometry/lib/libecl_geometry.so.1.2.1
[9.858s] -- Set runtime path of "/home/locobot/LoCoBotRos/interbotix_ws/install/ecl_geometry/lib/libecl_geometry.so.1.2.1" to ""
[9.858s] -- Up-to-date: /home/locobot/LoCoBotRos/interbotix_ws/install/ecl_geometry/lib/libecl_geometry.so
[9.859s] Invoked command in '/home/locobot/LoCoBotRos/interbotix_ws/build/ecl_geometry' returned '0': AMENT_PREFIX_PATH=/home/locobot/LoCoBotRos/interbotix_ws/install/ecl_linear_algebra:/home/locobot/LoCoBotRos/interbotix_ws/install/ecl_containers:/home/locobot/LoCoBotRos/interbotix_ws/install/ecl_formatters:/home/locobot/LoCoBotRos/interbotix_ws/install/ecl_utilities:/home/locobot/LoCoBotRos/interbotix_ws/install/ecl_converters:/home/locobot/LoCoBotRos/interbotix_ws/install/ecl_math:/home/locobot/LoCoBotRos/interbotix_ws/install/ecl_exceptions:/home/locobot/LoCoBotRos/interbotix_ws/install/ecl_concepts:/home/locobot/LoCoBotRos/interbotix_ws/install/ecl_type_traits:/home/locobot/LoCoBotRos/interbotix_ws/install/ecl_errors:/home/locobot/LoCoBotRos/interbotix_ws/install/ecl_mpl:/home/locobot/LoCoBotRos/interbotix_ws/install/ecl_eigen:/home/locobot/LoCoBotRos/interbotix_ws/install/ecl_config:${AMENT_PREFIX_PATH} CMAKE_PREFIX_PATH=/home/locobot/LoCoBotRos/interbotix_ws/install/ecl_linear_algebra:/home/locobot/LoCoBotRos/interbotix_ws/install/ecl_containers:/home/locobot/LoCoBotRos/interbotix_ws/install/ecl_formatters:/home/locobot/LoCoBotRos/interbotix_ws/install/ecl_utilities:/home/locobot/LoCoBotRos/interbotix_ws/install/ecl_converters:/home/locobot/LoCoBotRos/interbotix_ws/install/ecl_math:/home/locobot/LoCoBotRos/interbotix_ws/install/ecl_exceptions:/home/locobot/LoCoBotRos/interbotix_ws/install/ecl_concepts:/home/locobot/LoCoBotRos/interbotix_ws/install/ecl_type_traits:/home/locobot/LoCoBotRos/interbotix_ws/install/ecl_errors:/home/locobot/LoCoBotRos/interbotix_ws/install/sophus:/home/locobot/LoCoBotRos/interbotix_ws/install/ecl_mpl:/home/locobot/LoCoBotRos/interbotix_ws/install/ecl_eigen:/home/locobot/LoCoBotRos/interbotix_ws/install/ecl_config:/home/locobot/apriltag_ws/install/apriltag_ros:/opt/ros/humble LD_LIBRARY_PATH=/home/locobot/LoCoBotRos/interbotix_ws/install/ecl_linear_algebra/lib:/home/locobot/LoCoBotRos/interbotix_ws/install/ecl_formatters/lib:/home/locobot/LoCoBotRos/interbotix_ws/install/ecl_exceptions/lib:/home/locobot/LoCoBotRos/interbotix_ws/install/ecl_type_traits/lib:/home/locobot/LoCoBotRos/interbotix_ws/install/ecl_errors/lib:${LD_LIBRARY_PATH} PATH=/home/locobot/LoCoBotRos/interbotix_ws/install/ecl_type_traits/bin:/home/locobot/LoCoBotRos/interbotix_ws/install/ecl_config/bin:${PATH} PKG_CONFIG_PATH=/home/locobot/LoCoBotRos/interbotix_ws/install/sophus/lib/x86_64-linux-gnu/pkgconfig:/home/locobot/LoCoBotRos/interbotix_ws/install/sophus/lib/pkgconfig /usr/bin/cmake --install /home/locobot/LoCoBotRos/interbotix_ws/build/ecl_geometry
