[0.036s] Invoking command in '/home/locobot/LoCoBotRos/interbotix_ws/build/moveit_visual_tools': CMAKE_PREFIX_PATH=${CMAKE_PREFIX_PATH}:/home/locobot/LoCoBotRos/interbotix_ws/install/interbotix_xs_modules:/home/locobot/LoCoBotRos/interbotix_ws/install/interbotix_common_modules:/home/locobot/interbotix_ws/install/kobuki_description:/home/locobot/interbotix_ws/install/interbotix_xs_modules:/home/locobot/interbotix_ws/install/interbotix_common_sim:/home/locobot/interbotix_ws/install/interbotix_common_modules:/home/locobot/interbotix_ws/install/ecl_utilities:/home/locobot/interbotix_ws/install/ecl_math:/home/locobot/interbotix_ws/install/ecl_formatters:/home/locobot/interbotix_ws/install/ecl_converters:/home/locobot/interbotix_ws/install/ecl_concepts:/home/locobot/interbotix_ws/install/ecl_type_traits:/home/locobot/interbotix_ws/install/ecl_time_lite:/home/locobot/interbotix_ws/install/ecl_mpl:/home/locobot/interbotix_ws/install/ecl_exceptions:/home/locobot/interbotix_ws/install/ecl_errors:/home/locobot/interbotix_ws/install/ecl_eigen:/home/locobot/interbotix_ws/install/ecl_config:/home/locobot/interbotix_ws/install/ecl_command_line:/home/locobot/interbotix_ws/install/dynamixel_workbench_toolbox:/opt/ros/humble /usr/bin/cmake /home/locobot/LoCoBotRos/interbotix_ws/src/moveit_visual_tools -DCMAKE_INSTALL_PREFIX=/home/locobot/LoCoBotRos/interbotix_ws/install/moveit_visual_tools
[0.172s] -- The C compiler identification is GNU 11.4.0
[0.282s] -- The CXX compiler identification is GNU 11.4.0
[0.294s] -- Detecting C compiler ABI info
[0.441s] -- Detecting C compiler ABI info - done
[0.452s] -- Check for working C compiler: /usr/bin/cc - skipped
[0.455s] -- Detecting C compile features
[0.463s] -- Detecting C compile features - done
[0.469s] -- Detecting CXX compiler ABI info
[0.664s] -- Detecting CXX compiler ABI info - done
[0.673s] -- Check for working CXX compiler: /usr/bin/c++ - skipped
[0.673s] -- Detecting CXX compile features
[0.674s] -- Detecting CXX compile features - done
[0.688s] -- Found moveit_common: 2.5.9 (/opt/ros/humble/share/moveit_common/cmake)
[0.706s] -- Found ament_cmake: 1.3.11 (/opt/ros/humble/share/ament_cmake/cmake)
[0.967s] -- Found Python3: /usr/bin/python3 (found version "3.10.12") found components: Interpreter 
[1.431s] [0mmoveit_visual_tools: You did not request a specific build type: Choosing 'Release' for maximum performance[0m
[1.496s] -- Found Boost: /usr/lib/x86_64-linux-gnu/cmake/Boost-1.74.0/BoostConfig.cmake (found version "1.74.0") found components: system 
[1.533s] -- Found geometry_msgs: 4.8.0 (/opt/ros/humble/share/geometry_msgs/cmake)
[1.685s] -- Found rosidl_generator_c: 3.1.6 (/opt/ros/humble/share/rosidl_generator_c/cmake)
[1.710s] -- Found rosidl_adapter: 3.1.6 (/opt/ros/humble/share/rosidl_adapter/cmake)
[1.743s] -- Found rosidl_generator_cpp: 3.1.6 (/opt/ros/humble/share/rosidl_generator_cpp/cmake)
[1.780s] -- Using all available rosidl_typesupport_c: rosidl_typesupport_fastrtps_c;rosidl_typesupport_introspection_c
[1.830s] -- Using all available rosidl_typesupport_cpp: rosidl_typesupport_fastrtps_cpp;rosidl_typesupport_introspection_cpp
[1.900s] -- Found graph_msgs: 0.2.0 (/opt/ros/humble/share/graph_msgs/cmake)
[1.930s] -- Found moveit_core: 2.5.9 (/opt/ros/humble/share/moveit_core/cmake)
[2.321s] -- Found Boost: /usr/lib/x86_64-linux-gnu/cmake/Boost-1.74.0/BoostConfig.cmake (found version "1.74.0") found components: chrono date_time filesystem iostreams program_options regex serialization system thread 
[2.490s] -- Found parameter_traits: 0.4.0 (/opt/ros/humble/share/parameter_traits/cmake)
[2.623s] -- Found rmw_implementation_cmake: 6.1.2 (/opt/ros/humble/share/rmw_implementation_cmake/cmake)
[2.641s] -- Found rmw_fastrtps_cpp: 6.2.7 (/opt/ros/humble/share/rmw_fastrtps_cpp/cmake)
[2.813s] -- Found OpenSSL: /usr/lib/x86_64-linux-gnu/libcrypto.so (found version "3.0.2")  
[2.859s] -- Found FastRTPS: /opt/ros/humble/include  
[2.922s] -- Using RMW implementation 'rmw_fastrtps_cpp' as default
[2.953s] -- Found Threads: TRUE  
[3.052s] -- Found Eigen3: TRUE (found version "3.4.0") 
[3.062s] -- Found rclcpp_lifecycle: 16.0.12 (/opt/ros/humble/share/rclcpp_lifecycle/cmake)
[3.110s] -- Found Boost: /usr/lib/x86_64-linux-gnu/cmake/Boost-1.74.0/BoostConfig.cmake (found version "1.74.0") found components: filesystem 
[3.308s] -- library: /usr/lib/x86_64-linux-gnu/libcurl.so
[3.427s] -- Ensuring Eigen3 include directory is part of orocos-kdl CMake target
[3.924s] -- Found moveit_ros_planning: 2.5.9 (/opt/ros/humble/share/moveit_ros_planning/cmake)
[3.928s] -- Found Boost: /usr/lib/x86_64-linux-gnu/cmake/Boost-1.74.0/BoostConfig.cmake (found version "1.74.0") found components: system filesystem date_time program_options thread chrono 
[3.980s] -- Found rviz_visual_tools: 4.1.4 (/opt/ros/humble/share/rviz_visual_tools/cmake)
[4.048s] -- Setting assimp_DIR to: '/opt/ros/humble/share/rviz_assimp_vendor/cmake/../../../opt/rviz_assimp_vendor/lib/cmake/assimp-4.1'
[4.078s] -- Setting OGRE_DIR to: '/opt/ros/humble/share/rviz_ogre_vendor/cmake/../../../opt/rviz_ogre_vendor/lib/OGRE/cmake'
[4.079s] -- Found OGRE
[4.079s] --   static     : OFF
[4.079s] --   components : HLMS;MeshLodGenerator;Overlay;Paging;Property;RTShaderSystem;Terrain;Volume
[4.080s] --   plugins    : Plugin_BSPSceneManager;Plugin_OctreeSceneManager;Plugin_PCZSceneManager;Plugin_ParticleFX;RenderSystem_GL;RenderSystem_GL3Plus;Codec_STBI
[4.080s] --   media      : /opt/ros/humble/opt/rviz_ogre_vendor/share/OGRE/Media
[4.080s] -- OGRE_LIBRARIES: OgreHLMS;OgreMeshLodGenerator;OgreOverlay;OgrePaging;OgreProperty;OgreRTShaderSystem;OgreTerrain;OgreVolume;OgreMain
[4.080s] -- OGRE_LIBRARY_DIRS: /opt/ros/humble/opt/rviz_ogre_vendor/lib
[4.080s] -- OGRE_PLUGINS: Plugin_BSPSceneManager;Plugin_OctreeSceneManager;Plugin_PCZSceneManager;Plugin_ParticleFX;RenderSystem_GL;RenderSystem_GL3Plus;Codec_STBI
[4.080s] -- OGRE_PLUGIN_DIR: /opt/ros/humble/opt/rviz_ogre_vendor/lib/OGRE
[4.080s] -- rviz_ogre_vendor::OgreOverlay for IMPORTED_LOCATION_RELEASE: /opt/ros/humble/opt/rviz_ogre_vendor/lib/libOgreOverlay.so
[4.080s] -- rviz_ogre_vendor::OgreOverlay for IMPORTED_LOCATION_DEBUG: /opt/ros/humble/opt/rviz_ogre_vendor/lib/libOgreOverlay.so
[4.080s] -- rviz_ogre_vendor::OgreMain for IMPORTED_LOCATION_RELEASE: /opt/ros/humble/opt/rviz_ogre_vendor/lib/libOgreMain.so
[4.080s] -- rviz_ogre_vendor::OgreMain for IMPORTED_LOCATION_DEBUG: /opt/ros/humble/opt/rviz_ogre_vendor/lib/libOgreMain.so
[4.118s] -- Found ZLIB: /usr/lib/x86_64-linux-gnu/libz.so (found version "1.2.11") 
[4.131s] -- Found OpenGL: /usr/lib/x86_64-linux-gnu/libOpenGL.so   
[4.391s] -- Found X11: /usr/include   
[4.391s] -- Looking for XOpenDisplay in /usr/lib/x86_64-linux-gnu/libX11.so;/usr/lib/x86_64-linux-gnu/libXext.so
[4.539s] -- Looking for XOpenDisplay in /usr/lib/x86_64-linux-gnu/libX11.so;/usr/lib/x86_64-linux-gnu/libXext.so - found
[4.539s] -- Looking for gethostbyname
[4.690s] -- Looking for gethostbyname - found
[4.690s] -- Looking for connect
[4.856s] -- Looking for connect - found
[4.856s] -- Looking for remove
[5.018s] -- Looking for remove - found
[5.018s] -- Looking for shmat
[5.196s] -- Looking for shmat - found
[5.196s] -- Looking for IceConnectionNumber in ICE
[5.344s] -- Looking for IceConnectionNumber in ICE - found
[5.712s] -- Found ament_lint_auto: 0.12.12 (/opt/ros/humble/share/ament_lint_auto/cmake)
[5.772s] -- Added test 'copyright' to check source files copyright and LICENSE
[5.774s] -- Added test 'flake8' to check Python code syntax and style conventions
[5.777s] -- Added test 'lint_cmake' to check CMake code style
[5.781s] -- Added test 'pep257' to check Python code against some of the docstring style conventions in PEP 257
[5.784s] -- Added test 'xmllint' to check XML markup files
[5.788s] -- Configuring done
[5.852s] -- Generating done
[5.871s] -- Build files have been written to: /home/locobot/LoCoBotRos/interbotix_ws/build/moveit_visual_tools
[5.907s] Invoked command in '/home/locobot/LoCoBotRos/interbotix_ws/build/moveit_visual_tools' returned '0': CMAKE_PREFIX_PATH=${CMAKE_PREFIX_PATH}:/home/locobot/LoCoBotRos/interbotix_ws/install/interbotix_xs_modules:/home/locobot/LoCoBotRos/interbotix_ws/install/interbotix_common_modules:/home/locobot/interbotix_ws/install/kobuki_description:/home/locobot/interbotix_ws/install/interbotix_xs_modules:/home/locobot/interbotix_ws/install/interbotix_common_sim:/home/locobot/interbotix_ws/install/interbotix_common_modules:/home/locobot/interbotix_ws/install/ecl_utilities:/home/locobot/interbotix_ws/install/ecl_math:/home/locobot/interbotix_ws/install/ecl_formatters:/home/locobot/interbotix_ws/install/ecl_converters:/home/locobot/interbotix_ws/install/ecl_concepts:/home/locobot/interbotix_ws/install/ecl_type_traits:/home/locobot/interbotix_ws/install/ecl_time_lite:/home/locobot/interbotix_ws/install/ecl_mpl:/home/locobot/interbotix_ws/install/ecl_exceptions:/home/locobot/interbotix_ws/install/ecl_errors:/home/locobot/interbotix_ws/install/ecl_eigen:/home/locobot/interbotix_ws/install/ecl_config:/home/locobot/interbotix_ws/install/ecl_command_line:/home/locobot/interbotix_ws/install/dynamixel_workbench_toolbox:/opt/ros/humble /usr/bin/cmake /home/locobot/LoCoBotRos/interbotix_ws/src/moveit_visual_tools -DCMAKE_INSTALL_PREFIX=/home/locobot/LoCoBotRos/interbotix_ws/install/moveit_visual_tools
[5.910s] Invoking command in '/home/locobot/LoCoBotRos/interbotix_ws/build/moveit_visual_tools': CMAKE_PREFIX_PATH=${CMAKE_PREFIX_PATH}:/home/locobot/LoCoBotRos/interbotix_ws/install/interbotix_xs_modules:/home/locobot/LoCoBotRos/interbotix_ws/install/interbotix_common_modules:/home/locobot/interbotix_ws/install/kobuki_description:/home/locobot/interbotix_ws/install/interbotix_xs_modules:/home/locobot/interbotix_ws/install/interbotix_common_sim:/home/locobot/interbotix_ws/install/interbotix_common_modules:/home/locobot/interbotix_ws/install/ecl_utilities:/home/locobot/interbotix_ws/install/ecl_math:/home/locobot/interbotix_ws/install/ecl_formatters:/home/locobot/interbotix_ws/install/ecl_converters:/home/locobot/interbotix_ws/install/ecl_concepts:/home/locobot/interbotix_ws/install/ecl_type_traits:/home/locobot/interbotix_ws/install/ecl_time_lite:/home/locobot/interbotix_ws/install/ecl_mpl:/home/locobot/interbotix_ws/install/ecl_exceptions:/home/locobot/interbotix_ws/install/ecl_errors:/home/locobot/interbotix_ws/install/ecl_eigen:/home/locobot/interbotix_ws/install/ecl_config:/home/locobot/interbotix_ws/install/ecl_command_line:/home/locobot/interbotix_ws/install/dynamixel_workbench_toolbox:/opt/ros/humble /usr/bin/cmake --build /home/locobot/LoCoBotRos/interbotix_ws/build/moveit_visual_tools -- -j16 -l16
[5.997s] [ 16%] [32mBuilding CXX object CMakeFiles/moveit_visual_tools.dir/src/imarker_end_effector.cpp.o[0m
[5.997s] [ 33%] [32mBuilding CXX object CMakeFiles/moveit_visual_tools.dir/src/moveit_visual_tools.cpp.o[0m
[5.998s] [ 50%] [32mBuilding CXX object CMakeFiles/moveit_visual_tools.dir/src/imarker_robot_state.cpp.o[0m
[29.656s] [ 66%] [32m[1mLinking CXX shared library libmoveit_visual_tools.so[0m
[30.189s] [ 66%] Built target moveit_visual_tools
[30.231s] [ 83%] [32mBuilding CXX object CMakeFiles/moveit_visual_tools_demo.dir/src/moveit_visual_tools_demo.cpp.o[0m
[45.895s] [100%] [32m[1mLinking CXX executable moveit_visual_tools_demo[0m
[46.512s] [100%] Built target moveit_visual_tools_demo
[46.528s] Invoked command in '/home/locobot/LoCoBotRos/interbotix_ws/build/moveit_visual_tools' returned '0': CMAKE_PREFIX_PATH=${CMAKE_PREFIX_PATH}:/home/locobot/LoCoBotRos/interbotix_ws/install/interbotix_xs_modules:/home/locobot/LoCoBotRos/interbotix_ws/install/interbotix_common_modules:/home/locobot/interbotix_ws/install/kobuki_description:/home/locobot/interbotix_ws/install/interbotix_xs_modules:/home/locobot/interbotix_ws/install/interbotix_common_sim:/home/locobot/interbotix_ws/install/interbotix_common_modules:/home/locobot/interbotix_ws/install/ecl_utilities:/home/locobot/interbotix_ws/install/ecl_math:/home/locobot/interbotix_ws/install/ecl_formatters:/home/locobot/interbotix_ws/install/ecl_converters:/home/locobot/interbotix_ws/install/ecl_concepts:/home/locobot/interbotix_ws/install/ecl_type_traits:/home/locobot/interbotix_ws/install/ecl_time_lite:/home/locobot/interbotix_ws/install/ecl_mpl:/home/locobot/interbotix_ws/install/ecl_exceptions:/home/locobot/interbotix_ws/install/ecl_errors:/home/locobot/interbotix_ws/install/ecl_eigen:/home/locobot/interbotix_ws/install/ecl_config:/home/locobot/interbotix_ws/install/ecl_command_line:/home/locobot/interbotix_ws/install/dynamixel_workbench_toolbox:/opt/ros/humble /usr/bin/cmake --build /home/locobot/LoCoBotRos/interbotix_ws/build/moveit_visual_tools -- -j16 -l16
[46.530s] Invoking command in '/home/locobot/LoCoBotRos/interbotix_ws/build/moveit_visual_tools': CMAKE_PREFIX_PATH=${CMAKE_PREFIX_PATH}:/home/locobot/LoCoBotRos/interbotix_ws/install/interbotix_xs_modules:/home/locobot/LoCoBotRos/interbotix_ws/install/interbotix_common_modules:/home/locobot/interbotix_ws/install/kobuki_description:/home/locobot/interbotix_ws/install/interbotix_xs_modules:/home/locobot/interbotix_ws/install/interbotix_common_sim:/home/locobot/interbotix_ws/install/interbotix_common_modules:/home/locobot/interbotix_ws/install/ecl_utilities:/home/locobot/interbotix_ws/install/ecl_math:/home/locobot/interbotix_ws/install/ecl_formatters:/home/locobot/interbotix_ws/install/ecl_converters:/home/locobot/interbotix_ws/install/ecl_concepts:/home/locobot/interbotix_ws/install/ecl_type_traits:/home/locobot/interbotix_ws/install/ecl_time_lite:/home/locobot/interbotix_ws/install/ecl_mpl:/home/locobot/interbotix_ws/install/ecl_exceptions:/home/locobot/interbotix_ws/install/ecl_errors:/home/locobot/interbotix_ws/install/ecl_eigen:/home/locobot/interbotix_ws/install/ecl_config:/home/locobot/interbotix_ws/install/ecl_command_line:/home/locobot/interbotix_ws/install/dynamixel_workbench_toolbox:/opt/ros/humble /usr/bin/cmake --install /home/locobot/LoCoBotRos/interbotix_ws/build/moveit_visual_tools
[46.546s] -- Install configuration: "Release"
[46.546s] -- Installing: /home/locobot/LoCoBotRos/interbotix_ws/install/moveit_visual_tools/share/moveit_visual_tools/environment/library_path.sh
[46.546s] -- Installing: /home/locobot/LoCoBotRos/interbotix_ws/install/moveit_visual_tools/share/moveit_visual_tools/environment/library_path.dsv
[46.546s] -- Installing: /home/locobot/LoCoBotRos/interbotix_ws/install/moveit_visual_tools/lib/libmoveit_visual_tools.so
[46.547s] -- Set runtime path of "/home/locobot/LoCoBotRos/interbotix_ws/install/moveit_visual_tools/lib/libmoveit_visual_tools.so" to ""
[46.547s] -- Installing: /home/locobot/LoCoBotRos/interbotix_ws/install/moveit_visual_tools/lib/moveit_visual_tools/moveit_visual_tools_demo
[46.548s] -- Set runtime path of "/home/locobot/LoCoBotRos/interbotix_ws/install/moveit_visual_tools/lib/moveit_visual_tools/moveit_visual_tools_demo" to ""
[46.548s] -- Installing: /home/locobot/LoCoBotRos/interbotix_ws/install/moveit_visual_tools/include
[46.548s] -- Installing: /home/locobot/LoCoBotRos/interbotix_ws/install/moveit_visual_tools/include/moveit_visual_tools
[46.548s] -- Installing: /home/locobot/LoCoBotRos/interbotix_ws/install/moveit_visual_tools/include/moveit_visual_tools/moveit_visual_tools.h
[46.548s] -- Installing: /home/locobot/LoCoBotRos/interbotix_ws/install/moveit_visual_tools/include/moveit_visual_tools/imarker_robot_state.h
[46.548s] -- Installing: /home/locobot/LoCoBotRos/interbotix_ws/install/moveit_visual_tools/include/moveit_visual_tools/imarker_end_effector.h
[46.548s] -- Installing: /home/locobot/LoCoBotRos/interbotix_ws/install/moveit_visual_tools/share/moveit_visual_tools/launch
[46.548s] -- Installing: /home/locobot/LoCoBotRos/interbotix_ws/install/moveit_visual_tools/share/moveit_visual_tools/launch/demo_rviz.launch.py
[46.549s] -- Installing: /home/locobot/LoCoBotRos/interbotix_ws/install/moveit_visual_tools/share/moveit_visual_tools/launch/demo.rviz
[46.550s] -- Installing: /home/locobot/LoCoBotRos/interbotix_ws/install/moveit_visual_tools/share/moveit_visual_tools/resources
[46.550s] -- Installing: /home/locobot/LoCoBotRos/interbotix_ws/install/moveit_visual_tools/share/moveit_visual_tools/resources/demo_mesh.stl
[46.550s] -- Installing: /home/locobot/LoCoBotRos/interbotix_ws/install/moveit_visual_tools/share/moveit_visual_tools/resources/screenshot.png
[46.551s] -- Installing: /home/locobot/LoCoBotRos/interbotix_ws/install/moveit_visual_tools/share/moveit_visual_tools/resources/rrbot.srdf
[46.551s] -- Installing: /home/locobot/LoCoBotRos/interbotix_ws/install/moveit_visual_tools/share/moveit_visual_tools/resources/demo.png
[46.551s] -- Installing: /home/locobot/LoCoBotRos/interbotix_ws/install/moveit_visual_tools/share/moveit_visual_tools/resources/rrbot.urdf
[46.552s] -- Installing: /home/locobot/LoCoBotRos/interbotix_ws/install/moveit_visual_tools/share/ament_index/resource_index/package_run_dependencies/moveit_visual_tools
[46.552s] -- Installing: /home/locobot/LoCoBotRos/interbotix_ws/install/moveit_visual_tools/share/ament_index/resource_index/parent_prefix_path/moveit_visual_tools
[46.552s] -- Installing: /home/locobot/LoCoBotRos/interbotix_ws/install/moveit_visual_tools/share/moveit_visual_tools/environment/ament_prefix_path.sh
[46.552s] -- Installing: /home/locobot/LoCoBotRos/interbotix_ws/install/moveit_visual_tools/share/moveit_visual_tools/environment/ament_prefix_path.dsv
[46.552s] -- Installing: /home/locobot/LoCoBotRos/interbotix_ws/install/moveit_visual_tools/share/moveit_visual_tools/environment/path.sh
[46.553s] -- Installing: /home/locobot/LoCoBotRos/interbotix_ws/install/moveit_visual_tools/share/moveit_visual_tools/environment/path.dsv
[46.553s] -- Installing: /home/locobot/LoCoBotRos/interbotix_ws/install/moveit_visual_tools/share/moveit_visual_tools/local_setup.bash
[46.553s] -- Installing: /home/locobot/LoCoBotRos/interbotix_ws/install/moveit_visual_tools/share/moveit_visual_tools/local_setup.sh
[46.553s] -- Installing: /home/locobot/LoCoBotRos/interbotix_ws/install/moveit_visual_tools/share/moveit_visual_tools/local_setup.zsh
[46.553s] -- Installing: /home/locobot/LoCoBotRos/interbotix_ws/install/moveit_visual_tools/share/moveit_visual_tools/local_setup.dsv
[46.553s] -- Installing: /home/locobot/LoCoBotRos/interbotix_ws/install/moveit_visual_tools/share/moveit_visual_tools/package.dsv
[46.554s] -- Installing: /home/locobot/LoCoBotRos/interbotix_ws/install/moveit_visual_tools/share/ament_index/resource_index/packages/moveit_visual_tools
[46.554s] -- Installing: /home/locobot/LoCoBotRos/interbotix_ws/install/moveit_visual_tools/share/moveit_visual_tools/cmake/export_moveit_visual_toolsExport.cmake
[46.554s] -- Installing: /home/locobot/LoCoBotRos/interbotix_ws/install/moveit_visual_tools/share/moveit_visual_tools/cmake/export_moveit_visual_toolsExport-release.cmake
[46.554s] -- Installing: /home/locobot/LoCoBotRos/interbotix_ws/install/moveit_visual_tools/share/moveit_visual_tools/cmake/ament_cmake_export_targets-extras.cmake
[46.554s] -- Installing: /home/locobot/LoCoBotRos/interbotix_ws/install/moveit_visual_tools/share/moveit_visual_tools/cmake/ament_cmake_export_dependencies-extras.cmake
[46.554s] -- Installing: /home/locobot/LoCoBotRos/interbotix_ws/install/moveit_visual_tools/share/moveit_visual_tools/cmake/moveit_visual_toolsConfig.cmake
[46.554s] -- Installing: /home/locobot/LoCoBotRos/interbotix_ws/install/moveit_visual_tools/share/moveit_visual_tools/cmake/moveit_visual_toolsConfig-version.cmake
[46.555s] -- Installing: /home/locobot/LoCoBotRos/interbotix_ws/install/moveit_visual_tools/share/moveit_visual_tools/package.xml
[46.557s] Invoked command in '/home/locobot/LoCoBotRos/interbotix_ws/build/moveit_visual_tools' returned '0': CMAKE_PREFIX_PATH=${CMAKE_PREFIX_PATH}:/home/locobot/LoCoBotRos/interbotix_ws/install/interbotix_xs_modules:/home/locobot/LoCoBotRos/interbotix_ws/install/interbotix_common_modules:/home/locobot/interbotix_ws/install/kobuki_description:/home/locobot/interbotix_ws/install/interbotix_xs_modules:/home/locobot/interbotix_ws/install/interbotix_common_sim:/home/locobot/interbotix_ws/install/interbotix_common_modules:/home/locobot/interbotix_ws/install/ecl_utilities:/home/locobot/interbotix_ws/install/ecl_math:/home/locobot/interbotix_ws/install/ecl_formatters:/home/locobot/interbotix_ws/install/ecl_converters:/home/locobot/interbotix_ws/install/ecl_concepts:/home/locobot/interbotix_ws/install/ecl_type_traits:/home/locobot/interbotix_ws/install/ecl_time_lite:/home/locobot/interbotix_ws/install/ecl_mpl:/home/locobot/interbotix_ws/install/ecl_exceptions:/home/locobot/interbotix_ws/install/ecl_errors:/home/locobot/interbotix_ws/install/ecl_eigen:/home/locobot/interbotix_ws/install/ecl_config:/home/locobot/interbotix_ws/install/ecl_command_line:/home/locobot/interbotix_ws/install/dynamixel_workbench_toolbox:/opt/ros/humble /usr/bin/cmake --install /home/locobot/LoCoBotRos/interbotix_ws/build/moveit_visual_tools
