[0.013s] Invoking command in '/home/locobot/LoCoBotRos/interbotix_ws/build/interbotix_xs_rviz': AMENT_PREFIX_PATH=/home/locobot/LoCoBotRos/interbotix_ws/install/interbotix_xs_sdk:/home/locobot/LoCoBotRos/interbotix_ws/install/interbotix_xs_driver:/home/locobot/LoCoBotRos/interbotix_ws/install/interbotix_xs_msgs:/home/locobot/LoCoBotRos/interbotix_ws/install/dynamixel_workbench_toolbox:${AMENT_PREFIX_PATH} CMAKE_PREFIX_PATH=/home/locobot/LoCoBotRos/interbotix_ws/install/interbotix_xs_sdk:/home/locobot/LoCoBotRos/interbotix_ws/install/interbotix_xs_driver:/home/locobot/LoCoBotRos/interbotix_ws/install/interbotix_xs_msgs:/home/locobot/LoCoBotRos/interbotix_ws/install/dynamixel_workbench_toolbox:/home/locobot/apriltag_ws/install/apriltag_ros:/opt/ros/humble LD_LIBRARY_PATH=/home/locobot/LoCoBotRos/interbotix_ws/install/interbotix_xs_driver/lib:/home/locobot/LoCoBotRos/interbotix_ws/install/interbotix_xs_msgs/lib:/home/locobot/LoCoBotRos/interbotix_ws/install/dynamixel_workbench_toolbox/lib:${LD_LIBRARY_PATH} PYTHONPATH=/home/locobot/LoCoBotRos/interbotix_ws/install/interbotix_xs_msgs/local/lib/python3.10/dist-packages:${PYTHONPATH} /usr/bin/cmake /home/locobot/LoCoBotRos/interbotix_ws/src/interbotix_ros_toolboxes/interbotix_xs_toolbox/interbotix_xs_rviz -DCMAKE_BUILD_TYPE=Release -DCMAKE_INSTALL_PREFIX=/home/locobot/LoCoBotRos/interbotix_ws/install/interbotix_xs_rviz
[0.024s] -- Found ament_cmake: 1.3.11 (/opt/ros/humble/share/ament_cmake/cmake)
[0.118s] -- Found pluginlib: 5.1.0 (/opt/ros/humble/share/pluginlib/cmake)
[0.151s] -- Found rclcpp: 16.0.12 (/opt/ros/humble/share/rclcpp/cmake)
[0.165s] -- Found rosidl_generator_c: 3.1.6 (/opt/ros/humble/share/rosidl_generator_c/cmake)
[0.167s] -- Found rosidl_adapter: 3.1.6 (/opt/ros/humble/share/rosidl_adapter/cmake)
[0.171s] -- Found rosidl_generator_cpp: 3.1.6 (/opt/ros/humble/share/rosidl_generator_cpp/cmake)
[0.179s] -- Using all available rosidl_typesupport_c: rosidl_typesupport_fastrtps_c;rosidl_typesupport_introspection_c
[0.187s] -- Using all available rosidl_typesupport_cpp: rosidl_typesupport_fastrtps_cpp;rosidl_typesupport_introspection_cpp
[0.211s] -- Found rmw_implementation_cmake: 6.1.2 (/opt/ros/humble/share/rmw_implementation_cmake/cmake)
[0.212s] -- Found rmw_fastrtps_cpp: 6.2.7 (/opt/ros/humble/share/rmw_fastrtps_cpp/cmake)
[0.226s] -- Found TinyXML2 via Config file: TinyXML2_DIR-NOTFOUND
[0.232s] -- Found TinyXML2 via Config file: TinyXML2_DIR-NOTFOUND
[0.243s] -- Found TinyXML2 via Config file: TinyXML2_DIR-NOTFOUND
[0.248s] -- Found TinyXML2 via Config file: TinyXML2_DIR-NOTFOUND
[0.255s] -- Using RMW implementation 'rmw_fastrtps_cpp' as default
[0.294s] -- Found rviz_common: 11.2.17 (/opt/ros/humble/share/rviz_common/cmake)
[0.299s] -- Setting assimp_DIR to: '/opt/ros/humble/share/rviz_assimp_vendor/cmake/../../../opt/rviz_assimp_vendor/lib/cmake/assimp-4.1'
[0.305s] -- Setting OGRE_DIR to: '/opt/ros/humble/share/rviz_ogre_vendor/cmake/../../../opt/rviz_ogre_vendor/lib/OGRE/cmake'
[0.307s] -- Found OGRE
[0.307s] --   static     : OFF
[0.307s] --   components : HLMS;MeshLodGenerator;Overlay;Paging;Property;RTShaderSystem;Terrain;Volume
[0.307s] --   plugins    : Plugin_BSPSceneManager;Plugin_OctreeSceneManager;Plugin_PCZSceneManager;Plugin_ParticleFX;RenderSystem_GL;RenderSystem_GL3Plus;Codec_STBI
[0.307s] --   media      : /opt/ros/humble/opt/rviz_ogre_vendor/share/OGRE/Media
[0.307s] -- OGRE_LIBRARIES: OgreHLMS;OgreMeshLodGenerator;OgreOverlay;OgrePaging;OgreProperty;OgreRTShaderSystem;OgreTerrain;OgreVolume;OgreMain
[0.307s] -- OGRE_LIBRARY_DIRS: /opt/ros/humble/opt/rviz_ogre_vendor/lib
[0.307s] -- OGRE_PLUGINS: Plugin_BSPSceneManager;Plugin_OctreeSceneManager;Plugin_PCZSceneManager;Plugin_ParticleFX;RenderSystem_GL;RenderSystem_GL3Plus;Codec_STBI
[0.307s] -- OGRE_PLUGIN_DIR: /opt/ros/humble/opt/rviz_ogre_vendor/lib/OGRE
[0.308s] -- rviz_ogre_vendor::OgreOverlay for IMPORTED_LOCATION_RELEASE: /opt/ros/humble/opt/rviz_ogre_vendor/lib/libOgreOverlay.so
[0.308s] -- rviz_ogre_vendor::OgreOverlay for IMPORTED_LOCATION_DEBUG: /opt/ros/humble/opt/rviz_ogre_vendor/lib/libOgreOverlay.so
[0.308s] -- rviz_ogre_vendor::OgreMain for IMPORTED_LOCATION_RELEASE: /opt/ros/humble/opt/rviz_ogre_vendor/lib/libOgreMain.so
[0.308s] -- rviz_ogre_vendor::OgreMain for IMPORTED_LOCATION_DEBUG: /opt/ros/humble/opt/rviz_ogre_vendor/lib/libOgreMain.so
[0.360s] -- library: /usr/lib/x86_64-linux-gnu/libcurl.so
[0.395s] -- Ensuring Eigen3 include directory is part of orocos-kdl CMake target
[0.466s] -- Found interbotix_xs_msgs: 0.0.0 (/home/locobot/LoCoBotRos/interbotix_ws/install/interbotix_xs_msgs/share/interbotix_xs_msgs/cmake)
[0.500s] -- Found ament_lint_auto: 0.12.12 (/opt/ros/humble/share/ament_lint_auto/cmake)
[0.555s] -- Added test 'copyright' to check source files copyright and LICENSE
[0.556s] -- Added test 'cppcheck' to perform static code analysis on C / C++ code
[0.557s] -- Configured cppcheck include dirs: /home/locobot/LoCoBotRos/interbotix_ws/src/interbotix_ros_toolboxes/interbotix_xs_toolbox/interbotix_xs_rviz/include
[0.557s] -- Configured cppcheck exclude dirs and/or files: 
[0.558s] -- Added test 'cpplint' to check C / C++ code against the Google style
[0.558s] -- Configured cpplint exclude dirs and/or files: 
[0.559s] -- Added test 'lint_cmake' to check CMake code style
[0.560s] -- Added test 'uncrustify' to check C / C++ code style
[0.560s] -- Configured uncrustify additional arguments: 
[0.560s] -- Added test 'xmllint' to check XML markup files
[0.563s] -- Configuring done
[0.593s] -- Generating done
[0.598s] -- Build files have been written to: /home/locobot/LoCoBotRos/interbotix_ws/build/interbotix_xs_rviz
[0.607s] Invoked command in '/home/locobot/LoCoBotRos/interbotix_ws/build/interbotix_xs_rviz' returned '0': AMENT_PREFIX_PATH=/home/locobot/LoCoBotRos/interbotix_ws/install/interbotix_xs_sdk:/home/locobot/LoCoBotRos/interbotix_ws/install/interbotix_xs_driver:/home/locobot/LoCoBotRos/interbotix_ws/install/interbotix_xs_msgs:/home/locobot/LoCoBotRos/interbotix_ws/install/dynamixel_workbench_toolbox:${AMENT_PREFIX_PATH} CMAKE_PREFIX_PATH=/home/locobot/LoCoBotRos/interbotix_ws/install/interbotix_xs_sdk:/home/locobot/LoCoBotRos/interbotix_ws/install/interbotix_xs_driver:/home/locobot/LoCoBotRos/interbotix_ws/install/interbotix_xs_msgs:/home/locobot/LoCoBotRos/interbotix_ws/install/dynamixel_workbench_toolbox:/home/locobot/apriltag_ws/install/apriltag_ros:/opt/ros/humble LD_LIBRARY_PATH=/home/locobot/LoCoBotRos/interbotix_ws/install/interbotix_xs_driver/lib:/home/locobot/LoCoBotRos/interbotix_ws/install/interbotix_xs_msgs/lib:/home/locobot/LoCoBotRos/interbotix_ws/install/dynamixel_workbench_toolbox/lib:${LD_LIBRARY_PATH} PYTHONPATH=/home/locobot/LoCoBotRos/interbotix_ws/install/interbotix_xs_msgs/local/lib/python3.10/dist-packages:${PYTHONPATH} /usr/bin/cmake /home/locobot/LoCoBotRos/interbotix_ws/src/interbotix_ros_toolboxes/interbotix_xs_toolbox/interbotix_xs_rviz -DCMAKE_BUILD_TYPE=Release -DCMAKE_INSTALL_PREFIX=/home/locobot/LoCoBotRos/interbotix_ws/install/interbotix_xs_rviz
[0.607s] Invoking command in '/home/locobot/LoCoBotRos/interbotix_ws/build/interbotix_xs_rviz': AMENT_PREFIX_PATH=/home/locobot/LoCoBotRos/interbotix_ws/install/interbotix_xs_sdk:/home/locobot/LoCoBotRos/interbotix_ws/install/interbotix_xs_driver:/home/locobot/LoCoBotRos/interbotix_ws/install/interbotix_xs_msgs:/home/locobot/LoCoBotRos/interbotix_ws/install/dynamixel_workbench_toolbox:${AMENT_PREFIX_PATH} CMAKE_PREFIX_PATH=/home/locobot/LoCoBotRos/interbotix_ws/install/interbotix_xs_sdk:/home/locobot/LoCoBotRos/interbotix_ws/install/interbotix_xs_driver:/home/locobot/LoCoBotRos/interbotix_ws/install/interbotix_xs_msgs:/home/locobot/LoCoBotRos/interbotix_ws/install/dynamixel_workbench_toolbox:/home/locobot/apriltag_ws/install/apriltag_ros:/opt/ros/humble LD_LIBRARY_PATH=/home/locobot/LoCoBotRos/interbotix_ws/install/interbotix_xs_driver/lib:/home/locobot/LoCoBotRos/interbotix_ws/install/interbotix_xs_msgs/lib:/home/locobot/LoCoBotRos/interbotix_ws/install/dynamixel_workbench_toolbox/lib:${LD_LIBRARY_PATH} PYTHONPATH=/home/locobot/LoCoBotRos/interbotix_ws/install/interbotix_xs_msgs/local/lib/python3.10/dist-packages:${PYTHONPATH} /usr/bin/cmake --build /home/locobot/LoCoBotRos/interbotix_ws/build/interbotix_xs_rviz -- -j16 -l16
[0.644s] [ 20%] [34m[1mAutomatic MOC for target interbotix_xs_rviz[0m
[0.661s] [ 20%] Built target interbotix_xs_rviz_autogen
[0.672s] [35m[1mConsolidate compiler generated dependencies of target interbotix_xs_rviz[0m
[0.688s] [ 40%] [32mBuilding CXX object CMakeFiles/interbotix_xs_rviz.dir/interbotix_xs_rviz_autogen/mocs_compilation.cpp.o[0m
[0.689s] [ 60%] [32mBuilding CXX object CMakeFiles/interbotix_xs_rviz.dir/src/interbotix_control_panel.cpp.o[0m
[12.313s] [ 80%] [32m[1mLinking CXX shared library libinterbotix_xs_rviz.so[0m
[13.790s] [100%] Built target interbotix_xs_rviz
[13.799s] Invoked command in '/home/locobot/LoCoBotRos/interbotix_ws/build/interbotix_xs_rviz' returned '0': AMENT_PREFIX_PATH=/home/locobot/LoCoBotRos/interbotix_ws/install/interbotix_xs_sdk:/home/locobot/LoCoBotRos/interbotix_ws/install/interbotix_xs_driver:/home/locobot/LoCoBotRos/interbotix_ws/install/interbotix_xs_msgs:/home/locobot/LoCoBotRos/interbotix_ws/install/dynamixel_workbench_toolbox:${AMENT_PREFIX_PATH} CMAKE_PREFIX_PATH=/home/locobot/LoCoBotRos/interbotix_ws/install/interbotix_xs_sdk:/home/locobot/LoCoBotRos/interbotix_ws/install/interbotix_xs_driver:/home/locobot/LoCoBotRos/interbotix_ws/install/interbotix_xs_msgs:/home/locobot/LoCoBotRos/interbotix_ws/install/dynamixel_workbench_toolbox:/home/locobot/apriltag_ws/install/apriltag_ros:/opt/ros/humble LD_LIBRARY_PATH=/home/locobot/LoCoBotRos/interbotix_ws/install/interbotix_xs_driver/lib:/home/locobot/LoCoBotRos/interbotix_ws/install/interbotix_xs_msgs/lib:/home/locobot/LoCoBotRos/interbotix_ws/install/dynamixel_workbench_toolbox/lib:${LD_LIBRARY_PATH} PYTHONPATH=/home/locobot/LoCoBotRos/interbotix_ws/install/interbotix_xs_msgs/local/lib/python3.10/dist-packages:${PYTHONPATH} /usr/bin/cmake --build /home/locobot/LoCoBotRos/interbotix_ws/build/interbotix_xs_rviz -- -j16 -l16
[13.800s] Invoking command in '/home/locobot/LoCoBotRos/interbotix_ws/build/interbotix_xs_rviz': AMENT_PREFIX_PATH=/home/locobot/LoCoBotRos/interbotix_ws/install/interbotix_xs_sdk:/home/locobot/LoCoBotRos/interbotix_ws/install/interbotix_xs_driver:/home/locobot/LoCoBotRos/interbotix_ws/install/interbotix_xs_msgs:/home/locobot/LoCoBotRos/interbotix_ws/install/dynamixel_workbench_toolbox:${AMENT_PREFIX_PATH} CMAKE_PREFIX_PATH=/home/locobot/LoCoBotRos/interbotix_ws/install/interbotix_xs_sdk:/home/locobot/LoCoBotRos/interbotix_ws/install/interbotix_xs_driver:/home/locobot/LoCoBotRos/interbotix_ws/install/interbotix_xs_msgs:/home/locobot/LoCoBotRos/interbotix_ws/install/dynamixel_workbench_toolbox:/home/locobot/apriltag_ws/install/apriltag_ros:/opt/ros/humble LD_LIBRARY_PATH=/home/locobot/LoCoBotRos/interbotix_ws/install/interbotix_xs_driver/lib:/home/locobot/LoCoBotRos/interbotix_ws/install/interbotix_xs_msgs/lib:/home/locobot/LoCoBotRos/interbotix_ws/install/dynamixel_workbench_toolbox/lib:${LD_LIBRARY_PATH} PYTHONPATH=/home/locobot/LoCoBotRos/interbotix_ws/install/interbotix_xs_msgs/local/lib/python3.10/dist-packages:${PYTHONPATH} /usr/bin/cmake --install /home/locobot/LoCoBotRos/interbotix_ws/build/interbotix_xs_rviz
[13.806s] -- Install configuration: "Release"
[13.807s] -- Up-to-date: /home/locobot/LoCoBotRos/interbotix_ws/install/interbotix_xs_rviz/share/interbotix_xs_rviz/plugin_description.xml
[13.808s] -- Installing: /home/locobot/LoCoBotRos/interbotix_ws/install/interbotix_xs_rviz/lib/libinterbotix_xs_rviz.so
[13.809s] -- Set runtime path of "/home/locobot/LoCoBotRos/interbotix_ws/install/interbotix_xs_rviz/lib/libinterbotix_xs_rviz.so" to ""
[13.809s] -- Up-to-date: /home/locobot/LoCoBotRos/interbotix_ws/install/interbotix_xs_rviz/include/
[13.809s] -- Up-to-date: /home/locobot/LoCoBotRos/interbotix_ws/install/interbotix_xs_rviz/include//interbotix_xs_rviz
[13.809s] -- Up-to-date: /home/locobot/LoCoBotRos/interbotix_ws/install/interbotix_xs_rviz/include//interbotix_xs_rviz/xs_register_descriptions.hpp
[13.809s] -- Up-to-date: /home/locobot/LoCoBotRos/interbotix_ws/install/interbotix_xs_rviz/include//interbotix_xs_rviz/interbotix_control_panel.hpp
[13.810s] -- Up-to-date: /home/locobot/LoCoBotRos/interbotix_ws/install/interbotix_xs_rviz/share/interbotix_xs_rviz//icons
[13.810s] -- Up-to-date: /home/locobot/LoCoBotRos/interbotix_ws/install/interbotix_xs_rviz/share/interbotix_xs_rviz//icons/classes
[13.810s] -- Up-to-date: /home/locobot/LoCoBotRos/interbotix_ws/install/interbotix_xs_rviz/share/interbotix_xs_rviz//icons/classes/Interbotix Control Panel.png
[13.810s] -- Up-to-date: /home/locobot/LoCoBotRos/interbotix_ws/install/interbotix_xs_rviz/share/interbotix_xs_rviz/environment/library_path.sh
[13.810s] -- Installing: /home/locobot/LoCoBotRos/interbotix_ws/install/interbotix_xs_rviz/share/interbotix_xs_rviz/environment/library_path.dsv
[13.811s] -- Up-to-date: /home/locobot/LoCoBotRos/interbotix_ws/install/interbotix_xs_rviz/share/ament_index/resource_index/package_run_dependencies/interbotix_xs_rviz
[13.811s] -- Installing: /home/locobot/LoCoBotRos/interbotix_ws/install/interbotix_xs_rviz/share/ament_index/resource_index/parent_prefix_path/interbotix_xs_rviz
[13.811s] -- Up-to-date: /home/locobot/LoCoBotRos/interbotix_ws/install/interbotix_xs_rviz/share/interbotix_xs_rviz/environment/ament_prefix_path.sh
[13.811s] -- Installing: /home/locobot/LoCoBotRos/interbotix_ws/install/interbotix_xs_rviz/share/interbotix_xs_rviz/environment/ament_prefix_path.dsv
[13.811s] -- Up-to-date: /home/locobot/LoCoBotRos/interbotix_ws/install/interbotix_xs_rviz/share/interbotix_xs_rviz/environment/path.sh
[13.811s] -- Installing: /home/locobot/LoCoBotRos/interbotix_ws/install/interbotix_xs_rviz/share/interbotix_xs_rviz/environment/path.dsv
[13.811s] -- Up-to-date: /home/locobot/LoCoBotRos/interbotix_ws/install/interbotix_xs_rviz/share/interbotix_xs_rviz/local_setup.bash
[13.811s] -- Up-to-date: /home/locobot/LoCoBotRos/interbotix_ws/install/interbotix_xs_rviz/share/interbotix_xs_rviz/local_setup.sh
[13.811s] -- Up-to-date: /home/locobot/LoCoBotRos/interbotix_ws/install/interbotix_xs_rviz/share/interbotix_xs_rviz/local_setup.zsh
[13.811s] -- Installing: /home/locobot/LoCoBotRos/interbotix_ws/install/interbotix_xs_rviz/share/interbotix_xs_rviz/local_setup.dsv
[13.811s] -- Installing: /home/locobot/LoCoBotRos/interbotix_ws/install/interbotix_xs_rviz/share/interbotix_xs_rviz/package.dsv
[13.812s] -- Up-to-date: /home/locobot/LoCoBotRos/interbotix_ws/install/interbotix_xs_rviz/share/ament_index/resource_index/packages/interbotix_xs_rviz
[13.812s] -- Up-to-date: /home/locobot/LoCoBotRos/interbotix_ws/install/interbotix_xs_rviz/share/ament_index/resource_index/rviz_common__pluginlib__plugin/interbotix_xs_rviz
[13.812s] -- Up-to-date: /home/locobot/LoCoBotRos/interbotix_ws/install/interbotix_xs_rviz/share/interbotix_xs_rviz/cmake/interbotix_xs_rvizExport.cmake
[13.812s] -- Installing: /home/locobot/LoCoBotRos/interbotix_ws/install/interbotix_xs_rviz/share/interbotix_xs_rviz/cmake/interbotix_xs_rvizExport-release.cmake
[13.813s] -- Up-to-date: /home/locobot/LoCoBotRos/interbotix_ws/install/interbotix_xs_rviz/share/interbotix_xs_rviz/cmake/ament_cmake_export_targets-extras.cmake
[13.813s] -- Up-to-date: /home/locobot/LoCoBotRos/interbotix_ws/install/interbotix_xs_rviz/share/interbotix_xs_rviz/cmake/ament_cmake_export_dependencies-extras.cmake
[13.813s] -- Up-to-date: /home/locobot/LoCoBotRos/interbotix_ws/install/interbotix_xs_rviz/share/interbotix_xs_rviz/cmake/interbotix_xs_rvizConfig.cmake
[13.813s] -- Up-to-date: /home/locobot/LoCoBotRos/interbotix_ws/install/interbotix_xs_rviz/share/interbotix_xs_rviz/cmake/interbotix_xs_rvizConfig-version.cmake
[13.813s] -- Up-to-date: /home/locobot/LoCoBotRos/interbotix_ws/install/interbotix_xs_rviz/share/interbotix_xs_rviz/package.xml
[13.815s] Invoked command in '/home/locobot/LoCoBotRos/interbotix_ws/build/interbotix_xs_rviz' returned '0': AMENT_PREFIX_PATH=/home/locobot/LoCoBotRos/interbotix_ws/install/interbotix_xs_sdk:/home/locobot/LoCoBotRos/interbotix_ws/install/interbotix_xs_driver:/home/locobot/LoCoBotRos/interbotix_ws/install/interbotix_xs_msgs:/home/locobot/LoCoBotRos/interbotix_ws/install/dynamixel_workbench_toolbox:${AMENT_PREFIX_PATH} CMAKE_PREFIX_PATH=/home/locobot/LoCoBotRos/interbotix_ws/install/interbotix_xs_sdk:/home/locobot/LoCoBotRos/interbotix_ws/install/interbotix_xs_driver:/home/locobot/LoCoBotRos/interbotix_ws/install/interbotix_xs_msgs:/home/locobot/LoCoBotRos/interbotix_ws/install/dynamixel_workbench_toolbox:/home/locobot/apriltag_ws/install/apriltag_ros:/opt/ros/humble LD_LIBRARY_PATH=/home/locobot/LoCoBotRos/interbotix_ws/install/interbotix_xs_driver/lib:/home/locobot/LoCoBotRos/interbotix_ws/install/interbotix_xs_msgs/lib:/home/locobot/LoCoBotRos/interbotix_ws/install/dynamixel_workbench_toolbox/lib:${LD_LIBRARY_PATH} PYTHONPATH=/home/locobot/LoCoBotRos/interbotix_ws/install/interbotix_xs_msgs/local/lib/python3.10/dist-packages:${PYTHONPATH} /usr/bin/cmake --install /home/locobot/LoCoBotRos/interbotix_ws/build/interbotix_xs_rviz
