[0.028s] Invoking command in '/home/locobot/LoCoBotRos/interbotix_ws/build/ecl_eigen': CMAKE_PREFIX_PATH=${CMAKE_PREFIX_PATH}:/home/locobot/LoCoBotRos/interbotix_ws/install/interbotix_xs_modules:/home/locobot/LoCoBotRos/interbotix_ws/install/interbotix_common_modules:/home/locobot/interbotix_ws/install/kobuki_description:/home/locobot/interbotix_ws/install/interbotix_xs_modules:/home/locobot/interbotix_ws/install/interbotix_common_sim:/home/locobot/interbotix_ws/install/interbotix_common_modules:/home/locobot/interbotix_ws/install/ecl_utilities:/home/locobot/interbotix_ws/install/ecl_math:/home/locobot/interbotix_ws/install/ecl_formatters:/home/locobot/interbotix_ws/install/ecl_converters:/home/locobot/interbotix_ws/install/ecl_concepts:/home/locobot/interbotix_ws/install/ecl_type_traits:/home/locobot/interbotix_ws/install/ecl_time_lite:/home/locobot/interbotix_ws/install/ecl_mpl:/home/locobot/interbotix_ws/install/ecl_exceptions:/home/locobot/interbotix_ws/install/ecl_errors:/home/locobot/interbotix_ws/install/ecl_eigen:/home/locobot/interbotix_ws/install/ecl_config:/home/locobot/interbotix_ws/install/ecl_command_line:/home/locobot/interbotix_ws/install/dynamixel_workbench_toolbox:/opt/ros/humble /usr/bin/cmake /home/locobot/LoCoBotRos/interbotix_ws/src/ecl_core/ecl_eigen -DCMAKE_INSTALL_PREFIX=/home/locobot/LoCoBotRos/interbotix_ws/install/ecl_eigen
[0.097s] -- The C compiler identification is GNU 11.4.0
[0.173s] -- The CXX compiler identification is GNU 11.4.0
[0.180s] -- Detecting C compiler ABI info
[0.276s] -- Detecting C compiler ABI info - done
[0.283s] -- Check for working C compiler: /usr/bin/cc - skipped
[0.283s] -- Detecting C compile features
[0.284s] -- Detecting C compile features - done
[0.286s] -- Detecting CXX compiler ABI info
[0.379s] -- Detecting CXX compiler ABI info - done
[0.389s] -- Check for working CXX compiler: /usr/bin/c++ - skipped
[0.389s] -- Detecting CXX compile features
[0.389s] -- Detecting CXX compile features - done
[0.401s] -- Found ament_cmake_ros: 0.10.0 (/opt/ros/humble/share/ament_cmake_ros/cmake)
[0.698s] -- Found Python3: /usr/bin/python3 (found version "3.10.12") found components: Interpreter 
[1.271s] -- Configuring done
[1.275s] -- Generating done
[1.276s] -- Build files have been written to: /home/locobot/LoCoBotRos/interbotix_ws/build/ecl_eigen
[1.297s] Invoked command in '/home/locobot/LoCoBotRos/interbotix_ws/build/ecl_eigen' returned '0': CMAKE_PREFIX_PATH=${CMAKE_PREFIX_PATH}:/home/locobot/LoCoBotRos/interbotix_ws/install/interbotix_xs_modules:/home/locobot/LoCoBotRos/interbotix_ws/install/interbotix_common_modules:/home/locobot/interbotix_ws/install/kobuki_description:/home/locobot/interbotix_ws/install/interbotix_xs_modules:/home/locobot/interbotix_ws/install/interbotix_common_sim:/home/locobot/interbotix_ws/install/interbotix_common_modules:/home/locobot/interbotix_ws/install/ecl_utilities:/home/locobot/interbotix_ws/install/ecl_math:/home/locobot/interbotix_ws/install/ecl_formatters:/home/locobot/interbotix_ws/install/ecl_converters:/home/locobot/interbotix_ws/install/ecl_concepts:/home/locobot/interbotix_ws/install/ecl_type_traits:/home/locobot/interbotix_ws/install/ecl_time_lite:/home/locobot/interbotix_ws/install/ecl_mpl:/home/locobot/interbotix_ws/install/ecl_exceptions:/home/locobot/interbotix_ws/install/ecl_errors:/home/locobot/interbotix_ws/install/ecl_eigen:/home/locobot/interbotix_ws/install/ecl_config:/home/locobot/interbotix_ws/install/ecl_command_line:/home/locobot/interbotix_ws/install/dynamixel_workbench_toolbox:/opt/ros/humble /usr/bin/cmake /home/locobot/LoCoBotRos/interbotix_ws/src/ecl_core/ecl_eigen -DCMAKE_INSTALL_PREFIX=/home/locobot/LoCoBotRos/interbotix_ws/install/ecl_eigen
[1.306s] Invoking command in '/home/locobot/LoCoBotRos/interbotix_ws/build/ecl_eigen': CMAKE_PREFIX_PATH=${CMAKE_PREFIX_PATH}:/home/locobot/LoCoBotRos/interbotix_ws/install/interbotix_xs_modules:/home/locobot/LoCoBotRos/interbotix_ws/install/interbotix_common_modules:/home/locobot/interbotix_ws/install/kobuki_description:/home/locobot/interbotix_ws/install/interbotix_xs_modules:/home/locobot/interbotix_ws/install/interbotix_common_sim:/home/locobot/interbotix_ws/install/interbotix_common_modules:/home/locobot/interbotix_ws/install/ecl_utilities:/home/locobot/interbotix_ws/install/ecl_math:/home/locobot/interbotix_ws/install/ecl_formatters:/home/locobot/interbotix_ws/install/ecl_converters:/home/locobot/interbotix_ws/install/ecl_concepts:/home/locobot/interbotix_ws/install/ecl_type_traits:/home/locobot/interbotix_ws/install/ecl_time_lite:/home/locobot/interbotix_ws/install/ecl_mpl:/home/locobot/interbotix_ws/install/ecl_exceptions:/home/locobot/interbotix_ws/install/ecl_errors:/home/locobot/interbotix_ws/install/ecl_eigen:/home/locobot/interbotix_ws/install/ecl_config:/home/locobot/interbotix_ws/install/ecl_command_line:/home/locobot/interbotix_ws/install/dynamixel_workbench_toolbox:/opt/ros/humble /usr/bin/cmake --build /home/locobot/LoCoBotRos/interbotix_ws/build/ecl_eigen -- -j16 -l16
[1.409s] Invoked command in '/home/locobot/LoCoBotRos/interbotix_ws/build/ecl_eigen' returned '0': CMAKE_PREFIX_PATH=${CMAKE_PREFIX_PATH}:/home/locobot/LoCoBotRos/interbotix_ws/install/interbotix_xs_modules:/home/locobot/LoCoBotRos/interbotix_ws/install/interbotix_common_modules:/home/locobot/interbotix_ws/install/kobuki_description:/home/locobot/interbotix_ws/install/interbotix_xs_modules:/home/locobot/interbotix_ws/install/interbotix_common_sim:/home/locobot/interbotix_ws/install/interbotix_common_modules:/home/locobot/interbotix_ws/install/ecl_utilities:/home/locobot/interbotix_ws/install/ecl_math:/home/locobot/interbotix_ws/install/ecl_formatters:/home/locobot/interbotix_ws/install/ecl_converters:/home/locobot/interbotix_ws/install/ecl_concepts:/home/locobot/interbotix_ws/install/ecl_type_traits:/home/locobot/interbotix_ws/install/ecl_time_lite:/home/locobot/interbotix_ws/install/ecl_mpl:/home/locobot/interbotix_ws/install/ecl_exceptions:/home/locobot/interbotix_ws/install/ecl_errors:/home/locobot/interbotix_ws/install/ecl_eigen:/home/locobot/interbotix_ws/install/ecl_config:/home/locobot/interbotix_ws/install/ecl_command_line:/home/locobot/interbotix_ws/install/dynamixel_workbench_toolbox:/opt/ros/humble /usr/bin/cmake --build /home/locobot/LoCoBotRos/interbotix_ws/build/ecl_eigen -- -j16 -l16
[1.432s] Invoking command in '/home/locobot/LoCoBotRos/interbotix_ws/build/ecl_eigen': CMAKE_PREFIX_PATH=${CMAKE_PREFIX_PATH}:/home/locobot/LoCoBotRos/interbotix_ws/install/interbotix_xs_modules:/home/locobot/LoCoBotRos/interbotix_ws/install/interbotix_common_modules:/home/locobot/interbotix_ws/install/kobuki_description:/home/locobot/interbotix_ws/install/interbotix_xs_modules:/home/locobot/interbotix_ws/install/interbotix_common_sim:/home/locobot/interbotix_ws/install/interbotix_common_modules:/home/locobot/interbotix_ws/install/ecl_utilities:/home/locobot/interbotix_ws/install/ecl_math:/home/locobot/interbotix_ws/install/ecl_formatters:/home/locobot/interbotix_ws/install/ecl_converters:/home/locobot/interbotix_ws/install/ecl_concepts:/home/locobot/interbotix_ws/install/ecl_type_traits:/home/locobot/interbotix_ws/install/ecl_time_lite:/home/locobot/interbotix_ws/install/ecl_mpl:/home/locobot/interbotix_ws/install/ecl_exceptions:/home/locobot/interbotix_ws/install/ecl_errors:/home/locobot/interbotix_ws/install/ecl_eigen:/home/locobot/interbotix_ws/install/ecl_config:/home/locobot/interbotix_ws/install/ecl_command_line:/home/locobot/interbotix_ws/install/dynamixel_workbench_toolbox:/opt/ros/humble /usr/bin/cmake --install /home/locobot/LoCoBotRos/interbotix_ws/build/ecl_eigen
[1.451s] -- Install configuration: ""
[1.451s] -- Installing: /home/locobot/LoCoBotRos/interbotix_ws/install/ecl_eigen/include/ecl/eigen.hpp
[1.452s] -- Installing: /home/locobot/LoCoBotRos/interbotix_ws/install/ecl_eigen/share/ament_index/resource_index/package_run_dependencies/ecl_eigen
[1.452s] -- Installing: /home/locobot/LoCoBotRos/interbotix_ws/install/ecl_eigen/share/ament_index/resource_index/parent_prefix_path/ecl_eigen
[1.453s] -- Installing: /home/locobot/LoCoBotRos/interbotix_ws/install/ecl_eigen/share/ecl_eigen/environment/ament_prefix_path.sh
[1.453s] -- Installing: /home/locobot/LoCoBotRos/interbotix_ws/install/ecl_eigen/share/ecl_eigen/environment/ament_prefix_path.dsv
[1.457s] -- Installing: /home/locobot/LoCoBotRos/interbotix_ws/install/ecl_eigen/share/ecl_eigen/environment/path.sh
[1.462s] -- Installing: /home/locobot/LoCoBotRos/interbotix_ws/install/ecl_eigen/share/ecl_eigen/environment/path.dsv
[1.462s] -- Installing: /home/locobot/LoCoBotRos/interbotix_ws/install/ecl_eigen/share/ecl_eigen/local_setup.bash
[1.462s] -- Installing: /home/locobot/LoCoBotRos/interbotix_ws/install/ecl_eigen/share/ecl_eigen/local_setup.sh
[1.462s] -- Installing: /home/locobot/LoCoBotRos/interbotix_ws/install/ecl_eigen/share/ecl_eigen/local_setup.zsh
[1.462s] -- Installing: /home/locobot/LoCoBotRos/interbotix_ws/install/ecl_eigen/share/ecl_eigen/local_setup.dsv
[1.462s] -- Installing: /home/locobot/LoCoBotRos/interbotix_ws/install/ecl_eigen/share/ecl_eigen/package.dsv
[1.462s] -- Installing: /home/locobot/LoCoBotRos/interbotix_ws/install/ecl_eigen/share/ament_index/resource_index/packages/ecl_eigen
[1.462s] -- Installing: /home/locobot/LoCoBotRos/interbotix_ws/install/ecl_eigen/share/ecl_eigen/cmake/ecl_eigenExport.cmake
[1.463s] -- Installing: /home/locobot/LoCoBotRos/interbotix_ws/install/ecl_eigen/share/ecl_eigen/cmake/ament_cmake_export_targets-extras.cmake
[1.463s] -- Installing: /home/locobot/LoCoBotRos/interbotix_ws/install/ecl_eigen/share/ecl_eigen/cmake/ament_cmake_export_include_directories-extras.cmake
[1.469s] -- Installing: /home/locobot/LoCoBotRos/interbotix_ws/install/ecl_eigen/share/ecl_eigen/cmake/ament_cmake_export_dependencies-extras.cmake
[1.469s] -- Installing: /home/locobot/LoCoBotRos/interbotix_ws/install/ecl_eigen/share/ecl_eigen/cmake/ecl_eigenConfig.cmake
[1.469s] -- Installing: /home/locobot/LoCoBotRos/interbotix_ws/install/ecl_eigen/share/ecl_eigen/cmake/ecl_eigenConfig-version.cmake
[1.469s] -- Installing: /home/locobot/LoCoBotRos/interbotix_ws/install/ecl_eigen/share/ecl_eigen/package.xml
[1.469s] -- Installing: /home/locobot/LoCoBotRos/interbotix_ws/install/ecl_eigen/share/licenses/eigen/COPYING.LESSER
[1.480s] Invoked command in '/home/locobot/LoCoBotRos/interbotix_ws/build/ecl_eigen' returned '0': CMAKE_PREFIX_PATH=${CMAKE_PREFIX_PATH}:/home/locobot/LoCoBotRos/interbotix_ws/install/interbotix_xs_modules:/home/locobot/LoCoBotRos/interbotix_ws/install/interbotix_common_modules:/home/locobot/interbotix_ws/install/kobuki_description:/home/locobot/interbotix_ws/install/interbotix_xs_modules:/home/locobot/interbotix_ws/install/interbotix_common_sim:/home/locobot/interbotix_ws/install/interbotix_common_modules:/home/locobot/interbotix_ws/install/ecl_utilities:/home/locobot/interbotix_ws/install/ecl_math:/home/locobot/interbotix_ws/install/ecl_formatters:/home/locobot/interbotix_ws/install/ecl_converters:/home/locobot/interbotix_ws/install/ecl_concepts:/home/locobot/interbotix_ws/install/ecl_type_traits:/home/locobot/interbotix_ws/install/ecl_time_lite:/home/locobot/interbotix_ws/install/ecl_mpl:/home/locobot/interbotix_ws/install/ecl_exceptions:/home/locobot/interbotix_ws/install/ecl_errors:/home/locobot/interbotix_ws/install/ecl_eigen:/home/locobot/interbotix_ws/install/ecl_config:/home/locobot/interbotix_ws/install/ecl_command_line:/home/locobot/interbotix_ws/install/dynamixel_workbench_toolbox:/opt/ros/humble /usr/bin/cmake --install /home/locobot/LoCoBotRos/interbotix_ws/build/ecl_eigen
