[0.122s] Invoking command in '/home/locobot/LoCoBotRos/interbotix_ws/build/interbotix_tf_tools': CMAKE_PREFIX_PATH=${CMAKE_PREFIX_PATH}:/opt/ros/humble /usr/bin/cmake /home/locobot/LoCoBotRos/interbotix_ws/src/interbotix_ros_toolboxes/interbotix_common_toolbox/interbotix_tf_tools -DCMAKE_INSTALL_PREFIX=/home/locobot/LoCoBotRos/interbotix_ws/install/interbotix_tf_tools
[0.151s] -- Found ament_cmake: 1.3.11 (/opt/ros/humble/share/ament_cmake/cmake)
[0.296s] -- Found geometry_msgs: 4.9.0 (/opt/ros/humble/share/geometry_msgs/cmake)
[0.320s] -- Found rosidl_generator_c: 3.1.6 (/opt/ros/humble/share/rosidl_generator_c/cmake)
[0.321s] -- Found rosidl_adapter: 3.1.6 (/opt/ros/humble/share/rosidl_adapter/cmake)
[0.326s] -- Found rosidl_generator_cpp: 3.1.6 (/opt/ros/humble/share/rosidl_generator_cpp/cmake)
[0.334s] -- Using all available rosidl_typesupport_c: rosidl_typesupport_fastrtps_c;rosidl_typesupport_introspection_c
[0.348s] -- Using all available rosidl_typesupport_cpp: rosidl_typesupport_fastrtps_cpp;rosidl_typesupport_introspection_cpp
[0.380s] -- Found rclcpp: 16.0.12 (/opt/ros/humble/share/rclcpp/cmake)
[0.408s] -- Found rmw_implementation_cmake: 6.1.2 (/opt/ros/humble/share/rmw_implementation_cmake/cmake)
[0.410s] -- Found rmw_fastrtps_cpp: 6.2.7 (/opt/ros/humble/share/rmw_fastrtps_cpp/cmake)
[0.536s] -- Using RMW implementation 'rmw_fastrtps_cpp' as default
[0.598s] -- Found rclcpp_components: 16.0.12 (/opt/ros/humble/share/rclcpp_components/cmake)
[0.618s] -- Found tf2_msgs: 0.25.13 (/opt/ros/humble/share/tf2_msgs/cmake)
[0.685s] -- Found tf2_ros: 0.25.13 (/opt/ros/humble/share/tf2_ros/cmake)
[0.717s] -- Found ament_lint_auto: 0.12.12 (/opt/ros/humble/share/ament_lint_auto/cmake)
[0.837s] -- Added test 'copyright' to check source files copyright and LICENSE
[0.840s] -- Added test 'cppcheck' to perform static code analysis on C / C++ code
[0.842s] -- Configured cppcheck include dirs: /home/locobot/LoCoBotRos/interbotix_ws/src/interbotix_ros_toolboxes/interbotix_common_toolbox/interbotix_tf_tools/include
[0.842s] -- Configured cppcheck exclude dirs and/or files: 
[0.842s] -- Added test 'cpplint' to check C / C++ code against the Google style
[0.842s] -- Configured cpplint exclude dirs and/or files: 
[0.843s] -- Added test 'flake8' to check Python code syntax and style conventions
[0.850s] -- Added test 'lint_cmake' to check CMake code style
[0.851s] -- Added test 'pep257' to check Python code against some of the docstring style conventions in PEP 257
[0.851s] -- Added test 'uncrustify' to check C / C++ code style
[0.851s] -- Configured uncrustify additional arguments: 
[0.851s] -- Added test 'xmllint' to check XML markup files
[0.859s] -- Configuring done
[0.909s] -- Generating done
[0.926s] -- Build files have been written to: /home/locobot/LoCoBotRos/interbotix_ws/build/interbotix_tf_tools
[0.998s] Invoked command in '/home/locobot/LoCoBotRos/interbotix_ws/build/interbotix_tf_tools' returned '0': CMAKE_PREFIX_PATH=${CMAKE_PREFIX_PATH}:/opt/ros/humble /usr/bin/cmake /home/locobot/LoCoBotRos/interbotix_ws/src/interbotix_ros_toolboxes/interbotix_common_toolbox/interbotix_tf_tools -DCMAKE_INSTALL_PREFIX=/home/locobot/LoCoBotRos/interbotix_ws/install/interbotix_tf_tools
[1.000s] Invoking command in '/home/locobot/LoCoBotRos/interbotix_ws/build/interbotix_tf_tools': CMAKE_PREFIX_PATH=${CMAKE_PREFIX_PATH}:/opt/ros/humble /usr/bin/cmake --build /home/locobot/LoCoBotRos/interbotix_ws/build/interbotix_tf_tools -- -j16 -l16
[1.210s] [35m[1mConsolidate compiler generated dependencies of target tf_rebroadcaster[0m
[1.210s] [100%] Built target tf_rebroadcaster
[1.217s] Invoked command in '/home/locobot/LoCoBotRos/interbotix_ws/build/interbotix_tf_tools' returned '0': CMAKE_PREFIX_PATH=${CMAKE_PREFIX_PATH}:/opt/ros/humble /usr/bin/cmake --build /home/locobot/LoCoBotRos/interbotix_ws/build/interbotix_tf_tools -- -j16 -l16
[1.219s] Invoking command in '/home/locobot/LoCoBotRos/interbotix_ws/build/interbotix_tf_tools': CMAKE_PREFIX_PATH=${CMAKE_PREFIX_PATH}:/opt/ros/humble /usr/bin/cmake --install /home/locobot/LoCoBotRos/interbotix_ws/build/interbotix_tf_tools
[1.367s] -- Install configuration: "Release"
[1.367s] -- Up-to-date: /home/locobot/LoCoBotRos/interbotix_ws/install/interbotix_tf_tools/lib/libtf_rebroadcaster.so
[1.367s] -- Up-to-date: /home/locobot/LoCoBotRos/interbotix_ws/install/interbotix_tf_tools/lib/interbotix_tf_tools/static_trans_pub.py
[1.367s] -- Up-to-date: /home/locobot/LoCoBotRos/interbotix_ws/install/interbotix_tf_tools/share/interbotix_tf_tools//config
[1.367s] -- Up-to-date: /home/locobot/LoCoBotRos/interbotix_ws/install/interbotix_tf_tools/share/interbotix_tf_tools//config/tf_rebroadcaster.yaml
[1.367s] -- Up-to-date: /home/locobot/LoCoBotRos/interbotix_ws/install/interbotix_tf_tools/share/interbotix_tf_tools//launch
[1.367s] -- Up-to-date: /home/locobot/LoCoBotRos/interbotix_ws/install/interbotix_tf_tools/share/interbotix_tf_tools//launch/tf_rebroadcaster.launch.py
[1.367s] -- Up-to-date: /home/locobot/LoCoBotRos/interbotix_ws/install/interbotix_tf_tools/share/interbotix_tf_tools//launch/static_transform_pub.launch.py
[1.368s] -- Up-to-date: /home/locobot/LoCoBotRos/interbotix_ws/install/interbotix_tf_tools/share/ament_index/resource_index/package_run_dependencies/interbotix_tf_tools
[1.368s] -- Up-to-date: /home/locobot/LoCoBotRos/interbotix_ws/install/interbotix_tf_tools/share/ament_index/resource_index/parent_prefix_path/interbotix_tf_tools
[1.368s] -- Up-to-date: /home/locobot/LoCoBotRos/interbotix_ws/install/interbotix_tf_tools/share/interbotix_tf_tools/environment/ament_prefix_path.sh
[1.368s] -- Installing: /home/locobot/LoCoBotRos/interbotix_ws/install/interbotix_tf_tools/share/interbotix_tf_tools/environment/ament_prefix_path.dsv
[1.368s] -- Up-to-date: /home/locobot/LoCoBotRos/interbotix_ws/install/interbotix_tf_tools/share/interbotix_tf_tools/environment/path.sh
[1.368s] -- Installing: /home/locobot/LoCoBotRos/interbotix_ws/install/interbotix_tf_tools/share/interbotix_tf_tools/environment/path.dsv
[1.368s] -- Up-to-date: /home/locobot/LoCoBotRos/interbotix_ws/install/interbotix_tf_tools/share/interbotix_tf_tools/local_setup.bash
[1.368s] -- Up-to-date: /home/locobot/LoCoBotRos/interbotix_ws/install/interbotix_tf_tools/share/interbotix_tf_tools/local_setup.sh
[1.368s] -- Up-to-date: /home/locobot/LoCoBotRos/interbotix_ws/install/interbotix_tf_tools/share/interbotix_tf_tools/local_setup.zsh
[1.368s] -- Installing: /home/locobot/LoCoBotRos/interbotix_ws/install/interbotix_tf_tools/share/interbotix_tf_tools/local_setup.dsv
[1.368s] -- Installing: /home/locobot/LoCoBotRos/interbotix_ws/install/interbotix_tf_tools/share/interbotix_tf_tools/package.dsv
[1.369s] -- Up-to-date: /home/locobot/LoCoBotRos/interbotix_ws/install/interbotix_tf_tools/share/ament_index/resource_index/packages/interbotix_tf_tools
[1.369s] -- Up-to-date: /home/locobot/LoCoBotRos/interbotix_ws/install/interbotix_tf_tools/share/ament_index/resource_index/rclcpp_components/interbotix_tf_tools
[1.370s] -- Up-to-date: /home/locobot/LoCoBotRos/interbotix_ws/install/interbotix_tf_tools/share/interbotix_tf_tools/cmake/interbotix_tf_toolsConfig.cmake
[1.370s] -- Up-to-date: /home/locobot/LoCoBotRos/interbotix_ws/install/interbotix_tf_tools/share/interbotix_tf_tools/cmake/interbotix_tf_toolsConfig-version.cmake
[1.370s] -- Up-to-date: /home/locobot/LoCoBotRos/interbotix_ws/install/interbotix_tf_tools/share/interbotix_tf_tools/package.xml
[1.403s] Invoked command in '/home/locobot/LoCoBotRos/interbotix_ws/build/interbotix_tf_tools' returned '0': CMAKE_PREFIX_PATH=${CMAKE_PREFIX_PATH}:/opt/ros/humble /usr/bin/cmake --install /home/locobot/LoCoBotRos/interbotix_ws/build/interbotix_tf_tools
