[0.369s] Invoking command in '/home/locobot/LoCoBotRos/interbotix_ws/build/ecl_eigen': CMAKE_PREFIX_PATH=${CMAKE_PREFIX_PATH}:/home/locobot/LoCoBotRos/interbotix_ws/install/moveit_configs_utils:/home/locobot/LoCoBotRos/interbotix_ws/install/launch_param_builder:/home/locobot/LoCoBotRos/interbotix_ws/install/interbotix_xs_modules:/home/locobot/LoCoBotRos/interbotix_ws/install/interbotix_common_modules:/opt/ros/humble /usr/bin/cmake --build /home/locobot/LoCoBotRos/interbotix_ws/build/ecl_eigen -- -j16 -l16
[0.820s] Invoked command in '/home/locobot/LoCoBotRos/interbotix_ws/build/ecl_eigen' returned '0': CMAKE_PREFIX_PATH=${CMAKE_PREFIX_PATH}:/home/locobot/LoCoBotRos/interbotix_ws/install/moveit_configs_utils:/home/locobot/LoCoBotRos/interbotix_ws/install/launch_param_builder:/home/locobot/LoCoBotRos/interbotix_ws/install/interbotix_xs_modules:/home/locobot/LoCoBotRos/interbotix_ws/install/interbotix_common_modules:/opt/ros/humble /usr/bin/cmake --build /home/locobot/LoCoBotRos/interbotix_ws/build/ecl_eigen -- -j16 -l16
[0.822s] Invoking command in '/home/locobot/LoCoBotRos/interbotix_ws/build/ecl_eigen': CMAKE_PREFIX_PATH=${CMAKE_PREFIX_PATH}:/home/locobot/LoCoBotRos/interbotix_ws/install/moveit_configs_utils:/home/locobot/LoCoBotRos/interbotix_ws/install/launch_param_builder:/home/locobot/LoCoBotRos/interbotix_ws/install/interbotix_xs_modules:/home/locobot/LoCoBotRos/interbotix_ws/install/interbotix_common_modules:/opt/ros/humble /usr/bin/cmake --install /home/locobot/LoCoBotRos/interbotix_ws/build/ecl_eigen
[0.909s] -- Install configuration: "Release"
[0.909s] -- Up-to-date: /home/locobot/LoCoBotRos/interbotix_ws/install/ecl_eigen/include/ecl/eigen.hpp
[0.909s] -- Up-to-date: /home/locobot/LoCoBotRos/interbotix_ws/install/ecl_eigen/share/ament_index/resource_index/package_run_dependencies/ecl_eigen
[0.909s] -- Up-to-date: /home/locobot/LoCoBotRos/interbotix_ws/install/ecl_eigen/share/ament_index/resource_index/parent_prefix_path/ecl_eigen
[0.910s] -- Up-to-date: /home/locobot/LoCoBotRos/interbotix_ws/install/ecl_eigen/share/ecl_eigen/environment/ament_prefix_path.sh
[0.910s] -- Up-to-date: /home/locobot/LoCoBotRos/interbotix_ws/install/ecl_eigen/share/ecl_eigen/environment/ament_prefix_path.dsv
[0.910s] -- Up-to-date: /home/locobot/LoCoBotRos/interbotix_ws/install/ecl_eigen/share/ecl_eigen/environment/path.sh
[0.910s] -- Up-to-date: /home/locobot/LoCoBotRos/interbotix_ws/install/ecl_eigen/share/ecl_eigen/environment/path.dsv
[0.910s] -- Up-to-date: /home/locobot/LoCoBotRos/interbotix_ws/install/ecl_eigen/share/ecl_eigen/local_setup.bash
[0.910s] -- Up-to-date: /home/locobot/LoCoBotRos/interbotix_ws/install/ecl_eigen/share/ecl_eigen/local_setup.sh
[0.910s] -- Up-to-date: /home/locobot/LoCoBotRos/interbotix_ws/install/ecl_eigen/share/ecl_eigen/local_setup.zsh
[0.910s] -- Up-to-date: /home/locobot/LoCoBotRos/interbotix_ws/install/ecl_eigen/share/ecl_eigen/local_setup.dsv
[0.910s] -- Up-to-date: /home/locobot/LoCoBotRos/interbotix_ws/install/ecl_eigen/share/ecl_eigen/package.dsv
[0.910s] -- Up-to-date: /home/locobot/LoCoBotRos/interbotix_ws/install/ecl_eigen/share/ament_index/resource_index/packages/ecl_eigen
[0.910s] -- Up-to-date: /home/locobot/LoCoBotRos/interbotix_ws/install/ecl_eigen/share/ecl_eigen/cmake/ecl_eigenExport.cmake
[0.911s] -- Up-to-date: /home/locobot/LoCoBotRos/interbotix_ws/install/ecl_eigen/share/ecl_eigen/cmake/ament_cmake_export_targets-extras.cmake
[0.911s] -- Up-to-date: /home/locobot/LoCoBotRos/interbotix_ws/install/ecl_eigen/share/ecl_eigen/cmake/ament_cmake_export_include_directories-extras.cmake
[0.911s] -- Up-to-date: /home/locobot/LoCoBotRos/interbotix_ws/install/ecl_eigen/share/ecl_eigen/cmake/ament_cmake_export_dependencies-extras.cmake
[0.911s] -- Up-to-date: /home/locobot/LoCoBotRos/interbotix_ws/install/ecl_eigen/share/ecl_eigen/cmake/ecl_eigenConfig.cmake
[0.911s] -- Up-to-date: /home/locobot/LoCoBotRos/interbotix_ws/install/ecl_eigen/share/ecl_eigen/cmake/ecl_eigenConfig-version.cmake
[0.911s] -- Up-to-date: /home/locobot/LoCoBotRos/interbotix_ws/install/ecl_eigen/share/ecl_eigen/package.xml
[0.911s] -- Up-to-date: /home/locobot/LoCoBotRos/interbotix_ws/install/ecl_eigen/share/licenses/eigen/COPYING.LESSER
[0.999s] Invoked command in '/home/locobot/LoCoBotRos/interbotix_ws/build/ecl_eigen' returned '0': CMAKE_PREFIX_PATH=${CMAKE_PREFIX_PATH}:/home/locobot/LoCoBotRos/interbotix_ws/install/moveit_configs_utils:/home/locobot/LoCoBotRos/interbotix_ws/install/launch_param_builder:/home/locobot/LoCoBotRos/interbotix_ws/install/interbotix_xs_modules:/home/locobot/LoCoBotRos/interbotix_ws/install/interbotix_common_modules:/opt/ros/humble /usr/bin/cmake --install /home/locobot/LoCoBotRos/interbotix_ws/build/ecl_eigen
