[0.854s] Invoking command in '/home/locobot/LoCoBotRos/interbotix_ws/src/interbotix_ros_toolboxes/interbotix_common_toolbox/interbotix_common_modules': PYTHONPATH=/home/locobot/LoCoBotRos/interbotix_ws/build/interbotix_common_modules/prefix_override:/usr/lib/python3/dist-packages/colcon_core/task/python/colcon_distutils_commands:/home/locobot/LoCoBotRos/interbotix_ws/install/interbotix_common_modules/lib/python3.10/site-packages:${PYTHONPATH} /usr/bin/python3 -W ignore:setup.py install is deprecated -W ignore:easy_install command is deprecated setup.py egg_info --egg-base ../../../../build/interbotix_common_modules build --build-base /home/locobot/LoCoBotRos/interbotix_ws/build/interbotix_common_modules/build install --record /home/locobot/LoCoBotRos/interbotix_ws/build/interbotix_common_modules/install.log --single-version-externally-managed install_data
[1.123s] running egg_info
[1.124s] creating ../../../../build/interbotix_common_modules/interbotix_common_modules.egg-info
[1.124s] writing ../../../../build/interbotix_common_modules/interbotix_common_modules.egg-info/PKG-INFO
[1.124s] writing dependency_links to ../../../../build/interbotix_common_modules/interbotix_common_modules.egg-info/dependency_links.txt
[1.124s] writing entry points to ../../../../build/interbotix_common_modules/interbotix_common_modules.egg-info/entry_points.txt
[1.125s] writing requirements to ../../../../build/interbotix_common_modules/interbotix_common_modules.egg-info/requires.txt
[1.125s] writing top-level names to ../../../../build/interbotix_common_modules/interbotix_common_modules.egg-info/top_level.txt
[1.125s] writing manifest file '../../../../build/interbotix_common_modules/interbotix_common_modules.egg-info/SOURCES.txt'
[1.128s] reading manifest file '../../../../build/interbotix_common_modules/interbotix_common_modules.egg-info/SOURCES.txt'
[1.128s] writing manifest file '../../../../build/interbotix_common_modules/interbotix_common_modules.egg-info/SOURCES.txt'
[1.128s] running build
[1.129s] running build_py
[1.129s] creating /home/locobot/LoCoBotRos/interbotix_ws/build/interbotix_common_modules/build
[1.129s] creating /home/locobot/LoCoBotRos/interbotix_ws/build/interbotix_common_modules/build/lib
[1.129s] creating /home/locobot/LoCoBotRos/interbotix_ws/build/interbotix_common_modules/build/lib/interbotix_common_modules
[1.129s] copying interbotix_common_modules/__init__.py -> /home/locobot/LoCoBotRos/interbotix_ws/build/interbotix_common_modules/build/lib/interbotix_common_modules
[1.129s] creating /home/locobot/LoCoBotRos/interbotix_ws/build/interbotix_common_modules/build/lib/interbotix_common_modules/launch
[1.129s] copying interbotix_common_modules/launch/__init__.py -> /home/locobot/LoCoBotRos/interbotix_ws/build/interbotix_common_modules/build/lib/interbotix_common_modules/launch
[1.130s] copying interbotix_common_modules/launch/or_condition.py -> /home/locobot/LoCoBotRos/interbotix_ws/build/interbotix_common_modules/build/lib/interbotix_common_modules/launch
[1.130s] copying interbotix_common_modules/launch/and_condition.py -> /home/locobot/LoCoBotRos/interbotix_ws/build/interbotix_common_modules/build/lib/interbotix_common_modules/launch
[1.131s] creating /home/locobot/LoCoBotRos/interbotix_ws/build/interbotix_common_modules/build/lib/interbotix_common_modules/common_robot
[1.131s] copying interbotix_common_modules/common_robot/exceptions.py -> /home/locobot/LoCoBotRos/interbotix_ws/build/interbotix_common_modules/build/lib/interbotix_common_modules/common_robot
[1.131s] copying interbotix_common_modules/common_robot/__init__.py -> /home/locobot/LoCoBotRos/interbotix_ws/build/interbotix_common_modules/build/lib/interbotix_common_modules/common_robot
[1.131s] copying interbotix_common_modules/common_robot/robot.py -> /home/locobot/LoCoBotRos/interbotix_ws/build/interbotix_common_modules/build/lib/interbotix_common_modules/common_robot
[1.132s] creating /home/locobot/LoCoBotRos/interbotix_ws/build/interbotix_common_modules/build/lib/interbotix_common_modules/py_common
[1.132s] copying interbotix_common_modules/py_common/params.py -> /home/locobot/LoCoBotRos/interbotix_ws/build/interbotix_common_modules/build/lib/interbotix_common_modules/py_common
[1.132s] copying interbotix_common_modules/py_common/__init__.py -> /home/locobot/LoCoBotRos/interbotix_ws/build/interbotix_common_modules/build/lib/interbotix_common_modules/py_common
[1.132s] creating /home/locobot/LoCoBotRos/interbotix_ws/build/interbotix_common_modules/build/lib/interbotix_common_modules/angle_manipulation
[1.132s] copying interbotix_common_modules/angle_manipulation/angle_manipulation.py -> /home/locobot/LoCoBotRos/interbotix_ws/build/interbotix_common_modules/build/lib/interbotix_common_modules/angle_manipulation
[1.133s] copying interbotix_common_modules/angle_manipulation/__init__.py -> /home/locobot/LoCoBotRos/interbotix_ws/build/interbotix_common_modules/build/lib/interbotix_common_modules/angle_manipulation
[1.133s] running install
[1.134s] running install_lib
[1.134s] creating /home/locobot/LoCoBotRos/interbotix_ws/install/interbotix_common_modules/lib/python3.10/site-packages/interbotix_common_modules
[1.135s] creating /home/locobot/LoCoBotRos/interbotix_ws/install/interbotix_common_modules/lib/python3.10/site-packages/interbotix_common_modules/launch
[1.135s] copying /home/locobot/LoCoBotRos/interbotix_ws/build/interbotix_common_modules/build/lib/interbotix_common_modules/launch/__init__.py -> /home/locobot/LoCoBotRos/interbotix_ws/install/interbotix_common_modules/lib/python3.10/site-packages/interbotix_common_modules/launch
[1.135s] copying /home/locobot/LoCoBotRos/interbotix_ws/build/interbotix_common_modules/build/lib/interbotix_common_modules/launch/or_condition.py -> /home/locobot/LoCoBotRos/interbotix_ws/install/interbotix_common_modules/lib/python3.10/site-packages/interbotix_common_modules/launch
[1.135s] copying /home/locobot/LoCoBotRos/interbotix_ws/build/interbotix_common_modules/build/lib/interbotix_common_modules/launch/and_condition.py -> /home/locobot/LoCoBotRos/interbotix_ws/install/interbotix_common_modules/lib/python3.10/site-packages/interbotix_common_modules/launch
[1.135s] creating /home/locobot/LoCoBotRos/interbotix_ws/install/interbotix_common_modules/lib/python3.10/site-packages/interbotix_common_modules/common_robot
[1.135s] copying /home/locobot/LoCoBotRos/interbotix_ws/build/interbotix_common_modules/build/lib/interbotix_common_modules/common_robot/exceptions.py -> /home/locobot/LoCoBotRos/interbotix_ws/install/interbotix_common_modules/lib/python3.10/site-packages/interbotix_common_modules/common_robot
[1.135s] copying /home/locobot/LoCoBotRos/interbotix_ws/build/interbotix_common_modules/build/lib/interbotix_common_modules/common_robot/__init__.py -> /home/locobot/LoCoBotRos/interbotix_ws/install/interbotix_common_modules/lib/python3.10/site-packages/interbotix_common_modules/common_robot
[1.135s] copying /home/locobot/LoCoBotRos/interbotix_ws/build/interbotix_common_modules/build/lib/interbotix_common_modules/common_robot/robot.py -> /home/locobot/LoCoBotRos/interbotix_ws/install/interbotix_common_modules/lib/python3.10/site-packages/interbotix_common_modules/common_robot
[1.135s] creating /home/locobot/LoCoBotRos/interbotix_ws/install/interbotix_common_modules/lib/python3.10/site-packages/interbotix_common_modules/py_common
[1.135s] copying /home/locobot/LoCoBotRos/interbotix_ws/build/interbotix_common_modules/build/lib/interbotix_common_modules/py_common/params.py -> /home/locobot/LoCoBotRos/interbotix_ws/install/interbotix_common_modules/lib/python3.10/site-packages/interbotix_common_modules/py_common
[1.135s] copying /home/locobot/LoCoBotRos/interbotix_ws/build/interbotix_common_modules/build/lib/interbotix_common_modules/py_common/__init__.py -> /home/locobot/LoCoBotRos/interbotix_ws/install/interbotix_common_modules/lib/python3.10/site-packages/interbotix_common_modules/py_common
[1.136s] copying /home/locobot/LoCoBotRos/interbotix_ws/build/interbotix_common_modules/build/lib/interbotix_common_modules/__init__.py -> /home/locobot/LoCoBotRos/interbotix_ws/install/interbotix_common_modules/lib/python3.10/site-packages/interbotix_common_modules
[1.136s] creating /home/locobot/LoCoBotRos/interbotix_ws/install/interbotix_common_modules/lib/python3.10/site-packages/interbotix_common_modules/angle_manipulation
[1.136s] copying /home/locobot/LoCoBotRos/interbotix_ws/build/interbotix_common_modules/build/lib/interbotix_common_modules/angle_manipulation/angle_manipulation.py -> /home/locobot/LoCoBotRos/interbotix_ws/install/interbotix_common_modules/lib/python3.10/site-packages/interbotix_common_modules/angle_manipulation
[1.136s] copying /home/locobot/LoCoBotRos/interbotix_ws/build/interbotix_common_modules/build/lib/interbotix_common_modules/angle_manipulation/__init__.py -> /home/locobot/LoCoBotRos/interbotix_ws/install/interbotix_common_modules/lib/python3.10/site-packages/interbotix_common_modules/angle_manipulation
[1.136s] byte-compiling /home/locobot/LoCoBotRos/interbotix_ws/install/interbotix_common_modules/lib/python3.10/site-packages/interbotix_common_modules/launch/__init__.py to __init__.cpython-310.pyc
[1.137s] byte-compiling /home/locobot/LoCoBotRos/interbotix_ws/install/interbotix_common_modules/lib/python3.10/site-packages/interbotix_common_modules/launch/or_condition.py to or_condition.cpython-310.pyc
[1.137s] byte-compiling /home/locobot/LoCoBotRos/interbotix_ws/install/interbotix_common_modules/lib/python3.10/site-packages/interbotix_common_modules/launch/and_condition.py to and_condition.cpython-310.pyc
[1.137s] byte-compiling /home/locobot/LoCoBotRos/interbotix_ws/install/interbotix_common_modules/lib/python3.10/site-packages/interbotix_common_modules/common_robot/exceptions.py to exceptions.cpython-310.pyc
[1.138s] byte-compiling /home/locobot/LoCoBotRos/interbotix_ws/install/interbotix_common_modules/lib/python3.10/site-packages/interbotix_common_modules/common_robot/__init__.py to __init__.cpython-310.pyc
[1.138s] byte-compiling /home/locobot/LoCoBotRos/interbotix_ws/install/interbotix_common_modules/lib/python3.10/site-packages/interbotix_common_modules/common_robot/robot.py to robot.cpython-310.pyc
[1.139s] byte-compiling /home/locobot/LoCoBotRos/interbotix_ws/install/interbotix_common_modules/lib/python3.10/site-packages/interbotix_common_modules/py_common/params.py to params.cpython-310.pyc
[1.139s] byte-compiling /home/locobot/LoCoBotRos/interbotix_ws/install/interbotix_common_modules/lib/python3.10/site-packages/interbotix_common_modules/py_common/__init__.py to __init__.cpython-310.pyc
[1.139s] byte-compiling /home/locobot/LoCoBotRos/interbotix_ws/install/interbotix_common_modules/lib/python3.10/site-packages/interbotix_common_modules/__init__.py to __init__.cpython-310.pyc
[1.139s] byte-compiling /home/locobot/LoCoBotRos/interbotix_ws/install/interbotix_common_modules/lib/python3.10/site-packages/interbotix_common_modules/angle_manipulation/angle_manipulation.py to angle_manipulation.cpython-310.pyc
[1.140s] byte-compiling /home/locobot/LoCoBotRos/interbotix_ws/install/interbotix_common_modules/lib/python3.10/site-packages/interbotix_common_modules/angle_manipulation/__init__.py to __init__.cpython-310.pyc
[1.140s] running install_data
[1.140s] creating /home/locobot/LoCoBotRos/interbotix_ws/install/interbotix_common_modules/share/ament_index
[1.140s] creating /home/locobot/LoCoBotRos/interbotix_ws/install/interbotix_common_modules/share/ament_index/resource_index
[1.140s] creating /home/locobot/LoCoBotRos/interbotix_ws/install/interbotix_common_modules/share/ament_index/resource_index/packages
[1.140s] copying resource/interbotix_common_modules -> /home/locobot/LoCoBotRos/interbotix_ws/install/interbotix_common_modules/share/ament_index/resource_index/packages
[1.140s] copying package.xml -> /home/locobot/LoCoBotRos/interbotix_ws/install/interbotix_common_modules/share/interbotix_common_modules
[1.141s] running install_egg_info
[1.143s] Copying ../../../../build/interbotix_common_modules/interbotix_common_modules.egg-info to /home/locobot/LoCoBotRos/interbotix_ws/install/interbotix_common_modules/lib/python3.10/site-packages/interbotix_common_modules-0.0.0-py3.10.egg-info
[1.144s] running install_scripts
[1.170s] writing list of installed files to '/home/locobot/LoCoBotRos/interbotix_ws/build/interbotix_common_modules/install.log'
[1.238s] Invoked command in '/home/locobot/LoCoBotRos/interbotix_ws/src/interbotix_ros_toolboxes/interbotix_common_toolbox/interbotix_common_modules' returned '0': PYTHONPATH=/home/locobot/LoCoBotRos/interbotix_ws/build/interbotix_common_modules/prefix_override:/usr/lib/python3/dist-packages/colcon_core/task/python/colcon_distutils_commands:/home/locobot/LoCoBotRos/interbotix_ws/install/interbotix_common_modules/lib/python3.10/site-packages:${PYTHONPATH} /usr/bin/python3 -W ignore:setup.py install is deprecated -W ignore:easy_install command is deprecated setup.py egg_info --egg-base ../../../../build/interbotix_common_modules build --build-base /home/locobot/LoCoBotRos/interbotix_ws/build/interbotix_common_modules/build install --record /home/locobot/LoCoBotRos/interbotix_ws/build/interbotix_common_modules/install.log --single-version-externally-managed install_data
