[0.007s] Invoking command in '/home/locobot/LoCoBotRos/interbotix_ws/build/ecl_exceptions': AMENT_PREFIX_PATH=/home/locobot/LoCoBotRos/interbotix_ws/install/ecl_errors:/home/locobot/LoCoBotRos/interbotix_ws/install/ecl_config:${AMENT_PREFIX_PATH} CMAKE_PREFIX_PATH=/home/locobot/LoCoBotRos/interbotix_ws/install/ecl_errors:/home/locobot/LoCoBotRos/interbotix_ws/install/ecl_config:/home/locobot/apriltag_ws/install/apriltag_ros:/opt/ros/humble LD_LIBRARY_PATH=/home/locobot/LoCoBotRos/interbotix_ws/install/ecl_errors/lib:${LD_LIBRARY_PATH} PATH=/home/locobot/LoCoBotRos/interbotix_ws/install/ecl_config/bin:${PATH} /usr/bin/cmake /home/locobot/LoCoBotRos/interbotix_ws/src/ecl_core/ecl_exceptions -DCMAKE_BUILD_TYPE=Release -DCMAKE_INSTALL_PREFIX=/home/locobot/LoCoBotRos/interbotix_ws/install/ecl_exceptions
[0.016s] -- Found ament_cmake_ros: 0.10.0 (/opt/ros/humble/share/ament_cmake_ros/cmake)
[0.109s] -- Found ecl_build: 1.0.3 (/opt/ros/humble/share/ecl_build/cmake)
[0.113s] -- Found ecl_config: 1.2.0 (/home/locobot/LoCoBotRos/interbotix_ws/install/ecl_config/share/ecl_config/cmake)
[0.114s] -- Found ecl_errors: 1.2.0 (/home/locobot/LoCoBotRos/interbotix_ws/install/ecl_errors/share/ecl_errors/cmake)
[0.166s] -- Configuring done
[0.175s] -- Generating done
[0.179s] -- Build files have been written to: /home/locobot/LoCoBotRos/interbotix_ws/build/ecl_exceptions
[0.182s] Invoked command in '/home/locobot/LoCoBotRos/interbotix_ws/build/ecl_exceptions' returned '0': AMENT_PREFIX_PATH=/home/locobot/LoCoBotRos/interbotix_ws/install/ecl_errors:/home/locobot/LoCoBotRos/interbotix_ws/install/ecl_config:${AMENT_PREFIX_PATH} CMAKE_PREFIX_PATH=/home/locobot/LoCoBotRos/interbotix_ws/install/ecl_errors:/home/locobot/LoCoBotRos/interbotix_ws/install/ecl_config:/home/locobot/apriltag_ws/install/apriltag_ros:/opt/ros/humble LD_LIBRARY_PATH=/home/locobot/LoCoBotRos/interbotix_ws/install/ecl_errors/lib:${LD_LIBRARY_PATH} PATH=/home/locobot/LoCoBotRos/interbotix_ws/install/ecl_config/bin:${PATH} /usr/bin/cmake /home/locobot/LoCoBotRos/interbotix_ws/src/ecl_core/ecl_exceptions -DCMAKE_BUILD_TYPE=Release -DCMAKE_INSTALL_PREFIX=/home/locobot/LoCoBotRos/interbotix_ws/install/ecl_exceptions
[0.183s] Invoking command in '/home/locobot/LoCoBotRos/interbotix_ws/build/ecl_exceptions': AMENT_PREFIX_PATH=/home/locobot/LoCoBotRos/interbotix_ws/install/ecl_errors:/home/locobot/LoCoBotRos/interbotix_ws/install/ecl_config:${AMENT_PREFIX_PATH} CMAKE_PREFIX_PATH=/home/locobot/LoCoBotRos/interbotix_ws/install/ecl_errors:/home/locobot/LoCoBotRos/interbotix_ws/install/ecl_config:/home/locobot/apriltag_ws/install/apriltag_ros:/opt/ros/humble LD_LIBRARY_PATH=/home/locobot/LoCoBotRos/interbotix_ws/install/ecl_errors/lib:${LD_LIBRARY_PATH} PATH=/home/locobot/LoCoBotRos/interbotix_ws/install/ecl_config/bin:${PATH} /usr/bin/cmake --build /home/locobot/LoCoBotRos/interbotix_ws/build/ecl_exceptions -- -j16 -l16
[0.209s] [35m[1mConsolidate compiler generated dependencies of target ecl_exceptions[0m
[0.217s] [ 16%] [32mBuilding CXX object src/lib/CMakeFiles/ecl_exceptions.dir/standard_exception.cpp.o[0m
[0.525s] [ 33%] [32m[1mLinking CXX shared library libecl_exceptions.so[0m
[0.587s] [ 33%] Built target ecl_exceptions
[0.594s] [35m[1mConsolidate compiler generated dependencies of target ecl_demo_exceptions[0m
[0.594s] [35m[1mConsolidate compiler generated dependencies of target ecl_demo_exception_tracer[0m
[0.605s] [ 66%] [32mBuilding CXX object src/examples/CMakeFiles/ecl_demo_exceptions.dir/exceptions.cpp.o[0m
[0.605s] [ 66%] [32mBuilding CXX object src/examples/CMakeFiles/ecl_demo_exception_tracer.dir/exception_tracer.cpp.o[0m
[0.804s] [ 83%] [32m[1mLinking CXX executable demo_exception_tracer[0m
[0.863s] [ 83%] Built target ecl_demo_exception_tracer
[0.993s] [100%] [32m[1mLinking CXX executable demo_exceptions[0m
[1.044s] [100%] Built target ecl_demo_exceptions
[1.052s] Invoked command in '/home/locobot/LoCoBotRos/interbotix_ws/build/ecl_exceptions' returned '0': AMENT_PREFIX_PATH=/home/locobot/LoCoBotRos/interbotix_ws/install/ecl_errors:/home/locobot/LoCoBotRos/interbotix_ws/install/ecl_config:${AMENT_PREFIX_PATH} CMAKE_PREFIX_PATH=/home/locobot/LoCoBotRos/interbotix_ws/install/ecl_errors:/home/locobot/LoCoBotRos/interbotix_ws/install/ecl_config:/home/locobot/apriltag_ws/install/apriltag_ros:/opt/ros/humble LD_LIBRARY_PATH=/home/locobot/LoCoBotRos/interbotix_ws/install/ecl_errors/lib:${LD_LIBRARY_PATH} PATH=/home/locobot/LoCoBotRos/interbotix_ws/install/ecl_config/bin:${PATH} /usr/bin/cmake --build /home/locobot/LoCoBotRos/interbotix_ws/build/ecl_exceptions -- -j16 -l16
[1.053s] Invoking command in '/home/locobot/LoCoBotRos/interbotix_ws/build/ecl_exceptions': AMENT_PREFIX_PATH=/home/locobot/LoCoBotRos/interbotix_ws/install/ecl_errors:/home/locobot/LoCoBotRos/interbotix_ws/install/ecl_config:${AMENT_PREFIX_PATH} CMAKE_PREFIX_PATH=/home/locobot/LoCoBotRos/interbotix_ws/install/ecl_errors:/home/locobot/LoCoBotRos/interbotix_ws/install/ecl_config:/home/locobot/apriltag_ws/install/apriltag_ros:/opt/ros/humble LD_LIBRARY_PATH=/home/locobot/LoCoBotRos/interbotix_ws/install/ecl_errors/lib:${LD_LIBRARY_PATH} PATH=/home/locobot/LoCoBotRos/interbotix_ws/install/ecl_config/bin:${PATH} /usr/bin/cmake --install /home/locobot/LoCoBotRos/interbotix_ws/build/ecl_exceptions
[1.058s] -- Install configuration: "Release"
[1.058s] -- Up-to-date: /home/locobot/LoCoBotRos/interbotix_ws/install/ecl_exceptions/share/ecl_exceptions/environment/library_path.sh
[1.058s] -- Installing: /home/locobot/LoCoBotRos/interbotix_ws/install/ecl_exceptions/share/ecl_exceptions/environment/library_path.dsv
[1.058s] -- Up-to-date: /home/locobot/LoCoBotRos/interbotix_ws/install/ecl_exceptions/share/ament_index/resource_index/package_run_dependencies/ecl_exceptions
[1.058s] -- Up-to-date: /home/locobot/LoCoBotRos/interbotix_ws/install/ecl_exceptions/share/ament_index/resource_index/parent_prefix_path/ecl_exceptions
[1.058s] -- Up-to-date: /home/locobot/LoCoBotRos/interbotix_ws/install/ecl_exceptions/share/ecl_exceptions/environment/ament_prefix_path.sh
[1.058s] -- Installing: /home/locobot/LoCoBotRos/interbotix_ws/install/ecl_exceptions/share/ecl_exceptions/environment/ament_prefix_path.dsv
[1.058s] -- Up-to-date: /home/locobot/LoCoBotRos/interbotix_ws/install/ecl_exceptions/share/ecl_exceptions/environment/path.sh
[1.059s] -- Installing: /home/locobot/LoCoBotRos/interbotix_ws/install/ecl_exceptions/share/ecl_exceptions/environment/path.dsv
[1.059s] -- Up-to-date: /home/locobot/LoCoBotRos/interbotix_ws/install/ecl_exceptions/share/ecl_exceptions/local_setup.bash
[1.059s] -- Up-to-date: /home/locobot/LoCoBotRos/interbotix_ws/install/ecl_exceptions/share/ecl_exceptions/local_setup.sh
[1.059s] -- Up-to-date: /home/locobot/LoCoBotRos/interbotix_ws/install/ecl_exceptions/share/ecl_exceptions/local_setup.zsh
[1.059s] -- Installing: /home/locobot/LoCoBotRos/interbotix_ws/install/ecl_exceptions/share/ecl_exceptions/local_setup.dsv
[1.059s] -- Installing: /home/locobot/LoCoBotRos/interbotix_ws/install/ecl_exceptions/share/ecl_exceptions/package.dsv
[1.059s] -- Up-to-date: /home/locobot/LoCoBotRos/interbotix_ws/install/ecl_exceptions/share/ament_index/resource_index/packages/ecl_exceptions
[1.059s] -- Up-to-date: /home/locobot/LoCoBotRos/interbotix_ws/install/ecl_exceptions/share/ecl_exceptions/cmake/ecl_exceptionsExport.cmake
[1.059s] -- Installing: /home/locobot/LoCoBotRos/interbotix_ws/install/ecl_exceptions/share/ecl_exceptions/cmake/ecl_exceptionsExport-release.cmake
[1.059s] -- Up-to-date: /home/locobot/LoCoBotRos/interbotix_ws/install/ecl_exceptions/share/ecl_exceptions/cmake/ament_cmake_export_targets-extras.cmake
[1.060s] -- Up-to-date: /home/locobot/LoCoBotRos/interbotix_ws/install/ecl_exceptions/share/ecl_exceptions/cmake/ament_cmake_export_include_directories-extras.cmake
[1.060s] -- Up-to-date: /home/locobot/LoCoBotRos/interbotix_ws/install/ecl_exceptions/share/ecl_exceptions/cmake/ament_cmake_export_libraries-extras.cmake
[1.060s] -- Up-to-date: /home/locobot/LoCoBotRos/interbotix_ws/install/ecl_exceptions/share/ecl_exceptions/cmake/ament_cmake_export_dependencies-extras.cmake
[1.060s] -- Up-to-date: /home/locobot/LoCoBotRos/interbotix_ws/install/ecl_exceptions/share/ecl_exceptions/cmake/ecl_exceptionsConfig.cmake
[1.060s] -- Up-to-date: /home/locobot/LoCoBotRos/interbotix_ws/install/ecl_exceptions/share/ecl_exceptions/cmake/ecl_exceptionsConfig-version.cmake
[1.060s] -- Up-to-date: /home/locobot/LoCoBotRos/interbotix_ws/install/ecl_exceptions/share/ecl_exceptions/package.xml
[1.060s] -- Up-to-date: /home/locobot/LoCoBotRos/interbotix_ws/install/ecl_exceptions/include/ecl/exceptions.hpp
[1.060s] -- Up-to-date: /home/locobot/LoCoBotRos/interbotix_ws/install/ecl_exceptions/include/ecl/exceptions/data_exception.hpp
[1.060s] -- Up-to-date: /home/locobot/LoCoBotRos/interbotix_ws/install/ecl_exceptions/include/ecl/exceptions/exception.hpp
[1.060s] -- Up-to-date: /home/locobot/LoCoBotRos/interbotix_ws/install/ecl_exceptions/include/ecl/exceptions/macros.hpp
[1.061s] -- Up-to-date: /home/locobot/LoCoBotRos/interbotix_ws/install/ecl_exceptions/include/ecl/exceptions/posix_error_handler.hpp
[1.061s] -- Up-to-date: /home/locobot/LoCoBotRos/interbotix_ws/install/ecl_exceptions/include/ecl/exceptions/standard_exception.hpp
[1.061s] -- Installing: /home/locobot/LoCoBotRos/interbotix_ws/install/ecl_exceptions/lib/libecl_exceptions.so.1.2.1
[1.061s] -- Set runtime path of "/home/locobot/LoCoBotRos/interbotix_ws/install/ecl_exceptions/lib/libecl_exceptions.so.1.2.1" to ""
[1.061s] -- Up-to-date: /home/locobot/LoCoBotRos/interbotix_ws/install/ecl_exceptions/lib/libecl_exceptions.so
[1.061s] -- Installing: /home/locobot/LoCoBotRos/interbotix_ws/install/ecl_exceptions/lib/ecl_exceptions/demo_exceptions
[1.061s] -- Set runtime path of "/home/locobot/LoCoBotRos/interbotix_ws/install/ecl_exceptions/lib/ecl_exceptions/demo_exceptions" to ""
[1.061s] -- Installing: /home/locobot/LoCoBotRos/interbotix_ws/install/ecl_exceptions/lib/ecl_exceptions/demo_exception_tracer
[1.061s] -- Set runtime path of "/home/locobot/LoCoBotRos/interbotix_ws/install/ecl_exceptions/lib/ecl_exceptions/demo_exception_tracer" to ""
[1.063s] Invoked command in '/home/locobot/LoCoBotRos/interbotix_ws/build/ecl_exceptions' returned '0': AMENT_PREFIX_PATH=/home/locobot/LoCoBotRos/interbotix_ws/install/ecl_errors:/home/locobot/LoCoBotRos/interbotix_ws/install/ecl_config:${AMENT_PREFIX_PATH} CMAKE_PREFIX_PATH=/home/locobot/LoCoBotRos/interbotix_ws/install/ecl_errors:/home/locobot/LoCoBotRos/interbotix_ws/install/ecl_config:/home/locobot/apriltag_ws/install/apriltag_ros:/opt/ros/humble LD_LIBRARY_PATH=/home/locobot/LoCoBotRos/interbotix_ws/install/ecl_errors/lib:${LD_LIBRARY_PATH} PATH=/home/locobot/LoCoBotRos/interbotix_ws/install/ecl_config/bin:${PATH} /usr/bin/cmake --install /home/locobot/LoCoBotRos/interbotix_ws/build/ecl_exceptions
