-- Found ament_cmake_ros: 0.10.0 (/opt/ros/humble/share/ament_cmake_ros/cmake)
-- Found ecl_build: 1.0.3 (/opt/ros/humble/share/ecl_build/cmake)
-- Found ecl_config: 1.2.0 (/home/locobot/LoCoBotRos/interbotix_ws/install/ecl_config/share/ecl_config/cmake)
-- Found ecl_errors: 1.2.0 (/home/locobot/LoCoBotRos/interbotix_ws/install/ecl_errors/share/ecl_errors/cmake)
-- Found ecl_time_lite: 1.2.0 (/home/locobot/LoCoBotRos/interbotix_ws/install/ecl_time_lite/share/ecl_time_lite/cmake)
-- Found ecl_exceptions: 1.2.1 (/home/locobot/LoCoBotRos/interbotix_ws/install/ecl_exceptions/share/ecl_exceptions/cmake)
-- Found ecl_threads: 1.2.1 (/home/locobot/LoCoBotRos/interbotix_ws/install/ecl_threads/share/ecl_threads/cmake)
-- Found ament_lint_auto: 0.12.12 (/opt/ros/humble/share/ament_lint_auto/cmake)
-- Found gtest sources under '/opt/ros/humble/src/gtest_vendor': C++ tests using 'Google Test' will be built
-- Configuring done
-- Generating done
-- Build files have been written to: /home/locobot/LoCoBotRos/interbotix_ws/build/ecl_ipc
[35m[1mConsolidate compiler generated dependencies of target gtest_main[0m
[35m[1mConsolidate compiler generated dependencies of target gtest[0m
[35m[1mConsolidate compiler generated dependencies of target ecl_ipc[0m
[  7%] [32mBuilding CXX object src/lib/CMakeFiles/ecl_ipc.dir/semaphore_pos.cpp.o[0m
[ 23%] [32mBuilding CXX object gtest/CMakeFiles/gtest.dir/src/gtest-all.cc.o[0m
[ 23%] [32mBuilding CXX object src/lib/CMakeFiles/ecl_ipc.dir/shared_memory_pos.cpp.o[0m
[ 30%] [32mBuilding CXX object gtest/CMakeFiles/gtest_main.dir/src/gtest_main.cc.o[0m
[ 38%] [32m[1mLinking CXX shared library libecl_ipc.so[0m
[ 38%] Built target ecl_ipc
[ 46%] [32m[1mLinking CXX static library libgtest_main.a[0m
[ 46%] Built target gtest_main
[ 53%] [32m[1mLinking CXX static library libgtest.a[0m
[ 53%] Built target gtest
[35m[1mConsolidate compiler generated dependencies of target ecl_test_shared_memory[0m
[35m[1mConsolidate compiler generated dependencies of target ecl_test_semaphores_timed[0m
[35m[1mConsolidate compiler generated dependencies of target ecl_test_semaphores[0m
[ 69%] [32mBuilding CXX object src/test/CMakeFiles/ecl_test_shared_memory.dir/shared_memory.cpp.o[0m
[ 69%] [32mBuilding CXX object src/test/CMakeFiles/ecl_test_semaphores.dir/semaphores.cpp.o[0m
[ 76%] [32mBuilding CXX object src/test/CMakeFiles/ecl_test_semaphores_timed.dir/semaphores_timed.cpp.o[0m
[ 84%] [32m[1mLinking CXX executable ecl_test_shared_memory[0m
[ 92%] [32m[1mLinking CXX executable ecl_test_semaphores_timed[0m
[100%] [32m[1mLinking CXX executable ecl_test_semaphores[0m
[100%] Built target ecl_test_shared_memory
[100%] Built target ecl_test_semaphores_timed
[100%] Built target ecl_test_semaphores
-- Install configuration: "Release"
-- Up-to-date: /home/locobot/LoCoBotRos/interbotix_ws/install/ecl_ipc/share/ecl_ipc/environment/library_path.sh
-- Installing: /home/locobot/LoCoBotRos/interbotix_ws/install/ecl_ipc/share/ecl_ipc/environment/library_path.dsv
-- Up-to-date: /home/locobot/LoCoBotRos/interbotix_ws/install/ecl_ipc/share/ament_index/resource_index/package_run_dependencies/ecl_ipc
-- Installing: /home/locobot/LoCoBotRos/interbotix_ws/install/ecl_ipc/share/ament_index/resource_index/parent_prefix_path/ecl_ipc
-- Up-to-date: /home/locobot/LoCoBotRos/interbotix_ws/install/ecl_ipc/share/ecl_ipc/environment/ament_prefix_path.sh
-- Installing: /home/locobot/LoCoBotRos/interbotix_ws/install/ecl_ipc/share/ecl_ipc/environment/ament_prefix_path.dsv
-- Up-to-date: /home/locobot/LoCoBotRos/interbotix_ws/install/ecl_ipc/share/ecl_ipc/environment/path.sh
-- Installing: /home/locobot/LoCoBotRos/interbotix_ws/install/ecl_ipc/share/ecl_ipc/environment/path.dsv
-- Up-to-date: /home/locobot/LoCoBotRos/interbotix_ws/install/ecl_ipc/share/ecl_ipc/local_setup.bash
-- Up-to-date: /home/locobot/LoCoBotRos/interbotix_ws/install/ecl_ipc/share/ecl_ipc/local_setup.sh
-- Up-to-date: /home/locobot/LoCoBotRos/interbotix_ws/install/ecl_ipc/share/ecl_ipc/local_setup.zsh
-- Installing: /home/locobot/LoCoBotRos/interbotix_ws/install/ecl_ipc/share/ecl_ipc/local_setup.dsv
-- Installing: /home/locobot/LoCoBotRos/interbotix_ws/install/ecl_ipc/share/ecl_ipc/package.dsv
-- Up-to-date: /home/locobot/LoCoBotRos/interbotix_ws/install/ecl_ipc/share/ament_index/resource_index/packages/ecl_ipc
-- Up-to-date: /home/locobot/LoCoBotRos/interbotix_ws/install/ecl_ipc/share/ecl_ipc/cmake/ecl_ipcExport.cmake
-- Installing: /home/locobot/LoCoBotRos/interbotix_ws/install/ecl_ipc/share/ecl_ipc/cmake/ecl_ipcExport-release.cmake
-- Up-to-date: /home/locobot/LoCoBotRos/interbotix_ws/install/ecl_ipc/share/ecl_ipc/cmake/ament_cmake_export_targets-extras.cmake
-- Up-to-date: /home/locobot/LoCoBotRos/interbotix_ws/install/ecl_ipc/share/ecl_ipc/cmake/ament_cmake_export_include_directories-extras.cmake
-- Up-to-date: /home/locobot/LoCoBotRos/interbotix_ws/install/ecl_ipc/share/ecl_ipc/cmake/ament_cmake_export_libraries-extras.cmake
-- Up-to-date: /home/locobot/LoCoBotRos/interbotix_ws/install/ecl_ipc/share/ecl_ipc/cmake/ament_cmake_export_dependencies-extras.cmake
-- Up-to-date: /home/locobot/LoCoBotRos/interbotix_ws/install/ecl_ipc/share/ecl_ipc/cmake/ecl_ipcConfig.cmake
-- Up-to-date: /home/locobot/LoCoBotRos/interbotix_ws/install/ecl_ipc/share/ecl_ipc/cmake/ecl_ipcConfig-version.cmake
-- Up-to-date: /home/locobot/LoCoBotRos/interbotix_ws/install/ecl_ipc/share/ecl_ipc/package.xml
-- Up-to-date: /home/locobot/LoCoBotRos/interbotix_ws/install/ecl_ipc/include/ecl/ipc.hpp
-- Up-to-date: /home/locobot/LoCoBotRos/interbotix_ws/install/ecl_ipc/include/ecl/ipc/semaphore.hpp
-- Up-to-date: /home/locobot/LoCoBotRos/interbotix_ws/install/ecl_ipc/include/ecl/ipc/semaphore_pos.hpp
-- Up-to-date: /home/locobot/LoCoBotRos/interbotix_ws/install/ecl_ipc/include/ecl/ipc/shared_memory.hpp
-- Up-to-date: /home/locobot/LoCoBotRos/interbotix_ws/install/ecl_ipc/include/ecl/ipc/shared_memory_pos.hpp
-- Installing: /home/locobot/LoCoBotRos/interbotix_ws/install/ecl_ipc/lib/libecl_ipc.so.1.2.1
-- Set runtime path of "/home/locobot/LoCoBotRos/interbotix_ws/install/ecl_ipc/lib/libecl_ipc.so.1.2.1" to ""
-- Up-to-date: /home/locobot/LoCoBotRos/interbotix_ws/install/ecl_ipc/lib/libecl_ipc.so
