[0.041s] Invoking command in '/home/locobot/LoCoBotRos/interbotix_ws/build/srdfdom': CMAKE_PREFIX_PATH=${CMAKE_PREFIX_PATH}:/home/locobot/LoCoBotRos/interbotix_ws/install/moveit_configs_utils:/home/locobot/LoCoBotRos/interbotix_ws/install/launch_param_builder:/home/locobot/LoCoBotRos/interbotix_ws/install/interbotix_xs_modules:/home/locobot/LoCoBotRos/interbotix_ws/install/interbotix_common_modules:/opt/ros/humble /usr/bin/cmake --build /home/locobot/LoCoBotRos/interbotix_ws/build/srdfdom -- -j16 -l16
[0.119s] [ 27%] Built target srdfdom
[0.129s] [ 45%] Built target gtest_main
[0.142s] [ 63%] Built target gtest
[0.156s] [ 63%] Built target ament_cmake_python_copy_srdfdom
[0.156s] [ 81%] Built target test_cpp_C
[0.157s] [100%] Built target test_cpp_nl_NL.UTF-8
[0.371s] running egg_info
[0.372s] writing srdfdom.egg-info/PKG-INFO
[0.373s] writing dependency_links to srdfdom.egg-info/dependency_links.txt
[0.373s] writing top-level names to srdfdom.egg-info/top_level.txt
[0.377s] reading manifest file 'srdfdom.egg-info/SOURCES.txt'
[0.378s] writing manifest file 'srdfdom.egg-info/SOURCES.txt'
[0.419s] [100%] Built target ament_cmake_python_build_srdfdom_egg
[0.495s] Invoked command in '/home/locobot/LoCoBotRos/interbotix_ws/build/srdfdom' returned '0': CMAKE_PREFIX_PATH=${CMAKE_PREFIX_PATH}:/home/locobot/LoCoBotRos/interbotix_ws/install/moveit_configs_utils:/home/locobot/LoCoBotRos/interbotix_ws/install/launch_param_builder:/home/locobot/LoCoBotRos/interbotix_ws/install/interbotix_xs_modules:/home/locobot/LoCoBotRos/interbotix_ws/install/interbotix_common_modules:/opt/ros/humble /usr/bin/cmake --build /home/locobot/LoCoBotRos/interbotix_ws/build/srdfdom -- -j16 -l16
[0.497s] Invoking command in '/home/locobot/LoCoBotRos/interbotix_ws/build/srdfdom': CMAKE_PREFIX_PATH=${CMAKE_PREFIX_PATH}:/home/locobot/LoCoBotRos/interbotix_ws/install/moveit_configs_utils:/home/locobot/LoCoBotRos/interbotix_ws/install/launch_param_builder:/home/locobot/LoCoBotRos/interbotix_ws/install/interbotix_xs_modules:/home/locobot/LoCoBotRos/interbotix_ws/install/interbotix_common_modules:/opt/ros/humble /usr/bin/cmake --install /home/locobot/LoCoBotRos/interbotix_ws/build/srdfdom
[0.512s] -- Install configuration: "Release"
[0.512s] -- Up-to-date: /home/locobot/LoCoBotRos/interbotix_ws/install/srdfdom/lib/libsrdfdom.so.2.0.8
[0.512s] -- Up-to-date: /home/locobot/LoCoBotRos/interbotix_ws/install/srdfdom/lib/libsrdfdom.so
[0.512s] -- Up-to-date: /home/locobot/LoCoBotRos/interbotix_ws/install/srdfdom/include/srdfdom
[0.512s] -- Up-to-date: /home/locobot/LoCoBotRos/interbotix_ws/install/srdfdom/include/srdfdom/srdfdom
[0.513s] -- Up-to-date: /home/locobot/LoCoBotRos/interbotix_ws/install/srdfdom/include/srdfdom/srdfdom/srdf_writer.h
[0.513s] -- Up-to-date: /home/locobot/LoCoBotRos/interbotix_ws/install/srdfdom/include/srdfdom/srdfdom/visibility_control.h
[0.513s] -- Up-to-date: /home/locobot/LoCoBotRos/interbotix_ws/install/srdfdom/include/srdfdom/srdfdom/model.h
[0.513s] -- Up-to-date: /home/locobot/LoCoBotRos/interbotix_ws/install/srdfdom/lib/srdfdom/display_srdf
[0.513s] -- Up-to-date: /home/locobot/LoCoBotRos/interbotix_ws/install/srdfdom/share/srdfdom/environment/pythonpath.sh
[0.513s] -- Up-to-date: /home/locobot/LoCoBotRos/interbotix_ws/install/srdfdom/share/srdfdom/environment/pythonpath.dsv
[0.513s] -- Up-to-date: /home/locobot/LoCoBotRos/interbotix_ws/install/srdfdom/local/lib/python3.10/dist-packages/srdfdom-2.0.8-py3.10.egg-info
[0.513s] -- Installing: /home/locobot/LoCoBotRos/interbotix_ws/install/srdfdom/local/lib/python3.10/dist-packages/srdfdom-2.0.8-py3.10.egg-info/dependency_links.txt
[0.514s] -- Installing: /home/locobot/LoCoBotRos/interbotix_ws/install/srdfdom/local/lib/python3.10/dist-packages/srdfdom-2.0.8-py3.10.egg-info/PKG-INFO
[0.514s] -- Installing: /home/locobot/LoCoBotRos/interbotix_ws/install/srdfdom/local/lib/python3.10/dist-packages/srdfdom-2.0.8-py3.10.egg-info/SOURCES.txt
[0.514s] -- Installing: /home/locobot/LoCoBotRos/interbotix_ws/install/srdfdom/local/lib/python3.10/dist-packages/srdfdom-2.0.8-py3.10.egg-info/top_level.txt
[0.514s] -- Up-to-date: /home/locobot/LoCoBotRos/interbotix_ws/install/srdfdom/local/lib/python3.10/dist-packages/srdfdom
[0.514s] -- Up-to-date: /home/locobot/LoCoBotRos/interbotix_ws/install/srdfdom/local/lib/python3.10/dist-packages/srdfdom/srdf.py
[0.514s] -- Up-to-date: /home/locobot/LoCoBotRos/interbotix_ws/install/srdfdom/local/lib/python3.10/dist-packages/srdfdom/__init__.py
[0.542s] Listing '/home/locobot/LoCoBotRos/interbotix_ws/install/srdfdom/local/lib/python3.10/dist-packages/srdfdom'...
[0.549s] -- Up-to-date: /home/locobot/LoCoBotRos/interbotix_ws/install/srdfdom/share/srdfdom/environment/library_path.sh
[0.549s] -- Up-to-date: /home/locobot/LoCoBotRos/interbotix_ws/install/srdfdom/share/srdfdom/environment/library_path.dsv
[0.549s] -- Up-to-date: /home/locobot/LoCoBotRos/interbotix_ws/install/srdfdom/share/ament_index/resource_index/package_run_dependencies/srdfdom
[0.549s] -- Up-to-date: /home/locobot/LoCoBotRos/interbotix_ws/install/srdfdom/share/ament_index/resource_index/parent_prefix_path/srdfdom
[0.550s] -- Up-to-date: /home/locobot/LoCoBotRos/interbotix_ws/install/srdfdom/share/srdfdom/environment/ament_prefix_path.sh
[0.550s] -- Up-to-date: /home/locobot/LoCoBotRos/interbotix_ws/install/srdfdom/share/srdfdom/environment/ament_prefix_path.dsv
[0.550s] -- Up-to-date: /home/locobot/LoCoBotRos/interbotix_ws/install/srdfdom/share/srdfdom/environment/path.sh
[0.551s] -- Up-to-date: /home/locobot/LoCoBotRos/interbotix_ws/install/srdfdom/share/srdfdom/environment/path.dsv
[0.551s] -- Up-to-date: /home/locobot/LoCoBotRos/interbotix_ws/install/srdfdom/share/srdfdom/local_setup.bash
[0.551s] -- Up-to-date: /home/locobot/LoCoBotRos/interbotix_ws/install/srdfdom/share/srdfdom/local_setup.sh
[0.551s] -- Up-to-date: /home/locobot/LoCoBotRos/interbotix_ws/install/srdfdom/share/srdfdom/local_setup.zsh
[0.551s] -- Up-to-date: /home/locobot/LoCoBotRos/interbotix_ws/install/srdfdom/share/srdfdom/local_setup.dsv
[0.552s] -- Installing: /home/locobot/LoCoBotRos/interbotix_ws/install/srdfdom/share/srdfdom/package.dsv
[0.552s] -- Up-to-date: /home/locobot/LoCoBotRos/interbotix_ws/install/srdfdom/share/ament_index/resource_index/packages/srdfdom
[0.552s] -- Up-to-date: /home/locobot/LoCoBotRos/interbotix_ws/install/srdfdom/share/srdfdom/cmake/srdfdomTargetsExport.cmake
[0.552s] -- Up-to-date: /home/locobot/LoCoBotRos/interbotix_ws/install/srdfdom/share/srdfdom/cmake/srdfdomTargetsExport-release.cmake
[0.552s] -- Up-to-date: /home/locobot/LoCoBotRos/interbotix_ws/install/srdfdom/share/srdfdom/cmake/ament_cmake_export_targets-extras.cmake
[0.552s] -- Up-to-date: /home/locobot/LoCoBotRos/interbotix_ws/install/srdfdom/share/srdfdom/cmake/ament_cmake_export_dependencies-extras.cmake
[0.552s] -- Up-to-date: /home/locobot/LoCoBotRos/interbotix_ws/install/srdfdom/share/srdfdom/cmake/srdfdomConfig.cmake
[0.553s] -- Up-to-date: /home/locobot/LoCoBotRos/interbotix_ws/install/srdfdom/share/srdfdom/cmake/srdfdomConfig-version.cmake
[0.553s] -- Up-to-date: /home/locobot/LoCoBotRos/interbotix_ws/install/srdfdom/share/srdfdom/package.xml
[0.579s] Invoked command in '/home/locobot/LoCoBotRos/interbotix_ws/build/srdfdom' returned '0': CMAKE_PREFIX_PATH=${CMAKE_PREFIX_PATH}:/home/locobot/LoCoBotRos/interbotix_ws/install/moveit_configs_utils:/home/locobot/LoCoBotRos/interbotix_ws/install/launch_param_builder:/home/locobot/LoCoBotRos/interbotix_ws/install/interbotix_xs_modules:/home/locobot/LoCoBotRos/interbotix_ws/install/interbotix_common_modules:/opt/ros/humble /usr/bin/cmake --install /home/locobot/LoCoBotRos/interbotix_ws/build/srdfdom
