[0.198s] Invoking command in '/home/locobot/LoCoBotRos/interbotix_ws/build/ecl_config': CMAKE_PREFIX_PATH=${CMAKE_PREFIX_PATH}:/home/locobot/LoCoBotRos/interbotix_ws/install/interbotix_xs_modules:/home/locobot/LoCoBotRos/interbotix_ws/install/interbotix_common_modules:/home/locobot/interbotix_ws/install/kobuki_description:/home/locobot/interbotix_ws/install/interbotix_xs_modules:/home/locobot/interbotix_ws/install/interbotix_common_sim:/home/locobot/interbotix_ws/install/interbotix_common_modules:/home/locobot/interbotix_ws/install/ecl_utilities:/home/locobot/interbotix_ws/install/ecl_math:/home/locobot/interbotix_ws/install/ecl_formatters:/home/locobot/interbotix_ws/install/ecl_converters:/home/locobot/interbotix_ws/install/ecl_concepts:/home/locobot/interbotix_ws/install/ecl_type_traits:/home/locobot/interbotix_ws/install/ecl_time_lite:/home/locobot/interbotix_ws/install/ecl_mpl:/home/locobot/interbotix_ws/install/ecl_exceptions:/home/locobot/interbotix_ws/install/ecl_errors:/home/locobot/interbotix_ws/install/ecl_eigen:/home/locobot/interbotix_ws/install/ecl_config:/home/locobot/interbotix_ws/install/ecl_command_line:/home/locobot/interbotix_ws/install/dynamixel_workbench_toolbox:/opt/ros/humble /usr/bin/cmake --build /home/locobot/LoCoBotRos/interbotix_ws/build/ecl_config -- -j16 -l16
[0.598s] [35m[1mConsolidate compiler generated dependencies of target gtest_main[0m
[0.598s] [35m[1mConsolidate compiler generated dependencies of target gtest[0m
[0.599s] [35m[1mConsolidate compiler generated dependencies of target ecl_detect_posix[0m
[0.599s] [35m[1mConsolidate compiler generated dependencies of target ecl_detect_endian[0m
[0.599s] [ 12%] Built target ecl_detect_posix
[0.599s] [ 25%] Built target gtest
[0.599s] [ 37%] Built target gtest_main
[0.600s] [ 50%] Built target ecl_detect_endian
[0.600s] [35m[1mConsolidate compiler generated dependencies of target ecl_test_char_sign[0m
[0.601s] [35m[1mConsolidate compiler generated dependencies of target ecl_test_endianness[0m
[0.601s] [35m[1mConsolidate compiler generated dependencies of target ecl_test_macros[0m
[0.602s] [35m[1mConsolidate compiler generated dependencies of target ecl_test_portable_types[0m
[0.602s] [ 62%] Built target ecl_test_endianness
[0.602s] [ 75%] Built target ecl_test_char_sign
[0.602s] [ 87%] Built target ecl_test_macros
[0.602s] [100%] Built target ecl_test_portable_types
[0.686s] Invoked command in '/home/locobot/LoCoBotRos/interbotix_ws/build/ecl_config' returned '0': CMAKE_PREFIX_PATH=${CMAKE_PREFIX_PATH}:/home/locobot/LoCoBotRos/interbotix_ws/install/interbotix_xs_modules:/home/locobot/LoCoBotRos/interbotix_ws/install/interbotix_common_modules:/home/locobot/interbotix_ws/install/kobuki_description:/home/locobot/interbotix_ws/install/interbotix_xs_modules:/home/locobot/interbotix_ws/install/interbotix_common_sim:/home/locobot/interbotix_ws/install/interbotix_common_modules:/home/locobot/interbotix_ws/install/ecl_utilities:/home/locobot/interbotix_ws/install/ecl_math:/home/locobot/interbotix_ws/install/ecl_formatters:/home/locobot/interbotix_ws/install/ecl_converters:/home/locobot/interbotix_ws/install/ecl_concepts:/home/locobot/interbotix_ws/install/ecl_type_traits:/home/locobot/interbotix_ws/install/ecl_time_lite:/home/locobot/interbotix_ws/install/ecl_mpl:/home/locobot/interbotix_ws/install/ecl_exceptions:/home/locobot/interbotix_ws/install/ecl_errors:/home/locobot/interbotix_ws/install/ecl_eigen:/home/locobot/interbotix_ws/install/ecl_config:/home/locobot/interbotix_ws/install/ecl_command_line:/home/locobot/interbotix_ws/install/dynamixel_workbench_toolbox:/opt/ros/humble /usr/bin/cmake --build /home/locobot/LoCoBotRos/interbotix_ws/build/ecl_config -- -j16 -l16
[0.692s] Invoking command in '/home/locobot/LoCoBotRos/interbotix_ws/build/ecl_config': CMAKE_PREFIX_PATH=${CMAKE_PREFIX_PATH}:/home/locobot/LoCoBotRos/interbotix_ws/install/interbotix_xs_modules:/home/locobot/LoCoBotRos/interbotix_ws/install/interbotix_common_modules:/home/locobot/interbotix_ws/install/kobuki_description:/home/locobot/interbotix_ws/install/interbotix_xs_modules:/home/locobot/interbotix_ws/install/interbotix_common_sim:/home/locobot/interbotix_ws/install/interbotix_common_modules:/home/locobot/interbotix_ws/install/ecl_utilities:/home/locobot/interbotix_ws/install/ecl_math:/home/locobot/interbotix_ws/install/ecl_formatters:/home/locobot/interbotix_ws/install/ecl_converters:/home/locobot/interbotix_ws/install/ecl_concepts:/home/locobot/interbotix_ws/install/ecl_type_traits:/home/locobot/interbotix_ws/install/ecl_time_lite:/home/locobot/interbotix_ws/install/ecl_mpl:/home/locobot/interbotix_ws/install/ecl_exceptions:/home/locobot/interbotix_ws/install/ecl_errors:/home/locobot/interbotix_ws/install/ecl_eigen:/home/locobot/interbotix_ws/install/ecl_config:/home/locobot/interbotix_ws/install/ecl_command_line:/home/locobot/interbotix_ws/install/dynamixel_workbench_toolbox:/opt/ros/humble /usr/bin/cmake --install /home/locobot/LoCoBotRos/interbotix_ws/build/ecl_config
[0.721s] -- Install configuration: ""
[0.721s] -- Up-to-date: /home/locobot/LoCoBotRos/interbotix_ws/install/ecl_config/share/ament_index/resource_index/package_run_dependencies/ecl_config
[0.722s] -- Up-to-date: /home/locobot/LoCoBotRos/interbotix_ws/install/ecl_config/share/ament_index/resource_index/parent_prefix_path/ecl_config
[0.722s] -- Up-to-date: /home/locobot/LoCoBotRos/interbotix_ws/install/ecl_config/share/ecl_config/environment/ament_prefix_path.sh
[0.722s] -- Up-to-date: /home/locobot/LoCoBotRos/interbotix_ws/install/ecl_config/share/ecl_config/environment/ament_prefix_path.dsv
[0.722s] -- Up-to-date: /home/locobot/LoCoBotRos/interbotix_ws/install/ecl_config/share/ecl_config/environment/path.sh
[0.723s] -- Up-to-date: /home/locobot/LoCoBotRos/interbotix_ws/install/ecl_config/share/ecl_config/environment/path.dsv
[0.723s] -- Up-to-date: /home/locobot/LoCoBotRos/interbotix_ws/install/ecl_config/share/ecl_config/local_setup.bash
[0.723s] -- Up-to-date: /home/locobot/LoCoBotRos/interbotix_ws/install/ecl_config/share/ecl_config/local_setup.sh
[0.724s] -- Up-to-date: /home/locobot/LoCoBotRos/interbotix_ws/install/ecl_config/share/ecl_config/local_setup.zsh
[0.724s] -- Up-to-date: /home/locobot/LoCoBotRos/interbotix_ws/install/ecl_config/share/ecl_config/local_setup.dsv
[0.724s] -- Installing: /home/locobot/LoCoBotRos/interbotix_ws/install/ecl_config/share/ecl_config/package.dsv
[0.724s] -- Up-to-date: /home/locobot/LoCoBotRos/interbotix_ws/install/ecl_config/share/ament_index/resource_index/packages/ecl_config
[0.724s] -- Up-to-date: /home/locobot/LoCoBotRos/interbotix_ws/install/ecl_config/share/ecl_config/cmake/ecl_configExport.cmake
[0.724s] -- Up-to-date: /home/locobot/LoCoBotRos/interbotix_ws/install/ecl_config/share/ecl_config/cmake/ament_cmake_export_targets-extras.cmake
[0.725s] -- Up-to-date: /home/locobot/LoCoBotRos/interbotix_ws/install/ecl_config/share/ecl_config/cmake/ament_cmake_export_include_directories-extras.cmake
[0.725s] -- Up-to-date: /home/locobot/LoCoBotRos/interbotix_ws/install/ecl_config/share/ecl_config/cmake/ecl_configConfig.cmake
[0.725s] -- Up-to-date: /home/locobot/LoCoBotRos/interbotix_ws/install/ecl_config/share/ecl_config/cmake/ecl_configConfig-version.cmake
[0.725s] -- Up-to-date: /home/locobot/LoCoBotRos/interbotix_ws/install/ecl_config/share/ecl_config/package.xml
[0.736s] -- Up-to-date: /home/locobot/LoCoBotRos/interbotix_ws/install/ecl_config/include/ecl/config.hpp
[0.736s] -- Up-to-date: /home/locobot/LoCoBotRos/interbotix_ws/install/ecl_config/include/ecl/config/ecl.hpp
[0.736s] -- Up-to-date: /home/locobot/LoCoBotRos/interbotix_ws/install/ecl_config/include/ecl/config/char_sign.hpp
[0.737s] -- Up-to-date: /home/locobot/LoCoBotRos/interbotix_ws/install/ecl_config/include/ecl/config/ecl_unknown.hpp
[0.737s] -- Up-to-date: /home/locobot/LoCoBotRos/interbotix_ws/install/ecl_config/include/ecl/config/endianness.hpp
[0.737s] -- Up-to-date: /home/locobot/LoCoBotRos/interbotix_ws/install/ecl_config/include/ecl/config/macros.hpp
[0.737s] -- Up-to-date: /home/locobot/LoCoBotRos/interbotix_ws/install/ecl_config/include/ecl/config/portable_types.hpp
[0.737s] -- Up-to-date: /home/locobot/LoCoBotRos/interbotix_ws/install/ecl_config/include/ecl/config/windows.hpp
[0.745s] -- Up-to-date: /home/locobot/LoCoBotRos/interbotix_ws/install/ecl_config/bin/ecl_detect_endian
[0.747s] -- Up-to-date: /home/locobot/LoCoBotRos/interbotix_ws/install/ecl_config/bin/ecl_detect_posix
[0.879s] Invoked command in '/home/locobot/LoCoBotRos/interbotix_ws/build/ecl_config' returned '0': CMAKE_PREFIX_PATH=${CMAKE_PREFIX_PATH}:/home/locobot/LoCoBotRos/interbotix_ws/install/interbotix_xs_modules:/home/locobot/LoCoBotRos/interbotix_ws/install/interbotix_common_modules:/home/locobot/interbotix_ws/install/kobuki_description:/home/locobot/interbotix_ws/install/interbotix_xs_modules:/home/locobot/interbotix_ws/install/interbotix_common_sim:/home/locobot/interbotix_ws/install/interbotix_common_modules:/home/locobot/interbotix_ws/install/ecl_utilities:/home/locobot/interbotix_ws/install/ecl_math:/home/locobot/interbotix_ws/install/ecl_formatters:/home/locobot/interbotix_ws/install/ecl_converters:/home/locobot/interbotix_ws/install/ecl_concepts:/home/locobot/interbotix_ws/install/ecl_type_traits:/home/locobot/interbotix_ws/install/ecl_time_lite:/home/locobot/interbotix_ws/install/ecl_mpl:/home/locobot/interbotix_ws/install/ecl_exceptions:/home/locobot/interbotix_ws/install/ecl_errors:/home/locobot/interbotix_ws/install/ecl_eigen:/home/locobot/interbotix_ws/install/ecl_config:/home/locobot/interbotix_ws/install/ecl_command_line:/home/locobot/interbotix_ws/install/dynamixel_workbench_toolbox:/opt/ros/humble /usr/bin/cmake --install /home/locobot/LoCoBotRos/interbotix_ws/build/ecl_config
