-- Found ament_cmake_ros: 0.10.0 (/opt/ros/humble/share/ament_cmake_ros/cmake)
-- Found ecl_build: 1.0.3 (/opt/ros/humble/share/ecl_build/cmake)
-- Found ecl_config: 1.2.0 (/home/locobot/LoCoBotRos/interbotix_ws/install/ecl_config/share/ecl_config/cmake)
-- Found ecl_errors: 1.2.0 (/home/locobot/LoCoBotRos/interbotix_ws/install/ecl_errors/share/ecl_errors/cmake)
-- Configuring done
-- Generating done
-- Build files have been written to: /home/locobot/LoCoBotRos/interbotix_ws/build/ecl_sigslots_lite
[35m[1mConsolidate compiler generated dependencies of target demo_sigslots_lite[0m
[100%] Built target demo_sigslots_lite
-- Install configuration: "Release"
-- Up-to-date: /home/locobot/LoCoBotRos/interbotix_ws/install/ecl_sigslots_lite/share/ament_index/resource_index/package_run_dependencies/ecl_sigslots_lite
-- Up-to-date: /home/locobot/LoCoBotRos/interbotix_ws/install/ecl_sigslots_lite/share/ament_index/resource_index/parent_prefix_path/ecl_sigslots_lite
-- Up-to-date: /home/locobot/LoCoBotRos/interbotix_ws/install/ecl_sigslots_lite/share/ecl_sigslots_lite/environment/ament_prefix_path.sh
-- Installing: /home/locobot/LoCoBotRos/interbotix_ws/install/ecl_sigslots_lite/share/ecl_sigslots_lite/environment/ament_prefix_path.dsv
-- Up-to-date: /home/locobot/LoCoBotRos/interbotix_ws/install/ecl_sigslots_lite/share/ecl_sigslots_lite/environment/path.sh
-- Installing: /home/locobot/LoCoBotRos/interbotix_ws/install/ecl_sigslots_lite/share/ecl_sigslots_lite/environment/path.dsv
-- Up-to-date: /home/locobot/LoCoBotRos/interbotix_ws/install/ecl_sigslots_lite/share/ecl_sigslots_lite/local_setup.bash
-- Up-to-date: /home/locobot/LoCoBotRos/interbotix_ws/install/ecl_sigslots_lite/share/ecl_sigslots_lite/local_setup.sh
-- Up-to-date: /home/locobot/LoCoBotRos/interbotix_ws/install/ecl_sigslots_lite/share/ecl_sigslots_lite/local_setup.zsh
-- Installing: /home/locobot/LoCoBotRos/interbotix_ws/install/ecl_sigslots_lite/share/ecl_sigslots_lite/local_setup.dsv
-- Installing: /home/locobot/LoCoBotRos/interbotix_ws/install/ecl_sigslots_lite/share/ecl_sigslots_lite/package.dsv
-- Up-to-date: /home/locobot/LoCoBotRos/interbotix_ws/install/ecl_sigslots_lite/share/ament_index/resource_index/packages/ecl_sigslots_lite
-- Up-to-date: /home/locobot/LoCoBotRos/interbotix_ws/install/ecl_sigslots_lite/share/ecl_sigslots_lite/cmake/ecl_sigslots_liteExport.cmake
-- Up-to-date: /home/locobot/LoCoBotRos/interbotix_ws/install/ecl_sigslots_lite/share/ecl_sigslots_lite/cmake/ament_cmake_export_targets-extras.cmake
-- Up-to-date: /home/locobot/LoCoBotRos/interbotix_ws/install/ecl_sigslots_lite/share/ecl_sigslots_lite/cmake/ament_cmake_export_include_directories-extras.cmake
-- Up-to-date: /home/locobot/LoCoBotRos/interbotix_ws/install/ecl_sigslots_lite/share/ecl_sigslots_lite/cmake/ament_cmake_export_dependencies-extras.cmake
-- Up-to-date: /home/locobot/LoCoBotRos/interbotix_ws/install/ecl_sigslots_lite/share/ecl_sigslots_lite/cmake/ecl_sigslots_liteConfig.cmake
-- Up-to-date: /home/locobot/LoCoBotRos/interbotix_ws/install/ecl_sigslots_lite/share/ecl_sigslots_lite/cmake/ecl_sigslots_liteConfig-version.cmake
-- Up-to-date: /home/locobot/LoCoBotRos/interbotix_ws/install/ecl_sigslots_lite/share/ecl_sigslots_lite/package.xml
-- Up-to-date: /home/locobot/LoCoBotRos/interbotix_ws/install/ecl_sigslots_lite/include/ecl/sigslots_lite.hpp
-- Up-to-date: /home/locobot/LoCoBotRos/interbotix_ws/install/ecl_sigslots_lite/include/ecl/sigslots_lite/connect.hpp
-- Up-to-date: /home/locobot/LoCoBotRos/interbotix_ws/install/ecl_sigslots_lite/include/ecl/sigslots_lite/errors.hpp
-- Up-to-date: /home/locobot/LoCoBotRos/interbotix_ws/install/ecl_sigslots_lite/include/ecl/sigslots_lite/managers.hpp
-- Up-to-date: /home/locobot/LoCoBotRos/interbotix_ws/install/ecl_sigslots_lite/include/ecl/sigslots_lite/signal.hpp
-- Up-to-date: /home/locobot/LoCoBotRos/interbotix_ws/install/ecl_sigslots_lite/include/ecl/sigslots_lite/slot.hpp
-- Up-to-date: /home/locobot/LoCoBotRos/interbotix_ws/install/ecl_sigslots_lite/include/ecl/sigslots_lite/utilities.hpp
-- Up-to-date: /home/locobot/LoCoBotRos/interbotix_ws/install/ecl_sigslots_lite/lib/ecl_sigslots_lite/demo_sigslots_lite
