[0.008s] Invoking command in '/home/locobot/LoCoBotRos/interbotix_ws/build/interbotix_xs_ros_control': AMENT_PREFIX_PATH=/home/locobot/LoCoBotRos/interbotix_ws/install/interbotix_xs_msgs:${AMENT_PREFIX_PATH} CMAKE_PREFIX_PATH=/home/locobot/LoCoBotRos/interbotix_ws/install/interbotix_xs_msgs:/home/locobot/apriltag_ws/install/apriltag_ros:/opt/ros/humble LD_LIBRARY_PATH=/home/locobot/LoCoBotRos/interbotix_ws/install/interbotix_xs_msgs/lib:${LD_LIBRARY_PATH} PYTHONPATH=/home/locobot/LoCoBotRos/interbotix_ws/install/interbotix_xs_msgs/local/lib/python3.10/dist-packages:${PYTHONPATH} /usr/bin/cmake --build /home/locobot/LoCoBotRos/interbotix_ws/build/interbotix_xs_ros_control -- -j16 -l16
[0.041s] [35m[1mConsolidate compiler generated dependencies of target gmock_main[0m
[0.041s] [35m[1mConsolidate compiler generated dependencies of target gmock[0m
[0.042s] [35m[1mConsolidate compiler generated dependencies of target interbotix_xs_ros_control[0m
[0.051s] [ 22%] Built target gmock_main
[0.053s] [ 55%] Built target gmock
[0.056s] [ 77%] Built target interbotix_xs_ros_control
[0.065s] [35m[1mConsolidate compiler generated dependencies of target test_load_xs_hardware_interface[0m
[0.078s] [100%] Built target test_load_xs_hardware_interface
[0.086s] Invoked command in '/home/locobot/LoCoBotRos/interbotix_ws/build/interbotix_xs_ros_control' returned '0': AMENT_PREFIX_PATH=/home/locobot/LoCoBotRos/interbotix_ws/install/interbotix_xs_msgs:${AMENT_PREFIX_PATH} CMAKE_PREFIX_PATH=/home/locobot/LoCoBotRos/interbotix_ws/install/interbotix_xs_msgs:/home/locobot/apriltag_ws/install/apriltag_ros:/opt/ros/humble LD_LIBRARY_PATH=/home/locobot/LoCoBotRos/interbotix_ws/install/interbotix_xs_msgs/lib:${LD_LIBRARY_PATH} PYTHONPATH=/home/locobot/LoCoBotRos/interbotix_ws/install/interbotix_xs_msgs/local/lib/python3.10/dist-packages:${PYTHONPATH} /usr/bin/cmake --build /home/locobot/LoCoBotRos/interbotix_ws/build/interbotix_xs_ros_control -- -j16 -l16
[0.088s] Invoking command in '/home/locobot/LoCoBotRos/interbotix_ws/build/interbotix_xs_ros_control': AMENT_PREFIX_PATH=/home/locobot/LoCoBotRos/interbotix_ws/install/interbotix_xs_msgs:${AMENT_PREFIX_PATH} CMAKE_PREFIX_PATH=/home/locobot/LoCoBotRos/interbotix_ws/install/interbotix_xs_msgs:/home/locobot/apriltag_ws/install/apriltag_ros:/opt/ros/humble LD_LIBRARY_PATH=/home/locobot/LoCoBotRos/interbotix_ws/install/interbotix_xs_msgs/lib:${LD_LIBRARY_PATH} PYTHONPATH=/home/locobot/LoCoBotRos/interbotix_ws/install/interbotix_xs_msgs/local/lib/python3.10/dist-packages:${PYTHONPATH} /usr/bin/cmake --install /home/locobot/LoCoBotRos/interbotix_ws/build/interbotix_xs_ros_control
[0.093s] -- Install configuration: "Release"
[0.093s] -- Up-to-date: /home/locobot/LoCoBotRos/interbotix_ws/install/interbotix_xs_ros_control/share/interbotix_xs_ros_control/interbotix_xs_ros_control.xml
[0.093s] -- Up-to-date: /home/locobot/LoCoBotRos/interbotix_ws/install/interbotix_xs_ros_control/include
[0.093s] -- Up-to-date: /home/locobot/LoCoBotRos/interbotix_ws/install/interbotix_xs_ros_control/include/interbotix_xs_ros_control
[0.093s] -- Up-to-date: /home/locobot/LoCoBotRos/interbotix_ws/install/interbotix_xs_ros_control/include/interbotix_xs_ros_control/xs_hardware_interface.hpp
[0.093s] -- Up-to-date: /home/locobot/LoCoBotRos/interbotix_ws/install/interbotix_xs_ros_control/lib/libinterbotix_xs_ros_control.so
[0.093s] -- Up-to-date: /home/locobot/LoCoBotRos/interbotix_ws/install/interbotix_xs_ros_control/share/interbotix_xs_ros_control/environment/library_path.sh
[0.093s] -- Up-to-date: /home/locobot/LoCoBotRos/interbotix_ws/install/interbotix_xs_ros_control/share/interbotix_xs_ros_control/environment/library_path.dsv
[0.093s] -- Up-to-date: /home/locobot/LoCoBotRos/interbotix_ws/install/interbotix_xs_ros_control/share/ament_index/resource_index/package_run_dependencies/interbotix_xs_ros_control
[0.093s] -- Up-to-date: /home/locobot/LoCoBotRos/interbotix_ws/install/interbotix_xs_ros_control/share/ament_index/resource_index/parent_prefix_path/interbotix_xs_ros_control
[0.094s] -- Up-to-date: /home/locobot/LoCoBotRos/interbotix_ws/install/interbotix_xs_ros_control/share/interbotix_xs_ros_control/environment/ament_prefix_path.sh
[0.094s] -- Up-to-date: /home/locobot/LoCoBotRos/interbotix_ws/install/interbotix_xs_ros_control/share/interbotix_xs_ros_control/environment/ament_prefix_path.dsv
[0.094s] -- Up-to-date: /home/locobot/LoCoBotRos/interbotix_ws/install/interbotix_xs_ros_control/share/interbotix_xs_ros_control/environment/path.sh
[0.094s] -- Up-to-date: /home/locobot/LoCoBotRos/interbotix_ws/install/interbotix_xs_ros_control/share/interbotix_xs_ros_control/environment/path.dsv
[0.094s] -- Up-to-date: /home/locobot/LoCoBotRos/interbotix_ws/install/interbotix_xs_ros_control/share/interbotix_xs_ros_control/local_setup.bash
[0.094s] -- Up-to-date: /home/locobot/LoCoBotRos/interbotix_ws/install/interbotix_xs_ros_control/share/interbotix_xs_ros_control/local_setup.sh
[0.094s] -- Up-to-date: /home/locobot/LoCoBotRos/interbotix_ws/install/interbotix_xs_ros_control/share/interbotix_xs_ros_control/local_setup.zsh
[0.094s] -- Up-to-date: /home/locobot/LoCoBotRos/interbotix_ws/install/interbotix_xs_ros_control/share/interbotix_xs_ros_control/local_setup.dsv
[0.094s] -- Installing: /home/locobot/LoCoBotRos/interbotix_ws/install/interbotix_xs_ros_control/share/interbotix_xs_ros_control/package.dsv
[0.094s] -- Up-to-date: /home/locobot/LoCoBotRos/interbotix_ws/install/interbotix_xs_ros_control/share/ament_index/resource_index/packages/interbotix_xs_ros_control
[0.094s] -- Up-to-date: /home/locobot/LoCoBotRos/interbotix_ws/install/interbotix_xs_ros_control/share/ament_index/resource_index/hardware_interface__pluginlib__plugin/interbotix_xs_ros_control
[0.094s] -- Up-to-date: /home/locobot/LoCoBotRos/interbotix_ws/install/interbotix_xs_ros_control/share/interbotix_xs_ros_control/cmake/export_interbotix_xs_ros_controlExport.cmake
[0.094s] -- Up-to-date: /home/locobot/LoCoBotRos/interbotix_ws/install/interbotix_xs_ros_control/share/interbotix_xs_ros_control/cmake/export_interbotix_xs_ros_controlExport-release.cmake
[0.094s] -- Up-to-date: /home/locobot/LoCoBotRos/interbotix_ws/install/interbotix_xs_ros_control/share/interbotix_xs_ros_control/cmake/ament_cmake_export_include_directories-extras.cmake
[0.094s] -- Up-to-date: /home/locobot/LoCoBotRos/interbotix_ws/install/interbotix_xs_ros_control/share/interbotix_xs_ros_control/cmake/ament_cmake_export_libraries-extras.cmake
[0.094s] -- Up-to-date: /home/locobot/LoCoBotRos/interbotix_ws/install/interbotix_xs_ros_control/share/interbotix_xs_ros_control/cmake/ament_cmake_export_targets-extras.cmake
[0.094s] -- Up-to-date: /home/locobot/LoCoBotRos/interbotix_ws/install/interbotix_xs_ros_control/share/interbotix_xs_ros_control/cmake/ament_cmake_export_dependencies-extras.cmake
[0.094s] -- Up-to-date: /home/locobot/LoCoBotRos/interbotix_ws/install/interbotix_xs_ros_control/share/interbotix_xs_ros_control/cmake/interbotix_xs_ros_controlConfig.cmake
[0.094s] -- Up-to-date: /home/locobot/LoCoBotRos/interbotix_ws/install/interbotix_xs_ros_control/share/interbotix_xs_ros_control/cmake/interbotix_xs_ros_controlConfig-version.cmake
[0.095s] -- Up-to-date: /home/locobot/LoCoBotRos/interbotix_ws/install/interbotix_xs_ros_control/share/interbotix_xs_ros_control/package.xml
[0.096s] Invoked command in '/home/locobot/LoCoBotRos/interbotix_ws/build/interbotix_xs_ros_control' returned '0': AMENT_PREFIX_PATH=/home/locobot/LoCoBotRos/interbotix_ws/install/interbotix_xs_msgs:${AMENT_PREFIX_PATH} CMAKE_PREFIX_PATH=/home/locobot/LoCoBotRos/interbotix_ws/install/interbotix_xs_msgs:/home/locobot/apriltag_ws/install/apriltag_ros:/opt/ros/humble LD_LIBRARY_PATH=/home/locobot/LoCoBotRos/interbotix_ws/install/interbotix_xs_msgs/lib:${LD_LIBRARY_PATH} PYTHONPATH=/home/locobot/LoCoBotRos/interbotix_ws/install/interbotix_xs_msgs/local/lib/python3.10/dist-packages:${PYTHONPATH} /usr/bin/cmake --install /home/locobot/LoCoBotRos/interbotix_ws/build/interbotix_xs_ros_control
