[0.433s] Invoking command in '/home/locobot/LoCoBotRos/interbotix_ws/build/sllidar_ros2': CMAKE_PREFIX_PATH=${CMAKE_PREFIX_PATH}:/home/locobot/LoCoBotRos/interbotix_ws/install/interbotix_xs_modules:/home/locobot/LoCoBotRos/interbotix_ws/install/interbotix_common_modules:/home/locobot/interbotix_ws/install/kobuki_description:/home/locobot/interbotix_ws/install/interbotix_xs_modules:/home/locobot/interbotix_ws/install/interbotix_common_sim:/home/locobot/interbotix_ws/install/interbotix_common_modules:/home/locobot/interbotix_ws/install/ecl_utilities:/home/locobot/interbotix_ws/install/ecl_math:/home/locobot/interbotix_ws/install/ecl_formatters:/home/locobot/interbotix_ws/install/ecl_converters:/home/locobot/interbotix_ws/install/ecl_concepts:/home/locobot/interbotix_ws/install/ecl_type_traits:/home/locobot/interbotix_ws/install/ecl_time_lite:/home/locobot/interbotix_ws/install/ecl_mpl:/home/locobot/interbotix_ws/install/ecl_exceptions:/home/locobot/interbotix_ws/install/ecl_errors:/home/locobot/interbotix_ws/install/ecl_eigen:/home/locobot/interbotix_ws/install/ecl_config:/home/locobot/interbotix_ws/install/ecl_command_line:/home/locobot/interbotix_ws/install/dynamixel_workbench_toolbox:/opt/ros/humble /usr/bin/cmake --build /home/locobot/LoCoBotRos/interbotix_ws/build/sllidar_ros2 -- -j16 -l16
[0.537s] [35m[1mConsolidate compiler generated dependencies of target sllidar_client[0m
[0.580s] [35m[1mConsolidate compiler generated dependencies of target sllidar_node[0m
[0.591s] [ 10%] Built target sllidar_client
[0.610s] [100%] Built target sllidar_node
[0.795s] Invoked command in '/home/locobot/LoCoBotRos/interbotix_ws/build/sllidar_ros2' returned '0': CMAKE_PREFIX_PATH=${CMAKE_PREFIX_PATH}:/home/locobot/LoCoBotRos/interbotix_ws/install/interbotix_xs_modules:/home/locobot/LoCoBotRos/interbotix_ws/install/interbotix_common_modules:/home/locobot/interbotix_ws/install/kobuki_description:/home/locobot/interbotix_ws/install/interbotix_xs_modules:/home/locobot/interbotix_ws/install/interbotix_common_sim:/home/locobot/interbotix_ws/install/interbotix_common_modules:/home/locobot/interbotix_ws/install/ecl_utilities:/home/locobot/interbotix_ws/install/ecl_math:/home/locobot/interbotix_ws/install/ecl_formatters:/home/locobot/interbotix_ws/install/ecl_converters:/home/locobot/interbotix_ws/install/ecl_concepts:/home/locobot/interbotix_ws/install/ecl_type_traits:/home/locobot/interbotix_ws/install/ecl_time_lite:/home/locobot/interbotix_ws/install/ecl_mpl:/home/locobot/interbotix_ws/install/ecl_exceptions:/home/locobot/interbotix_ws/install/ecl_errors:/home/locobot/interbotix_ws/install/ecl_eigen:/home/locobot/interbotix_ws/install/ecl_config:/home/locobot/interbotix_ws/install/ecl_command_line:/home/locobot/interbotix_ws/install/dynamixel_workbench_toolbox:/opt/ros/humble /usr/bin/cmake --build /home/locobot/LoCoBotRos/interbotix_ws/build/sllidar_ros2 -- -j16 -l16
[0.800s] Invoking command in '/home/locobot/LoCoBotRos/interbotix_ws/build/sllidar_ros2': CMAKE_PREFIX_PATH=${CMAKE_PREFIX_PATH}:/home/locobot/LoCoBotRos/interbotix_ws/install/interbotix_xs_modules:/home/locobot/LoCoBotRos/interbotix_ws/install/interbotix_common_modules:/home/locobot/interbotix_ws/install/kobuki_description:/home/locobot/interbotix_ws/install/interbotix_xs_modules:/home/locobot/interbotix_ws/install/interbotix_common_sim:/home/locobot/interbotix_ws/install/interbotix_common_modules:/home/locobot/interbotix_ws/install/ecl_utilities:/home/locobot/interbotix_ws/install/ecl_math:/home/locobot/interbotix_ws/install/ecl_formatters:/home/locobot/interbotix_ws/install/ecl_converters:/home/locobot/interbotix_ws/install/ecl_concepts:/home/locobot/interbotix_ws/install/ecl_type_traits:/home/locobot/interbotix_ws/install/ecl_time_lite:/home/locobot/interbotix_ws/install/ecl_mpl:/home/locobot/interbotix_ws/install/ecl_exceptions:/home/locobot/interbotix_ws/install/ecl_errors:/home/locobot/interbotix_ws/install/ecl_eigen:/home/locobot/interbotix_ws/install/ecl_config:/home/locobot/interbotix_ws/install/ecl_command_line:/home/locobot/interbotix_ws/install/dynamixel_workbench_toolbox:/opt/ros/humble /usr/bin/cmake --install /home/locobot/LoCoBotRos/interbotix_ws/build/sllidar_ros2
[0.876s] -- Install configuration: ""
[0.876s] -- Up-to-date: /home/locobot/LoCoBotRos/interbotix_ws/install/sllidar_ros2/share/sllidar_ros2/launch
[0.876s] -- Up-to-date: /home/locobot/LoCoBotRos/interbotix_ws/install/sllidar_ros2/share/sllidar_ros2/launch/sllidar_s1_tcp_launch.py
[0.876s] -- Up-to-date: /home/locobot/LoCoBotRos/interbotix_ws/install/sllidar_ros2/share/sllidar_ros2/launch/view_sllidar_a2m7_launch.py
[0.876s] -- Up-to-date: /home/locobot/LoCoBotRos/interbotix_ws/install/sllidar_ros2/share/sllidar_ros2/launch/sllidar_a1_launch.py
[0.876s] -- Up-to-date: /home/locobot/LoCoBotRos/interbotix_ws/install/sllidar_ros2/share/sllidar_ros2/launch/view_sllidar_s2e_launch.py
[0.877s] -- Up-to-date: /home/locobot/LoCoBotRos/interbotix_ws/install/sllidar_ros2/share/sllidar_ros2/launch/view_sllidar_s1_launch.py
[0.877s] -- Up-to-date: /home/locobot/LoCoBotRos/interbotix_ws/install/sllidar_ros2/share/sllidar_ros2/launch/view_sllidar_a1_launch.py
[0.877s] -- Up-to-date: /home/locobot/LoCoBotRos/interbotix_ws/install/sllidar_ros2/share/sllidar_ros2/launch/view_sllidar_s2_launch.py
[0.877s] -- Up-to-date: /home/locobot/LoCoBotRos/interbotix_ws/install/sllidar_ros2/share/sllidar_ros2/launch/sllidar_a2m12_launch .py
[0.877s] -- Up-to-date: /home/locobot/LoCoBotRos/interbotix_ws/install/sllidar_ros2/share/sllidar_ros2/launch/sllidar_t1_launch.py
[0.877s] -- Up-to-date: /home/locobot/LoCoBotRos/interbotix_ws/install/sllidar_ros2/share/sllidar_ros2/launch/sllidar_s2_launch.py
[0.877s] -- Up-to-date: /home/locobot/LoCoBotRos/interbotix_ws/install/sllidar_ros2/share/sllidar_ros2/launch/view_sllidar_a3_launch.py
[0.877s] -- Up-to-date: /home/locobot/LoCoBotRos/interbotix_ws/install/sllidar_ros2/share/sllidar_ros2/launch/view_sllidar_c1_launch.py
[0.877s] -- Up-to-date: /home/locobot/LoCoBotRos/interbotix_ws/install/sllidar_ros2/share/sllidar_ros2/launch/sllidar_a3_launch.py
[0.878s] -- Up-to-date: /home/locobot/LoCoBotRos/interbotix_ws/install/sllidar_ros2/share/sllidar_ros2/launch/sllidar_s3_launch.py
[0.878s] -- Up-to-date: /home/locobot/LoCoBotRos/interbotix_ws/install/sllidar_ros2/share/sllidar_ros2/launch/view_sllidar_a2m8_launch.py
[0.878s] -- Up-to-date: /home/locobot/LoCoBotRos/interbotix_ws/install/sllidar_ros2/share/sllidar_ros2/launch/sllidar_a2m7_launch.py
[0.878s] -- Up-to-date: /home/locobot/LoCoBotRos/interbotix_ws/install/sllidar_ros2/share/sllidar_ros2/launch/view_sllidar_s3_launch.py
[0.878s] -- Up-to-date: /home/locobot/LoCoBotRos/interbotix_ws/install/sllidar_ros2/share/sllidar_ros2/launch/sllidar_s2e_launch.py
[0.878s] -- Up-to-date: /home/locobot/LoCoBotRos/interbotix_ws/install/sllidar_ros2/share/sllidar_ros2/launch/sllidar_s1_launch.py
[0.878s] -- Up-to-date: /home/locobot/LoCoBotRos/interbotix_ws/install/sllidar_ros2/share/sllidar_ros2/launch/view_sllidar_a2m12_launch.py
[0.879s] -- Up-to-date: /home/locobot/LoCoBotRos/interbotix_ws/install/sllidar_ros2/share/sllidar_ros2/launch/sllidar_a2m8_launch.py
[0.879s] -- Up-to-date: /home/locobot/LoCoBotRos/interbotix_ws/install/sllidar_ros2/share/sllidar_ros2/launch/view_sllidar_t1_launch.py
[0.879s] -- Up-to-date: /home/locobot/LoCoBotRos/interbotix_ws/install/sllidar_ros2/share/sllidar_ros2/launch/sllidar_c1_launch.py
[0.879s] -- Up-to-date: /home/locobot/LoCoBotRos/interbotix_ws/install/sllidar_ros2/share/sllidar_ros2/launch/view_sllidar_s1_tcp_launch.py
[0.879s] -- Up-to-date: /home/locobot/LoCoBotRos/interbotix_ws/install/sllidar_ros2/share/sllidar_ros2/rviz
[0.880s] -- Up-to-date: /home/locobot/LoCoBotRos/interbotix_ws/install/sllidar_ros2/share/sllidar_ros2/rviz/sllidar_ros2.rviz
[0.880s] -- Up-to-date: /home/locobot/LoCoBotRos/interbotix_ws/install/sllidar_ros2/lib/sllidar_ros2/sllidar_node
[0.880s] -- Up-to-date: /home/locobot/LoCoBotRos/interbotix_ws/install/sllidar_ros2/lib/sllidar_ros2/sllidar_client
[0.880s] -- Up-to-date: /home/locobot/LoCoBotRos/interbotix_ws/install/sllidar_ros2/share/ament_index/resource_index/package_run_dependencies/sllidar_ros2
[0.881s] -- Up-to-date: /home/locobot/LoCoBotRos/interbotix_ws/install/sllidar_ros2/share/ament_index/resource_index/parent_prefix_path/sllidar_ros2
[0.882s] -- Up-to-date: /home/locobot/LoCoBotRos/interbotix_ws/install/sllidar_ros2/share/sllidar_ros2/environment/ament_prefix_path.sh
[0.883s] -- Up-to-date: /home/locobot/LoCoBotRos/interbotix_ws/install/sllidar_ros2/share/sllidar_ros2/environment/ament_prefix_path.dsv
[0.883s] -- Up-to-date: /home/locobot/LoCoBotRos/interbotix_ws/install/sllidar_ros2/share/sllidar_ros2/environment/path.sh
[0.883s] -- Up-to-date: /home/locobot/LoCoBotRos/interbotix_ws/install/sllidar_ros2/share/sllidar_ros2/environment/path.dsv
[0.883s] -- Up-to-date: /home/locobot/LoCoBotRos/interbotix_ws/install/sllidar_ros2/share/sllidar_ros2/local_setup.bash
[0.883s] -- Up-to-date: /home/locobot/LoCoBotRos/interbotix_ws/install/sllidar_ros2/share/sllidar_ros2/local_setup.sh
[0.884s] -- Up-to-date: /home/locobot/LoCoBotRos/interbotix_ws/install/sllidar_ros2/share/sllidar_ros2/local_setup.zsh
[0.884s] -- Up-to-date: /home/locobot/LoCoBotRos/interbotix_ws/install/sllidar_ros2/share/sllidar_ros2/local_setup.dsv
[0.884s] -- Installing: /home/locobot/LoCoBotRos/interbotix_ws/install/sllidar_ros2/share/sllidar_ros2/package.dsv
[0.884s] -- Up-to-date: /home/locobot/LoCoBotRos/interbotix_ws/install/sllidar_ros2/share/ament_index/resource_index/packages/sllidar_ros2
[0.885s] -- Up-to-date: /home/locobot/LoCoBotRos/interbotix_ws/install/sllidar_ros2/share/sllidar_ros2/cmake/ament_cmake_export_dependencies-extras.cmake
[0.885s] -- Up-to-date: /home/locobot/LoCoBotRos/interbotix_ws/install/sllidar_ros2/share/sllidar_ros2/cmake/ament_cmake_export_include_directories-extras.cmake
[0.886s] -- Up-to-date: /home/locobot/LoCoBotRos/interbotix_ws/install/sllidar_ros2/share/sllidar_ros2/cmake/sllidar_ros2Config.cmake
[0.886s] -- Up-to-date: /home/locobot/LoCoBotRos/interbotix_ws/install/sllidar_ros2/share/sllidar_ros2/cmake/sllidar_ros2Config-version.cmake
[0.887s] -- Up-to-date: /home/locobot/LoCoBotRos/interbotix_ws/install/sllidar_ros2/share/sllidar_ros2/package.xml
[1.024s] Invoked command in '/home/locobot/LoCoBotRos/interbotix_ws/build/sllidar_ros2' returned '0': CMAKE_PREFIX_PATH=${CMAKE_PREFIX_PATH}:/home/locobot/LoCoBotRos/interbotix_ws/install/interbotix_xs_modules:/home/locobot/LoCoBotRos/interbotix_ws/install/interbotix_common_modules:/home/locobot/interbotix_ws/install/kobuki_description:/home/locobot/interbotix_ws/install/interbotix_xs_modules:/home/locobot/interbotix_ws/install/interbotix_common_sim:/home/locobot/interbotix_ws/install/interbotix_common_modules:/home/locobot/interbotix_ws/install/ecl_utilities:/home/locobot/interbotix_ws/install/ecl_math:/home/locobot/interbotix_ws/install/ecl_formatters:/home/locobot/interbotix_ws/install/ecl_converters:/home/locobot/interbotix_ws/install/ecl_concepts:/home/locobot/interbotix_ws/install/ecl_type_traits:/home/locobot/interbotix_ws/install/ecl_time_lite:/home/locobot/interbotix_ws/install/ecl_mpl:/home/locobot/interbotix_ws/install/ecl_exceptions:/home/locobot/interbotix_ws/install/ecl_errors:/home/locobot/interbotix_ws/install/ecl_eigen:/home/locobot/interbotix_ws/install/ecl_config:/home/locobot/interbotix_ws/install/ecl_command_line:/home/locobot/interbotix_ws/install/dynamixel_workbench_toolbox:/opt/ros/humble /usr/bin/cmake --install /home/locobot/LoCoBotRos/interbotix_ws/build/sllidar_ros2
