[0.457s] Invoking command in '/home/locobot/LoCoBotRos/interbotix_ws/build/cmd_vel_mux': CMAKE_PREFIX_PATH=${CMAKE_PREFIX_PATH}:/home/locobot/LoCoBotRos/interbotix_ws/install/interbotix_xs_modules:/home/locobot/LoCoBotRos/interbotix_ws/install/interbotix_common_modules:/home/locobot/interbotix_ws/install/kobuki_description:/home/locobot/interbotix_ws/install/interbotix_xs_modules:/home/locobot/interbotix_ws/install/interbotix_common_sim:/home/locobot/interbotix_ws/install/interbotix_common_modules:/home/locobot/interbotix_ws/install/ecl_utilities:/home/locobot/interbotix_ws/install/ecl_math:/home/locobot/interbotix_ws/install/ecl_formatters:/home/locobot/interbotix_ws/install/ecl_converters:/home/locobot/interbotix_ws/install/ecl_concepts:/home/locobot/interbotix_ws/install/ecl_type_traits:/home/locobot/interbotix_ws/install/ecl_time_lite:/home/locobot/interbotix_ws/install/ecl_mpl:/home/locobot/interbotix_ws/install/ecl_exceptions:/home/locobot/interbotix_ws/install/ecl_errors:/home/locobot/interbotix_ws/install/ecl_eigen:/home/locobot/interbotix_ws/install/ecl_config:/home/locobot/interbotix_ws/install/ecl_command_line:/home/locobot/interbotix_ws/install/dynamixel_workbench_toolbox:/opt/ros/humble /usr/bin/cmake --build /home/locobot/LoCoBotRos/interbotix_ws/build/cmd_vel_mux -- -j16 -l16
[0.552s] [35m[1mConsolidate compiler generated dependencies of target cmd_vel_mux_node[0m
[0.555s] [35m[1mConsolidate compiler generated dependencies of target cmd_vel_mux[0m
[0.596s] [ 50%] Built target cmd_vel_mux_node
[0.612s] [100%] Built target cmd_vel_mux
[0.778s] Invoked command in '/home/locobot/LoCoBotRos/interbotix_ws/build/cmd_vel_mux' returned '0': CMAKE_PREFIX_PATH=${CMAKE_PREFIX_PATH}:/home/locobot/LoCoBotRos/interbotix_ws/install/interbotix_xs_modules:/home/locobot/LoCoBotRos/interbotix_ws/install/interbotix_common_modules:/home/locobot/interbotix_ws/install/kobuki_description:/home/locobot/interbotix_ws/install/interbotix_xs_modules:/home/locobot/interbotix_ws/install/interbotix_common_sim:/home/locobot/interbotix_ws/install/interbotix_common_modules:/home/locobot/interbotix_ws/install/ecl_utilities:/home/locobot/interbotix_ws/install/ecl_math:/home/locobot/interbotix_ws/install/ecl_formatters:/home/locobot/interbotix_ws/install/ecl_converters:/home/locobot/interbotix_ws/install/ecl_concepts:/home/locobot/interbotix_ws/install/ecl_type_traits:/home/locobot/interbotix_ws/install/ecl_time_lite:/home/locobot/interbotix_ws/install/ecl_mpl:/home/locobot/interbotix_ws/install/ecl_exceptions:/home/locobot/interbotix_ws/install/ecl_errors:/home/locobot/interbotix_ws/install/ecl_eigen:/home/locobot/interbotix_ws/install/ecl_config:/home/locobot/interbotix_ws/install/ecl_command_line:/home/locobot/interbotix_ws/install/dynamixel_workbench_toolbox:/opt/ros/humble /usr/bin/cmake --build /home/locobot/LoCoBotRos/interbotix_ws/build/cmd_vel_mux -- -j16 -l16
[0.780s] Invoking command in '/home/locobot/LoCoBotRos/interbotix_ws/build/cmd_vel_mux': CMAKE_PREFIX_PATH=${CMAKE_PREFIX_PATH}:/home/locobot/LoCoBotRos/interbotix_ws/install/interbotix_xs_modules:/home/locobot/LoCoBotRos/interbotix_ws/install/interbotix_common_modules:/home/locobot/interbotix_ws/install/kobuki_description:/home/locobot/interbotix_ws/install/interbotix_xs_modules:/home/locobot/interbotix_ws/install/interbotix_common_sim:/home/locobot/interbotix_ws/install/interbotix_common_modules:/home/locobot/interbotix_ws/install/ecl_utilities:/home/locobot/interbotix_ws/install/ecl_math:/home/locobot/interbotix_ws/install/ecl_formatters:/home/locobot/interbotix_ws/install/ecl_converters:/home/locobot/interbotix_ws/install/ecl_concepts:/home/locobot/interbotix_ws/install/ecl_type_traits:/home/locobot/interbotix_ws/install/ecl_time_lite:/home/locobot/interbotix_ws/install/ecl_mpl:/home/locobot/interbotix_ws/install/ecl_exceptions:/home/locobot/interbotix_ws/install/ecl_errors:/home/locobot/interbotix_ws/install/ecl_eigen:/home/locobot/interbotix_ws/install/ecl_config:/home/locobot/interbotix_ws/install/ecl_command_line:/home/locobot/interbotix_ws/install/dynamixel_workbench_toolbox:/opt/ros/humble /usr/bin/cmake --install /home/locobot/LoCoBotRos/interbotix_ws/build/cmd_vel_mux
[0.898s] -- Install configuration: ""
[0.898s] -- Up-to-date: /home/locobot/LoCoBotRos/interbotix_ws/install/cmd_vel_mux/lib/cmd_vel_mux/cmd_vel_mux_node
[0.898s] -- Up-to-date: /home/locobot/LoCoBotRos/interbotix_ws/install/cmd_vel_mux/lib/libcmd_vel_mux.so
[0.898s] -- Up-to-date: /home/locobot/LoCoBotRos/interbotix_ws/install/cmd_vel_mux/include/cmd_vel_mux
[0.899s] -- Up-to-date: /home/locobot/LoCoBotRos/interbotix_ws/install/cmd_vel_mux/include/cmd_vel_mux/cmd_vel_mux.hpp
[0.899s] -- Up-to-date: /home/locobot/LoCoBotRos/interbotix_ws/install/cmd_vel_mux/share/cmd_vel_mux/config
[0.899s] -- Up-to-date: /home/locobot/LoCoBotRos/interbotix_ws/install/cmd_vel_mux/share/cmd_vel_mux/config/cmd_vel_mux_params.yaml
[0.899s] -- Up-to-date: /home/locobot/LoCoBotRos/interbotix_ws/install/cmd_vel_mux/share/cmd_vel_mux/launch
[0.899s] -- Up-to-date: /home/locobot/LoCoBotRos/interbotix_ws/install/cmd_vel_mux/share/cmd_vel_mux/launch/cmd_vel_mux-composed-launch.py
[0.900s] -- Up-to-date: /home/locobot/LoCoBotRos/interbotix_ws/install/cmd_vel_mux/share/cmd_vel_mux/launch/cmd_vel_mux-launch.py
[0.900s] -- Up-to-date: /home/locobot/LoCoBotRos/interbotix_ws/install/cmd_vel_mux/share/ament_index/resource_index/package_run_dependencies/cmd_vel_mux
[0.900s] -- Up-to-date: /home/locobot/LoCoBotRos/interbotix_ws/install/cmd_vel_mux/share/ament_index/resource_index/parent_prefix_path/cmd_vel_mux
[0.900s] -- Up-to-date: /home/locobot/LoCoBotRos/interbotix_ws/install/cmd_vel_mux/share/cmd_vel_mux/environment/ament_prefix_path.sh
[0.901s] -- Up-to-date: /home/locobot/LoCoBotRos/interbotix_ws/install/cmd_vel_mux/share/cmd_vel_mux/environment/ament_prefix_path.dsv
[0.901s] -- Up-to-date: /home/locobot/LoCoBotRos/interbotix_ws/install/cmd_vel_mux/share/cmd_vel_mux/environment/path.sh
[0.901s] -- Up-to-date: /home/locobot/LoCoBotRos/interbotix_ws/install/cmd_vel_mux/share/cmd_vel_mux/environment/path.dsv
[0.901s] -- Up-to-date: /home/locobot/LoCoBotRos/interbotix_ws/install/cmd_vel_mux/share/cmd_vel_mux/local_setup.bash
[0.901s] -- Up-to-date: /home/locobot/LoCoBotRos/interbotix_ws/install/cmd_vel_mux/share/cmd_vel_mux/local_setup.sh
[0.901s] -- Up-to-date: /home/locobot/LoCoBotRos/interbotix_ws/install/cmd_vel_mux/share/cmd_vel_mux/local_setup.zsh
[0.901s] -- Up-to-date: /home/locobot/LoCoBotRos/interbotix_ws/install/cmd_vel_mux/share/cmd_vel_mux/local_setup.dsv
[0.901s] -- Installing: /home/locobot/LoCoBotRos/interbotix_ws/install/cmd_vel_mux/share/cmd_vel_mux/package.dsv
[0.901s] -- Up-to-date: /home/locobot/LoCoBotRos/interbotix_ws/install/cmd_vel_mux/share/ament_index/resource_index/packages/cmd_vel_mux
[0.902s] -- Up-to-date: /home/locobot/LoCoBotRos/interbotix_ws/install/cmd_vel_mux/share/ament_index/resource_index/rclcpp_components/cmd_vel_mux
[0.902s] -- Up-to-date: /home/locobot/LoCoBotRos/interbotix_ws/install/cmd_vel_mux/share/cmd_vel_mux/cmake/cmd_vel_muxConfig.cmake
[0.902s] -- Up-to-date: /home/locobot/LoCoBotRos/interbotix_ws/install/cmd_vel_mux/share/cmd_vel_mux/cmake/cmd_vel_muxConfig-version.cmake
[0.903s] -- Up-to-date: /home/locobot/LoCoBotRos/interbotix_ws/install/cmd_vel_mux/share/cmd_vel_mux/package.xml
[1.049s] Invoked command in '/home/locobot/LoCoBotRos/interbotix_ws/build/cmd_vel_mux' returned '0': CMAKE_PREFIX_PATH=${CMAKE_PREFIX_PATH}:/home/locobot/LoCoBotRos/interbotix_ws/install/interbotix_xs_modules:/home/locobot/LoCoBotRos/interbotix_ws/install/interbotix_common_modules:/home/locobot/interbotix_ws/install/kobuki_description:/home/locobot/interbotix_ws/install/interbotix_xs_modules:/home/locobot/interbotix_ws/install/interbotix_common_sim:/home/locobot/interbotix_ws/install/interbotix_common_modules:/home/locobot/interbotix_ws/install/ecl_utilities:/home/locobot/interbotix_ws/install/ecl_math:/home/locobot/interbotix_ws/install/ecl_formatters:/home/locobot/interbotix_ws/install/ecl_converters:/home/locobot/interbotix_ws/install/ecl_concepts:/home/locobot/interbotix_ws/install/ecl_type_traits:/home/locobot/interbotix_ws/install/ecl_time_lite:/home/locobot/interbotix_ws/install/ecl_mpl:/home/locobot/interbotix_ws/install/ecl_exceptions:/home/locobot/interbotix_ws/install/ecl_errors:/home/locobot/interbotix_ws/install/ecl_eigen:/home/locobot/interbotix_ws/install/ecl_config:/home/locobot/interbotix_ws/install/ecl_command_line:/home/locobot/interbotix_ws/install/dynamixel_workbench_toolbox:/opt/ros/humble /usr/bin/cmake --install /home/locobot/LoCoBotRos/interbotix_ws/build/cmd_vel_mux
