-- Found ament_cmake_ros: 0.10.0 (/opt/ros/humble/share/ament_cmake_ros/cmake)
-- Found ecl_build: 1.0.3 (/opt/ros/humble/share/ecl_build/cmake)
-- Found ecl_config: 1.2.0 (/home/locobot/LoCoBotRos/interbotix_ws/install/ecl_config/share/ecl_config/cmake)
-- Found ecl_converters: 1.2.1 (/home/locobot/LoCoBotRos/interbotix_ws/install/ecl_converters/share/ecl_converters/cmake)
-- Found ecl_formatters: 1.2.1 (/home/locobot/LoCoBotRos/interbotix_ws/install/ecl_formatters/share/ecl_formatters/cmake)
-- Found ecl_utilities: 1.2.1 (/home/locobot/LoCoBotRos/interbotix_ws/install/ecl_utilities/share/ecl_utilities/cmake)
-- Found ament_lint_auto: 0.12.12 (/opt/ros/humble/share/ament_lint_auto/cmake)
-- Found gtest sources under '/opt/ros/humble/src/gtest_vendor': C++ tests using 'Google Test' will be built
-- Configuring done
-- Generating done
-- Build files have been written to: /home/locobot/LoCoBotRos/interbotix_ws/build/ecl_containers
[35m[1mConsolidate compiler generated dependencies of target gtest_main[0m
[35m[1mConsolidate compiler generated dependencies of target gtest[0m
[35m[1mConsolidate compiler generated dependencies of target ecl_demo_formatters[0m
[ 16%] [32mBuilding CXX object src/examples/CMakeFiles/ecl_demo_formatters.dir/formatters.cpp.o[0m
[ 16%] [32mBuilding CXX object gtest/CMakeFiles/gtest_main.dir/src/gtest_main.cc.o[0m
[ 16%] [32mBuilding CXX object gtest/CMakeFiles/gtest.dir/src/gtest-all.cc.o[0m
[ 22%] [32m[1mLinking CXX static library libgtest_main.a[0m
[ 22%] Built target gtest_main
[ 27%] [32m[1mLinking CXX executable demo_formatters[0m
[ 27%] Built target ecl_demo_formatters
[ 33%] [32m[1mLinking CXX static library libgtest.a[0m
[ 33%] Built target gtest
[35m[1mConsolidate compiler generated dependencies of target ecl_test_fifo[0m
[35m[1mConsolidate compiler generated dependencies of target ecl_test_container_converters[0m
[35m[1mConsolidate compiler generated dependencies of target ecl_test_arrays_mem_check[0m
[35m[1mConsolidate compiler generated dependencies of target ecl_test_arrays[0m
[35m[1mConsolidate compiler generated dependencies of target ecl_test_stencil[0m
[35m[1mConsolidate compiler generated dependencies of target ecl_test_push_and_pop[0m
[ 44%] [32mBuilding CXX object src/test/CMakeFiles/ecl_test_stencil.dir/stencil.cpp.o[0m
[ 44%] [32mBuilding CXX object src/test/CMakeFiles/ecl_test_arrays.dir/arrays.cpp.o[0m
[ 50%] [32mBuilding CXX object src/test/CMakeFiles/ecl_test_fifo.dir/fifo.cpp.o[0m
[ 61%] [32mBuilding CXX object src/test/CMakeFiles/ecl_test_arrays_mem_check.dir/arrays_mem_check.cpp.o[0m
[ 61%] [32mBuilding CXX object src/test/CMakeFiles/ecl_test_container_converters.dir/container_converters.cpp.o[0m
[ 66%] [32mBuilding CXX object src/test/CMakeFiles/ecl_test_push_and_pop.dir/push_and_pop.cpp.o[0m
[ 72%] [32m[1mLinking CXX executable ecl_test_fifo[0m
[ 72%] Built target ecl_test_fifo
[ 77%] [32m[1mLinking CXX executable ecl_test_push_and_pop[0m
[ 83%] [32m[1mLinking CXX executable ecl_test_stencil[0m
[ 88%] [32m[1mLinking CXX executable ecl_test_container_converters[0m
[ 88%] Built target ecl_test_push_and_pop
[ 94%] [32m[1mLinking CXX executable ecl_test_arrays[0m
[ 94%] Built target ecl_test_stencil
[ 94%] Built target ecl_test_container_converters
[100%] [32m[1mLinking CXX executable ecl_test_arrays_mem_check[0m
[100%] Built target ecl_test_arrays
[100%] Built target ecl_test_arrays_mem_check
-- Install configuration: "Release"
-- Up-to-date: /home/locobot/LoCoBotRos/interbotix_ws/install/ecl_containers/share/ament_index/resource_index/package_run_dependencies/ecl_containers
-- Installing: /home/locobot/LoCoBotRos/interbotix_ws/install/ecl_containers/share/ament_index/resource_index/parent_prefix_path/ecl_containers
-- Up-to-date: /home/locobot/LoCoBotRos/interbotix_ws/install/ecl_containers/share/ecl_containers/environment/ament_prefix_path.sh
-- Installing: /home/locobot/LoCoBotRos/interbotix_ws/install/ecl_containers/share/ecl_containers/environment/ament_prefix_path.dsv
-- Up-to-date: /home/locobot/LoCoBotRos/interbotix_ws/install/ecl_containers/share/ecl_containers/environment/path.sh
-- Installing: /home/locobot/LoCoBotRos/interbotix_ws/install/ecl_containers/share/ecl_containers/environment/path.dsv
-- Up-to-date: /home/locobot/LoCoBotRos/interbotix_ws/install/ecl_containers/share/ecl_containers/local_setup.bash
-- Up-to-date: /home/locobot/LoCoBotRos/interbotix_ws/install/ecl_containers/share/ecl_containers/local_setup.sh
-- Up-to-date: /home/locobot/LoCoBotRos/interbotix_ws/install/ecl_containers/share/ecl_containers/local_setup.zsh
-- Installing: /home/locobot/LoCoBotRos/interbotix_ws/install/ecl_containers/share/ecl_containers/local_setup.dsv
-- Installing: /home/locobot/LoCoBotRos/interbotix_ws/install/ecl_containers/share/ecl_containers/package.dsv
-- Up-to-date: /home/locobot/LoCoBotRos/interbotix_ws/install/ecl_containers/share/ament_index/resource_index/packages/ecl_containers
-- Up-to-date: /home/locobot/LoCoBotRos/interbotix_ws/install/ecl_containers/share/ecl_containers/cmake/ecl_containersExport.cmake
-- Up-to-date: /home/locobot/LoCoBotRos/interbotix_ws/install/ecl_containers/share/ecl_containers/cmake/ament_cmake_export_targets-extras.cmake
-- Up-to-date: /home/locobot/LoCoBotRos/interbotix_ws/install/ecl_containers/share/ecl_containers/cmake/ament_cmake_export_include_directories-extras.cmake
-- Up-to-date: /home/locobot/LoCoBotRos/interbotix_ws/install/ecl_containers/share/ecl_containers/cmake/ament_cmake_export_dependencies-extras.cmake
-- Up-to-date: /home/locobot/LoCoBotRos/interbotix_ws/install/ecl_containers/share/ecl_containers/cmake/ecl_containersConfig.cmake
-- Up-to-date: /home/locobot/LoCoBotRos/interbotix_ws/install/ecl_containers/share/ecl_containers/cmake/ecl_containersConfig-version.cmake
-- Up-to-date: /home/locobot/LoCoBotRos/interbotix_ws/install/ecl_containers/share/ecl_containers/package.xml
-- Up-to-date: /home/locobot/LoCoBotRos/interbotix_ws/install/ecl_containers/include/ecl/containers.hpp
-- Up-to-date: /home/locobot/LoCoBotRos/interbotix_ws/install/ecl_containers/include/ecl/containers/array.hpp
-- Up-to-date: /home/locobot/LoCoBotRos/interbotix_ws/install/ecl_containers/include/ecl/containers/converters.hpp
-- Up-to-date: /home/locobot/LoCoBotRos/interbotix_ws/install/ecl_containers/include/ecl/containers/definitions.hpp
-- Up-to-date: /home/locobot/LoCoBotRos/interbotix_ws/install/ecl_containers/include/ecl/containers/fifo.hpp
-- Up-to-date: /home/locobot/LoCoBotRos/interbotix_ws/install/ecl_containers/include/ecl/containers/initialiser.hpp
-- Up-to-date: /home/locobot/LoCoBotRos/interbotix_ws/install/ecl_containers/include/ecl/containers/push_and_pop.hpp
-- Up-to-date: /home/locobot/LoCoBotRos/interbotix_ws/install/ecl_containers/include/ecl/containers/stencil.hpp
-- Up-to-date: /home/locobot/LoCoBotRos/interbotix_ws/install/ecl_containers/include/ecl/containers/common/formatters.hpp
-- Up-to-date: /home/locobot/LoCoBotRos/interbotix_ws/install/ecl_containers/include/ecl/containers/array/array_dynamic_mem_check.hpp
-- Up-to-date: /home/locobot/LoCoBotRos/interbotix_ws/install/ecl_containers/include/ecl/containers/array/array_dynamic_no_mem_check.hpp
-- Up-to-date: /home/locobot/LoCoBotRos/interbotix_ws/install/ecl_containers/include/ecl/containers/array/array_mem_check.hpp
-- Up-to-date: /home/locobot/LoCoBotRos/interbotix_ws/install/ecl_containers/include/ecl/containers/array/array_no_mem_check.hpp
-- Up-to-date: /home/locobot/LoCoBotRos/interbotix_ws/install/ecl_containers/include/ecl/containers/array/converters.hpp
-- Up-to-date: /home/locobot/LoCoBotRos/interbotix_ws/install/ecl_containers/include/ecl/containers/array/formatters.hpp
-- Up-to-date: /home/locobot/LoCoBotRos/interbotix_ws/install/ecl_containers/include/ecl/containers/push_and_pop/formatters.hpp
-- Up-to-date: /home/locobot/LoCoBotRos/interbotix_ws/install/ecl_containers/include/ecl/containers/push_and_pop/push_and_pop_dynamic.hpp
-- Up-to-date: /home/locobot/LoCoBotRos/interbotix_ws/install/ecl_containers/include/ecl/containers/push_and_pop/push_and_pop_fixed.hpp
-- Up-to-date: /home/locobot/LoCoBotRos/interbotix_ws/install/ecl_containers/include/ecl/containers/stencil/converters.hpp
-- Up-to-date: /home/locobot/LoCoBotRos/interbotix_ws/install/ecl_containers/include/ecl/containers/stencil/formatters.hpp
-- Up-to-date: /home/locobot/LoCoBotRos/interbotix_ws/install/ecl_containers/include/ecl/containers/stencil/specialisations.hpp
-- Up-to-date: /home/locobot/LoCoBotRos/interbotix_ws/install/ecl_containers/include/ecl/containers/stencil/stencil.hpp
-- Installing: /home/locobot/LoCoBotRos/interbotix_ws/install/ecl_containers/lib/ecl_containers/demo_formatters
-- Set runtime path of "/home/locobot/LoCoBotRos/interbotix_ws/install/ecl_containers/lib/ecl_containers/demo_formatters" to ""
