[0.017s] Invoking command in '/home/locobot/LoCoBotRos/interbotix_ws/build/ecl_ipc': AMENT_PREFIX_PATH=/home/locobot/LoCoBotRos/interbotix_ws/install/ecl_threads:/home/locobot/LoCoBotRos/interbotix_ws/install/ecl_utilities:/home/locobot/LoCoBotRos/interbotix_ws/install/ecl_time:/home/locobot/LoCoBotRos/interbotix_ws/install/ecl_time_lite:/home/locobot/LoCoBotRos/interbotix_ws/install/ecl_exceptions:/home/locobot/LoCoBotRos/interbotix_ws/install/ecl_concepts:/home/locobot/LoCoBotRos/interbotix_ws/install/ecl_type_traits:/home/locobot/LoCoBotRos/interbotix_ws/install/ecl_errors:/home/locobot/LoCoBotRos/interbotix_ws/install/ecl_mpl:/home/locobot/LoCoBotRos/interbotix_ws/install/ecl_config:${AMENT_PREFIX_PATH} CMAKE_PREFIX_PATH=/home/locobot/LoCoBotRos/interbotix_ws/install/ecl_threads:/home/locobot/LoCoBotRos/interbotix_ws/install/ecl_utilities:/home/locobot/LoCoBotRos/interbotix_ws/install/ecl_time:/home/locobot/LoCoBotRos/interbotix_ws/install/ecl_time_lite:/home/locobot/LoCoBotRos/interbotix_ws/install/ecl_exceptions:/home/locobot/LoCoBotRos/interbotix_ws/install/ecl_concepts:/home/locobot/LoCoBotRos/interbotix_ws/install/ecl_type_traits:/home/locobot/LoCoBotRos/interbotix_ws/install/ecl_errors:/home/locobot/LoCoBotRos/interbotix_ws/install/ecl_mpl:/home/locobot/LoCoBotRos/interbotix_ws/install/ecl_config:/home/locobot/apriltag_ws/install/apriltag_ros:/opt/ros/humble LD_LIBRARY_PATH=/home/locobot/LoCoBotRos/interbotix_ws/install/ecl_threads/lib:/home/locobot/LoCoBotRos/interbotix_ws/install/ecl_time/lib:/home/locobot/LoCoBotRos/interbotix_ws/install/ecl_time_lite/lib:/home/locobot/LoCoBotRos/interbotix_ws/install/ecl_exceptions/lib:/home/locobot/LoCoBotRos/interbotix_ws/install/ecl_type_traits/lib:/home/locobot/LoCoBotRos/interbotix_ws/install/ecl_errors/lib:${LD_LIBRARY_PATH} PATH=/home/locobot/LoCoBotRos/interbotix_ws/install/ecl_type_traits/bin:/home/locobot/LoCoBotRos/interbotix_ws/install/ecl_config/bin:${PATH} /usr/bin/cmake --build /home/locobot/LoCoBotRos/interbotix_ws/build/ecl_ipc -- -j16 -l16
[0.051s] [35m[1mConsolidate compiler generated dependencies of target gtest_main[0m
[0.051s] [35m[1mConsolidate compiler generated dependencies of target gtest[0m
[0.052s] [35m[1mConsolidate compiler generated dependencies of target ecl_ipc[0m
[0.062s] [ 46%] Built target gtest
[0.062s] [ 46%] Built target gtest_main
[0.062s] [ 53%] Built target ecl_ipc
[0.071s] [35m[1mConsolidate compiler generated dependencies of target ecl_test_semaphores[0m
[0.071s] [35m[1mConsolidate compiler generated dependencies of target ecl_test_shared_memory[0m
[0.071s] [35m[1mConsolidate compiler generated dependencies of target ecl_test_semaphores_timed[0m
[0.082s] [ 69%] Built target ecl_test_semaphores
[0.083s] [ 84%] Built target ecl_test_shared_memory
[0.085s] [100%] Built target ecl_test_semaphores_timed
[0.093s] Invoked command in '/home/locobot/LoCoBotRos/interbotix_ws/build/ecl_ipc' returned '0': AMENT_PREFIX_PATH=/home/locobot/LoCoBotRos/interbotix_ws/install/ecl_threads:/home/locobot/LoCoBotRos/interbotix_ws/install/ecl_utilities:/home/locobot/LoCoBotRos/interbotix_ws/install/ecl_time:/home/locobot/LoCoBotRos/interbotix_ws/install/ecl_time_lite:/home/locobot/LoCoBotRos/interbotix_ws/install/ecl_exceptions:/home/locobot/LoCoBotRos/interbotix_ws/install/ecl_concepts:/home/locobot/LoCoBotRos/interbotix_ws/install/ecl_type_traits:/home/locobot/LoCoBotRos/interbotix_ws/install/ecl_errors:/home/locobot/LoCoBotRos/interbotix_ws/install/ecl_mpl:/home/locobot/LoCoBotRos/interbotix_ws/install/ecl_config:${AMENT_PREFIX_PATH} CMAKE_PREFIX_PATH=/home/locobot/LoCoBotRos/interbotix_ws/install/ecl_threads:/home/locobot/LoCoBotRos/interbotix_ws/install/ecl_utilities:/home/locobot/LoCoBotRos/interbotix_ws/install/ecl_time:/home/locobot/LoCoBotRos/interbotix_ws/install/ecl_time_lite:/home/locobot/LoCoBotRos/interbotix_ws/install/ecl_exceptions:/home/locobot/LoCoBotRos/interbotix_ws/install/ecl_concepts:/home/locobot/LoCoBotRos/interbotix_ws/install/ecl_type_traits:/home/locobot/LoCoBotRos/interbotix_ws/install/ecl_errors:/home/locobot/LoCoBotRos/interbotix_ws/install/ecl_mpl:/home/locobot/LoCoBotRos/interbotix_ws/install/ecl_config:/home/locobot/apriltag_ws/install/apriltag_ros:/opt/ros/humble LD_LIBRARY_PATH=/home/locobot/LoCoBotRos/interbotix_ws/install/ecl_threads/lib:/home/locobot/LoCoBotRos/interbotix_ws/install/ecl_time/lib:/home/locobot/LoCoBotRos/interbotix_ws/install/ecl_time_lite/lib:/home/locobot/LoCoBotRos/interbotix_ws/install/ecl_exceptions/lib:/home/locobot/LoCoBotRos/interbotix_ws/install/ecl_type_traits/lib:/home/locobot/LoCoBotRos/interbotix_ws/install/ecl_errors/lib:${LD_LIBRARY_PATH} PATH=/home/locobot/LoCoBotRos/interbotix_ws/install/ecl_type_traits/bin:/home/locobot/LoCoBotRos/interbotix_ws/install/ecl_config/bin:${PATH} /usr/bin/cmake --build /home/locobot/LoCoBotRos/interbotix_ws/build/ecl_ipc -- -j16 -l16
[0.095s] Invoking command in '/home/locobot/LoCoBotRos/interbotix_ws/build/ecl_ipc': AMENT_PREFIX_PATH=/home/locobot/LoCoBotRos/interbotix_ws/install/ecl_threads:/home/locobot/LoCoBotRos/interbotix_ws/install/ecl_utilities:/home/locobot/LoCoBotRos/interbotix_ws/install/ecl_time:/home/locobot/LoCoBotRos/interbotix_ws/install/ecl_time_lite:/home/locobot/LoCoBotRos/interbotix_ws/install/ecl_exceptions:/home/locobot/LoCoBotRos/interbotix_ws/install/ecl_concepts:/home/locobot/LoCoBotRos/interbotix_ws/install/ecl_type_traits:/home/locobot/LoCoBotRos/interbotix_ws/install/ecl_errors:/home/locobot/LoCoBotRos/interbotix_ws/install/ecl_mpl:/home/locobot/LoCoBotRos/interbotix_ws/install/ecl_config:${AMENT_PREFIX_PATH} CMAKE_PREFIX_PATH=/home/locobot/LoCoBotRos/interbotix_ws/install/ecl_threads:/home/locobot/LoCoBotRos/interbotix_ws/install/ecl_utilities:/home/locobot/LoCoBotRos/interbotix_ws/install/ecl_time:/home/locobot/LoCoBotRos/interbotix_ws/install/ecl_time_lite:/home/locobot/LoCoBotRos/interbotix_ws/install/ecl_exceptions:/home/locobot/LoCoBotRos/interbotix_ws/install/ecl_concepts:/home/locobot/LoCoBotRos/interbotix_ws/install/ecl_type_traits:/home/locobot/LoCoBotRos/interbotix_ws/install/ecl_errors:/home/locobot/LoCoBotRos/interbotix_ws/install/ecl_mpl:/home/locobot/LoCoBotRos/interbotix_ws/install/ecl_config:/home/locobot/apriltag_ws/install/apriltag_ros:/opt/ros/humble LD_LIBRARY_PATH=/home/locobot/LoCoBotRos/interbotix_ws/install/ecl_threads/lib:/home/locobot/LoCoBotRos/interbotix_ws/install/ecl_time/lib:/home/locobot/LoCoBotRos/interbotix_ws/install/ecl_time_lite/lib:/home/locobot/LoCoBotRos/interbotix_ws/install/ecl_exceptions/lib:/home/locobot/LoCoBotRos/interbotix_ws/install/ecl_type_traits/lib:/home/locobot/LoCoBotRos/interbotix_ws/install/ecl_errors/lib:${LD_LIBRARY_PATH} PATH=/home/locobot/LoCoBotRos/interbotix_ws/install/ecl_type_traits/bin:/home/locobot/LoCoBotRos/interbotix_ws/install/ecl_config/bin:${PATH} /usr/bin/cmake --install /home/locobot/LoCoBotRos/interbotix_ws/build/ecl_ipc
[0.103s] -- Install configuration: "Release"
[0.103s] -- Up-to-date: /home/locobot/LoCoBotRos/interbotix_ws/install/ecl_ipc/share/ecl_ipc/environment/library_path.sh
[0.104s] -- Up-to-date: /home/locobot/LoCoBotRos/interbotix_ws/install/ecl_ipc/share/ecl_ipc/environment/library_path.dsv
[0.104s] -- Up-to-date: /home/locobot/LoCoBotRos/interbotix_ws/install/ecl_ipc/share/ament_index/resource_index/package_run_dependencies/ecl_ipc
[0.104s] -- Up-to-date: /home/locobot/LoCoBotRos/interbotix_ws/install/ecl_ipc/share/ament_index/resource_index/parent_prefix_path/ecl_ipc
[0.104s] -- Up-to-date: /home/locobot/LoCoBotRos/interbotix_ws/install/ecl_ipc/share/ecl_ipc/environment/ament_prefix_path.sh
[0.104s] -- Up-to-date: /home/locobot/LoCoBotRos/interbotix_ws/install/ecl_ipc/share/ecl_ipc/environment/ament_prefix_path.dsv
[0.104s] -- Up-to-date: /home/locobot/LoCoBotRos/interbotix_ws/install/ecl_ipc/share/ecl_ipc/environment/path.sh
[0.104s] -- Up-to-date: /home/locobot/LoCoBotRos/interbotix_ws/install/ecl_ipc/share/ecl_ipc/environment/path.dsv
[0.104s] -- Up-to-date: /home/locobot/LoCoBotRos/interbotix_ws/install/ecl_ipc/share/ecl_ipc/local_setup.bash
[0.104s] -- Up-to-date: /home/locobot/LoCoBotRos/interbotix_ws/install/ecl_ipc/share/ecl_ipc/local_setup.sh
[0.104s] -- Up-to-date: /home/locobot/LoCoBotRos/interbotix_ws/install/ecl_ipc/share/ecl_ipc/local_setup.zsh
[0.104s] -- Up-to-date: /home/locobot/LoCoBotRos/interbotix_ws/install/ecl_ipc/share/ecl_ipc/local_setup.dsv
[0.104s] -- Installing: /home/locobot/LoCoBotRos/interbotix_ws/install/ecl_ipc/share/ecl_ipc/package.dsv
[0.104s] -- Up-to-date: /home/locobot/LoCoBotRos/interbotix_ws/install/ecl_ipc/share/ament_index/resource_index/packages/ecl_ipc
[0.105s] -- Up-to-date: /home/locobot/LoCoBotRos/interbotix_ws/install/ecl_ipc/share/ecl_ipc/cmake/ecl_ipcExport.cmake
[0.105s] -- Up-to-date: /home/locobot/LoCoBotRos/interbotix_ws/install/ecl_ipc/share/ecl_ipc/cmake/ecl_ipcExport-release.cmake
[0.105s] -- Up-to-date: /home/locobot/LoCoBotRos/interbotix_ws/install/ecl_ipc/share/ecl_ipc/cmake/ament_cmake_export_targets-extras.cmake
[0.105s] -- Up-to-date: /home/locobot/LoCoBotRos/interbotix_ws/install/ecl_ipc/share/ecl_ipc/cmake/ament_cmake_export_include_directories-extras.cmake
[0.105s] -- Up-to-date: /home/locobot/LoCoBotRos/interbotix_ws/install/ecl_ipc/share/ecl_ipc/cmake/ament_cmake_export_libraries-extras.cmake
[0.105s] -- Up-to-date: /home/locobot/LoCoBotRos/interbotix_ws/install/ecl_ipc/share/ecl_ipc/cmake/ament_cmake_export_dependencies-extras.cmake
[0.105s] -- Up-to-date: /home/locobot/LoCoBotRos/interbotix_ws/install/ecl_ipc/share/ecl_ipc/cmake/ecl_ipcConfig.cmake
[0.105s] -- Up-to-date: /home/locobot/LoCoBotRos/interbotix_ws/install/ecl_ipc/share/ecl_ipc/cmake/ecl_ipcConfig-version.cmake
[0.105s] -- Up-to-date: /home/locobot/LoCoBotRos/interbotix_ws/install/ecl_ipc/share/ecl_ipc/package.xml
[0.105s] -- Up-to-date: /home/locobot/LoCoBotRos/interbotix_ws/install/ecl_ipc/include/ecl/ipc.hpp
[0.105s] -- Up-to-date: /home/locobot/LoCoBotRos/interbotix_ws/install/ecl_ipc/include/ecl/ipc/semaphore.hpp
[0.105s] -- Up-to-date: /home/locobot/LoCoBotRos/interbotix_ws/install/ecl_ipc/include/ecl/ipc/semaphore_pos.hpp
[0.105s] -- Up-to-date: /home/locobot/LoCoBotRos/interbotix_ws/install/ecl_ipc/include/ecl/ipc/shared_memory.hpp
[0.106s] -- Up-to-date: /home/locobot/LoCoBotRos/interbotix_ws/install/ecl_ipc/include/ecl/ipc/shared_memory_pos.hpp
[0.106s] -- Up-to-date: /home/locobot/LoCoBotRos/interbotix_ws/install/ecl_ipc/lib/libecl_ipc.so.1.2.1
[0.106s] -- Up-to-date: /home/locobot/LoCoBotRos/interbotix_ws/install/ecl_ipc/lib/libecl_ipc.so
[0.109s] Invoked command in '/home/locobot/LoCoBotRos/interbotix_ws/build/ecl_ipc' returned '0': AMENT_PREFIX_PATH=/home/locobot/LoCoBotRos/interbotix_ws/install/ecl_threads:/home/locobot/LoCoBotRos/interbotix_ws/install/ecl_utilities:/home/locobot/LoCoBotRos/interbotix_ws/install/ecl_time:/home/locobot/LoCoBotRos/interbotix_ws/install/ecl_time_lite:/home/locobot/LoCoBotRos/interbotix_ws/install/ecl_exceptions:/home/locobot/LoCoBotRos/interbotix_ws/install/ecl_concepts:/home/locobot/LoCoBotRos/interbotix_ws/install/ecl_type_traits:/home/locobot/LoCoBotRos/interbotix_ws/install/ecl_errors:/home/locobot/LoCoBotRos/interbotix_ws/install/ecl_mpl:/home/locobot/LoCoBotRos/interbotix_ws/install/ecl_config:${AMENT_PREFIX_PATH} CMAKE_PREFIX_PATH=/home/locobot/LoCoBotRos/interbotix_ws/install/ecl_threads:/home/locobot/LoCoBotRos/interbotix_ws/install/ecl_utilities:/home/locobot/LoCoBotRos/interbotix_ws/install/ecl_time:/home/locobot/LoCoBotRos/interbotix_ws/install/ecl_time_lite:/home/locobot/LoCoBotRos/interbotix_ws/install/ecl_exceptions:/home/locobot/LoCoBotRos/interbotix_ws/install/ecl_concepts:/home/locobot/LoCoBotRos/interbotix_ws/install/ecl_type_traits:/home/locobot/LoCoBotRos/interbotix_ws/install/ecl_errors:/home/locobot/LoCoBotRos/interbotix_ws/install/ecl_mpl:/home/locobot/LoCoBotRos/interbotix_ws/install/ecl_config:/home/locobot/apriltag_ws/install/apriltag_ros:/opt/ros/humble LD_LIBRARY_PATH=/home/locobot/LoCoBotRos/interbotix_ws/install/ecl_threads/lib:/home/locobot/LoCoBotRos/interbotix_ws/install/ecl_time/lib:/home/locobot/LoCoBotRos/interbotix_ws/install/ecl_time_lite/lib:/home/locobot/LoCoBotRos/interbotix_ws/install/ecl_exceptions/lib:/home/locobot/LoCoBotRos/interbotix_ws/install/ecl_type_traits/lib:/home/locobot/LoCoBotRos/interbotix_ws/install/ecl_errors/lib:${LD_LIBRARY_PATH} PATH=/home/locobot/LoCoBotRos/interbotix_ws/install/ecl_type_traits/bin:/home/locobot/LoCoBotRos/interbotix_ws/install/ecl_config/bin:${PATH} /usr/bin/cmake --install /home/locobot/LoCoBotRos/interbotix_ws/build/ecl_ipc
