-- Found ament_cmake_ros: 0.10.0 (/opt/ros/humble/share/ament_cmake_ros/cmake)
-- Found ecl_build: 1.0.3 (/opt/ros/humble/share/ecl_build/cmake)
-- Found ecl_concepts: 1.2.1 (/home/locobot/LoCoBotRos/interbotix_ws/install/ecl_concepts/share/ecl_concepts/cmake)
-- Found ament_lint_auto: 0.12.12 (/opt/ros/humble/share/ament_lint_auto/cmake)
-- Found gtest sources under '/opt/ros/humble/src/gtest_vendor': C++ tests using 'Google Test' will be built
-- Configuring done
-- Generating done
-- Build files have been written to: /home/locobot/LoCoBotRos/interbotix_ws/build/ecl_utilities
[35m[1mConsolidate compiler generated dependencies of target ecl_demo_constructors[0m
[35m[1mConsolidate compiler generated dependencies of target gtest_main[0m
[35m[1mConsolidate compiler generated dependencies of target gtest[0m
[ 12%] Built target ecl_demo_constructors
[ 25%] Built target gtest_main
[ 37%] Built target gtest
[35m[1mConsolidate compiler generated dependencies of target ecl_test_references[0m
[35m[1mConsolidate compiler generated dependencies of target ecl_test_parameters[0m
[35m[1mConsolidate compiler generated dependencies of target ecl_test_function_objects[0m
[35m[1mConsolidate compiler generated dependencies of target ecl_test_singleton[0m
[35m[1mConsolidate compiler generated dependencies of target ecl_test_flags[0m
[ 50%] Built target ecl_test_references
[ 62%] Built target ecl_test_parameters
[ 75%] Built target ecl_test_function_objects
[ 87%] Built target ecl_test_singleton
[100%] Built target ecl_test_flags
-- Install configuration: "Release"
-- Up-to-date: /home/locobot/LoCoBotRos/interbotix_ws/install/ecl_utilities/share/ament_index/resource_index/package_run_dependencies/ecl_utilities
-- Up-to-date: /home/locobot/LoCoBotRos/interbotix_ws/install/ecl_utilities/share/ament_index/resource_index/parent_prefix_path/ecl_utilities
-- Up-to-date: /home/locobot/LoCoBotRos/interbotix_ws/install/ecl_utilities/share/ecl_utilities/environment/ament_prefix_path.sh
-- Installing: /home/locobot/LoCoBotRos/interbotix_ws/install/ecl_utilities/share/ecl_utilities/environment/ament_prefix_path.dsv
-- Up-to-date: /home/locobot/LoCoBotRos/interbotix_ws/install/ecl_utilities/share/ecl_utilities/environment/path.sh
-- Installing: /home/locobot/LoCoBotRos/interbotix_ws/install/ecl_utilities/share/ecl_utilities/environment/path.dsv
-- Up-to-date: /home/locobot/LoCoBotRos/interbotix_ws/install/ecl_utilities/share/ecl_utilities/local_setup.bash
-- Up-to-date: /home/locobot/LoCoBotRos/interbotix_ws/install/ecl_utilities/share/ecl_utilities/local_setup.sh
-- Up-to-date: /home/locobot/LoCoBotRos/interbotix_ws/install/ecl_utilities/share/ecl_utilities/local_setup.zsh
-- Installing: /home/locobot/LoCoBotRos/interbotix_ws/install/ecl_utilities/share/ecl_utilities/local_setup.dsv
-- Installing: /home/locobot/LoCoBotRos/interbotix_ws/install/ecl_utilities/share/ecl_utilities/package.dsv
-- Up-to-date: /home/locobot/LoCoBotRos/interbotix_ws/install/ecl_utilities/share/ament_index/resource_index/packages/ecl_utilities
-- Up-to-date: /home/locobot/LoCoBotRos/interbotix_ws/install/ecl_utilities/share/ecl_utilities/cmake/ecl_utilitiesExport.cmake
-- Up-to-date: /home/locobot/LoCoBotRos/interbotix_ws/install/ecl_utilities/share/ecl_utilities/cmake/ament_cmake_export_targets-extras.cmake
-- Up-to-date: /home/locobot/LoCoBotRos/interbotix_ws/install/ecl_utilities/share/ecl_utilities/cmake/ament_cmake_export_include_directories-extras.cmake
-- Up-to-date: /home/locobot/LoCoBotRos/interbotix_ws/install/ecl_utilities/share/ecl_utilities/cmake/ament_cmake_export_dependencies-extras.cmake
-- Up-to-date: /home/locobot/LoCoBotRos/interbotix_ws/install/ecl_utilities/share/ecl_utilities/cmake/ecl_utilitiesConfig.cmake
-- Up-to-date: /home/locobot/LoCoBotRos/interbotix_ws/install/ecl_utilities/share/ecl_utilities/cmake/ecl_utilitiesConfig-version.cmake
-- Up-to-date: /home/locobot/LoCoBotRos/interbotix_ws/install/ecl_utilities/share/ecl_utilities/package.xml
-- Up-to-date: /home/locobot/LoCoBotRos/interbotix_ws/install/ecl_utilities/include/ecl/utilities.hpp
-- Up-to-date: /home/locobot/LoCoBotRos/interbotix_ws/install/ecl_utilities/include/ecl/utilities/blueprints.hpp
-- Up-to-date: /home/locobot/LoCoBotRos/interbotix_ws/install/ecl_utilities/include/ecl/utilities/flags.hpp
-- Up-to-date: /home/locobot/LoCoBotRos/interbotix_ws/install/ecl_utilities/include/ecl/utilities/function_objects.hpp
-- Up-to-date: /home/locobot/LoCoBotRos/interbotix_ws/install/ecl_utilities/include/ecl/utilities/parameter.hpp
-- Up-to-date: /home/locobot/LoCoBotRos/interbotix_ws/install/ecl_utilities/include/ecl/utilities/references.hpp
-- Up-to-date: /home/locobot/LoCoBotRos/interbotix_ws/install/ecl_utilities/include/ecl/utilities/singleton.hpp
-- Up-to-date: /home/locobot/LoCoBotRos/interbotix_ws/install/ecl_utilities/include/ecl/utilities/void.hpp
-- Up-to-date: /home/locobot/LoCoBotRos/interbotix_ws/install/ecl_utilities/lib/ecl_utilities/demo_constructors
