[0.007s] Invoking command in '/home/locobot/LoCoBotRos/interbotix_ws/build/ecl_mpl': CMAKE_PREFIX_PATH=${CMAKE_PREFIX_PATH}:/opt/ros/humble /usr/bin/cmake /home/locobot/LoCoBotRos/interbotix_ws/src/ecl_core/ecl_mpl -DCMAKE_BUILD_TYPE=Debug -DCMAKE_INSTALL_PREFIX=/home/locobot/LoCoBotRos/interbotix_ws/install/ecl_mpl
[0.018s] -- Found ament_cmake_ros: 0.10.0 (/opt/ros/humble/share/ament_cmake_ros/cmake)
[0.113s] -- Found ecl_build: 1.0.3 (/opt/ros/humble/share/ecl_build/cmake)
[0.119s] -- Found ament_lint_auto: 0.12.12 (/opt/ros/humble/share/ament_lint_auto/cmake)
[0.178s] -- Found gtest sources under '/opt/ros/humble/src/gtest_vendor': C++ tests using 'Google Test' will be built
[0.230s] -- Configuring done
[0.244s] -- Generating done
[0.247s] -- Build files have been written to: /home/locobot/LoCoBotRos/interbotix_ws/build/ecl_mpl
[0.251s] Invoked command in '/home/locobot/LoCoBotRos/interbotix_ws/build/ecl_mpl' returned '0': CMAKE_PREFIX_PATH=${CMAKE_PREFIX_PATH}:/opt/ros/humble /usr/bin/cmake /home/locobot/LoCoBotRos/interbotix_ws/src/ecl_core/ecl_mpl -DCMAKE_BUILD_TYPE=Debug -DCMAKE_INSTALL_PREFIX=/home/locobot/LoCoBotRos/interbotix_ws/install/ecl_mpl
[0.252s] Invoking command in '/home/locobot/LoCoBotRos/interbotix_ws/build/ecl_mpl': CMAKE_PREFIX_PATH=${CMAKE_PREFIX_PATH}:/opt/ros/humble /usr/bin/cmake --build /home/locobot/LoCoBotRos/interbotix_ws/build/ecl_mpl -- -j16 -l16
[0.282s] [35m[1mConsolidate compiler generated dependencies of target gtest_main[0m
[0.284s] [35m[1mConsolidate compiler generated dependencies of target gtest[0m
[0.295s] [ 33%] Built target gtest_main
[0.296s] [ 66%] Built target gtest
[0.306s] [35m[1mConsolidate compiler generated dependencies of target test_enable_if[0m
[0.315s] [100%] Built target test_enable_if
[0.322s] Invoked command in '/home/locobot/LoCoBotRos/interbotix_ws/build/ecl_mpl' returned '0': CMAKE_PREFIX_PATH=${CMAKE_PREFIX_PATH}:/opt/ros/humble /usr/bin/cmake --build /home/locobot/LoCoBotRos/interbotix_ws/build/ecl_mpl -- -j16 -l16
[0.324s] Invoking command in '/home/locobot/LoCoBotRos/interbotix_ws/build/ecl_mpl': CMAKE_PREFIX_PATH=${CMAKE_PREFIX_PATH}:/opt/ros/humble /usr/bin/cmake --install /home/locobot/LoCoBotRos/interbotix_ws/build/ecl_mpl
[0.329s] -- Install configuration: "Debug"
[0.330s] -- Up-to-date: /home/locobot/LoCoBotRos/interbotix_ws/install/ecl_mpl/share/ament_index/resource_index/package_run_dependencies/ecl_mpl
[0.330s] -- Up-to-date: /home/locobot/LoCoBotRos/interbotix_ws/install/ecl_mpl/share/ament_index/resource_index/parent_prefix_path/ecl_mpl
[0.330s] -- Up-to-date: /home/locobot/LoCoBotRos/interbotix_ws/install/ecl_mpl/share/ecl_mpl/environment/ament_prefix_path.sh
[0.330s] -- Installing: /home/locobot/LoCoBotRos/interbotix_ws/install/ecl_mpl/share/ecl_mpl/environment/ament_prefix_path.dsv
[0.330s] -- Up-to-date: /home/locobot/LoCoBotRos/interbotix_ws/install/ecl_mpl/share/ecl_mpl/environment/path.sh
[0.330s] -- Installing: /home/locobot/LoCoBotRos/interbotix_ws/install/ecl_mpl/share/ecl_mpl/environment/path.dsv
[0.330s] -- Up-to-date: /home/locobot/LoCoBotRos/interbotix_ws/install/ecl_mpl/share/ecl_mpl/local_setup.bash
[0.330s] -- Up-to-date: /home/locobot/LoCoBotRos/interbotix_ws/install/ecl_mpl/share/ecl_mpl/local_setup.sh
[0.330s] -- Up-to-date: /home/locobot/LoCoBotRos/interbotix_ws/install/ecl_mpl/share/ecl_mpl/local_setup.zsh
[0.331s] -- Installing: /home/locobot/LoCoBotRos/interbotix_ws/install/ecl_mpl/share/ecl_mpl/local_setup.dsv
[0.331s] -- Installing: /home/locobot/LoCoBotRos/interbotix_ws/install/ecl_mpl/share/ecl_mpl/package.dsv
[0.331s] -- Up-to-date: /home/locobot/LoCoBotRos/interbotix_ws/install/ecl_mpl/share/ament_index/resource_index/packages/ecl_mpl
[0.331s] -- Up-to-date: /home/locobot/LoCoBotRos/interbotix_ws/install/ecl_mpl/share/ecl_mpl/cmake/ecl_mplExport.cmake
[0.331s] -- Up-to-date: /home/locobot/LoCoBotRos/interbotix_ws/install/ecl_mpl/share/ecl_mpl/cmake/ament_cmake_export_targets-extras.cmake
[0.331s] -- Up-to-date: /home/locobot/LoCoBotRos/interbotix_ws/install/ecl_mpl/share/ecl_mpl/cmake/ament_cmake_export_include_directories-extras.cmake
[0.331s] -- Up-to-date: /home/locobot/LoCoBotRos/interbotix_ws/install/ecl_mpl/share/ecl_mpl/cmake/ecl_mplConfig.cmake
[0.331s] -- Up-to-date: /home/locobot/LoCoBotRos/interbotix_ws/install/ecl_mpl/share/ecl_mpl/cmake/ecl_mplConfig-version.cmake
[0.331s] -- Up-to-date: /home/locobot/LoCoBotRos/interbotix_ws/install/ecl_mpl/share/ecl_mpl/package.xml
[0.332s] -- Up-to-date: /home/locobot/LoCoBotRos/interbotix_ws/install/ecl_mpl/include/ecl/mpl.hpp
[0.332s] -- Up-to-date: /home/locobot/LoCoBotRos/interbotix_ws/install/ecl_mpl/include/ecl/mpl/bool.hpp
[0.332s] -- Up-to-date: /home/locobot/LoCoBotRos/interbotix_ws/install/ecl_mpl/include/ecl/mpl/converters.hpp
[0.332s] -- Up-to-date: /home/locobot/LoCoBotRos/interbotix_ws/install/ecl_mpl/include/ecl/mpl/enable_if.hpp
[0.332s] -- Up-to-date: /home/locobot/LoCoBotRos/interbotix_ws/install/ecl_mpl/include/ecl/mpl/failed_object.hpp
[0.332s] -- Up-to-date: /home/locobot/LoCoBotRos/interbotix_ws/install/ecl_mpl/include/ecl/mpl/if.hpp
[0.334s] Invoked command in '/home/locobot/LoCoBotRos/interbotix_ws/build/ecl_mpl' returned '0': CMAKE_PREFIX_PATH=${CMAKE_PREFIX_PATH}:/opt/ros/humble /usr/bin/cmake --install /home/locobot/LoCoBotRos/interbotix_ws/build/ecl_mpl
