[122.563s] Invoking command in '/home/locobot/LoCoBotRos/interbotix_ws/src/interbotix_ros_toolboxes/interbotix_common_toolbox/interbotix_common_modules': PYTHONPATH=/home/locobot/LoCoBotRos/interbotix_ws/build/interbotix_common_modules/prefix_override:/usr/lib/python3/dist-packages/colcon_core/task/python/colcon_distutils_commands:/home/locobot/LoCoBotRos/interbotix_ws/install/interbotix_common_modules/lib/python3.10/site-packages:${PYTHONPATH} /usr/bin/python3 -W ignore:setup.py install is deprecated -W ignore:easy_install command is deprecated setup.py egg_info --egg-base ../../../../build/interbotix_common_modules build --build-base /home/locobot/LoCoBotRos/interbotix_ws/build/interbotix_common_modules/build install --record /home/locobot/LoCoBotRos/interbotix_ws/build/interbotix_common_modules/install.log --single-version-externally-managed install_data
[122.897s] running egg_info
[122.898s] writing ../../../../build/interbotix_common_modules/interbotix_common_modules.egg-info/PKG-INFO
[122.900s] writing dependency_links to ../../../../build/interbotix_common_modules/interbotix_common_modules.egg-info/dependency_links.txt
[122.900s] writing entry points to ../../../../build/interbotix_common_modules/interbotix_common_modules.egg-info/entry_points.txt
[122.900s] writing requirements to ../../../../build/interbotix_common_modules/interbotix_common_modules.egg-info/requires.txt
[122.900s] writing top-level names to ../../../../build/interbotix_common_modules/interbotix_common_modules.egg-info/top_level.txt
[122.903s] reading manifest file '../../../../build/interbotix_common_modules/interbotix_common_modules.egg-info/SOURCES.txt'
[122.905s] writing manifest file '../../../../build/interbotix_common_modules/interbotix_common_modules.egg-info/SOURCES.txt'
[122.905s] running build
[122.905s] running build_py
[122.908s] running install
[122.909s] running install_lib
[122.913s] running install_data
[122.914s] running install_egg_info
[122.918s] removing '/home/locobot/LoCoBotRos/interbotix_ws/install/interbotix_common_modules/lib/python3.10/site-packages/interbotix_common_modules-0.0.0-py3.10.egg-info' (and everything under it)
[122.919s] Copying ../../../../build/interbotix_common_modules/interbotix_common_modules.egg-info to /home/locobot/LoCoBotRos/interbotix_ws/install/interbotix_common_modules/lib/python3.10/site-packages/interbotix_common_modules-0.0.0-py3.10.egg-info
[122.920s] running install_scripts
[122.953s] writing list of installed files to '/home/locobot/LoCoBotRos/interbotix_ws/build/interbotix_common_modules/install.log'
[122.998s] Invoked command in '/home/locobot/LoCoBotRos/interbotix_ws/src/interbotix_ros_toolboxes/interbotix_common_toolbox/interbotix_common_modules' returned '0': PYTHONPATH=/home/locobot/LoCoBotRos/interbotix_ws/build/interbotix_common_modules/prefix_override:/usr/lib/python3/dist-packages/colcon_core/task/python/colcon_distutils_commands:/home/locobot/LoCoBotRos/interbotix_ws/install/interbotix_common_modules/lib/python3.10/site-packages:${PYTHONPATH} /usr/bin/python3 -W ignore:setup.py install is deprecated -W ignore:easy_install command is deprecated setup.py egg_info --egg-base ../../../../build/interbotix_common_modules build --build-base /home/locobot/LoCoBotRos/interbotix_ws/build/interbotix_common_modules/build install --record /home/locobot/LoCoBotRos/interbotix_ws/build/interbotix_common_modules/install.log --single-version-externally-managed install_data
