[0.387s] Invoking command in '/home/locobot/LoCoBotRos/interbotix_ws/build/sophus': CMAKE_PREFIX_PATH=${CMAKE_PREFIX_PATH}:/home/locobot/LoCoBotRos/interbotix_ws/install/moveit_configs_utils:/home/locobot/LoCoBotRos/interbotix_ws/install/launch_param_builder:/home/locobot/LoCoBotRos/interbotix_ws/install/interbotix_xs_modules:/home/locobot/LoCoBotRos/interbotix_ws/install/interbotix_common_modules:/opt/ros/humble /usr/bin/cmake --build /home/locobot/LoCoBotRos/interbotix_ws/build/sophus -- -j16 -l16
[0.509s] [  8%] Built target test_se2
[0.510s] [ 16%] Built target test_common
[0.513s] [ 25%] Built target test_rxso2
[0.513s] [ 33%] Built target test_sim2
[0.525s] [ 45%] Built target test_so3
[0.525s] [ 50%] Built target test_so2
[0.526s] [ 75%] Built target test_rxso3
[0.526s] [ 75%] Built target test_geometry
[0.527s] [ 75%] Built target HelloSO3
[0.530s] [ 91%] Built target test_velocities
[0.530s] [ 91%] Built target test_se3
[0.535s] [100%] Built target test_sim3
[0.895s] Invoked command in '/home/locobot/LoCoBotRos/interbotix_ws/build/sophus' returned '0': CMAKE_PREFIX_PATH=${CMAKE_PREFIX_PATH}:/home/locobot/LoCoBotRos/interbotix_ws/install/moveit_configs_utils:/home/locobot/LoCoBotRos/interbotix_ws/install/launch_param_builder:/home/locobot/LoCoBotRos/interbotix_ws/install/interbotix_xs_modules:/home/locobot/LoCoBotRos/interbotix_ws/install/interbotix_common_modules:/opt/ros/humble /usr/bin/cmake --build /home/locobot/LoCoBotRos/interbotix_ws/build/sophus -- -j16 -l16
[0.896s] Invoking command in '/home/locobot/LoCoBotRos/interbotix_ws/build/sophus': CMAKE_PREFIX_PATH=${CMAKE_PREFIX_PATH}:/home/locobot/LoCoBotRos/interbotix_ws/install/moveit_configs_utils:/home/locobot/LoCoBotRos/interbotix_ws/install/launch_param_builder:/home/locobot/LoCoBotRos/interbotix_ws/install/interbotix_xs_modules:/home/locobot/LoCoBotRos/interbotix_ws/install/interbotix_common_modules:/opt/ros/humble /usr/bin/cmake --install /home/locobot/LoCoBotRos/interbotix_ws/build/sophus
[0.928s] -- Install configuration: "Release"
[0.928s] -- Up-to-date: /home/locobot/LoCoBotRos/interbotix_ws/install/sophus/share/sophus/cmake/SophusTargets.cmake
[0.928s] -- Up-to-date: /home/locobot/LoCoBotRos/interbotix_ws/install/sophus/share/sophus/cmake/SophusConfig.cmake
[0.928s] -- Up-to-date: /home/locobot/LoCoBotRos/interbotix_ws/install/sophus/share/sophus/cmake/SophusConfigVersion.cmake
[0.928s] -- Up-to-date: /home/locobot/LoCoBotRos/interbotix_ws/install/sophus/include/sophus/average.hpp
[0.928s] -- Up-to-date: /home/locobot/LoCoBotRos/interbotix_ws/install/sophus/include/sophus/common.hpp
[0.928s] -- Up-to-date: /home/locobot/LoCoBotRos/interbotix_ws/install/sophus/include/sophus/geometry.hpp
[0.928s] -- Up-to-date: /home/locobot/LoCoBotRos/interbotix_ws/install/sophus/include/sophus/interpolate.hpp
[0.929s] -- Up-to-date: /home/locobot/LoCoBotRos/interbotix_ws/install/sophus/include/sophus/interpolate_details.hpp
[0.929s] -- Up-to-date: /home/locobot/LoCoBotRos/interbotix_ws/install/sophus/include/sophus/num_diff.hpp
[0.929s] -- Up-to-date: /home/locobot/LoCoBotRos/interbotix_ws/install/sophus/include/sophus/rotation_matrix.hpp
[0.929s] -- Up-to-date: /home/locobot/LoCoBotRos/interbotix_ws/install/sophus/include/sophus/rxso2.hpp
[0.929s] -- Up-to-date: /home/locobot/LoCoBotRos/interbotix_ws/install/sophus/include/sophus/rxso3.hpp
[0.929s] -- Up-to-date: /home/locobot/LoCoBotRos/interbotix_ws/install/sophus/include/sophus/se2.hpp
[0.929s] -- Up-to-date: /home/locobot/LoCoBotRos/interbotix_ws/install/sophus/include/sophus/se3.hpp
[0.929s] -- Up-to-date: /home/locobot/LoCoBotRos/interbotix_ws/install/sophus/include/sophus/sim2.hpp
[0.930s] -- Up-to-date: /home/locobot/LoCoBotRos/interbotix_ws/install/sophus/include/sophus/sim3.hpp
[0.930s] -- Up-to-date: /home/locobot/LoCoBotRos/interbotix_ws/install/sophus/include/sophus/sim_details.hpp
[0.930s] -- Up-to-date: /home/locobot/LoCoBotRos/interbotix_ws/install/sophus/include/sophus/so2.hpp
[0.930s] -- Up-to-date: /home/locobot/LoCoBotRos/interbotix_ws/install/sophus/include/sophus/so3.hpp
[0.930s] -- Up-to-date: /home/locobot/LoCoBotRos/interbotix_ws/install/sophus/include/sophus/types.hpp
[0.930s] -- Up-to-date: /home/locobot/LoCoBotRos/interbotix_ws/install/sophus/include/sophus/velocities.hpp
[0.930s] -- Up-to-date: /home/locobot/LoCoBotRos/interbotix_ws/install/sophus/include/sophus/formatstring.hpp
[1.166s] Invoked command in '/home/locobot/LoCoBotRos/interbotix_ws/build/sophus' returned '0': CMAKE_PREFIX_PATH=${CMAKE_PREFIX_PATH}:/home/locobot/LoCoBotRos/interbotix_ws/install/moveit_configs_utils:/home/locobot/LoCoBotRos/interbotix_ws/install/launch_param_builder:/home/locobot/LoCoBotRos/interbotix_ws/install/interbotix_xs_modules:/home/locobot/LoCoBotRos/interbotix_ws/install/interbotix_common_modules:/opt/ros/humble /usr/bin/cmake --install /home/locobot/LoCoBotRos/interbotix_ws/build/sophus
