[0.008s] Invoking command in '/home/locobot/LoCoBotRos/interbotix_ws/build/moveit_resources_fanuc_moveit_config': AMENT_PREFIX_PATH=/home/locobot/LoCoBotRos/interbotix_ws/install/moveit_resources_fanuc_description:${AMENT_PREFIX_PATH} CMAKE_PREFIX_PATH=/home/locobot/LoCoBotRos/interbotix_ws/install/moveit_resources_fanuc_description:/home/locobot/apriltag_ws/install/apriltag_ros:/opt/ros/humble /usr/bin/cmake /home/locobot/LoCoBotRos/interbotix_ws/src/moveit_resources/fanuc_moveit_config -DCMAKE_BUILD_TYPE=Debug -DCMAKE_INSTALL_PREFIX=/home/locobot/LoCoBotRos/interbotix_ws/install/moveit_resources_fanuc_moveit_config
[0.018s] -- Found ament_cmake: 1.3.11 (/opt/ros/humble/share/ament_cmake/cmake)
[0.196s] -- Configuring done
[0.199s] -- Generating done
[0.200s] -- Build files have been written to: /home/locobot/LoCoBotRos/interbotix_ws/build/moveit_resources_fanuc_moveit_config
[0.202s] Invoked command in '/home/locobot/LoCoBotRos/interbotix_ws/build/moveit_resources_fanuc_moveit_config' returned '0': AMENT_PREFIX_PATH=/home/locobot/LoCoBotRos/interbotix_ws/install/moveit_resources_fanuc_description:${AMENT_PREFIX_PATH} CMAKE_PREFIX_PATH=/home/locobot/LoCoBotRos/interbotix_ws/install/moveit_resources_fanuc_description:/home/locobot/apriltag_ws/install/apriltag_ros:/opt/ros/humble /usr/bin/cmake /home/locobot/LoCoBotRos/interbotix_ws/src/moveit_resources/fanuc_moveit_config -DCMAKE_BUILD_TYPE=Debug -DCMAKE_INSTALL_PREFIX=/home/locobot/LoCoBotRos/interbotix_ws/install/moveit_resources_fanuc_moveit_config
[0.204s] Invoking command in '/home/locobot/LoCoBotRos/interbotix_ws/build/moveit_resources_fanuc_moveit_config': AMENT_PREFIX_PATH=/home/locobot/LoCoBotRos/interbotix_ws/install/moveit_resources_fanuc_description:${AMENT_PREFIX_PATH} CMAKE_PREFIX_PATH=/home/locobot/LoCoBotRos/interbotix_ws/install/moveit_resources_fanuc_description:/home/locobot/apriltag_ws/install/apriltag_ros:/opt/ros/humble /usr/bin/cmake --build /home/locobot/LoCoBotRos/interbotix_ws/build/moveit_resources_fanuc_moveit_config -- -j16 -l16
[0.236s] Invoked command in '/home/locobot/LoCoBotRos/interbotix_ws/build/moveit_resources_fanuc_moveit_config' returned '0': AMENT_PREFIX_PATH=/home/locobot/LoCoBotRos/interbotix_ws/install/moveit_resources_fanuc_description:${AMENT_PREFIX_PATH} CMAKE_PREFIX_PATH=/home/locobot/LoCoBotRos/interbotix_ws/install/moveit_resources_fanuc_description:/home/locobot/apriltag_ws/install/apriltag_ros:/opt/ros/humble /usr/bin/cmake --build /home/locobot/LoCoBotRos/interbotix_ws/build/moveit_resources_fanuc_moveit_config -- -j16 -l16
[0.238s] Invoking command in '/home/locobot/LoCoBotRos/interbotix_ws/build/moveit_resources_fanuc_moveit_config': AMENT_PREFIX_PATH=/home/locobot/LoCoBotRos/interbotix_ws/install/moveit_resources_fanuc_description:${AMENT_PREFIX_PATH} CMAKE_PREFIX_PATH=/home/locobot/LoCoBotRos/interbotix_ws/install/moveit_resources_fanuc_description:/home/locobot/apriltag_ws/install/apriltag_ros:/opt/ros/humble /usr/bin/cmake --install /home/locobot/LoCoBotRos/interbotix_ws/build/moveit_resources_fanuc_moveit_config
[0.246s] -- Install configuration: "Debug"
[0.246s] -- Up-to-date: /home/locobot/LoCoBotRos/interbotix_ws/install/moveit_resources_fanuc_moveit_config/share/ament_index/resource_index/package_run_dependencies/moveit_resources_fanuc_moveit_config
[0.247s] -- Up-to-date: /home/locobot/LoCoBotRos/interbotix_ws/install/moveit_resources_fanuc_moveit_config/share/ament_index/resource_index/parent_prefix_path/moveit_resources_fanuc_moveit_config
[0.247s] -- Up-to-date: /home/locobot/LoCoBotRos/interbotix_ws/install/moveit_resources_fanuc_moveit_config/share/moveit_resources_fanuc_moveit_config/environment/ament_prefix_path.sh
[0.247s] -- Installing: /home/locobot/LoCoBotRos/interbotix_ws/install/moveit_resources_fanuc_moveit_config/share/moveit_resources_fanuc_moveit_config/environment/ament_prefix_path.dsv
[0.247s] -- Up-to-date: /home/locobot/LoCoBotRos/interbotix_ws/install/moveit_resources_fanuc_moveit_config/share/moveit_resources_fanuc_moveit_config/environment/path.sh
[0.247s] -- Installing: /home/locobot/LoCoBotRos/interbotix_ws/install/moveit_resources_fanuc_moveit_config/share/moveit_resources_fanuc_moveit_config/environment/path.dsv
[0.247s] -- Up-to-date: /home/locobot/LoCoBotRos/interbotix_ws/install/moveit_resources_fanuc_moveit_config/share/moveit_resources_fanuc_moveit_config/local_setup.bash
[0.247s] -- Up-to-date: /home/locobot/LoCoBotRos/interbotix_ws/install/moveit_resources_fanuc_moveit_config/share/moveit_resources_fanuc_moveit_config/local_setup.sh
[0.247s] -- Up-to-date: /home/locobot/LoCoBotRos/interbotix_ws/install/moveit_resources_fanuc_moveit_config/share/moveit_resources_fanuc_moveit_config/local_setup.zsh
[0.248s] -- Installing: /home/locobot/LoCoBotRos/interbotix_ws/install/moveit_resources_fanuc_moveit_config/share/moveit_resources_fanuc_moveit_config/local_setup.dsv
[0.248s] -- Installing: /home/locobot/LoCoBotRos/interbotix_ws/install/moveit_resources_fanuc_moveit_config/share/moveit_resources_fanuc_moveit_config/package.dsv
[0.248s] -- Up-to-date: /home/locobot/LoCoBotRos/interbotix_ws/install/moveit_resources_fanuc_moveit_config/share/ament_index/resource_index/packages/moveit_resources_fanuc_moveit_config
[0.248s] -- Up-to-date: /home/locobot/LoCoBotRos/interbotix_ws/install/moveit_resources_fanuc_moveit_config/share/moveit_resources_fanuc_moveit_config/cmake/moveit_resources_fanuc_moveit_configConfig.cmake
[0.248s] -- Up-to-date: /home/locobot/LoCoBotRos/interbotix_ws/install/moveit_resources_fanuc_moveit_config/share/moveit_resources_fanuc_moveit_config/cmake/moveit_resources_fanuc_moveit_configConfig-version.cmake
[0.248s] -- Up-to-date: /home/locobot/LoCoBotRos/interbotix_ws/install/moveit_resources_fanuc_moveit_config/share/moveit_resources_fanuc_moveit_config/package.xml
[0.248s] -- Up-to-date: /home/locobot/LoCoBotRos/interbotix_ws/install/moveit_resources_fanuc_moveit_config/share/moveit_resources_fanuc_moveit_config/launch
[0.248s] -- Up-to-date: /home/locobot/LoCoBotRos/interbotix_ws/install/moveit_resources_fanuc_moveit_config/share/moveit_resources_fanuc_moveit_config/launch/moveit.rviz
[0.248s] -- Up-to-date: /home/locobot/LoCoBotRos/interbotix_ws/install/moveit_resources_fanuc_moveit_config/share/moveit_resources_fanuc_moveit_config/launch/demo.launch.py
[0.248s] -- Up-to-date: /home/locobot/LoCoBotRos/interbotix_ws/install/moveit_resources_fanuc_moveit_config/share/moveit_resources_fanuc_moveit_config/config
[0.249s] -- Up-to-date: /home/locobot/LoCoBotRos/interbotix_ws/install/moveit_resources_fanuc_moveit_config/share/moveit_resources_fanuc_moveit_config/config/kinematics.yaml
[0.249s] -- Up-to-date: /home/locobot/LoCoBotRos/interbotix_ws/install/moveit_resources_fanuc_moveit_config/share/moveit_resources_fanuc_moveit_config/config/fanuc.urdf.xacro
[0.249s] -- Up-to-date: /home/locobot/LoCoBotRos/interbotix_ws/install/moveit_resources_fanuc_moveit_config/share/moveit_resources_fanuc_moveit_config/config/sensors_3d.yaml
[0.249s] -- Up-to-date: /home/locobot/LoCoBotRos/interbotix_ws/install/moveit_resources_fanuc_moveit_config/share/moveit_resources_fanuc_moveit_config/config/moveit_controllers.yaml
[0.249s] -- Up-to-date: /home/locobot/LoCoBotRos/interbotix_ws/install/moveit_resources_fanuc_moveit_config/share/moveit_resources_fanuc_moveit_config/config/fanuc.srdf
[0.249s] -- Up-to-date: /home/locobot/LoCoBotRos/interbotix_ws/install/moveit_resources_fanuc_moveit_config/share/moveit_resources_fanuc_moveit_config/config/fanuc.ros2_control.xacro
[0.249s] -- Up-to-date: /home/locobot/LoCoBotRos/interbotix_ws/install/moveit_resources_fanuc_moveit_config/share/moveit_resources_fanuc_moveit_config/config/chomp_planning.yaml
[0.249s] -- Up-to-date: /home/locobot/LoCoBotRos/interbotix_ws/install/moveit_resources_fanuc_moveit_config/share/moveit_resources_fanuc_moveit_config/config/joint_limits.yaml
[0.249s] -- Up-to-date: /home/locobot/LoCoBotRos/interbotix_ws/install/moveit_resources_fanuc_moveit_config/share/moveit_resources_fanuc_moveit_config/config/ompl_planning.yaml
[0.249s] -- Up-to-date: /home/locobot/LoCoBotRos/interbotix_ws/install/moveit_resources_fanuc_moveit_config/share/moveit_resources_fanuc_moveit_config/config/initial_positions.yaml
[0.249s] -- Up-to-date: /home/locobot/LoCoBotRos/interbotix_ws/install/moveit_resources_fanuc_moveit_config/share/moveit_resources_fanuc_moveit_config/config/pilz_cartesian_limits.yaml
[0.249s] -- Up-to-date: /home/locobot/LoCoBotRos/interbotix_ws/install/moveit_resources_fanuc_moveit_config/share/moveit_resources_fanuc_moveit_config/config/ros2_controllers.yaml
[0.249s] -- Up-to-date: /home/locobot/LoCoBotRos/interbotix_ws/install/moveit_resources_fanuc_moveit_config/share/moveit_resources_fanuc_moveit_config/.setup_assistant
[0.251s] Invoked command in '/home/locobot/LoCoBotRos/interbotix_ws/build/moveit_resources_fanuc_moveit_config' returned '0': AMENT_PREFIX_PATH=/home/locobot/LoCoBotRos/interbotix_ws/install/moveit_resources_fanuc_description:${AMENT_PREFIX_PATH} CMAKE_PREFIX_PATH=/home/locobot/LoCoBotRos/interbotix_ws/install/moveit_resources_fanuc_description:/home/locobot/apriltag_ws/install/apriltag_ros:/opt/ros/humble /usr/bin/cmake --install /home/locobot/LoCoBotRos/interbotix_ws/build/moveit_resources_fanuc_moveit_config
