-- The CXX compiler identification is GNU 14.3.1
-- Detecting CXX compiler ABI info
-- Detecting CXX compiler ABI info - done
-- Check for working CXX compiler: /usr/bin/c++ - skipped
-- Detecting CXX compile features
-- Detecting CXX compile features - done
-- Found dynamixel_workbench_toolbox: 2.2.2 (/home/rowanfoxx/Documents/GitHub/LoCoBotRos/install/dynamixel_workbench_toolbox/share/dynamixel_workbench_toolbox/cmake)
-- Found Python3: /usr/bin/python3 (found version "3.13.3") found components: Interpreter
-- Found rosidl_generator_c: 4.6.5 (/home/rowanfoxx/ros2_jazzy/install/rosidl_generator_c/share/rosidl_generator_c/cmake)
-- Found rosidl_generator_cpp: 4.6.5 (/home/rowanfoxx/ros2_jazzy/install/rosidl_generator_cpp/share/rosidl_generator_cpp/cmake)
-- Using all available rosidl_typesupport_c: rosidl_typesupport_introspection_c;rosidl_typesupport_fastrtps_c
-- Using all available rosidl_typesupport_cpp: rosidl_typesupport_introspection_cpp;rosidl_typesupport_fastrtps_cpp
-- Found rmw_implementation_cmake: 7.3.2 (/home/rowanfoxx/ros2_jazzy/install/rmw_implementation_cmake/share/rmw_implementation_cmake/cmake)
-- Found rmw_fastrtps_cpp: 8.4.2 (/home/rowanfoxx/ros2_jazzy/install/rmw_fastrtps_cpp/share/rmw_fastrtps_cpp/cmake)
-- Found OpenSSL: /usr/lib64/libcrypto.so (found version "3.2.4")
-- Found FastRTPS: /home/rowanfoxx/ros2_jazzy/install/fastrtps/include (Required is at least version "2.13")
-- Using RMW implementation 'rmw_fastrtps_cpp' as default
-- Found ament_lint_auto: 0.17.2 (/home/rowanfoxx/ros2_jazzy/install/ament_lint_auto/share/ament_lint_auto/cmake)
-- Added test 'copyright' to check source files copyright and LICENSE
-- Added test 'cppcheck' to perform static code analysis on C / C++ code
-- Configured cppcheck include dirs: /home/rowanfoxx/Documents/GitHub/LoCoBotRos/src/interbotix_xs_driver/include;$<BUILD_INTERFACE:/home/rowanfoxx/Documents/GitHub/LoCoBotRos/src/interbotix_xs_driver/include>
-- Configured cppcheck exclude dirs and/or files: 
-- Added test 'cpplint' to check C / C++ code against the Google style
-- Configured cpplint exclude dirs and/or files: 
-- Added test 'lint_cmake' to check CMake code style
-- Added test 'uncrustify' to check C / C++ code style
-- Configured uncrustify additional arguments: 
-- Added test 'xmllint' to check XML markup files
-- Configuring done (2.9s)
-- Generating done (0.0s)
-- Build files have been written to: /home/rowanfoxx/Documents/GitHub/LoCoBotRos/build/interbotix_xs_driver
