-- Found ament_cmake_ros: 0.10.0 (/opt/ros/humble/share/ament_cmake_ros/cmake)
-- Found ecl_build: 1.0.3 (/opt/ros/humble/share/ecl_build/cmake)
-- Found ecl_errors: 1.2.0 (/home/locobot/LoCoBotRos/interbotix_ws/install/ecl_errors/share/ecl_errors/cmake)
-- Found ecl_formatters: 1.2.1 (/home/locobot/LoCoBotRos/interbotix_ws/install/ecl_formatters/share/ecl_formatters/cmake)
-- Found ecl_geometry: 1.2.1 (/home/locobot/LoCoBotRos/interbotix_ws/install/ecl_geometry/share/ecl_geometry/cmake)
-- Found ament_lint_auto: 0.12.12 (/opt/ros/humble/share/ament_lint_auto/cmake)
-- Found gtest sources under '/opt/ros/humble/src/gtest_vendor': C++ tests using 'Google Test' will be built
-- Configuring done
-- Generating done
-- Build files have been written to: /home/locobot/LoCoBotRos/interbotix_ws/build/ecl_mobile_robot
[35m[1mConsolidate compiler generated dependencies of target gtest_main[0m
[35m[1mConsolidate compiler generated dependencies of target gtest[0m
[35m[1mConsolidate compiler generated dependencies of target ecl_mobile_robot[0m
[ 37%] Built target ecl_mobile_robot
[ 50%] Built target gtest
[ 75%] Built target gtest_main
[35m[1mConsolidate compiler generated dependencies of target ecl_test_partial_inverse[0m
[100%] Built target ecl_test_partial_inverse
-- Install configuration: "Release"
-- Up-to-date: /home/locobot/LoCoBotRos/interbotix_ws/install/ecl_mobile_robot/share/ecl_mobile_robot/environment/library_path.sh
-- Installing: /home/locobot/LoCoBotRos/interbotix_ws/install/ecl_mobile_robot/share/ecl_mobile_robot/environment/library_path.dsv
-- Up-to-date: /home/locobot/LoCoBotRos/interbotix_ws/install/ecl_mobile_robot/share/ament_index/resource_index/package_run_dependencies/ecl_mobile_robot
-- Up-to-date: /home/locobot/LoCoBotRos/interbotix_ws/install/ecl_mobile_robot/share/ament_index/resource_index/parent_prefix_path/ecl_mobile_robot
-- Up-to-date: /home/locobot/LoCoBotRos/interbotix_ws/install/ecl_mobile_robot/share/ecl_mobile_robot/environment/ament_prefix_path.sh
-- Installing: /home/locobot/LoCoBotRos/interbotix_ws/install/ecl_mobile_robot/share/ecl_mobile_robot/environment/ament_prefix_path.dsv
-- Up-to-date: /home/locobot/LoCoBotRos/interbotix_ws/install/ecl_mobile_robot/share/ecl_mobile_robot/environment/path.sh
-- Installing: /home/locobot/LoCoBotRos/interbotix_ws/install/ecl_mobile_robot/share/ecl_mobile_robot/environment/path.dsv
-- Up-to-date: /home/locobot/LoCoBotRos/interbotix_ws/install/ecl_mobile_robot/share/ecl_mobile_robot/local_setup.bash
-- Up-to-date: /home/locobot/LoCoBotRos/interbotix_ws/install/ecl_mobile_robot/share/ecl_mobile_robot/local_setup.sh
-- Up-to-date: /home/locobot/LoCoBotRos/interbotix_ws/install/ecl_mobile_robot/share/ecl_mobile_robot/local_setup.zsh
-- Installing: /home/locobot/LoCoBotRos/interbotix_ws/install/ecl_mobile_robot/share/ecl_mobile_robot/local_setup.dsv
-- Installing: /home/locobot/LoCoBotRos/interbotix_ws/install/ecl_mobile_robot/share/ecl_mobile_robot/package.dsv
-- Up-to-date: /home/locobot/LoCoBotRos/interbotix_ws/install/ecl_mobile_robot/share/ament_index/resource_index/packages/ecl_mobile_robot
-- Up-to-date: /home/locobot/LoCoBotRos/interbotix_ws/install/ecl_mobile_robot/share/ecl_mobile_robot/cmake/ecl_mobile_robotExport.cmake
-- Up-to-date: /home/locobot/LoCoBotRos/interbotix_ws/install/ecl_mobile_robot/share/ecl_mobile_robot/cmake/ecl_mobile_robotExport-release.cmake
-- Up-to-date: /home/locobot/LoCoBotRos/interbotix_ws/install/ecl_mobile_robot/share/ecl_mobile_robot/cmake/ament_cmake_export_targets-extras.cmake
-- Up-to-date: /home/locobot/LoCoBotRos/interbotix_ws/install/ecl_mobile_robot/share/ecl_mobile_robot/cmake/ament_cmake_export_include_directories-extras.cmake
-- Up-to-date: /home/locobot/LoCoBotRos/interbotix_ws/install/ecl_mobile_robot/share/ecl_mobile_robot/cmake/ament_cmake_export_libraries-extras.cmake
-- Up-to-date: /home/locobot/LoCoBotRos/interbotix_ws/install/ecl_mobile_robot/share/ecl_mobile_robot/cmake/ament_cmake_export_dependencies-extras.cmake
-- Up-to-date: /home/locobot/LoCoBotRos/interbotix_ws/install/ecl_mobile_robot/share/ecl_mobile_robot/cmake/ecl_mobile_robotConfig.cmake
-- Up-to-date: /home/locobot/LoCoBotRos/interbotix_ws/install/ecl_mobile_robot/share/ecl_mobile_robot/cmake/ecl_mobile_robotConfig-version.cmake
-- Up-to-date: /home/locobot/LoCoBotRos/interbotix_ws/install/ecl_mobile_robot/share/ecl_mobile_robot/package.xml
-- Up-to-date: /home/locobot/LoCoBotRos/interbotix_ws/install/ecl_mobile_robot/include/ecl/mobile_robot.hpp
-- Up-to-date: /home/locobot/LoCoBotRos/interbotix_ws/install/ecl_mobile_robot/include/ecl/mobile_robot/differential_drive.hpp
-- Up-to-date: /home/locobot/LoCoBotRos/interbotix_ws/install/ecl_mobile_robot/include/ecl/mobile_robot/macros.hpp
-- Up-to-date: /home/locobot/LoCoBotRos/interbotix_ws/install/ecl_mobile_robot/include/ecl/mobile_robot/kinematics/differential_drive.hpp
-- Up-to-date: /home/locobot/LoCoBotRos/interbotix_ws/install/ecl_mobile_robot/lib/libecl_mobile_robot.so.1.2.1
-- Up-to-date: /home/locobot/LoCoBotRos/interbotix_ws/install/ecl_mobile_robot/lib/libecl_mobile_robot.so
