[0.065s] Invoking command in '/home/locobot/LoCoBotRos/interbotix_ws/src/build/ecl_mpl': CMAKE_PREFIX_PATH=${CMAKE_PREFIX_PATH}:/home/locobot/LoCoBotRos/interbotix_ws/install/moveit_configs_utils:/home/locobot/LoCoBotRos/interbotix_ws/install/launch_param_builder:/home/locobot/LoCoBotRos/interbotix_ws/install/interbotix_xs_modules:/home/locobot/LoCoBotRos/interbotix_ws/install/interbotix_common_modules:/opt/ros/humble /usr/bin/cmake /home/locobot/LoCoBotRos/interbotix_ws/src/ecl_core/ecl_mpl -DCMAKE_INSTALL_PREFIX=/home/locobot/LoCoBotRos/interbotix_ws/src/install/ecl_mpl
[0.289s] -- The C compiler identification is GNU 11.4.0
[0.495s] -- The CXX compiler identification is GNU 11.4.0
[0.517s] -- Detecting C compiler ABI info
[0.768s] -- Detecting C compiler ABI info - done
[0.786s] -- Check for working C compiler: /usr/bin/cc - skipped
[0.787s] -- Detecting C compile features
[0.787s] -- Detecting C compile features - done
[0.792s] -- Detecting CXX compiler ABI info
[1.092s] -- Detecting CXX compiler ABI info - done
[1.112s] -- Check for working CXX compiler: /usr/bin/c++ - skipped
[1.113s] -- Detecting CXX compile features
[1.116s] -- Detecting CXX compile features - done
[1.147s] -- Found ament_cmake_ros: 0.10.0 (/opt/ros/humble/share/ament_cmake_ros/cmake)
[1.838s] -- Found Python3: /usr/bin/python3 (found version "3.10.12") found components: Interpreter 
[2.686s] -- Found ecl_build: 1.0.3 (/opt/ros/humble/share/ecl_build/cmake)
[2.806s] -- Found ament_lint_auto: 0.12.12 (/opt/ros/humble/share/ament_lint_auto/cmake)
[3.745s] -- Found gtest sources under '/opt/ros/humble/src/gtest_vendor': C++ tests using 'Google Test' will be built
[3.774s] -- Looking for pthread.h
[4.171s] -- Looking for pthread.h - found
[4.171s] -- Performing Test CMAKE_HAVE_LIBC_PTHREAD
[4.645s] -- Performing Test CMAKE_HAVE_LIBC_PTHREAD - Success
[4.650s] -- Found Threads: TRUE  
[5.002s] -- Configuring done
[5.031s] -- Generating done
[5.035s] -- Build files have been written to: /home/locobot/LoCoBotRos/interbotix_ws/src/build/ecl_mpl
[5.065s] Invoked command in '/home/locobot/LoCoBotRos/interbotix_ws/src/build/ecl_mpl' returned '0': CMAKE_PREFIX_PATH=${CMAKE_PREFIX_PATH}:/home/locobot/LoCoBotRos/interbotix_ws/install/moveit_configs_utils:/home/locobot/LoCoBotRos/interbotix_ws/install/launch_param_builder:/home/locobot/LoCoBotRos/interbotix_ws/install/interbotix_xs_modules:/home/locobot/LoCoBotRos/interbotix_ws/install/interbotix_common_modules:/opt/ros/humble /usr/bin/cmake /home/locobot/LoCoBotRos/interbotix_ws/src/ecl_core/ecl_mpl -DCMAKE_INSTALL_PREFIX=/home/locobot/LoCoBotRos/interbotix_ws/src/install/ecl_mpl
[5.066s] Invoking command in '/home/locobot/LoCoBotRos/interbotix_ws/src/build/ecl_mpl': CMAKE_PREFIX_PATH=${CMAKE_PREFIX_PATH}:/home/locobot/LoCoBotRos/interbotix_ws/install/moveit_configs_utils:/home/locobot/LoCoBotRos/interbotix_ws/install/launch_param_builder:/home/locobot/LoCoBotRos/interbotix_ws/install/interbotix_xs_modules:/home/locobot/LoCoBotRos/interbotix_ws/install/interbotix_common_modules:/opt/ros/humble /usr/bin/cmake --build /home/locobot/LoCoBotRos/interbotix_ws/src/build/ecl_mpl -- -j4 -l4
[5.390s] [ 16%] [32mBuilding CXX object gtest/CMakeFiles/gtest.dir/src/gtest-all.cc.o[0m
[5.404s] [ 33%] [32mBuilding CXX object gtest/CMakeFiles/gtest_main.dir/src/gtest_main.cc.o[0m
[7.893s] [ 50%] [32m[1mLinking CXX static library libgtest_main.a[0m
[8.167s] [ 50%] Built target gtest_main
[13.302s] gmake[2]: *** [gtest/CMakeFiles/gtest.dir/build.make:76: gtest/CMakeFiles/gtest.dir/src/gtest-all.cc.o] Interrupt
[13.303s] gmake[1]: *** [CMakeFiles/Makefile2:260: gtest/CMakeFiles/gtest.dir/all] Interrupt
[13.303s] gmake: *** [Makefile:146: all] Interrupt
