[0.022s] Invoking command in '/home/locobot/LoCoBotRos/interbotix_ws/src/moveit_task_constructor/build/rviz_marker_tools': CMAKE_PREFIX_PATH=${CMAKE_PREFIX_PATH}:/opt/ros/humble /usr/bin/cmake /home/locobot/LoCoBotRos/interbotix_ws/src/moveit_task_constructor/rviz_marker_tools -DCMAKE_INSTALL_PREFIX=/home/locobot/LoCoBotRos/interbotix_ws/src/moveit_task_constructor/install/rviz_marker_tools
[0.107s] -- The C compiler identification is GNU 11.4.0
[0.193s] -- The CXX compiler identification is GNU 11.4.0
[0.206s] -- Detecting C compiler ABI info
[0.303s] -- Detecting C compiler ABI info - done
[0.318s] -- Check for working C compiler: /usr/bin/cc - skipped
[0.319s] -- Detecting C compile features
[0.320s] -- Detecting C compile features - done
[0.327s] -- Detecting CXX compiler ABI info
[0.441s] -- Detecting CXX compiler ABI info - done
[0.458s] -- Check for working CXX compiler: /usr/bin/c++ - skipped
[0.458s] -- Detecting CXX compile features
[0.459s] -- Detecting CXX compile features - done
[0.464s] -- Found ament_cmake: 1.3.11 (/opt/ros/humble/share/ament_cmake/cmake)
[0.695s] -- Found Python3: /usr/bin/python3 (found version "3.10.12") found components: Interpreter 
[0.851s] -- Found moveit_common: 2.5.9 (/opt/ros/humble/share/moveit_common/cmake)
[0.959s] [0mrviz_marker_tools: You did not request a specific build type: Choosing 'Release' for maximum performance[0m
[0.962s] -- Found eigen3_cmake_module: 0.1.1 (/opt/ros/humble/share/eigen3_cmake_module/cmake)
[0.975s] -- Found Eigen3: TRUE (found version "3.4.0") 
[0.977s] -- Found geometry_msgs: 4.8.0 (/opt/ros/humble/share/geometry_msgs/cmake)
[1.046s] -- Found rosidl_generator_c: 3.1.6 (/opt/ros/humble/share/rosidl_generator_c/cmake)
[1.056s] -- Found rosidl_adapter: 3.1.6 (/opt/ros/humble/share/rosidl_adapter/cmake)
[1.073s] -- Found rosidl_generator_cpp: 3.1.6 (/opt/ros/humble/share/rosidl_generator_cpp/cmake)
[1.097s] -- Using all available rosidl_typesupport_c: rosidl_typesupport_fastrtps_c;rosidl_typesupport_introspection_c
[1.131s] -- Using all available rosidl_typesupport_cpp: rosidl_typesupport_fastrtps_cpp;rosidl_typesupport_introspection_cpp
[1.212s] -- Found rclcpp: 16.0.12 (/opt/ros/humble/share/rclcpp/cmake)
[1.289s] -- Found rmw_implementation_cmake: 6.1.2 (/opt/ros/humble/share/rmw_implementation_cmake/cmake)
[1.294s] -- Found rmw_fastrtps_cpp: 6.2.7 (/opt/ros/humble/share/rmw_fastrtps_cpp/cmake)
[1.437s] -- Found OpenSSL: /usr/lib/x86_64-linux-gnu/libcrypto.so (found version "3.0.2")  
[1.466s] -- Found FastRTPS: /opt/ros/humble/include  
[1.525s] -- Using RMW implementation 'rmw_fastrtps_cpp' as default
[1.542s] -- Looking for pthread.h
[1.681s] -- Looking for pthread.h - found
[1.681s] -- Performing Test CMAKE_HAVE_LIBC_PTHREAD
[1.841s] -- Performing Test CMAKE_HAVE_LIBC_PTHREAD - Success
[1.843s] -- Found Threads: TRUE  
[1.921s] -- Found tf2_eigen: 0.25.13 (/opt/ros/humble/share/tf2_eigen/cmake)
[2.142s] -- Found visualization_msgs: 4.8.0 (/opt/ros/humble/share/visualization_msgs/cmake)
[2.223s] -- Configuring done
[2.239s] -- Generating done
[2.247s] -- Build files have been written to: /home/locobot/LoCoBotRos/interbotix_ws/src/moveit_task_constructor/build/rviz_marker_tools
[2.260s] Invoked command in '/home/locobot/LoCoBotRos/interbotix_ws/src/moveit_task_constructor/build/rviz_marker_tools' returned '0': CMAKE_PREFIX_PATH=${CMAKE_PREFIX_PATH}:/opt/ros/humble /usr/bin/cmake /home/locobot/LoCoBotRos/interbotix_ws/src/moveit_task_constructor/rviz_marker_tools -DCMAKE_INSTALL_PREFIX=/home/locobot/LoCoBotRos/interbotix_ws/src/moveit_task_constructor/install/rviz_marker_tools
[2.262s] Invoking command in '/home/locobot/LoCoBotRos/interbotix_ws/src/moveit_task_constructor/build/rviz_marker_tools': CMAKE_PREFIX_PATH=${CMAKE_PREFIX_PATH}:/opt/ros/humble /usr/bin/cmake --build /home/locobot/LoCoBotRos/interbotix_ws/src/moveit_task_constructor/build/rviz_marker_tools -- -j4 -l4
[2.327s] [ 50%] [32mBuilding CXX object CMakeFiles/rviz_marker_tools.dir/src/marker_creation.cpp.o[0m
[11.626s] [100%] [32m[1mLinking CXX shared library librviz_marker_tools.so[0m
[12.006s] [100%] Built target rviz_marker_tools
[12.048s] Invoked command in '/home/locobot/LoCoBotRos/interbotix_ws/src/moveit_task_constructor/build/rviz_marker_tools' returned '0': CMAKE_PREFIX_PATH=${CMAKE_PREFIX_PATH}:/opt/ros/humble /usr/bin/cmake --build /home/locobot/LoCoBotRos/interbotix_ws/src/moveit_task_constructor/build/rviz_marker_tools -- -j4 -l4
[12.069s] Invoking command in '/home/locobot/LoCoBotRos/interbotix_ws/src/moveit_task_constructor/build/rviz_marker_tools': CMAKE_PREFIX_PATH=${CMAKE_PREFIX_PATH}:/opt/ros/humble /usr/bin/cmake --install /home/locobot/LoCoBotRos/interbotix_ws/src/moveit_task_constructor/build/rviz_marker_tools
[12.086s] -- Install configuration: "Release"
[12.086s] -- Installing: /home/locobot/LoCoBotRos/interbotix_ws/src/moveit_task_constructor/install/rviz_marker_tools/include
[12.088s] -- Installing: /home/locobot/LoCoBotRos/interbotix_ws/src/moveit_task_constructor/install/rviz_marker_tools/include/rviz_marker_tools
[12.089s] -- Installing: /home/locobot/LoCoBotRos/interbotix_ws/src/moveit_task_constructor/install/rviz_marker_tools/include/rviz_marker_tools/marker_creation.h
[12.089s] -- Installing: /home/locobot/LoCoBotRos/interbotix_ws/src/moveit_task_constructor/install/rviz_marker_tools/lib/librviz_marker_tools.so
[12.090s] -- Set runtime path of "/home/locobot/LoCoBotRos/interbotix_ws/src/moveit_task_constructor/install/rviz_marker_tools/lib/librviz_marker_tools.so" to ""
[12.090s] -- Installing: /home/locobot/LoCoBotRos/interbotix_ws/src/moveit_task_constructor/install/rviz_marker_tools/share/rviz_marker_tools/environment/library_path.sh
[12.090s] -- Installing: /home/locobot/LoCoBotRos/interbotix_ws/src/moveit_task_constructor/install/rviz_marker_tools/share/rviz_marker_tools/environment/library_path.dsv
[12.101s] -- Installing: /home/locobot/LoCoBotRos/interbotix_ws/src/moveit_task_constructor/install/rviz_marker_tools/share/ament_index/resource_index/package_run_dependencies/rviz_marker_tools
[12.101s] -- Installing: /home/locobot/LoCoBotRos/interbotix_ws/src/moveit_task_constructor/install/rviz_marker_tools/share/ament_index/resource_index/parent_prefix_path/rviz_marker_tools
[12.101s] -- Installing: /home/locobot/LoCoBotRos/interbotix_ws/src/moveit_task_constructor/install/rviz_marker_tools/share/rviz_marker_tools/environment/ament_prefix_path.sh
[12.101s] -- Installing: /home/locobot/LoCoBotRos/interbotix_ws/src/moveit_task_constructor/install/rviz_marker_tools/share/rviz_marker_tools/environment/ament_prefix_path.dsv
[12.101s] -- Installing: /home/locobot/LoCoBotRos/interbotix_ws/src/moveit_task_constructor/install/rviz_marker_tools/share/rviz_marker_tools/environment/path.sh
[12.101s] -- Installing: /home/locobot/LoCoBotRos/interbotix_ws/src/moveit_task_constructor/install/rviz_marker_tools/share/rviz_marker_tools/environment/path.dsv
[12.102s] -- Installing: /home/locobot/LoCoBotRos/interbotix_ws/src/moveit_task_constructor/install/rviz_marker_tools/share/rviz_marker_tools/local_setup.bash
[12.102s] -- Installing: /home/locobot/LoCoBotRos/interbotix_ws/src/moveit_task_constructor/install/rviz_marker_tools/share/rviz_marker_tools/local_setup.sh
[12.102s] -- Installing: /home/locobot/LoCoBotRos/interbotix_ws/src/moveit_task_constructor/install/rviz_marker_tools/share/rviz_marker_tools/local_setup.zsh
[12.102s] -- Installing: /home/locobot/LoCoBotRos/interbotix_ws/src/moveit_task_constructor/install/rviz_marker_tools/share/rviz_marker_tools/local_setup.dsv
[12.102s] -- Installing: /home/locobot/LoCoBotRos/interbotix_ws/src/moveit_task_constructor/install/rviz_marker_tools/share/rviz_marker_tools/package.dsv
[12.102s] -- Installing: /home/locobot/LoCoBotRos/interbotix_ws/src/moveit_task_constructor/install/rviz_marker_tools/share/ament_index/resource_index/packages/rviz_marker_tools
[12.102s] -- Installing: /home/locobot/LoCoBotRos/interbotix_ws/src/moveit_task_constructor/install/rviz_marker_tools/share/rviz_marker_tools/cmake/rviz_marker_toolsTargetsExport.cmake
[12.103s] -- Installing: /home/locobot/LoCoBotRos/interbotix_ws/src/moveit_task_constructor/install/rviz_marker_tools/share/rviz_marker_tools/cmake/rviz_marker_toolsTargetsExport-release.cmake
[12.103s] -- Installing: /home/locobot/LoCoBotRos/interbotix_ws/src/moveit_task_constructor/install/rviz_marker_tools/share/rviz_marker_tools/cmake/ament_cmake_export_targets-extras.cmake
[12.103s] -- Installing: /home/locobot/LoCoBotRos/interbotix_ws/src/moveit_task_constructor/install/rviz_marker_tools/share/rviz_marker_tools/cmake/ament_cmake_export_dependencies-extras.cmake
[12.103s] -- Installing: /home/locobot/LoCoBotRos/interbotix_ws/src/moveit_task_constructor/install/rviz_marker_tools/share/rviz_marker_tools/cmake/rviz_marker_toolsConfig.cmake
[12.103s] -- Installing: /home/locobot/LoCoBotRos/interbotix_ws/src/moveit_task_constructor/install/rviz_marker_tools/share/rviz_marker_tools/cmake/rviz_marker_toolsConfig-version.cmake
[12.107s] -- Installing: /home/locobot/LoCoBotRos/interbotix_ws/src/moveit_task_constructor/install/rviz_marker_tools/share/rviz_marker_tools/package.xml
[12.108s] Invoked command in '/home/locobot/LoCoBotRos/interbotix_ws/src/moveit_task_constructor/build/rviz_marker_tools' returned '0': CMAKE_PREFIX_PATH=${CMAKE_PREFIX_PATH}:/opt/ros/humble /usr/bin/cmake --install /home/locobot/LoCoBotRos/interbotix_ws/src/moveit_task_constructor/build/rviz_marker_tools
