[0.205s] Invoking command in '/home/locobot/LoCoBotRos/interbotix_ws/build/ecl_config': CMAKE_PREFIX_PATH=${CMAKE_PREFIX_PATH}:/home/locobot/LoCoBotRos/interbotix_ws/install/moveit_configs_utils:/home/locobot/LoCoBotRos/interbotix_ws/install/launch_param_builder:/home/locobot/LoCoBotRos/interbotix_ws/install/interbotix_xs_modules:/home/locobot/LoCoBotRos/interbotix_ws/install/interbotix_common_modules:/opt/ros/humble /usr/bin/cmake --build /home/locobot/LoCoBotRos/interbotix_ws/build/ecl_config -- -j16 -l16
[1.079s] [ 18%] Built target gtest
[1.079s] [ 31%] Built target ecl_detect_endian
[1.079s] [ 37%] Built target gtest_main
[1.080s] [ 50%] Built target ecl_detect_posix
[1.080s] [ 75%] Built target ecl_test_macros
[1.080s] [ 75%] Built target ecl_test_char_sign
[1.080s] [ 87%] Built target ecl_test_endianness
[1.080s] [100%] Built target ecl_test_portable_types
[1.124s] Invoked command in '/home/locobot/LoCoBotRos/interbotix_ws/build/ecl_config' returned '0': CMAKE_PREFIX_PATH=${CMAKE_PREFIX_PATH}:/home/locobot/LoCoBotRos/interbotix_ws/install/moveit_configs_utils:/home/locobot/LoCoBotRos/interbotix_ws/install/launch_param_builder:/home/locobot/LoCoBotRos/interbotix_ws/install/interbotix_xs_modules:/home/locobot/LoCoBotRos/interbotix_ws/install/interbotix_common_modules:/opt/ros/humble /usr/bin/cmake --build /home/locobot/LoCoBotRos/interbotix_ws/build/ecl_config -- -j16 -l16
[1.125s] Invoking command in '/home/locobot/LoCoBotRos/interbotix_ws/build/ecl_config': CMAKE_PREFIX_PATH=${CMAKE_PREFIX_PATH}:/home/locobot/LoCoBotRos/interbotix_ws/install/moveit_configs_utils:/home/locobot/LoCoBotRos/interbotix_ws/install/launch_param_builder:/home/locobot/LoCoBotRos/interbotix_ws/install/interbotix_xs_modules:/home/locobot/LoCoBotRos/interbotix_ws/install/interbotix_common_modules:/opt/ros/humble /usr/bin/cmake --install /home/locobot/LoCoBotRos/interbotix_ws/build/ecl_config
[1.195s] -- Install configuration: "Release"
[1.195s] -- Up-to-date: /home/locobot/LoCoBotRos/interbotix_ws/install/ecl_config/share/ament_index/resource_index/package_run_dependencies/ecl_config
[1.195s] -- Up-to-date: /home/locobot/LoCoBotRos/interbotix_ws/install/ecl_config/share/ament_index/resource_index/parent_prefix_path/ecl_config
[1.196s] -- Up-to-date: /home/locobot/LoCoBotRos/interbotix_ws/install/ecl_config/share/ecl_config/environment/ament_prefix_path.sh
[1.196s] -- Up-to-date: /home/locobot/LoCoBotRos/interbotix_ws/install/ecl_config/share/ecl_config/environment/ament_prefix_path.dsv
[1.196s] -- Up-to-date: /home/locobot/LoCoBotRos/interbotix_ws/install/ecl_config/share/ecl_config/environment/path.sh
[1.196s] -- Up-to-date: /home/locobot/LoCoBotRos/interbotix_ws/install/ecl_config/share/ecl_config/environment/path.dsv
[1.196s] -- Up-to-date: /home/locobot/LoCoBotRos/interbotix_ws/install/ecl_config/share/ecl_config/local_setup.bash
[1.196s] -- Up-to-date: /home/locobot/LoCoBotRos/interbotix_ws/install/ecl_config/share/ecl_config/local_setup.sh
[1.196s] -- Up-to-date: /home/locobot/LoCoBotRos/interbotix_ws/install/ecl_config/share/ecl_config/local_setup.zsh
[1.196s] -- Up-to-date: /home/locobot/LoCoBotRos/interbotix_ws/install/ecl_config/share/ecl_config/local_setup.dsv
[1.196s] -- Installing: /home/locobot/LoCoBotRos/interbotix_ws/install/ecl_config/share/ecl_config/package.dsv
[1.196s] -- Up-to-date: /home/locobot/LoCoBotRos/interbotix_ws/install/ecl_config/share/ament_index/resource_index/packages/ecl_config
[1.196s] -- Up-to-date: /home/locobot/LoCoBotRos/interbotix_ws/install/ecl_config/share/ecl_config/cmake/ecl_configExport.cmake
[1.197s] -- Up-to-date: /home/locobot/LoCoBotRos/interbotix_ws/install/ecl_config/share/ecl_config/cmake/ament_cmake_export_targets-extras.cmake
[1.197s] -- Up-to-date: /home/locobot/LoCoBotRos/interbotix_ws/install/ecl_config/share/ecl_config/cmake/ament_cmake_export_include_directories-extras.cmake
[1.197s] -- Up-to-date: /home/locobot/LoCoBotRos/interbotix_ws/install/ecl_config/share/ecl_config/cmake/ecl_configConfig.cmake
[1.197s] -- Up-to-date: /home/locobot/LoCoBotRos/interbotix_ws/install/ecl_config/share/ecl_config/cmake/ecl_configConfig-version.cmake
[1.197s] -- Up-to-date: /home/locobot/LoCoBotRos/interbotix_ws/install/ecl_config/share/ecl_config/package.xml
[1.197s] -- Up-to-date: /home/locobot/LoCoBotRos/interbotix_ws/install/ecl_config/include/ecl/config.hpp
[1.197s] -- Up-to-date: /home/locobot/LoCoBotRos/interbotix_ws/install/ecl_config/include/ecl/config/ecl.hpp
[1.197s] -- Up-to-date: /home/locobot/LoCoBotRos/interbotix_ws/install/ecl_config/include/ecl/config/char_sign.hpp
[1.197s] -- Up-to-date: /home/locobot/LoCoBotRos/interbotix_ws/install/ecl_config/include/ecl/config/ecl_unknown.hpp
[1.197s] -- Up-to-date: /home/locobot/LoCoBotRos/interbotix_ws/install/ecl_config/include/ecl/config/endianness.hpp
[1.198s] -- Up-to-date: /home/locobot/LoCoBotRos/interbotix_ws/install/ecl_config/include/ecl/config/macros.hpp
[1.198s] -- Up-to-date: /home/locobot/LoCoBotRos/interbotix_ws/install/ecl_config/include/ecl/config/portable_types.hpp
[1.198s] -- Up-to-date: /home/locobot/LoCoBotRos/interbotix_ws/install/ecl_config/include/ecl/config/windows.hpp
[1.198s] -- Up-to-date: /home/locobot/LoCoBotRos/interbotix_ws/install/ecl_config/bin/ecl_detect_endian
[1.198s] -- Up-to-date: /home/locobot/LoCoBotRos/interbotix_ws/install/ecl_config/bin/ecl_detect_posix
[1.307s] Invoked command in '/home/locobot/LoCoBotRos/interbotix_ws/build/ecl_config' returned '0': CMAKE_PREFIX_PATH=${CMAKE_PREFIX_PATH}:/home/locobot/LoCoBotRos/interbotix_ws/install/moveit_configs_utils:/home/locobot/LoCoBotRos/interbotix_ws/install/launch_param_builder:/home/locobot/LoCoBotRos/interbotix_ws/install/interbotix_xs_modules:/home/locobot/LoCoBotRos/interbotix_ws/install/interbotix_common_modules:/opt/ros/humble /usr/bin/cmake --install /home/locobot/LoCoBotRos/interbotix_ws/build/ecl_config
