[0.186s] Invoking command in '/home/locobot/LoCoBotRos/interbotix_ws/build/moveit_resources_panda_moveit_config': AMENT_PREFIX_PATH=/home/locobot/LoCoBotRos/interbotix_ws/install/moveit_resources_panda_description:${AMENT_PREFIX_PATH} CMAKE_PREFIX_PATH=/home/locobot/LoCoBotRos/interbotix_ws/install/moveit_resources_panda_description:/home/locobot/apriltag_ws/install/apriltag_ros:/opt/ros/humble /usr/bin/cmake /home/locobot/LoCoBotRos/interbotix_ws/src/moveit_resources/panda_moveit_config -DCMAKE_INSTALL_PREFIX=/home/locobot/LoCoBotRos/interbotix_ws/install/moveit_resources_panda_moveit_config
[0.204s] -- Found ament_cmake: 1.3.11 (/opt/ros/humble/share/ament_cmake/cmake)
[0.499s] -- Configuring done
[0.512s] -- Generating done
[0.516s] -- Build files have been written to: /home/locobot/LoCoBotRos/interbotix_ws/build/moveit_resources_panda_moveit_config
[0.520s] Invoked command in '/home/locobot/LoCoBotRos/interbotix_ws/build/moveit_resources_panda_moveit_config' returned '0': AMENT_PREFIX_PATH=/home/locobot/LoCoBotRos/interbotix_ws/install/moveit_resources_panda_description:${AMENT_PREFIX_PATH} CMAKE_PREFIX_PATH=/home/locobot/LoCoBotRos/interbotix_ws/install/moveit_resources_panda_description:/home/locobot/apriltag_ws/install/apriltag_ros:/opt/ros/humble /usr/bin/cmake /home/locobot/LoCoBotRos/interbotix_ws/src/moveit_resources/panda_moveit_config -DCMAKE_INSTALL_PREFIX=/home/locobot/LoCoBotRos/interbotix_ws/install/moveit_resources_panda_moveit_config
[0.526s] Invoking command in '/home/locobot/LoCoBotRos/interbotix_ws/build/moveit_resources_panda_moveit_config': AMENT_PREFIX_PATH=/home/locobot/LoCoBotRos/interbotix_ws/install/moveit_resources_panda_description:${AMENT_PREFIX_PATH} CMAKE_PREFIX_PATH=/home/locobot/LoCoBotRos/interbotix_ws/install/moveit_resources_panda_description:/home/locobot/apriltag_ws/install/apriltag_ros:/opt/ros/humble /usr/bin/cmake --build /home/locobot/LoCoBotRos/interbotix_ws/build/moveit_resources_panda_moveit_config -- -j16 -l16
[0.611s] Invoked command in '/home/locobot/LoCoBotRos/interbotix_ws/build/moveit_resources_panda_moveit_config' returned '0': AMENT_PREFIX_PATH=/home/locobot/LoCoBotRos/interbotix_ws/install/moveit_resources_panda_description:${AMENT_PREFIX_PATH} CMAKE_PREFIX_PATH=/home/locobot/LoCoBotRos/interbotix_ws/install/moveit_resources_panda_description:/home/locobot/apriltag_ws/install/apriltag_ros:/opt/ros/humble /usr/bin/cmake --build /home/locobot/LoCoBotRos/interbotix_ws/build/moveit_resources_panda_moveit_config -- -j16 -l16
[0.612s] Invoking command in '/home/locobot/LoCoBotRos/interbotix_ws/build/moveit_resources_panda_moveit_config': AMENT_PREFIX_PATH=/home/locobot/LoCoBotRos/interbotix_ws/install/moveit_resources_panda_description:${AMENT_PREFIX_PATH} CMAKE_PREFIX_PATH=/home/locobot/LoCoBotRos/interbotix_ws/install/moveit_resources_panda_description:/home/locobot/apriltag_ws/install/apriltag_ros:/opt/ros/humble /usr/bin/cmake --install /home/locobot/LoCoBotRos/interbotix_ws/build/moveit_resources_panda_moveit_config
[0.692s] -- Install configuration: "Release"
[0.692s] -- Up-to-date: /home/locobot/LoCoBotRos/interbotix_ws/install/moveit_resources_panda_moveit_config/share/ament_index/resource_index/package_run_dependencies/moveit_resources_panda_moveit_config
[0.692s] -- Up-to-date: /home/locobot/LoCoBotRos/interbotix_ws/install/moveit_resources_panda_moveit_config/share/ament_index/resource_index/parent_prefix_path/moveit_resources_panda_moveit_config
[0.692s] -- Up-to-date: /home/locobot/LoCoBotRos/interbotix_ws/install/moveit_resources_panda_moveit_config/share/moveit_resources_panda_moveit_config/environment/ament_prefix_path.sh
[0.692s] -- Installing: /home/locobot/LoCoBotRos/interbotix_ws/install/moveit_resources_panda_moveit_config/share/moveit_resources_panda_moveit_config/environment/ament_prefix_path.dsv
[0.693s] -- Up-to-date: /home/locobot/LoCoBotRos/interbotix_ws/install/moveit_resources_panda_moveit_config/share/moveit_resources_panda_moveit_config/environment/path.sh
[0.693s] -- Installing: /home/locobot/LoCoBotRos/interbotix_ws/install/moveit_resources_panda_moveit_config/share/moveit_resources_panda_moveit_config/environment/path.dsv
[0.693s] -- Up-to-date: /home/locobot/LoCoBotRos/interbotix_ws/install/moveit_resources_panda_moveit_config/share/moveit_resources_panda_moveit_config/local_setup.bash
[0.693s] -- Up-to-date: /home/locobot/LoCoBotRos/interbotix_ws/install/moveit_resources_panda_moveit_config/share/moveit_resources_panda_moveit_config/local_setup.sh
[0.694s] -- Up-to-date: /home/locobot/LoCoBotRos/interbotix_ws/install/moveit_resources_panda_moveit_config/share/moveit_resources_panda_moveit_config/local_setup.zsh
[0.694s] -- Installing: /home/locobot/LoCoBotRos/interbotix_ws/install/moveit_resources_panda_moveit_config/share/moveit_resources_panda_moveit_config/local_setup.dsv
[0.694s] -- Installing: /home/locobot/LoCoBotRos/interbotix_ws/install/moveit_resources_panda_moveit_config/share/moveit_resources_panda_moveit_config/package.dsv
[0.694s] -- Up-to-date: /home/locobot/LoCoBotRos/interbotix_ws/install/moveit_resources_panda_moveit_config/share/ament_index/resource_index/packages/moveit_resources_panda_moveit_config
[0.694s] -- Up-to-date: /home/locobot/LoCoBotRos/interbotix_ws/install/moveit_resources_panda_moveit_config/share/moveit_resources_panda_moveit_config/cmake/moveit_resources_panda_moveit_configConfig.cmake
[0.694s] -- Up-to-date: /home/locobot/LoCoBotRos/interbotix_ws/install/moveit_resources_panda_moveit_config/share/moveit_resources_panda_moveit_config/cmake/moveit_resources_panda_moveit_configConfig-version.cmake
[0.694s] -- Up-to-date: /home/locobot/LoCoBotRos/interbotix_ws/install/moveit_resources_panda_moveit_config/share/moveit_resources_panda_moveit_config/package.xml
[0.694s] -- Up-to-date: /home/locobot/LoCoBotRos/interbotix_ws/install/moveit_resources_panda_moveit_config/share/moveit_resources_panda_moveit_config/launch
[0.694s] -- Up-to-date: /home/locobot/LoCoBotRos/interbotix_ws/install/moveit_resources_panda_moveit_config/share/moveit_resources_panda_moveit_config/launch/moveit.rviz
[0.695s] -- Up-to-date: /home/locobot/LoCoBotRos/interbotix_ws/install/moveit_resources_panda_moveit_config/share/moveit_resources_panda_moveit_config/launch/demo.launch.py
[0.695s] -- Up-to-date: /home/locobot/LoCoBotRos/interbotix_ws/install/moveit_resources_panda_moveit_config/share/moveit_resources_panda_moveit_config/launch/moveit_rviz.launch.py
[0.695s] -- Up-to-date: /home/locobot/LoCoBotRos/interbotix_ws/install/moveit_resources_panda_moveit_config/share/moveit_resources_panda_moveit_config/launch/moveit_empty.rviz
[0.695s] -- Up-to-date: /home/locobot/LoCoBotRos/interbotix_ws/install/moveit_resources_panda_moveit_config/share/moveit_resources_panda_moveit_config/config
[0.695s] -- Up-to-date: /home/locobot/LoCoBotRos/interbotix_ws/install/moveit_resources_panda_moveit_config/share/moveit_resources_panda_moveit_config/config/panda.srdf
[0.696s] -- Up-to-date: /home/locobot/LoCoBotRos/interbotix_ws/install/moveit_resources_panda_moveit_config/share/moveit_resources_panda_moveit_config/config/panda.urdf.xacro
[0.698s] -- Up-to-date: /home/locobot/LoCoBotRos/interbotix_ws/install/moveit_resources_panda_moveit_config/share/moveit_resources_panda_moveit_config/config/panda_arm.xacro
[0.699s] -- Up-to-date: /home/locobot/LoCoBotRos/interbotix_ws/install/moveit_resources_panda_moveit_config/share/moveit_resources_panda_moveit_config/config/panda_hand.ros2_control.xacro
[0.699s] -- Up-to-date: /home/locobot/LoCoBotRos/interbotix_ws/install/moveit_resources_panda_moveit_config/share/moveit_resources_panda_moveit_config/config/kinematics.yaml
[0.699s] -- Up-to-date: /home/locobot/LoCoBotRos/interbotix_ws/install/moveit_resources_panda_moveit_config/share/moveit_resources_panda_moveit_config/config/panda_arm_hand.srdf.xacro
[0.699s] -- Up-to-date: /home/locobot/LoCoBotRos/interbotix_ws/install/moveit_resources_panda_moveit_config/share/moveit_resources_panda_moveit_config/config/sensors_kinect_depthmap.yaml
[0.699s] -- Up-to-date: /home/locobot/LoCoBotRos/interbotix_ws/install/moveit_resources_panda_moveit_config/share/moveit_resources_panda_moveit_config/config/pilz_industrial_motion_planner_planning.yaml
[0.700s] -- Up-to-date: /home/locobot/LoCoBotRos/interbotix_ws/install/moveit_resources_panda_moveit_config/share/moveit_resources_panda_moveit_config/config/hand.xacro
[0.700s] -- Up-to-date: /home/locobot/LoCoBotRos/interbotix_ws/install/moveit_resources_panda_moveit_config/share/moveit_resources_panda_moveit_config/config/moveit_controllers.yaml
[0.700s] -- Up-to-date: /home/locobot/LoCoBotRos/interbotix_ws/install/moveit_resources_panda_moveit_config/share/moveit_resources_panda_moveit_config/config/panda.ros2_control.xacro
[0.700s] -- Up-to-date: /home/locobot/LoCoBotRos/interbotix_ws/install/moveit_resources_panda_moveit_config/share/moveit_resources_panda_moveit_config/config/chomp_planning.yaml
[0.701s] -- Up-to-date: /home/locobot/LoCoBotRos/interbotix_ws/install/moveit_resources_panda_moveit_config/share/moveit_resources_panda_moveit_config/config/joint_limits.yaml
[0.701s] -- Up-to-date: /home/locobot/LoCoBotRos/interbotix_ws/install/moveit_resources_panda_moveit_config/share/moveit_resources_panda_moveit_config/config/trajopt_planning.yaml
[0.701s] -- Up-to-date: /home/locobot/LoCoBotRos/interbotix_ws/install/moveit_resources_panda_moveit_config/share/moveit_resources_panda_moveit_config/config/gripper_moveit_controllers.yaml
[0.701s] -- Up-to-date: /home/locobot/LoCoBotRos/interbotix_ws/install/moveit_resources_panda_moveit_config/share/moveit_resources_panda_moveit_config/config/sensors_kinect_pointcloud.yaml
[0.701s] -- Up-to-date: /home/locobot/LoCoBotRos/interbotix_ws/install/moveit_resources_panda_moveit_config/share/moveit_resources_panda_moveit_config/config/ompl_planning.yaml
[0.701s] -- Up-to-date: /home/locobot/LoCoBotRos/interbotix_ws/install/moveit_resources_panda_moveit_config/share/moveit_resources_panda_moveit_config/config/panda_arm.srdf.xacro
[0.701s] -- Up-to-date: /home/locobot/LoCoBotRos/interbotix_ws/install/moveit_resources_panda_moveit_config/share/moveit_resources_panda_moveit_config/config/initial_positions.yaml
[0.701s] -- Up-to-date: /home/locobot/LoCoBotRos/interbotix_ws/install/moveit_resources_panda_moveit_config/share/moveit_resources_panda_moveit_config/config/pilz_cartesian_limits.yaml
[0.701s] -- Up-to-date: /home/locobot/LoCoBotRos/interbotix_ws/install/moveit_resources_panda_moveit_config/share/moveit_resources_panda_moveit_config/config/ros2_controllers.yaml
[0.701s] -- Up-to-date: /home/locobot/LoCoBotRos/interbotix_ws/install/moveit_resources_panda_moveit_config/share/moveit_resources_panda_moveit_config/config/lerp_planning.yaml
[0.702s] -- Up-to-date: /home/locobot/LoCoBotRos/interbotix_ws/install/moveit_resources_panda_moveit_config/share/moveit_resources_panda_moveit_config/.setup_assistant
[0.719s] Invoked command in '/home/locobot/LoCoBotRos/interbotix_ws/build/moveit_resources_panda_moveit_config' returned '0': AMENT_PREFIX_PATH=/home/locobot/LoCoBotRos/interbotix_ws/install/moveit_resources_panda_description:${AMENT_PREFIX_PATH} CMAKE_PREFIX_PATH=/home/locobot/LoCoBotRos/interbotix_ws/install/moveit_resources_panda_description:/home/locobot/apriltag_ws/install/apriltag_ros:/opt/ros/humble /usr/bin/cmake --install /home/locobot/LoCoBotRos/interbotix_ws/build/moveit_resources_panda_moveit_config
