[0.349s] Invoking command in '/home/locobot/LoCoBotRos/interbotix_ws/build/moveit_resources_fanuc_description': CMAKE_PREFIX_PATH=${CMAKE_PREFIX_PATH}:/opt/ros/humble /usr/bin/cmake /home/locobot/LoCoBotRos/interbotix_ws/src/moveit_resources/fanuc_description -DCMAKE_INSTALL_PREFIX=/home/locobot/LoCoBotRos/interbotix_ws/install/moveit_resources_fanuc_description
[0.768s] -- Found ament_cmake: 1.3.11 (/opt/ros/humble/share/ament_cmake/cmake)
[0.768s] -- Configuring done
[0.768s] -- Generating done
[0.768s] -- Build files have been written to: /home/locobot/LoCoBotRos/interbotix_ws/build/moveit_resources_fanuc_description
[0.806s] Invoked command in '/home/locobot/LoCoBotRos/interbotix_ws/build/moveit_resources_fanuc_description' returned '0': CMAKE_PREFIX_PATH=${CMAKE_PREFIX_PATH}:/opt/ros/humble /usr/bin/cmake /home/locobot/LoCoBotRos/interbotix_ws/src/moveit_resources/fanuc_description -DCMAKE_INSTALL_PREFIX=/home/locobot/LoCoBotRos/interbotix_ws/install/moveit_resources_fanuc_description
[0.806s] Invoking command in '/home/locobot/LoCoBotRos/interbotix_ws/build/moveit_resources_fanuc_description': CMAKE_PREFIX_PATH=${CMAKE_PREFIX_PATH}:/opt/ros/humble /usr/bin/cmake --build /home/locobot/LoCoBotRos/interbotix_ws/build/moveit_resources_fanuc_description -- -j16 -l16
[0.925s] Invoked command in '/home/locobot/LoCoBotRos/interbotix_ws/build/moveit_resources_fanuc_description' returned '0': CMAKE_PREFIX_PATH=${CMAKE_PREFIX_PATH}:/opt/ros/humble /usr/bin/cmake --build /home/locobot/LoCoBotRos/interbotix_ws/build/moveit_resources_fanuc_description -- -j16 -l16
[0.927s] Invoking command in '/home/locobot/LoCoBotRos/interbotix_ws/build/moveit_resources_fanuc_description': CMAKE_PREFIX_PATH=${CMAKE_PREFIX_PATH}:/opt/ros/humble /usr/bin/cmake --install /home/locobot/LoCoBotRos/interbotix_ws/build/moveit_resources_fanuc_description
[0.939s] -- Install configuration: "Release"
[0.940s] -- Up-to-date: /home/locobot/LoCoBotRos/interbotix_ws/install/moveit_resources_fanuc_description/share/ament_index/resource_index/package_run_dependencies/moveit_resources_fanuc_description
[0.940s] -- Up-to-date: /home/locobot/LoCoBotRos/interbotix_ws/install/moveit_resources_fanuc_description/share/ament_index/resource_index/parent_prefix_path/moveit_resources_fanuc_description
[0.940s] -- Up-to-date: /home/locobot/LoCoBotRos/interbotix_ws/install/moveit_resources_fanuc_description/share/moveit_resources_fanuc_description/environment/ament_prefix_path.sh
[0.942s] -- Installing: /home/locobot/LoCoBotRos/interbotix_ws/install/moveit_resources_fanuc_description/share/moveit_resources_fanuc_description/environment/ament_prefix_path.dsv
[0.942s] -- Up-to-date: /home/locobot/LoCoBotRos/interbotix_ws/install/moveit_resources_fanuc_description/share/moveit_resources_fanuc_description/environment/path.sh
[0.942s] -- Installing: /home/locobot/LoCoBotRos/interbotix_ws/install/moveit_resources_fanuc_description/share/moveit_resources_fanuc_description/environment/path.dsv
[0.942s] -- Up-to-date: /home/locobot/LoCoBotRos/interbotix_ws/install/moveit_resources_fanuc_description/share/moveit_resources_fanuc_description/local_setup.bash
[0.942s] -- Up-to-date: /home/locobot/LoCoBotRos/interbotix_ws/install/moveit_resources_fanuc_description/share/moveit_resources_fanuc_description/local_setup.sh
[0.942s] -- Up-to-date: /home/locobot/LoCoBotRos/interbotix_ws/install/moveit_resources_fanuc_description/share/moveit_resources_fanuc_description/local_setup.zsh
[0.942s] -- Installing: /home/locobot/LoCoBotRos/interbotix_ws/install/moveit_resources_fanuc_description/share/moveit_resources_fanuc_description/local_setup.dsv
[0.943s] -- Installing: /home/locobot/LoCoBotRos/interbotix_ws/install/moveit_resources_fanuc_description/share/moveit_resources_fanuc_description/package.dsv
[0.943s] -- Up-to-date: /home/locobot/LoCoBotRos/interbotix_ws/install/moveit_resources_fanuc_description/share/ament_index/resource_index/packages/moveit_resources_fanuc_description
[0.943s] -- Up-to-date: /home/locobot/LoCoBotRos/interbotix_ws/install/moveit_resources_fanuc_description/share/moveit_resources_fanuc_description/cmake/moveit_resources_fanuc_descriptionConfig.cmake
[0.943s] -- Up-to-date: /home/locobot/LoCoBotRos/interbotix_ws/install/moveit_resources_fanuc_description/share/moveit_resources_fanuc_description/cmake/moveit_resources_fanuc_descriptionConfig-version.cmake
[0.945s] -- Up-to-date: /home/locobot/LoCoBotRos/interbotix_ws/install/moveit_resources_fanuc_description/share/moveit_resources_fanuc_description/package.xml
[0.945s] -- Up-to-date: /home/locobot/LoCoBotRos/interbotix_ws/install/moveit_resources_fanuc_description/share/moveit_resources_fanuc_description/meshes
[0.945s] -- Up-to-date: /home/locobot/LoCoBotRos/interbotix_ws/install/moveit_resources_fanuc_description/share/moveit_resources_fanuc_description/meshes/collision
[0.945s] -- Up-to-date: /home/locobot/LoCoBotRos/interbotix_ws/install/moveit_resources_fanuc_description/share/moveit_resources_fanuc_description/meshes/collision/link_6.stl
[0.947s] -- Up-to-date: /home/locobot/LoCoBotRos/interbotix_ws/install/moveit_resources_fanuc_description/share/moveit_resources_fanuc_description/meshes/collision/link_3.stl
[0.951s] -- Up-to-date: /home/locobot/LoCoBotRos/interbotix_ws/install/moveit_resources_fanuc_description/share/moveit_resources_fanuc_description/meshes/collision/base_link.stl
[0.954s] -- Up-to-date: /home/locobot/LoCoBotRos/interbotix_ws/install/moveit_resources_fanuc_description/share/moveit_resources_fanuc_description/meshes/collision/link_2.stl
[0.955s] -- Up-to-date: /home/locobot/LoCoBotRos/interbotix_ws/install/moveit_resources_fanuc_description/share/moveit_resources_fanuc_description/meshes/collision/link_1.stl
[0.955s] -- Up-to-date: /home/locobot/LoCoBotRos/interbotix_ws/install/moveit_resources_fanuc_description/share/moveit_resources_fanuc_description/meshes/collision/link_4.stl
[0.955s] -- Up-to-date: /home/locobot/LoCoBotRos/interbotix_ws/install/moveit_resources_fanuc_description/share/moveit_resources_fanuc_description/meshes/collision/link_5.stl
[0.955s] -- Up-to-date: /home/locobot/LoCoBotRos/interbotix_ws/install/moveit_resources_fanuc_description/share/moveit_resources_fanuc_description/meshes/visual
[0.955s] -- Up-to-date: /home/locobot/LoCoBotRos/interbotix_ws/install/moveit_resources_fanuc_description/share/moveit_resources_fanuc_description/meshes/visual/link_6.stl
[0.955s] -- Up-to-date: /home/locobot/LoCoBotRos/interbotix_ws/install/moveit_resources_fanuc_description/share/moveit_resources_fanuc_description/meshes/visual/link_3.stl
[0.955s] -- Up-to-date: /home/locobot/LoCoBotRos/interbotix_ws/install/moveit_resources_fanuc_description/share/moveit_resources_fanuc_description/meshes/visual/base_link.stl
[0.956s] -- Up-to-date: /home/locobot/LoCoBotRos/interbotix_ws/install/moveit_resources_fanuc_description/share/moveit_resources_fanuc_description/meshes/visual/link_2.stl
[0.956s] -- Up-to-date: /home/locobot/LoCoBotRos/interbotix_ws/install/moveit_resources_fanuc_description/share/moveit_resources_fanuc_description/meshes/visual/link_1.stl
[0.956s] -- Up-to-date: /home/locobot/LoCoBotRos/interbotix_ws/install/moveit_resources_fanuc_description/share/moveit_resources_fanuc_description/meshes/visual/link_4.stl
[0.956s] -- Up-to-date: /home/locobot/LoCoBotRos/interbotix_ws/install/moveit_resources_fanuc_description/share/moveit_resources_fanuc_description/meshes/visual/link_5.stl
[0.956s] -- Up-to-date: /home/locobot/LoCoBotRos/interbotix_ws/install/moveit_resources_fanuc_description/share/moveit_resources_fanuc_description/urdf
[0.956s] -- Up-to-date: /home/locobot/LoCoBotRos/interbotix_ws/install/moveit_resources_fanuc_description/share/moveit_resources_fanuc_description/urdf/fanuc.urdf
[1.024s] Invoked command in '/home/locobot/LoCoBotRos/interbotix_ws/build/moveit_resources_fanuc_description' returned '0': CMAKE_PREFIX_PATH=${CMAKE_PREFIX_PATH}:/opt/ros/humble /usr/bin/cmake --install /home/locobot/LoCoBotRos/interbotix_ws/build/moveit_resources_fanuc_description
