[0.008s] Invoking command in '/home/locobot/LoCoBotRos/interbotix_ws/build/kobuki_safety_controller': AMENT_PREFIX_PATH=/home/locobot/LoCoBotRos/interbotix_ws/install/kobuki_ros_interfaces:${AMENT_PREFIX_PATH} CMAKE_PREFIX_PATH=/home/locobot/LoCoBotRos/interbotix_ws/install/kobuki_ros_interfaces:/home/locobot/apriltag_ws/install/apriltag_ros:/opt/ros/humble LD_LIBRARY_PATH=/home/locobot/LoCoBotRos/interbotix_ws/install/kobuki_ros_interfaces/lib:${LD_LIBRARY_PATH} PYTHONPATH=/home/locobot/LoCoBotRos/interbotix_ws/install/kobuki_ros_interfaces/local/lib/python3.10/dist-packages:${PYTHONPATH} /usr/bin/cmake --build /home/locobot/LoCoBotRos/interbotix_ws/build/kobuki_safety_controller -- -j16 -l16
[0.044s] [35m[1mConsolidate compiler generated dependencies of target kobuki_safety_controller_node[0m
[0.055s] [ 25%] [32mBuilding CXX object CMakeFiles/kobuki_safety_controller.dir/src/safety_controller.cpp.o[0m
[0.057s] [ 50%] [32mBuilding CXX object CMakeFiles/kobuki_safety_controller_node.dir/rclcpp_components/node_main_kobuki_safety_controller_node.cpp.o[0m
[2.799s] [ 75%] [32m[1mLinking CXX executable kobuki_safety_controller_node[0m
[2.880s] [ 75%] Built target kobuki_safety_controller_node
[16.418s] [100%] [32m[1mLinking CXX shared library libkobuki_safety_controller.so[0m
[16.583s] [100%] Built target kobuki_safety_controller
[16.591s] Invoked command in '/home/locobot/LoCoBotRos/interbotix_ws/build/kobuki_safety_controller' returned '0': AMENT_PREFIX_PATH=/home/locobot/LoCoBotRos/interbotix_ws/install/kobuki_ros_interfaces:${AMENT_PREFIX_PATH} CMAKE_PREFIX_PATH=/home/locobot/LoCoBotRos/interbotix_ws/install/kobuki_ros_interfaces:/home/locobot/apriltag_ws/install/apriltag_ros:/opt/ros/humble LD_LIBRARY_PATH=/home/locobot/LoCoBotRos/interbotix_ws/install/kobuki_ros_interfaces/lib:${LD_LIBRARY_PATH} PYTHONPATH=/home/locobot/LoCoBotRos/interbotix_ws/install/kobuki_ros_interfaces/local/lib/python3.10/dist-packages:${PYTHONPATH} /usr/bin/cmake --build /home/locobot/LoCoBotRos/interbotix_ws/build/kobuki_safety_controller -- -j16 -l16
[16.593s] Invoking command in '/home/locobot/LoCoBotRos/interbotix_ws/build/kobuki_safety_controller': AMENT_PREFIX_PATH=/home/locobot/LoCoBotRos/interbotix_ws/install/kobuki_ros_interfaces:${AMENT_PREFIX_PATH} CMAKE_PREFIX_PATH=/home/locobot/LoCoBotRos/interbotix_ws/install/kobuki_ros_interfaces:/home/locobot/apriltag_ws/install/apriltag_ros:/opt/ros/humble LD_LIBRARY_PATH=/home/locobot/LoCoBotRos/interbotix_ws/install/kobuki_ros_interfaces/lib:${LD_LIBRARY_PATH} PYTHONPATH=/home/locobot/LoCoBotRos/interbotix_ws/install/kobuki_ros_interfaces/local/lib/python3.10/dist-packages:${PYTHONPATH} /usr/bin/cmake --install /home/locobot/LoCoBotRos/interbotix_ws/build/kobuki_safety_controller
[16.600s] -- Install configuration: "Release"
[16.601s] -- Installing: /home/locobot/LoCoBotRos/interbotix_ws/install/kobuki_safety_controller/lib/kobuki_safety_controller/kobuki_safety_controller_node
[16.601s] -- Set runtime path of "/home/locobot/LoCoBotRos/interbotix_ws/install/kobuki_safety_controller/lib/kobuki_safety_controller/kobuki_safety_controller_node" to ""
[16.602s] -- Installing: /home/locobot/LoCoBotRos/interbotix_ws/install/kobuki_safety_controller/lib/libkobuki_safety_controller.so
[16.604s] -- Set runtime path of "/home/locobot/LoCoBotRos/interbotix_ws/install/kobuki_safety_controller/lib/libkobuki_safety_controller.so" to ""
[16.604s] -- Up-to-date: /home/locobot/LoCoBotRos/interbotix_ws/install/kobuki_safety_controller/include/kobuki_safety_controller
[16.605s] -- Up-to-date: /home/locobot/LoCoBotRos/interbotix_ws/install/kobuki_safety_controller/include/kobuki_safety_controller/safety_controller.hpp
[16.605s] -- Up-to-date: /home/locobot/LoCoBotRos/interbotix_ws/install/kobuki_safety_controller/share/kobuki_safety_controller/config
[16.605s] -- Up-to-date: /home/locobot/LoCoBotRos/interbotix_ws/install/kobuki_safety_controller/share/kobuki_safety_controller/config/safety_controller_params.yaml
[16.605s] -- Up-to-date: /home/locobot/LoCoBotRos/interbotix_ws/install/kobuki_safety_controller/share/kobuki_safety_controller/launch
[16.606s] -- Up-to-date: /home/locobot/LoCoBotRos/interbotix_ws/install/kobuki_safety_controller/share/kobuki_safety_controller/launch/safety_controller-launch.py
[16.606s] -- Up-to-date: /home/locobot/LoCoBotRos/interbotix_ws/install/kobuki_safety_controller/share/kobuki_safety_controller/launch/safety_controller-composed-launch.py
[16.606s] -- Up-to-date: /home/locobot/LoCoBotRos/interbotix_ws/install/kobuki_safety_controller/share/ament_index/resource_index/package_run_dependencies/kobuki_safety_controller
[16.606s] -- Installing: /home/locobot/LoCoBotRos/interbotix_ws/install/kobuki_safety_controller/share/ament_index/resource_index/parent_prefix_path/kobuki_safety_controller
[16.606s] -- Up-to-date: /home/locobot/LoCoBotRos/interbotix_ws/install/kobuki_safety_controller/share/kobuki_safety_controller/environment/ament_prefix_path.sh
[16.606s] -- Installing: /home/locobot/LoCoBotRos/interbotix_ws/install/kobuki_safety_controller/share/kobuki_safety_controller/environment/ament_prefix_path.dsv
[16.607s] -- Up-to-date: /home/locobot/LoCoBotRos/interbotix_ws/install/kobuki_safety_controller/share/kobuki_safety_controller/environment/path.sh
[16.607s] -- Installing: /home/locobot/LoCoBotRos/interbotix_ws/install/kobuki_safety_controller/share/kobuki_safety_controller/environment/path.dsv
[16.607s] -- Up-to-date: /home/locobot/LoCoBotRos/interbotix_ws/install/kobuki_safety_controller/share/kobuki_safety_controller/local_setup.bash
[16.607s] -- Up-to-date: /home/locobot/LoCoBotRos/interbotix_ws/install/kobuki_safety_controller/share/kobuki_safety_controller/local_setup.sh
[16.607s] -- Up-to-date: /home/locobot/LoCoBotRos/interbotix_ws/install/kobuki_safety_controller/share/kobuki_safety_controller/local_setup.zsh
[16.607s] -- Installing: /home/locobot/LoCoBotRos/interbotix_ws/install/kobuki_safety_controller/share/kobuki_safety_controller/local_setup.dsv
[16.607s] -- Installing: /home/locobot/LoCoBotRos/interbotix_ws/install/kobuki_safety_controller/share/kobuki_safety_controller/package.dsv
[16.608s] -- Up-to-date: /home/locobot/LoCoBotRos/interbotix_ws/install/kobuki_safety_controller/share/ament_index/resource_index/packages/kobuki_safety_controller
[16.608s] -- Up-to-date: /home/locobot/LoCoBotRos/interbotix_ws/install/kobuki_safety_controller/share/ament_index/resource_index/rclcpp_components/kobuki_safety_controller
[16.608s] -- Up-to-date: /home/locobot/LoCoBotRos/interbotix_ws/install/kobuki_safety_controller/share/kobuki_safety_controller/cmake/kobuki_safety_controllerConfig.cmake
[16.608s] -- Up-to-date: /home/locobot/LoCoBotRos/interbotix_ws/install/kobuki_safety_controller/share/kobuki_safety_controller/cmake/kobuki_safety_controllerConfig-version.cmake
[16.608s] -- Up-to-date: /home/locobot/LoCoBotRos/interbotix_ws/install/kobuki_safety_controller/share/kobuki_safety_controller/package.xml
[16.610s] Invoked command in '/home/locobot/LoCoBotRos/interbotix_ws/build/kobuki_safety_controller' returned '0': AMENT_PREFIX_PATH=/home/locobot/LoCoBotRos/interbotix_ws/install/kobuki_ros_interfaces:${AMENT_PREFIX_PATH} CMAKE_PREFIX_PATH=/home/locobot/LoCoBotRos/interbotix_ws/install/kobuki_ros_interfaces:/home/locobot/apriltag_ws/install/apriltag_ros:/opt/ros/humble LD_LIBRARY_PATH=/home/locobot/LoCoBotRos/interbotix_ws/install/kobuki_ros_interfaces/lib:${LD_LIBRARY_PATH} PYTHONPATH=/home/locobot/LoCoBotRos/interbotix_ws/install/kobuki_ros_interfaces/local/lib/python3.10/dist-packages:${PYTHONPATH} /usr/bin/cmake --install /home/locobot/LoCoBotRos/interbotix_ws/build/kobuki_safety_controller
