-- Found ament_cmake_ros: 0.10.0 (/opt/ros/humble/share/ament_cmake_ros/cmake)
-- Found ecl_build: 1.0.3 (/opt/ros/humble/share/ecl_build/cmake)
-- Found ecl_command_line: 1.2.1 (/home/locobot/LoCoBotRos/interbotix_ws/install/ecl_command_line/share/ecl_command_line/cmake)
-- Found ecl_config: 1.2.0 (/home/locobot/LoCoBotRos/interbotix_ws/install/ecl_config/share/ecl_config/cmake)
-- Found ecl_console: 1.2.0 (/home/locobot/LoCoBotRos/interbotix_ws/install/ecl_console/share/ecl_console/cmake)
-- Found ecl_converters: 1.2.1 (/home/locobot/LoCoBotRos/interbotix_ws/install/ecl_converters/share/ecl_converters/cmake)
-- Found ecl_devices: 1.2.1 (/home/locobot/LoCoBotRos/interbotix_ws/install/ecl_devices/share/ecl_devices/cmake)
-- Found ecl_geometry: 1.2.1 (/home/locobot/LoCoBotRos/interbotix_ws/install/ecl_geometry/share/ecl_geometry/cmake)
-- Found ecl_mobile_robot: 1.2.1 (/home/locobot/LoCoBotRos/interbotix_ws/install/ecl_mobile_robot/share/ecl_mobile_robot/cmake)
-- Found ecl_sigslots: 1.2.1 (/home/locobot/LoCoBotRos/interbotix_ws/install/ecl_sigslots/share/ecl_sigslots/cmake)
-- Configuring done
-- Generating done
-- Build files have been written to: /home/locobot/LoCoBotRos/interbotix_ws/build/kobuki_core
[35m[1mConsolidate compiler generated dependencies of target kobuki_core[0m
[ 41%] Built target kobuki_core
[35m[1mConsolidate compiler generated dependencies of target kobuki_core_demo_chirp[0m
[35m[1mConsolidate compiler generated dependencies of target kobuki_core_demo_custom_logging[0m
[35m[1mConsolidate compiler generated dependencies of target kobuki_core_demo_log_levels[0m
[35m[1mConsolidate compiler generated dependencies of target kobuki_core_demo_buttons[0m
[35m[1mConsolidate compiler generated dependencies of target kobuki_core_demo_data_stream[0m
[35m[1mConsolidate compiler generated dependencies of target kobuki_core_tool_version_info[0m
[35m[1mConsolidate compiler generated dependencies of target kobuki_core_demo_simple_loop[0m
[35m[1mConsolidate compiler generated dependencies of target kobuki_core_demo_velocity_commands[0m
[35m[1mConsolidate compiler generated dependencies of target kobuki_core_tool_simple_keyop[0m
[35m[1mConsolidate compiler generated dependencies of target kobuki_core_demo_raw_data_stream[0m
[ 47%] Built target kobuki_core_demo_custom_logging
[ 52%] Built target kobuki_core_demo_chirp
[ 58%] Built target kobuki_core_demo_buttons
[ 64%] Built target kobuki_core_demo_simple_loop
[ 76%] Built target kobuki_core_tool_version_info
[ 76%] Built target kobuki_core_demo_data_stream
[ 82%] Built target kobuki_core_demo_velocity_commands
[ 88%] Built target kobuki_core_demo_log_levels
[ 94%] Built target kobuki_core_tool_simple_keyop
[100%] Built target kobuki_core_demo_raw_data_stream
-- Install configuration: "Release"
-- Up-to-date: /home/locobot/LoCoBotRos/interbotix_ws/install/kobuki_core/include
-- Up-to-date: /home/locobot/LoCoBotRos/interbotix_ws/install/kobuki_core/include/CMakeLists.txt
-- Up-to-date: /home/locobot/LoCoBotRos/interbotix_ws/install/kobuki_core/include/kobuki_core
-- Up-to-date: /home/locobot/LoCoBotRos/interbotix_ws/install/kobuki_core/include/kobuki_core/packets.hpp
-- Up-to-date: /home/locobot/LoCoBotRos/interbotix_ws/install/kobuki_core/include/kobuki_core/command.hpp
-- Up-to-date: /home/locobot/LoCoBotRos/interbotix_ws/install/kobuki_core/include/kobuki_core/dock_drive.hpp
-- Up-to-date: /home/locobot/LoCoBotRos/interbotix_ws/install/kobuki_core/include/kobuki_core/kobuki.hpp
-- Up-to-date: /home/locobot/LoCoBotRos/interbotix_ws/install/kobuki_core/include/kobuki_core/version_info.hpp
-- Up-to-date: /home/locobot/LoCoBotRos/interbotix_ws/install/kobuki_core/include/kobuki_core/parameters.hpp
-- Up-to-date: /home/locobot/LoCoBotRos/interbotix_ws/install/kobuki_core/include/kobuki_core/modules
-- Up-to-date: /home/locobot/LoCoBotRos/interbotix_ws/install/kobuki_core/include/kobuki_core/modules/led_array.hpp
-- Up-to-date: /home/locobot/LoCoBotRos/interbotix_ws/install/kobuki_core/include/kobuki_core/modules/diff_drive.hpp
-- Up-to-date: /home/locobot/LoCoBotRos/interbotix_ws/install/kobuki_core/include/kobuki_core/modules/battery.hpp
-- Up-to-date: /home/locobot/LoCoBotRos/interbotix_ws/install/kobuki_core/include/kobuki_core/modules/acceleration_limiter.hpp
-- Up-to-date: /home/locobot/LoCoBotRos/interbotix_ws/install/kobuki_core/include/kobuki_core/modules/digital_output.hpp
-- Up-to-date: /home/locobot/LoCoBotRos/interbotix_ws/install/kobuki_core/include/kobuki_core/modules/sound.hpp
-- Up-to-date: /home/locobot/LoCoBotRos/interbotix_ws/install/kobuki_core/include/kobuki_core/event_manager.hpp
-- Up-to-date: /home/locobot/LoCoBotRos/interbotix_ws/install/kobuki_core/include/kobuki_core/logging.hpp
-- Up-to-date: /home/locobot/LoCoBotRos/interbotix_ws/install/kobuki_core/include/kobuki_core/packet_handler
-- Up-to-date: /home/locobot/LoCoBotRos/interbotix_ws/install/kobuki_core/include/kobuki_core/packet_handler/payload_headers.hpp
-- Up-to-date: /home/locobot/LoCoBotRos/interbotix_ws/install/kobuki_core/include/kobuki_core/packet_handler/payload_base.hpp
-- Up-to-date: /home/locobot/LoCoBotRos/interbotix_ws/install/kobuki_core/include/kobuki_core/packet_handler/packet_finder.hpp
-- Up-to-date: /home/locobot/LoCoBotRos/interbotix_ws/install/kobuki_core/include/kobuki_core/packets
-- Up-to-date: /home/locobot/LoCoBotRos/interbotix_ws/install/kobuki_core/include/kobuki_core/packets/hardware.hpp
-- Up-to-date: /home/locobot/LoCoBotRos/interbotix_ws/install/kobuki_core/include/kobuki_core/packets/three_axis_gyro.hpp
-- Up-to-date: /home/locobot/LoCoBotRos/interbotix_ws/install/kobuki_core/include/kobuki_core/packets/core_sensors.hpp
-- Up-to-date: /home/locobot/LoCoBotRos/interbotix_ws/install/kobuki_core/include/kobuki_core/packets/dock_ir.hpp
-- Up-to-date: /home/locobot/LoCoBotRos/interbotix_ws/install/kobuki_core/include/kobuki_core/packets/current.hpp
-- Up-to-date: /home/locobot/LoCoBotRos/interbotix_ws/install/kobuki_core/include/kobuki_core/packets/firmware.hpp
-- Up-to-date: /home/locobot/LoCoBotRos/interbotix_ws/install/kobuki_core/include/kobuki_core/packets/controller_info.hpp
-- Up-to-date: /home/locobot/LoCoBotRos/interbotix_ws/install/kobuki_core/include/kobuki_core/packets/unique_device_id.hpp
-- Up-to-date: /home/locobot/LoCoBotRos/interbotix_ws/install/kobuki_core/include/kobuki_core/packets/gp_input.hpp
-- Up-to-date: /home/locobot/LoCoBotRos/interbotix_ws/install/kobuki_core/include/kobuki_core/packets/cliff.hpp
-- Up-to-date: /home/locobot/LoCoBotRos/interbotix_ws/install/kobuki_core/include/kobuki_core/packets/inertia.hpp
-- Up-to-date: /home/locobot/LoCoBotRos/interbotix_ws/install/kobuki_core/include/kobuki_core/packets/eeprom.hpp
-- Up-to-date: /home/locobot/LoCoBotRos/interbotix_ws/install/kobuki_core/include/kobuki_core/modules.hpp
-- Up-to-date: /home/locobot/LoCoBotRos/interbotix_ws/install/kobuki_core/include/kobuki_core/macros.hpp
-- Up-to-date: /home/locobot/LoCoBotRos/interbotix_ws/install/kobuki_core/share/kobuki_core/environment/library_path.sh
-- Installing: /home/locobot/LoCoBotRos/interbotix_ws/install/kobuki_core/share/kobuki_core/environment/library_path.dsv
-- Up-to-date: /home/locobot/LoCoBotRos/interbotix_ws/install/kobuki_core/share/ament_index/resource_index/package_run_dependencies/kobuki_core
-- Up-to-date: /home/locobot/LoCoBotRos/interbotix_ws/install/kobuki_core/share/ament_index/resource_index/parent_prefix_path/kobuki_core
-- Up-to-date: /home/locobot/LoCoBotRos/interbotix_ws/install/kobuki_core/share/kobuki_core/environment/ament_prefix_path.sh
-- Installing: /home/locobot/LoCoBotRos/interbotix_ws/install/kobuki_core/share/kobuki_core/environment/ament_prefix_path.dsv
-- Up-to-date: /home/locobot/LoCoBotRos/interbotix_ws/install/kobuki_core/share/kobuki_core/environment/path.sh
-- Installing: /home/locobot/LoCoBotRos/interbotix_ws/install/kobuki_core/share/kobuki_core/environment/path.dsv
-- Up-to-date: /home/locobot/LoCoBotRos/interbotix_ws/install/kobuki_core/share/kobuki_core/local_setup.bash
-- Up-to-date: /home/locobot/LoCoBotRos/interbotix_ws/install/kobuki_core/share/kobuki_core/local_setup.sh
-- Up-to-date: /home/locobot/LoCoBotRos/interbotix_ws/install/kobuki_core/share/kobuki_core/local_setup.zsh
-- Installing: /home/locobot/LoCoBotRos/interbotix_ws/install/kobuki_core/share/kobuki_core/local_setup.dsv
-- Installing: /home/locobot/LoCoBotRos/interbotix_ws/install/kobuki_core/share/kobuki_core/package.dsv
-- Up-to-date: /home/locobot/LoCoBotRos/interbotix_ws/install/kobuki_core/share/ament_index/resource_index/packages/kobuki_core
-- Up-to-date: /home/locobot/LoCoBotRos/interbotix_ws/install/kobuki_core/share/kobuki_core/cmake/kobuki_coreExport.cmake
-- Up-to-date: /home/locobot/LoCoBotRos/interbotix_ws/install/kobuki_core/share/kobuki_core/cmake/kobuki_coreExport-release.cmake
-- Up-to-date: /home/locobot/LoCoBotRos/interbotix_ws/install/kobuki_core/share/kobuki_core/cmake/ament_cmake_export_targets-extras.cmake
-- Up-to-date: /home/locobot/LoCoBotRos/interbotix_ws/install/kobuki_core/share/kobuki_core/cmake/ament_cmake_export_dependencies-extras.cmake
-- Up-to-date: /home/locobot/LoCoBotRos/interbotix_ws/install/kobuki_core/share/kobuki_core/cmake/ament_cmake_export_include_directories-extras.cmake
-- Up-to-date: /home/locobot/LoCoBotRos/interbotix_ws/install/kobuki_core/share/kobuki_core/cmake/ament_cmake_export_libraries-extras.cmake
-- Up-to-date: /home/locobot/LoCoBotRos/interbotix_ws/install/kobuki_core/share/kobuki_core/cmake/kobuki_coreConfig.cmake
-- Up-to-date: /home/locobot/LoCoBotRos/interbotix_ws/install/kobuki_core/share/kobuki_core/cmake/kobuki_coreConfig-version.cmake
-- Up-to-date: /home/locobot/LoCoBotRos/interbotix_ws/install/kobuki_core/share/kobuki_core/package.xml
-- Up-to-date: /home/locobot/LoCoBotRos/interbotix_ws/install/kobuki_core/include/kobuki_core
-- Up-to-date: /home/locobot/LoCoBotRos/interbotix_ws/install/kobuki_core/include/kobuki_core/packets.hpp
-- Up-to-date: /home/locobot/LoCoBotRos/interbotix_ws/install/kobuki_core/include/kobuki_core/command.hpp
-- Up-to-date: /home/locobot/LoCoBotRos/interbotix_ws/install/kobuki_core/include/kobuki_core/dock_drive.hpp
-- Up-to-date: /home/locobot/LoCoBotRos/interbotix_ws/install/kobuki_core/include/kobuki_core/kobuki.hpp
-- Up-to-date: /home/locobot/LoCoBotRos/interbotix_ws/install/kobuki_core/include/kobuki_core/version_info.hpp
-- Up-to-date: /home/locobot/LoCoBotRos/interbotix_ws/install/kobuki_core/include/kobuki_core/parameters.hpp
-- Up-to-date: /home/locobot/LoCoBotRos/interbotix_ws/install/kobuki_core/include/kobuki_core/modules
-- Up-to-date: /home/locobot/LoCoBotRos/interbotix_ws/install/kobuki_core/include/kobuki_core/modules/led_array.hpp
-- Up-to-date: /home/locobot/LoCoBotRos/interbotix_ws/install/kobuki_core/include/kobuki_core/modules/diff_drive.hpp
-- Up-to-date: /home/locobot/LoCoBotRos/interbotix_ws/install/kobuki_core/include/kobuki_core/modules/battery.hpp
-- Up-to-date: /home/locobot/LoCoBotRos/interbotix_ws/install/kobuki_core/include/kobuki_core/modules/acceleration_limiter.hpp
-- Up-to-date: /home/locobot/LoCoBotRos/interbotix_ws/install/kobuki_core/include/kobuki_core/modules/digital_output.hpp
-- Up-to-date: /home/locobot/LoCoBotRos/interbotix_ws/install/kobuki_core/include/kobuki_core/modules/sound.hpp
-- Up-to-date: /home/locobot/LoCoBotRos/interbotix_ws/install/kobuki_core/include/kobuki_core/event_manager.hpp
-- Up-to-date: /home/locobot/LoCoBotRos/interbotix_ws/install/kobuki_core/include/kobuki_core/logging.hpp
-- Up-to-date: /home/locobot/LoCoBotRos/interbotix_ws/install/kobuki_core/include/kobuki_core/packet_handler
-- Up-to-date: /home/locobot/LoCoBotRos/interbotix_ws/install/kobuki_core/include/kobuki_core/packet_handler/payload_headers.hpp
-- Up-to-date: /home/locobot/LoCoBotRos/interbotix_ws/install/kobuki_core/include/kobuki_core/packet_handler/payload_base.hpp
-- Up-to-date: /home/locobot/LoCoBotRos/interbotix_ws/install/kobuki_core/include/kobuki_core/packet_handler/packet_finder.hpp
-- Up-to-date: /home/locobot/LoCoBotRos/interbotix_ws/install/kobuki_core/include/kobuki_core/packets
-- Up-to-date: /home/locobot/LoCoBotRos/interbotix_ws/install/kobuki_core/include/kobuki_core/packets/hardware.hpp
-- Up-to-date: /home/locobot/LoCoBotRos/interbotix_ws/install/kobuki_core/include/kobuki_core/packets/three_axis_gyro.hpp
-- Up-to-date: /home/locobot/LoCoBotRos/interbotix_ws/install/kobuki_core/include/kobuki_core/packets/core_sensors.hpp
-- Up-to-date: /home/locobot/LoCoBotRos/interbotix_ws/install/kobuki_core/include/kobuki_core/packets/dock_ir.hpp
-- Up-to-date: /home/locobot/LoCoBotRos/interbotix_ws/install/kobuki_core/include/kobuki_core/packets/current.hpp
-- Up-to-date: /home/locobot/LoCoBotRos/interbotix_ws/install/kobuki_core/include/kobuki_core/packets/firmware.hpp
-- Up-to-date: /home/locobot/LoCoBotRos/interbotix_ws/install/kobuki_core/include/kobuki_core/packets/controller_info.hpp
-- Up-to-date: /home/locobot/LoCoBotRos/interbotix_ws/install/kobuki_core/include/kobuki_core/packets/unique_device_id.hpp
-- Up-to-date: /home/locobot/LoCoBotRos/interbotix_ws/install/kobuki_core/include/kobuki_core/packets/gp_input.hpp
-- Up-to-date: /home/locobot/LoCoBotRos/interbotix_ws/install/kobuki_core/include/kobuki_core/packets/cliff.hpp
-- Up-to-date: /home/locobot/LoCoBotRos/interbotix_ws/install/kobuki_core/include/kobuki_core/packets/inertia.hpp
-- Up-to-date: /home/locobot/LoCoBotRos/interbotix_ws/install/kobuki_core/include/kobuki_core/packets/eeprom.hpp
-- Up-to-date: /home/locobot/LoCoBotRos/interbotix_ws/install/kobuki_core/include/kobuki_core/modules.hpp
-- Up-to-date: /home/locobot/LoCoBotRos/interbotix_ws/install/kobuki_core/include/kobuki_core/macros.hpp
-- Up-to-date: /home/locobot/LoCoBotRos/interbotix_ws/install/kobuki_core/lib/libkobuki_core.so.1.4.0
-- Up-to-date: /home/locobot/LoCoBotRos/interbotix_ws/install/kobuki_core/lib/libkobuki_core.so
-- Up-to-date: /home/locobot/LoCoBotRos/interbotix_ws/install/kobuki_core/lib/kobuki_core/demo_buttons
-- Up-to-date: /home/locobot/LoCoBotRos/interbotix_ws/install/kobuki_core/lib/kobuki_core/demo_chirp
-- Up-to-date: /home/locobot/LoCoBotRos/interbotix_ws/install/kobuki_core/lib/kobuki_core/demo_custom_logging
-- Up-to-date: /home/locobot/LoCoBotRos/interbotix_ws/install/kobuki_core/lib/kobuki_core/demo_data_stream
-- Up-to-date: /home/locobot/LoCoBotRos/interbotix_ws/install/kobuki_core/lib/kobuki_core/demo_log_levels
-- Up-to-date: /home/locobot/LoCoBotRos/interbotix_ws/install/kobuki_core/lib/kobuki_core/demo_raw_data_stream
-- Up-to-date: /home/locobot/LoCoBotRos/interbotix_ws/install/kobuki_core/lib/kobuki_core/demo_simple_loop
-- Up-to-date: /home/locobot/LoCoBotRos/interbotix_ws/install/kobuki_core/lib/kobuki_core/demo_velocity_commands
-- Up-to-date: /home/locobot/LoCoBotRos/interbotix_ws/install/kobuki_core/bin/kobuki-version-info
-- Up-to-date: /home/locobot/LoCoBotRos/interbotix_ws/install/kobuki_core/bin/kobuki-simple-keyop
