[0.011s] Invoking command in '/home/locobot/LoCoBotRos/interbotix_ws/build/ecl_utilities': AMENT_PREFIX_PATH=/home/locobot/LoCoBotRos/interbotix_ws/install/ecl_concepts:/home/locobot/LoCoBotRos/interbotix_ws/install/ecl_type_traits:/home/locobot/LoCoBotRos/interbotix_ws/install/ecl_mpl:/home/locobot/LoCoBotRos/interbotix_ws/install/ecl_config:${AMENT_PREFIX_PATH} CMAKE_PREFIX_PATH=/home/locobot/LoCoBotRos/interbotix_ws/install/ecl_concepts:/home/locobot/LoCoBotRos/interbotix_ws/install/ecl_type_traits:/home/locobot/LoCoBotRos/interbotix_ws/install/ecl_mpl:/home/locobot/LoCoBotRos/interbotix_ws/install/ecl_config:/home/locobot/apriltag_ws/install/apriltag_ros:/opt/ros/humble LD_LIBRARY_PATH=/home/locobot/LoCoBotRos/interbotix_ws/install/ecl_type_traits/lib:${LD_LIBRARY_PATH} PATH=/home/locobot/LoCoBotRos/interbotix_ws/install/ecl_type_traits/bin:/home/locobot/LoCoBotRos/interbotix_ws/install/ecl_config/bin:${PATH} /usr/bin/cmake --build /home/locobot/LoCoBotRos/interbotix_ws/build/ecl_utilities -- -j16 -l16
[0.046s] [ 25%] Built target ecl_demo_constructors
[0.046s] [ 25%] Built target gtest_main
[0.046s] [ 37%] Built target gtest
[0.063s] [ 75%] Built target ecl_test_flags
[0.064s] [ 75%] Built target ecl_test_parameters
[0.064s] [ 75%] Built target ecl_test_singleton
[0.066s] [ 87%] Built target ecl_test_function_objects
[0.067s] [100%] Built target ecl_test_references
[0.075s] Invoked command in '/home/locobot/LoCoBotRos/interbotix_ws/build/ecl_utilities' returned '0': AMENT_PREFIX_PATH=/home/locobot/LoCoBotRos/interbotix_ws/install/ecl_concepts:/home/locobot/LoCoBotRos/interbotix_ws/install/ecl_type_traits:/home/locobot/LoCoBotRos/interbotix_ws/install/ecl_mpl:/home/locobot/LoCoBotRos/interbotix_ws/install/ecl_config:${AMENT_PREFIX_PATH} CMAKE_PREFIX_PATH=/home/locobot/LoCoBotRos/interbotix_ws/install/ecl_concepts:/home/locobot/LoCoBotRos/interbotix_ws/install/ecl_type_traits:/home/locobot/LoCoBotRos/interbotix_ws/install/ecl_mpl:/home/locobot/LoCoBotRos/interbotix_ws/install/ecl_config:/home/locobot/apriltag_ws/install/apriltag_ros:/opt/ros/humble LD_LIBRARY_PATH=/home/locobot/LoCoBotRos/interbotix_ws/install/ecl_type_traits/lib:${LD_LIBRARY_PATH} PATH=/home/locobot/LoCoBotRos/interbotix_ws/install/ecl_type_traits/bin:/home/locobot/LoCoBotRos/interbotix_ws/install/ecl_config/bin:${PATH} /usr/bin/cmake --build /home/locobot/LoCoBotRos/interbotix_ws/build/ecl_utilities -- -j16 -l16
[0.076s] Invoking command in '/home/locobot/LoCoBotRos/interbotix_ws/build/ecl_utilities': AMENT_PREFIX_PATH=/home/locobot/LoCoBotRos/interbotix_ws/install/ecl_concepts:/home/locobot/LoCoBotRos/interbotix_ws/install/ecl_type_traits:/home/locobot/LoCoBotRos/interbotix_ws/install/ecl_mpl:/home/locobot/LoCoBotRos/interbotix_ws/install/ecl_config:${AMENT_PREFIX_PATH} CMAKE_PREFIX_PATH=/home/locobot/LoCoBotRos/interbotix_ws/install/ecl_concepts:/home/locobot/LoCoBotRos/interbotix_ws/install/ecl_type_traits:/home/locobot/LoCoBotRos/interbotix_ws/install/ecl_mpl:/home/locobot/LoCoBotRos/interbotix_ws/install/ecl_config:/home/locobot/apriltag_ws/install/apriltag_ros:/opt/ros/humble LD_LIBRARY_PATH=/home/locobot/LoCoBotRos/interbotix_ws/install/ecl_type_traits/lib:${LD_LIBRARY_PATH} PATH=/home/locobot/LoCoBotRos/interbotix_ws/install/ecl_type_traits/bin:/home/locobot/LoCoBotRos/interbotix_ws/install/ecl_config/bin:${PATH} /usr/bin/cmake --install /home/locobot/LoCoBotRos/interbotix_ws/build/ecl_utilities
[0.082s] -- Install configuration: "Release"
[0.082s] -- Up-to-date: /home/locobot/LoCoBotRos/interbotix_ws/install/ecl_utilities/share/ament_index/resource_index/package_run_dependencies/ecl_utilities
[0.082s] -- Up-to-date: /home/locobot/LoCoBotRos/interbotix_ws/install/ecl_utilities/share/ament_index/resource_index/parent_prefix_path/ecl_utilities
[0.082s] -- Up-to-date: /home/locobot/LoCoBotRos/interbotix_ws/install/ecl_utilities/share/ecl_utilities/environment/ament_prefix_path.sh
[0.082s] -- Up-to-date: /home/locobot/LoCoBotRos/interbotix_ws/install/ecl_utilities/share/ecl_utilities/environment/ament_prefix_path.dsv
[0.082s] -- Up-to-date: /home/locobot/LoCoBotRos/interbotix_ws/install/ecl_utilities/share/ecl_utilities/environment/path.sh
[0.082s] -- Up-to-date: /home/locobot/LoCoBotRos/interbotix_ws/install/ecl_utilities/share/ecl_utilities/environment/path.dsv
[0.082s] -- Up-to-date: /home/locobot/LoCoBotRos/interbotix_ws/install/ecl_utilities/share/ecl_utilities/local_setup.bash
[0.082s] -- Up-to-date: /home/locobot/LoCoBotRos/interbotix_ws/install/ecl_utilities/share/ecl_utilities/local_setup.sh
[0.082s] -- Up-to-date: /home/locobot/LoCoBotRos/interbotix_ws/install/ecl_utilities/share/ecl_utilities/local_setup.zsh
[0.082s] -- Up-to-date: /home/locobot/LoCoBotRos/interbotix_ws/install/ecl_utilities/share/ecl_utilities/local_setup.dsv
[0.082s] -- Installing: /home/locobot/LoCoBotRos/interbotix_ws/install/ecl_utilities/share/ecl_utilities/package.dsv
[0.082s] -- Up-to-date: /home/locobot/LoCoBotRos/interbotix_ws/install/ecl_utilities/share/ament_index/resource_index/packages/ecl_utilities
[0.082s] -- Up-to-date: /home/locobot/LoCoBotRos/interbotix_ws/install/ecl_utilities/share/ecl_utilities/cmake/ecl_utilitiesExport.cmake
[0.083s] -- Up-to-date: /home/locobot/LoCoBotRos/interbotix_ws/install/ecl_utilities/share/ecl_utilities/cmake/ament_cmake_export_targets-extras.cmake
[0.083s] -- Up-to-date: /home/locobot/LoCoBotRos/interbotix_ws/install/ecl_utilities/share/ecl_utilities/cmake/ament_cmake_export_include_directories-extras.cmake
[0.083s] -- Up-to-date: /home/locobot/LoCoBotRos/interbotix_ws/install/ecl_utilities/share/ecl_utilities/cmake/ament_cmake_export_dependencies-extras.cmake
[0.083s] -- Up-to-date: /home/locobot/LoCoBotRos/interbotix_ws/install/ecl_utilities/share/ecl_utilities/cmake/ecl_utilitiesConfig.cmake
[0.083s] -- Up-to-date: /home/locobot/LoCoBotRos/interbotix_ws/install/ecl_utilities/share/ecl_utilities/cmake/ecl_utilitiesConfig-version.cmake
[0.083s] -- Up-to-date: /home/locobot/LoCoBotRos/interbotix_ws/install/ecl_utilities/share/ecl_utilities/package.xml
[0.083s] -- Up-to-date: /home/locobot/LoCoBotRos/interbotix_ws/install/ecl_utilities/include/ecl/utilities.hpp
[0.083s] -- Up-to-date: /home/locobot/LoCoBotRos/interbotix_ws/install/ecl_utilities/include/ecl/utilities/blueprints.hpp
[0.083s] -- Up-to-date: /home/locobot/LoCoBotRos/interbotix_ws/install/ecl_utilities/include/ecl/utilities/flags.hpp
[0.083s] -- Up-to-date: /home/locobot/LoCoBotRos/interbotix_ws/install/ecl_utilities/include/ecl/utilities/function_objects.hpp
[0.083s] -- Up-to-date: /home/locobot/LoCoBotRos/interbotix_ws/install/ecl_utilities/include/ecl/utilities/parameter.hpp
[0.083s] -- Up-to-date: /home/locobot/LoCoBotRos/interbotix_ws/install/ecl_utilities/include/ecl/utilities/references.hpp
[0.083s] -- Up-to-date: /home/locobot/LoCoBotRos/interbotix_ws/install/ecl_utilities/include/ecl/utilities/singleton.hpp
[0.083s] -- Up-to-date: /home/locobot/LoCoBotRos/interbotix_ws/install/ecl_utilities/include/ecl/utilities/void.hpp
[0.083s] -- Up-to-date: /home/locobot/LoCoBotRos/interbotix_ws/install/ecl_utilities/lib/ecl_utilities/demo_constructors
[0.085s] Invoked command in '/home/locobot/LoCoBotRos/interbotix_ws/build/ecl_utilities' returned '0': AMENT_PREFIX_PATH=/home/locobot/LoCoBotRos/interbotix_ws/install/ecl_concepts:/home/locobot/LoCoBotRos/interbotix_ws/install/ecl_type_traits:/home/locobot/LoCoBotRos/interbotix_ws/install/ecl_mpl:/home/locobot/LoCoBotRos/interbotix_ws/install/ecl_config:${AMENT_PREFIX_PATH} CMAKE_PREFIX_PATH=/home/locobot/LoCoBotRos/interbotix_ws/install/ecl_concepts:/home/locobot/LoCoBotRos/interbotix_ws/install/ecl_type_traits:/home/locobot/LoCoBotRos/interbotix_ws/install/ecl_mpl:/home/locobot/LoCoBotRos/interbotix_ws/install/ecl_config:/home/locobot/apriltag_ws/install/apriltag_ros:/opt/ros/humble LD_LIBRARY_PATH=/home/locobot/LoCoBotRos/interbotix_ws/install/ecl_type_traits/lib:${LD_LIBRARY_PATH} PATH=/home/locobot/LoCoBotRos/interbotix_ws/install/ecl_type_traits/bin:/home/locobot/LoCoBotRos/interbotix_ws/install/ecl_config/bin:${PATH} /usr/bin/cmake --install /home/locobot/LoCoBotRos/interbotix_ws/build/ecl_utilities
