[0.016s] Invoking command in '/home/locobot/LoCoBotRos/interbotix_ws/build/srdfdom': CMAKE_PREFIX_PATH=${CMAKE_PREFIX_PATH}:/home/locobot/LoCoBotRos/interbotix_ws/install/interbotix_xs_modules:/home/locobot/LoCoBotRos/interbotix_ws/install/interbotix_common_modules:/home/locobot/interbotix_ws/install/kobuki_description:/home/locobot/interbotix_ws/install/interbotix_xs_modules:/home/locobot/interbotix_ws/install/interbotix_common_sim:/home/locobot/interbotix_ws/install/interbotix_common_modules:/home/locobot/interbotix_ws/install/ecl_utilities:/home/locobot/interbotix_ws/install/ecl_math:/home/locobot/interbotix_ws/install/ecl_formatters:/home/locobot/interbotix_ws/install/ecl_converters:/home/locobot/interbotix_ws/install/ecl_concepts:/home/locobot/interbotix_ws/install/ecl_type_traits:/home/locobot/interbotix_ws/install/ecl_time_lite:/home/locobot/interbotix_ws/install/ecl_mpl:/home/locobot/interbotix_ws/install/ecl_exceptions:/home/locobot/interbotix_ws/install/ecl_errors:/home/locobot/interbotix_ws/install/ecl_eigen:/home/locobot/interbotix_ws/install/ecl_config:/home/locobot/interbotix_ws/install/ecl_command_line:/home/locobot/interbotix_ws/install/dynamixel_workbench_toolbox:/opt/ros/humble /usr/bin/cmake --build /home/locobot/LoCoBotRos/interbotix_ws/build/srdfdom -- -j16 -l16
[0.096s] [ 27%] Built target gtest
[0.096s] [ 36%] Built target gtest_main
[0.100s] [ 36%] Built target ament_cmake_python_copy_srdfdom
[0.109s] [ 63%] Built target srdfdom
[0.140s] [100%] Built target test_cpp_nl_NL.UTF-8
[0.140s] [100%] Built target test_cpp_C
[0.314s] running egg_info
[0.315s] writing srdfdom.egg-info/PKG-INFO
[0.315s] writing dependency_links to srdfdom.egg-info/dependency_links.txt
[0.315s] writing top-level names to srdfdom.egg-info/top_level.txt
[0.318s] reading manifest file 'srdfdom.egg-info/SOURCES.txt'
[0.318s] writing manifest file 'srdfdom.egg-info/SOURCES.txt'
[0.342s] [100%] Built target ament_cmake_python_build_srdfdom_egg
[0.353s] Invoked command in '/home/locobot/LoCoBotRos/interbotix_ws/build/srdfdom' returned '0': CMAKE_PREFIX_PATH=${CMAKE_PREFIX_PATH}:/home/locobot/LoCoBotRos/interbotix_ws/install/interbotix_xs_modules:/home/locobot/LoCoBotRos/interbotix_ws/install/interbotix_common_modules:/home/locobot/interbotix_ws/install/kobuki_description:/home/locobot/interbotix_ws/install/interbotix_xs_modules:/home/locobot/interbotix_ws/install/interbotix_common_sim:/home/locobot/interbotix_ws/install/interbotix_common_modules:/home/locobot/interbotix_ws/install/ecl_utilities:/home/locobot/interbotix_ws/install/ecl_math:/home/locobot/interbotix_ws/install/ecl_formatters:/home/locobot/interbotix_ws/install/ecl_converters:/home/locobot/interbotix_ws/install/ecl_concepts:/home/locobot/interbotix_ws/install/ecl_type_traits:/home/locobot/interbotix_ws/install/ecl_time_lite:/home/locobot/interbotix_ws/install/ecl_mpl:/home/locobot/interbotix_ws/install/ecl_exceptions:/home/locobot/interbotix_ws/install/ecl_errors:/home/locobot/interbotix_ws/install/ecl_eigen:/home/locobot/interbotix_ws/install/ecl_config:/home/locobot/interbotix_ws/install/ecl_command_line:/home/locobot/interbotix_ws/install/dynamixel_workbench_toolbox:/opt/ros/humble /usr/bin/cmake --build /home/locobot/LoCoBotRos/interbotix_ws/build/srdfdom -- -j16 -l16
[0.355s] Invoking command in '/home/locobot/LoCoBotRos/interbotix_ws/build/srdfdom': CMAKE_PREFIX_PATH=${CMAKE_PREFIX_PATH}:/home/locobot/LoCoBotRos/interbotix_ws/install/interbotix_xs_modules:/home/locobot/LoCoBotRos/interbotix_ws/install/interbotix_common_modules:/home/locobot/interbotix_ws/install/kobuki_description:/home/locobot/interbotix_ws/install/interbotix_xs_modules:/home/locobot/interbotix_ws/install/interbotix_common_sim:/home/locobot/interbotix_ws/install/interbotix_common_modules:/home/locobot/interbotix_ws/install/ecl_utilities:/home/locobot/interbotix_ws/install/ecl_math:/home/locobot/interbotix_ws/install/ecl_formatters:/home/locobot/interbotix_ws/install/ecl_converters:/home/locobot/interbotix_ws/install/ecl_concepts:/home/locobot/interbotix_ws/install/ecl_type_traits:/home/locobot/interbotix_ws/install/ecl_time_lite:/home/locobot/interbotix_ws/install/ecl_mpl:/home/locobot/interbotix_ws/install/ecl_exceptions:/home/locobot/interbotix_ws/install/ecl_errors:/home/locobot/interbotix_ws/install/ecl_eigen:/home/locobot/interbotix_ws/install/ecl_config:/home/locobot/interbotix_ws/install/ecl_command_line:/home/locobot/interbotix_ws/install/dynamixel_workbench_toolbox:/opt/ros/humble /usr/bin/cmake --install /home/locobot/LoCoBotRos/interbotix_ws/build/srdfdom
[0.365s] -- Install configuration: "Debug"
[0.365s] -- Up-to-date: /home/locobot/LoCoBotRos/interbotix_ws/install/srdfdom/lib/libsrdfdom.so.2.0.8
[0.365s] -- Up-to-date: /home/locobot/LoCoBotRos/interbotix_ws/install/srdfdom/lib/libsrdfdom.so
[0.366s] -- Up-to-date: /home/locobot/LoCoBotRos/interbotix_ws/install/srdfdom/include/srdfdom
[0.366s] -- Up-to-date: /home/locobot/LoCoBotRos/interbotix_ws/install/srdfdom/include/srdfdom/srdfdom
[0.366s] -- Up-to-date: /home/locobot/LoCoBotRos/interbotix_ws/install/srdfdom/include/srdfdom/srdfdom/srdf_writer.h
[0.366s] -- Up-to-date: /home/locobot/LoCoBotRos/interbotix_ws/install/srdfdom/include/srdfdom/srdfdom/visibility_control.h
[0.366s] -- Up-to-date: /home/locobot/LoCoBotRos/interbotix_ws/install/srdfdom/include/srdfdom/srdfdom/model.h
[0.366s] -- Up-to-date: /home/locobot/LoCoBotRos/interbotix_ws/install/srdfdom/lib/srdfdom/display_srdf
[0.366s] -- Up-to-date: /home/locobot/LoCoBotRos/interbotix_ws/install/srdfdom/share/srdfdom/environment/pythonpath.sh
[0.366s] -- Up-to-date: /home/locobot/LoCoBotRos/interbotix_ws/install/srdfdom/share/srdfdom/environment/pythonpath.dsv
[0.366s] -- Up-to-date: /home/locobot/LoCoBotRos/interbotix_ws/install/srdfdom/local/lib/python3.10/dist-packages/srdfdom-2.0.8-py3.10.egg-info
[0.366s] -- Installing: /home/locobot/LoCoBotRos/interbotix_ws/install/srdfdom/local/lib/python3.10/dist-packages/srdfdom-2.0.8-py3.10.egg-info/dependency_links.txt
[0.366s] -- Installing: /home/locobot/LoCoBotRos/interbotix_ws/install/srdfdom/local/lib/python3.10/dist-packages/srdfdom-2.0.8-py3.10.egg-info/PKG-INFO
[0.366s] -- Installing: /home/locobot/LoCoBotRos/interbotix_ws/install/srdfdom/local/lib/python3.10/dist-packages/srdfdom-2.0.8-py3.10.egg-info/SOURCES.txt
[0.367s] -- Installing: /home/locobot/LoCoBotRos/interbotix_ws/install/srdfdom/local/lib/python3.10/dist-packages/srdfdom-2.0.8-py3.10.egg-info/top_level.txt
[0.367s] -- Up-to-date: /home/locobot/LoCoBotRos/interbotix_ws/install/srdfdom/local/lib/python3.10/dist-packages/srdfdom
[0.367s] -- Up-to-date: /home/locobot/LoCoBotRos/interbotix_ws/install/srdfdom/local/lib/python3.10/dist-packages/srdfdom/srdf.py
[0.367s] -- Up-to-date: /home/locobot/LoCoBotRos/interbotix_ws/install/srdfdom/local/lib/python3.10/dist-packages/srdfdom/__init__.py
[0.396s] Listing '/home/locobot/LoCoBotRos/interbotix_ws/install/srdfdom/local/lib/python3.10/dist-packages/srdfdom'...
[0.400s] -- Up-to-date: /home/locobot/LoCoBotRos/interbotix_ws/install/srdfdom/share/srdfdom/environment/library_path.sh
[0.400s] -- Up-to-date: /home/locobot/LoCoBotRos/interbotix_ws/install/srdfdom/share/srdfdom/environment/library_path.dsv
[0.400s] -- Up-to-date: /home/locobot/LoCoBotRos/interbotix_ws/install/srdfdom/share/ament_index/resource_index/package_run_dependencies/srdfdom
[0.401s] -- Up-to-date: /home/locobot/LoCoBotRos/interbotix_ws/install/srdfdom/share/ament_index/resource_index/parent_prefix_path/srdfdom
[0.401s] -- Up-to-date: /home/locobot/LoCoBotRos/interbotix_ws/install/srdfdom/share/srdfdom/environment/ament_prefix_path.sh
[0.401s] -- Up-to-date: /home/locobot/LoCoBotRos/interbotix_ws/install/srdfdom/share/srdfdom/environment/ament_prefix_path.dsv
[0.401s] -- Up-to-date: /home/locobot/LoCoBotRos/interbotix_ws/install/srdfdom/share/srdfdom/environment/path.sh
[0.401s] -- Up-to-date: /home/locobot/LoCoBotRos/interbotix_ws/install/srdfdom/share/srdfdom/environment/path.dsv
[0.401s] -- Up-to-date: /home/locobot/LoCoBotRos/interbotix_ws/install/srdfdom/share/srdfdom/local_setup.bash
[0.401s] -- Up-to-date: /home/locobot/LoCoBotRos/interbotix_ws/install/srdfdom/share/srdfdom/local_setup.sh
[0.401s] -- Up-to-date: /home/locobot/LoCoBotRos/interbotix_ws/install/srdfdom/share/srdfdom/local_setup.zsh
[0.401s] -- Up-to-date: /home/locobot/LoCoBotRos/interbotix_ws/install/srdfdom/share/srdfdom/local_setup.dsv
[0.401s] -- Installing: /home/locobot/LoCoBotRos/interbotix_ws/install/srdfdom/share/srdfdom/package.dsv
[0.401s] -- Up-to-date: /home/locobot/LoCoBotRos/interbotix_ws/install/srdfdom/share/ament_index/resource_index/packages/srdfdom
[0.402s] -- Up-to-date: /home/locobot/LoCoBotRos/interbotix_ws/install/srdfdom/share/srdfdom/cmake/srdfdomTargetsExport.cmake
[0.402s] -- Up-to-date: /home/locobot/LoCoBotRos/interbotix_ws/install/srdfdom/share/srdfdom/cmake/srdfdomTargetsExport-debug.cmake
[0.402s] -- Up-to-date: /home/locobot/LoCoBotRos/interbotix_ws/install/srdfdom/share/srdfdom/cmake/ament_cmake_export_targets-extras.cmake
[0.402s] -- Up-to-date: /home/locobot/LoCoBotRos/interbotix_ws/install/srdfdom/share/srdfdom/cmake/ament_cmake_export_dependencies-extras.cmake
[0.402s] -- Up-to-date: /home/locobot/LoCoBotRos/interbotix_ws/install/srdfdom/share/srdfdom/cmake/srdfdomConfig.cmake
[0.402s] -- Up-to-date: /home/locobot/LoCoBotRos/interbotix_ws/install/srdfdom/share/srdfdom/cmake/srdfdomConfig-version.cmake
[0.402s] -- Up-to-date: /home/locobot/LoCoBotRos/interbotix_ws/install/srdfdom/share/srdfdom/package.xml
[0.404s] Invoked command in '/home/locobot/LoCoBotRos/interbotix_ws/build/srdfdom' returned '0': CMAKE_PREFIX_PATH=${CMAKE_PREFIX_PATH}:/home/locobot/LoCoBotRos/interbotix_ws/install/interbotix_xs_modules:/home/locobot/LoCoBotRos/interbotix_ws/install/interbotix_common_modules:/home/locobot/interbotix_ws/install/kobuki_description:/home/locobot/interbotix_ws/install/interbotix_xs_modules:/home/locobot/interbotix_ws/install/interbotix_common_sim:/home/locobot/interbotix_ws/install/interbotix_common_modules:/home/locobot/interbotix_ws/install/ecl_utilities:/home/locobot/interbotix_ws/install/ecl_math:/home/locobot/interbotix_ws/install/ecl_formatters:/home/locobot/interbotix_ws/install/ecl_converters:/home/locobot/interbotix_ws/install/ecl_concepts:/home/locobot/interbotix_ws/install/ecl_type_traits:/home/locobot/interbotix_ws/install/ecl_time_lite:/home/locobot/interbotix_ws/install/ecl_mpl:/home/locobot/interbotix_ws/install/ecl_exceptions:/home/locobot/interbotix_ws/install/ecl_errors:/home/locobot/interbotix_ws/install/ecl_eigen:/home/locobot/interbotix_ws/install/ecl_config:/home/locobot/interbotix_ws/install/ecl_command_line:/home/locobot/interbotix_ws/install/dynamixel_workbench_toolbox:/opt/ros/humble /usr/bin/cmake --install /home/locobot/LoCoBotRos/interbotix_ws/build/srdfdom
