-- Found ament_cmake_ros: 0.10.0 (/opt/ros/humble/share/ament_cmake_ros/cmake)
-- Found kobuki_ros_interfaces: 1.0.0 (/home/locobot/LoCoBotRos/interbotix_ws/install/kobuki_ros_interfaces/share/kobuki_ros_interfaces/cmake)
-- Found rosidl_generator_c: 3.1.6 (/opt/ros/humble/share/rosidl_generator_c/cmake)
-- Found rosidl_adapter: 3.1.6 (/opt/ros/humble/share/rosidl_adapter/cmake)
-- Found rosidl_generator_cpp: 3.1.6 (/opt/ros/humble/share/rosidl_generator_cpp/cmake)
-- Using all available rosidl_typesupport_c: rosidl_typesupport_fastrtps_c;rosidl_typesupport_introspection_c
-- Using all available rosidl_typesupport_cpp: rosidl_typesupport_fastrtps_cpp;rosidl_typesupport_introspection_cpp
-- Found rcl_interfaces: 1.2.1 (/opt/ros/humble/share/rcl_interfaces/cmake)
-- Found rclcpp: 16.0.12 (/opt/ros/humble/share/rclcpp/cmake)
-- Found rmw_implementation_cmake: 6.1.2 (/opt/ros/humble/share/rmw_implementation_cmake/cmake)
-- Found rmw_fastrtps_cpp: 6.2.7 (/opt/ros/humble/share/rmw_fastrtps_cpp/cmake)
-- Using RMW implementation 'rmw_fastrtps_cpp' as default
-- Found rclcpp_components: 16.0.12 (/opt/ros/humble/share/rclcpp_components/cmake)
-- Found sensor_msgs: 4.9.0 (/opt/ros/humble/share/sensor_msgs/cmake)
-- Configuring done
-- Generating done
-- Build files have been written to: /home/locobot/LoCoBotRos/interbotix_ws/build/kobuki_bumper2pc
[35m[1mConsolidate compiler generated dependencies of target kobuki_bumper2pc_node[0m
[35m[1mConsolidate compiler generated dependencies of target kobuki_bumper2pc[0m
[ 50%] Built target kobuki_bumper2pc_node
[100%] Built target kobuki_bumper2pc
-- Install configuration: "Release"
-- Up-to-date: /home/locobot/LoCoBotRos/interbotix_ws/install/kobuki_bumper2pc/lib/kobuki_bumper2pc/kobuki_bumper2pc_node
-- Up-to-date: /home/locobot/LoCoBotRos/interbotix_ws/install/kobuki_bumper2pc/lib/libkobuki_bumper2pc.so
-- Up-to-date: /home/locobot/LoCoBotRos/interbotix_ws/install/kobuki_bumper2pc/include/kobuki_bumper2pc
-- Up-to-date: /home/locobot/LoCoBotRos/interbotix_ws/install/kobuki_bumper2pc/include/kobuki_bumper2pc/kobuki_bumper2pc.hpp
-- Up-to-date: /home/locobot/LoCoBotRos/interbotix_ws/install/kobuki_bumper2pc/share/kobuki_bumper2pc/launch
-- Up-to-date: /home/locobot/LoCoBotRos/interbotix_ws/install/kobuki_bumper2pc/share/kobuki_bumper2pc/launch/kobuki_bumper2pc-launch.py
-- Up-to-date: /home/locobot/LoCoBotRos/interbotix_ws/install/kobuki_bumper2pc/share/ament_index/resource_index/package_run_dependencies/kobuki_bumper2pc
-- Up-to-date: /home/locobot/LoCoBotRos/interbotix_ws/install/kobuki_bumper2pc/share/ament_index/resource_index/parent_prefix_path/kobuki_bumper2pc
-- Up-to-date: /home/locobot/LoCoBotRos/interbotix_ws/install/kobuki_bumper2pc/share/kobuki_bumper2pc/environment/ament_prefix_path.sh
-- Installing: /home/locobot/LoCoBotRos/interbotix_ws/install/kobuki_bumper2pc/share/kobuki_bumper2pc/environment/ament_prefix_path.dsv
-- Up-to-date: /home/locobot/LoCoBotRos/interbotix_ws/install/kobuki_bumper2pc/share/kobuki_bumper2pc/environment/path.sh
-- Installing: /home/locobot/LoCoBotRos/interbotix_ws/install/kobuki_bumper2pc/share/kobuki_bumper2pc/environment/path.dsv
-- Up-to-date: /home/locobot/LoCoBotRos/interbotix_ws/install/kobuki_bumper2pc/share/kobuki_bumper2pc/local_setup.bash
-- Up-to-date: /home/locobot/LoCoBotRos/interbotix_ws/install/kobuki_bumper2pc/share/kobuki_bumper2pc/local_setup.sh
-- Up-to-date: /home/locobot/LoCoBotRos/interbotix_ws/install/kobuki_bumper2pc/share/kobuki_bumper2pc/local_setup.zsh
-- Installing: /home/locobot/LoCoBotRos/interbotix_ws/install/kobuki_bumper2pc/share/kobuki_bumper2pc/local_setup.dsv
-- Installing: /home/locobot/LoCoBotRos/interbotix_ws/install/kobuki_bumper2pc/share/kobuki_bumper2pc/package.dsv
-- Up-to-date: /home/locobot/LoCoBotRos/interbotix_ws/install/kobuki_bumper2pc/share/ament_index/resource_index/packages/kobuki_bumper2pc
-- Up-to-date: /home/locobot/LoCoBotRos/interbotix_ws/install/kobuki_bumper2pc/share/ament_index/resource_index/rclcpp_components/kobuki_bumper2pc
-- Up-to-date: /home/locobot/LoCoBotRos/interbotix_ws/install/kobuki_bumper2pc/share/kobuki_bumper2pc/cmake/kobuki_bumper2pcConfig.cmake
-- Up-to-date: /home/locobot/LoCoBotRos/interbotix_ws/install/kobuki_bumper2pc/share/kobuki_bumper2pc/cmake/kobuki_bumper2pcConfig-version.cmake
-- Up-to-date: /home/locobot/LoCoBotRos/interbotix_ws/install/kobuki_bumper2pc/share/kobuki_bumper2pc/package.xml
