[0.145s] Invoking command in '/home/locobot/LoCoBotRos/interbotix_ws/build/kobuki_bumper2pc': AMENT_PREFIX_PATH=/home/locobot/LoCoBotRos/interbotix_ws/install/kobuki_ros_interfaces:${AMENT_PREFIX_PATH} CMAKE_PREFIX_PATH=/home/locobot/LoCoBotRos/interbotix_ws/install/kobuki_ros_interfaces:/home/locobot/apriltag_ws/install/apriltag_ros:/opt/ros/humble LD_LIBRARY_PATH=/home/locobot/LoCoBotRos/interbotix_ws/install/kobuki_ros_interfaces/lib:${LD_LIBRARY_PATH} PYTHONPATH=/home/locobot/LoCoBotRos/interbotix_ws/install/kobuki_ros_interfaces/local/lib/python3.10/dist-packages:${PYTHONPATH} /usr/bin/cmake /home/locobot/LoCoBotRos/interbotix_ws/src/kobuki_ros/kobuki_bumper2pc -DCMAKE_INSTALL_PREFIX=/home/locobot/LoCoBotRos/interbotix_ws/install/kobuki_bumper2pc
[0.184s] -- Found ament_cmake_ros: 0.10.0 (/opt/ros/humble/share/ament_cmake_ros/cmake)
[0.381s] -- Found kobuki_ros_interfaces: 1.0.0 (/home/locobot/LoCoBotRos/interbotix_ws/install/kobuki_ros_interfaces/share/kobuki_ros_interfaces/cmake)
[0.433s] -- Found rosidl_generator_c: 3.1.6 (/opt/ros/humble/share/rosidl_generator_c/cmake)
[0.436s] -- Found rosidl_adapter: 3.1.6 (/opt/ros/humble/share/rosidl_adapter/cmake)
[0.444s] -- Found rosidl_generator_cpp: 3.1.6 (/opt/ros/humble/share/rosidl_generator_cpp/cmake)
[0.457s] -- Using all available rosidl_typesupport_c: rosidl_typesupport_fastrtps_c;rosidl_typesupport_introspection_c
[0.474s] -- Using all available rosidl_typesupport_cpp: rosidl_typesupport_fastrtps_cpp;rosidl_typesupport_introspection_cpp
[0.607s] -- Found rcl_interfaces: 1.2.1 (/opt/ros/humble/share/rcl_interfaces/cmake)
[0.623s] -- Found rclcpp: 16.0.12 (/opt/ros/humble/share/rclcpp/cmake)
[0.648s] -- Found rmw_implementation_cmake: 6.1.2 (/opt/ros/humble/share/rmw_implementation_cmake/cmake)
[0.650s] -- Found rmw_fastrtps_cpp: 6.2.7 (/opt/ros/humble/share/rmw_fastrtps_cpp/cmake)
[0.798s] -- Using RMW implementation 'rmw_fastrtps_cpp' as default
[0.850s] -- Found rclcpp_components: 16.0.12 (/opt/ros/humble/share/rclcpp_components/cmake)
[0.874s] -- Found sensor_msgs: 4.9.0 (/opt/ros/humble/share/sensor_msgs/cmake)
[1.014s] -- Configuring done
[1.046s] -- Generating done
[1.055s] -- Build files have been written to: /home/locobot/LoCoBotRos/interbotix_ws/build/kobuki_bumper2pc
[1.171s] Invoked command in '/home/locobot/LoCoBotRos/interbotix_ws/build/kobuki_bumper2pc' returned '0': AMENT_PREFIX_PATH=/home/locobot/LoCoBotRos/interbotix_ws/install/kobuki_ros_interfaces:${AMENT_PREFIX_PATH} CMAKE_PREFIX_PATH=/home/locobot/LoCoBotRos/interbotix_ws/install/kobuki_ros_interfaces:/home/locobot/apriltag_ws/install/apriltag_ros:/opt/ros/humble LD_LIBRARY_PATH=/home/locobot/LoCoBotRos/interbotix_ws/install/kobuki_ros_interfaces/lib:${LD_LIBRARY_PATH} PYTHONPATH=/home/locobot/LoCoBotRos/interbotix_ws/install/kobuki_ros_interfaces/local/lib/python3.10/dist-packages:${PYTHONPATH} /usr/bin/cmake /home/locobot/LoCoBotRos/interbotix_ws/src/kobuki_ros/kobuki_bumper2pc -DCMAKE_INSTALL_PREFIX=/home/locobot/LoCoBotRos/interbotix_ws/install/kobuki_bumper2pc
[1.173s] Invoking command in '/home/locobot/LoCoBotRos/interbotix_ws/build/kobuki_bumper2pc': AMENT_PREFIX_PATH=/home/locobot/LoCoBotRos/interbotix_ws/install/kobuki_ros_interfaces:${AMENT_PREFIX_PATH} CMAKE_PREFIX_PATH=/home/locobot/LoCoBotRos/interbotix_ws/install/kobuki_ros_interfaces:/home/locobot/apriltag_ws/install/apriltag_ros:/opt/ros/humble LD_LIBRARY_PATH=/home/locobot/LoCoBotRos/interbotix_ws/install/kobuki_ros_interfaces/lib:${LD_LIBRARY_PATH} PYTHONPATH=/home/locobot/LoCoBotRos/interbotix_ws/install/kobuki_ros_interfaces/local/lib/python3.10/dist-packages:${PYTHONPATH} /usr/bin/cmake --build /home/locobot/LoCoBotRos/interbotix_ws/build/kobuki_bumper2pc -- -j16 -l16
[1.238s] [35m[1mConsolidate compiler generated dependencies of target kobuki_bumper2pc_node[0m
[1.251s] [35m[1mConsolidate compiler generated dependencies of target kobuki_bumper2pc[0m
[1.266s] [ 50%] Built target kobuki_bumper2pc_node
[1.282s] [100%] Built target kobuki_bumper2pc
[1.303s] Invoked command in '/home/locobot/LoCoBotRos/interbotix_ws/build/kobuki_bumper2pc' returned '0': AMENT_PREFIX_PATH=/home/locobot/LoCoBotRos/interbotix_ws/install/kobuki_ros_interfaces:${AMENT_PREFIX_PATH} CMAKE_PREFIX_PATH=/home/locobot/LoCoBotRos/interbotix_ws/install/kobuki_ros_interfaces:/home/locobot/apriltag_ws/install/apriltag_ros:/opt/ros/humble LD_LIBRARY_PATH=/home/locobot/LoCoBotRos/interbotix_ws/install/kobuki_ros_interfaces/lib:${LD_LIBRARY_PATH} PYTHONPATH=/home/locobot/LoCoBotRos/interbotix_ws/install/kobuki_ros_interfaces/local/lib/python3.10/dist-packages:${PYTHONPATH} /usr/bin/cmake --build /home/locobot/LoCoBotRos/interbotix_ws/build/kobuki_bumper2pc -- -j16 -l16
[1.311s] Invoking command in '/home/locobot/LoCoBotRos/interbotix_ws/build/kobuki_bumper2pc': AMENT_PREFIX_PATH=/home/locobot/LoCoBotRos/interbotix_ws/install/kobuki_ros_interfaces:${AMENT_PREFIX_PATH} CMAKE_PREFIX_PATH=/home/locobot/LoCoBotRos/interbotix_ws/install/kobuki_ros_interfaces:/home/locobot/apriltag_ws/install/apriltag_ros:/opt/ros/humble LD_LIBRARY_PATH=/home/locobot/LoCoBotRos/interbotix_ws/install/kobuki_ros_interfaces/lib:${LD_LIBRARY_PATH} PYTHONPATH=/home/locobot/LoCoBotRos/interbotix_ws/install/kobuki_ros_interfaces/local/lib/python3.10/dist-packages:${PYTHONPATH} /usr/bin/cmake --install /home/locobot/LoCoBotRos/interbotix_ws/build/kobuki_bumper2pc
[1.323s] -- Install configuration: "Release"
[1.324s] -- Up-to-date: /home/locobot/LoCoBotRos/interbotix_ws/install/kobuki_bumper2pc/lib/kobuki_bumper2pc/kobuki_bumper2pc_node
[1.325s] -- Up-to-date: /home/locobot/LoCoBotRos/interbotix_ws/install/kobuki_bumper2pc/lib/libkobuki_bumper2pc.so
[1.325s] -- Up-to-date: /home/locobot/LoCoBotRos/interbotix_ws/install/kobuki_bumper2pc/include/kobuki_bumper2pc
[1.325s] -- Up-to-date: /home/locobot/LoCoBotRos/interbotix_ws/install/kobuki_bumper2pc/include/kobuki_bumper2pc/kobuki_bumper2pc.hpp
[1.325s] -- Up-to-date: /home/locobot/LoCoBotRos/interbotix_ws/install/kobuki_bumper2pc/share/kobuki_bumper2pc/launch
[1.325s] -- Up-to-date: /home/locobot/LoCoBotRos/interbotix_ws/install/kobuki_bumper2pc/share/kobuki_bumper2pc/launch/kobuki_bumper2pc-launch.py
[1.325s] -- Up-to-date: /home/locobot/LoCoBotRos/interbotix_ws/install/kobuki_bumper2pc/share/ament_index/resource_index/package_run_dependencies/kobuki_bumper2pc
[1.325s] -- Up-to-date: /home/locobot/LoCoBotRos/interbotix_ws/install/kobuki_bumper2pc/share/ament_index/resource_index/parent_prefix_path/kobuki_bumper2pc
[1.325s] -- Up-to-date: /home/locobot/LoCoBotRos/interbotix_ws/install/kobuki_bumper2pc/share/kobuki_bumper2pc/environment/ament_prefix_path.sh
[1.325s] -- Installing: /home/locobot/LoCoBotRos/interbotix_ws/install/kobuki_bumper2pc/share/kobuki_bumper2pc/environment/ament_prefix_path.dsv
[1.325s] -- Up-to-date: /home/locobot/LoCoBotRos/interbotix_ws/install/kobuki_bumper2pc/share/kobuki_bumper2pc/environment/path.sh
[1.325s] -- Installing: /home/locobot/LoCoBotRos/interbotix_ws/install/kobuki_bumper2pc/share/kobuki_bumper2pc/environment/path.dsv
[1.325s] -- Up-to-date: /home/locobot/LoCoBotRos/interbotix_ws/install/kobuki_bumper2pc/share/kobuki_bumper2pc/local_setup.bash
[1.325s] -- Up-to-date: /home/locobot/LoCoBotRos/interbotix_ws/install/kobuki_bumper2pc/share/kobuki_bumper2pc/local_setup.sh
[1.325s] -- Up-to-date: /home/locobot/LoCoBotRos/interbotix_ws/install/kobuki_bumper2pc/share/kobuki_bumper2pc/local_setup.zsh
[1.326s] -- Installing: /home/locobot/LoCoBotRos/interbotix_ws/install/kobuki_bumper2pc/share/kobuki_bumper2pc/local_setup.dsv
[1.326s] -- Installing: /home/locobot/LoCoBotRos/interbotix_ws/install/kobuki_bumper2pc/share/kobuki_bumper2pc/package.dsv
[1.326s] -- Up-to-date: /home/locobot/LoCoBotRos/interbotix_ws/install/kobuki_bumper2pc/share/ament_index/resource_index/packages/kobuki_bumper2pc
[1.326s] -- Up-to-date: /home/locobot/LoCoBotRos/interbotix_ws/install/kobuki_bumper2pc/share/ament_index/resource_index/rclcpp_components/kobuki_bumper2pc
[1.326s] -- Up-to-date: /home/locobot/LoCoBotRos/interbotix_ws/install/kobuki_bumper2pc/share/kobuki_bumper2pc/cmake/kobuki_bumper2pcConfig.cmake
[1.326s] -- Up-to-date: /home/locobot/LoCoBotRos/interbotix_ws/install/kobuki_bumper2pc/share/kobuki_bumper2pc/cmake/kobuki_bumper2pcConfig-version.cmake
[1.326s] -- Up-to-date: /home/locobot/LoCoBotRos/interbotix_ws/install/kobuki_bumper2pc/share/kobuki_bumper2pc/package.xml
[1.360s] Invoked command in '/home/locobot/LoCoBotRos/interbotix_ws/build/kobuki_bumper2pc' returned '0': AMENT_PREFIX_PATH=/home/locobot/LoCoBotRos/interbotix_ws/install/kobuki_ros_interfaces:${AMENT_PREFIX_PATH} CMAKE_PREFIX_PATH=/home/locobot/LoCoBotRos/interbotix_ws/install/kobuki_ros_interfaces:/home/locobot/apriltag_ws/install/apriltag_ros:/opt/ros/humble LD_LIBRARY_PATH=/home/locobot/LoCoBotRos/interbotix_ws/install/kobuki_ros_interfaces/lib:${LD_LIBRARY_PATH} PYTHONPATH=/home/locobot/LoCoBotRos/interbotix_ws/install/kobuki_ros_interfaces/local/lib/python3.10/dist-packages:${PYTHONPATH} /usr/bin/cmake --install /home/locobot/LoCoBotRos/interbotix_ws/build/kobuki_bumper2pc
