[0.010s] Invoking command in '/home/locobot/LoCoBotRos/interbotix_ws/build/ecl_console': AMENT_PREFIX_PATH=/home/locobot/LoCoBotRos/interbotix_ws/install/ecl_config:${AMENT_PREFIX_PATH} CMAKE_PREFIX_PATH=/home/locobot/LoCoBotRos/interbotix_ws/install/ecl_config:/home/locobot/apriltag_ws/install/apriltag_ros:/opt/ros/humble PATH=/home/locobot/LoCoBotRos/interbotix_ws/install/ecl_config/bin:${PATH} /usr/bin/cmake /home/locobot/LoCoBotRos/interbotix_ws/src/ecl_lite/ecl_console -DCMAKE_BUILD_TYPE=Release -DCMAKE_INSTALL_PREFIX=/home/locobot/LoCoBotRos/interbotix_ws/install/ecl_console
[0.021s] -- Found ament_cmake_ros: 0.10.0 (/opt/ros/humble/share/ament_cmake_ros/cmake)
[0.121s] -- Found ecl_build: 1.0.3 (/opt/ros/humble/share/ecl_build/cmake)
[0.127s] -- Found ecl_config: 1.2.0 (/home/locobot/LoCoBotRos/interbotix_ws/install/ecl_config/share/ecl_config/cmake)
[0.181s] -- Configuring done
[0.185s] -- Generating done
[0.187s] -- Build files have been written to: /home/locobot/LoCoBotRos/interbotix_ws/build/ecl_console
[0.190s] Invoked command in '/home/locobot/LoCoBotRos/interbotix_ws/build/ecl_console' returned '0': AMENT_PREFIX_PATH=/home/locobot/LoCoBotRos/interbotix_ws/install/ecl_config:${AMENT_PREFIX_PATH} CMAKE_PREFIX_PATH=/home/locobot/LoCoBotRos/interbotix_ws/install/ecl_config:/home/locobot/apriltag_ws/install/apriltag_ros:/opt/ros/humble PATH=/home/locobot/LoCoBotRos/interbotix_ws/install/ecl_config/bin:${PATH} /usr/bin/cmake /home/locobot/LoCoBotRos/interbotix_ws/src/ecl_lite/ecl_console -DCMAKE_BUILD_TYPE=Release -DCMAKE_INSTALL_PREFIX=/home/locobot/LoCoBotRos/interbotix_ws/install/ecl_console
[0.191s] Invoking command in '/home/locobot/LoCoBotRos/interbotix_ws/build/ecl_console': AMENT_PREFIX_PATH=/home/locobot/LoCoBotRos/interbotix_ws/install/ecl_config:${AMENT_PREFIX_PATH} CMAKE_PREFIX_PATH=/home/locobot/LoCoBotRos/interbotix_ws/install/ecl_config:/home/locobot/apriltag_ws/install/apriltag_ros:/opt/ros/humble PATH=/home/locobot/LoCoBotRos/interbotix_ws/install/ecl_config/bin:${PATH} /usr/bin/cmake --build /home/locobot/LoCoBotRos/interbotix_ws/build/ecl_console -- -j16 -l16
[0.218s] Invoked command in '/home/locobot/LoCoBotRos/interbotix_ws/build/ecl_console' returned '0': AMENT_PREFIX_PATH=/home/locobot/LoCoBotRos/interbotix_ws/install/ecl_config:${AMENT_PREFIX_PATH} CMAKE_PREFIX_PATH=/home/locobot/LoCoBotRos/interbotix_ws/install/ecl_config:/home/locobot/apriltag_ws/install/apriltag_ros:/opt/ros/humble PATH=/home/locobot/LoCoBotRos/interbotix_ws/install/ecl_config/bin:${PATH} /usr/bin/cmake --build /home/locobot/LoCoBotRos/interbotix_ws/build/ecl_console -- -j16 -l16
[0.219s] Invoking command in '/home/locobot/LoCoBotRos/interbotix_ws/build/ecl_console': AMENT_PREFIX_PATH=/home/locobot/LoCoBotRos/interbotix_ws/install/ecl_config:${AMENT_PREFIX_PATH} CMAKE_PREFIX_PATH=/home/locobot/LoCoBotRos/interbotix_ws/install/ecl_config:/home/locobot/apriltag_ws/install/apriltag_ros:/opt/ros/humble PATH=/home/locobot/LoCoBotRos/interbotix_ws/install/ecl_config/bin:${PATH} /usr/bin/cmake --install /home/locobot/LoCoBotRos/interbotix_ws/build/ecl_console
[0.224s] -- Install configuration: "Release"
[0.225s] -- Up-to-date: /home/locobot/LoCoBotRos/interbotix_ws/install/ecl_console/include/ecl
[0.225s] -- Up-to-date: /home/locobot/LoCoBotRos/interbotix_ws/install/ecl_console/include/ecl/console.hpp
[0.225s] -- Up-to-date: /home/locobot/LoCoBotRos/interbotix_ws/install/ecl_console/share/ament_index/resource_index/package_run_dependencies/ecl_console
[0.225s] -- Installing: /home/locobot/LoCoBotRos/interbotix_ws/install/ecl_console/share/ament_index/resource_index/parent_prefix_path/ecl_console
[0.226s] -- Up-to-date: /home/locobot/LoCoBotRos/interbotix_ws/install/ecl_console/share/ecl_console/environment/ament_prefix_path.sh
[0.226s] -- Installing: /home/locobot/LoCoBotRos/interbotix_ws/install/ecl_console/share/ecl_console/environment/ament_prefix_path.dsv
[0.226s] -- Up-to-date: /home/locobot/LoCoBotRos/interbotix_ws/install/ecl_console/share/ecl_console/environment/path.sh
[0.226s] -- Installing: /home/locobot/LoCoBotRos/interbotix_ws/install/ecl_console/share/ecl_console/environment/path.dsv
[0.226s] -- Up-to-date: /home/locobot/LoCoBotRos/interbotix_ws/install/ecl_console/share/ecl_console/local_setup.bash
[0.226s] -- Up-to-date: /home/locobot/LoCoBotRos/interbotix_ws/install/ecl_console/share/ecl_console/local_setup.sh
[0.226s] -- Up-to-date: /home/locobot/LoCoBotRos/interbotix_ws/install/ecl_console/share/ecl_console/local_setup.zsh
[0.226s] -- Installing: /home/locobot/LoCoBotRos/interbotix_ws/install/ecl_console/share/ecl_console/local_setup.dsv
[0.227s] -- Installing: /home/locobot/LoCoBotRos/interbotix_ws/install/ecl_console/share/ecl_console/package.dsv
[0.227s] -- Up-to-date: /home/locobot/LoCoBotRos/interbotix_ws/install/ecl_console/share/ament_index/resource_index/packages/ecl_console
[0.227s] -- Up-to-date: /home/locobot/LoCoBotRos/interbotix_ws/install/ecl_console/share/ecl_console/cmake/ecl_consoleExport.cmake
[0.227s] -- Up-to-date: /home/locobot/LoCoBotRos/interbotix_ws/install/ecl_console/share/ecl_console/cmake/ament_cmake_export_targets-extras.cmake
[0.227s] -- Up-to-date: /home/locobot/LoCoBotRos/interbotix_ws/install/ecl_console/share/ecl_console/cmake/ament_cmake_export_include_directories-extras.cmake
[0.227s] -- Up-to-date: /home/locobot/LoCoBotRos/interbotix_ws/install/ecl_console/share/ecl_console/cmake/ament_cmake_export_dependencies-extras.cmake
[0.227s] -- Up-to-date: /home/locobot/LoCoBotRos/interbotix_ws/install/ecl_console/share/ecl_console/cmake/ecl_consoleConfig.cmake
[0.227s] -- Up-to-date: /home/locobot/LoCoBotRos/interbotix_ws/install/ecl_console/share/ecl_console/cmake/ecl_consoleConfig-version.cmake
[0.228s] -- Up-to-date: /home/locobot/LoCoBotRos/interbotix_ws/install/ecl_console/share/ecl_console/package.xml
[0.229s] Invoked command in '/home/locobot/LoCoBotRos/interbotix_ws/build/ecl_console' returned '0': AMENT_PREFIX_PATH=/home/locobot/LoCoBotRos/interbotix_ws/install/ecl_config:${AMENT_PREFIX_PATH} CMAKE_PREFIX_PATH=/home/locobot/LoCoBotRos/interbotix_ws/install/ecl_config:/home/locobot/apriltag_ws/install/apriltag_ros:/opt/ros/humble PATH=/home/locobot/LoCoBotRos/interbotix_ws/install/ecl_config/bin:${PATH} /usr/bin/cmake --install /home/locobot/LoCoBotRos/interbotix_ws/build/ecl_console
