[0.008s] Invoking command in '/home/locobot/LoCoBotRos/interbotix_ws/build/rviz_marker_tools': AMENT_PREFIX_PATH=/home/locobot/LoCoBotRos/interbotix_ws/install/moveit_common:${AMENT_PREFIX_PATH} CMAKE_PREFIX_PATH=/home/locobot/LoCoBotRos/interbotix_ws/install/moveit_common:/home/locobot/apriltag_ws/install/apriltag_ros:/opt/ros/humble /usr/bin/cmake --build /home/locobot/LoCoBotRos/interbotix_ws/build/rviz_marker_tools -- -j16 -l16
[0.051s] [100%] Built target rviz_marker_tools
[0.059s] Invoked command in '/home/locobot/LoCoBotRos/interbotix_ws/build/rviz_marker_tools' returned '0': AMENT_PREFIX_PATH=/home/locobot/LoCoBotRos/interbotix_ws/install/moveit_common:${AMENT_PREFIX_PATH} CMAKE_PREFIX_PATH=/home/locobot/LoCoBotRos/interbotix_ws/install/moveit_common:/home/locobot/apriltag_ws/install/apriltag_ros:/opt/ros/humble /usr/bin/cmake --build /home/locobot/LoCoBotRos/interbotix_ws/build/rviz_marker_tools -- -j16 -l16
[0.060s] Invoking command in '/home/locobot/LoCoBotRos/interbotix_ws/build/rviz_marker_tools': AMENT_PREFIX_PATH=/home/locobot/LoCoBotRos/interbotix_ws/install/moveit_common:${AMENT_PREFIX_PATH} CMAKE_PREFIX_PATH=/home/locobot/LoCoBotRos/interbotix_ws/install/moveit_common:/home/locobot/apriltag_ws/install/apriltag_ros:/opt/ros/humble /usr/bin/cmake --install /home/locobot/LoCoBotRos/interbotix_ws/build/rviz_marker_tools
[0.066s] -- Install configuration: "Release"
[0.066s] -- Up-to-date: /home/locobot/LoCoBotRos/interbotix_ws/install/rviz_marker_tools/include
[0.066s] -- Up-to-date: /home/locobot/LoCoBotRos/interbotix_ws/install/rviz_marker_tools/include/rviz_marker_tools
[0.066s] -- Up-to-date: /home/locobot/LoCoBotRos/interbotix_ws/install/rviz_marker_tools/include/rviz_marker_tools/marker_creation.h
[0.066s] -- Up-to-date: /home/locobot/LoCoBotRos/interbotix_ws/install/rviz_marker_tools/lib/librviz_marker_tools.so
[0.066s] -- Up-to-date: /home/locobot/LoCoBotRos/interbotix_ws/install/rviz_marker_tools/share/rviz_marker_tools/environment/library_path.sh
[0.066s] -- Up-to-date: /home/locobot/LoCoBotRos/interbotix_ws/install/rviz_marker_tools/share/rviz_marker_tools/environment/library_path.dsv
[0.066s] -- Up-to-date: /home/locobot/LoCoBotRos/interbotix_ws/install/rviz_marker_tools/share/ament_index/resource_index/package_run_dependencies/rviz_marker_tools
[0.067s] -- Up-to-date: /home/locobot/LoCoBotRos/interbotix_ws/install/rviz_marker_tools/share/ament_index/resource_index/parent_prefix_path/rviz_marker_tools
[0.067s] -- Up-to-date: /home/locobot/LoCoBotRos/interbotix_ws/install/rviz_marker_tools/share/rviz_marker_tools/environment/ament_prefix_path.sh
[0.067s] -- Up-to-date: /home/locobot/LoCoBotRos/interbotix_ws/install/rviz_marker_tools/share/rviz_marker_tools/environment/ament_prefix_path.dsv
[0.067s] -- Up-to-date: /home/locobot/LoCoBotRos/interbotix_ws/install/rviz_marker_tools/share/rviz_marker_tools/environment/path.sh
[0.067s] -- Up-to-date: /home/locobot/LoCoBotRos/interbotix_ws/install/rviz_marker_tools/share/rviz_marker_tools/environment/path.dsv
[0.067s] -- Up-to-date: /home/locobot/LoCoBotRos/interbotix_ws/install/rviz_marker_tools/share/rviz_marker_tools/local_setup.bash
[0.067s] -- Up-to-date: /home/locobot/LoCoBotRos/interbotix_ws/install/rviz_marker_tools/share/rviz_marker_tools/local_setup.sh
[0.067s] -- Up-to-date: /home/locobot/LoCoBotRos/interbotix_ws/install/rviz_marker_tools/share/rviz_marker_tools/local_setup.zsh
[0.067s] -- Up-to-date: /home/locobot/LoCoBotRos/interbotix_ws/install/rviz_marker_tools/share/rviz_marker_tools/local_setup.dsv
[0.067s] -- Installing: /home/locobot/LoCoBotRos/interbotix_ws/install/rviz_marker_tools/share/rviz_marker_tools/package.dsv
[0.067s] -- Up-to-date: /home/locobot/LoCoBotRos/interbotix_ws/install/rviz_marker_tools/share/ament_index/resource_index/packages/rviz_marker_tools
[0.067s] -- Up-to-date: /home/locobot/LoCoBotRos/interbotix_ws/install/rviz_marker_tools/share/rviz_marker_tools/cmake/rviz_marker_toolsTargetsExport.cmake
[0.067s] -- Up-to-date: /home/locobot/LoCoBotRos/interbotix_ws/install/rviz_marker_tools/share/rviz_marker_tools/cmake/rviz_marker_toolsTargetsExport-release.cmake
[0.067s] -- Up-to-date: /home/locobot/LoCoBotRos/interbotix_ws/install/rviz_marker_tools/share/rviz_marker_tools/cmake/ament_cmake_export_targets-extras.cmake
[0.067s] -- Up-to-date: /home/locobot/LoCoBotRos/interbotix_ws/install/rviz_marker_tools/share/rviz_marker_tools/cmake/ament_cmake_export_dependencies-extras.cmake
[0.067s] -- Up-to-date: /home/locobot/LoCoBotRos/interbotix_ws/install/rviz_marker_tools/share/rviz_marker_tools/cmake/rviz_marker_toolsConfig.cmake
[0.067s] -- Up-to-date: /home/locobot/LoCoBotRos/interbotix_ws/install/rviz_marker_tools/share/rviz_marker_tools/cmake/rviz_marker_toolsConfig-version.cmake
[0.068s] -- Up-to-date: /home/locobot/LoCoBotRos/interbotix_ws/install/rviz_marker_tools/share/rviz_marker_tools/package.xml
[0.069s] Invoked command in '/home/locobot/LoCoBotRos/interbotix_ws/build/rviz_marker_tools' returned '0': AMENT_PREFIX_PATH=/home/locobot/LoCoBotRos/interbotix_ws/install/moveit_common:${AMENT_PREFIX_PATH} CMAKE_PREFIX_PATH=/home/locobot/LoCoBotRos/interbotix_ws/install/moveit_common:/home/locobot/apriltag_ws/install/apriltag_ros:/opt/ros/humble /usr/bin/cmake --install /home/locobot/LoCoBotRos/interbotix_ws/build/rviz_marker_tools
