[0.010s] Invoking command in '/home/locobot/LoCoBotRos/interbotix_ws/build/kobuki_keyop': AMENT_PREFIX_PATH=/home/locobot/LoCoBotRos/interbotix_ws/install/kobuki_velocity_smoother:/home/locobot/LoCoBotRos/interbotix_ws/install/kobuki_ros_interfaces:/home/locobot/LoCoBotRos/interbotix_ws/install/cmd_vel_mux:${AMENT_PREFIX_PATH} CMAKE_PREFIX_PATH=/home/locobot/LoCoBotRos/interbotix_ws/install/kobuki_velocity_smoother:/home/locobot/LoCoBotRos/interbotix_ws/install/kobuki_ros_interfaces:/home/locobot/LoCoBotRos/interbotix_ws/install/cmd_vel_mux:/home/locobot/apriltag_ws/install/apriltag_ros:/opt/ros/humble LD_LIBRARY_PATH=/home/locobot/LoCoBotRos/interbotix_ws/install/kobuki_velocity_smoother/lib:/home/locobot/LoCoBotRos/interbotix_ws/install/kobuki_ros_interfaces/lib:/home/locobot/LoCoBotRos/interbotix_ws/install/cmd_vel_mux/lib:${LD_LIBRARY_PATH} PYTHONPATH=/home/locobot/LoCoBotRos/interbotix_ws/install/kobuki_ros_interfaces/local/lib/python3.10/dist-packages:${PYTHONPATH} /usr/bin/cmake /home/locobot/LoCoBotRos/interbotix_ws/src/kobuki_ros/kobuki_keyop -DCMAKE_BUILD_TYPE=Release -DCMAKE_INSTALL_PREFIX=/home/locobot/LoCoBotRos/interbotix_ws/install/kobuki_keyop
[0.021s] -- Found ament_cmake_ros: 0.10.0 (/opt/ros/humble/share/ament_cmake_ros/cmake)
[0.116s] -- Found ecl_build: 1.0.3 (/opt/ros/humble/share/ecl_build/cmake)
[0.120s] -- Found geometry_msgs: 4.8.0 (/opt/ros/humble/share/geometry_msgs/cmake)
[0.140s] -- Found rosidl_generator_c: 3.1.6 (/opt/ros/humble/share/rosidl_generator_c/cmake)
[0.141s] -- Found rosidl_adapter: 3.1.6 (/opt/ros/humble/share/rosidl_adapter/cmake)
[0.146s] -- Found rosidl_generator_cpp: 3.1.6 (/opt/ros/humble/share/rosidl_generator_cpp/cmake)
[0.154s] -- Using all available rosidl_typesupport_c: rosidl_typesupport_fastrtps_c;rosidl_typesupport_introspection_c
[0.163s] -- Using all available rosidl_typesupport_cpp: rosidl_typesupport_fastrtps_cpp;rosidl_typesupport_introspection_cpp
[0.192s] -- Found kobuki_ros_interfaces: 1.0.0 (/home/locobot/LoCoBotRos/interbotix_ws/install/kobuki_ros_interfaces/share/kobuki_ros_interfaces/cmake)
[0.229s] -- Found rclcpp: 16.0.12 (/opt/ros/humble/share/rclcpp/cmake)
[0.249s] -- Found rmw_implementation_cmake: 6.1.2 (/opt/ros/humble/share/rmw_implementation_cmake/cmake)
[0.250s] -- Found rmw_fastrtps_cpp: 6.2.7 (/opt/ros/humble/share/rmw_fastrtps_cpp/cmake)
[0.328s] -- Using RMW implementation 'rmw_fastrtps_cpp' as default
[0.356s] -- Found rclcpp_components: 16.0.12 (/opt/ros/humble/share/rclcpp_components/cmake)
[0.424s] -- Configuring done
[0.438s] -- Generating done
[0.442s] -- Build files have been written to: /home/locobot/LoCoBotRos/interbotix_ws/build/kobuki_keyop
[0.448s] Invoked command in '/home/locobot/LoCoBotRos/interbotix_ws/build/kobuki_keyop' returned '0': AMENT_PREFIX_PATH=/home/locobot/LoCoBotRos/interbotix_ws/install/kobuki_velocity_smoother:/home/locobot/LoCoBotRos/interbotix_ws/install/kobuki_ros_interfaces:/home/locobot/LoCoBotRos/interbotix_ws/install/cmd_vel_mux:${AMENT_PREFIX_PATH} CMAKE_PREFIX_PATH=/home/locobot/LoCoBotRos/interbotix_ws/install/kobuki_velocity_smoother:/home/locobot/LoCoBotRos/interbotix_ws/install/kobuki_ros_interfaces:/home/locobot/LoCoBotRos/interbotix_ws/install/cmd_vel_mux:/home/locobot/apriltag_ws/install/apriltag_ros:/opt/ros/humble LD_LIBRARY_PATH=/home/locobot/LoCoBotRos/interbotix_ws/install/kobuki_velocity_smoother/lib:/home/locobot/LoCoBotRos/interbotix_ws/install/kobuki_ros_interfaces/lib:/home/locobot/LoCoBotRos/interbotix_ws/install/cmd_vel_mux/lib:${LD_LIBRARY_PATH} PYTHONPATH=/home/locobot/LoCoBotRos/interbotix_ws/install/kobuki_ros_interfaces/local/lib/python3.10/dist-packages:${PYTHONPATH} /usr/bin/cmake /home/locobot/LoCoBotRos/interbotix_ws/src/kobuki_ros/kobuki_keyop -DCMAKE_BUILD_TYPE=Release -DCMAKE_INSTALL_PREFIX=/home/locobot/LoCoBotRos/interbotix_ws/install/kobuki_keyop
[0.450s] Invoking command in '/home/locobot/LoCoBotRos/interbotix_ws/build/kobuki_keyop': AMENT_PREFIX_PATH=/home/locobot/LoCoBotRos/interbotix_ws/install/kobuki_velocity_smoother:/home/locobot/LoCoBotRos/interbotix_ws/install/kobuki_ros_interfaces:/home/locobot/LoCoBotRos/interbotix_ws/install/cmd_vel_mux:${AMENT_PREFIX_PATH} CMAKE_PREFIX_PATH=/home/locobot/LoCoBotRos/interbotix_ws/install/kobuki_velocity_smoother:/home/locobot/LoCoBotRos/interbotix_ws/install/kobuki_ros_interfaces:/home/locobot/LoCoBotRos/interbotix_ws/install/cmd_vel_mux:/home/locobot/apriltag_ws/install/apriltag_ros:/opt/ros/humble LD_LIBRARY_PATH=/home/locobot/LoCoBotRos/interbotix_ws/install/kobuki_velocity_smoother/lib:/home/locobot/LoCoBotRos/interbotix_ws/install/kobuki_ros_interfaces/lib:/home/locobot/LoCoBotRos/interbotix_ws/install/cmd_vel_mux/lib:${LD_LIBRARY_PATH} PYTHONPATH=/home/locobot/LoCoBotRos/interbotix_ws/install/kobuki_ros_interfaces/local/lib/python3.10/dist-packages:${PYTHONPATH} /usr/bin/cmake --build /home/locobot/LoCoBotRos/interbotix_ws/build/kobuki_keyop -- -j16 -l16
[0.480s] [35m[1mConsolidate compiler generated dependencies of target kobuki_keyop[0m
[0.480s] [35m[1mConsolidate compiler generated dependencies of target kobuki_keyop_node[0m
[0.492s] [ 50%] [32mBuilding CXX object CMakeFiles/kobuki_keyop.dir/src/keyop.cpp.o[0m
[0.492s] [ 50%] [32mBuilding CXX object CMakeFiles/kobuki_keyop_node.dir/rclcpp_components/node_main_kobuki_keyop_node.cpp.o[0m
[3.342s] [ 75%] [32m[1mLinking CXX executable kobuki_keyop_node[0m
[3.422s] [ 75%] Built target kobuki_keyop_node
[9.799s] [100%] [32m[1mLinking CXX shared library libkobuki_keyop.so[0m
[9.908s] [100%] Built target kobuki_keyop
[9.917s] Invoked command in '/home/locobot/LoCoBotRos/interbotix_ws/build/kobuki_keyop' returned '0': AMENT_PREFIX_PATH=/home/locobot/LoCoBotRos/interbotix_ws/install/kobuki_velocity_smoother:/home/locobot/LoCoBotRos/interbotix_ws/install/kobuki_ros_interfaces:/home/locobot/LoCoBotRos/interbotix_ws/install/cmd_vel_mux:${AMENT_PREFIX_PATH} CMAKE_PREFIX_PATH=/home/locobot/LoCoBotRos/interbotix_ws/install/kobuki_velocity_smoother:/home/locobot/LoCoBotRos/interbotix_ws/install/kobuki_ros_interfaces:/home/locobot/LoCoBotRos/interbotix_ws/install/cmd_vel_mux:/home/locobot/apriltag_ws/install/apriltag_ros:/opt/ros/humble LD_LIBRARY_PATH=/home/locobot/LoCoBotRos/interbotix_ws/install/kobuki_velocity_smoother/lib:/home/locobot/LoCoBotRos/interbotix_ws/install/kobuki_ros_interfaces/lib:/home/locobot/LoCoBotRos/interbotix_ws/install/cmd_vel_mux/lib:${LD_LIBRARY_PATH} PYTHONPATH=/home/locobot/LoCoBotRos/interbotix_ws/install/kobuki_ros_interfaces/local/lib/python3.10/dist-packages:${PYTHONPATH} /usr/bin/cmake --build /home/locobot/LoCoBotRos/interbotix_ws/build/kobuki_keyop -- -j16 -l16
[9.918s] Invoking command in '/home/locobot/LoCoBotRos/interbotix_ws/build/kobuki_keyop': AMENT_PREFIX_PATH=/home/locobot/LoCoBotRos/interbotix_ws/install/kobuki_velocity_smoother:/home/locobot/LoCoBotRos/interbotix_ws/install/kobuki_ros_interfaces:/home/locobot/LoCoBotRos/interbotix_ws/install/cmd_vel_mux:${AMENT_PREFIX_PATH} CMAKE_PREFIX_PATH=/home/locobot/LoCoBotRos/interbotix_ws/install/kobuki_velocity_smoother:/home/locobot/LoCoBotRos/interbotix_ws/install/kobuki_ros_interfaces:/home/locobot/LoCoBotRos/interbotix_ws/install/cmd_vel_mux:/home/locobot/apriltag_ws/install/apriltag_ros:/opt/ros/humble LD_LIBRARY_PATH=/home/locobot/LoCoBotRos/interbotix_ws/install/kobuki_velocity_smoother/lib:/home/locobot/LoCoBotRos/interbotix_ws/install/kobuki_ros_interfaces/lib:/home/locobot/LoCoBotRos/interbotix_ws/install/cmd_vel_mux/lib:${LD_LIBRARY_PATH} PYTHONPATH=/home/locobot/LoCoBotRos/interbotix_ws/install/kobuki_ros_interfaces/local/lib/python3.10/dist-packages:${PYTHONPATH} /usr/bin/cmake --install /home/locobot/LoCoBotRos/interbotix_ws/build/kobuki_keyop
[9.925s] -- Install configuration: "Release"
[9.927s] -- Installing: /home/locobot/LoCoBotRos/interbotix_ws/install/kobuki_keyop/lib/kobuki_keyop/kobuki_keyop_node
[9.927s] -- Set runtime path of "/home/locobot/LoCoBotRos/interbotix_ws/install/kobuki_keyop/lib/kobuki_keyop/kobuki_keyop_node" to ""
[9.928s] -- Installing: /home/locobot/LoCoBotRos/interbotix_ws/install/kobuki_keyop/lib/libkobuki_keyop.so
[9.929s] -- Set runtime path of "/home/locobot/LoCoBotRos/interbotix_ws/install/kobuki_keyop/lib/libkobuki_keyop.so" to ""
[9.929s] -- Up-to-date: /home/locobot/LoCoBotRos/interbotix_ws/install/kobuki_keyop/include/kobuki_keyop
[9.930s] -- Up-to-date: /home/locobot/LoCoBotRos/interbotix_ws/install/kobuki_keyop/include/kobuki_keyop/keyop.hpp
[9.930s] -- Up-to-date: /home/locobot/LoCoBotRos/interbotix_ws/install/kobuki_keyop/share/kobuki_keyop/config
[9.930s] -- Up-to-date: /home/locobot/LoCoBotRos/interbotix_ws/install/kobuki_keyop/share/kobuki_keyop/config/keyop_params.yaml
[9.930s] -- Up-to-date: /home/locobot/LoCoBotRos/interbotix_ws/install/kobuki_keyop/share/ament_index/resource_index/package_run_dependencies/kobuki_keyop
[9.931s] -- Installing: /home/locobot/LoCoBotRos/interbotix_ws/install/kobuki_keyop/share/ament_index/resource_index/parent_prefix_path/kobuki_keyop
[9.931s] -- Up-to-date: /home/locobot/LoCoBotRos/interbotix_ws/install/kobuki_keyop/share/kobuki_keyop/environment/ament_prefix_path.sh
[9.931s] -- Installing: /home/locobot/LoCoBotRos/interbotix_ws/install/kobuki_keyop/share/kobuki_keyop/environment/ament_prefix_path.dsv
[9.931s] -- Up-to-date: /home/locobot/LoCoBotRos/interbotix_ws/install/kobuki_keyop/share/kobuki_keyop/environment/path.sh
[9.931s] -- Installing: /home/locobot/LoCoBotRos/interbotix_ws/install/kobuki_keyop/share/kobuki_keyop/environment/path.dsv
[9.931s] -- Up-to-date: /home/locobot/LoCoBotRos/interbotix_ws/install/kobuki_keyop/share/kobuki_keyop/local_setup.bash
[9.931s] -- Up-to-date: /home/locobot/LoCoBotRos/interbotix_ws/install/kobuki_keyop/share/kobuki_keyop/local_setup.sh
[9.931s] -- Up-to-date: /home/locobot/LoCoBotRos/interbotix_ws/install/kobuki_keyop/share/kobuki_keyop/local_setup.zsh
[9.931s] -- Installing: /home/locobot/LoCoBotRos/interbotix_ws/install/kobuki_keyop/share/kobuki_keyop/local_setup.dsv
[9.931s] -- Installing: /home/locobot/LoCoBotRos/interbotix_ws/install/kobuki_keyop/share/kobuki_keyop/package.dsv
[9.931s] -- Up-to-date: /home/locobot/LoCoBotRos/interbotix_ws/install/kobuki_keyop/share/ament_index/resource_index/packages/kobuki_keyop
[9.932s] -- Up-to-date: /home/locobot/LoCoBotRos/interbotix_ws/install/kobuki_keyop/share/ament_index/resource_index/rclcpp_components/kobuki_keyop
[9.932s] -- Up-to-date: /home/locobot/LoCoBotRos/interbotix_ws/install/kobuki_keyop/share/kobuki_keyop/cmake/kobuki_keyopConfig.cmake
[9.932s] -- Up-to-date: /home/locobot/LoCoBotRos/interbotix_ws/install/kobuki_keyop/share/kobuki_keyop/cmake/kobuki_keyopConfig-version.cmake
[9.932s] -- Up-to-date: /home/locobot/LoCoBotRos/interbotix_ws/install/kobuki_keyop/share/kobuki_keyop/package.xml
[9.933s] Invoked command in '/home/locobot/LoCoBotRos/interbotix_ws/build/kobuki_keyop' returned '0': AMENT_PREFIX_PATH=/home/locobot/LoCoBotRos/interbotix_ws/install/kobuki_velocity_smoother:/home/locobot/LoCoBotRos/interbotix_ws/install/kobuki_ros_interfaces:/home/locobot/LoCoBotRos/interbotix_ws/install/cmd_vel_mux:${AMENT_PREFIX_PATH} CMAKE_PREFIX_PATH=/home/locobot/LoCoBotRos/interbotix_ws/install/kobuki_velocity_smoother:/home/locobot/LoCoBotRos/interbotix_ws/install/kobuki_ros_interfaces:/home/locobot/LoCoBotRos/interbotix_ws/install/cmd_vel_mux:/home/locobot/apriltag_ws/install/apriltag_ros:/opt/ros/humble LD_LIBRARY_PATH=/home/locobot/LoCoBotRos/interbotix_ws/install/kobuki_velocity_smoother/lib:/home/locobot/LoCoBotRos/interbotix_ws/install/kobuki_ros_interfaces/lib:/home/locobot/LoCoBotRos/interbotix_ws/install/cmd_vel_mux/lib:${LD_LIBRARY_PATH} PYTHONPATH=/home/locobot/LoCoBotRos/interbotix_ws/install/kobuki_ros_interfaces/local/lib/python3.10/dist-packages:${PYTHONPATH} /usr/bin/cmake --install /home/locobot/LoCoBotRos/interbotix_ws/build/kobuki_keyop
