-- Found ament_cmake_ros: 0.10.0 (/opt/ros/humble/share/ament_cmake_ros/cmake)
-- Found ecl_build: 1.0.3 (/opt/ros/humble/share/ecl_build/cmake)
-- Found ecl_concepts: 1.2.1 (/home/locobot/LoCoBotRos/interbotix_ws/install/ecl_concepts/share/ecl_concepts/cmake)
-- Found ecl_converters: 1.2.1 (/home/locobot/LoCoBotRos/interbotix_ws/install/ecl_converters/share/ecl_converters/cmake)
-- Found ecl_devices: 1.2.1 (/home/locobot/LoCoBotRos/interbotix_ws/install/ecl_devices/share/ecl_devices/cmake)
-- Found ament_lint_auto: 0.12.12 (/opt/ros/humble/share/ament_lint_auto/cmake)
-- Found gtest sources under '/opt/ros/humble/src/gtest_vendor': C++ tests using 'Google Test' will be built
-- Configuring done
-- Generating done
-- Build files have been written to: /home/locobot/LoCoBotRos/interbotix_ws/build/ecl_streams
[35m[1mConsolidate compiler generated dependencies of target gtest_main[0m
[35m[1mConsolidate compiler generated dependencies of target gtest[0m
[35m[1mConsolidate compiler generated dependencies of target ecl_streams[0m
[ 13%] Built target gtest_main
[ 26%] Built target gtest
[ 46%] Built target ecl_streams
[35m[1mConsolidate compiler generated dependencies of target ecl_time_example_console_streams[0m
[35m[1mConsolidate compiler generated dependencies of target ecl_time_example_log_streams[0m
[35m[1mConsolidate compiler generated dependencies of target ecl_test_file_streams[0m
[35m[1mConsolidate compiler generated dependencies of target ecl_test_string_streams[0m
[ 60%] Built target ecl_test_file_streams
[ 73%] Built target ecl_time_example_log_streams
[ 86%] Built target ecl_time_example_console_streams
[100%] Built target ecl_test_string_streams
-- Install configuration: "Release"
-- Up-to-date: /home/locobot/LoCoBotRos/interbotix_ws/install/ecl_streams/share/ecl_streams/environment/library_path.sh
-- Installing: /home/locobot/LoCoBotRos/interbotix_ws/install/ecl_streams/share/ecl_streams/environment/library_path.dsv
-- Up-to-date: /home/locobot/LoCoBotRos/interbotix_ws/install/ecl_streams/share/ament_index/resource_index/package_run_dependencies/ecl_streams
-- Up-to-date: /home/locobot/LoCoBotRos/interbotix_ws/install/ecl_streams/share/ament_index/resource_index/parent_prefix_path/ecl_streams
-- Up-to-date: /home/locobot/LoCoBotRos/interbotix_ws/install/ecl_streams/share/ecl_streams/environment/ament_prefix_path.sh
-- Installing: /home/locobot/LoCoBotRos/interbotix_ws/install/ecl_streams/share/ecl_streams/environment/ament_prefix_path.dsv
-- Up-to-date: /home/locobot/LoCoBotRos/interbotix_ws/install/ecl_streams/share/ecl_streams/environment/path.sh
-- Installing: /home/locobot/LoCoBotRos/interbotix_ws/install/ecl_streams/share/ecl_streams/environment/path.dsv
-- Up-to-date: /home/locobot/LoCoBotRos/interbotix_ws/install/ecl_streams/share/ecl_streams/local_setup.bash
-- Up-to-date: /home/locobot/LoCoBotRos/interbotix_ws/install/ecl_streams/share/ecl_streams/local_setup.sh
-- Up-to-date: /home/locobot/LoCoBotRos/interbotix_ws/install/ecl_streams/share/ecl_streams/local_setup.zsh
-- Installing: /home/locobot/LoCoBotRos/interbotix_ws/install/ecl_streams/share/ecl_streams/local_setup.dsv
-- Installing: /home/locobot/LoCoBotRos/interbotix_ws/install/ecl_streams/share/ecl_streams/package.dsv
-- Up-to-date: /home/locobot/LoCoBotRos/interbotix_ws/install/ecl_streams/share/ament_index/resource_index/packages/ecl_streams
-- Up-to-date: /home/locobot/LoCoBotRos/interbotix_ws/install/ecl_streams/share/ecl_streams/cmake/ecl_streamsExport.cmake
-- Up-to-date: /home/locobot/LoCoBotRos/interbotix_ws/install/ecl_streams/share/ecl_streams/cmake/ecl_streamsExport-release.cmake
-- Up-to-date: /home/locobot/LoCoBotRos/interbotix_ws/install/ecl_streams/share/ecl_streams/cmake/ament_cmake_export_targets-extras.cmake
-- Up-to-date: /home/locobot/LoCoBotRos/interbotix_ws/install/ecl_streams/share/ecl_streams/cmake/ament_cmake_export_include_directories-extras.cmake
-- Up-to-date: /home/locobot/LoCoBotRos/interbotix_ws/install/ecl_streams/share/ecl_streams/cmake/ament_cmake_export_libraries-extras.cmake
-- Up-to-date: /home/locobot/LoCoBotRos/interbotix_ws/install/ecl_streams/share/ecl_streams/cmake/ament_cmake_export_dependencies-extras.cmake
-- Up-to-date: /home/locobot/LoCoBotRos/interbotix_ws/install/ecl_streams/share/ecl_streams/cmake/ecl_streamsConfig.cmake
-- Up-to-date: /home/locobot/LoCoBotRos/interbotix_ws/install/ecl_streams/share/ecl_streams/cmake/ecl_streamsConfig-version.cmake
-- Up-to-date: /home/locobot/LoCoBotRos/interbotix_ws/install/ecl_streams/share/ecl_streams/package.xml
-- Up-to-date: /home/locobot/LoCoBotRos/interbotix_ws/install/ecl_streams/include/ecl/streams.hpp
-- Up-to-date: /home/locobot/LoCoBotRos/interbotix_ws/install/ecl_streams/include/ecl/streams/console_streams.hpp
-- Up-to-date: /home/locobot/LoCoBotRos/interbotix_ws/install/ecl_streams/include/ecl/streams/file_streams.hpp
-- Up-to-date: /home/locobot/LoCoBotRos/interbotix_ws/install/ecl_streams/include/ecl/streams/log_stream.hpp
-- Up-to-date: /home/locobot/LoCoBotRos/interbotix_ws/install/ecl_streams/include/ecl/streams/macros.hpp
-- Up-to-date: /home/locobot/LoCoBotRos/interbotix_ws/install/ecl_streams/include/ecl/streams/manipulators.hpp
-- Up-to-date: /home/locobot/LoCoBotRos/interbotix_ws/install/ecl_streams/include/ecl/streams/serial_stream.hpp
-- Up-to-date: /home/locobot/LoCoBotRos/interbotix_ws/install/ecl_streams/include/ecl/streams/shared_file_stream.hpp
-- Up-to-date: /home/locobot/LoCoBotRos/interbotix_ws/install/ecl_streams/include/ecl/streams/socket_streams.hpp
-- Up-to-date: /home/locobot/LoCoBotRos/interbotix_ws/install/ecl_streams/include/ecl/streams/string_stream.hpp
-- Up-to-date: /home/locobot/LoCoBotRos/interbotix_ws/install/ecl_streams/include/ecl/streams/text_stream.hpp
-- Up-to-date: /home/locobot/LoCoBotRos/interbotix_ws/install/ecl_streams/include/ecl/streams/manipulators/clear_screen.hpp
-- Up-to-date: /home/locobot/LoCoBotRos/interbotix_ws/install/ecl_streams/include/ecl/streams/manipulators/end_of_line.hpp
-- Up-to-date: /home/locobot/LoCoBotRos/interbotix_ws/install/ecl_streams/include/ecl/streams/manipulators/manipulator.hpp
-- Up-to-date: /home/locobot/LoCoBotRos/interbotix_ws/install/ecl_streams/include/ecl/streams/text_streams/base_text_stream.hpp
-- Up-to-date: /home/locobot/LoCoBotRos/interbotix_ws/install/ecl_streams/include/ecl/streams/text_streams/input_text_stream.hpp
-- Up-to-date: /home/locobot/LoCoBotRos/interbotix_ws/install/ecl_streams/include/ecl/streams/text_streams/output_text_stream.hpp
-- Up-to-date: /home/locobot/LoCoBotRos/interbotix_ws/install/ecl_streams/lib/libecl_streams.so.1.2.1
-- Up-to-date: /home/locobot/LoCoBotRos/interbotix_ws/install/ecl_streams/lib/libecl_streams.so
-- Up-to-date: /home/locobot/LoCoBotRos/interbotix_ws/install/ecl_streams/lib/ecl_streams/demo_console_streams
-- Up-to-date: /home/locobot/LoCoBotRos/interbotix_ws/install/ecl_streams/lib/ecl_streams/demo_log_streams
