[0.040s] Invoking command in '/home/locobot/LoCoBotRos/interbotix_ws/build/moveit_core': AMENT_PREFIX_PATH=/home/locobot/LoCoBotRos/interbotix_ws/install/moveit_resources_panda_moveit_config:/home/locobot/LoCoBotRos/interbotix_ws/install/srdfdom:/home/locobot/LoCoBotRos/interbotix_ws/install/moveit_resources_pr2_description:/home/locobot/LoCoBotRos/interbotix_ws/install/moveit_resources_panda_description:/home/locobot/LoCoBotRos/interbotix_ws/install/moveit_common:${AMENT_PREFIX_PATH} CMAKE_PREFIX_PATH=/home/locobot/LoCoBotRos/interbotix_ws/install/moveit_resources_panda_moveit_config:/home/locobot/LoCoBotRos/interbotix_ws/install/srdfdom:/home/locobot/LoCoBotRos/interbotix_ws/install/moveit_resources_pr2_description:/home/locobot/LoCoBotRos/interbotix_ws/install/moveit_resources_panda_description:/home/locobot/LoCoBotRos/interbotix_ws/install/moveit_common:/home/locobot/apriltag_ws/install/apriltag_ros:/opt/ros/humble LD_LIBRARY_PATH=/home/locobot/LoCoBotRos/interbotix_ws/install/srdfdom/lib:${LD_LIBRARY_PATH} PYTHONPATH=/home/locobot/LoCoBotRos/interbotix_ws/install/srdfdom/local/lib/python3.10/dist-packages:${PYTHONPATH} /usr/bin/cmake /home/locobot/LoCoBotRos/interbotix_ws/src/moveit2/moveit_core -DCMAKE_INSTALL_PREFIX=/home/locobot/LoCoBotRos/interbotix_ws/install/moveit_core
[0.288s] -- Found moveit_common: 2.5.9 (/home/locobot/LoCoBotRos/interbotix_ws/install/moveit_common/share/moveit_common/cmake)
[0.288s] -- Found ament_cmake: 1.3.11 (/opt/ros/humble/share/ament_cmake/cmake)
[0.391s] -- Found angles: 1.15.0 (/opt/ros/humble/share/angles/cmake)
[0.438s] -- Found common_interfaces: 4.9.0 (/opt/ros/humble/share/common_interfaces/cmake)
[0.439s] -- Found eigen_stl_containers: 1.1.0 (/opt/ros/humble/share/eigen_stl_containers/cmake)
[0.445s] -- Found eigen3_cmake_module: 0.1.1 (/opt/ros/humble/share/eigen3_cmake_module/cmake)
[0.453s] -- Found generate_parameter_library: 0.5.0 (/opt/ros/humble/share/generate_parameter_library/cmake)
[0.455s] -- Found parameter_traits: 0.5.0 (/opt/ros/humble/share/parameter_traits/cmake)
[0.487s] -- Found rosidl_generator_c: 3.1.6 (/opt/ros/humble/share/rosidl_generator_c/cmake)
[0.489s] -- Found rosidl_adapter: 3.1.6 (/opt/ros/humble/share/rosidl_adapter/cmake)
[0.495s] -- Found rosidl_generator_cpp: 3.1.6 (/opt/ros/humble/share/rosidl_generator_cpp/cmake)
[0.506s] -- Using all available rosidl_typesupport_c: rosidl_typesupport_fastrtps_c;rosidl_typesupport_introspection_c
[0.522s] -- Using all available rosidl_typesupport_cpp: rosidl_typesupport_fastrtps_cpp;rosidl_typesupport_introspection_cpp
[0.562s] -- Found rmw_implementation_cmake: 6.1.2 (/opt/ros/humble/share/rmw_implementation_cmake/cmake)
[0.564s] -- Found rmw_fastrtps_cpp: 6.2.7 (/opt/ros/humble/share/rmw_fastrtps_cpp/cmake)
[0.692s] -- Using RMW implementation 'rmw_fastrtps_cpp' as default
[0.826s] -- Found rclcpp_lifecycle: 16.0.12 (/opt/ros/humble/share/rclcpp_lifecycle/cmake)
[0.907s] -- Found geometric_shapes: 2.3.2 (/opt/ros/humble/share/geometric_shapes/cmake)
[0.915s] -- Found Boost: /usr/lib/x86_64-linux-gnu/cmake/Boost-1.74.0/BoostConfig.cmake (found version "1.74.0") found components: filesystem 
[1.045s] -- library: /usr/lib/x86_64-linux-gnu/libcurl.so
[1.157s] -- Found kdl_parser: 2.6.4 (/opt/ros/humble/share/kdl_parser/cmake)
[1.180s] -- Ensuring Eigen3 include directory is part of orocos-kdl CMake target
[1.189s] -- Found moveit_msgs: 2.2.1 (/opt/ros/humble/share/moveit_msgs/cmake)
[1.351s] -- Found pluginlib: 5.1.0 (/opt/ros/humble/share/pluginlib/cmake)
[1.393s] -- Found srdfdom: 2.0.8 (/home/locobot/LoCoBotRos/interbotix_ws/install/srdfdom/share/srdfdom/cmake)
[1.403s] -- Found tf2_eigen: 0.25.13 (/opt/ros/humble/share/tf2_eigen/cmake)
[1.485s] -- Found tf2_geometry_msgs: 0.25.13 (/opt/ros/humble/share/tf2_geometry_msgs/cmake)
[1.494s] -- Found tf2_kdl: 0.25.13 (/opt/ros/humble/share/tf2_kdl/cmake)
[1.551s] -- Found Boost: /usr/lib/x86_64-linux-gnu/cmake/Boost-1.74.0/BoostConfig.cmake (found version "1.74.0") found components: chrono date_time filesystem iostreams program_options regex serialization system thread 
[1.551s] --  *** Building MoveIt 2.5.9-Alpha ***
[1.562s] -- Found ament_cmake_gtest: 1.3.11 (/opt/ros/humble/share/ament_cmake_gtest/cmake)
[1.563s] -- Found gtest sources under '/opt/ros/humble/src/gtest_vendor': C++ tests using 'Google Test' will be built
[1.580s] -- Found ament_cmake_gmock: 1.3.11 (/opt/ros/humble/share/ament_cmake_gmock/cmake)
[1.586s] -- Found gmock sources under '/opt/ros/humble/src/gmock_vendor': C++ tests using 'Google Mock' will be built
[1.612s] -- Found ament_cmake_gtest: 1.3.11 (/opt/ros/humble/share/ament_cmake_gtest/cmake)
[1.612s] -- Found gtest sources under '/opt/ros/humble/src/gtest_vendor': C++ tests using 'Google Test' will be built
[1.626s] -- Found ament_cmake_gtest: 1.3.11 (/opt/ros/humble/share/ament_cmake_gtest/cmake)
[1.629s] -- Found gtest sources under '/opt/ros/humble/src/gtest_vendor': C++ tests using 'Google Test' will be built
[1.658s] -- Found ament_cmake_gtest: 1.3.11 (/opt/ros/humble/share/ament_cmake_gtest/cmake)
[1.660s] -- Found gtest sources under '/opt/ros/humble/src/gtest_vendor': C++ tests using 'Google Test' will be built
[1.688s] -- Found ament_lint_auto: 0.12.12 (/opt/ros/humble/share/ament_lint_auto/cmake)
[1.688s] -- Found ament_cmake_gtest: 1.3.11 (/opt/ros/humble/share/ament_cmake_gtest/cmake)
[1.688s] -- Found gtest sources under '/opt/ros/humble/src/gtest_vendor': C++ tests using 'Google Test' will be built
[1.715s] -- Found ament_cmake_gtest: 1.3.11 (/opt/ros/humble/share/ament_cmake_gtest/cmake)
[1.716s] -- Found gtest sources under '/opt/ros/humble/src/gtest_vendor': C++ tests using 'Google Test' will be built
[1.728s] -- Found ament_cmake_gtest: 1.3.11 (/opt/ros/humble/share/ament_cmake_gtest/cmake)
[1.729s] -- Found gtest sources under '/opt/ros/humble/src/gtest_vendor': C++ tests using 'Google Test' will be built
[1.741s] -- Found ament_cmake_gtest: 1.3.11 (/opt/ros/humble/share/ament_cmake_gtest/cmake)
[1.743s] -- Found gmock sources under '/opt/ros/humble/src/gmock_vendor': C++ tests using 'Google Mock' will be built
[1.743s] -- Found gtest sources under '/opt/ros/humble/src/gtest_vendor': C++ tests using 'Google Test' will be built
[1.760s] -- Found gtest sources under '/opt/ros/humble/src/gtest_vendor': C++ tests using 'Google Test' will be built
[1.775s] -- Found gtest sources under '/opt/ros/humble/src/gtest_vendor': C++ tests using 'Google Test' will be built
[1.791s] -- Found ament_cmake_gtest: 1.3.11 (/opt/ros/humble/share/ament_cmake_gtest/cmake)
[1.792s] -- Found gtest sources under '/opt/ros/humble/src/gtest_vendor': C++ tests using 'Google Test' will be built
[1.851s] -- Found gtest sources under '/opt/ros/humble/src/gtest_vendor': C++ tests using 'Google Test' will be built
[1.860s] -- Found gtest sources under '/opt/ros/humble/src/gtest_vendor': C++ tests using 'Google Test' will be built
[1.861s] -- Found gtest sources under '/opt/ros/humble/src/gtest_vendor': C++ tests using 'Google Test' will be built
[1.863s] -- Found ament_lint_auto: 0.12.12 (/opt/ros/humble/share/ament_lint_auto/cmake)
[1.897s] -- Added test 'cppcheck' to perform static code analysis on C / C++ code
[1.897s] -- Configured cppcheck include dirs: /home/locobot/LoCoBotRos/interbotix_ws/src/moveit2/moveit_core/exceptions/include;/home/locobot/LoCoBotRos/interbotix_ws/src/moveit2/moveit_core/collision_detection/include;/home/locobot/LoCoBotRos/interbotix_ws/src/moveit2/moveit_core/collision_detection_fcl/include;/home/locobot/LoCoBotRos/interbotix_ws/src/moveit2/moveit_core/collision_detection_bullet/include;/home/locobot/LoCoBotRos/interbotix_ws/src/moveit2/moveit_core/constraint_samplers/include;/home/locobot/LoCoBotRos/interbotix_ws/src/moveit2/moveit_core/controller_manager/include;/home/locobot/LoCoBotRos/interbotix_ws/src/moveit2/moveit_core/distance_field/include;/home/locobot/LoCoBotRos/interbotix_ws/src/moveit2/moveit_core/collision_distance_field/include;/home/locobot/LoCoBotRos/interbotix_ws/src/moveit2/moveit_core/dynamics_solver/include;/home/locobot/LoCoBotRos/interbotix_ws/src/moveit2/moveit_core/kinematics_base/include;/home/locobot/LoCoBotRos/interbotix_ws/src/moveit2/moveit_core/kinematics_metrics/include;/home/locobot/LoCoBotRos/interbotix_ws/src/moveit2/moveit_core/robot_model/include;/home/locobot/LoCoBotRos/interbotix_ws/src/moveit2/moveit_core/transforms/include;/home/locobot/LoCoBotRos/interbotix_ws/src/moveit2/moveit_core/robot_state/include;/home/locobot/LoCoBotRos/interbotix_ws/src/moveit2/moveit_core/robot_trajectory/include;/home/locobot/LoCoBotRos/interbotix_ws/src/moveit2/moveit_core/kinematic_constraints/include;/home/locobot/LoCoBotRos/interbotix_ws/src/moveit2/moveit_core/macros/include;/home/locobot/LoCoBotRos/interbotix_ws/src/moveit2/moveit_core/online_signal_smoothing/include;/home/locobot/LoCoBotRos/interbotix_ws/src/moveit2/moveit_core/planning_interface/include;/home/locobot/LoCoBotRos/interbotix_ws/src/moveit2/moveit_core/planning_request_adapter/include;/home/locobot/LoCoBotRos/interbotix_ws/src/moveit2/moveit_core/planning_scene/include;/home/locobot/LoCoBotRos/interbotix_ws/src/moveit2/moveit_core/sensor_manager/include;/home/locobot/LoCoBotRos/interbotix_ws/src/moveit2/moveit_core/trajectory_processing/include;/home/locobot/LoCoBotRos/interbotix_ws/src/moveit2/moveit_core/utils/include
[1.898s] -- Configured cppcheck exclude dirs and/or files: 
[1.901s] -- Added test 'pep257' to check Python code against some of the docstring style conventions in PEP 257
[1.902s] -- Added test 'xmllint' to check XML markup files
[1.906s] -- Configuring done
[3.341s] -- Generating done
[3.639s] -- Build files have been written to: /home/locobot/LoCoBotRos/interbotix_ws/build/moveit_core
[3.965s] Invoked command in '/home/locobot/LoCoBotRos/interbotix_ws/build/moveit_core' returned '0': AMENT_PREFIX_PATH=/home/locobot/LoCoBotRos/interbotix_ws/install/moveit_resources_panda_moveit_config:/home/locobot/LoCoBotRos/interbotix_ws/install/srdfdom:/home/locobot/LoCoBotRos/interbotix_ws/install/moveit_resources_pr2_description:/home/locobot/LoCoBotRos/interbotix_ws/install/moveit_resources_panda_description:/home/locobot/LoCoBotRos/interbotix_ws/install/moveit_common:${AMENT_PREFIX_PATH} CMAKE_PREFIX_PATH=/home/locobot/LoCoBotRos/interbotix_ws/install/moveit_resources_panda_moveit_config:/home/locobot/LoCoBotRos/interbotix_ws/install/srdfdom:/home/locobot/LoCoBotRos/interbotix_ws/install/moveit_resources_pr2_description:/home/locobot/LoCoBotRos/interbotix_ws/install/moveit_resources_panda_description:/home/locobot/LoCoBotRos/interbotix_ws/install/moveit_common:/home/locobot/apriltag_ws/install/apriltag_ros:/opt/ros/humble LD_LIBRARY_PATH=/home/locobot/LoCoBotRos/interbotix_ws/install/srdfdom/lib:${LD_LIBRARY_PATH} PYTHONPATH=/home/locobot/LoCoBotRos/interbotix_ws/install/srdfdom/local/lib/python3.10/dist-packages:${PYTHONPATH} /usr/bin/cmake /home/locobot/LoCoBotRos/interbotix_ws/src/moveit2/moveit_core -DCMAKE_INSTALL_PREFIX=/home/locobot/LoCoBotRos/interbotix_ws/install/moveit_core
[3.967s] Invoking command in '/home/locobot/LoCoBotRos/interbotix_ws/build/moveit_core': AMENT_PREFIX_PATH=/home/locobot/LoCoBotRos/interbotix_ws/install/moveit_resources_panda_moveit_config:/home/locobot/LoCoBotRos/interbotix_ws/install/srdfdom:/home/locobot/LoCoBotRos/interbotix_ws/install/moveit_resources_pr2_description:/home/locobot/LoCoBotRos/interbotix_ws/install/moveit_resources_panda_description:/home/locobot/LoCoBotRos/interbotix_ws/install/moveit_common:${AMENT_PREFIX_PATH} CMAKE_PREFIX_PATH=/home/locobot/LoCoBotRos/interbotix_ws/install/moveit_resources_panda_moveit_config:/home/locobot/LoCoBotRos/interbotix_ws/install/srdfdom:/home/locobot/LoCoBotRos/interbotix_ws/install/moveit_resources_pr2_description:/home/locobot/LoCoBotRos/interbotix_ws/install/moveit_resources_panda_description:/home/locobot/LoCoBotRos/interbotix_ws/install/moveit_common:/home/locobot/apriltag_ws/install/apriltag_ros:/opt/ros/humble LD_LIBRARY_PATH=/home/locobot/LoCoBotRos/interbotix_ws/install/srdfdom/lib:${LD_LIBRARY_PATH} PYTHONPATH=/home/locobot/LoCoBotRos/interbotix_ws/install/srdfdom/local/lib/python3.10/dist-packages:${PYTHONPATH} /usr/bin/cmake --build /home/locobot/LoCoBotRos/interbotix_ws/build/moveit_core -- -j16 -l16
[4.024s] [35m[1mConsolidate compiler generated dependencies of target moveit_exceptions[0m
[4.024s] [35m[1mConsolidate compiler generated dependencies of target moveit_transforms[0m
[4.025s] [35m[1mConsolidate compiler generated dependencies of target moveit_kinematics_base[0m
[4.027s] [35m[1mConsolidate compiler generated dependencies of target gtest_main[0m
[4.036s] [35m[1mConsolidate compiler generated dependencies of target gtest[0m
[4.038s] [35m[1mConsolidate compiler generated dependencies of target gmock_main[0m
[4.044s] [35m[1mConsolidate compiler generated dependencies of target moveit_distance_field[0m
[4.044s] [35m[1mConsolidate compiler generated dependencies of target moveit_version[0m
[4.048s] [35m[1mConsolidate compiler generated dependencies of target gmock[0m
[4.048s] [35m[1mConsolidate compiler generated dependencies of target moveit_utils[0m
[4.048s] [35m[1mConsolidate compiler generated dependencies of target moveit_smoothing_base[0m
[4.060s] [  1%] Built target moveit_exceptions
[4.061s] [  2%] Built target gmock_main
[4.061s] [  3%] Built target gtest
[4.067s] [  4%] Built target moveit_transforms
[4.067s] [  5%] Built target gtest_main
[4.074s] [  6%] Built target moveit_kinematics_base
[4.074s] [  7%] [34m[1mCreating deprecated header file /home/locobot/LoCoBotRos/interbotix_ws/build/moveit_core/online_signal_smoothing/include/moveit_butterworth_parameters.hpp[0m
[4.075s] [  8%] Built target moveit_version
[4.085s] [  9%] Built target moveit_smoothing_base
[4.089s] [ 11%] Built target gmock
[4.091s] [35m[1mConsolidate compiler generated dependencies of target test_transforms[0m
[4.095s] [ 14%] Built target moveit_utils
[4.103s] [ 17%] Built target moveit_distance_field
[4.109s] [ 18%] Built target moveit_butterworth_parameters
[4.117s] [35m[1mConsolidate compiler generated dependencies of target test_voxel_grid[0m
[4.118s] [ 19%] Built target test_transforms
[4.120s] [35m[1mConsolidate compiler generated dependencies of target test_distance_field[0m
[4.126s] [35m[1mConsolidate compiler generated dependencies of target moveit_robot_model[0m
[4.140s] [ 20%] Built target test_voxel_grid
[4.150s] [ 21%] Built target test_distance_field
[4.177s] [ 27%] Built target moveit_robot_model
[4.189s] [35m[1mConsolidate compiler generated dependencies of target moveit_test_utils[0m
[4.189s] [35m[1mConsolidate compiler generated dependencies of target moveit_butterworth_filter[0m
[4.193s] [35m[1mConsolidate compiler generated dependencies of target moveit_robot_state[0m
[4.216s] [ 28%] Built target moveit_butterworth_filter
[4.216s] [ 30%] Built target moveit_test_utils
[4.226s] [35m[1mConsolidate compiler generated dependencies of target test_butterworth_filter[0m
[4.228s] [35m[1mConsolidate compiler generated dependencies of target test_robot_model[0m
[4.230s] [ 33%] Built target moveit_robot_state
[4.250s] [35m[1mConsolidate compiler generated dependencies of target moveit_dynamics_solver[0m
[4.252s] [35m[1mConsolidate compiler generated dependencies of target test_robot_state_benchmark[0m
[4.252s] [35m[1mConsolidate compiler generated dependencies of target moveit_kinematics_metrics[0m
[4.252s] [35m[1mConsolidate compiler generated dependencies of target moveit_robot_trajectory[0m
[4.254s] [35m[1mConsolidate compiler generated dependencies of target test_robot_state[0m
[4.259s] [ 34%] Built target test_butterworth_filter
[4.262s] [35m[1mConsolidate compiler generated dependencies of target test_robot_state_complex[0m
[4.262s] [35m[1mConsolidate compiler generated dependencies of target test_cartesian_interpolator[0m
[4.264s] [ 35%] Built target test_robot_model
[4.268s] [35m[1mConsolidate compiler generated dependencies of target test_aabb[0m
[4.284s] [ 36%] Built target moveit_robot_trajectory
[4.285s] [ 37%] Built target moveit_dynamics_solver
[4.288s] [ 39%] Built target moveit_kinematics_metrics
[4.288s] [ 39%] Built target test_robot_state_benchmark
[4.294s] [35m[1mConsolidate compiler generated dependencies of target moveit_collision_detection[0m
[4.294s] [ 41%] Built target test_robot_state
[4.294s] [ 42%] Built target test_robot_state_complex
[4.301s] [ 44%] Built target test_aabb
[4.301s] [ 44%] Built target test_cartesian_interpolator
[4.308s] [35m[1mConsolidate compiler generated dependencies of target test_robot_trajectory[0m
[4.308s] [35m[1mConsolidate compiler generated dependencies of target moveit_planning_interface[0m
[4.308s] [35m[1mConsolidate compiler generated dependencies of target moveit_trajectory_processing[0m
[4.336s] [ 45%] Built target test_robot_trajectory
[4.339s] [ 47%] Built target moveit_planning_interface
[4.346s] [ 50%] Built target moveit_trajectory_processing
[4.357s] [ 55%] Built target moveit_collision_detection
[4.361s] [35m[1mConsolidate compiler generated dependencies of target test_time_optimal_trajectory_generation[0m
[4.361s] [35m[1mConsolidate compiler generated dependencies of target test_ruckig_traj_smoothing[0m
[4.362s] [35m[1mConsolidate compiler generated dependencies of target test_time_parameterization[0m
[4.372s] [35m[1mConsolidate compiler generated dependencies of target test_world_diff[0m
[4.372s] [35m[1mConsolidate compiler generated dependencies of target test_world[0m
[4.379s] [35m[1mConsolidate compiler generated dependencies of target test_all_valid[0m
[4.385s] [35m[1mConsolidate compiler generated dependencies of target moveit_collision_detection_fcl[0m
[4.390s] [ 56%] Built target test_ruckig_traj_smoothing
[4.390s] [ 58%] Built target test_time_optimal_trajectory_generation
[4.393s] [ 61%] Built target test_world
[4.393s] [ 61%] Built target test_world_diff
[4.393s] [35m[1mConsolidate compiler generated dependencies of target moveit_collision_detection_bullet[0m
[4.399s] [ 62%] Built target test_time_parameterization
[4.409s] [ 63%] Built target test_all_valid
[4.420s] [ 65%] Built target moveit_collision_detection_fcl
[4.442s] [35m[1mConsolidate compiler generated dependencies of target test_fcl_collision_detection_panda[0m
[4.442s] [35m[1mConsolidate compiler generated dependencies of target test_fcl_collision_detection[0m
[4.442s] [35m[1mConsolidate compiler generated dependencies of target test_fcl_collision_env[0m
[4.442s] [35m[1mConsolidate compiler generated dependencies of target moveit_kinematic_constraints[0m
[4.450s] [ 70%] Built target moveit_collision_detection_bullet
[4.466s] [35m[1mConsolidate compiler generated dependencies of target test_bullet_continuous_collision_checking[0m
[4.471s] [35m[1mConsolidate compiler generated dependencies of target test_bullet_collision_detection[0m
[4.473s] [ 72%] Built target test_fcl_collision_detection_panda
[4.473s] [ 73%] Built target test_fcl_collision_detection
[4.476s] [35m[1mConsolidate compiler generated dependencies of target test_bullet_collision_detection_panda[0m
[4.490s] [ 75%] Built target moveit_kinematic_constraints
[4.492s] [ 76%] Built target test_fcl_collision_env
[4.502s] [ 77%] Built target test_bullet_continuous_collision_checking
[4.507s] [35m[1mConsolidate compiler generated dependencies of target test_orientation_constraints[0m
[4.511s] [35m[1mConsolidate compiler generated dependencies of target moveit_planning_scene[0m
[4.512s] [35m[1mConsolidate compiler generated dependencies of target test_constraints[0m
[4.512s] [ 79%] Built target test_bullet_collision_detection
[4.512s] [ 80%] Built target test_bullet_collision_detection_panda
[4.538s] [ 82%] Built target test_constraints
[4.538s] [ 82%] Built target test_orientation_constraints
[4.545s] [ 84%] Built target moveit_planning_scene
[4.562s] [35m[1mConsolidate compiler generated dependencies of target moveit_planning_request_adapter[0m
[4.562s] [35m[1mConsolidate compiler generated dependencies of target test_multi_threaded[0m
[4.562s] [35m[1mConsolidate compiler generated dependencies of target collision_detector_bullet_plugin[0m
[4.563s] [35m[1mConsolidate compiler generated dependencies of target collision_detector_fcl_plugin[0m
[4.567s] [35m[1mConsolidate compiler generated dependencies of target test_collision_objects[0m
[4.568s] [35m[1mConsolidate compiler generated dependencies of target test_planning_scene[0m
[4.577s] [35m[1mConsolidate compiler generated dependencies of target moveit_collision_distance_field[0m
[4.586s] [35m[1mConsolidate compiler generated dependencies of target moveit_constraint_samplers[0m
[4.590s] [ 85%] Built target moveit_planning_request_adapter
[4.590s] [ 86%] Built target test_multi_threaded
[4.595s] [ 87%] Built target collision_detector_bullet_plugin
[4.595s] [ 88%] Built target collision_detector_fcl_plugin
[4.597s] [ 89%] Built target test_collision_objects
[4.598s] [ 90%] Built target test_planning_scene
[4.618s] [ 93%] Built target moveit_collision_distance_field
[4.629s] [ 96%] Built target moveit_constraint_samplers
[4.633s] [35m[1mConsolidate compiler generated dependencies of target test_collision_distance_field[0m
[4.645s] [35m[1mConsolidate compiler generated dependencies of target test_constraint_samplers[0m
[4.660s] [ 97%] Built target test_collision_distance_field
[4.692s] [100%] Built target test_constraint_samplers
[4.706s] Invoked command in '/home/locobot/LoCoBotRos/interbotix_ws/build/moveit_core' returned '0': AMENT_PREFIX_PATH=/home/locobot/LoCoBotRos/interbotix_ws/install/moveit_resources_panda_moveit_config:/home/locobot/LoCoBotRos/interbotix_ws/install/srdfdom:/home/locobot/LoCoBotRos/interbotix_ws/install/moveit_resources_pr2_description:/home/locobot/LoCoBotRos/interbotix_ws/install/moveit_resources_panda_description:/home/locobot/LoCoBotRos/interbotix_ws/install/moveit_common:${AMENT_PREFIX_PATH} CMAKE_PREFIX_PATH=/home/locobot/LoCoBotRos/interbotix_ws/install/moveit_resources_panda_moveit_config:/home/locobot/LoCoBotRos/interbotix_ws/install/srdfdom:/home/locobot/LoCoBotRos/interbotix_ws/install/moveit_resources_pr2_description:/home/locobot/LoCoBotRos/interbotix_ws/install/moveit_resources_panda_description:/home/locobot/LoCoBotRos/interbotix_ws/install/moveit_common:/home/locobot/apriltag_ws/install/apriltag_ros:/opt/ros/humble LD_LIBRARY_PATH=/home/locobot/LoCoBotRos/interbotix_ws/install/srdfdom/lib:${LD_LIBRARY_PATH} PYTHONPATH=/home/locobot/LoCoBotRos/interbotix_ws/install/srdfdom/local/lib/python3.10/dist-packages:${PYTHONPATH} /usr/bin/cmake --build /home/locobot/LoCoBotRos/interbotix_ws/build/moveit_core -- -j16 -l16
[4.708s] Invoking command in '/home/locobot/LoCoBotRos/interbotix_ws/build/moveit_core': AMENT_PREFIX_PATH=/home/locobot/LoCoBotRos/interbotix_ws/install/moveit_resources_panda_moveit_config:/home/locobot/LoCoBotRos/interbotix_ws/install/srdfdom:/home/locobot/LoCoBotRos/interbotix_ws/install/moveit_resources_pr2_description:/home/locobot/LoCoBotRos/interbotix_ws/install/moveit_resources_panda_description:/home/locobot/LoCoBotRos/interbotix_ws/install/moveit_common:${AMENT_PREFIX_PATH} CMAKE_PREFIX_PATH=/home/locobot/LoCoBotRos/interbotix_ws/install/moveit_resources_panda_moveit_config:/home/locobot/LoCoBotRos/interbotix_ws/install/srdfdom:/home/locobot/LoCoBotRos/interbotix_ws/install/moveit_resources_pr2_description:/home/locobot/LoCoBotRos/interbotix_ws/install/moveit_resources_panda_description:/home/locobot/LoCoBotRos/interbotix_ws/install/moveit_common:/home/locobot/apriltag_ws/install/apriltag_ros:/opt/ros/humble LD_LIBRARY_PATH=/home/locobot/LoCoBotRos/interbotix_ws/install/srdfdom/lib:${LD_LIBRARY_PATH} PYTHONPATH=/home/locobot/LoCoBotRos/interbotix_ws/install/srdfdom/local/lib/python3.10/dist-packages:${PYTHONPATH} /usr/bin/cmake --install /home/locobot/LoCoBotRos/interbotix_ws/build/moveit_core
[4.717s] -- Install configuration: "Release"
[4.717s] -- Up-to-date: /home/locobot/LoCoBotRos/interbotix_ws/install/moveit_core/include/moveit/version.h
[4.717s] -- Up-to-date: /home/locobot/LoCoBotRos/interbotix_ws/install/moveit_core/include
[4.717s] -- Up-to-date: /home/locobot/LoCoBotRos/interbotix_ws/install/moveit_core/include/moveit
[4.718s] -- Up-to-date: /home/locobot/LoCoBotRos/interbotix_ws/install/moveit_core/include/moveit/collision_distance_field
[4.718s] -- Up-to-date: /home/locobot/LoCoBotRos/interbotix_ws/install/moveit_core/include/moveit/collision_distance_field/collision_common_distance_field.h
[4.718s] -- Up-to-date: /home/locobot/LoCoBotRos/interbotix_ws/install/moveit_core/include/moveit/collision_distance_field/collision_detector_allocator_hybrid.h
[4.718s] -- Up-to-date: /home/locobot/LoCoBotRos/interbotix_ws/install/moveit_core/include/moveit/collision_distance_field/collision_detector_allocator_distance_field.h
[4.718s] -- Up-to-date: /home/locobot/LoCoBotRos/interbotix_ws/install/moveit_core/include/moveit/collision_distance_field/collision_distance_field_types.h
[4.718s] -- Up-to-date: /home/locobot/LoCoBotRos/interbotix_ws/install/moveit_core/include/moveit/collision_distance_field/collision_env_hybrid.h
[4.718s] -- Up-to-date: /home/locobot/LoCoBotRos/interbotix_ws/install/moveit_core/include/moveit/collision_distance_field/collision_env_distance_field.h
[4.718s] -- Up-to-date: /home/locobot/LoCoBotRos/interbotix_ws/install/moveit_core/include/moveit_collision_distance_field_export.h
[4.718s] -- Up-to-date: /home/locobot/LoCoBotRos/interbotix_ws/install/moveit_core/include
[4.719s] -- Up-to-date: /home/locobot/LoCoBotRos/interbotix_ws/install/moveit_core/include/moveit
[4.719s] -- Up-to-date: /home/locobot/LoCoBotRos/interbotix_ws/install/moveit_core/include/moveit/constraint_samplers
[4.719s] -- Up-to-date: /home/locobot/LoCoBotRos/interbotix_ws/install/moveit_core/include/moveit/constraint_samplers/constraint_sampler_manager.h
[4.719s] -- Up-to-date: /home/locobot/LoCoBotRos/interbotix_ws/install/moveit_core/include/moveit/constraint_samplers/default_constraint_samplers.h
[4.719s] -- Up-to-date: /home/locobot/LoCoBotRos/interbotix_ws/install/moveit_core/include/moveit/constraint_samplers/union_constraint_sampler.h
[4.719s] -- Up-to-date: /home/locobot/LoCoBotRos/interbotix_ws/install/moveit_core/include/moveit/constraint_samplers/constraint_sampler_allocator.h
[4.719s] -- Up-to-date: /home/locobot/LoCoBotRos/interbotix_ws/install/moveit_core/include/moveit/constraint_samplers/constraint_sampler.h
[4.719s] -- Up-to-date: /home/locobot/LoCoBotRos/interbotix_ws/install/moveit_core/include/moveit/constraint_samplers/constraint_sampler_tools.h
[4.719s] -- Up-to-date: /home/locobot/LoCoBotRos/interbotix_ws/install/moveit_core/include
[4.719s] -- Up-to-date: /home/locobot/LoCoBotRos/interbotix_ws/install/moveit_core/include/moveit
[4.720s] -- Up-to-date: /home/locobot/LoCoBotRos/interbotix_ws/install/moveit_core/include/moveit/controller_manager
[4.720s] -- Up-to-date: /home/locobot/LoCoBotRos/interbotix_ws/install/moveit_core/include/moveit/controller_manager/controller_manager.h
[4.720s] -- Up-to-date: /home/locobot/LoCoBotRos/interbotix_ws/install/moveit_core/include
[4.720s] -- Up-to-date: /home/locobot/LoCoBotRos/interbotix_ws/install/moveit_core/include/moveit
[4.720s] -- Up-to-date: /home/locobot/LoCoBotRos/interbotix_ws/install/moveit_core/include/moveit/distance_field
[4.720s] -- Up-to-date: /home/locobot/LoCoBotRos/interbotix_ws/install/moveit_core/include/moveit/distance_field/find_internal_points.h
[4.720s] -- Up-to-date: /home/locobot/LoCoBotRos/interbotix_ws/install/moveit_core/include/moveit/distance_field/distance_field.h
[4.720s] -- Up-to-date: /home/locobot/LoCoBotRos/interbotix_ws/install/moveit_core/include/moveit/distance_field/propagation_distance_field.h
[4.720s] -- Up-to-date: /home/locobot/LoCoBotRos/interbotix_ws/install/moveit_core/include/moveit/distance_field/voxel_grid.h
[4.720s] -- Up-to-date: /home/locobot/LoCoBotRos/interbotix_ws/install/moveit_core/include
[4.721s] -- Up-to-date: /home/locobot/LoCoBotRos/interbotix_ws/install/moveit_core/include/moveit
[4.721s] -- Up-to-date: /home/locobot/LoCoBotRos/interbotix_ws/install/moveit_core/include/moveit/dynamics_solver
[4.721s] -- Up-to-date: /home/locobot/LoCoBotRos/interbotix_ws/install/moveit_core/include/moveit/dynamics_solver/dynamics_solver.h
[4.721s] -- Up-to-date: /home/locobot/LoCoBotRos/interbotix_ws/install/moveit_core/include
[4.721s] -- Up-to-date: /home/locobot/LoCoBotRos/interbotix_ws/install/moveit_core/include/moveit
[4.721s] -- Up-to-date: /home/locobot/LoCoBotRos/interbotix_ws/install/moveit_core/include/moveit/exceptions
[4.721s] -- Up-to-date: /home/locobot/LoCoBotRos/interbotix_ws/install/moveit_core/include/moveit/exceptions/exceptions.h
[4.721s] -- Up-to-date: /home/locobot/LoCoBotRos/interbotix_ws/install/moveit_core/include
[4.721s] -- Up-to-date: /home/locobot/LoCoBotRos/interbotix_ws/install/moveit_core/include/moveit
[4.721s] -- Up-to-date: /home/locobot/LoCoBotRos/interbotix_ws/install/moveit_core/include/moveit/kinematics_base
[4.721s] -- Up-to-date: /home/locobot/LoCoBotRos/interbotix_ws/install/moveit_core/include/moveit/kinematics_base/kinematics_base.h
[4.721s] -- Up-to-date: /home/locobot/LoCoBotRos/interbotix_ws/install/moveit_core/include/moveit_kinematics_base_export.h
[4.721s] -- Up-to-date: /home/locobot/LoCoBotRos/interbotix_ws/install/moveit_core/include
[4.721s] -- Up-to-date: /home/locobot/LoCoBotRos/interbotix_ws/install/moveit_core/include/moveit
[4.721s] -- Up-to-date: /home/locobot/LoCoBotRos/interbotix_ws/install/moveit_core/include/moveit/kinematic_constraints
[4.721s] -- Up-to-date: /home/locobot/LoCoBotRos/interbotix_ws/install/moveit_core/include/moveit/kinematic_constraints/kinematic_constraint.h
[4.721s] -- Up-to-date: /home/locobot/LoCoBotRos/interbotix_ws/install/moveit_core/include/moveit/kinematic_constraints/utils.h
[4.722s] -- Up-to-date: /home/locobot/LoCoBotRos/interbotix_ws/install/moveit_core/include
[4.722s] -- Up-to-date: /home/locobot/LoCoBotRos/interbotix_ws/install/moveit_core/include/moveit
[4.722s] -- Up-to-date: /home/locobot/LoCoBotRos/interbotix_ws/install/moveit_core/include/moveit/kinematics_metrics
[4.722s] -- Up-to-date: /home/locobot/LoCoBotRos/interbotix_ws/install/moveit_core/include/moveit/kinematics_metrics/kinematics_metrics.h
[4.722s] -- Up-to-date: /home/locobot/LoCoBotRos/interbotix_ws/install/moveit_core/include
[4.722s] -- Up-to-date: /home/locobot/LoCoBotRos/interbotix_ws/install/moveit_core/include/moveit
[4.722s] -- Up-to-date: /home/locobot/LoCoBotRos/interbotix_ws/install/moveit_core/include/moveit/macros
[4.722s] -- Up-to-date: /home/locobot/LoCoBotRos/interbotix_ws/install/moveit_core/include/moveit/macros/console_colors.h
[4.723s] -- Up-to-date: /home/locobot/LoCoBotRos/interbotix_ws/install/moveit_core/include/moveit/macros/declare_ptr.h
[4.723s] -- Up-to-date: /home/locobot/LoCoBotRos/interbotix_ws/install/moveit_core/include/moveit/macros/deprecation.h
[4.723s] -- Up-to-date: /home/locobot/LoCoBotRos/interbotix_ws/install/moveit_core/include/moveit/macros/class_forward.h
[4.723s] -- Up-to-date: /home/locobot/LoCoBotRos/interbotix_ws/install/moveit_core/include/moveit_core
[4.723s] -- Up-to-date: /home/locobot/LoCoBotRos/interbotix_ws/install/moveit_core/include/moveit_core/moveit_butterworth_parameters.hpp
[4.723s] -- Up-to-date: /home/locobot/LoCoBotRos/interbotix_ws/install/moveit_core/include
[4.724s] -- Up-to-date: /home/locobot/LoCoBotRos/interbotix_ws/install/moveit_core/include/moveit
[4.724s] -- Up-to-date: /home/locobot/LoCoBotRos/interbotix_ws/install/moveit_core/include/moveit/online_signal_smoothing
[4.724s] -- Up-to-date: /home/locobot/LoCoBotRos/interbotix_ws/install/moveit_core/include/moveit/online_signal_smoothing/smoothing_base_class.h
[4.724s] -- Up-to-date: /home/locobot/LoCoBotRos/interbotix_ws/install/moveit_core/include/moveit/online_signal_smoothing/butterworth_filter.h
[4.724s] -- Up-to-date: /home/locobot/LoCoBotRos/interbotix_ws/install/moveit_core/include/moveit_smoothing_base_export.h
[4.724s] -- Up-to-date: /home/locobot/LoCoBotRos/interbotix_ws/install/moveit_core/include/moveit_butterworth_filter_export.h
[4.724s] -- Up-to-date: /home/locobot/LoCoBotRos/interbotix_ws/install/moveit_core/include
[4.724s] -- Up-to-date: /home/locobot/LoCoBotRos/interbotix_ws/install/moveit_core/include/moveit
[4.724s] -- Up-to-date: /home/locobot/LoCoBotRos/interbotix_ws/install/moveit_core/include/moveit/planning_interface
[4.724s] -- Up-to-date: /home/locobot/LoCoBotRos/interbotix_ws/install/moveit_core/include/moveit/planning_interface/planning_request.h
[4.724s] -- Up-to-date: /home/locobot/LoCoBotRos/interbotix_ws/install/moveit_core/include/moveit/planning_interface/planning_response.h
[4.725s] -- Up-to-date: /home/locobot/LoCoBotRos/interbotix_ws/install/moveit_core/include/moveit/planning_interface/planning_interface.h
[4.725s] -- Up-to-date: /home/locobot/LoCoBotRos/interbotix_ws/install/moveit_core/include
[4.725s] -- Up-to-date: /home/locobot/LoCoBotRos/interbotix_ws/install/moveit_core/include/moveit
[4.725s] -- Up-to-date: /home/locobot/LoCoBotRos/interbotix_ws/install/moveit_core/include/moveit/planning_request_adapter
[4.725s] -- Up-to-date: /home/locobot/LoCoBotRos/interbotix_ws/install/moveit_core/include/moveit/planning_request_adapter/planning_request_adapter.h
[4.725s] -- Up-to-date: /home/locobot/LoCoBotRos/interbotix_ws/install/moveit_core/include
[4.725s] -- Up-to-date: /home/locobot/LoCoBotRos/interbotix_ws/install/moveit_core/include/moveit
[4.725s] -- Up-to-date: /home/locobot/LoCoBotRos/interbotix_ws/install/moveit_core/include/moveit/planning_scene
[4.725s] -- Up-to-date: /home/locobot/LoCoBotRos/interbotix_ws/install/moveit_core/include/moveit/planning_scene/planning_scene.h
[4.725s] -- Up-to-date: /home/locobot/LoCoBotRos/interbotix_ws/install/moveit_core/include/moveit_planning_scene_export.h
[4.725s] -- Up-to-date: /home/locobot/LoCoBotRos/interbotix_ws/install/moveit_core/include
[4.725s] -- Up-to-date: /home/locobot/LoCoBotRos/interbotix_ws/install/moveit_core/include/moveit
[4.725s] -- Up-to-date: /home/locobot/LoCoBotRos/interbotix_ws/install/moveit_core/include/moveit/robot_model
[4.725s] -- Up-to-date: /home/locobot/LoCoBotRos/interbotix_ws/install/moveit_core/include/moveit/robot_model/joint_model.h
[4.725s] -- Up-to-date: /home/locobot/LoCoBotRos/interbotix_ws/install/moveit_core/include/moveit/robot_model/joint_model_group.h
[4.726s] -- Up-to-date: /home/locobot/LoCoBotRos/interbotix_ws/install/moveit_core/include/moveit/robot_model/robot_model.h
[4.726s] -- Up-to-date: /home/locobot/LoCoBotRos/interbotix_ws/install/moveit_core/include/moveit/robot_model/floating_joint_model.h
[4.726s] -- Up-to-date: /home/locobot/LoCoBotRos/interbotix_ws/install/moveit_core/include/moveit/robot_model/planar_joint_model.h
[4.726s] -- Up-to-date: /home/locobot/LoCoBotRos/interbotix_ws/install/moveit_core/include/moveit/robot_model/prismatic_joint_model.h
[4.726s] -- Up-to-date: /home/locobot/LoCoBotRos/interbotix_ws/install/moveit_core/include/moveit/robot_model/fixed_joint_model.h
[4.726s] -- Up-to-date: /home/locobot/LoCoBotRos/interbotix_ws/install/moveit_core/include/moveit/robot_model/revolute_joint_model.h
[4.726s] -- Up-to-date: /home/locobot/LoCoBotRos/interbotix_ws/install/moveit_core/include/moveit/robot_model/aabb.h
[4.726s] -- Up-to-date: /home/locobot/LoCoBotRos/interbotix_ws/install/moveit_core/include/moveit/robot_model/link_model.h
[4.726s] -- Up-to-date: /home/locobot/LoCoBotRos/interbotix_ws/install/moveit_core/include
[4.727s] -- Up-to-date: /home/locobot/LoCoBotRos/interbotix_ws/install/moveit_core/include/moveit
[4.727s] -- Up-to-date: /home/locobot/LoCoBotRos/interbotix_ws/install/moveit_core/include/moveit/robot_state
[4.727s] -- Up-to-date: /home/locobot/LoCoBotRos/interbotix_ws/install/moveit_core/include/moveit/robot_state/conversions.h
[4.727s] -- Up-to-date: /home/locobot/LoCoBotRos/interbotix_ws/install/moveit_core/include/moveit/robot_state/attached_body.h
[4.727s] -- Up-to-date: /home/locobot/LoCoBotRos/interbotix_ws/install/moveit_core/include/moveit/robot_state/robot_state.h
[4.727s] -- Up-to-date: /home/locobot/LoCoBotRos/interbotix_ws/install/moveit_core/include/moveit/robot_state/cartesian_interpolator.h
[4.727s] -- Up-to-date: /home/locobot/LoCoBotRos/interbotix_ws/install/moveit_core/include
[4.727s] -- Up-to-date: /home/locobot/LoCoBotRos/interbotix_ws/install/moveit_core/include/moveit
[4.727s] -- Up-to-date: /home/locobot/LoCoBotRos/interbotix_ws/install/moveit_core/include/moveit/robot_trajectory
[4.728s] -- Up-to-date: /home/locobot/LoCoBotRos/interbotix_ws/install/moveit_core/include/moveit/robot_trajectory/robot_trajectory.h
[4.728s] -- Up-to-date: /home/locobot/LoCoBotRos/interbotix_ws/install/moveit_core/include
[4.728s] -- Up-to-date: /home/locobot/LoCoBotRos/interbotix_ws/install/moveit_core/include/moveit
[4.728s] -- Up-to-date: /home/locobot/LoCoBotRos/interbotix_ws/install/moveit_core/include/moveit/sensor_manager
[4.728s] -- Up-to-date: /home/locobot/LoCoBotRos/interbotix_ws/install/moveit_core/include/moveit/sensor_manager/sensor_manager.h
[4.728s] -- Up-to-date: /home/locobot/LoCoBotRos/interbotix_ws/install/moveit_core/include
[4.728s] -- Up-to-date: /home/locobot/LoCoBotRos/interbotix_ws/install/moveit_core/include/moveit
[4.728s] -- Up-to-date: /home/locobot/LoCoBotRos/interbotix_ws/install/moveit_core/include/moveit/trajectory_processing
[4.728s] -- Up-to-date: /home/locobot/LoCoBotRos/interbotix_ws/install/moveit_core/include/moveit/trajectory_processing/time_parameterization.h
[4.729s] -- Up-to-date: /home/locobot/LoCoBotRos/interbotix_ws/install/moveit_core/include/moveit/trajectory_processing/iterative_time_parameterization.h
[4.729s] -- Up-to-date: /home/locobot/LoCoBotRos/interbotix_ws/install/moveit_core/include/moveit/trajectory_processing/ruckig_traj_smoothing.h
[4.729s] -- Up-to-date: /home/locobot/LoCoBotRos/interbotix_ws/install/moveit_core/include/moveit/trajectory_processing/trajectory_tools.h
[4.729s] -- Up-to-date: /home/locobot/LoCoBotRos/interbotix_ws/install/moveit_core/include/moveit/trajectory_processing/iterative_spline_parameterization.h
[4.729s] -- Up-to-date: /home/locobot/LoCoBotRos/interbotix_ws/install/moveit_core/include/moveit/trajectory_processing/time_optimal_trajectory_generation.h
[4.729s] -- Up-to-date: /home/locobot/LoCoBotRos/interbotix_ws/install/moveit_core/include
[4.729s] -- Up-to-date: /home/locobot/LoCoBotRos/interbotix_ws/install/moveit_core/include/moveit
[4.729s] -- Up-to-date: /home/locobot/LoCoBotRos/interbotix_ws/install/moveit_core/include/moveit/transforms
[4.729s] -- Up-to-date: /home/locobot/LoCoBotRos/interbotix_ws/install/moveit_core/include/moveit/transforms/transforms.h
[4.729s] -- Up-to-date: /home/locobot/LoCoBotRos/interbotix_ws/install/moveit_core/include
[4.729s] -- Up-to-date: /home/locobot/LoCoBotRos/interbotix_ws/install/moveit_core/include/moveit
[4.729s] -- Up-to-date: /home/locobot/LoCoBotRos/interbotix_ws/install/moveit_core/include/moveit/utils
[4.730s] -- Up-to-date: /home/locobot/LoCoBotRos/interbotix_ws/install/moveit_core/include/moveit/utils/moveit_error_code.h
[4.730s] -- Up-to-date: /home/locobot/LoCoBotRos/interbotix_ws/install/moveit_core/include/moveit/utils/message_checks.h
[4.730s] -- Up-to-date: /home/locobot/LoCoBotRos/interbotix_ws/install/moveit_core/include/moveit/utils/lexical_casts.h
[4.730s] -- Up-to-date: /home/locobot/LoCoBotRos/interbotix_ws/install/moveit_core/include/moveit/utils/rclcpp_utils.h
[4.730s] -- Up-to-date: /home/locobot/LoCoBotRos/interbotix_ws/install/moveit_core/include/moveit/utils/robot_model_test_utils.h
[4.730s] -- Up-to-date: /home/locobot/LoCoBotRos/interbotix_ws/install/moveit_core/bin/moveit_version
[4.730s] -- Up-to-date: /home/locobot/LoCoBotRos/interbotix_ws/install/moveit_core/include
[4.730s] -- Up-to-date: /home/locobot/LoCoBotRos/interbotix_ws/install/moveit_core/include/moveit
[4.730s] -- Up-to-date: /home/locobot/LoCoBotRos/interbotix_ws/install/moveit_core/include/moveit/collision_detection
[4.730s] -- Up-to-date: /home/locobot/LoCoBotRos/interbotix_ws/install/moveit_core/include/moveit/collision_detection/collision_octomap_filter.h
[4.730s] -- Up-to-date: /home/locobot/LoCoBotRos/interbotix_ws/install/moveit_core/include/moveit/collision_detection/world_diff.h
[4.730s] -- Up-to-date: /home/locobot/LoCoBotRos/interbotix_ws/install/moveit_core/include/moveit/collision_detection/test_collision_common_panda.h
[4.730s] -- Up-to-date: /home/locobot/LoCoBotRos/interbotix_ws/install/moveit_core/include/moveit/collision_detection/test_collision_common_pr2.h
[4.730s] -- Up-to-date: /home/locobot/LoCoBotRos/interbotix_ws/install/moveit_core/include/moveit/collision_detection/collision_plugin.h
[4.730s] -- Up-to-date: /home/locobot/LoCoBotRos/interbotix_ws/install/moveit_core/include/moveit/collision_detection/occupancy_map.h
[4.730s] -- Up-to-date: /home/locobot/LoCoBotRos/interbotix_ws/install/moveit_core/include/moveit/collision_detection/world.h
[4.731s] -- Up-to-date: /home/locobot/LoCoBotRos/interbotix_ws/install/moveit_core/include/moveit/collision_detection/collision_tools.h
[4.731s] -- Up-to-date: /home/locobot/LoCoBotRos/interbotix_ws/install/moveit_core/include/moveit/collision_detection/collision_env.h
[4.731s] -- Up-to-date: /home/locobot/LoCoBotRos/interbotix_ws/install/moveit_core/include/moveit/collision_detection/collision_matrix.h
[4.731s] -- Up-to-date: /home/locobot/LoCoBotRos/interbotix_ws/install/moveit_core/include/moveit/collision_detection/allvalid
[4.731s] -- Up-to-date: /home/locobot/LoCoBotRos/interbotix_ws/install/moveit_core/include/moveit/collision_detection/allvalid/collision_env_allvalid.h
[4.731s] -- Up-to-date: /home/locobot/LoCoBotRos/interbotix_ws/install/moveit_core/include/moveit/collision_detection/allvalid/collision_detector_allocator_allvalid.h
[4.731s] -- Up-to-date: /home/locobot/LoCoBotRos/interbotix_ws/install/moveit_core/include/moveit/collision_detection/collision_detector_allocator.h
[4.731s] -- Up-to-date: /home/locobot/LoCoBotRos/interbotix_ws/install/moveit_core/include/moveit/collision_detection/collision_common.h
[4.731s] -- Up-to-date: /home/locobot/LoCoBotRos/interbotix_ws/install/moveit_core/include/moveit/collision_detection/collision_plugin_cache.h
[4.731s] -- Up-to-date: /home/locobot/LoCoBotRos/interbotix_ws/install/moveit_core/include/moveit_collision_detection_export.h
[4.731s] -- Up-to-date: /home/locobot/LoCoBotRos/interbotix_ws/install/moveit_core/include
[4.731s] -- Up-to-date: /home/locobot/LoCoBotRos/interbotix_ws/install/moveit_core/include/moveit
[4.731s] -- Up-to-date: /home/locobot/LoCoBotRos/interbotix_ws/install/moveit_core/include/moveit/collision_detection_bullet
[4.731s] -- Up-to-date: /home/locobot/LoCoBotRos/interbotix_ws/install/moveit_core/include/moveit/collision_detection_bullet/collision_detector_bullet_plugin_loader.h
[4.731s] -- Up-to-date: /home/locobot/LoCoBotRos/interbotix_ws/install/moveit_core/include/moveit/collision_detection_bullet/collision_detector_allocator_bullet.h
[4.731s] -- Up-to-date: /home/locobot/LoCoBotRos/interbotix_ws/install/moveit_core/include/moveit/collision_detection_bullet/collision_env_bullet.h
[4.731s] -- Up-to-date: /home/locobot/LoCoBotRos/interbotix_ws/install/moveit_core/include/moveit/collision_detection_bullet/bullet_integration
[4.731s] -- Up-to-date: /home/locobot/LoCoBotRos/interbotix_ws/install/moveit_core/include/moveit/collision_detection_bullet/bullet_integration/bullet_bvh_manager.h
[4.732s] -- Up-to-date: /home/locobot/LoCoBotRos/interbotix_ws/install/moveit_core/include/moveit/collision_detection_bullet/bullet_integration/basic_types.h
[4.732s] -- Up-to-date: /home/locobot/LoCoBotRos/interbotix_ws/install/moveit_core/include/moveit/collision_detection_bullet/bullet_integration/bullet_utils.h
[4.732s] -- Up-to-date: /home/locobot/LoCoBotRos/interbotix_ws/install/moveit_core/include/moveit/collision_detection_bullet/bullet_integration/ros_bullet_utils.h
[4.732s] -- Up-to-date: /home/locobot/LoCoBotRos/interbotix_ws/install/moveit_core/include/moveit/collision_detection_bullet/bullet_integration/bullet_cast_bvh_manager.h
[4.732s] -- Up-to-date: /home/locobot/LoCoBotRos/interbotix_ws/install/moveit_core/include/moveit/collision_detection_bullet/bullet_integration/bullet_discrete_bvh_manager.h
[4.732s] -- Up-to-date: /home/locobot/LoCoBotRos/interbotix_ws/install/moveit_core/include/moveit/collision_detection_bullet/bullet_integration/contact_checker_common.h
[4.732s] -- Up-to-date: /home/locobot/LoCoBotRos/interbotix_ws/install/moveit_core/include/moveit_collision_detection_bullet_export.h
[4.732s] -- Up-to-date: /home/locobot/LoCoBotRos/interbotix_ws/install/moveit_core/include
[4.732s] -- Up-to-date: /home/locobot/LoCoBotRos/interbotix_ws/install/moveit_core/include/moveit
[4.732s] -- Up-to-date: /home/locobot/LoCoBotRos/interbotix_ws/install/moveit_core/include/moveit/collision_detection_fcl
[4.732s] -- Up-to-date: /home/locobot/LoCoBotRos/interbotix_ws/install/moveit_core/include/moveit/collision_detection_fcl/collision_detector_allocator_fcl.h
[4.733s] -- Up-to-date: /home/locobot/LoCoBotRos/interbotix_ws/install/moveit_core/include/moveit/collision_detection_fcl/fcl_compat.h
[4.733s] -- Up-to-date: /home/locobot/LoCoBotRos/interbotix_ws/install/moveit_core/include/moveit/collision_detection_fcl/collision_detector_fcl_plugin_loader.h
[4.733s] -- Up-to-date: /home/locobot/LoCoBotRos/interbotix_ws/install/moveit_core/include/moveit/collision_detection_fcl/collision_common.h
[4.733s] -- Up-to-date: /home/locobot/LoCoBotRos/interbotix_ws/install/moveit_core/include/moveit/collision_detection_fcl/collision_env_fcl.h
[4.734s] -- Up-to-date: /home/locobot/LoCoBotRos/interbotix_ws/install/moveit_core/include/moveit_collision_detection_fcl_export.h
[4.734s] -- Up-to-date: /home/locobot/LoCoBotRos/interbotix_ws/install/moveit_core/lib/libcollision_detector_bullet_plugin.so.2.5.9
[4.734s] -- Up-to-date: /home/locobot/LoCoBotRos/interbotix_ws/install/moveit_core/lib/libcollision_detector_bullet_plugin.so
[4.734s] -- Up-to-date: /home/locobot/LoCoBotRos/interbotix_ws/install/moveit_core/lib/libmoveit_butterworth_filter.so.2.5.9
[4.735s] -- Up-to-date: /home/locobot/LoCoBotRos/interbotix_ws/install/moveit_core/lib/libmoveit_butterworth_filter.so
[4.737s] -- Up-to-date: /home/locobot/LoCoBotRos/interbotix_ws/install/moveit_core/lib/libmoveit_collision_distance_field.so.2.5.9
[4.737s] -- Up-to-date: /home/locobot/LoCoBotRos/interbotix_ws/install/moveit_core/lib/libmoveit_collision_distance_field.so
[4.738s] -- Up-to-date: /home/locobot/LoCoBotRos/interbotix_ws/install/moveit_core/lib/libmoveit_collision_detection.so.2.5.9
[4.739s] -- Up-to-date: /home/locobot/LoCoBotRos/interbotix_ws/install/moveit_core/lib/libmoveit_collision_detection.so
[4.740s] -- Up-to-date: /home/locobot/LoCoBotRos/interbotix_ws/install/moveit_core/lib/libmoveit_collision_detection_fcl.so.2.5.9
[4.740s] -- Up-to-date: /home/locobot/LoCoBotRos/interbotix_ws/install/moveit_core/lib/libmoveit_collision_detection_fcl.so
[4.740s] -- Up-to-date: /home/locobot/LoCoBotRos/interbotix_ws/install/moveit_core/lib/libmoveit_collision_detection_bullet.so.2.5.9
[4.740s] -- Up-to-date: /home/locobot/LoCoBotRos/interbotix_ws/install/moveit_core/lib/libmoveit_collision_detection_bullet.so
[4.740s] -- Up-to-date: /home/locobot/LoCoBotRos/interbotix_ws/install/moveit_core/lib/libmoveit_dynamics_solver.so.2.5.9
[4.740s] -- Up-to-date: /home/locobot/LoCoBotRos/interbotix_ws/install/moveit_core/lib/libmoveit_dynamics_solver.so
[4.742s] -- Up-to-date: /home/locobot/LoCoBotRos/interbotix_ws/install/moveit_core/lib/libmoveit_constraint_samplers.so.2.5.9
[4.742s] -- Up-to-date: /home/locobot/LoCoBotRos/interbotix_ws/install/moveit_core/lib/libmoveit_constraint_samplers.so
[4.744s] -- Up-to-date: /home/locobot/LoCoBotRos/interbotix_ws/install/moveit_core/lib/libmoveit_distance_field.so.2.5.9
[4.744s] -- Up-to-date: /home/locobot/LoCoBotRos/interbotix_ws/install/moveit_core/lib/libmoveit_distance_field.so
[4.744s] -- Up-to-date: /home/locobot/LoCoBotRos/interbotix_ws/install/moveit_core/lib/libmoveit_exceptions.so.2.5.9
[4.744s] -- Up-to-date: /home/locobot/LoCoBotRos/interbotix_ws/install/moveit_core/lib/libmoveit_exceptions.so
[4.745s] -- Up-to-date: /home/locobot/LoCoBotRos/interbotix_ws/install/moveit_core/lib/libmoveit_kinematics_base.so
[4.745s] -- Up-to-date: /home/locobot/LoCoBotRos/interbotix_ws/install/moveit_core/lib/libmoveit_kinematic_constraints.so.2.5.9
[4.746s] -- Up-to-date: /home/locobot/LoCoBotRos/interbotix_ws/install/moveit_core/lib/libmoveit_kinematic_constraints.so
[4.746s] -- Up-to-date: /home/locobot/LoCoBotRos/interbotix_ws/install/moveit_core/lib/libmoveit_kinematics_metrics.so.2.5.9
[4.747s] -- Up-to-date: /home/locobot/LoCoBotRos/interbotix_ws/install/moveit_core/lib/libmoveit_kinematics_metrics.so
[4.747s] -- Up-to-date: /home/locobot/LoCoBotRos/interbotix_ws/install/moveit_core/lib/libmoveit_planning_interface.so.2.5.9
[4.748s] -- Up-to-date: /home/locobot/LoCoBotRos/interbotix_ws/install/moveit_core/lib/libmoveit_planning_interface.so
[4.748s] -- Up-to-date: /home/locobot/LoCoBotRos/interbotix_ws/install/moveit_core/lib/libmoveit_planning_scene.so.2.5.9
[4.748s] -- Up-to-date: /home/locobot/LoCoBotRos/interbotix_ws/install/moveit_core/lib/libmoveit_planning_scene.so
[4.749s] -- Up-to-date: /home/locobot/LoCoBotRos/interbotix_ws/install/moveit_core/lib/libmoveit_planning_request_adapter.so.2.5.9
[4.749s] -- Up-to-date: /home/locobot/LoCoBotRos/interbotix_ws/install/moveit_core/lib/libmoveit_planning_request_adapter.so
[4.750s] -- Up-to-date: /home/locobot/LoCoBotRos/interbotix_ws/install/moveit_core/lib/libmoveit_robot_model.so.2.5.9
[4.750s] -- Up-to-date: /home/locobot/LoCoBotRos/interbotix_ws/install/moveit_core/lib/libmoveit_robot_model.so
[4.751s] -- Up-to-date: /home/locobot/LoCoBotRos/interbotix_ws/install/moveit_core/lib/libmoveit_robot_state.so.2.5.9
[4.751s] -- Up-to-date: /home/locobot/LoCoBotRos/interbotix_ws/install/moveit_core/lib/libmoveit_robot_state.so
[4.752s] -- Up-to-date: /home/locobot/LoCoBotRos/interbotix_ws/install/moveit_core/lib/libmoveit_robot_trajectory.so.2.5.9
[4.752s] -- Up-to-date: /home/locobot/LoCoBotRos/interbotix_ws/install/moveit_core/lib/libmoveit_robot_trajectory.so
[4.753s] -- Up-to-date: /home/locobot/LoCoBotRos/interbotix_ws/install/moveit_core/lib/libmoveit_smoothing_base.so.2.5.9
[4.753s] -- Up-to-date: /home/locobot/LoCoBotRos/interbotix_ws/install/moveit_core/lib/libmoveit_smoothing_base.so
[4.753s] -- Up-to-date: /home/locobot/LoCoBotRos/interbotix_ws/install/moveit_core/lib/libmoveit_test_utils.so.2.5.9
[4.753s] -- Up-to-date: /home/locobot/LoCoBotRos/interbotix_ws/install/moveit_core/lib/libmoveit_test_utils.so
[4.756s] -- Up-to-date: /home/locobot/LoCoBotRos/interbotix_ws/install/moveit_core/lib/libmoveit_trajectory_processing.so.2.5.9
[4.756s] -- Up-to-date: /home/locobot/LoCoBotRos/interbotix_ws/install/moveit_core/lib/libmoveit_trajectory_processing.so
[4.757s] -- Up-to-date: /home/locobot/LoCoBotRos/interbotix_ws/install/moveit_core/lib/libmoveit_transforms.so.2.5.9
[4.757s] -- Up-to-date: /home/locobot/LoCoBotRos/interbotix_ws/install/moveit_core/lib/libmoveit_transforms.so
[4.757s] -- Up-to-date: /home/locobot/LoCoBotRos/interbotix_ws/install/moveit_core/lib/libmoveit_utils.so.2.5.9
[4.757s] -- Up-to-date: /home/locobot/LoCoBotRos/interbotix_ws/install/moveit_core/lib/libmoveit_utils.so
[4.757s] -- Up-to-date: /home/locobot/LoCoBotRos/interbotix_ws/install/moveit_core/share/moveit_core/environment/library_path.sh
[4.757s] -- Installing: /home/locobot/LoCoBotRos/interbotix_ws/install/moveit_core/share/moveit_core/environment/library_path.dsv
[4.757s] -- Up-to-date: /home/locobot/LoCoBotRos/interbotix_ws/install/moveit_core/share/moveit_core/collision_detector_fcl_description.xml
[4.757s] -- Up-to-date: /home/locobot/LoCoBotRos/interbotix_ws/install/moveit_core/share/moveit_core/collision_detector_bullet_description.xml
[4.757s] -- Up-to-date: /home/locobot/LoCoBotRos/interbotix_ws/install/moveit_core/share/moveit_core/filter_plugin_butterworth.xml
[4.757s] -- Up-to-date: /home/locobot/LoCoBotRos/interbotix_ws/install/moveit_core/share/ament_index/resource_index/package_run_dependencies/moveit_core
[4.757s] -- Up-to-date: /home/locobot/LoCoBotRos/interbotix_ws/install/moveit_core/share/ament_index/resource_index/parent_prefix_path/moveit_core
[4.758s] -- Up-to-date: /home/locobot/LoCoBotRos/interbotix_ws/install/moveit_core/share/moveit_core/environment/ament_prefix_path.sh
[4.758s] -- Installing: /home/locobot/LoCoBotRos/interbotix_ws/install/moveit_core/share/moveit_core/environment/ament_prefix_path.dsv
[4.758s] -- Up-to-date: /home/locobot/LoCoBotRos/interbotix_ws/install/moveit_core/share/moveit_core/environment/path.sh
[4.758s] -- Installing: /home/locobot/LoCoBotRos/interbotix_ws/install/moveit_core/share/moveit_core/environment/path.dsv
[4.758s] -- Up-to-date: /home/locobot/LoCoBotRos/interbotix_ws/install/moveit_core/share/moveit_core/local_setup.bash
[4.758s] -- Up-to-date: /home/locobot/LoCoBotRos/interbotix_ws/install/moveit_core/share/moveit_core/local_setup.sh
[4.758s] -- Up-to-date: /home/locobot/LoCoBotRos/interbotix_ws/install/moveit_core/share/moveit_core/local_setup.zsh
[4.758s] -- Installing: /home/locobot/LoCoBotRos/interbotix_ws/install/moveit_core/share/moveit_core/local_setup.dsv
[4.758s] -- Installing: /home/locobot/LoCoBotRos/interbotix_ws/install/moveit_core/share/moveit_core/package.dsv
[4.758s] -- Up-to-date: /home/locobot/LoCoBotRos/interbotix_ws/install/moveit_core/share/ament_index/resource_index/packages/moveit_core
[4.758s] -- Up-to-date: /home/locobot/LoCoBotRos/interbotix_ws/install/moveit_core/share/ament_index/resource_index/moveit_core__pluginlib__plugin/moveit_core
[4.758s] -- Up-to-date: /home/locobot/LoCoBotRos/interbotix_ws/install/moveit_core/share/moveit_core/cmake/export_moveit_coreExport.cmake
[4.759s] -- Up-to-date: /home/locobot/LoCoBotRos/interbotix_ws/install/moveit_core/share/moveit_core/cmake/export_moveit_coreExport-release.cmake
[4.759s] -- Up-to-date: /home/locobot/LoCoBotRos/interbotix_ws/install/moveit_core/share/moveit_core/cmake/ConfigExtras.cmake
[4.759s] -- Up-to-date: /home/locobot/LoCoBotRos/interbotix_ws/install/moveit_core/share/moveit_core/cmake/ament_cmake_export_targets-extras.cmake
[4.759s] -- Up-to-date: /home/locobot/LoCoBotRos/interbotix_ws/install/moveit_core/share/moveit_core/cmake/ament_cmake_export_dependencies-extras.cmake
[4.759s] -- Up-to-date: /home/locobot/LoCoBotRos/interbotix_ws/install/moveit_core/share/moveit_core/cmake/moveit_coreConfig.cmake
[4.759s] -- Up-to-date: /home/locobot/LoCoBotRos/interbotix_ws/install/moveit_core/share/moveit_core/cmake/moveit_coreConfig-version.cmake
[4.759s] -- Up-to-date: /home/locobot/LoCoBotRos/interbotix_ws/install/moveit_core/share/moveit_core/package.xml
[4.760s] Invoked command in '/home/locobot/LoCoBotRos/interbotix_ws/build/moveit_core' returned '0': AMENT_PREFIX_PATH=/home/locobot/LoCoBotRos/interbotix_ws/install/moveit_resources_panda_moveit_config:/home/locobot/LoCoBotRos/interbotix_ws/install/srdfdom:/home/locobot/LoCoBotRos/interbotix_ws/install/moveit_resources_pr2_description:/home/locobot/LoCoBotRos/interbotix_ws/install/moveit_resources_panda_description:/home/locobot/LoCoBotRos/interbotix_ws/install/moveit_common:${AMENT_PREFIX_PATH} CMAKE_PREFIX_PATH=/home/locobot/LoCoBotRos/interbotix_ws/install/moveit_resources_panda_moveit_config:/home/locobot/LoCoBotRos/interbotix_ws/install/srdfdom:/home/locobot/LoCoBotRos/interbotix_ws/install/moveit_resources_pr2_description:/home/locobot/LoCoBotRos/interbotix_ws/install/moveit_resources_panda_description:/home/locobot/LoCoBotRos/interbotix_ws/install/moveit_common:/home/locobot/apriltag_ws/install/apriltag_ros:/opt/ros/humble LD_LIBRARY_PATH=/home/locobot/LoCoBotRos/interbotix_ws/install/srdfdom/lib:${LD_LIBRARY_PATH} PYTHONPATH=/home/locobot/LoCoBotRos/interbotix_ws/install/srdfdom/local/lib/python3.10/dist-packages:${PYTHONPATH} /usr/bin/cmake --install /home/locobot/LoCoBotRos/interbotix_ws/build/moveit_core
