[0.339s] Invoking command in '/home/rowanfoxx/Documents/GitHub/LoCoBotRos/build/turtlesim': CMAKE_PREFIX_PATH=${CMAKE_PREFIX_PATH}:/home/rowanfoxx/ros2_jazzy/install/rqt_bag_plugins:/home/rowanfoxx/ros2_jazzy/install/rqt_bag:/home/rowanfoxx/ros2_jazzy/install/rosbag2_examples_py:/home/rowanfoxx/ros2_jazzy/install/launch_testing_examples:/home/rowanfoxx/ros2_jazzy/install/ros2bag:/home/rowanfoxx/ros2_jazzy/install/tracetools_test:/home/rowanfoxx/ros2_jazzy/install/tracetools_launch:/home/rowanfoxx/ros2_jazzy/install/topic_monitor:/home/rowanfoxx/ros2_jazzy/install/tf2_tools:/home/rowanfoxx/ros2_jazzy/install/examples_tf2_py:/home/rowanfoxx/ros2_jazzy/install/tf2_ros_py:/home/rowanfoxx/ros2_jazzy/install/examples_rclpy_pointcloud_publisher:/home/rowanfoxx/ros2_jazzy/install/sensor_msgs_py:/home/rowanfoxx/ros2_jazzy/install/quality_of_service_demo_py:/home/rowanfoxx/ros2_jazzy/install/camera_info_manager_py:/home/rowanfoxx/ros2_jazzy/install/rqt_plot:/home/rowanfoxx/ros2_jazzy/install/ros2doctor:/home/rowanfoxx/ros2_jazzy/install/lifecycle_py:/home/rowanfoxx/ros2_jazzy/install/examples_rclpy_minimal_subscriber:/home/rowanfoxx/ros2_jazzy/install/examples_rclpy_minimal_service:/home/rowanfoxx/ros2_jazzy/install/examples_rclpy_minimal_publisher:/home/rowanfoxx/ros2_jazzy/install/examples_rclpy_minimal_client:/home/rowanfoxx/ros2_jazzy/install/examples_rclpy_executors:/home/rowanfoxx/ros2_jazzy/install/demo_nodes_py:/home/rowanfoxx/ros2_jazzy/install/rqt:/home/rowanfoxx/ros2_jazzy/install/ros2component:/home/rowanfoxx/ros2_jazzy/install/sros2:/home/rowanfoxx/ros2_jazzy/install/rqt_topic:/home/rowanfoxx/ros2_jazzy/install/rqt_srv:/home/rowanfoxx/ros2_jazzy/install/rqt_shell:/home/rowanfoxx/ros2_jazzy/install/rqt_service_caller:/home/rowanfoxx/ros2_jazzy/install/rqt_reconfigure:/home/rowanfoxx/ros2_jazzy/install/rqt_py_console:/home/rowanfoxx/ros2_jazzy/install/rqt_publisher:/home/rowanfoxx/ros2_jazzy/install/rqt_action:/home/rowanfoxx/ros2_jazzy/install/rqt_msg:/home/rowanfoxx/ros2_jazzy/install/rqt_console:/home/rowanfoxx/ros2_jazzy/install/rqt_graph:/home/rowanfoxx/ros2_jazzy/install/rqt_gui_py:/home/rowanfoxx/ros2_jazzy/install/rqt_gui:/home/rowanfoxx/ros2_jazzy/install/ros2trace:/home/rowanfoxx/ros2_jazzy/install/ros2param:/home/rowanfoxx/ros2_jazzy/install/ros2lifecycle:/home/rowanfoxx/ros2_jazzy/install/ros2service:/home/rowanfoxx/ros2_jazzy/install/ros2topic:/home/rowanfoxx/ros2_jazzy/install/ros2test:/home/rowanfoxx/ros2_jazzy/install/ros2run:/home/rowanfoxx/ros2_jazzy/install/ros2launch:/home/rowanfoxx/ros2_jazzy/install/ros2pkg:/home/rowanfoxx/ros2_jazzy/install/ros2node:/home/rowanfoxx/ros2_jazzy/install/ros2multicast:/home/rowanfoxx/ros2_jazzy/install/ros2interface:/home/rowanfoxx/ros2_jazzy/install/ros2action:/home/rowanfoxx/ros2_jazzy/install/ros2cli:/home/rowanfoxx/ros2_jazzy/install/launch_testing_ros:/home/rowanfoxx/ros2_jazzy/install/launch_ros:/home/rowanfoxx/ros2_jazzy/install/examples_rclpy_minimal_action_server:/home/rowanfoxx/ros2_jazzy/install/examples_rclpy_minimal_action_client:/home/rowanfoxx/ros2_jazzy/install/examples_rclpy_guard_conditions:/home/rowanfoxx/ros2_jazzy/install/action_tutorials_py:/home/rowanfoxx/ros2_jazzy/install/ament_uncrustify:/home/rowanfoxx/ros2_jazzy/install/tracetools_trace:/home/rowanfoxx/ros2_jazzy/install/tracetools_read:/home/rowanfoxx/ros2_jazzy/install/test_tracetools_launch:/home/rowanfoxx/ros2_jazzy/install/test_ros2trace:/home/rowanfoxx/ros2_jazzy/install/test_launch_ros:/home/rowanfoxx/ros2_jazzy/install/rpyutils:/home/rowanfoxx/ros2_jazzy/install/rosidl_runtime_py:/home/rowanfoxx/ros2_jazzy/install/rosidl_pycommon:/home/rowanfoxx/ros2_jazzy/install/rosidl_cli:/home/rowanfoxx/ros2_jazzy/install/launch_pytest:/home/rowanfoxx/ros2_jazzy/install/launch_testing:/home/rowanfoxx/ros2_jazzy/install/launch_yaml:/home/rowanfoxx/ros2_jazzy/install/launch_xml:/home/rowanfoxx/ros2_jazzy/install/launch:/home/rowanfoxx/ros2_jazzy/install/osrf_pycommon:/home/rowanfoxx/ros2_jazzy/install/domain_coordinator:/home/rowanfoxx/ros2_jazzy/install/ament_xmllint:/home/rowanfoxx/ros2_jazzy/install/ament_pyflakes:/home/rowanfoxx/ros2_jazzy/install/ament_pycodestyle:/home/rowanfoxx/ros2_jazzy/install/ament_pep257:/home/rowanfoxx/ros2_jazzy/install/ament_pclint:/home/rowanfoxx/ros2_jazzy/install/ament_package:/home/rowanfoxx/ros2_jazzy/install/ament_mypy:/home/rowanfoxx/ros2_jazzy/install/ament_lint_cmake:/home/rowanfoxx/ros2_jazzy/install/ament_flake8:/home/rowanfoxx/ros2_jazzy/install/ament_copyright:/home/rowanfoxx/ros2_jazzy/install/ament_lint:/home/rowanfoxx/ros2_jazzy/install/ament_index_python:/home/rowanfoxx/ros2_jazzy/install/ament_cpplint:/home/rowanfoxx/ros2_jazzy/install/ament_cppcheck:/home/rowanfoxx/ros2_jazzy/install/ament_clang_tidy:/home/rowanfoxx/ros2_jazzy/install/ament_clang_format DEBUGINFOD_URLS=https://debuginfod.fedoraproject.org/ _=/usr/bin/env /usr/bin/cmake --build /home/rowanfoxx/Documents/GitHub/LoCoBotRos/build/turtlesim -- -j16 -l16
[0.409s] [  0%] Built target turtlesim__rosidl_generator_type_description
[0.421s] [  0%] Built target ament_cmake_python_copy_turtlesim
[0.435s] [  1%] Built target turtlesim__cpp
[0.438s] [ 24%] Built target turtlesim__rosidl_generator_c
[0.468s] [ 40%] Built target turtlesim__rosidl_typesupport_introspection_cpp
[0.468s] [ 41%] Built target turtlesim__rosidl_typesupport_cpp
[0.470s] [ 50%] Built target turtlesim__rosidl_typesupport_introspection_c
[0.475s] [ 58%] Built target turtlesim__rosidl_typesupport_fastrtps_c
[0.478s] [ 67%] Built target turtlesim__rosidl_typesupport_fastrtps_cpp
[0.482s] [ 76%] Built target turtlesim__rosidl_typesupport_c
[0.501s] [ 78%] Built target turtle_teleop_key
[0.501s] [ 79%] Built target draw_square
[0.511s] [ 81%] Built target mimic
[0.516s] [ 82%] Built target turtlesim
[0.516s] [ 86%] Built target turtlesim_node
[0.544s] [ 86%] Built target turtlesim__py
[0.576s] [ 94%] Built target turtlesim__rosidl_generator_py
[0.606s] [ 96%] Built target turtlesim_s__rosidl_typesupport_c
[0.606s] [ 98%] Built target turtlesim_s__rosidl_typesupport_introspection_c
[0.609s] [100%] Built target turtlesim_s__rosidl_typesupport_fastrtps_c
[0.752s] running egg_info
[0.775s] writing turtlesim.egg-info/PKG-INFO
[0.775s] writing dependency_links to turtlesim.egg-info/dependency_links.txt
[0.775s] writing top-level names to turtlesim.egg-info/top_level.txt
[0.843s] reading manifest file 'turtlesim.egg-info/SOURCES.txt'
[0.843s] writing manifest file 'turtlesim.egg-info/SOURCES.txt'
[0.875s] [100%] Built target ament_cmake_python_build_turtlesim_egg
[0.888s] Invoked command in '/home/rowanfoxx/Documents/GitHub/LoCoBotRos/build/turtlesim' returned '0': CMAKE_PREFIX_PATH=${CMAKE_PREFIX_PATH}:/home/rowanfoxx/ros2_jazzy/install/rqt_bag_plugins:/home/rowanfoxx/ros2_jazzy/install/rqt_bag:/home/rowanfoxx/ros2_jazzy/install/rosbag2_examples_py:/home/rowanfoxx/ros2_jazzy/install/launch_testing_examples:/home/rowanfoxx/ros2_jazzy/install/ros2bag:/home/rowanfoxx/ros2_jazzy/install/tracetools_test:/home/rowanfoxx/ros2_jazzy/install/tracetools_launch:/home/rowanfoxx/ros2_jazzy/install/topic_monitor:/home/rowanfoxx/ros2_jazzy/install/tf2_tools:/home/rowanfoxx/ros2_jazzy/install/examples_tf2_py:/home/rowanfoxx/ros2_jazzy/install/tf2_ros_py:/home/rowanfoxx/ros2_jazzy/install/examples_rclpy_pointcloud_publisher:/home/rowanfoxx/ros2_jazzy/install/sensor_msgs_py:/home/rowanfoxx/ros2_jazzy/install/quality_of_service_demo_py:/home/rowanfoxx/ros2_jazzy/install/camera_info_manager_py:/home/rowanfoxx/ros2_jazzy/install/rqt_plot:/home/rowanfoxx/ros2_jazzy/install/ros2doctor:/home/rowanfoxx/ros2_jazzy/install/lifecycle_py:/home/rowanfoxx/ros2_jazzy/install/examples_rclpy_minimal_subscriber:/home/rowanfoxx/ros2_jazzy/install/examples_rclpy_minimal_service:/home/rowanfoxx/ros2_jazzy/install/examples_rclpy_minimal_publisher:/home/rowanfoxx/ros2_jazzy/install/examples_rclpy_minimal_client:/home/rowanfoxx/ros2_jazzy/install/examples_rclpy_executors:/home/rowanfoxx/ros2_jazzy/install/demo_nodes_py:/home/rowanfoxx/ros2_jazzy/install/rqt:/home/rowanfoxx/ros2_jazzy/install/ros2component:/home/rowanfoxx/ros2_jazzy/install/sros2:/home/rowanfoxx/ros2_jazzy/install/rqt_topic:/home/rowanfoxx/ros2_jazzy/install/rqt_srv:/home/rowanfoxx/ros2_jazzy/install/rqt_shell:/home/rowanfoxx/ros2_jazzy/install/rqt_service_caller:/home/rowanfoxx/ros2_jazzy/install/rqt_reconfigure:/home/rowanfoxx/ros2_jazzy/install/rqt_py_console:/home/rowanfoxx/ros2_jazzy/install/rqt_publisher:/home/rowanfoxx/ros2_jazzy/install/rqt_action:/home/rowanfoxx/ros2_jazzy/install/rqt_msg:/home/rowanfoxx/ros2_jazzy/install/rqt_console:/home/rowanfoxx/ros2_jazzy/install/rqt_graph:/home/rowanfoxx/ros2_jazzy/install/rqt_gui_py:/home/rowanfoxx/ros2_jazzy/install/rqt_gui:/home/rowanfoxx/ros2_jazzy/install/ros2trace:/home/rowanfoxx/ros2_jazzy/install/ros2param:/home/rowanfoxx/ros2_jazzy/install/ros2lifecycle:/home/rowanfoxx/ros2_jazzy/install/ros2service:/home/rowanfoxx/ros2_jazzy/install/ros2topic:/home/rowanfoxx/ros2_jazzy/install/ros2test:/home/rowanfoxx/ros2_jazzy/install/ros2run:/home/rowanfoxx/ros2_jazzy/install/ros2launch:/home/rowanfoxx/ros2_jazzy/install/ros2pkg:/home/rowanfoxx/ros2_jazzy/install/ros2node:/home/rowanfoxx/ros2_jazzy/install/ros2multicast:/home/rowanfoxx/ros2_jazzy/install/ros2interface:/home/rowanfoxx/ros2_jazzy/install/ros2action:/home/rowanfoxx/ros2_jazzy/install/ros2cli:/home/rowanfoxx/ros2_jazzy/install/launch_testing_ros:/home/rowanfoxx/ros2_jazzy/install/launch_ros:/home/rowanfoxx/ros2_jazzy/install/examples_rclpy_minimal_action_server:/home/rowanfoxx/ros2_jazzy/install/examples_rclpy_minimal_action_client:/home/rowanfoxx/ros2_jazzy/install/examples_rclpy_guard_conditions:/home/rowanfoxx/ros2_jazzy/install/action_tutorials_py:/home/rowanfoxx/ros2_jazzy/install/ament_uncrustify:/home/rowanfoxx/ros2_jazzy/install/tracetools_trace:/home/rowanfoxx/ros2_jazzy/install/tracetools_read:/home/rowanfoxx/ros2_jazzy/install/test_tracetools_launch:/home/rowanfoxx/ros2_jazzy/install/test_ros2trace:/home/rowanfoxx/ros2_jazzy/install/test_launch_ros:/home/rowanfoxx/ros2_jazzy/install/rpyutils:/home/rowanfoxx/ros2_jazzy/install/rosidl_runtime_py:/home/rowanfoxx/ros2_jazzy/install/rosidl_pycommon:/home/rowanfoxx/ros2_jazzy/install/rosidl_cli:/home/rowanfoxx/ros2_jazzy/install/launch_pytest:/home/rowanfoxx/ros2_jazzy/install/launch_testing:/home/rowanfoxx/ros2_jazzy/install/launch_yaml:/home/rowanfoxx/ros2_jazzy/install/launch_xml:/home/rowanfoxx/ros2_jazzy/install/launch:/home/rowanfoxx/ros2_jazzy/install/osrf_pycommon:/home/rowanfoxx/ros2_jazzy/install/domain_coordinator:/home/rowanfoxx/ros2_jazzy/install/ament_xmllint:/home/rowanfoxx/ros2_jazzy/install/ament_pyflakes:/home/rowanfoxx/ros2_jazzy/install/ament_pycodestyle:/home/rowanfoxx/ros2_jazzy/install/ament_pep257:/home/rowanfoxx/ros2_jazzy/install/ament_pclint:/home/rowanfoxx/ros2_jazzy/install/ament_package:/home/rowanfoxx/ros2_jazzy/install/ament_mypy:/home/rowanfoxx/ros2_jazzy/install/ament_lint_cmake:/home/rowanfoxx/ros2_jazzy/install/ament_flake8:/home/rowanfoxx/ros2_jazzy/install/ament_copyright:/home/rowanfoxx/ros2_jazzy/install/ament_lint:/home/rowanfoxx/ros2_jazzy/install/ament_index_python:/home/rowanfoxx/ros2_jazzy/install/ament_cpplint:/home/rowanfoxx/ros2_jazzy/install/ament_cppcheck:/home/rowanfoxx/ros2_jazzy/install/ament_clang_tidy:/home/rowanfoxx/ros2_jazzy/install/ament_clang_format DEBUGINFOD_URLS=https://debuginfod.fedoraproject.org/ _=/usr/bin/env /usr/bin/cmake --build /home/rowanfoxx/Documents/GitHub/LoCoBotRos/build/turtlesim -- -j16 -l16
[0.897s] Invoking command in '/home/rowanfoxx/Documents/GitHub/LoCoBotRos/build/turtlesim': CMAKE_PREFIX_PATH=${CMAKE_PREFIX_PATH}:/home/rowanfoxx/ros2_jazzy/install/rqt_bag_plugins:/home/rowanfoxx/ros2_jazzy/install/rqt_bag:/home/rowanfoxx/ros2_jazzy/install/rosbag2_examples_py:/home/rowanfoxx/ros2_jazzy/install/launch_testing_examples:/home/rowanfoxx/ros2_jazzy/install/ros2bag:/home/rowanfoxx/ros2_jazzy/install/tracetools_test:/home/rowanfoxx/ros2_jazzy/install/tracetools_launch:/home/rowanfoxx/ros2_jazzy/install/topic_monitor:/home/rowanfoxx/ros2_jazzy/install/tf2_tools:/home/rowanfoxx/ros2_jazzy/install/examples_tf2_py:/home/rowanfoxx/ros2_jazzy/install/tf2_ros_py:/home/rowanfoxx/ros2_jazzy/install/examples_rclpy_pointcloud_publisher:/home/rowanfoxx/ros2_jazzy/install/sensor_msgs_py:/home/rowanfoxx/ros2_jazzy/install/quality_of_service_demo_py:/home/rowanfoxx/ros2_jazzy/install/camera_info_manager_py:/home/rowanfoxx/ros2_jazzy/install/rqt_plot:/home/rowanfoxx/ros2_jazzy/install/ros2doctor:/home/rowanfoxx/ros2_jazzy/install/lifecycle_py:/home/rowanfoxx/ros2_jazzy/install/examples_rclpy_minimal_subscriber:/home/rowanfoxx/ros2_jazzy/install/examples_rclpy_minimal_service:/home/rowanfoxx/ros2_jazzy/install/examples_rclpy_minimal_publisher:/home/rowanfoxx/ros2_jazzy/install/examples_rclpy_minimal_client:/home/rowanfoxx/ros2_jazzy/install/examples_rclpy_executors:/home/rowanfoxx/ros2_jazzy/install/demo_nodes_py:/home/rowanfoxx/ros2_jazzy/install/rqt:/home/rowanfoxx/ros2_jazzy/install/ros2component:/home/rowanfoxx/ros2_jazzy/install/sros2:/home/rowanfoxx/ros2_jazzy/install/rqt_topic:/home/rowanfoxx/ros2_jazzy/install/rqt_srv:/home/rowanfoxx/ros2_jazzy/install/rqt_shell:/home/rowanfoxx/ros2_jazzy/install/rqt_service_caller:/home/rowanfoxx/ros2_jazzy/install/rqt_reconfigure:/home/rowanfoxx/ros2_jazzy/install/rqt_py_console:/home/rowanfoxx/ros2_jazzy/install/rqt_publisher:/home/rowanfoxx/ros2_jazzy/install/rqt_action:/home/rowanfoxx/ros2_jazzy/install/rqt_msg:/home/rowanfoxx/ros2_jazzy/install/rqt_console:/home/rowanfoxx/ros2_jazzy/install/rqt_graph:/home/rowanfoxx/ros2_jazzy/install/rqt_gui_py:/home/rowanfoxx/ros2_jazzy/install/rqt_gui:/home/rowanfoxx/ros2_jazzy/install/ros2trace:/home/rowanfoxx/ros2_jazzy/install/ros2param:/home/rowanfoxx/ros2_jazzy/install/ros2lifecycle:/home/rowanfoxx/ros2_jazzy/install/ros2service:/home/rowanfoxx/ros2_jazzy/install/ros2topic:/home/rowanfoxx/ros2_jazzy/install/ros2test:/home/rowanfoxx/ros2_jazzy/install/ros2run:/home/rowanfoxx/ros2_jazzy/install/ros2launch:/home/rowanfoxx/ros2_jazzy/install/ros2pkg:/home/rowanfoxx/ros2_jazzy/install/ros2node:/home/rowanfoxx/ros2_jazzy/install/ros2multicast:/home/rowanfoxx/ros2_jazzy/install/ros2interface:/home/rowanfoxx/ros2_jazzy/install/ros2action:/home/rowanfoxx/ros2_jazzy/install/ros2cli:/home/rowanfoxx/ros2_jazzy/install/launch_testing_ros:/home/rowanfoxx/ros2_jazzy/install/launch_ros:/home/rowanfoxx/ros2_jazzy/install/examples_rclpy_minimal_action_server:/home/rowanfoxx/ros2_jazzy/install/examples_rclpy_minimal_action_client:/home/rowanfoxx/ros2_jazzy/install/examples_rclpy_guard_conditions:/home/rowanfoxx/ros2_jazzy/install/action_tutorials_py:/home/rowanfoxx/ros2_jazzy/install/ament_uncrustify:/home/rowanfoxx/ros2_jazzy/install/tracetools_trace:/home/rowanfoxx/ros2_jazzy/install/tracetools_read:/home/rowanfoxx/ros2_jazzy/install/test_tracetools_launch:/home/rowanfoxx/ros2_jazzy/install/test_ros2trace:/home/rowanfoxx/ros2_jazzy/install/test_launch_ros:/home/rowanfoxx/ros2_jazzy/install/rpyutils:/home/rowanfoxx/ros2_jazzy/install/rosidl_runtime_py:/home/rowanfoxx/ros2_jazzy/install/rosidl_pycommon:/home/rowanfoxx/ros2_jazzy/install/rosidl_cli:/home/rowanfoxx/ros2_jazzy/install/launch_pytest:/home/rowanfoxx/ros2_jazzy/install/launch_testing:/home/rowanfoxx/ros2_jazzy/install/launch_yaml:/home/rowanfoxx/ros2_jazzy/install/launch_xml:/home/rowanfoxx/ros2_jazzy/install/launch:/home/rowanfoxx/ros2_jazzy/install/osrf_pycommon:/home/rowanfoxx/ros2_jazzy/install/domain_coordinator:/home/rowanfoxx/ros2_jazzy/install/ament_xmllint:/home/rowanfoxx/ros2_jazzy/install/ament_pyflakes:/home/rowanfoxx/ros2_jazzy/install/ament_pycodestyle:/home/rowanfoxx/ros2_jazzy/install/ament_pep257:/home/rowanfoxx/ros2_jazzy/install/ament_pclint:/home/rowanfoxx/ros2_jazzy/install/ament_package:/home/rowanfoxx/ros2_jazzy/install/ament_mypy:/home/rowanfoxx/ros2_jazzy/install/ament_lint_cmake:/home/rowanfoxx/ros2_jazzy/install/ament_flake8:/home/rowanfoxx/ros2_jazzy/install/ament_copyright:/home/rowanfoxx/ros2_jazzy/install/ament_lint:/home/rowanfoxx/ros2_jazzy/install/ament_index_python:/home/rowanfoxx/ros2_jazzy/install/ament_cpplint:/home/rowanfoxx/ros2_jazzy/install/ament_cppcheck:/home/rowanfoxx/ros2_jazzy/install/ament_clang_tidy:/home/rowanfoxx/ros2_jazzy/install/ament_clang_format DEBUGINFOD_URLS=https://debuginfod.fedoraproject.org/ _=/usr/bin/env /usr/bin/cmake --install /home/rowanfoxx/Documents/GitHub/LoCoBotRos/build/turtlesim
[0.906s] -- Install configuration: ""
[0.906s] -- Up-to-date: /home/rowanfoxx/Documents/GitHub/LoCoBotRos/install/turtlesim/share/ament_index/resource_index/rosidl_interfaces/turtlesim
[0.906s] -- Up-to-date: /home/rowanfoxx/Documents/GitHub/LoCoBotRos/install/turtlesim/share/turtlesim/action/RotateAbsolute.json
[0.907s] -- Up-to-date: /home/rowanfoxx/Documents/GitHub/LoCoBotRos/install/turtlesim/share/turtlesim/msg/Color.json
[0.907s] -- Up-to-date: /home/rowanfoxx/Documents/GitHub/LoCoBotRos/install/turtlesim/share/turtlesim/msg/Pose.json
[0.907s] -- Up-to-date: /home/rowanfoxx/Documents/GitHub/LoCoBotRos/install/turtlesim/share/turtlesim/srv/Kill.json
[0.907s] -- Up-to-date: /home/rowanfoxx/Documents/GitHub/LoCoBotRos/install/turtlesim/share/turtlesim/srv/SetPen.json
[0.907s] -- Up-to-date: /home/rowanfoxx/Documents/GitHub/LoCoBotRos/install/turtlesim/share/turtlesim/srv/Spawn.json
[0.907s] -- Up-to-date: /home/rowanfoxx/Documents/GitHub/LoCoBotRos/install/turtlesim/share/turtlesim/srv/TeleportAbsolute.json
[0.907s] -- Up-to-date: /home/rowanfoxx/Documents/GitHub/LoCoBotRos/install/turtlesim/share/turtlesim/srv/TeleportRelative.json
[0.907s] -- Up-to-date: /home/rowanfoxx/Documents/GitHub/LoCoBotRos/install/turtlesim/include/turtlesim/turtlesim
[0.907s] -- Up-to-date: /home/rowanfoxx/Documents/GitHub/LoCoBotRos/install/turtlesim/include/turtlesim/turtlesim/msg
[0.907s] -- Up-to-date: /home/rowanfoxx/Documents/GitHub/LoCoBotRos/install/turtlesim/include/turtlesim/turtlesim/msg/rosidl_generator_c__visibility_control.h
[0.907s] -- Up-to-date: /home/rowanfoxx/Documents/GitHub/LoCoBotRos/install/turtlesim/include/turtlesim/turtlesim/msg/color.h
[0.907s] -- Up-to-date: /home/rowanfoxx/Documents/GitHub/LoCoBotRos/install/turtlesim/include/turtlesim/turtlesim/msg/detail
[0.907s] -- Up-to-date: /home/rowanfoxx/Documents/GitHub/LoCoBotRos/install/turtlesim/include/turtlesim/turtlesim/msg/detail/color__description.c
[0.907s] -- Up-to-date: /home/rowanfoxx/Documents/GitHub/LoCoBotRos/install/turtlesim/include/turtlesim/turtlesim/msg/detail/color__functions.c
[0.907s] -- Up-to-date: /home/rowanfoxx/Documents/GitHub/LoCoBotRos/install/turtlesim/include/turtlesim/turtlesim/msg/detail/color__functions.h
[0.907s] -- Up-to-date: /home/rowanfoxx/Documents/GitHub/LoCoBotRos/install/turtlesim/include/turtlesim/turtlesim/msg/detail/color__struct.h
[0.907s] -- Up-to-date: /home/rowanfoxx/Documents/GitHub/LoCoBotRos/install/turtlesim/include/turtlesim/turtlesim/msg/detail/color__type_support.c
[0.907s] -- Up-to-date: /home/rowanfoxx/Documents/GitHub/LoCoBotRos/install/turtlesim/include/turtlesim/turtlesim/msg/detail/color__type_support.h
[0.907s] -- Up-to-date: /home/rowanfoxx/Documents/GitHub/LoCoBotRos/install/turtlesim/include/turtlesim/turtlesim/msg/detail/pose__description.c
[0.907s] -- Up-to-date: /home/rowanfoxx/Documents/GitHub/LoCoBotRos/install/turtlesim/include/turtlesim/turtlesim/msg/detail/pose__functions.c
[0.907s] -- Up-to-date: /home/rowanfoxx/Documents/GitHub/LoCoBotRos/install/turtlesim/include/turtlesim/turtlesim/msg/detail/pose__functions.h
[0.907s] -- Up-to-date: /home/rowanfoxx/Documents/GitHub/LoCoBotRos/install/turtlesim/include/turtlesim/turtlesim/msg/detail/pose__struct.h
[0.907s] -- Up-to-date: /home/rowanfoxx/Documents/GitHub/LoCoBotRos/install/turtlesim/include/turtlesim/turtlesim/msg/detail/pose__type_support.c
[0.908s] -- Up-to-date: /home/rowanfoxx/Documents/GitHub/LoCoBotRos/install/turtlesim/include/turtlesim/turtlesim/msg/detail/pose__type_support.h
[0.908s] -- Up-to-date: /home/rowanfoxx/Documents/GitHub/LoCoBotRos/install/turtlesim/include/turtlesim/turtlesim/msg/pose.h
[0.908s] -- Up-to-date: /home/rowanfoxx/Documents/GitHub/LoCoBotRos/install/turtlesim/include/turtlesim/turtlesim/action
[0.908s] -- Up-to-date: /home/rowanfoxx/Documents/GitHub/LoCoBotRos/install/turtlesim/include/turtlesim/turtlesim/action/rotate_absolute.h
[0.908s] -- Up-to-date: /home/rowanfoxx/Documents/GitHub/LoCoBotRos/install/turtlesim/include/turtlesim/turtlesim/action/detail
[0.908s] -- Up-to-date: /home/rowanfoxx/Documents/GitHub/LoCoBotRos/install/turtlesim/include/turtlesim/turtlesim/action/detail/rotate_absolute__description.c
[0.908s] -- Up-to-date: /home/rowanfoxx/Documents/GitHub/LoCoBotRos/install/turtlesim/include/turtlesim/turtlesim/action/detail/rotate_absolute__functions.c
[0.908s] -- Up-to-date: /home/rowanfoxx/Documents/GitHub/LoCoBotRos/install/turtlesim/include/turtlesim/turtlesim/action/detail/rotate_absolute__functions.h
[0.908s] -- Up-to-date: /home/rowanfoxx/Documents/GitHub/LoCoBotRos/install/turtlesim/include/turtlesim/turtlesim/action/detail/rotate_absolute__struct.h
[0.908s] -- Up-to-date: /home/rowanfoxx/Documents/GitHub/LoCoBotRos/install/turtlesim/include/turtlesim/turtlesim/action/detail/rotate_absolute__type_support.c
[0.908s] -- Up-to-date: /home/rowanfoxx/Documents/GitHub/LoCoBotRos/install/turtlesim/include/turtlesim/turtlesim/action/detail/rotate_absolute__type_support.h
[0.908s] -- Up-to-date: /home/rowanfoxx/Documents/GitHub/LoCoBotRos/install/turtlesim/include/turtlesim/turtlesim/srv
[0.908s] -- Up-to-date: /home/rowanfoxx/Documents/GitHub/LoCoBotRos/install/turtlesim/include/turtlesim/turtlesim/srv/kill.h
[0.908s] -- Up-to-date: /home/rowanfoxx/Documents/GitHub/LoCoBotRos/install/turtlesim/include/turtlesim/turtlesim/srv/detail
[0.908s] -- Up-to-date: /home/rowanfoxx/Documents/GitHub/LoCoBotRos/install/turtlesim/include/turtlesim/turtlesim/srv/detail/kill__description.c
[0.908s] -- Up-to-date: /home/rowanfoxx/Documents/GitHub/LoCoBotRos/install/turtlesim/include/turtlesim/turtlesim/srv/detail/kill__functions.c
[0.908s] -- Up-to-date: /home/rowanfoxx/Documents/GitHub/LoCoBotRos/install/turtlesim/include/turtlesim/turtlesim/srv/detail/kill__functions.h
[0.908s] -- Up-to-date: /home/rowanfoxx/Documents/GitHub/LoCoBotRos/install/turtlesim/include/turtlesim/turtlesim/srv/detail/kill__struct.h
[0.908s] -- Up-to-date: /home/rowanfoxx/Documents/GitHub/LoCoBotRos/install/turtlesim/include/turtlesim/turtlesim/srv/detail/kill__type_support.c
[0.908s] -- Up-to-date: /home/rowanfoxx/Documents/GitHub/LoCoBotRos/install/turtlesim/include/turtlesim/turtlesim/srv/detail/kill__type_support.h
[0.908s] -- Up-to-date: /home/rowanfoxx/Documents/GitHub/LoCoBotRos/install/turtlesim/include/turtlesim/turtlesim/srv/detail/set_pen__description.c
[0.908s] -- Up-to-date: /home/rowanfoxx/Documents/GitHub/LoCoBotRos/install/turtlesim/include/turtlesim/turtlesim/srv/detail/set_pen__functions.c
[0.908s] -- Up-to-date: /home/rowanfoxx/Documents/GitHub/LoCoBotRos/install/turtlesim/include/turtlesim/turtlesim/srv/detail/set_pen__functions.h
[0.908s] -- Up-to-date: /home/rowanfoxx/Documents/GitHub/LoCoBotRos/install/turtlesim/include/turtlesim/turtlesim/srv/detail/set_pen__struct.h
[0.909s] -- Up-to-date: /home/rowanfoxx/Documents/GitHub/LoCoBotRos/install/turtlesim/include/turtlesim/turtlesim/srv/detail/set_pen__type_support.c
[0.909s] -- Up-to-date: /home/rowanfoxx/Documents/GitHub/LoCoBotRos/install/turtlesim/include/turtlesim/turtlesim/srv/detail/set_pen__type_support.h
[0.909s] -- Up-to-date: /home/rowanfoxx/Documents/GitHub/LoCoBotRos/install/turtlesim/include/turtlesim/turtlesim/srv/detail/spawn__description.c
[0.909s] -- Up-to-date: /home/rowanfoxx/Documents/GitHub/LoCoBotRos/install/turtlesim/include/turtlesim/turtlesim/srv/detail/spawn__functions.c
[0.909s] -- Up-to-date: /home/rowanfoxx/Documents/GitHub/LoCoBotRos/install/turtlesim/include/turtlesim/turtlesim/srv/detail/spawn__functions.h
[0.909s] -- Up-to-date: /home/rowanfoxx/Documents/GitHub/LoCoBotRos/install/turtlesim/include/turtlesim/turtlesim/srv/detail/spawn__struct.h
[0.909s] -- Up-to-date: /home/rowanfoxx/Documents/GitHub/LoCoBotRos/install/turtlesim/include/turtlesim/turtlesim/srv/detail/spawn__type_support.c
[0.909s] -- Up-to-date: /home/rowanfoxx/Documents/GitHub/LoCoBotRos/install/turtlesim/include/turtlesim/turtlesim/srv/detail/spawn__type_support.h
[0.909s] -- Up-to-date: /home/rowanfoxx/Documents/GitHub/LoCoBotRos/install/turtlesim/include/turtlesim/turtlesim/srv/detail/teleport_absolute__description.c
[0.909s] -- Up-to-date: /home/rowanfoxx/Documents/GitHub/LoCoBotRos/install/turtlesim/include/turtlesim/turtlesim/srv/detail/teleport_absolute__functions.c
[0.909s] -- Up-to-date: /home/rowanfoxx/Documents/GitHub/LoCoBotRos/install/turtlesim/include/turtlesim/turtlesim/srv/detail/teleport_absolute__functions.h
[0.909s] -- Up-to-date: /home/rowanfoxx/Documents/GitHub/LoCoBotRos/install/turtlesim/include/turtlesim/turtlesim/srv/detail/teleport_absolute__struct.h
[0.909s] -- Up-to-date: /home/rowanfoxx/Documents/GitHub/LoCoBotRos/install/turtlesim/include/turtlesim/turtlesim/srv/detail/teleport_absolute__type_support.c
[0.909s] -- Up-to-date: /home/rowanfoxx/Documents/GitHub/LoCoBotRos/install/turtlesim/include/turtlesim/turtlesim/srv/detail/teleport_absolute__type_support.h
[0.909s] -- Up-to-date: /home/rowanfoxx/Documents/GitHub/LoCoBotRos/install/turtlesim/include/turtlesim/turtlesim/srv/detail/teleport_relative__description.c
[0.909s] -- Up-to-date: /home/rowanfoxx/Documents/GitHub/LoCoBotRos/install/turtlesim/include/turtlesim/turtlesim/srv/detail/teleport_relative__functions.c
[0.909s] -- Up-to-date: /home/rowanfoxx/Documents/GitHub/LoCoBotRos/install/turtlesim/include/turtlesim/turtlesim/srv/detail/teleport_relative__functions.h
[0.909s] -- Up-to-date: /home/rowanfoxx/Documents/GitHub/LoCoBotRos/install/turtlesim/include/turtlesim/turtlesim/srv/detail/teleport_relative__struct.h
[0.909s] -- Up-to-date: /home/rowanfoxx/Documents/GitHub/LoCoBotRos/install/turtlesim/include/turtlesim/turtlesim/srv/detail/teleport_relative__type_support.c
[0.909s] -- Up-to-date: /home/rowanfoxx/Documents/GitHub/LoCoBotRos/install/turtlesim/include/turtlesim/turtlesim/srv/detail/teleport_relative__type_support.h
[0.909s] -- Up-to-date: /home/rowanfoxx/Documents/GitHub/LoCoBotRos/install/turtlesim/include/turtlesim/turtlesim/srv/set_pen.h
[0.909s] -- Up-to-date: /home/rowanfoxx/Documents/GitHub/LoCoBotRos/install/turtlesim/include/turtlesim/turtlesim/srv/spawn.h
[0.909s] -- Up-to-date: /home/rowanfoxx/Documents/GitHub/LoCoBotRos/install/turtlesim/include/turtlesim/turtlesim/srv/teleport_absolute.h
[0.909s] -- Up-to-date: /home/rowanfoxx/Documents/GitHub/LoCoBotRos/install/turtlesim/include/turtlesim/turtlesim/srv/teleport_relative.h
[0.909s] -- Up-to-date: /home/rowanfoxx/Documents/GitHub/LoCoBotRos/install/turtlesim/share/turtlesim/environment/library_path.sh
[0.910s] -- Up-to-date: /home/rowanfoxx/Documents/GitHub/LoCoBotRos/install/turtlesim/share/turtlesim/environment/library_path.dsv
[0.910s] -- Up-to-date: /home/rowanfoxx/Documents/GitHub/LoCoBotRos/install/turtlesim/lib/libturtlesim__rosidl_generator_c.so
[0.910s] -- Up-to-date: /home/rowanfoxx/Documents/GitHub/LoCoBotRos/install/turtlesim/include/turtlesim/turtlesim
[0.910s] -- Up-to-date: /home/rowanfoxx/Documents/GitHub/LoCoBotRos/install/turtlesim/include/turtlesim/turtlesim/msg
[0.910s] -- Up-to-date: /home/rowanfoxx/Documents/GitHub/LoCoBotRos/install/turtlesim/include/turtlesim/turtlesim/msg/rosidl_typesupport_fastrtps_c__visibility_control.h
[0.910s] -- Up-to-date: /home/rowanfoxx/Documents/GitHub/LoCoBotRos/install/turtlesim/include/turtlesim/turtlesim/msg/detail
[0.910s] -- Up-to-date: /home/rowanfoxx/Documents/GitHub/LoCoBotRos/install/turtlesim/include/turtlesim/turtlesim/msg/detail/color__rosidl_typesupport_fastrtps_c.h
[0.910s] -- Up-to-date: /home/rowanfoxx/Documents/GitHub/LoCoBotRos/install/turtlesim/include/turtlesim/turtlesim/msg/detail/pose__rosidl_typesupport_fastrtps_c.h
[0.910s] -- Up-to-date: /home/rowanfoxx/Documents/GitHub/LoCoBotRos/install/turtlesim/include/turtlesim/turtlesim/action
[0.910s] -- Up-to-date: /home/rowanfoxx/Documents/GitHub/LoCoBotRos/install/turtlesim/include/turtlesim/turtlesim/action/detail
[0.910s] -- Up-to-date: /home/rowanfoxx/Documents/GitHub/LoCoBotRos/install/turtlesim/include/turtlesim/turtlesim/action/detail/rotate_absolute__rosidl_typesupport_fastrtps_c.h
[0.910s] -- Up-to-date: /home/rowanfoxx/Documents/GitHub/LoCoBotRos/install/turtlesim/include/turtlesim/turtlesim/srv
[0.910s] -- Up-to-date: /home/rowanfoxx/Documents/GitHub/LoCoBotRos/install/turtlesim/include/turtlesim/turtlesim/srv/detail
[0.910s] -- Up-to-date: /home/rowanfoxx/Documents/GitHub/LoCoBotRos/install/turtlesim/include/turtlesim/turtlesim/srv/detail/kill__rosidl_typesupport_fastrtps_c.h
[0.910s] -- Up-to-date: /home/rowanfoxx/Documents/GitHub/LoCoBotRos/install/turtlesim/include/turtlesim/turtlesim/srv/detail/set_pen__rosidl_typesupport_fastrtps_c.h
[0.910s] -- Up-to-date: /home/rowanfoxx/Documents/GitHub/LoCoBotRos/install/turtlesim/include/turtlesim/turtlesim/srv/detail/spawn__rosidl_typesupport_fastrtps_c.h
[0.910s] -- Up-to-date: /home/rowanfoxx/Documents/GitHub/LoCoBotRos/install/turtlesim/include/turtlesim/turtlesim/srv/detail/teleport_absolute__rosidl_typesupport_fastrtps_c.h
[0.910s] -- Up-to-date: /home/rowanfoxx/Documents/GitHub/LoCoBotRos/install/turtlesim/include/turtlesim/turtlesim/srv/detail/teleport_relative__rosidl_typesupport_fastrtps_c.h
[0.910s] -- Up-to-date: /home/rowanfoxx/Documents/GitHub/LoCoBotRos/install/turtlesim/lib/libturtlesim__rosidl_typesupport_fastrtps_c.so
[0.910s] -- Up-to-date: /home/rowanfoxx/Documents/GitHub/LoCoBotRos/install/turtlesim/include/turtlesim/turtlesim
[0.910s] -- Up-to-date: /home/rowanfoxx/Documents/GitHub/LoCoBotRos/install/turtlesim/include/turtlesim/turtlesim/msg
[0.910s] -- Up-to-date: /home/rowanfoxx/Documents/GitHub/LoCoBotRos/install/turtlesim/include/turtlesim/turtlesim/msg/rosidl_generator_cpp__visibility_control.hpp
[0.910s] -- Up-to-date: /home/rowanfoxx/Documents/GitHub/LoCoBotRos/install/turtlesim/include/turtlesim/turtlesim/msg/color.hpp
[0.910s] -- Up-to-date: /home/rowanfoxx/Documents/GitHub/LoCoBotRos/install/turtlesim/include/turtlesim/turtlesim/msg/detail
[0.910s] -- Up-to-date: /home/rowanfoxx/Documents/GitHub/LoCoBotRos/install/turtlesim/include/turtlesim/turtlesim/msg/detail/color__builder.hpp
[0.911s] -- Up-to-date: /home/rowanfoxx/Documents/GitHub/LoCoBotRos/install/turtlesim/include/turtlesim/turtlesim/msg/detail/color__struct.hpp
[0.911s] -- Up-to-date: /home/rowanfoxx/Documents/GitHub/LoCoBotRos/install/turtlesim/include/turtlesim/turtlesim/msg/detail/color__traits.hpp
[0.911s] -- Up-to-date: /home/rowanfoxx/Documents/GitHub/LoCoBotRos/install/turtlesim/include/turtlesim/turtlesim/msg/detail/color__type_support.hpp
[0.911s] -- Up-to-date: /home/rowanfoxx/Documents/GitHub/LoCoBotRos/install/turtlesim/include/turtlesim/turtlesim/msg/detail/pose__builder.hpp
[0.911s] -- Up-to-date: /home/rowanfoxx/Documents/GitHub/LoCoBotRos/install/turtlesim/include/turtlesim/turtlesim/msg/detail/pose__struct.hpp
[0.911s] -- Up-to-date: /home/rowanfoxx/Documents/GitHub/LoCoBotRos/install/turtlesim/include/turtlesim/turtlesim/msg/detail/pose__traits.hpp
[0.911s] -- Up-to-date: /home/rowanfoxx/Documents/GitHub/LoCoBotRos/install/turtlesim/include/turtlesim/turtlesim/msg/detail/pose__type_support.hpp
[0.911s] -- Up-to-date: /home/rowanfoxx/Documents/GitHub/LoCoBotRos/install/turtlesim/include/turtlesim/turtlesim/msg/pose.hpp
[0.911s] -- Up-to-date: /home/rowanfoxx/Documents/GitHub/LoCoBotRos/install/turtlesim/include/turtlesim/turtlesim/action
[0.911s] -- Up-to-date: /home/rowanfoxx/Documents/GitHub/LoCoBotRos/install/turtlesim/include/turtlesim/turtlesim/action/rotate_absolute.hpp
[0.911s] -- Up-to-date: /home/rowanfoxx/Documents/GitHub/LoCoBotRos/install/turtlesim/include/turtlesim/turtlesim/action/detail
[0.911s] -- Up-to-date: /home/rowanfoxx/Documents/GitHub/LoCoBotRos/install/turtlesim/include/turtlesim/turtlesim/action/detail/rotate_absolute__builder.hpp
[0.911s] -- Up-to-date: /home/rowanfoxx/Documents/GitHub/LoCoBotRos/install/turtlesim/include/turtlesim/turtlesim/action/detail/rotate_absolute__struct.hpp
[0.911s] -- Up-to-date: /home/rowanfoxx/Documents/GitHub/LoCoBotRos/install/turtlesim/include/turtlesim/turtlesim/action/detail/rotate_absolute__traits.hpp
[0.911s] -- Up-to-date: /home/rowanfoxx/Documents/GitHub/LoCoBotRos/install/turtlesim/include/turtlesim/turtlesim/action/detail/rotate_absolute__type_support.hpp
[0.911s] -- Up-to-date: /home/rowanfoxx/Documents/GitHub/LoCoBotRos/install/turtlesim/include/turtlesim/turtlesim/srv
[0.911s] -- Up-to-date: /home/rowanfoxx/Documents/GitHub/LoCoBotRos/install/turtlesim/include/turtlesim/turtlesim/srv/kill.hpp
[0.911s] -- Up-to-date: /home/rowanfoxx/Documents/GitHub/LoCoBotRos/install/turtlesim/include/turtlesim/turtlesim/srv/detail
[0.911s] -- Up-to-date: /home/rowanfoxx/Documents/GitHub/LoCoBotRos/install/turtlesim/include/turtlesim/turtlesim/srv/detail/kill__builder.hpp
[0.911s] -- Up-to-date: /home/rowanfoxx/Documents/GitHub/LoCoBotRos/install/turtlesim/include/turtlesim/turtlesim/srv/detail/kill__struct.hpp
[0.911s] -- Up-to-date: /home/rowanfoxx/Documents/GitHub/LoCoBotRos/install/turtlesim/include/turtlesim/turtlesim/srv/detail/kill__traits.hpp
[0.911s] -- Up-to-date: /home/rowanfoxx/Documents/GitHub/LoCoBotRos/install/turtlesim/include/turtlesim/turtlesim/srv/detail/kill__type_support.hpp
[0.911s] -- Up-to-date: /home/rowanfoxx/Documents/GitHub/LoCoBotRos/install/turtlesim/include/turtlesim/turtlesim/srv/detail/set_pen__builder.hpp
[0.911s] -- Up-to-date: /home/rowanfoxx/Documents/GitHub/LoCoBotRos/install/turtlesim/include/turtlesim/turtlesim/srv/detail/set_pen__struct.hpp
[0.911s] -- Up-to-date: /home/rowanfoxx/Documents/GitHub/LoCoBotRos/install/turtlesim/include/turtlesim/turtlesim/srv/detail/set_pen__traits.hpp
[0.911s] -- Up-to-date: /home/rowanfoxx/Documents/GitHub/LoCoBotRos/install/turtlesim/include/turtlesim/turtlesim/srv/detail/set_pen__type_support.hpp
[0.911s] -- Up-to-date: /home/rowanfoxx/Documents/GitHub/LoCoBotRos/install/turtlesim/include/turtlesim/turtlesim/srv/detail/spawn__builder.hpp
[0.911s] -- Up-to-date: /home/rowanfoxx/Documents/GitHub/LoCoBotRos/install/turtlesim/include/turtlesim/turtlesim/srv/detail/spawn__struct.hpp
[0.911s] -- Up-to-date: /home/rowanfoxx/Documents/GitHub/LoCoBotRos/install/turtlesim/include/turtlesim/turtlesim/srv/detail/spawn__traits.hpp
[0.911s] -- Up-to-date: /home/rowanfoxx/Documents/GitHub/LoCoBotRos/install/turtlesim/include/turtlesim/turtlesim/srv/detail/spawn__type_support.hpp
[0.911s] -- Up-to-date: /home/rowanfoxx/Documents/GitHub/LoCoBotRos/install/turtlesim/include/turtlesim/turtlesim/srv/detail/teleport_absolute__builder.hpp
[0.912s] -- Up-to-date: /home/rowanfoxx/Documents/GitHub/LoCoBotRos/install/turtlesim/include/turtlesim/turtlesim/srv/detail/teleport_absolute__struct.hpp
[0.912s] -- Up-to-date: /home/rowanfoxx/Documents/GitHub/LoCoBotRos/install/turtlesim/include/turtlesim/turtlesim/srv/detail/teleport_absolute__traits.hpp
[0.912s] -- Up-to-date: /home/rowanfoxx/Documents/GitHub/LoCoBotRos/install/turtlesim/include/turtlesim/turtlesim/srv/detail/teleport_absolute__type_support.hpp
[0.912s] -- Up-to-date: /home/rowanfoxx/Documents/GitHub/LoCoBotRos/install/turtlesim/include/turtlesim/turtlesim/srv/detail/teleport_relative__builder.hpp
[0.912s] -- Up-to-date: /home/rowanfoxx/Documents/GitHub/LoCoBotRos/install/turtlesim/include/turtlesim/turtlesim/srv/detail/teleport_relative__struct.hpp
[0.912s] -- Up-to-date: /home/rowanfoxx/Documents/GitHub/LoCoBotRos/install/turtlesim/include/turtlesim/turtlesim/srv/detail/teleport_relative__traits.hpp
[0.912s] -- Up-to-date: /home/rowanfoxx/Documents/GitHub/LoCoBotRos/install/turtlesim/include/turtlesim/turtlesim/srv/detail/teleport_relative__type_support.hpp
[0.912s] -- Up-to-date: /home/rowanfoxx/Documents/GitHub/LoCoBotRos/install/turtlesim/include/turtlesim/turtlesim/srv/set_pen.hpp
[0.912s] -- Up-to-date: /home/rowanfoxx/Documents/GitHub/LoCoBotRos/install/turtlesim/include/turtlesim/turtlesim/srv/spawn.hpp
[0.912s] -- Up-to-date: /home/rowanfoxx/Documents/GitHub/LoCoBotRos/install/turtlesim/include/turtlesim/turtlesim/srv/teleport_absolute.hpp
[0.912s] -- Up-to-date: /home/rowanfoxx/Documents/GitHub/LoCoBotRos/install/turtlesim/include/turtlesim/turtlesim/srv/teleport_relative.hpp
[0.912s] -- Up-to-date: /home/rowanfoxx/Documents/GitHub/LoCoBotRos/install/turtlesim/include/turtlesim/turtlesim
[0.912s] -- Up-to-date: /home/rowanfoxx/Documents/GitHub/LoCoBotRos/install/turtlesim/include/turtlesim/turtlesim/msg
[0.912s] -- Up-to-date: /home/rowanfoxx/Documents/GitHub/LoCoBotRos/install/turtlesim/include/turtlesim/turtlesim/msg/rosidl_typesupport_fastrtps_cpp__visibility_control.h
[0.912s] -- Up-to-date: /home/rowanfoxx/Documents/GitHub/LoCoBotRos/install/turtlesim/include/turtlesim/turtlesim/msg/detail
[0.912s] -- Up-to-date: /home/rowanfoxx/Documents/GitHub/LoCoBotRos/install/turtlesim/include/turtlesim/turtlesim/msg/detail/color__rosidl_typesupport_fastrtps_cpp.hpp
[0.912s] -- Up-to-date: /home/rowanfoxx/Documents/GitHub/LoCoBotRos/install/turtlesim/include/turtlesim/turtlesim/msg/detail/dds_fastrtps
[0.912s] -- Up-to-date: /home/rowanfoxx/Documents/GitHub/LoCoBotRos/install/turtlesim/include/turtlesim/turtlesim/msg/detail/pose__rosidl_typesupport_fastrtps_cpp.hpp
[0.912s] -- Up-to-date: /home/rowanfoxx/Documents/GitHub/LoCoBotRos/install/turtlesim/include/turtlesim/turtlesim/action
[0.912s] -- Up-to-date: /home/rowanfoxx/Documents/GitHub/LoCoBotRos/install/turtlesim/include/turtlesim/turtlesim/action/detail
[0.912s] -- Up-to-date: /home/rowanfoxx/Documents/GitHub/LoCoBotRos/install/turtlesim/include/turtlesim/turtlesim/action/detail/rotate_absolute__rosidl_typesupport_fastrtps_cpp.hpp
[0.912s] -- Up-to-date: /home/rowanfoxx/Documents/GitHub/LoCoBotRos/install/turtlesim/include/turtlesim/turtlesim/action/detail/dds_fastrtps
[0.912s] -- Up-to-date: /home/rowanfoxx/Documents/GitHub/LoCoBotRos/install/turtlesim/include/turtlesim/turtlesim/srv
[0.912s] -- Up-to-date: /home/rowanfoxx/Documents/GitHub/LoCoBotRos/install/turtlesim/include/turtlesim/turtlesim/srv/detail
[0.912s] -- Up-to-date: /home/rowanfoxx/Documents/GitHub/LoCoBotRos/install/turtlesim/include/turtlesim/turtlesim/srv/detail/kill__rosidl_typesupport_fastrtps_cpp.hpp
[0.912s] -- Up-to-date: /home/rowanfoxx/Documents/GitHub/LoCoBotRos/install/turtlesim/include/turtlesim/turtlesim/srv/detail/dds_fastrtps
[0.913s] -- Up-to-date: /home/rowanfoxx/Documents/GitHub/LoCoBotRos/install/turtlesim/include/turtlesim/turtlesim/srv/detail/set_pen__rosidl_typesupport_fastrtps_cpp.hpp
[0.913s] -- Up-to-date: /home/rowanfoxx/Documents/GitHub/LoCoBotRos/install/turtlesim/include/turtlesim/turtlesim/srv/detail/spawn__rosidl_typesupport_fastrtps_cpp.hpp
[0.913s] -- Up-to-date: /home/rowanfoxx/Documents/GitHub/LoCoBotRos/install/turtlesim/include/turtlesim/turtlesim/srv/detail/teleport_absolute__rosidl_typesupport_fastrtps_cpp.hpp
[0.913s] -- Up-to-date: /home/rowanfoxx/Documents/GitHub/LoCoBotRos/install/turtlesim/include/turtlesim/turtlesim/srv/detail/teleport_relative__rosidl_typesupport_fastrtps_cpp.hpp
[0.913s] -- Up-to-date: /home/rowanfoxx/Documents/GitHub/LoCoBotRos/install/turtlesim/lib/libturtlesim__rosidl_typesupport_fastrtps_cpp.so
[0.913s] -- Up-to-date: /home/rowanfoxx/Documents/GitHub/LoCoBotRos/install/turtlesim/include/turtlesim/turtlesim
[0.913s] -- Up-to-date: /home/rowanfoxx/Documents/GitHub/LoCoBotRos/install/turtlesim/include/turtlesim/turtlesim/msg
[0.913s] -- Up-to-date: /home/rowanfoxx/Documents/GitHub/LoCoBotRos/install/turtlesim/include/turtlesim/turtlesim/msg/rosidl_typesupport_introspection_c__visibility_control.h
[0.913s] -- Up-to-date: /home/rowanfoxx/Documents/GitHub/LoCoBotRos/install/turtlesim/include/turtlesim/turtlesim/msg/detail
[0.913s] -- Up-to-date: /home/rowanfoxx/Documents/GitHub/LoCoBotRos/install/turtlesim/include/turtlesim/turtlesim/msg/detail/color__rosidl_typesupport_introspection_c.h
[0.913s] -- Up-to-date: /home/rowanfoxx/Documents/GitHub/LoCoBotRos/install/turtlesim/include/turtlesim/turtlesim/msg/detail/color__type_support.c
[0.913s] -- Up-to-date: /home/rowanfoxx/Documents/GitHub/LoCoBotRos/install/turtlesim/include/turtlesim/turtlesim/msg/detail/pose__rosidl_typesupport_introspection_c.h
[0.913s] -- Up-to-date: /home/rowanfoxx/Documents/GitHub/LoCoBotRos/install/turtlesim/include/turtlesim/turtlesim/msg/detail/pose__type_support.c
[0.913s] -- Up-to-date: /home/rowanfoxx/Documents/GitHub/LoCoBotRos/install/turtlesim/include/turtlesim/turtlesim/action
[0.913s] -- Up-to-date: /home/rowanfoxx/Documents/GitHub/LoCoBotRos/install/turtlesim/include/turtlesim/turtlesim/action/detail
[0.913s] -- Up-to-date: /home/rowanfoxx/Documents/GitHub/LoCoBotRos/install/turtlesim/include/turtlesim/turtlesim/action/detail/rotate_absolute__rosidl_typesupport_introspection_c.h
[0.913s] -- Up-to-date: /home/rowanfoxx/Documents/GitHub/LoCoBotRos/install/turtlesim/include/turtlesim/turtlesim/action/detail/rotate_absolute__type_support.c
[0.913s] -- Up-to-date: /home/rowanfoxx/Documents/GitHub/LoCoBotRos/install/turtlesim/include/turtlesim/turtlesim/srv
[0.913s] -- Up-to-date: /home/rowanfoxx/Documents/GitHub/LoCoBotRos/install/turtlesim/include/turtlesim/turtlesim/srv/detail
[0.913s] -- Up-to-date: /home/rowanfoxx/Documents/GitHub/LoCoBotRos/install/turtlesim/include/turtlesim/turtlesim/srv/detail/kill__rosidl_typesupport_introspection_c.h
[0.913s] -- Up-to-date: /home/rowanfoxx/Documents/GitHub/LoCoBotRos/install/turtlesim/include/turtlesim/turtlesim/srv/detail/kill__type_support.c
[0.913s] -- Up-to-date: /home/rowanfoxx/Documents/GitHub/LoCoBotRos/install/turtlesim/include/turtlesim/turtlesim/srv/detail/set_pen__rosidl_typesupport_introspection_c.h
[0.913s] -- Up-to-date: /home/rowanfoxx/Documents/GitHub/LoCoBotRos/install/turtlesim/include/turtlesim/turtlesim/srv/detail/set_pen__type_support.c
[0.913s] -- Up-to-date: /home/rowanfoxx/Documents/GitHub/LoCoBotRos/install/turtlesim/include/turtlesim/turtlesim/srv/detail/spawn__rosidl_typesupport_introspection_c.h
[0.913s] -- Up-to-date: /home/rowanfoxx/Documents/GitHub/LoCoBotRos/install/turtlesim/include/turtlesim/turtlesim/srv/detail/spawn__type_support.c
[0.914s] -- Up-to-date: /home/rowanfoxx/Documents/GitHub/LoCoBotRos/install/turtlesim/include/turtlesim/turtlesim/srv/detail/teleport_absolute__rosidl_typesupport_introspection_c.h
[0.914s] -- Up-to-date: /home/rowanfoxx/Documents/GitHub/LoCoBotRos/install/turtlesim/include/turtlesim/turtlesim/srv/detail/teleport_absolute__type_support.c
[0.914s] -- Up-to-date: /home/rowanfoxx/Documents/GitHub/LoCoBotRos/install/turtlesim/include/turtlesim/turtlesim/srv/detail/teleport_relative__rosidl_typesupport_introspection_c.h
[0.914s] -- Up-to-date: /home/rowanfoxx/Documents/GitHub/LoCoBotRos/install/turtlesim/include/turtlesim/turtlesim/srv/detail/teleport_relative__type_support.c
[0.914s] -- Up-to-date: /home/rowanfoxx/Documents/GitHub/LoCoBotRos/install/turtlesim/lib/libturtlesim__rosidl_typesupport_introspection_c.so
[0.914s] -- Up-to-date: /home/rowanfoxx/Documents/GitHub/LoCoBotRos/install/turtlesim/lib/libturtlesim__rosidl_typesupport_c.so
[0.914s] -- Up-to-date: /home/rowanfoxx/Documents/GitHub/LoCoBotRos/install/turtlesim/include/turtlesim/turtlesim
[0.914s] -- Up-to-date: /home/rowanfoxx/Documents/GitHub/LoCoBotRos/install/turtlesim/include/turtlesim/turtlesim/action
[0.914s] -- Up-to-date: /home/rowanfoxx/Documents/GitHub/LoCoBotRos/install/turtlesim/include/turtlesim/turtlesim/action/detail
[0.914s] -- Up-to-date: /home/rowanfoxx/Documents/GitHub/LoCoBotRos/install/turtlesim/include/turtlesim/turtlesim/action/detail/rotate_absolute__rosidl_typesupport_introspection_cpp.hpp
[0.914s] -- Up-to-date: /home/rowanfoxx/Documents/GitHub/LoCoBotRos/install/turtlesim/include/turtlesim/turtlesim/action/detail/rotate_absolute__type_support.cpp
[0.914s] -- Up-to-date: /home/rowanfoxx/Documents/GitHub/LoCoBotRos/install/turtlesim/include/turtlesim/turtlesim/msg
[0.914s] -- Up-to-date: /home/rowanfoxx/Documents/GitHub/LoCoBotRos/install/turtlesim/include/turtlesim/turtlesim/msg/detail
[0.914s] -- Up-to-date: /home/rowanfoxx/Documents/GitHub/LoCoBotRos/install/turtlesim/include/turtlesim/turtlesim/msg/detail/color__rosidl_typesupport_introspection_cpp.hpp
[0.914s] -- Up-to-date: /home/rowanfoxx/Documents/GitHub/LoCoBotRos/install/turtlesim/include/turtlesim/turtlesim/msg/detail/color__type_support.cpp
[0.914s] -- Up-to-date: /home/rowanfoxx/Documents/GitHub/LoCoBotRos/install/turtlesim/include/turtlesim/turtlesim/msg/detail/pose__rosidl_typesupport_introspection_cpp.hpp
[0.914s] -- Up-to-date: /home/rowanfoxx/Documents/GitHub/LoCoBotRos/install/turtlesim/include/turtlesim/turtlesim/msg/detail/pose__type_support.cpp
[0.914s] -- Up-to-date: /home/rowanfoxx/Documents/GitHub/LoCoBotRos/install/turtlesim/include/turtlesim/turtlesim/srv
[0.914s] -- Up-to-date: /home/rowanfoxx/Documents/GitHub/LoCoBotRos/install/turtlesim/include/turtlesim/turtlesim/srv/detail
[0.914s] -- Up-to-date: /home/rowanfoxx/Documents/GitHub/LoCoBotRos/install/turtlesim/include/turtlesim/turtlesim/srv/detail/kill__rosidl_typesupport_introspection_cpp.hpp
[0.914s] -- Up-to-date: /home/rowanfoxx/Documents/GitHub/LoCoBotRos/install/turtlesim/include/turtlesim/turtlesim/srv/detail/kill__type_support.cpp
[0.914s] -- Up-to-date: /home/rowanfoxx/Documents/GitHub/LoCoBotRos/install/turtlesim/include/turtlesim/turtlesim/srv/detail/set_pen__rosidl_typesupport_introspection_cpp.hpp
[0.914s] -- Up-to-date: /home/rowanfoxx/Documents/GitHub/LoCoBotRos/install/turtlesim/include/turtlesim/turtlesim/srv/detail/set_pen__type_support.cpp
[0.914s] -- Up-to-date: /home/rowanfoxx/Documents/GitHub/LoCoBotRos/install/turtlesim/include/turtlesim/turtlesim/srv/detail/spawn__rosidl_typesupport_introspection_cpp.hpp
[0.914s] -- Up-to-date: /home/rowanfoxx/Documents/GitHub/LoCoBotRos/install/turtlesim/include/turtlesim/turtlesim/srv/detail/spawn__type_support.cpp
[0.914s] -- Up-to-date: /home/rowanfoxx/Documents/GitHub/LoCoBotRos/install/turtlesim/include/turtlesim/turtlesim/srv/detail/teleport_absolute__rosidl_typesupport_introspection_cpp.hpp
[0.915s] -- Up-to-date: /home/rowanfoxx/Documents/GitHub/LoCoBotRos/install/turtlesim/include/turtlesim/turtlesim/srv/detail/teleport_absolute__type_support.cpp
[0.915s] -- Up-to-date: /home/rowanfoxx/Documents/GitHub/LoCoBotRos/install/turtlesim/include/turtlesim/turtlesim/srv/detail/teleport_relative__rosidl_typesupport_introspection_cpp.hpp
[0.915s] -- Up-to-date: /home/rowanfoxx/Documents/GitHub/LoCoBotRos/install/turtlesim/include/turtlesim/turtlesim/srv/detail/teleport_relative__type_support.cpp
[0.915s] -- Up-to-date: /home/rowanfoxx/Documents/GitHub/LoCoBotRos/install/turtlesim/lib/libturtlesim__rosidl_typesupport_introspection_cpp.so
[0.915s] -- Up-to-date: /home/rowanfoxx/Documents/GitHub/LoCoBotRos/install/turtlesim/lib/libturtlesim__rosidl_typesupport_cpp.so
[0.915s] -- Up-to-date: /home/rowanfoxx/Documents/GitHub/LoCoBotRos/install/turtlesim/share/turtlesim/environment/pythonpath.sh
[0.915s] -- Up-to-date: /home/rowanfoxx/Documents/GitHub/LoCoBotRos/install/turtlesim/share/turtlesim/environment/pythonpath.dsv
[0.915s] -- Up-to-date: /home/rowanfoxx/Documents/GitHub/LoCoBotRos/install/turtlesim/lib/python3.13/site-packages/turtlesim-1.8.3-py3.13.egg-info
[0.915s] -- Installing: /home/rowanfoxx/Documents/GitHub/LoCoBotRos/install/turtlesim/lib/python3.13/site-packages/turtlesim-1.8.3-py3.13.egg-info/dependency_links.txt
[0.915s] -- Installing: /home/rowanfoxx/Documents/GitHub/LoCoBotRos/install/turtlesim/lib/python3.13/site-packages/turtlesim-1.8.3-py3.13.egg-info/top_level.txt
[0.915s] -- Installing: /home/rowanfoxx/Documents/GitHub/LoCoBotRos/install/turtlesim/lib/python3.13/site-packages/turtlesim-1.8.3-py3.13.egg-info/SOURCES.txt
[0.915s] -- Installing: /home/rowanfoxx/Documents/GitHub/LoCoBotRos/install/turtlesim/lib/python3.13/site-packages/turtlesim-1.8.3-py3.13.egg-info/PKG-INFO
[0.915s] -- Up-to-date: /home/rowanfoxx/Documents/GitHub/LoCoBotRos/install/turtlesim/lib/python3.13/site-packages/turtlesim
[0.915s] -- Up-to-date: /home/rowanfoxx/Documents/GitHub/LoCoBotRos/install/turtlesim/lib/python3.13/site-packages/turtlesim/__init__.py
[0.915s] -- Up-to-date: /home/rowanfoxx/Documents/GitHub/LoCoBotRos/install/turtlesim/lib/python3.13/site-packages/turtlesim/action
[0.915s] -- Up-to-date: /home/rowanfoxx/Documents/GitHub/LoCoBotRos/install/turtlesim/lib/python3.13/site-packages/turtlesim/action/_rotate_absolute.py
[0.915s] -- Up-to-date: /home/rowanfoxx/Documents/GitHub/LoCoBotRos/install/turtlesim/lib/python3.13/site-packages/turtlesim/action/_rotate_absolute_s.c
[0.915s] -- Up-to-date: /home/rowanfoxx/Documents/GitHub/LoCoBotRos/install/turtlesim/lib/python3.13/site-packages/turtlesim/action/__init__.py
[0.915s] -- Up-to-date: /home/rowanfoxx/Documents/GitHub/LoCoBotRos/install/turtlesim/lib/python3.13/site-packages/turtlesim/msg
[0.915s] -- Up-to-date: /home/rowanfoxx/Documents/GitHub/LoCoBotRos/install/turtlesim/lib/python3.13/site-packages/turtlesim/msg/_color.py
[0.915s] -- Up-to-date: /home/rowanfoxx/Documents/GitHub/LoCoBotRos/install/turtlesim/lib/python3.13/site-packages/turtlesim/msg/_color_s.c
[0.915s] -- Up-to-date: /home/rowanfoxx/Documents/GitHub/LoCoBotRos/install/turtlesim/lib/python3.13/site-packages/turtlesim/msg/_pose.py
[0.915s] -- Up-to-date: /home/rowanfoxx/Documents/GitHub/LoCoBotRos/install/turtlesim/lib/python3.13/site-packages/turtlesim/msg/_pose_s.c
[0.915s] -- Up-to-date: /home/rowanfoxx/Documents/GitHub/LoCoBotRos/install/turtlesim/lib/python3.13/site-packages/turtlesim/msg/__init__.py
[0.915s] -- Up-to-date: /home/rowanfoxx/Documents/GitHub/LoCoBotRos/install/turtlesim/lib/python3.13/site-packages/turtlesim/srv
[0.915s] -- Up-to-date: /home/rowanfoxx/Documents/GitHub/LoCoBotRos/install/turtlesim/lib/python3.13/site-packages/turtlesim/srv/_kill.py
[0.915s] -- Up-to-date: /home/rowanfoxx/Documents/GitHub/LoCoBotRos/install/turtlesim/lib/python3.13/site-packages/turtlesim/srv/_kill_s.c
[0.916s] -- Up-to-date: /home/rowanfoxx/Documents/GitHub/LoCoBotRos/install/turtlesim/lib/python3.13/site-packages/turtlesim/srv/_set_pen.py
[0.916s] -- Up-to-date: /home/rowanfoxx/Documents/GitHub/LoCoBotRos/install/turtlesim/lib/python3.13/site-packages/turtlesim/srv/_set_pen_s.c
[0.916s] -- Up-to-date: /home/rowanfoxx/Documents/GitHub/LoCoBotRos/install/turtlesim/lib/python3.13/site-packages/turtlesim/srv/_spawn.py
[0.916s] -- Up-to-date: /home/rowanfoxx/Documents/GitHub/LoCoBotRos/install/turtlesim/lib/python3.13/site-packages/turtlesim/srv/_spawn_s.c
[0.916s] -- Up-to-date: /home/rowanfoxx/Documents/GitHub/LoCoBotRos/install/turtlesim/lib/python3.13/site-packages/turtlesim/srv/_teleport_absolute.py
[0.916s] -- Up-to-date: /home/rowanfoxx/Documents/GitHub/LoCoBotRos/install/turtlesim/lib/python3.13/site-packages/turtlesim/srv/_teleport_absolute_s.c
[0.916s] -- Up-to-date: /home/rowanfoxx/Documents/GitHub/LoCoBotRos/install/turtlesim/lib/python3.13/site-packages/turtlesim/srv/_teleport_relative.py
[0.916s] -- Up-to-date: /home/rowanfoxx/Documents/GitHub/LoCoBotRos/install/turtlesim/lib/python3.13/site-packages/turtlesim/srv/_teleport_relative_s.c
[0.916s] -- Up-to-date: /home/rowanfoxx/Documents/GitHub/LoCoBotRos/install/turtlesim/lib/python3.13/site-packages/turtlesim/srv/__init__.py
[0.916s] -- Up-to-date: /home/rowanfoxx/Documents/GitHub/LoCoBotRos/install/turtlesim/lib/python3.13/site-packages/turtlesim/_turtlesim_s.ep.rosidl_typesupport_introspection_c.c
[0.916s] -- Up-to-date: /home/rowanfoxx/Documents/GitHub/LoCoBotRos/install/turtlesim/lib/python3.13/site-packages/turtlesim/_turtlesim_s.ep.rosidl_typesupport_fastrtps_c.c
[0.916s] -- Up-to-date: /home/rowanfoxx/Documents/GitHub/LoCoBotRos/install/turtlesim/lib/python3.13/site-packages/turtlesim/_turtlesim_s.ep.rosidl_typesupport_c.c
[0.916s] -- Up-to-date: /home/rowanfoxx/Documents/GitHub/LoCoBotRos/install/turtlesim/lib/python3.13/site-packages/turtlesim/turtlesim_s__rosidl_typesupport_c.so
[0.916s] -- Up-to-date: /home/rowanfoxx/Documents/GitHub/LoCoBotRos/install/turtlesim/lib/python3.13/site-packages/turtlesim/turtlesim_s__rosidl_typesupport_fastrtps_c.so
[0.916s] -- Up-to-date: /home/rowanfoxx/Documents/GitHub/LoCoBotRos/install/turtlesim/lib/python3.13/site-packages/turtlesim/turtlesim_s__rosidl_typesupport_introspection_c.so
[0.991s] Listing '/home/rowanfoxx/Documents/GitHub/LoCoBotRos/install/turtlesim/lib/python3.13/site-packages/turtlesim'...
[0.991s] Listing '/home/rowanfoxx/Documents/GitHub/LoCoBotRos/install/turtlesim/lib/python3.13/site-packages/turtlesim/action'...
[0.991s] Listing '/home/rowanfoxx/Documents/GitHub/LoCoBotRos/install/turtlesim/lib/python3.13/site-packages/turtlesim/msg'...
[0.991s] Listing '/home/rowanfoxx/Documents/GitHub/LoCoBotRos/install/turtlesim/lib/python3.13/site-packages/turtlesim/srv'...
[0.996s] -- Up-to-date: /home/rowanfoxx/Documents/GitHub/LoCoBotRos/install/turtlesim/lib/python3.13/site-packages/turtlesim/turtlesim_s__rosidl_typesupport_introspection_c.so
[0.996s] -- Up-to-date: /home/rowanfoxx/Documents/GitHub/LoCoBotRos/install/turtlesim/lib/python3.13/site-packages/turtlesim/turtlesim_s__rosidl_typesupport_fastrtps_c.so
[0.996s] -- Up-to-date: /home/rowanfoxx/Documents/GitHub/LoCoBotRos/install/turtlesim/lib/python3.13/site-packages/turtlesim/turtlesim_s__rosidl_typesupport_c.so
[0.996s] -- Up-to-date: /home/rowanfoxx/Documents/GitHub/LoCoBotRos/install/turtlesim/lib/libturtlesim__rosidl_generator_py.so
[0.996s] -- Up-to-date: /home/rowanfoxx/Documents/GitHub/LoCoBotRos/install/turtlesim/share/turtlesim/action/RotateAbsolute.idl
[0.996s] -- Up-to-date: /home/rowanfoxx/Documents/GitHub/LoCoBotRos/install/turtlesim/share/turtlesim/msg/Color.idl
[0.997s] -- Up-to-date: /home/rowanfoxx/Documents/GitHub/LoCoBotRos/install/turtlesim/share/turtlesim/msg/Pose.idl
[0.997s] -- Up-to-date: /home/rowanfoxx/Documents/GitHub/LoCoBotRos/install/turtlesim/share/turtlesim/srv/Kill.idl
[0.997s] -- Up-to-date: /home/rowanfoxx/Documents/GitHub/LoCoBotRos/install/turtlesim/share/turtlesim/srv/SetPen.idl
[0.997s] -- Up-to-date: /home/rowanfoxx/Documents/GitHub/LoCoBotRos/install/turtlesim/share/turtlesim/srv/Spawn.idl
[0.997s] -- Up-to-date: /home/rowanfoxx/Documents/GitHub/LoCoBotRos/install/turtlesim/share/turtlesim/srv/TeleportAbsolute.idl
[0.997s] -- Up-to-date: /home/rowanfoxx/Documents/GitHub/LoCoBotRos/install/turtlesim/share/turtlesim/srv/TeleportRelative.idl
[0.997s] -- Up-to-date: /home/rowanfoxx/Documents/GitHub/LoCoBotRos/install/turtlesim/share/turtlesim/action/RotateAbsolute.action
[0.997s] -- Up-to-date: /home/rowanfoxx/Documents/GitHub/LoCoBotRos/install/turtlesim/share/turtlesim/msg/Color.msg
[0.997s] -- Up-to-date: /home/rowanfoxx/Documents/GitHub/LoCoBotRos/install/turtlesim/share/turtlesim/msg/Pose.msg
[0.997s] -- Up-to-date: /home/rowanfoxx/Documents/GitHub/LoCoBotRos/install/turtlesim/share/turtlesim/srv/Kill.srv
[0.997s] -- Up-to-date: /home/rowanfoxx/Documents/GitHub/LoCoBotRos/install/turtlesim/share/turtlesim/srv/SetPen.srv
[0.997s] -- Up-to-date: /home/rowanfoxx/Documents/GitHub/LoCoBotRos/install/turtlesim/share/turtlesim/srv/Spawn.srv
[0.997s] -- Up-to-date: /home/rowanfoxx/Documents/GitHub/LoCoBotRos/install/turtlesim/share/turtlesim/srv/TeleportAbsolute.srv
[0.997s] -- Up-to-date: /home/rowanfoxx/Documents/GitHub/LoCoBotRos/install/turtlesim/share/turtlesim/srv/TeleportRelative.srv
[0.997s] -- Up-to-date: /home/rowanfoxx/Documents/GitHub/LoCoBotRos/install/turtlesim/lib/turtlesim/turtlesim_node
[0.997s] -- Up-to-date: /home/rowanfoxx/Documents/GitHub/LoCoBotRos/install/turtlesim/lib/turtlesim/turtle_teleop_key
[0.997s] -- Up-to-date: /home/rowanfoxx/Documents/GitHub/LoCoBotRos/install/turtlesim/lib/turtlesim/draw_square
[0.998s] -- Up-to-date: /home/rowanfoxx/Documents/GitHub/LoCoBotRos/install/turtlesim/lib/turtlesim/mimic
[0.998s] -- Up-to-date: /home/rowanfoxx/Documents/GitHub/LoCoBotRos/install/turtlesim/share/turtlesim/images
[0.998s] -- Up-to-date: /home/rowanfoxx/Documents/GitHub/LoCoBotRos/install/turtlesim/share/turtlesim/images/ardent.png
[0.998s] -- Up-to-date: /home/rowanfoxx/Documents/GitHub/LoCoBotRos/install/turtlesim/share/turtlesim/images/bouncy.png
[0.998s] -- Up-to-date: /home/rowanfoxx/Documents/GitHub/LoCoBotRos/install/turtlesim/share/turtlesim/images/crystal.png
[0.998s] -- Up-to-date: /home/rowanfoxx/Documents/GitHub/LoCoBotRos/install/turtlesim/share/turtlesim/images/dashing.png
[0.998s] -- Up-to-date: /home/rowanfoxx/Documents/GitHub/LoCoBotRos/install/turtlesim/share/turtlesim/images/eloquent.png
[0.998s] -- Up-to-date: /home/rowanfoxx/Documents/GitHub/LoCoBotRos/install/turtlesim/share/turtlesim/images/foxy.png
[0.998s] -- Up-to-date: /home/rowanfoxx/Documents/GitHub/LoCoBotRos/install/turtlesim/share/turtlesim/images/galactic.png
[0.998s] -- Up-to-date: /home/rowanfoxx/Documents/GitHub/LoCoBotRos/install/turtlesim/share/turtlesim/images/humble.png
[0.998s] -- Up-to-date: /home/rowanfoxx/Documents/GitHub/LoCoBotRos/install/turtlesim/share/turtlesim/images/iron.png
[0.998s] -- Up-to-date: /home/rowanfoxx/Documents/GitHub/LoCoBotRos/install/turtlesim/share/turtlesim/images/jazzy.png
[0.998s] -- Up-to-date: /home/rowanfoxx/Documents/GitHub/LoCoBotRos/install/turtlesim/share/turtlesim/images/rolling.png
[0.998s] -- Up-to-date: /home/rowanfoxx/Documents/GitHub/LoCoBotRos/install/turtlesim/share/turtlesim/launch
[0.998s] -- Up-to-date: /home/rowanfoxx/Documents/GitHub/LoCoBotRos/install/turtlesim/share/turtlesim/launch/multisim.launch.py
[0.998s] -- Up-to-date: /home/rowanfoxx/Documents/GitHub/LoCoBotRos/install/turtlesim/share/ament_index/resource_index/package_run_dependencies/turtlesim
[0.999s] -- Up-to-date: /home/rowanfoxx/Documents/GitHub/LoCoBotRos/install/turtlesim/share/ament_index/resource_index/parent_prefix_path/turtlesim
[0.999s] -- Up-to-date: /home/rowanfoxx/Documents/GitHub/LoCoBotRos/install/turtlesim/share/turtlesim/environment/ament_prefix_path.dsv
[0.999s] -- Up-to-date: /home/rowanfoxx/Documents/GitHub/LoCoBotRos/install/turtlesim/share/turtlesim/environment/path.dsv
[0.999s] -- Up-to-date: /home/rowanfoxx/Documents/GitHub/LoCoBotRos/install/turtlesim/share/turtlesim/local_setup.bash
[0.999s] -- Up-to-date: /home/rowanfoxx/Documents/GitHub/LoCoBotRos/install/turtlesim/share/turtlesim/local_setup.sh
[0.999s] -- Up-to-date: /home/rowanfoxx/Documents/GitHub/LoCoBotRos/install/turtlesim/share/turtlesim/local_setup.zsh
[0.999s] -- Up-to-date: /home/rowanfoxx/Documents/GitHub/LoCoBotRos/install/turtlesim/share/turtlesim/local_setup.dsv
[1.000s] -- Installing: /home/rowanfoxx/Documents/GitHub/LoCoBotRos/install/turtlesim/share/turtlesim/package.dsv
[1.000s] -- Up-to-date: /home/rowanfoxx/Documents/GitHub/LoCoBotRos/install/turtlesim/share/ament_index/resource_index/packages/turtlesim
[1.000s] -- Up-to-date: /home/rowanfoxx/Documents/GitHub/LoCoBotRos/install/turtlesim/share/turtlesim/cmake/export_turtlesim__rosidl_generator_cExport.cmake
[1.000s] -- Up-to-date: /home/rowanfoxx/Documents/GitHub/LoCoBotRos/install/turtlesim/share/turtlesim/cmake/export_turtlesim__rosidl_generator_cExport-noconfig.cmake
[1.000s] -- Up-to-date: /home/rowanfoxx/Documents/GitHub/LoCoBotRos/install/turtlesim/share/turtlesim/cmake/export_turtlesim__rosidl_typesupport_fastrtps_cExport.cmake
[1.000s] -- Up-to-date: /home/rowanfoxx/Documents/GitHub/LoCoBotRos/install/turtlesim/share/turtlesim/cmake/export_turtlesim__rosidl_typesupport_fastrtps_cExport-noconfig.cmake
[1.000s] -- Up-to-date: /home/rowanfoxx/Documents/GitHub/LoCoBotRos/install/turtlesim/share/turtlesim/cmake/export_turtlesim__rosidl_generator_cppExport.cmake
[1.000s] -- Up-to-date: /home/rowanfoxx/Documents/GitHub/LoCoBotRos/install/turtlesim/share/turtlesim/cmake/export_turtlesim__rosidl_typesupport_fastrtps_cppExport.cmake
[1.000s] -- Up-to-date: /home/rowanfoxx/Documents/GitHub/LoCoBotRos/install/turtlesim/share/turtlesim/cmake/export_turtlesim__rosidl_typesupport_fastrtps_cppExport-noconfig.cmake
[1.000s] -- Up-to-date: /home/rowanfoxx/Documents/GitHub/LoCoBotRos/install/turtlesim/share/turtlesim/cmake/turtlesim__rosidl_typesupport_introspection_cExport.cmake
[1.001s] -- Up-to-date: /home/rowanfoxx/Documents/GitHub/LoCoBotRos/install/turtlesim/share/turtlesim/cmake/turtlesim__rosidl_typesupport_introspection_cExport-noconfig.cmake
[1.001s] -- Up-to-date: /home/rowanfoxx/Documents/GitHub/LoCoBotRos/install/turtlesim/share/turtlesim/cmake/turtlesim__rosidl_typesupport_cExport.cmake
[1.001s] -- Up-to-date: /home/rowanfoxx/Documents/GitHub/LoCoBotRos/install/turtlesim/share/turtlesim/cmake/turtlesim__rosidl_typesupport_cExport-noconfig.cmake
[1.002s] -- Up-to-date: /home/rowanfoxx/Documents/GitHub/LoCoBotRos/install/turtlesim/share/turtlesim/cmake/turtlesim__rosidl_typesupport_introspection_cppExport.cmake
[1.002s] -- Up-to-date: /home/rowanfoxx/Documents/GitHub/LoCoBotRos/install/turtlesim/share/turtlesim/cmake/turtlesim__rosidl_typesupport_introspection_cppExport-noconfig.cmake
[1.002s] -- Up-to-date: /home/rowanfoxx/Documents/GitHub/LoCoBotRos/install/turtlesim/share/turtlesim/cmake/turtlesim__rosidl_typesupport_cppExport.cmake
[1.002s] -- Up-to-date: /home/rowanfoxx/Documents/GitHub/LoCoBotRos/install/turtlesim/share/turtlesim/cmake/turtlesim__rosidl_typesupport_cppExport-noconfig.cmake
[1.003s] -- Up-to-date: /home/rowanfoxx/Documents/GitHub/LoCoBotRos/install/turtlesim/share/turtlesim/cmake/export_turtlesim__rosidl_generator_pyExport.cmake
[1.003s] -- Up-to-date: /home/rowanfoxx/Documents/GitHub/LoCoBotRos/install/turtlesim/share/turtlesim/cmake/export_turtlesim__rosidl_generator_pyExport-noconfig.cmake
[1.004s] -- Up-to-date: /home/rowanfoxx/Documents/GitHub/LoCoBotRos/install/turtlesim/share/turtlesim/cmake/rosidl_cmake-extras.cmake
[1.004s] -- Up-to-date: /home/rowanfoxx/Documents/GitHub/LoCoBotRos/install/turtlesim/share/turtlesim/cmake/ament_cmake_export_dependencies-extras.cmake
[1.004s] -- Up-to-date: /home/rowanfoxx/Documents/GitHub/LoCoBotRos/install/turtlesim/share/turtlesim/cmake/ament_cmake_export_include_directories-extras.cmake
[1.004s] -- Up-to-date: /home/rowanfoxx/Documents/GitHub/LoCoBotRos/install/turtlesim/share/turtlesim/cmake/ament_cmake_export_libraries-extras.cmake
[1.004s] -- Up-to-date: /home/rowanfoxx/Documents/GitHub/LoCoBotRos/install/turtlesim/share/turtlesim/cmake/ament_cmake_export_targets-extras.cmake
[1.004s] -- Up-to-date: /home/rowanfoxx/Documents/GitHub/LoCoBotRos/install/turtlesim/share/turtlesim/cmake/rosidl_cmake_export_typesupport_targets-extras.cmake
[1.004s] -- Up-to-date: /home/rowanfoxx/Documents/GitHub/LoCoBotRos/install/turtlesim/share/turtlesim/cmake/rosidl_cmake_export_typesupport_libraries-extras.cmake
[1.005s] -- Up-to-date: /home/rowanfoxx/Documents/GitHub/LoCoBotRos/install/turtlesim/share/turtlesim/cmake/turtlesimConfig.cmake
[1.005s] -- Up-to-date: /home/rowanfoxx/Documents/GitHub/LoCoBotRos/install/turtlesim/share/turtlesim/cmake/turtlesimConfig-version.cmake
[1.005s] -- Up-to-date: /home/rowanfoxx/Documents/GitHub/LoCoBotRos/install/turtlesim/share/turtlesim/package.xml
[1.005s] Invoked command in '/home/rowanfoxx/Documents/GitHub/LoCoBotRos/build/turtlesim' returned '0': CMAKE_PREFIX_PATH=${CMAKE_PREFIX_PATH}:/home/rowanfoxx/ros2_jazzy/install/rqt_bag_plugins:/home/rowanfoxx/ros2_jazzy/install/rqt_bag:/home/rowanfoxx/ros2_jazzy/install/rosbag2_examples_py:/home/rowanfoxx/ros2_jazzy/install/launch_testing_examples:/home/rowanfoxx/ros2_jazzy/install/ros2bag:/home/rowanfoxx/ros2_jazzy/install/tracetools_test:/home/rowanfoxx/ros2_jazzy/install/tracetools_launch:/home/rowanfoxx/ros2_jazzy/install/topic_monitor:/home/rowanfoxx/ros2_jazzy/install/tf2_tools:/home/rowanfoxx/ros2_jazzy/install/examples_tf2_py:/home/rowanfoxx/ros2_jazzy/install/tf2_ros_py:/home/rowanfoxx/ros2_jazzy/install/examples_rclpy_pointcloud_publisher:/home/rowanfoxx/ros2_jazzy/install/sensor_msgs_py:/home/rowanfoxx/ros2_jazzy/install/quality_of_service_demo_py:/home/rowanfoxx/ros2_jazzy/install/camera_info_manager_py:/home/rowanfoxx/ros2_jazzy/install/rqt_plot:/home/rowanfoxx/ros2_jazzy/install/ros2doctor:/home/rowanfoxx/ros2_jazzy/install/lifecycle_py:/home/rowanfoxx/ros2_jazzy/install/examples_rclpy_minimal_subscriber:/home/rowanfoxx/ros2_jazzy/install/examples_rclpy_minimal_service:/home/rowanfoxx/ros2_jazzy/install/examples_rclpy_minimal_publisher:/home/rowanfoxx/ros2_jazzy/install/examples_rclpy_minimal_client:/home/rowanfoxx/ros2_jazzy/install/examples_rclpy_executors:/home/rowanfoxx/ros2_jazzy/install/demo_nodes_py:/home/rowanfoxx/ros2_jazzy/install/rqt:/home/rowanfoxx/ros2_jazzy/install/ros2component:/home/rowanfoxx/ros2_jazzy/install/sros2:/home/rowanfoxx/ros2_jazzy/install/rqt_topic:/home/rowanfoxx/ros2_jazzy/install/rqt_srv:/home/rowanfoxx/ros2_jazzy/install/rqt_shell:/home/rowanfoxx/ros2_jazzy/install/rqt_service_caller:/home/rowanfoxx/ros2_jazzy/install/rqt_reconfigure:/home/rowanfoxx/ros2_jazzy/install/rqt_py_console:/home/rowanfoxx/ros2_jazzy/install/rqt_publisher:/home/rowanfoxx/ros2_jazzy/install/rqt_action:/home/rowanfoxx/ros2_jazzy/install/rqt_msg:/home/rowanfoxx/ros2_jazzy/install/rqt_console:/home/rowanfoxx/ros2_jazzy/install/rqt_graph:/home/rowanfoxx/ros2_jazzy/install/rqt_gui_py:/home/rowanfoxx/ros2_jazzy/install/rqt_gui:/home/rowanfoxx/ros2_jazzy/install/ros2trace:/home/rowanfoxx/ros2_jazzy/install/ros2param:/home/rowanfoxx/ros2_jazzy/install/ros2lifecycle:/home/rowanfoxx/ros2_jazzy/install/ros2service:/home/rowanfoxx/ros2_jazzy/install/ros2topic:/home/rowanfoxx/ros2_jazzy/install/ros2test:/home/rowanfoxx/ros2_jazzy/install/ros2run:/home/rowanfoxx/ros2_jazzy/install/ros2launch:/home/rowanfoxx/ros2_jazzy/install/ros2pkg:/home/rowanfoxx/ros2_jazzy/install/ros2node:/home/rowanfoxx/ros2_jazzy/install/ros2multicast:/home/rowanfoxx/ros2_jazzy/install/ros2interface:/home/rowanfoxx/ros2_jazzy/install/ros2action:/home/rowanfoxx/ros2_jazzy/install/ros2cli:/home/rowanfoxx/ros2_jazzy/install/launch_testing_ros:/home/rowanfoxx/ros2_jazzy/install/launch_ros:/home/rowanfoxx/ros2_jazzy/install/examples_rclpy_minimal_action_server:/home/rowanfoxx/ros2_jazzy/install/examples_rclpy_minimal_action_client:/home/rowanfoxx/ros2_jazzy/install/examples_rclpy_guard_conditions:/home/rowanfoxx/ros2_jazzy/install/action_tutorials_py:/home/rowanfoxx/ros2_jazzy/install/ament_uncrustify:/home/rowanfoxx/ros2_jazzy/install/tracetools_trace:/home/rowanfoxx/ros2_jazzy/install/tracetools_read:/home/rowanfoxx/ros2_jazzy/install/test_tracetools_launch:/home/rowanfoxx/ros2_jazzy/install/test_ros2trace:/home/rowanfoxx/ros2_jazzy/install/test_launch_ros:/home/rowanfoxx/ros2_jazzy/install/rpyutils:/home/rowanfoxx/ros2_jazzy/install/rosidl_runtime_py:/home/rowanfoxx/ros2_jazzy/install/rosidl_pycommon:/home/rowanfoxx/ros2_jazzy/install/rosidl_cli:/home/rowanfoxx/ros2_jazzy/install/launch_pytest:/home/rowanfoxx/ros2_jazzy/install/launch_testing:/home/rowanfoxx/ros2_jazzy/install/launch_yaml:/home/rowanfoxx/ros2_jazzy/install/launch_xml:/home/rowanfoxx/ros2_jazzy/install/launch:/home/rowanfoxx/ros2_jazzy/install/osrf_pycommon:/home/rowanfoxx/ros2_jazzy/install/domain_coordinator:/home/rowanfoxx/ros2_jazzy/install/ament_xmllint:/home/rowanfoxx/ros2_jazzy/install/ament_pyflakes:/home/rowanfoxx/ros2_jazzy/install/ament_pycodestyle:/home/rowanfoxx/ros2_jazzy/install/ament_pep257:/home/rowanfoxx/ros2_jazzy/install/ament_pclint:/home/rowanfoxx/ros2_jazzy/install/ament_package:/home/rowanfoxx/ros2_jazzy/install/ament_mypy:/home/rowanfoxx/ros2_jazzy/install/ament_lint_cmake:/home/rowanfoxx/ros2_jazzy/install/ament_flake8:/home/rowanfoxx/ros2_jazzy/install/ament_copyright:/home/rowanfoxx/ros2_jazzy/install/ament_lint:/home/rowanfoxx/ros2_jazzy/install/ament_index_python:/home/rowanfoxx/ros2_jazzy/install/ament_cpplint:/home/rowanfoxx/ros2_jazzy/install/ament_cppcheck:/home/rowanfoxx/ros2_jazzy/install/ament_clang_tidy:/home/rowanfoxx/ros2_jazzy/install/ament_clang_format DEBUGINFOD_URLS=https://debuginfod.fedoraproject.org/ _=/usr/bin/env /usr/bin/cmake --install /home/rowanfoxx/Documents/GitHub/LoCoBotRos/build/turtlesim
