[0.013s] Invoking command in '/home/locobot/LoCoBotRos/interbotix_ws/build/ecl_converters': AMENT_PREFIX_PATH=/home/locobot/LoCoBotRos/interbotix_ws/install/ecl_exceptions:/home/locobot/LoCoBotRos/interbotix_ws/install/ecl_concepts:/home/locobot/LoCoBotRos/interbotix_ws/install/ecl_type_traits:/home/locobot/LoCoBotRos/interbotix_ws/install/ecl_errors:/home/locobot/LoCoBotRos/interbotix_ws/install/ecl_mpl:/home/locobot/LoCoBotRos/interbotix_ws/install/ecl_config:${AMENT_PREFIX_PATH} CMAKE_PREFIX_PATH=/home/locobot/LoCoBotRos/interbotix_ws/install/ecl_exceptions:/home/locobot/LoCoBotRos/interbotix_ws/install/ecl_concepts:/home/locobot/LoCoBotRos/interbotix_ws/install/ecl_type_traits:/home/locobot/LoCoBotRos/interbotix_ws/install/ecl_errors:/home/locobot/LoCoBotRos/interbotix_ws/install/ecl_mpl:/home/locobot/LoCoBotRos/interbotix_ws/install/ecl_config:/home/locobot/apriltag_ws/install/apriltag_ros:/opt/ros/humble LD_LIBRARY_PATH=/home/locobot/LoCoBotRos/interbotix_ws/install/ecl_exceptions/lib:/home/locobot/LoCoBotRos/interbotix_ws/install/ecl_type_traits/lib:/home/locobot/LoCoBotRos/interbotix_ws/install/ecl_errors/lib:${LD_LIBRARY_PATH} PATH=/home/locobot/LoCoBotRos/interbotix_ws/install/ecl_type_traits/bin:/home/locobot/LoCoBotRos/interbotix_ws/install/ecl_config/bin:${PATH} /usr/bin/cmake --build /home/locobot/LoCoBotRos/interbotix_ws/build/ecl_converters -- -j16 -l16
[0.046s] [35m[1mConsolidate compiler generated dependencies of target demo_float_converters[0m
[0.046s] [35m[1mConsolidate compiler generated dependencies of target gtest_main[0m
[0.046s] [35m[1mConsolidate compiler generated dependencies of target gtest[0m
[0.055s] [ 20%] Built target demo_float_converters
[0.056s] [ 40%] Built target gtest_main
[0.056s] [ 60%] Built target gtest
[0.066s] [35m[1mConsolidate compiler generated dependencies of target ecl_test_byte_array_converters[0m
[0.066s] [35m[1mConsolidate compiler generated dependencies of target ecl_test_converters[0m
[0.076s] [100%] Built target ecl_test_converters
[0.076s] [100%] Built target ecl_test_byte_array_converters
[0.085s] Invoked command in '/home/locobot/LoCoBotRos/interbotix_ws/build/ecl_converters' returned '0': AMENT_PREFIX_PATH=/home/locobot/LoCoBotRos/interbotix_ws/install/ecl_exceptions:/home/locobot/LoCoBotRos/interbotix_ws/install/ecl_concepts:/home/locobot/LoCoBotRos/interbotix_ws/install/ecl_type_traits:/home/locobot/LoCoBotRos/interbotix_ws/install/ecl_errors:/home/locobot/LoCoBotRos/interbotix_ws/install/ecl_mpl:/home/locobot/LoCoBotRos/interbotix_ws/install/ecl_config:${AMENT_PREFIX_PATH} CMAKE_PREFIX_PATH=/home/locobot/LoCoBotRos/interbotix_ws/install/ecl_exceptions:/home/locobot/LoCoBotRos/interbotix_ws/install/ecl_concepts:/home/locobot/LoCoBotRos/interbotix_ws/install/ecl_type_traits:/home/locobot/LoCoBotRos/interbotix_ws/install/ecl_errors:/home/locobot/LoCoBotRos/interbotix_ws/install/ecl_mpl:/home/locobot/LoCoBotRos/interbotix_ws/install/ecl_config:/home/locobot/apriltag_ws/install/apriltag_ros:/opt/ros/humble LD_LIBRARY_PATH=/home/locobot/LoCoBotRos/interbotix_ws/install/ecl_exceptions/lib:/home/locobot/LoCoBotRos/interbotix_ws/install/ecl_type_traits/lib:/home/locobot/LoCoBotRos/interbotix_ws/install/ecl_errors/lib:${LD_LIBRARY_PATH} PATH=/home/locobot/LoCoBotRos/interbotix_ws/install/ecl_type_traits/bin:/home/locobot/LoCoBotRos/interbotix_ws/install/ecl_config/bin:${PATH} /usr/bin/cmake --build /home/locobot/LoCoBotRos/interbotix_ws/build/ecl_converters -- -j16 -l16
[0.087s] Invoking command in '/home/locobot/LoCoBotRos/interbotix_ws/build/ecl_converters': AMENT_PREFIX_PATH=/home/locobot/LoCoBotRos/interbotix_ws/install/ecl_exceptions:/home/locobot/LoCoBotRos/interbotix_ws/install/ecl_concepts:/home/locobot/LoCoBotRos/interbotix_ws/install/ecl_type_traits:/home/locobot/LoCoBotRos/interbotix_ws/install/ecl_errors:/home/locobot/LoCoBotRos/interbotix_ws/install/ecl_mpl:/home/locobot/LoCoBotRos/interbotix_ws/install/ecl_config:${AMENT_PREFIX_PATH} CMAKE_PREFIX_PATH=/home/locobot/LoCoBotRos/interbotix_ws/install/ecl_exceptions:/home/locobot/LoCoBotRos/interbotix_ws/install/ecl_concepts:/home/locobot/LoCoBotRos/interbotix_ws/install/ecl_type_traits:/home/locobot/LoCoBotRos/interbotix_ws/install/ecl_errors:/home/locobot/LoCoBotRos/interbotix_ws/install/ecl_mpl:/home/locobot/LoCoBotRos/interbotix_ws/install/ecl_config:/home/locobot/apriltag_ws/install/apriltag_ros:/opt/ros/humble LD_LIBRARY_PATH=/home/locobot/LoCoBotRos/interbotix_ws/install/ecl_exceptions/lib:/home/locobot/LoCoBotRos/interbotix_ws/install/ecl_type_traits/lib:/home/locobot/LoCoBotRos/interbotix_ws/install/ecl_errors/lib:${LD_LIBRARY_PATH} PATH=/home/locobot/LoCoBotRos/interbotix_ws/install/ecl_type_traits/bin:/home/locobot/LoCoBotRos/interbotix_ws/install/ecl_config/bin:${PATH} /usr/bin/cmake --install /home/locobot/LoCoBotRos/interbotix_ws/build/ecl_converters
[0.093s] -- Install configuration: "Release"
[0.093s] -- Up-to-date: /home/locobot/LoCoBotRos/interbotix_ws/install/ecl_converters/share/ament_index/resource_index/package_run_dependencies/ecl_converters
[0.093s] -- Up-to-date: /home/locobot/LoCoBotRos/interbotix_ws/install/ecl_converters/share/ament_index/resource_index/parent_prefix_path/ecl_converters
[0.093s] -- Up-to-date: /home/locobot/LoCoBotRos/interbotix_ws/install/ecl_converters/share/ecl_converters/environment/ament_prefix_path.sh
[0.093s] -- Up-to-date: /home/locobot/LoCoBotRos/interbotix_ws/install/ecl_converters/share/ecl_converters/environment/ament_prefix_path.dsv
[0.093s] -- Up-to-date: /home/locobot/LoCoBotRos/interbotix_ws/install/ecl_converters/share/ecl_converters/environment/path.sh
[0.093s] -- Up-to-date: /home/locobot/LoCoBotRos/interbotix_ws/install/ecl_converters/share/ecl_converters/environment/path.dsv
[0.093s] -- Up-to-date: /home/locobot/LoCoBotRos/interbotix_ws/install/ecl_converters/share/ecl_converters/local_setup.bash
[0.093s] -- Up-to-date: /home/locobot/LoCoBotRos/interbotix_ws/install/ecl_converters/share/ecl_converters/local_setup.sh
[0.093s] -- Up-to-date: /home/locobot/LoCoBotRos/interbotix_ws/install/ecl_converters/share/ecl_converters/local_setup.zsh
[0.093s] -- Up-to-date: /home/locobot/LoCoBotRos/interbotix_ws/install/ecl_converters/share/ecl_converters/local_setup.dsv
[0.093s] -- Installing: /home/locobot/LoCoBotRos/interbotix_ws/install/ecl_converters/share/ecl_converters/package.dsv
[0.093s] -- Up-to-date: /home/locobot/LoCoBotRos/interbotix_ws/install/ecl_converters/share/ament_index/resource_index/packages/ecl_converters
[0.094s] -- Up-to-date: /home/locobot/LoCoBotRos/interbotix_ws/install/ecl_converters/share/ecl_converters/cmake/ecl_convertersExport.cmake
[0.094s] -- Up-to-date: /home/locobot/LoCoBotRos/interbotix_ws/install/ecl_converters/share/ecl_converters/cmake/ament_cmake_export_targets-extras.cmake
[0.094s] -- Up-to-date: /home/locobot/LoCoBotRos/interbotix_ws/install/ecl_converters/share/ecl_converters/cmake/ament_cmake_export_include_directories-extras.cmake
[0.094s] -- Up-to-date: /home/locobot/LoCoBotRos/interbotix_ws/install/ecl_converters/share/ecl_converters/cmake/ament_cmake_export_dependencies-extras.cmake
[0.094s] -- Up-to-date: /home/locobot/LoCoBotRos/interbotix_ws/install/ecl_converters/share/ecl_converters/cmake/ecl_convertersConfig.cmake
[0.094s] -- Up-to-date: /home/locobot/LoCoBotRos/interbotix_ws/install/ecl_converters/share/ecl_converters/cmake/ecl_convertersConfig-version.cmake
[0.094s] -- Up-to-date: /home/locobot/LoCoBotRos/interbotix_ws/install/ecl_converters/share/ecl_converters/package.xml
[0.094s] -- Up-to-date: /home/locobot/LoCoBotRos/interbotix_ws/install/ecl_converters/include/ecl/converters.hpp
[0.094s] -- Up-to-date: /home/locobot/LoCoBotRos/interbotix_ws/install/ecl_converters/include/ecl/converters/char.hpp
[0.094s] -- Up-to-date: /home/locobot/LoCoBotRos/interbotix_ws/install/ecl_converters/include/ecl/converters/char_strings.hpp
[0.094s] -- Up-to-date: /home/locobot/LoCoBotRos/interbotix_ws/install/ecl_converters/include/ecl/converters/converter.hpp
[0.094s] -- Up-to-date: /home/locobot/LoCoBotRos/interbotix_ws/install/ecl_converters/include/ecl/converters/from_byte_array.hpp
[0.095s] -- Up-to-date: /home/locobot/LoCoBotRos/interbotix_ws/install/ecl_converters/include/ecl/converters/integers.hpp
[0.095s] -- Up-to-date: /home/locobot/LoCoBotRos/interbotix_ws/install/ecl_converters/include/ecl/converters/string.hpp
[0.095s] -- Up-to-date: /home/locobot/LoCoBotRos/interbotix_ws/install/ecl_converters/include/ecl/converters/to_byte_array.hpp
[0.095s] -- Up-to-date: /home/locobot/LoCoBotRos/interbotix_ws/install/ecl_converters/lib/ecl_converters/demo_float_converters
[0.097s] Invoked command in '/home/locobot/LoCoBotRos/interbotix_ws/build/ecl_converters' returned '0': AMENT_PREFIX_PATH=/home/locobot/LoCoBotRos/interbotix_ws/install/ecl_exceptions:/home/locobot/LoCoBotRos/interbotix_ws/install/ecl_concepts:/home/locobot/LoCoBotRos/interbotix_ws/install/ecl_type_traits:/home/locobot/LoCoBotRos/interbotix_ws/install/ecl_errors:/home/locobot/LoCoBotRos/interbotix_ws/install/ecl_mpl:/home/locobot/LoCoBotRos/interbotix_ws/install/ecl_config:${AMENT_PREFIX_PATH} CMAKE_PREFIX_PATH=/home/locobot/LoCoBotRos/interbotix_ws/install/ecl_exceptions:/home/locobot/LoCoBotRos/interbotix_ws/install/ecl_concepts:/home/locobot/LoCoBotRos/interbotix_ws/install/ecl_type_traits:/home/locobot/LoCoBotRos/interbotix_ws/install/ecl_errors:/home/locobot/LoCoBotRos/interbotix_ws/install/ecl_mpl:/home/locobot/LoCoBotRos/interbotix_ws/install/ecl_config:/home/locobot/apriltag_ws/install/apriltag_ros:/opt/ros/humble LD_LIBRARY_PATH=/home/locobot/LoCoBotRos/interbotix_ws/install/ecl_exceptions/lib:/home/locobot/LoCoBotRos/interbotix_ws/install/ecl_type_traits/lib:/home/locobot/LoCoBotRos/interbotix_ws/install/ecl_errors/lib:${LD_LIBRARY_PATH} PATH=/home/locobot/LoCoBotRos/interbotix_ws/install/ecl_type_traits/bin:/home/locobot/LoCoBotRos/interbotix_ws/install/ecl_config/bin:${PATH} /usr/bin/cmake --install /home/locobot/LoCoBotRos/interbotix_ws/build/ecl_converters
