[0.044s] Invoking command in '/home/locobot/LoCoBotRos/interbotix_ws/build/ecl_geometry': AMENT_PREFIX_PATH=/home/locobot/LoCoBotRos/interbotix_ws/install/ecl_linear_algebra:/home/locobot/LoCoBotRos/interbotix_ws/install/ecl_containers:/home/locobot/LoCoBotRos/interbotix_ws/install/ecl_formatters:/home/locobot/LoCoBotRos/interbotix_ws/install/ecl_utilities:/home/locobot/LoCoBotRos/interbotix_ws/install/ecl_converters:/home/locobot/LoCoBotRos/interbotix_ws/install/ecl_math:/home/locobot/LoCoBotRos/interbotix_ws/install/ecl_exceptions:/home/locobot/LoCoBotRos/interbotix_ws/install/ecl_concepts:/home/locobot/LoCoBotRos/interbotix_ws/install/ecl_type_traits:/home/locobot/LoCoBotRos/interbotix_ws/install/ecl_errors:/home/locobot/LoCoBotRos/interbotix_ws/install/ecl_mpl:/home/locobot/LoCoBotRos/interbotix_ws/install/ecl_eigen:/home/locobot/LoCoBotRos/interbotix_ws/install/ecl_config:${AMENT_PREFIX_PATH} CMAKE_PREFIX_PATH=/home/locobot/LoCoBotRos/interbotix_ws/install/ecl_linear_algebra:/home/locobot/LoCoBotRos/interbotix_ws/install/ecl_containers:/home/locobot/LoCoBotRos/interbotix_ws/install/ecl_formatters:/home/locobot/LoCoBotRos/interbotix_ws/install/ecl_utilities:/home/locobot/LoCoBotRos/interbotix_ws/install/ecl_converters:/home/locobot/LoCoBotRos/interbotix_ws/install/ecl_math:/home/locobot/LoCoBotRos/interbotix_ws/install/ecl_exceptions:/home/locobot/LoCoBotRos/interbotix_ws/install/ecl_concepts:/home/locobot/LoCoBotRos/interbotix_ws/install/ecl_type_traits:/home/locobot/LoCoBotRos/interbotix_ws/install/ecl_errors:/home/locobot/LoCoBotRos/interbotix_ws/install/sophus:/home/locobot/LoCoBotRos/interbotix_ws/install/ecl_mpl:/home/locobot/LoCoBotRos/interbotix_ws/install/ecl_eigen:/home/locobot/LoCoBotRos/interbotix_ws/install/ecl_config:/home/locobot/apriltag_ws/install/apriltag_ros:/opt/ros/humble LD_LIBRARY_PATH=/home/locobot/LoCoBotRos/interbotix_ws/install/ecl_linear_algebra/lib:/home/locobot/LoCoBotRos/interbotix_ws/install/ecl_formatters/lib:/home/locobot/LoCoBotRos/interbotix_ws/install/ecl_exceptions/lib:/home/locobot/LoCoBotRos/interbotix_ws/install/ecl_type_traits/lib:/home/locobot/LoCoBotRos/interbotix_ws/install/ecl_errors/lib:${LD_LIBRARY_PATH} PATH=/home/locobot/LoCoBotRos/interbotix_ws/install/ecl_type_traits/bin:/home/locobot/LoCoBotRos/interbotix_ws/install/ecl_config/bin:${PATH} PKG_CONFIG_PATH=/home/locobot/LoCoBotRos/interbotix_ws/install/sophus/lib/x86_64-linux-gnu/pkgconfig:/home/locobot/LoCoBotRos/interbotix_ws/install/sophus/lib/pkgconfig /usr/bin/cmake /home/locobot/LoCoBotRos/interbotix_ws/src/ecl_core/ecl_geometry -DCMAKE_INSTALL_PREFIX=/home/locobot/LoCoBotRos/interbotix_ws/install/ecl_geometry
[0.073s] -- Found ament_cmake_ros: 0.10.0 (/opt/ros/humble/share/ament_cmake_ros/cmake)
[0.245s] -- Found ecl_build: 1.0.3 (/opt/ros/humble/share/ecl_build/cmake)
[0.252s] -- Found ecl_config: 1.2.0 (/home/locobot/LoCoBotRos/interbotix_ws/install/ecl_config/share/ecl_config/cmake)
[0.254s] -- Found ecl_containers: 1.2.1 (/home/locobot/LoCoBotRos/interbotix_ws/install/ecl_containers/share/ecl_containers/cmake)
[0.288s] -- Found ecl_linear_algebra: 1.2.1 (/home/locobot/LoCoBotRos/interbotix_ws/install/ecl_linear_algebra/share/ecl_linear_algebra/cmake)
[0.384s] -- Found ament_lint_auto: 0.12.12 (/opt/ros/humble/share/ament_lint_auto/cmake)
[0.393s] -- Found gtest sources under '/opt/ros/humble/src/gtest_vendor': C++ tests using 'Google Test' will be built
[0.431s] -- Configuring done
[0.511s] -- Generating done
[0.531s] -- Build files have been written to: /home/locobot/LoCoBotRos/interbotix_ws/build/ecl_geometry
[0.536s] Invoked command in '/home/locobot/LoCoBotRos/interbotix_ws/build/ecl_geometry' returned '0': AMENT_PREFIX_PATH=/home/locobot/LoCoBotRos/interbotix_ws/install/ecl_linear_algebra:/home/locobot/LoCoBotRos/interbotix_ws/install/ecl_containers:/home/locobot/LoCoBotRos/interbotix_ws/install/ecl_formatters:/home/locobot/LoCoBotRos/interbotix_ws/install/ecl_utilities:/home/locobot/LoCoBotRos/interbotix_ws/install/ecl_converters:/home/locobot/LoCoBotRos/interbotix_ws/install/ecl_math:/home/locobot/LoCoBotRos/interbotix_ws/install/ecl_exceptions:/home/locobot/LoCoBotRos/interbotix_ws/install/ecl_concepts:/home/locobot/LoCoBotRos/interbotix_ws/install/ecl_type_traits:/home/locobot/LoCoBotRos/interbotix_ws/install/ecl_errors:/home/locobot/LoCoBotRos/interbotix_ws/install/ecl_mpl:/home/locobot/LoCoBotRos/interbotix_ws/install/ecl_eigen:/home/locobot/LoCoBotRos/interbotix_ws/install/ecl_config:${AMENT_PREFIX_PATH} CMAKE_PREFIX_PATH=/home/locobot/LoCoBotRos/interbotix_ws/install/ecl_linear_algebra:/home/locobot/LoCoBotRos/interbotix_ws/install/ecl_containers:/home/locobot/LoCoBotRos/interbotix_ws/install/ecl_formatters:/home/locobot/LoCoBotRos/interbotix_ws/install/ecl_utilities:/home/locobot/LoCoBotRos/interbotix_ws/install/ecl_converters:/home/locobot/LoCoBotRos/interbotix_ws/install/ecl_math:/home/locobot/LoCoBotRos/interbotix_ws/install/ecl_exceptions:/home/locobot/LoCoBotRos/interbotix_ws/install/ecl_concepts:/home/locobot/LoCoBotRos/interbotix_ws/install/ecl_type_traits:/home/locobot/LoCoBotRos/interbotix_ws/install/ecl_errors:/home/locobot/LoCoBotRos/interbotix_ws/install/sophus:/home/locobot/LoCoBotRos/interbotix_ws/install/ecl_mpl:/home/locobot/LoCoBotRos/interbotix_ws/install/ecl_eigen:/home/locobot/LoCoBotRos/interbotix_ws/install/ecl_config:/home/locobot/apriltag_ws/install/apriltag_ros:/opt/ros/humble LD_LIBRARY_PATH=/home/locobot/LoCoBotRos/interbotix_ws/install/ecl_linear_algebra/lib:/home/locobot/LoCoBotRos/interbotix_ws/install/ecl_formatters/lib:/home/locobot/LoCoBotRos/interbotix_ws/install/ecl_exceptions/lib:/home/locobot/LoCoBotRos/interbotix_ws/install/ecl_type_traits/lib:/home/locobot/LoCoBotRos/interbotix_ws/install/ecl_errors/lib:${LD_LIBRARY_PATH} PATH=/home/locobot/LoCoBotRos/interbotix_ws/install/ecl_type_traits/bin:/home/locobot/LoCoBotRos/interbotix_ws/install/ecl_config/bin:${PATH} PKG_CONFIG_PATH=/home/locobot/LoCoBotRos/interbotix_ws/install/sophus/lib/x86_64-linux-gnu/pkgconfig:/home/locobot/LoCoBotRos/interbotix_ws/install/sophus/lib/pkgconfig /usr/bin/cmake /home/locobot/LoCoBotRos/interbotix_ws/src/ecl_core/ecl_geometry -DCMAKE_INSTALL_PREFIX=/home/locobot/LoCoBotRos/interbotix_ws/install/ecl_geometry
[0.537s] Invoking command in '/home/locobot/LoCoBotRos/interbotix_ws/build/ecl_geometry': AMENT_PREFIX_PATH=/home/locobot/LoCoBotRos/interbotix_ws/install/ecl_linear_algebra:/home/locobot/LoCoBotRos/interbotix_ws/install/ecl_containers:/home/locobot/LoCoBotRos/interbotix_ws/install/ecl_formatters:/home/locobot/LoCoBotRos/interbotix_ws/install/ecl_utilities:/home/locobot/LoCoBotRos/interbotix_ws/install/ecl_converters:/home/locobot/LoCoBotRos/interbotix_ws/install/ecl_math:/home/locobot/LoCoBotRos/interbotix_ws/install/ecl_exceptions:/home/locobot/LoCoBotRos/interbotix_ws/install/ecl_concepts:/home/locobot/LoCoBotRos/interbotix_ws/install/ecl_type_traits:/home/locobot/LoCoBotRos/interbotix_ws/install/ecl_errors:/home/locobot/LoCoBotRos/interbotix_ws/install/ecl_mpl:/home/locobot/LoCoBotRos/interbotix_ws/install/ecl_eigen:/home/locobot/LoCoBotRos/interbotix_ws/install/ecl_config:${AMENT_PREFIX_PATH} CMAKE_PREFIX_PATH=/home/locobot/LoCoBotRos/interbotix_ws/install/ecl_linear_algebra:/home/locobot/LoCoBotRos/interbotix_ws/install/ecl_containers:/home/locobot/LoCoBotRos/interbotix_ws/install/ecl_formatters:/home/locobot/LoCoBotRos/interbotix_ws/install/ecl_utilities:/home/locobot/LoCoBotRos/interbotix_ws/install/ecl_converters:/home/locobot/LoCoBotRos/interbotix_ws/install/ecl_math:/home/locobot/LoCoBotRos/interbotix_ws/install/ecl_exceptions:/home/locobot/LoCoBotRos/interbotix_ws/install/ecl_concepts:/home/locobot/LoCoBotRos/interbotix_ws/install/ecl_type_traits:/home/locobot/LoCoBotRos/interbotix_ws/install/ecl_errors:/home/locobot/LoCoBotRos/interbotix_ws/install/sophus:/home/locobot/LoCoBotRos/interbotix_ws/install/ecl_mpl:/home/locobot/LoCoBotRos/interbotix_ws/install/ecl_eigen:/home/locobot/LoCoBotRos/interbotix_ws/install/ecl_config:/home/locobot/apriltag_ws/install/apriltag_ros:/opt/ros/humble LD_LIBRARY_PATH=/home/locobot/LoCoBotRos/interbotix_ws/install/ecl_linear_algebra/lib:/home/locobot/LoCoBotRos/interbotix_ws/install/ecl_formatters/lib:/home/locobot/LoCoBotRos/interbotix_ws/install/ecl_exceptions/lib:/home/locobot/LoCoBotRos/interbotix_ws/install/ecl_type_traits/lib:/home/locobot/LoCoBotRos/interbotix_ws/install/ecl_errors/lib:${LD_LIBRARY_PATH} PATH=/home/locobot/LoCoBotRos/interbotix_ws/install/ecl_type_traits/bin:/home/locobot/LoCoBotRos/interbotix_ws/install/ecl_config/bin:${PATH} PKG_CONFIG_PATH=/home/locobot/LoCoBotRos/interbotix_ws/install/sophus/lib/x86_64-linux-gnu/pkgconfig:/home/locobot/LoCoBotRos/interbotix_ws/install/sophus/lib/pkgconfig /usr/bin/cmake --build /home/locobot/LoCoBotRos/interbotix_ws/build/ecl_geometry -- -j16 -l16
[0.571s] [35m[1mConsolidate compiler generated dependencies of target gtest_main[0m
[0.573s] [35m[1mConsolidate compiler generated dependencies of target gtest[0m
[0.580s] [35m[1mConsolidate compiler generated dependencies of target ecl_geometry[0m
[0.583s] [  4%] Built target gtest_main
[0.586s] [  9%] Built target gtest
[0.608s] [ 40%] Built target ecl_geometry
[0.637s] [35m[1mConsolidate compiler generated dependencies of target ecl_test_linear_segment[0m
[0.638s] [35m[1mConsolidate compiler generated dependencies of target ecl_test_cartesian_points[0m
[0.638s] [35m[1mConsolidate compiler generated dependencies of target ecl_test_angles[0m
[0.638s] [35m[1mConsolidate compiler generated dependencies of target ecl_test_smooth_linear_splines[0m
[0.638s] [35m[1mConsolidate compiler generated dependencies of target ecl_test_cubic_splines[0m
[0.638s] [35m[1mConsolidate compiler generated dependencies of target ecl_test_legacy_pose2d[0m
[0.638s] [35m[1mConsolidate compiler generated dependencies of target ecl_test_polynomials[0m
[0.638s] [35m[1mConsolidate compiler generated dependencies of target ecl_test_homogeneous_points[0m
[0.638s] [35m[1mConsolidate compiler generated dependencies of target ecl_test_legacy_pose3d[0m
[0.638s] [35m[1mConsolidate compiler generated dependencies of target ecl_test_tension_splines[0m
[0.638s] [35m[1mConsolidate compiler generated dependencies of target ecl_test_pose2d[0m
[0.645s] [35m[1mConsolidate compiler generated dependencies of target ecl_test_tension_function[0m
[0.645s] [35m[1mConsolidate compiler generated dependencies of target ecl_test_odometry_helper[0m
[0.657s] [ 50%] Built target ecl_test_cubic_splines
[0.657s] [ 50%] Built target ecl_test_cartesian_points
[0.657s] [ 54%] Built target ecl_test_linear_segment
[0.658s] [ 59%] Built target ecl_test_legacy_pose3d
[0.660s] [ 63%] Built target ecl_test_angles
[0.661s] [ 68%] Built target ecl_test_legacy_pose2d
[0.661s] [ 77%] Built target ecl_test_pose2d
[0.661s] [ 77%] Built target ecl_test_polynomials
[0.661s] [ 81%] Built target ecl_test_homogeneous_points
[0.663s] [ 86%] Built target ecl_test_smooth_linear_splines
[0.665s] [ 90%] Built target ecl_test_tension_function
[0.669s] [ 95%] Built target ecl_test_tension_splines
[0.670s] [100%] Built target ecl_test_odometry_helper
[0.717s] Invoked command in '/home/locobot/LoCoBotRos/interbotix_ws/build/ecl_geometry' returned '0': AMENT_PREFIX_PATH=/home/locobot/LoCoBotRos/interbotix_ws/install/ecl_linear_algebra:/home/locobot/LoCoBotRos/interbotix_ws/install/ecl_containers:/home/locobot/LoCoBotRos/interbotix_ws/install/ecl_formatters:/home/locobot/LoCoBotRos/interbotix_ws/install/ecl_utilities:/home/locobot/LoCoBotRos/interbotix_ws/install/ecl_converters:/home/locobot/LoCoBotRos/interbotix_ws/install/ecl_math:/home/locobot/LoCoBotRos/interbotix_ws/install/ecl_exceptions:/home/locobot/LoCoBotRos/interbotix_ws/install/ecl_concepts:/home/locobot/LoCoBotRos/interbotix_ws/install/ecl_type_traits:/home/locobot/LoCoBotRos/interbotix_ws/install/ecl_errors:/home/locobot/LoCoBotRos/interbotix_ws/install/ecl_mpl:/home/locobot/LoCoBotRos/interbotix_ws/install/ecl_eigen:/home/locobot/LoCoBotRos/interbotix_ws/install/ecl_config:${AMENT_PREFIX_PATH} CMAKE_PREFIX_PATH=/home/locobot/LoCoBotRos/interbotix_ws/install/ecl_linear_algebra:/home/locobot/LoCoBotRos/interbotix_ws/install/ecl_containers:/home/locobot/LoCoBotRos/interbotix_ws/install/ecl_formatters:/home/locobot/LoCoBotRos/interbotix_ws/install/ecl_utilities:/home/locobot/LoCoBotRos/interbotix_ws/install/ecl_converters:/home/locobot/LoCoBotRos/interbotix_ws/install/ecl_math:/home/locobot/LoCoBotRos/interbotix_ws/install/ecl_exceptions:/home/locobot/LoCoBotRos/interbotix_ws/install/ecl_concepts:/home/locobot/LoCoBotRos/interbotix_ws/install/ecl_type_traits:/home/locobot/LoCoBotRos/interbotix_ws/install/ecl_errors:/home/locobot/LoCoBotRos/interbotix_ws/install/sophus:/home/locobot/LoCoBotRos/interbotix_ws/install/ecl_mpl:/home/locobot/LoCoBotRos/interbotix_ws/install/ecl_eigen:/home/locobot/LoCoBotRos/interbotix_ws/install/ecl_config:/home/locobot/apriltag_ws/install/apriltag_ros:/opt/ros/humble LD_LIBRARY_PATH=/home/locobot/LoCoBotRos/interbotix_ws/install/ecl_linear_algebra/lib:/home/locobot/LoCoBotRos/interbotix_ws/install/ecl_formatters/lib:/home/locobot/LoCoBotRos/interbotix_ws/install/ecl_exceptions/lib:/home/locobot/LoCoBotRos/interbotix_ws/install/ecl_type_traits/lib:/home/locobot/LoCoBotRos/interbotix_ws/install/ecl_errors/lib:${LD_LIBRARY_PATH} PATH=/home/locobot/LoCoBotRos/interbotix_ws/install/ecl_type_traits/bin:/home/locobot/LoCoBotRos/interbotix_ws/install/ecl_config/bin:${PATH} PKG_CONFIG_PATH=/home/locobot/LoCoBotRos/interbotix_ws/install/sophus/lib/x86_64-linux-gnu/pkgconfig:/home/locobot/LoCoBotRos/interbotix_ws/install/sophus/lib/pkgconfig /usr/bin/cmake --build /home/locobot/LoCoBotRos/interbotix_ws/build/ecl_geometry -- -j16 -l16
[0.720s] Invoking command in '/home/locobot/LoCoBotRos/interbotix_ws/build/ecl_geometry': AMENT_PREFIX_PATH=/home/locobot/LoCoBotRos/interbotix_ws/install/ecl_linear_algebra:/home/locobot/LoCoBotRos/interbotix_ws/install/ecl_containers:/home/locobot/LoCoBotRos/interbotix_ws/install/ecl_formatters:/home/locobot/LoCoBotRos/interbotix_ws/install/ecl_utilities:/home/locobot/LoCoBotRos/interbotix_ws/install/ecl_converters:/home/locobot/LoCoBotRos/interbotix_ws/install/ecl_math:/home/locobot/LoCoBotRos/interbotix_ws/install/ecl_exceptions:/home/locobot/LoCoBotRos/interbotix_ws/install/ecl_concepts:/home/locobot/LoCoBotRos/interbotix_ws/install/ecl_type_traits:/home/locobot/LoCoBotRos/interbotix_ws/install/ecl_errors:/home/locobot/LoCoBotRos/interbotix_ws/install/ecl_mpl:/home/locobot/LoCoBotRos/interbotix_ws/install/ecl_eigen:/home/locobot/LoCoBotRos/interbotix_ws/install/ecl_config:${AMENT_PREFIX_PATH} CMAKE_PREFIX_PATH=/home/locobot/LoCoBotRos/interbotix_ws/install/ecl_linear_algebra:/home/locobot/LoCoBotRos/interbotix_ws/install/ecl_containers:/home/locobot/LoCoBotRos/interbotix_ws/install/ecl_formatters:/home/locobot/LoCoBotRos/interbotix_ws/install/ecl_utilities:/home/locobot/LoCoBotRos/interbotix_ws/install/ecl_converters:/home/locobot/LoCoBotRos/interbotix_ws/install/ecl_math:/home/locobot/LoCoBotRos/interbotix_ws/install/ecl_exceptions:/home/locobot/LoCoBotRos/interbotix_ws/install/ecl_concepts:/home/locobot/LoCoBotRos/interbotix_ws/install/ecl_type_traits:/home/locobot/LoCoBotRos/interbotix_ws/install/ecl_errors:/home/locobot/LoCoBotRos/interbotix_ws/install/sophus:/home/locobot/LoCoBotRos/interbotix_ws/install/ecl_mpl:/home/locobot/LoCoBotRos/interbotix_ws/install/ecl_eigen:/home/locobot/LoCoBotRos/interbotix_ws/install/ecl_config:/home/locobot/apriltag_ws/install/apriltag_ros:/opt/ros/humble LD_LIBRARY_PATH=/home/locobot/LoCoBotRos/interbotix_ws/install/ecl_linear_algebra/lib:/home/locobot/LoCoBotRos/interbotix_ws/install/ecl_formatters/lib:/home/locobot/LoCoBotRos/interbotix_ws/install/ecl_exceptions/lib:/home/locobot/LoCoBotRos/interbotix_ws/install/ecl_type_traits/lib:/home/locobot/LoCoBotRos/interbotix_ws/install/ecl_errors/lib:${LD_LIBRARY_PATH} PATH=/home/locobot/LoCoBotRos/interbotix_ws/install/ecl_type_traits/bin:/home/locobot/LoCoBotRos/interbotix_ws/install/ecl_config/bin:${PATH} PKG_CONFIG_PATH=/home/locobot/LoCoBotRos/interbotix_ws/install/sophus/lib/x86_64-linux-gnu/pkgconfig:/home/locobot/LoCoBotRos/interbotix_ws/install/sophus/lib/pkgconfig /usr/bin/cmake --install /home/locobot/LoCoBotRos/interbotix_ws/build/ecl_geometry
[0.728s] -- Install configuration: "Release"
[0.728s] -- Up-to-date: /home/locobot/LoCoBotRos/interbotix_ws/install/ecl_geometry/share/ecl_geometry/environment/library_path.sh
[0.728s] -- Installing: /home/locobot/LoCoBotRos/interbotix_ws/install/ecl_geometry/share/ecl_geometry/environment/library_path.dsv
[0.732s] -- Up-to-date: /home/locobot/LoCoBotRos/interbotix_ws/install/ecl_geometry/share/ament_index/resource_index/package_run_dependencies/ecl_geometry
[0.733s] -- Up-to-date: /home/locobot/LoCoBotRos/interbotix_ws/install/ecl_geometry/share/ament_index/resource_index/parent_prefix_path/ecl_geometry
[0.733s] -- Up-to-date: /home/locobot/LoCoBotRos/interbotix_ws/install/ecl_geometry/share/ecl_geometry/environment/ament_prefix_path.sh
[0.733s] -- Installing: /home/locobot/LoCoBotRos/interbotix_ws/install/ecl_geometry/share/ecl_geometry/environment/ament_prefix_path.dsv
[0.733s] -- Up-to-date: /home/locobot/LoCoBotRos/interbotix_ws/install/ecl_geometry/share/ecl_geometry/environment/path.sh
[0.735s] -- Installing: /home/locobot/LoCoBotRos/interbotix_ws/install/ecl_geometry/share/ecl_geometry/environment/path.dsv
[0.736s] -- Up-to-date: /home/locobot/LoCoBotRos/interbotix_ws/install/ecl_geometry/share/ecl_geometry/local_setup.bash
[0.736s] -- Up-to-date: /home/locobot/LoCoBotRos/interbotix_ws/install/ecl_geometry/share/ecl_geometry/local_setup.sh
[0.736s] -- Up-to-date: /home/locobot/LoCoBotRos/interbotix_ws/install/ecl_geometry/share/ecl_geometry/local_setup.zsh
[0.736s] -- Installing: /home/locobot/LoCoBotRos/interbotix_ws/install/ecl_geometry/share/ecl_geometry/local_setup.dsv
[0.736s] -- Installing: /home/locobot/LoCoBotRos/interbotix_ws/install/ecl_geometry/share/ecl_geometry/package.dsv
[0.736s] -- Up-to-date: /home/locobot/LoCoBotRos/interbotix_ws/install/ecl_geometry/share/ament_index/resource_index/packages/ecl_geometry
[0.736s] -- Up-to-date: /home/locobot/LoCoBotRos/interbotix_ws/install/ecl_geometry/share/ecl_geometry/cmake/ecl_geometryExport.cmake
[0.736s] -- Up-to-date: /home/locobot/LoCoBotRos/interbotix_ws/install/ecl_geometry/share/ecl_geometry/cmake/ecl_geometryExport-release.cmake
[0.736s] -- Up-to-date: /home/locobot/LoCoBotRos/interbotix_ws/install/ecl_geometry/share/ecl_geometry/cmake/ament_cmake_export_targets-extras.cmake
[0.737s] -- Up-to-date: /home/locobot/LoCoBotRos/interbotix_ws/install/ecl_geometry/share/ecl_geometry/cmake/ament_cmake_export_include_directories-extras.cmake
[0.737s] -- Up-to-date: /home/locobot/LoCoBotRos/interbotix_ws/install/ecl_geometry/share/ecl_geometry/cmake/ament_cmake_export_libraries-extras.cmake
[0.737s] -- Up-to-date: /home/locobot/LoCoBotRos/interbotix_ws/install/ecl_geometry/share/ecl_geometry/cmake/ament_cmake_export_dependencies-extras.cmake
[0.737s] -- Up-to-date: /home/locobot/LoCoBotRos/interbotix_ws/install/ecl_geometry/share/ecl_geometry/cmake/ecl_geometryConfig.cmake
[0.737s] -- Up-to-date: /home/locobot/LoCoBotRos/interbotix_ws/install/ecl_geometry/share/ecl_geometry/cmake/ecl_geometryConfig-version.cmake
[0.737s] -- Up-to-date: /home/locobot/LoCoBotRos/interbotix_ws/install/ecl_geometry/share/ecl_geometry/package.xml
[0.737s] -- Up-to-date: /home/locobot/LoCoBotRos/interbotix_ws/install/ecl_geometry/include/ecl/geometry.hpp
[0.737s] -- Up-to-date: /home/locobot/LoCoBotRos/interbotix_ws/install/ecl_geometry/include/ecl/geometry/angle.hpp
[0.737s] -- Up-to-date: /home/locobot/LoCoBotRos/interbotix_ws/install/ecl_geometry/include/ecl/geometry/cartesian_point.hpp
[0.738s] -- Up-to-date: /home/locobot/LoCoBotRos/interbotix_ws/install/ecl_geometry/include/ecl/geometry/cubic_spline.hpp
[0.738s] -- Up-to-date: /home/locobot/LoCoBotRos/interbotix_ws/install/ecl_geometry/include/ecl/geometry/function_math.hpp
[0.739s] -- Up-to-date: /home/locobot/LoCoBotRos/interbotix_ws/install/ecl_geometry/include/ecl/geometry/homogeneous_point.hpp
[0.739s] -- Up-to-date: /home/locobot/LoCoBotRos/interbotix_ws/install/ecl_geometry/include/ecl/geometry/legacy_pose2d.hpp
[0.739s] -- Up-to-date: /home/locobot/LoCoBotRos/interbotix_ws/install/ecl_geometry/include/ecl/geometry/legacy_pose3d.hpp
[0.740s] -- Up-to-date: /home/locobot/LoCoBotRos/interbotix_ws/install/ecl_geometry/include/ecl/geometry/linear_segment.hpp
[0.740s] -- Up-to-date: /home/locobot/LoCoBotRos/interbotix_ws/install/ecl_geometry/include/ecl/geometry/macros.hpp
[0.740s] -- Up-to-date: /home/locobot/LoCoBotRos/interbotix_ws/install/ecl_geometry/include/ecl/geometry/odometry.hpp
[0.740s] -- Up-to-date: /home/locobot/LoCoBotRos/interbotix_ws/install/ecl_geometry/include/ecl/geometry/odometry_helper.hpp
[0.740s] -- Up-to-date: /home/locobot/LoCoBotRos/interbotix_ws/install/ecl_geometry/include/ecl/geometry/odometry_typedefs.hpp
[0.741s] -- Up-to-date: /home/locobot/LoCoBotRos/interbotix_ws/install/ecl_geometry/include/ecl/geometry/pascals_triangle.hpp
[0.741s] -- Up-to-date: /home/locobot/LoCoBotRos/interbotix_ws/install/ecl_geometry/include/ecl/geometry/polynomial.hpp
[0.741s] -- Up-to-date: /home/locobot/LoCoBotRos/interbotix_ws/install/ecl_geometry/include/ecl/geometry/pose2d.hpp
[0.741s] -- Up-to-date: /home/locobot/LoCoBotRos/interbotix_ws/install/ecl_geometry/include/ecl/geometry/smooth_linear_spline.hpp
[0.741s] -- Up-to-date: /home/locobot/LoCoBotRos/interbotix_ws/install/ecl_geometry/include/ecl/geometry/spline_function.hpp
[0.742s] -- Up-to-date: /home/locobot/LoCoBotRos/interbotix_ws/install/ecl_geometry/include/ecl/geometry/tension_function.hpp
[0.742s] -- Up-to-date: /home/locobot/LoCoBotRos/interbotix_ws/install/ecl_geometry/include/ecl/geometry/tension_spline.hpp
[0.742s] -- Up-to-date: /home/locobot/LoCoBotRos/interbotix_ws/install/ecl_geometry/lib/libecl_geometry.so.1.2.1
[0.742s] -- Up-to-date: /home/locobot/LoCoBotRos/interbotix_ws/install/ecl_geometry/lib/libecl_geometry.so
[0.759s] Invoked command in '/home/locobot/LoCoBotRos/interbotix_ws/build/ecl_geometry' returned '0': AMENT_PREFIX_PATH=/home/locobot/LoCoBotRos/interbotix_ws/install/ecl_linear_algebra:/home/locobot/LoCoBotRos/interbotix_ws/install/ecl_containers:/home/locobot/LoCoBotRos/interbotix_ws/install/ecl_formatters:/home/locobot/LoCoBotRos/interbotix_ws/install/ecl_utilities:/home/locobot/LoCoBotRos/interbotix_ws/install/ecl_converters:/home/locobot/LoCoBotRos/interbotix_ws/install/ecl_math:/home/locobot/LoCoBotRos/interbotix_ws/install/ecl_exceptions:/home/locobot/LoCoBotRos/interbotix_ws/install/ecl_concepts:/home/locobot/LoCoBotRos/interbotix_ws/install/ecl_type_traits:/home/locobot/LoCoBotRos/interbotix_ws/install/ecl_errors:/home/locobot/LoCoBotRos/interbotix_ws/install/ecl_mpl:/home/locobot/LoCoBotRos/interbotix_ws/install/ecl_eigen:/home/locobot/LoCoBotRos/interbotix_ws/install/ecl_config:${AMENT_PREFIX_PATH} CMAKE_PREFIX_PATH=/home/locobot/LoCoBotRos/interbotix_ws/install/ecl_linear_algebra:/home/locobot/LoCoBotRos/interbotix_ws/install/ecl_containers:/home/locobot/LoCoBotRos/interbotix_ws/install/ecl_formatters:/home/locobot/LoCoBotRos/interbotix_ws/install/ecl_utilities:/home/locobot/LoCoBotRos/interbotix_ws/install/ecl_converters:/home/locobot/LoCoBotRos/interbotix_ws/install/ecl_math:/home/locobot/LoCoBotRos/interbotix_ws/install/ecl_exceptions:/home/locobot/LoCoBotRos/interbotix_ws/install/ecl_concepts:/home/locobot/LoCoBotRos/interbotix_ws/install/ecl_type_traits:/home/locobot/LoCoBotRos/interbotix_ws/install/ecl_errors:/home/locobot/LoCoBotRos/interbotix_ws/install/sophus:/home/locobot/LoCoBotRos/interbotix_ws/install/ecl_mpl:/home/locobot/LoCoBotRos/interbotix_ws/install/ecl_eigen:/home/locobot/LoCoBotRos/interbotix_ws/install/ecl_config:/home/locobot/apriltag_ws/install/apriltag_ros:/opt/ros/humble LD_LIBRARY_PATH=/home/locobot/LoCoBotRos/interbotix_ws/install/ecl_linear_algebra/lib:/home/locobot/LoCoBotRos/interbotix_ws/install/ecl_formatters/lib:/home/locobot/LoCoBotRos/interbotix_ws/install/ecl_exceptions/lib:/home/locobot/LoCoBotRos/interbotix_ws/install/ecl_type_traits/lib:/home/locobot/LoCoBotRos/interbotix_ws/install/ecl_errors/lib:${LD_LIBRARY_PATH} PATH=/home/locobot/LoCoBotRos/interbotix_ws/install/ecl_type_traits/bin:/home/locobot/LoCoBotRos/interbotix_ws/install/ecl_config/bin:${PATH} PKG_CONFIG_PATH=/home/locobot/LoCoBotRos/interbotix_ws/install/sophus/lib/x86_64-linux-gnu/pkgconfig:/home/locobot/LoCoBotRos/interbotix_ws/install/sophus/lib/pkgconfig /usr/bin/cmake --install /home/locobot/LoCoBotRos/interbotix_ws/build/ecl_geometry
