[0.021s] Invoking command in '/home/locobot/LoCoBotRos/interbotix_ws/build/ecl_devices': AMENT_PREFIX_PATH=/home/locobot/LoCoBotRos/interbotix_ws/install/ecl_containers:/home/locobot/LoCoBotRos/interbotix_ws/install/ecl_threads:/home/locobot/LoCoBotRos/interbotix_ws/install/ecl_formatters:/home/locobot/LoCoBotRos/interbotix_ws/install/ecl_utilities:/home/locobot/LoCoBotRos/interbotix_ws/install/ecl_time:/home/locobot/LoCoBotRos/interbotix_ws/install/ecl_converters:/home/locobot/LoCoBotRos/interbotix_ws/install/ecl_time_lite:/home/locobot/LoCoBotRos/interbotix_ws/install/ecl_exceptions:/home/locobot/LoCoBotRos/interbotix_ws/install/ecl_concepts:/home/locobot/LoCoBotRos/interbotix_ws/install/ecl_type_traits:/home/locobot/LoCoBotRos/interbotix_ws/install/ecl_errors:/home/locobot/LoCoBotRos/interbotix_ws/install/ecl_mpl:/home/locobot/LoCoBotRos/interbotix_ws/install/ecl_config:${AMENT_PREFIX_PATH} CMAKE_PREFIX_PATH=/home/locobot/LoCoBotRos/interbotix_ws/install/ecl_containers:/home/locobot/LoCoBotRos/interbotix_ws/install/ecl_threads:/home/locobot/LoCoBotRos/interbotix_ws/install/ecl_formatters:/home/locobot/LoCoBotRos/interbotix_ws/install/ecl_utilities:/home/locobot/LoCoBotRos/interbotix_ws/install/ecl_time:/home/locobot/LoCoBotRos/interbotix_ws/install/ecl_converters:/home/locobot/LoCoBotRos/interbotix_ws/install/ecl_time_lite:/home/locobot/LoCoBotRos/interbotix_ws/install/ecl_exceptions:/home/locobot/LoCoBotRos/interbotix_ws/install/ecl_concepts:/home/locobot/LoCoBotRos/interbotix_ws/install/ecl_type_traits:/home/locobot/LoCoBotRos/interbotix_ws/install/ecl_errors:/home/locobot/LoCoBotRos/interbotix_ws/install/ecl_mpl:/home/locobot/LoCoBotRos/interbotix_ws/install/ecl_config:/home/locobot/apriltag_ws/install/apriltag_ros:/opt/ros/humble LD_LIBRARY_PATH=/home/locobot/LoCoBotRos/interbotix_ws/install/ecl_threads/lib:/home/locobot/LoCoBotRos/interbotix_ws/install/ecl_formatters/lib:/home/locobot/LoCoBotRos/interbotix_ws/install/ecl_time/lib:/home/locobot/LoCoBotRos/interbotix_ws/install/ecl_time_lite/lib:/home/locobot/LoCoBotRos/interbotix_ws/install/ecl_exceptions/lib:/home/locobot/LoCoBotRos/interbotix_ws/install/ecl_type_traits/lib:/home/locobot/LoCoBotRos/interbotix_ws/install/ecl_errors/lib:${LD_LIBRARY_PATH} PATH=/home/locobot/LoCoBotRos/interbotix_ws/install/ecl_type_traits/bin:/home/locobot/LoCoBotRos/interbotix_ws/install/ecl_config/bin:${PATH} /usr/bin/cmake --build /home/locobot/LoCoBotRos/interbotix_ws/build/ecl_devices -- -j16 -l16
[0.062s] [  8%] Built target gtest_main
[0.064s] [ 16%] Built target gtest
[0.065s] [ 75%] Built target ecl_devices
[0.083s] [100%] Built target ecl_test_files
[0.083s] [100%] Built target ecl_demo_serial_timeouts
[0.083s] [100%] Built target ecl_test_shared_files
[0.092s] Invoked command in '/home/locobot/LoCoBotRos/interbotix_ws/build/ecl_devices' returned '0': AMENT_PREFIX_PATH=/home/locobot/LoCoBotRos/interbotix_ws/install/ecl_containers:/home/locobot/LoCoBotRos/interbotix_ws/install/ecl_threads:/home/locobot/LoCoBotRos/interbotix_ws/install/ecl_formatters:/home/locobot/LoCoBotRos/interbotix_ws/install/ecl_utilities:/home/locobot/LoCoBotRos/interbotix_ws/install/ecl_time:/home/locobot/LoCoBotRos/interbotix_ws/install/ecl_converters:/home/locobot/LoCoBotRos/interbotix_ws/install/ecl_time_lite:/home/locobot/LoCoBotRos/interbotix_ws/install/ecl_exceptions:/home/locobot/LoCoBotRos/interbotix_ws/install/ecl_concepts:/home/locobot/LoCoBotRos/interbotix_ws/install/ecl_type_traits:/home/locobot/LoCoBotRos/interbotix_ws/install/ecl_errors:/home/locobot/LoCoBotRos/interbotix_ws/install/ecl_mpl:/home/locobot/LoCoBotRos/interbotix_ws/install/ecl_config:${AMENT_PREFIX_PATH} CMAKE_PREFIX_PATH=/home/locobot/LoCoBotRos/interbotix_ws/install/ecl_containers:/home/locobot/LoCoBotRos/interbotix_ws/install/ecl_threads:/home/locobot/LoCoBotRos/interbotix_ws/install/ecl_formatters:/home/locobot/LoCoBotRos/interbotix_ws/install/ecl_utilities:/home/locobot/LoCoBotRos/interbotix_ws/install/ecl_time:/home/locobot/LoCoBotRos/interbotix_ws/install/ecl_converters:/home/locobot/LoCoBotRos/interbotix_ws/install/ecl_time_lite:/home/locobot/LoCoBotRos/interbotix_ws/install/ecl_exceptions:/home/locobot/LoCoBotRos/interbotix_ws/install/ecl_concepts:/home/locobot/LoCoBotRos/interbotix_ws/install/ecl_type_traits:/home/locobot/LoCoBotRos/interbotix_ws/install/ecl_errors:/home/locobot/LoCoBotRos/interbotix_ws/install/ecl_mpl:/home/locobot/LoCoBotRos/interbotix_ws/install/ecl_config:/home/locobot/apriltag_ws/install/apriltag_ros:/opt/ros/humble LD_LIBRARY_PATH=/home/locobot/LoCoBotRos/interbotix_ws/install/ecl_threads/lib:/home/locobot/LoCoBotRos/interbotix_ws/install/ecl_formatters/lib:/home/locobot/LoCoBotRos/interbotix_ws/install/ecl_time/lib:/home/locobot/LoCoBotRos/interbotix_ws/install/ecl_time_lite/lib:/home/locobot/LoCoBotRos/interbotix_ws/install/ecl_exceptions/lib:/home/locobot/LoCoBotRos/interbotix_ws/install/ecl_type_traits/lib:/home/locobot/LoCoBotRos/interbotix_ws/install/ecl_errors/lib:${LD_LIBRARY_PATH} PATH=/home/locobot/LoCoBotRos/interbotix_ws/install/ecl_type_traits/bin:/home/locobot/LoCoBotRos/interbotix_ws/install/ecl_config/bin:${PATH} /usr/bin/cmake --build /home/locobot/LoCoBotRos/interbotix_ws/build/ecl_devices -- -j16 -l16
[0.093s] Invoking command in '/home/locobot/LoCoBotRos/interbotix_ws/build/ecl_devices': AMENT_PREFIX_PATH=/home/locobot/LoCoBotRos/interbotix_ws/install/ecl_containers:/home/locobot/LoCoBotRos/interbotix_ws/install/ecl_threads:/home/locobot/LoCoBotRos/interbotix_ws/install/ecl_formatters:/home/locobot/LoCoBotRos/interbotix_ws/install/ecl_utilities:/home/locobot/LoCoBotRos/interbotix_ws/install/ecl_time:/home/locobot/LoCoBotRos/interbotix_ws/install/ecl_converters:/home/locobot/LoCoBotRos/interbotix_ws/install/ecl_time_lite:/home/locobot/LoCoBotRos/interbotix_ws/install/ecl_exceptions:/home/locobot/LoCoBotRos/interbotix_ws/install/ecl_concepts:/home/locobot/LoCoBotRos/interbotix_ws/install/ecl_type_traits:/home/locobot/LoCoBotRos/interbotix_ws/install/ecl_errors:/home/locobot/LoCoBotRos/interbotix_ws/install/ecl_mpl:/home/locobot/LoCoBotRos/interbotix_ws/install/ecl_config:${AMENT_PREFIX_PATH} CMAKE_PREFIX_PATH=/home/locobot/LoCoBotRos/interbotix_ws/install/ecl_containers:/home/locobot/LoCoBotRos/interbotix_ws/install/ecl_threads:/home/locobot/LoCoBotRos/interbotix_ws/install/ecl_formatters:/home/locobot/LoCoBotRos/interbotix_ws/install/ecl_utilities:/home/locobot/LoCoBotRos/interbotix_ws/install/ecl_time:/home/locobot/LoCoBotRos/interbotix_ws/install/ecl_converters:/home/locobot/LoCoBotRos/interbotix_ws/install/ecl_time_lite:/home/locobot/LoCoBotRos/interbotix_ws/install/ecl_exceptions:/home/locobot/LoCoBotRos/interbotix_ws/install/ecl_concepts:/home/locobot/LoCoBotRos/interbotix_ws/install/ecl_type_traits:/home/locobot/LoCoBotRos/interbotix_ws/install/ecl_errors:/home/locobot/LoCoBotRos/interbotix_ws/install/ecl_mpl:/home/locobot/LoCoBotRos/interbotix_ws/install/ecl_config:/home/locobot/apriltag_ws/install/apriltag_ros:/opt/ros/humble LD_LIBRARY_PATH=/home/locobot/LoCoBotRos/interbotix_ws/install/ecl_threads/lib:/home/locobot/LoCoBotRos/interbotix_ws/install/ecl_formatters/lib:/home/locobot/LoCoBotRos/interbotix_ws/install/ecl_time/lib:/home/locobot/LoCoBotRos/interbotix_ws/install/ecl_time_lite/lib:/home/locobot/LoCoBotRos/interbotix_ws/install/ecl_exceptions/lib:/home/locobot/LoCoBotRos/interbotix_ws/install/ecl_type_traits/lib:/home/locobot/LoCoBotRos/interbotix_ws/install/ecl_errors/lib:${LD_LIBRARY_PATH} PATH=/home/locobot/LoCoBotRos/interbotix_ws/install/ecl_type_traits/bin:/home/locobot/LoCoBotRos/interbotix_ws/install/ecl_config/bin:${PATH} /usr/bin/cmake --install /home/locobot/LoCoBotRos/interbotix_ws/build/ecl_devices
[0.099s] -- Install configuration: "Release"
[0.099s] -- Up-to-date: /home/locobot/LoCoBotRos/interbotix_ws/install/ecl_devices/share/ecl_devices/environment/library_path.sh
[0.099s] -- Up-to-date: /home/locobot/LoCoBotRos/interbotix_ws/install/ecl_devices/share/ecl_devices/environment/library_path.dsv
[0.099s] -- Up-to-date: /home/locobot/LoCoBotRos/interbotix_ws/install/ecl_devices/share/ament_index/resource_index/package_run_dependencies/ecl_devices
[0.100s] -- Up-to-date: /home/locobot/LoCoBotRos/interbotix_ws/install/ecl_devices/share/ament_index/resource_index/parent_prefix_path/ecl_devices
[0.100s] -- Up-to-date: /home/locobot/LoCoBotRos/interbotix_ws/install/ecl_devices/share/ecl_devices/environment/ament_prefix_path.sh
[0.100s] -- Up-to-date: /home/locobot/LoCoBotRos/interbotix_ws/install/ecl_devices/share/ecl_devices/environment/ament_prefix_path.dsv
[0.100s] -- Up-to-date: /home/locobot/LoCoBotRos/interbotix_ws/install/ecl_devices/share/ecl_devices/environment/path.sh
[0.100s] -- Up-to-date: /home/locobot/LoCoBotRos/interbotix_ws/install/ecl_devices/share/ecl_devices/environment/path.dsv
[0.100s] -- Up-to-date: /home/locobot/LoCoBotRos/interbotix_ws/install/ecl_devices/share/ecl_devices/local_setup.bash
[0.100s] -- Up-to-date: /home/locobot/LoCoBotRos/interbotix_ws/install/ecl_devices/share/ecl_devices/local_setup.sh
[0.100s] -- Up-to-date: /home/locobot/LoCoBotRos/interbotix_ws/install/ecl_devices/share/ecl_devices/local_setup.zsh
[0.100s] -- Up-to-date: /home/locobot/LoCoBotRos/interbotix_ws/install/ecl_devices/share/ecl_devices/local_setup.dsv
[0.100s] -- Installing: /home/locobot/LoCoBotRos/interbotix_ws/install/ecl_devices/share/ecl_devices/package.dsv
[0.100s] -- Up-to-date: /home/locobot/LoCoBotRos/interbotix_ws/install/ecl_devices/share/ament_index/resource_index/packages/ecl_devices
[0.100s] -- Up-to-date: /home/locobot/LoCoBotRos/interbotix_ws/install/ecl_devices/share/ecl_devices/cmake/ecl_devicesExport.cmake
[0.101s] -- Up-to-date: /home/locobot/LoCoBotRos/interbotix_ws/install/ecl_devices/share/ecl_devices/cmake/ecl_devicesExport-release.cmake
[0.101s] -- Up-to-date: /home/locobot/LoCoBotRos/interbotix_ws/install/ecl_devices/share/ecl_devices/cmake/ament_cmake_export_targets-extras.cmake
[0.101s] -- Up-to-date: /home/locobot/LoCoBotRos/interbotix_ws/install/ecl_devices/share/ecl_devices/cmake/ament_cmake_export_include_directories-extras.cmake
[0.101s] -- Up-to-date: /home/locobot/LoCoBotRos/interbotix_ws/install/ecl_devices/share/ecl_devices/cmake/ament_cmake_export_libraries-extras.cmake
[0.101s] -- Up-to-date: /home/locobot/LoCoBotRos/interbotix_ws/install/ecl_devices/share/ecl_devices/cmake/ament_cmake_export_dependencies-extras.cmake
[0.101s] -- Up-to-date: /home/locobot/LoCoBotRos/interbotix_ws/install/ecl_devices/share/ecl_devices/cmake/ecl_devicesConfig.cmake
[0.101s] -- Up-to-date: /home/locobot/LoCoBotRos/interbotix_ws/install/ecl_devices/share/ecl_devices/cmake/ecl_devicesConfig-version.cmake
[0.101s] -- Up-to-date: /home/locobot/LoCoBotRos/interbotix_ws/install/ecl_devices/share/ecl_devices/package.xml
[0.101s] -- Up-to-date: /home/locobot/LoCoBotRos/interbotix_ws/install/ecl_devices/include/ecl/devices.hpp
[0.101s] -- Up-to-date: /home/locobot/LoCoBotRos/interbotix_ws/install/ecl_devices/include/ecl/devices/console.hpp
[0.101s] -- Up-to-date: /home/locobot/LoCoBotRos/interbotix_ws/install/ecl_devices/include/ecl/devices/macros.hpp
[0.101s] -- Up-to-date: /home/locobot/LoCoBotRos/interbotix_ws/install/ecl_devices/include/ecl/devices/modes.hpp
[0.101s] -- Up-to-date: /home/locobot/LoCoBotRos/interbotix_ws/install/ecl_devices/include/ecl/devices/ofile.hpp
[0.101s] -- Up-to-date: /home/locobot/LoCoBotRos/interbotix_ws/install/ecl_devices/include/ecl/devices/ofile_pos.hpp
[0.101s] -- Up-to-date: /home/locobot/LoCoBotRos/interbotix_ws/install/ecl_devices/include/ecl/devices/ofile_w32.hpp
[0.101s] -- Up-to-date: /home/locobot/LoCoBotRos/interbotix_ws/install/ecl_devices/include/ecl/devices/serial.hpp
[0.102s] -- Up-to-date: /home/locobot/LoCoBotRos/interbotix_ws/install/ecl_devices/include/ecl/devices/serial_parameters.hpp
[0.102s] -- Up-to-date: /home/locobot/LoCoBotRos/interbotix_ws/install/ecl_devices/include/ecl/devices/serial_pos.hpp
[0.102s] -- Up-to-date: /home/locobot/LoCoBotRos/interbotix_ws/install/ecl_devices/include/ecl/devices/serial_w32.hpp
[0.102s] -- Up-to-date: /home/locobot/LoCoBotRos/interbotix_ws/install/ecl_devices/include/ecl/devices/shared_file.hpp
[0.102s] -- Up-to-date: /home/locobot/LoCoBotRos/interbotix_ws/install/ecl_devices/include/ecl/devices/socket.hpp
[0.102s] -- Up-to-date: /home/locobot/LoCoBotRos/interbotix_ws/install/ecl_devices/include/ecl/devices/socket_client_pos.hpp
[0.102s] -- Up-to-date: /home/locobot/LoCoBotRos/interbotix_ws/install/ecl_devices/include/ecl/devices/socket_connection_status.hpp
[0.102s] -- Up-to-date: /home/locobot/LoCoBotRos/interbotix_ws/install/ecl_devices/include/ecl/devices/socket_server_pos.hpp
[0.102s] -- Up-to-date: /home/locobot/LoCoBotRos/interbotix_ws/install/ecl_devices/include/ecl/devices/string.hpp
[0.102s] -- Up-to-date: /home/locobot/LoCoBotRos/interbotix_ws/install/ecl_devices/include/ecl/devices/traits.hpp
[0.102s] -- Up-to-date: /home/locobot/LoCoBotRos/interbotix_ws/install/ecl_devices/include/ecl/devices/detail/character_buffer.hpp
[0.102s] -- Up-to-date: /home/locobot/LoCoBotRos/interbotix_ws/install/ecl_devices/include/ecl/devices/detail/error_handler.hpp
[0.102s] -- Up-to-date: /home/locobot/LoCoBotRos/interbotix_ws/install/ecl_devices/include/ecl/devices/detail/exception_handler_pos.hpp
[0.102s] -- Up-to-date: /home/locobot/LoCoBotRos/interbotix_ws/install/ecl_devices/include/ecl/devices/detail/socket_error_handler_pos.hpp
[0.102s] -- Up-to-date: /home/locobot/LoCoBotRos/interbotix_ws/install/ecl_devices/include/ecl/devices/detail/socket_exception_handler_pos.hpp
[0.103s] -- Up-to-date: /home/locobot/LoCoBotRos/interbotix_ws/install/ecl_devices/lib/libecl_devices.so.1.2.1
[0.103s] -- Up-to-date: /home/locobot/LoCoBotRos/interbotix_ws/install/ecl_devices/lib/libecl_devices.so
[0.103s] -- Up-to-date: /home/locobot/LoCoBotRos/interbotix_ws/install/ecl_devices/lib/ecl_devices/demo_serial_timeouts
[0.104s] Invoked command in '/home/locobot/LoCoBotRos/interbotix_ws/build/ecl_devices' returned '0': AMENT_PREFIX_PATH=/home/locobot/LoCoBotRos/interbotix_ws/install/ecl_containers:/home/locobot/LoCoBotRos/interbotix_ws/install/ecl_threads:/home/locobot/LoCoBotRos/interbotix_ws/install/ecl_formatters:/home/locobot/LoCoBotRos/interbotix_ws/install/ecl_utilities:/home/locobot/LoCoBotRos/interbotix_ws/install/ecl_time:/home/locobot/LoCoBotRos/interbotix_ws/install/ecl_converters:/home/locobot/LoCoBotRos/interbotix_ws/install/ecl_time_lite:/home/locobot/LoCoBotRos/interbotix_ws/install/ecl_exceptions:/home/locobot/LoCoBotRos/interbotix_ws/install/ecl_concepts:/home/locobot/LoCoBotRos/interbotix_ws/install/ecl_type_traits:/home/locobot/LoCoBotRos/interbotix_ws/install/ecl_errors:/home/locobot/LoCoBotRos/interbotix_ws/install/ecl_mpl:/home/locobot/LoCoBotRos/interbotix_ws/install/ecl_config:${AMENT_PREFIX_PATH} CMAKE_PREFIX_PATH=/home/locobot/LoCoBotRos/interbotix_ws/install/ecl_containers:/home/locobot/LoCoBotRos/interbotix_ws/install/ecl_threads:/home/locobot/LoCoBotRos/interbotix_ws/install/ecl_formatters:/home/locobot/LoCoBotRos/interbotix_ws/install/ecl_utilities:/home/locobot/LoCoBotRos/interbotix_ws/install/ecl_time:/home/locobot/LoCoBotRos/interbotix_ws/install/ecl_converters:/home/locobot/LoCoBotRos/interbotix_ws/install/ecl_time_lite:/home/locobot/LoCoBotRos/interbotix_ws/install/ecl_exceptions:/home/locobot/LoCoBotRos/interbotix_ws/install/ecl_concepts:/home/locobot/LoCoBotRos/interbotix_ws/install/ecl_type_traits:/home/locobot/LoCoBotRos/interbotix_ws/install/ecl_errors:/home/locobot/LoCoBotRos/interbotix_ws/install/ecl_mpl:/home/locobot/LoCoBotRos/interbotix_ws/install/ecl_config:/home/locobot/apriltag_ws/install/apriltag_ros:/opt/ros/humble LD_LIBRARY_PATH=/home/locobot/LoCoBotRos/interbotix_ws/install/ecl_threads/lib:/home/locobot/LoCoBotRos/interbotix_ws/install/ecl_formatters/lib:/home/locobot/LoCoBotRos/interbotix_ws/install/ecl_time/lib:/home/locobot/LoCoBotRos/interbotix_ws/install/ecl_time_lite/lib:/home/locobot/LoCoBotRos/interbotix_ws/install/ecl_exceptions/lib:/home/locobot/LoCoBotRos/interbotix_ws/install/ecl_type_traits/lib:/home/locobot/LoCoBotRos/interbotix_ws/install/ecl_errors/lib:${LD_LIBRARY_PATH} PATH=/home/locobot/LoCoBotRos/interbotix_ws/install/ecl_type_traits/bin:/home/locobot/LoCoBotRos/interbotix_ws/install/ecl_config/bin:${PATH} /usr/bin/cmake --install /home/locobot/LoCoBotRos/interbotix_ws/build/ecl_devices
