[0.051s] Invoking command in '/home/locobot/LoCoBotRos/interbotix_ws/build/moveit_task_constructor_core': AMENT_PREFIX_PATH=/home/locobot/LoCoBotRos/interbotix_ws/install/moveit_planners:/home/locobot/LoCoBotRos/interbotix_ws/install/pilz_industrial_motion_planner:/home/locobot/LoCoBotRos/interbotix_ws/install/moveit_resources_prbt_pg70_support:/home/locobot/LoCoBotRos/interbotix_ws/install/moveit_ros_planning_interface:/home/locobot/LoCoBotRos/interbotix_ws/install/moveit_resources_prbt_moveit_config:/home/locobot/LoCoBotRos/interbotix_ws/install/moveit_ros_move_group:/home/locobot/LoCoBotRos/interbotix_ws/install/moveit_ros_warehouse:/home/locobot/LoCoBotRos/interbotix_ws/install/moveit_planners_ompl:/home/locobot/LoCoBotRos/interbotix_ws/install/moveit_kinematics:/home/locobot/LoCoBotRos/interbotix_ws/install/moveit_ros_planning:/home/locobot/LoCoBotRos/interbotix_ws/install/moveit_planners_chomp:/home/locobot/LoCoBotRos/interbotix_ws/install/pilz_industrial_motion_planner_testutils:/home/locobot/LoCoBotRos/interbotix_ws/install/moveit_simple_controller_manager:/home/locobot/LoCoBotRos/interbotix_ws/install/moveit_ros_occupancy_map_monitor:/home/locobot/LoCoBotRos/interbotix_ws/install/moveit_resources_prbt_ikfast_manipulator_plugin:/home/locobot/LoCoBotRos/interbotix_ws/install/chomp_motion_planner:/home/locobot/LoCoBotRos/interbotix_ws/install/moveit_core:/home/locobot/LoCoBotRos/interbotix_ws/install/rviz_marker_tools:/home/locobot/LoCoBotRos/interbotix_ws/install/moveit_resources_panda_moveit_config:/home/locobot/LoCoBotRos/interbotix_ws/install/moveit_resources_fanuc_moveit_config:/home/locobot/LoCoBotRos/interbotix_ws/install/moveit_configs_utils:/home/locobot/LoCoBotRos/interbotix_ws/install/srdfdom:/home/locobot/LoCoBotRos/interbotix_ws/install/moveit_task_constructor_msgs:/home/locobot/LoCoBotRos/interbotix_ws/install/moveit_resources_prbt_support:/home/locobot/LoCoBotRos/interbotix_ws/install/moveit_resources_pr2_description:/home/locobot/LoCoBotRos/interbotix_ws/install/moveit_resources_panda_description:/home/locobot/LoCoBotRos/interbotix_ws/install/moveit_resources_fanuc_description:/home/locobot/LoCoBotRos/interbotix_ws/install/moveit_common:/home/locobot/LoCoBotRos/interbotix_ws/install/launch_param_builder:${AMENT_PREFIX_PATH} CMAKE_PREFIX_PATH=/home/locobot/LoCoBotRos/interbotix_ws/install/moveit_planners:/home/locobot/LoCoBotRos/interbotix_ws/install/pilz_industrial_motion_planner:/home/locobot/LoCoBotRos/interbotix_ws/install/moveit_resources_prbt_pg70_support:/home/locobot/LoCoBotRos/interbotix_ws/install/moveit_ros_planning_interface:/home/locobot/LoCoBotRos/interbotix_ws/install/moveit_resources_prbt_moveit_config:/home/locobot/LoCoBotRos/interbotix_ws/install/moveit_ros_move_group:/home/locobot/LoCoBotRos/interbotix_ws/install/moveit_ros_warehouse:/home/locobot/LoCoBotRos/interbotix_ws/install/moveit_planners_ompl:/home/locobot/LoCoBotRos/interbotix_ws/install/moveit_kinematics:/home/locobot/LoCoBotRos/interbotix_ws/install/moveit_ros_planning:/home/locobot/LoCoBotRos/interbotix_ws/install/moveit_planners_chomp:/home/locobot/LoCoBotRos/interbotix_ws/install/pilz_industrial_motion_planner_testutils:/home/locobot/LoCoBotRos/interbotix_ws/install/moveit_simple_controller_manager:/home/locobot/LoCoBotRos/interbotix_ws/install/moveit_ros_occupancy_map_monitor:/home/locobot/LoCoBotRos/interbotix_ws/install/moveit_resources_prbt_ikfast_manipulator_plugin:/home/locobot/LoCoBotRos/interbotix_ws/install/chomp_motion_planner:/home/locobot/LoCoBotRos/interbotix_ws/install/moveit_core:/home/locobot/LoCoBotRos/interbotix_ws/install/rviz_marker_tools:/home/locobot/LoCoBotRos/interbotix_ws/install/moveit_resources_panda_moveit_config:/home/locobot/LoCoBotRos/interbotix_ws/install/moveit_resources_fanuc_moveit_config:/home/locobot/LoCoBotRos/interbotix_ws/install/srdfdom:/home/locobot/LoCoBotRos/interbotix_ws/install/moveit_task_constructor_msgs:/home/locobot/LoCoBotRos/interbotix_ws/install/moveit_resources_prbt_support:/home/locobot/LoCoBotRos/interbotix_ws/install/moveit_resources_pr2_description:/home/locobot/LoCoBotRos/interbotix_ws/install/moveit_resources_panda_description:/home/locobot/LoCoBotRos/interbotix_ws/install/moveit_resources_fanuc_description:/home/locobot/LoCoBotRos/interbotix_ws/install/moveit_common:/home/locobot/apriltag_ws/install/apriltag_ros:/opt/ros/humble LD_LIBRARY_PATH=/home/locobot/LoCoBotRos/interbotix_ws/install/pilz_industrial_motion_planner/lib:/home/locobot/LoCoBotRos/interbotix_ws/install/moveit_ros_planning_interface/lib:/home/locobot/LoCoBotRos/interbotix_ws/install/moveit_ros_move_group/lib:/home/locobot/LoCoBotRos/interbotix_ws/install/moveit_ros_warehouse/lib:/home/locobot/LoCoBotRos/interbotix_ws/install/moveit_planners_ompl/lib:/home/locobot/LoCoBotRos/interbotix_ws/install/moveit_kinematics/lib:/home/locobot/LoCoBotRos/interbotix_ws/install/moveit_ros_planning/lib:/home/locobot/LoCoBotRos/interbotix_ws/install/moveit_planners_chomp/lib:/home/locobot/LoCoBotRos/interbotix_ws/install/pilz_industrial_motion_planner_testutils/lib:/home/locobot/LoCoBotRos/interbotix_ws/install/moveit_simple_controller_manager/lib:/home/locobot/LoCoBotRos/interbotix_ws/install/moveit_ros_occupancy_map_monitor/lib:/home/locobot/LoCoBotRos/interbotix_ws/install/moveit_resources_prbt_ikfast_manipulator_plugin/lib:/home/locobot/LoCoBotRos/interbotix_ws/install/chomp_motion_planner/lib:/home/locobot/LoCoBotRos/interbotix_ws/install/moveit_core/lib:/home/locobot/LoCoBotRos/interbotix_ws/install/rviz_marker_tools/lib:/home/locobot/LoCoBotRos/interbotix_ws/install/srdfdom/lib:/home/locobot/LoCoBotRos/interbotix_ws/install/moveit_task_constructor_msgs/lib:${LD_LIBRARY_PATH} PATH=/home/locobot/LoCoBotRos/interbotix_ws/install/moveit_core/bin:${PATH} PYTHONPATH=/home/locobot/LoCoBotRos/interbotix_ws/install/moveit_configs_utils/lib/python3.10/site-packages:/home/locobot/LoCoBotRos/interbotix_ws/install/srdfdom/local/lib/python3.10/dist-packages:/home/locobot/LoCoBotRos/interbotix_ws/install/moveit_task_constructor_msgs/local/lib/python3.10/dist-packages:/home/locobot/LoCoBotRos/interbotix_ws/install/launch_param_builder/lib/python3.10/site-packages:${PYTHONPATH} /usr/bin/cmake /home/locobot/LoCoBotRos/interbotix_ws/src/moveit_task_constructor/core -DCMAKE_BUILD_TYPE=Release -DCMAKE_INSTALL_PREFIX=/home/locobot/LoCoBotRos/interbotix_ws/install/moveit_task_constructor_core
[0.103s] -- The C compiler identification is GNU 11.4.0
[0.153s] -- The CXX compiler identification is GNU 11.4.0
[0.160s] -- Detecting C compiler ABI info
[0.227s] -- Detecting C compiler ABI info - done
[0.233s] -- Check for working C compiler: /usr/bin/cc - skipped
[0.233s] -- Detecting C compile features
[0.233s] -- Detecting C compile features - done
[0.236s] -- Detecting CXX compiler ABI info
[0.313s] -- Detecting CXX compiler ABI info - done
[0.320s] -- Check for working CXX compiler: /usr/bin/c++ - skipped
[0.320s] -- Detecting CXX compile features
[0.320s] -- Detecting CXX compile features - done
[0.325s] -- Found ament_cmake: 1.3.11 (/opt/ros/humble/share/ament_cmake/cmake)
[0.456s] -- Found Python3: /usr/bin/python3 (found version "3.10.12") found components: Interpreter 
[0.562s] -- Found Boost: /usr/lib/x86_64-linux-gnu/cmake/Boost-1.74.0/BoostConfig.cmake (found version "1.74.0")  
[0.568s] -- Found geometry_msgs: 4.8.0 (/opt/ros/humble/share/geometry_msgs/cmake)
[0.616s] -- Found rosidl_generator_c: 3.1.6 (/opt/ros/humble/share/rosidl_generator_c/cmake)
[0.624s] -- Found rosidl_adapter: 3.1.6 (/opt/ros/humble/share/rosidl_adapter/cmake)
[0.638s] -- Found rosidl_generator_cpp: 3.1.6 (/opt/ros/humble/share/rosidl_generator_cpp/cmake)
[0.657s] -- Using all available rosidl_typesupport_c: rosidl_typesupport_fastrtps_c;rosidl_typesupport_introspection_c
[0.677s] -- Using all available rosidl_typesupport_cpp: rosidl_typesupport_fastrtps_cpp;rosidl_typesupport_introspection_cpp
[0.729s] -- Found moveit_common: 2.5.9 (/home/locobot/LoCoBotRos/interbotix_ws/install/moveit_common/share/moveit_common/cmake)
[0.789s] -- Found moveit_core: 2.5.9 (/home/locobot/LoCoBotRos/interbotix_ws/install/moveit_core/share/moveit_core/cmake)
[1.012s] -- Found Boost: /usr/lib/x86_64-linux-gnu/cmake/Boost-1.74.0/BoostConfig.cmake (found version "1.74.0") found components: chrono date_time filesystem iostreams program_options regex serialization system thread 
[1.071s] -- Found parameter_traits: 0.4.0 (/opt/ros/humble/share/parameter_traits/cmake)
[1.128s] -- Found rmw_implementation_cmake: 6.1.2 (/opt/ros/humble/share/rmw_implementation_cmake/cmake)
[1.133s] -- Found rmw_fastrtps_cpp: 6.2.7 (/opt/ros/humble/share/rmw_fastrtps_cpp/cmake)
[1.220s] -- Found OpenSSL: /usr/lib/x86_64-linux-gnu/libcrypto.so (found version "3.0.2")  
[1.242s] -- Found FastRTPS: /opt/ros/humble/include  
[1.279s] -- Using RMW implementation 'rmw_fastrtps_cpp' as default
[1.291s] -- Found Threads: TRUE  
[1.338s] -- Found Eigen3: TRUE (found version "3.4.0") 
[1.341s] -- Found rclcpp_lifecycle: 16.0.12 (/opt/ros/humble/share/rclcpp_lifecycle/cmake)
[1.367s] -- Found Boost: /usr/lib/x86_64-linux-gnu/cmake/Boost-1.74.0/BoostConfig.cmake (found version "1.74.0") found components: filesystem 
[1.456s] -- library: /usr/lib/x86_64-linux-gnu/libcurl.so
[1.522s] -- Ensuring Eigen3 include directory is part of orocos-kdl CMake target
[1.779s] -- Found moveit_ros_planning: 2.5.9 (/home/locobot/LoCoBotRos/interbotix_ws/install/moveit_ros_planning/share/moveit_ros_planning/cmake)
[1.785s] -- Found Boost: /usr/lib/x86_64-linux-gnu/cmake/Boost-1.74.0/BoostConfig.cmake (found version "1.74.0") found components: system filesystem date_time program_options thread chrono 
[1.806s] -- Found moveit_ros_planning_interface: 2.5.9 (/home/locobot/LoCoBotRos/interbotix_ws/install/moveit_ros_planning_interface/share/moveit_ros_planning_interface/cmake)
[1.810s] -- Found Boost: /usr/lib/x86_64-linux-gnu/cmake/Boost-1.74.0/BoostConfig.cmake (found version "1.74.0") found components: date_time filesystem program_options system thread 
[1.822s] -- Found Boost: /usr/lib/x86_64-linux-gnu/cmake/Boost-1.74.0/BoostConfig.cmake (found version "1.74.0") found components: thread system filesystem regex date_time program_options 
[1.843s] -- Found Boost: /usr/lib/x86_64-linux-gnu/cmake/Boost-1.74.0/BoostConfig.cmake (found version "1.74.0") found components: system filesystem date_time program_options thread 
[1.876s] -- Found moveit_task_constructor_msgs: 0.1.3 (/home/locobot/LoCoBotRos/interbotix_ws/install/moveit_task_constructor_msgs/share/moveit_task_constructor_msgs/cmake)
[1.907s] -- Found py_binding_tools: 2.0.1 (/opt/ros/humble/share/py_binding_tools/cmake)
[1.912s] -- Found rviz_marker_tools: 0.1.3 (/home/locobot/LoCoBotRos/interbotix_ws/install/rviz_marker_tools/share/rviz_marker_tools/cmake)
[2.101s] -- Found Python3: /usr/bin/python3 (found version "3.10.12") found components: Interpreter Development Development.Module Development.Embed 
[2.102s] [0mMissing content of submodule pybind11: Use 'git clone --recurse-submodule' in future.
[2.102s] Checking out content automatically[0m
[2.128s] Submodule 'core/python/pybind11' (https://github.com/pybind/pybind11) registered for path 'pybind11'
[2.128s] Submodule 'core/src/scope_guard' (https://github.com/ricab/scope_guard) registered for path '../src/scope_guard'
[2.151s] Cloning into '/home/locobot/LoCoBotRos/interbotix_ws/src/moveit_task_constructor/core/python/pybind11'...
[2.462s] Cloning into '/home/locobot/LoCoBotRos/interbotix_ws/src/moveit_task_constructor/core/src/scope_guard'...
[4.012s] From https://github.com/pybind/pybind11
[4.013s]  * branch              f4bc71f981d4eb2dd780215fd3c5a7420f1f03aa -> FETCH_HEAD
[4.045s] Submodule path 'pybind11': checked out 'f4bc71f981d4eb2dd780215fd3c5a7420f1f03aa'
[4.058s] Submodule path '../src/scope_guard': checked out '71a04528184db1749dd08ebbbf4daf3b5dca21fd'
[4.065s] -- pybind11 v2.13.0 dev1
[4.084s] -- Found PythonInterp: /usr/bin/python3 (found suitable version "3.10.12", minimum required is "3.6") 
[4.102s] -- Found PythonLibs: /usr/lib/x86_64-linux-gnu/libpython3.10.so
[4.104s] -- Performing Test HAS_FLTO
[4.245s] -- Performing Test HAS_FLTO - Success
[4.253s] -- Found ament_cmake_pytest: 1.3.11 (/opt/ros/humble/share/ament_cmake_pytest/cmake)
[4.257s] -- Found launch_testing_ament_cmake: 1.0.9 (/opt/ros/humble/share/launch_testing_ament_cmake/cmake)
[4.260s] -- Found python_cmake_module: 0.10.0 (/opt/ros/humble/share/python_cmake_module/cmake)
[4.337s] -- Found PythonLibs: /usr/lib/x86_64-linux-gnu/libpython3.10.so (found suitable version "3.10.12", minimum required is "3.5") 
[4.337s] -- Using PYTHON_EXECUTABLE: /usr/bin/python3
[4.337s] -- Using PYTHON_INCLUDE_DIRS: /usr/include/python3.10
[4.337s] -- Using PYTHON_LIBRARIES: /usr/lib/x86_64-linux-gnu/libpython3.10.so
[4.356s] -- Found PythonExtra: .so  
[4.724s] -- Found ament_cmake_gtest: 1.3.11 (/opt/ros/humble/share/ament_cmake_gtest/cmake)
[4.728s] -- Found ament_cmake_gmock: 1.3.11 (/opt/ros/humble/share/ament_cmake_gmock/cmake)
[4.728s] -- Found launch_testing_ament_cmake: 1.0.9 (/opt/ros/humble/share/launch_testing_ament_cmake/cmake)
[4.728s] -- Found python_cmake_module: 0.10.0 (/opt/ros/humble/share/python_cmake_module/cmake)
[4.747s] -- Using PYTHON_EXECUTABLE: /usr/bin/python3
[4.747s] -- Using PYTHON_INCLUDE_DIRS: /usr/include/python3.10
[4.747s] -- Using PYTHON_LIBRARIES: /usr/lib/x86_64-linux-gnu/libpython3.10.so
[4.751s] -- Found gmock sources under '/opt/ros/humble/src/gmock_vendor': C++ tests using 'Google Mock' will be built
[4.757s] -- Found gtest sources under '/opt/ros/humble/src/gtest_vendor': C++ tests using 'Google Test' will be built
[4.781s] -- Configuring done
[5.142s] -- Generating done
[5.222s] -- Build files have been written to: /home/locobot/LoCoBotRos/interbotix_ws/build/moveit_task_constructor_core
[5.245s] Invoked command in '/home/locobot/LoCoBotRos/interbotix_ws/build/moveit_task_constructor_core' returned '0': AMENT_PREFIX_PATH=/home/locobot/LoCoBotRos/interbotix_ws/install/moveit_planners:/home/locobot/LoCoBotRos/interbotix_ws/install/pilz_industrial_motion_planner:/home/locobot/LoCoBotRos/interbotix_ws/install/moveit_resources_prbt_pg70_support:/home/locobot/LoCoBotRos/interbotix_ws/install/moveit_ros_planning_interface:/home/locobot/LoCoBotRos/interbotix_ws/install/moveit_resources_prbt_moveit_config:/home/locobot/LoCoBotRos/interbotix_ws/install/moveit_ros_move_group:/home/locobot/LoCoBotRos/interbotix_ws/install/moveit_ros_warehouse:/home/locobot/LoCoBotRos/interbotix_ws/install/moveit_planners_ompl:/home/locobot/LoCoBotRos/interbotix_ws/install/moveit_kinematics:/home/locobot/LoCoBotRos/interbotix_ws/install/moveit_ros_planning:/home/locobot/LoCoBotRos/interbotix_ws/install/moveit_planners_chomp:/home/locobot/LoCoBotRos/interbotix_ws/install/pilz_industrial_motion_planner_testutils:/home/locobot/LoCoBotRos/interbotix_ws/install/moveit_simple_controller_manager:/home/locobot/LoCoBotRos/interbotix_ws/install/moveit_ros_occupancy_map_monitor:/home/locobot/LoCoBotRos/interbotix_ws/install/moveit_resources_prbt_ikfast_manipulator_plugin:/home/locobot/LoCoBotRos/interbotix_ws/install/chomp_motion_planner:/home/locobot/LoCoBotRos/interbotix_ws/install/moveit_core:/home/locobot/LoCoBotRos/interbotix_ws/install/rviz_marker_tools:/home/locobot/LoCoBotRos/interbotix_ws/install/moveit_resources_panda_moveit_config:/home/locobot/LoCoBotRos/interbotix_ws/install/moveit_resources_fanuc_moveit_config:/home/locobot/LoCoBotRos/interbotix_ws/install/moveit_configs_utils:/home/locobot/LoCoBotRos/interbotix_ws/install/srdfdom:/home/locobot/LoCoBotRos/interbotix_ws/install/moveit_task_constructor_msgs:/home/locobot/LoCoBotRos/interbotix_ws/install/moveit_resources_prbt_support:/home/locobot/LoCoBotRos/interbotix_ws/install/moveit_resources_pr2_description:/home/locobot/LoCoBotRos/interbotix_ws/install/moveit_resources_panda_description:/home/locobot/LoCoBotRos/interbotix_ws/install/moveit_resources_fanuc_description:/home/locobot/LoCoBotRos/interbotix_ws/install/moveit_common:/home/locobot/LoCoBotRos/interbotix_ws/install/launch_param_builder:${AMENT_PREFIX_PATH} CMAKE_PREFIX_PATH=/home/locobot/LoCoBotRos/interbotix_ws/install/moveit_planners:/home/locobot/LoCoBotRos/interbotix_ws/install/pilz_industrial_motion_planner:/home/locobot/LoCoBotRos/interbotix_ws/install/moveit_resources_prbt_pg70_support:/home/locobot/LoCoBotRos/interbotix_ws/install/moveit_ros_planning_interface:/home/locobot/LoCoBotRos/interbotix_ws/install/moveit_resources_prbt_moveit_config:/home/locobot/LoCoBotRos/interbotix_ws/install/moveit_ros_move_group:/home/locobot/LoCoBotRos/interbotix_ws/install/moveit_ros_warehouse:/home/locobot/LoCoBotRos/interbotix_ws/install/moveit_planners_ompl:/home/locobot/LoCoBotRos/interbotix_ws/install/moveit_kinematics:/home/locobot/LoCoBotRos/interbotix_ws/install/moveit_ros_planning:/home/locobot/LoCoBotRos/interbotix_ws/install/moveit_planners_chomp:/home/locobot/LoCoBotRos/interbotix_ws/install/pilz_industrial_motion_planner_testutils:/home/locobot/LoCoBotRos/interbotix_ws/install/moveit_simple_controller_manager:/home/locobot/LoCoBotRos/interbotix_ws/install/moveit_ros_occupancy_map_monitor:/home/locobot/LoCoBotRos/interbotix_ws/install/moveit_resources_prbt_ikfast_manipulator_plugin:/home/locobot/LoCoBotRos/interbotix_ws/install/chomp_motion_planner:/home/locobot/LoCoBotRos/interbotix_ws/install/moveit_core:/home/locobot/LoCoBotRos/interbotix_ws/install/rviz_marker_tools:/home/locobot/LoCoBotRos/interbotix_ws/install/moveit_resources_panda_moveit_config:/home/locobot/LoCoBotRos/interbotix_ws/install/moveit_resources_fanuc_moveit_config:/home/locobot/LoCoBotRos/interbotix_ws/install/srdfdom:/home/locobot/LoCoBotRos/interbotix_ws/install/moveit_task_constructor_msgs:/home/locobot/LoCoBotRos/interbotix_ws/install/moveit_resources_prbt_support:/home/locobot/LoCoBotRos/interbotix_ws/install/moveit_resources_pr2_description:/home/locobot/LoCoBotRos/interbotix_ws/install/moveit_resources_panda_description:/home/locobot/LoCoBotRos/interbotix_ws/install/moveit_resources_fanuc_description:/home/locobot/LoCoBotRos/interbotix_ws/install/moveit_common:/home/locobot/apriltag_ws/install/apriltag_ros:/opt/ros/humble LD_LIBRARY_PATH=/home/locobot/LoCoBotRos/interbotix_ws/install/pilz_industrial_motion_planner/lib:/home/locobot/LoCoBotRos/interbotix_ws/install/moveit_ros_planning_interface/lib:/home/locobot/LoCoBotRos/interbotix_ws/install/moveit_ros_move_group/lib:/home/locobot/LoCoBotRos/interbotix_ws/install/moveit_ros_warehouse/lib:/home/locobot/LoCoBotRos/interbotix_ws/install/moveit_planners_ompl/lib:/home/locobot/LoCoBotRos/interbotix_ws/install/moveit_kinematics/lib:/home/locobot/LoCoBotRos/interbotix_ws/install/moveit_ros_planning/lib:/home/locobot/LoCoBotRos/interbotix_ws/install/moveit_planners_chomp/lib:/home/locobot/LoCoBotRos/interbotix_ws/install/pilz_industrial_motion_planner_testutils/lib:/home/locobot/LoCoBotRos/interbotix_ws/install/moveit_simple_controller_manager/lib:/home/locobot/LoCoBotRos/interbotix_ws/install/moveit_ros_occupancy_map_monitor/lib:/home/locobot/LoCoBotRos/interbotix_ws/install/moveit_resources_prbt_ikfast_manipulator_plugin/lib:/home/locobot/LoCoBotRos/interbotix_ws/install/chomp_motion_planner/lib:/home/locobot/LoCoBotRos/interbotix_ws/install/moveit_core/lib:/home/locobot/LoCoBotRos/interbotix_ws/install/rviz_marker_tools/lib:/home/locobot/LoCoBotRos/interbotix_ws/install/srdfdom/lib:/home/locobot/LoCoBotRos/interbotix_ws/install/moveit_task_constructor_msgs/lib:${LD_LIBRARY_PATH} PATH=/home/locobot/LoCoBotRos/interbotix_ws/install/moveit_core/bin:${PATH} PYTHONPATH=/home/locobot/LoCoBotRos/interbotix_ws/install/moveit_configs_utils/lib/python3.10/site-packages:/home/locobot/LoCoBotRos/interbotix_ws/install/srdfdom/local/lib/python3.10/dist-packages:/home/locobot/LoCoBotRos/interbotix_ws/install/moveit_task_constructor_msgs/local/lib/python3.10/dist-packages:/home/locobot/LoCoBotRos/interbotix_ws/install/launch_param_builder/lib/python3.10/site-packages:${PYTHONPATH} /usr/bin/cmake /home/locobot/LoCoBotRos/interbotix_ws/src/moveit_task_constructor/core -DCMAKE_BUILD_TYPE=Release -DCMAKE_INSTALL_PREFIX=/home/locobot/LoCoBotRos/interbotix_ws/install/moveit_task_constructor_core
[5.247s] Invoking command in '/home/locobot/LoCoBotRos/interbotix_ws/build/moveit_task_constructor_core': AMENT_PREFIX_PATH=/home/locobot/LoCoBotRos/interbotix_ws/install/moveit_planners:/home/locobot/LoCoBotRos/interbotix_ws/install/pilz_industrial_motion_planner:/home/locobot/LoCoBotRos/interbotix_ws/install/moveit_resources_prbt_pg70_support:/home/locobot/LoCoBotRos/interbotix_ws/install/moveit_ros_planning_interface:/home/locobot/LoCoBotRos/interbotix_ws/install/moveit_resources_prbt_moveit_config:/home/locobot/LoCoBotRos/interbotix_ws/install/moveit_ros_move_group:/home/locobot/LoCoBotRos/interbotix_ws/install/moveit_ros_warehouse:/home/locobot/LoCoBotRos/interbotix_ws/install/moveit_planners_ompl:/home/locobot/LoCoBotRos/interbotix_ws/install/moveit_kinematics:/home/locobot/LoCoBotRos/interbotix_ws/install/moveit_ros_planning:/home/locobot/LoCoBotRos/interbotix_ws/install/moveit_planners_chomp:/home/locobot/LoCoBotRos/interbotix_ws/install/pilz_industrial_motion_planner_testutils:/home/locobot/LoCoBotRos/interbotix_ws/install/moveit_simple_controller_manager:/home/locobot/LoCoBotRos/interbotix_ws/install/moveit_ros_occupancy_map_monitor:/home/locobot/LoCoBotRos/interbotix_ws/install/moveit_resources_prbt_ikfast_manipulator_plugin:/home/locobot/LoCoBotRos/interbotix_ws/install/chomp_motion_planner:/home/locobot/LoCoBotRos/interbotix_ws/install/moveit_core:/home/locobot/LoCoBotRos/interbotix_ws/install/rviz_marker_tools:/home/locobot/LoCoBotRos/interbotix_ws/install/moveit_resources_panda_moveit_config:/home/locobot/LoCoBotRos/interbotix_ws/install/moveit_resources_fanuc_moveit_config:/home/locobot/LoCoBotRos/interbotix_ws/install/moveit_configs_utils:/home/locobot/LoCoBotRos/interbotix_ws/install/srdfdom:/home/locobot/LoCoBotRos/interbotix_ws/install/moveit_task_constructor_msgs:/home/locobot/LoCoBotRos/interbotix_ws/install/moveit_resources_prbt_support:/home/locobot/LoCoBotRos/interbotix_ws/install/moveit_resources_pr2_description:/home/locobot/LoCoBotRos/interbotix_ws/install/moveit_resources_panda_description:/home/locobot/LoCoBotRos/interbotix_ws/install/moveit_resources_fanuc_description:/home/locobot/LoCoBotRos/interbotix_ws/install/moveit_common:/home/locobot/LoCoBotRos/interbotix_ws/install/launch_param_builder:${AMENT_PREFIX_PATH} CMAKE_PREFIX_PATH=/home/locobot/LoCoBotRos/interbotix_ws/install/moveit_planners:/home/locobot/LoCoBotRos/interbotix_ws/install/pilz_industrial_motion_planner:/home/locobot/LoCoBotRos/interbotix_ws/install/moveit_resources_prbt_pg70_support:/home/locobot/LoCoBotRos/interbotix_ws/install/moveit_ros_planning_interface:/home/locobot/LoCoBotRos/interbotix_ws/install/moveit_resources_prbt_moveit_config:/home/locobot/LoCoBotRos/interbotix_ws/install/moveit_ros_move_group:/home/locobot/LoCoBotRos/interbotix_ws/install/moveit_ros_warehouse:/home/locobot/LoCoBotRos/interbotix_ws/install/moveit_planners_ompl:/home/locobot/LoCoBotRos/interbotix_ws/install/moveit_kinematics:/home/locobot/LoCoBotRos/interbotix_ws/install/moveit_ros_planning:/home/locobot/LoCoBotRos/interbotix_ws/install/moveit_planners_chomp:/home/locobot/LoCoBotRos/interbotix_ws/install/pilz_industrial_motion_planner_testutils:/home/locobot/LoCoBotRos/interbotix_ws/install/moveit_simple_controller_manager:/home/locobot/LoCoBotRos/interbotix_ws/install/moveit_ros_occupancy_map_monitor:/home/locobot/LoCoBotRos/interbotix_ws/install/moveit_resources_prbt_ikfast_manipulator_plugin:/home/locobot/LoCoBotRos/interbotix_ws/install/chomp_motion_planner:/home/locobot/LoCoBotRos/interbotix_ws/install/moveit_core:/home/locobot/LoCoBotRos/interbotix_ws/install/rviz_marker_tools:/home/locobot/LoCoBotRos/interbotix_ws/install/moveit_resources_panda_moveit_config:/home/locobot/LoCoBotRos/interbotix_ws/install/moveit_resources_fanuc_moveit_config:/home/locobot/LoCoBotRos/interbotix_ws/install/srdfdom:/home/locobot/LoCoBotRos/interbotix_ws/install/moveit_task_constructor_msgs:/home/locobot/LoCoBotRos/interbotix_ws/install/moveit_resources_prbt_support:/home/locobot/LoCoBotRos/interbotix_ws/install/moveit_resources_pr2_description:/home/locobot/LoCoBotRos/interbotix_ws/install/moveit_resources_panda_description:/home/locobot/LoCoBotRos/interbotix_ws/install/moveit_resources_fanuc_description:/home/locobot/LoCoBotRos/interbotix_ws/install/moveit_common:/home/locobot/apriltag_ws/install/apriltag_ros:/opt/ros/humble LD_LIBRARY_PATH=/home/locobot/LoCoBotRos/interbotix_ws/install/pilz_industrial_motion_planner/lib:/home/locobot/LoCoBotRos/interbotix_ws/install/moveit_ros_planning_interface/lib:/home/locobot/LoCoBotRos/interbotix_ws/install/moveit_ros_move_group/lib:/home/locobot/LoCoBotRos/interbotix_ws/install/moveit_ros_warehouse/lib:/home/locobot/LoCoBotRos/interbotix_ws/install/moveit_planners_ompl/lib:/home/locobot/LoCoBotRos/interbotix_ws/install/moveit_kinematics/lib:/home/locobot/LoCoBotRos/interbotix_ws/install/moveit_ros_planning/lib:/home/locobot/LoCoBotRos/interbotix_ws/install/moveit_planners_chomp/lib:/home/locobot/LoCoBotRos/interbotix_ws/install/pilz_industrial_motion_planner_testutils/lib:/home/locobot/LoCoBotRos/interbotix_ws/install/moveit_simple_controller_manager/lib:/home/locobot/LoCoBotRos/interbotix_ws/install/moveit_ros_occupancy_map_monitor/lib:/home/locobot/LoCoBotRos/interbotix_ws/install/moveit_resources_prbt_ikfast_manipulator_plugin/lib:/home/locobot/LoCoBotRos/interbotix_ws/install/chomp_motion_planner/lib:/home/locobot/LoCoBotRos/interbotix_ws/install/moveit_core/lib:/home/locobot/LoCoBotRos/interbotix_ws/install/rviz_marker_tools/lib:/home/locobot/LoCoBotRos/interbotix_ws/install/srdfdom/lib:/home/locobot/LoCoBotRos/interbotix_ws/install/moveit_task_constructor_msgs/lib:${LD_LIBRARY_PATH} PATH=/home/locobot/LoCoBotRos/interbotix_ws/install/moveit_core/bin:${PATH} PYTHONPATH=/home/locobot/LoCoBotRos/interbotix_ws/install/moveit_configs_utils/lib/python3.10/site-packages:/home/locobot/LoCoBotRos/interbotix_ws/install/srdfdom/local/lib/python3.10/dist-packages:/home/locobot/LoCoBotRos/interbotix_ws/install/moveit_task_constructor_msgs/local/lib/python3.10/dist-packages:/home/locobot/LoCoBotRos/interbotix_ws/install/launch_param_builder/lib/python3.10/site-packages:${PYTHONPATH} /usr/bin/cmake --build /home/locobot/LoCoBotRos/interbotix_ws/build/moveit_task_constructor_core -- -j16 -l16
[5.300s] [  7%] [32mBuilding CXX object src/CMakeFiles/moveit_task_constructor_core.dir/cost_terms.cpp.o[0m
[5.300s] [  7%] [32mBuilding CXX object gmock/CMakeFiles/gmock_main.dir/src/gmock_main.cc.o[0m
[5.301s] [  7%] [32mBuilding CXX object gtest/CMakeFiles/gtest.dir/src/gtest-all.cc.o[0m
[5.301s] [  7%] [32mBuilding CXX object gmock/CMakeFiles/gmock.dir/src/gmock-all.cc.o[0m
[5.301s] [  7%] [32mBuilding CXX object src/CMakeFiles/moveit_task_constructor_core.dir/container.cpp.o[0m
[5.301s] [  7%] [32mBuilding CXX object gmock/CMakeFiles/gmock.dir/opt/ros/humble/src/gtest_vendor/src/gtest-all.cc.o[0m
[5.301s] [  8%] [32mBuilding CXX object src/CMakeFiles/moveit_task_constructor_core.dir/marker_tools.cpp.o[0m
[5.301s] [  9%] [32mBuilding CXX object src/CMakeFiles/moveit_task_constructor_core.dir/properties.cpp.o[0m
[5.301s] [ 10%] [32mBuilding CXX object src/CMakeFiles/moveit_task_constructor_core.dir/merge.cpp.o[0m
[5.301s] [ 12%] [32mBuilding CXX object src/CMakeFiles/moveit_task_constructor_core.dir/stage.cpp.o[0m
[5.301s] [ 12%] [32mBuilding CXX object gtest/CMakeFiles/gtest_main.dir/src/gtest_main.cc.o[0m
[5.301s] [ 15%] [32mBuilding CXX object src/CMakeFiles/moveit_task_constructor_core.dir/utils.cpp.o[0m
[5.302s] [ 15%] [32mBuilding CXX object src/CMakeFiles/moveit_task_constructor_core.dir/storage.cpp.o[0m
[5.302s] [ 16%] [32mBuilding CXX object src/CMakeFiles/moveit_task_constructor_core.dir/introspection.cpp.o[0m
[5.309s] [ 17%] [32mBuilding CXX object src/CMakeFiles/moveit_task_constructor_core.dir/task.cpp.o[0m
[5.340s] [ 17%] Built target ament_cmake_python_copy_moveit
[5.367s] [ 18%] [32mBuilding CXX object src/CMakeFiles/moveit_task_constructor_core.dir/solvers/planner_interface.cpp.o[0m
[6.931s] [ 20%] [32m[1mLinking CXX static library libgtest_main.a[0m
[7.023s] [ 20%] Built target gtest_main
[7.042s] [ 21%] [32mBuilding CXX object src/CMakeFiles/moveit_task_constructor_core.dir/solvers/cartesian_path.cpp.o[0m
[7.339s] [ 22%] [32m[1mLinking CXX static library libgmock_main.a[0m
[7.446s] [ 22%] Built target gmock_main
[7.466s] [ 23%] [32mBuilding CXX object src/CMakeFiles/moveit_task_constructor_core.dir/solvers/joint_interpolation.cpp.o[0m
[9.701s] running egg_info
[9.702s] creating moveit.egg-info
[9.705s] writing moveit.egg-info/PKG-INFO
[9.705s] writing dependency_links to moveit.egg-info/dependency_links.txt
[9.706s] writing top-level names to moveit.egg-info/top_level.txt
[9.709s] writing manifest file 'moveit.egg-info/SOURCES.txt'
[9.717s] reading manifest file 'moveit.egg-info/SOURCES.txt'
[9.718s] writing manifest file 'moveit.egg-info/SOURCES.txt'
[9.811s] [ 23%] Built target ament_cmake_python_build_moveit_egg
[9.846s] [ 24%] [32mBuilding CXX object src/CMakeFiles/moveit_task_constructor_core.dir/solvers/pipeline_planner.cpp.o[0m
[10.983s] [ 25%] [32mBuilding CXX object src/CMakeFiles/moveit_task_constructor_core.dir/solvers/multi_planner.cpp.o[0m
[20.875s] [ 27%] [32m[1mLinking CXX static library libgmock.a[0m
[21.094s] [ 28%] [32m[1mLinking CXX static library libgtest.a[0m
[21.097s] [ 28%] Built target gmock
[21.151s] [ 28%] Built target gtest
[35.574s] [ 29%] [32m[1mLinking CXX shared library libmoveit_task_constructor_core.so[0m
[35.840s] [ 29%] Built target moveit_task_constructor_core
[35.864s] [ 31%] [32mBuilding CXX object test/CMakeFiles/gtest_utils.dir/models.cpp.o[0m
[35.864s] [ 31%] [32mBuilding CXX object test/CMakeFiles/gtest_utils.dir/gtest_value_printers.cpp.o[0m
[35.864s] [ 35%] [32mBuilding CXX object src/stages/CMakeFiles/moveit_task_constructor_core_stages.dir/modify_planning_scene.cpp.o[0m
[35.864s] [ 36%] [32mBuilding CXX object src/stages/CMakeFiles/moveit_task_constructor_core_stages.dir/current_state.cpp.o[0m
[35.864s] [ 36%] [32mBuilding CXX object src/stages/CMakeFiles/moveit_task_constructor_core_stages.dir/fixed_cartesian_poses.cpp.o[0m
[35.865s] [ 35%] [32mBuilding CXX object src/stages/CMakeFiles/moveit_task_constructor_core_stages.dir/fix_collision_objects.cpp.o[0m
[35.865s] [ 38%] [32mBuilding CXX object test/CMakeFiles/gtest_utils.dir/stage_mockups.cpp.o[0m
[35.866s] [ 43%] [32mBuilding CXX object src/stages/CMakeFiles/moveit_task_constructor_core_stages.dir/generate_grasp_pose.cpp.o[0m
[35.866s] [ 43%] [32mBuilding CXX object src/stages/CMakeFiles/moveit_task_constructor_core_stages.dir/generate_pose.cpp.o[0m
[35.866s] [ 43%] [32mBuilding CXX object src/stages/CMakeFiles/moveit_task_constructor_core_stages.dir/fixed_state.cpp.o[0m
[35.866s] [ 43%] [32mBuilding CXX object src/stages/CMakeFiles/moveit_task_constructor_core_stages.dir/generate_place_pose.cpp.o[0m
[35.867s] [ 44%] [32mBuilding CXX object src/stages/CMakeFiles/moveit_task_constructor_core_stages.dir/generate_random_pose.cpp.o[0m
[35.869s] [ 45%] [32mBuilding CXX object src/stages/CMakeFiles/moveit_task_constructor_core_stages.dir/predicate_filter.cpp.o[0m
[35.869s] [ 47%] [32mBuilding CXX object src/stages/CMakeFiles/moveit_task_constructor_core_stages.dir/compute_ik.cpp.o[0m
[35.870s] [ 47%] [32mBuilding CXX object src/stages/CMakeFiles/moveit_task_constructor_core_stages.dir/passthrough.cpp.o[0m
[35.875s] [ 48%] [32mBuilding CXX object src/stages/CMakeFiles/moveit_task_constructor_core_stages.dir/connect.cpp.o[0m
[39.110s] [ 49%] [32mBuilding CXX object src/stages/CMakeFiles/moveit_task_constructor_core_stages.dir/move_to.cpp.o[0m
[44.017s] [ 50%] [32mBuilding CXX object src/stages/CMakeFiles/moveit_task_constructor_core_stages.dir/move_relative.cpp.o[0m
[46.005s] [ 51%] [32mBuilding CXX object src/stages/CMakeFiles/moveit_task_constructor_core_stages.dir/simple_grasp.cpp.o[0m
[59.826s] [ 52%] [32mBuilding CXX object src/stages/CMakeFiles/moveit_task_constructor_core_stages.dir/pick.cpp.o[0m
[66.526s] [ 54%] [32m[1mLinking CXX shared library libgtest_utils.so[0m
[67.598s] [ 54%] Built target gtest_utils
[84.695s] [ 55%] [32m[1mLinking CXX shared library libmoveit_task_constructor_core_stages.so[0m
[84.961s] [ 55%] Built target moveit_task_constructor_core_stages
[84.991s] [ 64%] [32mBuilding CXX object python/bindings/CMakeFiles/pymoveit_mtc.dir/src/properties.cpp.o[0m
[84.992s] [ 64%] [32mBuilding CXX object test/CMakeFiles/moveit_task_constructor_core-test-serial.dir/test_serial.cpp.o[0m
[84.992s] [ 64%] [32mBuilding CXX object test/CMakeFiles/moveit_task_constructor_core-test-mockups.dir/test_mockups.cpp.o[0m
[84.992s] [ 64%] [32mBuilding CXX object test/CMakeFiles/moveit_task_constructor_core-test-pruning.dir/test_pruning.cpp.o[0m
[84.992s] [ 64%] [32mBuilding CXX object test/CMakeFiles/pick_ur5.dir/pick_ur5.cpp.o[0m
[84.992s] [ 65%] [32mBuilding CXX object test/CMakeFiles/moveit_task_constructor_core-test-container.dir/test_container.cpp.o[0m
[84.992s] [ 64%] [32mBuilding CXX object test/CMakeFiles/moveit_task_constructor_core-test-stage.dir/test_stage.cpp.o[0m
[84.992s] [ 64%] [32mBuilding CXX object src/stages/CMakeFiles/moveit_task_constructor_core_stage_plugins.dir/plugins.cpp.o[0m
[84.992s] [ 68%] [32mBuilding CXX object test/CMakeFiles/moveit_task_constructor_core-test-properties.dir/test_properties.cpp.o[0m
[84.992s] [ 69%] [32mBuilding CXX object test/CMakeFiles/moveit_task_constructor_core-test-cost-queue.dir/test_cost_queue.cpp.o[0m
[84.993s] [ 69%] [32mBuilding CXX object test/CMakeFiles/moveit_task_constructor_core-test-fallback.dir/test_fallback.cpp.o[0m
[84.993s] [ 71%] [32mBuilding CXX object test/CMakeFiles/moveit_task_constructor_core-test-cost-terms.dir/test_cost_terms.cpp.o[0m
[84.993s] [ 72%] [32mBuilding CXX object test/CMakeFiles/moveit_task_constructor_core-test-move-to.dir/test_move_to.cpp.o[0m
[84.993s] [ 72%] [32mBuilding CXX object test/CMakeFiles/moveit_task_constructor_core-test-move-relative.dir/test_move_relative.cpp.o[0m
[84.993s] [ 71%] [32mBuilding CXX object test/CMakeFiles/pick_pr2.dir/pick_pr2.cpp.o[0m
[84.996s] [ 74%] [32mBuilding CXX object test/CMakeFiles/moveit_task_constructor_core-test-interface-state.dir/test_interface_state.cpp.o[0m
[89.093s] [ 75%] [32m[1mLinking CXX shared library libmoveit_task_constructor_core_stage_plugins.so[0m
[89.568s] [ 75%] Built target moveit_task_constructor_core_stage_plugins
[89.645s] [ 76%] [32mBuilding CXX object test/CMakeFiles/pick_pa10.dir/pick_pa10.cpp.o[0m
[90.710s] [ 77%] [32m[1mLinking CXX executable moveit_task_constructor_core-test-properties[0m
[91.487s] [ 77%] Built target moveit_task_constructor_core-test-properties
[91.507s] [ 78%] [32mBuilding CXX object python/bindings/CMakeFiles/pymoveit_mtc.dir/src/solvers.cpp.o[0m
[93.832s] [ 80%] [32m[1mLinking CXX executable moveit_task_constructor_core-test-cost-queue[0m
[94.493s] [ 80%] Built target moveit_task_constructor_core-test-cost-queue
[94.511s] [ 81%] [32mBuilding CXX object python/bindings/CMakeFiles/pymoveit_mtc.dir/src/core.cpp.o[0m
[99.226s] [ 82%] [32mBuilding CXX object python/bindings/CMakeFiles/pymoveit_mtc.dir/src/stages.cpp.o[0m
[113.873s] [ 83%] [32m[1mLinking CXX executable moveit_task_constructor_core-test-interface-state[0m
[115.587s] [ 84%] [32m[1mLinking CXX executable pick_pr2[0m
[115.630s] [ 84%] Built target moveit_task_constructor_core-test-interface-state
[115.663s] [ 85%] [32mBuilding CXX object python/bindings/CMakeFiles/pymoveit_mtc.dir/src/module.cpp.o[0m
[116.420s] [ 87%] [32m[1mLinking CXX executable moveit_task_constructor_core-test-move-relative[0m
[116.491s] [ 88%] [32m[1mLinking CXX executable moveit_task_constructor_core-test-pruning[0m
[116.537s] [ 88%] Built target pick_pr2
[117.411s] [ 88%] Built target moveit_task_constructor_core-test-pruning
[117.576s] [ 89%] [32m[1mLinking CXX executable moveit_task_constructor_core-test-stage[0m
[117.817s] [ 89%] Built target moveit_task_constructor_core-test-move-relative
[118.092s] [ 90%] [32m[1mLinking CXX executable pick_ur5[0m
[118.470s] [ 90%] Built target moveit_task_constructor_core-test-stage
[118.679s] [ 91%] [32m[1mLinking CXX executable moveit_task_constructor_core-test-serial[0m
[118.777s] [ 91%] Built target pick_ur5
[119.115s] [ 91%] Built target moveit_task_constructor_core-test-serial
[120.237s] [ 92%] [32m[1mLinking CXX executable moveit_task_constructor_core-test-mockups[0m
[120.389s] [ 94%] [32m[1mLinking CXX executable moveit_task_constructor_core-test-cost-terms[0m
[120.726s] [ 94%] Built target moveit_task_constructor_core-test-mockups
[120.805s] [ 95%] [32m[1mLinking CXX executable moveit_task_constructor_core-test-move-to[0m
[120.852s] [ 95%] Built target moveit_task_constructor_core-test-cost-terms
[120.965s] [ 96%] [32m[1mLinking CXX executable moveit_task_constructor_core-test-fallback[0m
[121.241s] [ 96%] Built target moveit_task_constructor_core-test-move-to
[121.355s] [ 97%] [32m[1mLinking CXX executable moveit_task_constructor_core-test-container[0m
[121.358s] [ 97%] Built target moveit_task_constructor_core-test-fallback
[121.703s] [ 97%] Built target moveit_task_constructor_core-test-container
[122.158s] [ 98%] [32m[1mLinking CXX executable pick_pa10[0m
[122.474s] [ 98%] Built target pick_pa10
[130.329s] [100%] [32m[1mLinking CXX shared module pymoveit_mtc.cpython-310-x86_64-linux-gnu.so[0m
[131.679s] lto-wrapper: warning: using serial compilation of 12 LTRANS jobs
[140.825s] [100%] Built target pymoveit_mtc
[140.841s] Invoked command in '/home/locobot/LoCoBotRos/interbotix_ws/build/moveit_task_constructor_core' returned '0': AMENT_PREFIX_PATH=/home/locobot/LoCoBotRos/interbotix_ws/install/moveit_planners:/home/locobot/LoCoBotRos/interbotix_ws/install/pilz_industrial_motion_planner:/home/locobot/LoCoBotRos/interbotix_ws/install/moveit_resources_prbt_pg70_support:/home/locobot/LoCoBotRos/interbotix_ws/install/moveit_ros_planning_interface:/home/locobot/LoCoBotRos/interbotix_ws/install/moveit_resources_prbt_moveit_config:/home/locobot/LoCoBotRos/interbotix_ws/install/moveit_ros_move_group:/home/locobot/LoCoBotRos/interbotix_ws/install/moveit_ros_warehouse:/home/locobot/LoCoBotRos/interbotix_ws/install/moveit_planners_ompl:/home/locobot/LoCoBotRos/interbotix_ws/install/moveit_kinematics:/home/locobot/LoCoBotRos/interbotix_ws/install/moveit_ros_planning:/home/locobot/LoCoBotRos/interbotix_ws/install/moveit_planners_chomp:/home/locobot/LoCoBotRos/interbotix_ws/install/pilz_industrial_motion_planner_testutils:/home/locobot/LoCoBotRos/interbotix_ws/install/moveit_simple_controller_manager:/home/locobot/LoCoBotRos/interbotix_ws/install/moveit_ros_occupancy_map_monitor:/home/locobot/LoCoBotRos/interbotix_ws/install/moveit_resources_prbt_ikfast_manipulator_plugin:/home/locobot/LoCoBotRos/interbotix_ws/install/chomp_motion_planner:/home/locobot/LoCoBotRos/interbotix_ws/install/moveit_core:/home/locobot/LoCoBotRos/interbotix_ws/install/rviz_marker_tools:/home/locobot/LoCoBotRos/interbotix_ws/install/moveit_resources_panda_moveit_config:/home/locobot/LoCoBotRos/interbotix_ws/install/moveit_resources_fanuc_moveit_config:/home/locobot/LoCoBotRos/interbotix_ws/install/moveit_configs_utils:/home/locobot/LoCoBotRos/interbotix_ws/install/srdfdom:/home/locobot/LoCoBotRos/interbotix_ws/install/moveit_task_constructor_msgs:/home/locobot/LoCoBotRos/interbotix_ws/install/moveit_resources_prbt_support:/home/locobot/LoCoBotRos/interbotix_ws/install/moveit_resources_pr2_description:/home/locobot/LoCoBotRos/interbotix_ws/install/moveit_resources_panda_description:/home/locobot/LoCoBotRos/interbotix_ws/install/moveit_resources_fanuc_description:/home/locobot/LoCoBotRos/interbotix_ws/install/moveit_common:/home/locobot/LoCoBotRos/interbotix_ws/install/launch_param_builder:${AMENT_PREFIX_PATH} CMAKE_PREFIX_PATH=/home/locobot/LoCoBotRos/interbotix_ws/install/moveit_planners:/home/locobot/LoCoBotRos/interbotix_ws/install/pilz_industrial_motion_planner:/home/locobot/LoCoBotRos/interbotix_ws/install/moveit_resources_prbt_pg70_support:/home/locobot/LoCoBotRos/interbotix_ws/install/moveit_ros_planning_interface:/home/locobot/LoCoBotRos/interbotix_ws/install/moveit_resources_prbt_moveit_config:/home/locobot/LoCoBotRos/interbotix_ws/install/moveit_ros_move_group:/home/locobot/LoCoBotRos/interbotix_ws/install/moveit_ros_warehouse:/home/locobot/LoCoBotRos/interbotix_ws/install/moveit_planners_ompl:/home/locobot/LoCoBotRos/interbotix_ws/install/moveit_kinematics:/home/locobot/LoCoBotRos/interbotix_ws/install/moveit_ros_planning:/home/locobot/LoCoBotRos/interbotix_ws/install/moveit_planners_chomp:/home/locobot/LoCoBotRos/interbotix_ws/install/pilz_industrial_motion_planner_testutils:/home/locobot/LoCoBotRos/interbotix_ws/install/moveit_simple_controller_manager:/home/locobot/LoCoBotRos/interbotix_ws/install/moveit_ros_occupancy_map_monitor:/home/locobot/LoCoBotRos/interbotix_ws/install/moveit_resources_prbt_ikfast_manipulator_plugin:/home/locobot/LoCoBotRos/interbotix_ws/install/chomp_motion_planner:/home/locobot/LoCoBotRos/interbotix_ws/install/moveit_core:/home/locobot/LoCoBotRos/interbotix_ws/install/rviz_marker_tools:/home/locobot/LoCoBotRos/interbotix_ws/install/moveit_resources_panda_moveit_config:/home/locobot/LoCoBotRos/interbotix_ws/install/moveit_resources_fanuc_moveit_config:/home/locobot/LoCoBotRos/interbotix_ws/install/srdfdom:/home/locobot/LoCoBotRos/interbotix_ws/install/moveit_task_constructor_msgs:/home/locobot/LoCoBotRos/interbotix_ws/install/moveit_resources_prbt_support:/home/locobot/LoCoBotRos/interbotix_ws/install/moveit_resources_pr2_description:/home/locobot/LoCoBotRos/interbotix_ws/install/moveit_resources_panda_description:/home/locobot/LoCoBotRos/interbotix_ws/install/moveit_resources_fanuc_description:/home/locobot/LoCoBotRos/interbotix_ws/install/moveit_common:/home/locobot/apriltag_ws/install/apriltag_ros:/opt/ros/humble LD_LIBRARY_PATH=/home/locobot/LoCoBotRos/interbotix_ws/install/pilz_industrial_motion_planner/lib:/home/locobot/LoCoBotRos/interbotix_ws/install/moveit_ros_planning_interface/lib:/home/locobot/LoCoBotRos/interbotix_ws/install/moveit_ros_move_group/lib:/home/locobot/LoCoBotRos/interbotix_ws/install/moveit_ros_warehouse/lib:/home/locobot/LoCoBotRos/interbotix_ws/install/moveit_planners_ompl/lib:/home/locobot/LoCoBotRos/interbotix_ws/install/moveit_kinematics/lib:/home/locobot/LoCoBotRos/interbotix_ws/install/moveit_ros_planning/lib:/home/locobot/LoCoBotRos/interbotix_ws/install/moveit_planners_chomp/lib:/home/locobot/LoCoBotRos/interbotix_ws/install/pilz_industrial_motion_planner_testutils/lib:/home/locobot/LoCoBotRos/interbotix_ws/install/moveit_simple_controller_manager/lib:/home/locobot/LoCoBotRos/interbotix_ws/install/moveit_ros_occupancy_map_monitor/lib:/home/locobot/LoCoBotRos/interbotix_ws/install/moveit_resources_prbt_ikfast_manipulator_plugin/lib:/home/locobot/LoCoBotRos/interbotix_ws/install/chomp_motion_planner/lib:/home/locobot/LoCoBotRos/interbotix_ws/install/moveit_core/lib:/home/locobot/LoCoBotRos/interbotix_ws/install/rviz_marker_tools/lib:/home/locobot/LoCoBotRos/interbotix_ws/install/srdfdom/lib:/home/locobot/LoCoBotRos/interbotix_ws/install/moveit_task_constructor_msgs/lib:${LD_LIBRARY_PATH} PATH=/home/locobot/LoCoBotRos/interbotix_ws/install/moveit_core/bin:${PATH} PYTHONPATH=/home/locobot/LoCoBotRos/interbotix_ws/install/moveit_configs_utils/lib/python3.10/site-packages:/home/locobot/LoCoBotRos/interbotix_ws/install/srdfdom/local/lib/python3.10/dist-packages:/home/locobot/LoCoBotRos/interbotix_ws/install/moveit_task_constructor_msgs/local/lib/python3.10/dist-packages:/home/locobot/LoCoBotRos/interbotix_ws/install/launch_param_builder/lib/python3.10/site-packages:${PYTHONPATH} /usr/bin/cmake --build /home/locobot/LoCoBotRos/interbotix_ws/build/moveit_task_constructor_core -- -j16 -l16
[140.845s] Invoking command in '/home/locobot/LoCoBotRos/interbotix_ws/build/moveit_task_constructor_core': AMENT_PREFIX_PATH=/home/locobot/LoCoBotRos/interbotix_ws/install/moveit_planners:/home/locobot/LoCoBotRos/interbotix_ws/install/pilz_industrial_motion_planner:/home/locobot/LoCoBotRos/interbotix_ws/install/moveit_resources_prbt_pg70_support:/home/locobot/LoCoBotRos/interbotix_ws/install/moveit_ros_planning_interface:/home/locobot/LoCoBotRos/interbotix_ws/install/moveit_resources_prbt_moveit_config:/home/locobot/LoCoBotRos/interbotix_ws/install/moveit_ros_move_group:/home/locobot/LoCoBotRos/interbotix_ws/install/moveit_ros_warehouse:/home/locobot/LoCoBotRos/interbotix_ws/install/moveit_planners_ompl:/home/locobot/LoCoBotRos/interbotix_ws/install/moveit_kinematics:/home/locobot/LoCoBotRos/interbotix_ws/install/moveit_ros_planning:/home/locobot/LoCoBotRos/interbotix_ws/install/moveit_planners_chomp:/home/locobot/LoCoBotRos/interbotix_ws/install/pilz_industrial_motion_planner_testutils:/home/locobot/LoCoBotRos/interbotix_ws/install/moveit_simple_controller_manager:/home/locobot/LoCoBotRos/interbotix_ws/install/moveit_ros_occupancy_map_monitor:/home/locobot/LoCoBotRos/interbotix_ws/install/moveit_resources_prbt_ikfast_manipulator_plugin:/home/locobot/LoCoBotRos/interbotix_ws/install/chomp_motion_planner:/home/locobot/LoCoBotRos/interbotix_ws/install/moveit_core:/home/locobot/LoCoBotRos/interbotix_ws/install/rviz_marker_tools:/home/locobot/LoCoBotRos/interbotix_ws/install/moveit_resources_panda_moveit_config:/home/locobot/LoCoBotRos/interbotix_ws/install/moveit_resources_fanuc_moveit_config:/home/locobot/LoCoBotRos/interbotix_ws/install/moveit_configs_utils:/home/locobot/LoCoBotRos/interbotix_ws/install/srdfdom:/home/locobot/LoCoBotRos/interbotix_ws/install/moveit_task_constructor_msgs:/home/locobot/LoCoBotRos/interbotix_ws/install/moveit_resources_prbt_support:/home/locobot/LoCoBotRos/interbotix_ws/install/moveit_resources_pr2_description:/home/locobot/LoCoBotRos/interbotix_ws/install/moveit_resources_panda_description:/home/locobot/LoCoBotRos/interbotix_ws/install/moveit_resources_fanuc_description:/home/locobot/LoCoBotRos/interbotix_ws/install/moveit_common:/home/locobot/LoCoBotRos/interbotix_ws/install/launch_param_builder:${AMENT_PREFIX_PATH} CMAKE_PREFIX_PATH=/home/locobot/LoCoBotRos/interbotix_ws/install/moveit_planners:/home/locobot/LoCoBotRos/interbotix_ws/install/pilz_industrial_motion_planner:/home/locobot/LoCoBotRos/interbotix_ws/install/moveit_resources_prbt_pg70_support:/home/locobot/LoCoBotRos/interbotix_ws/install/moveit_ros_planning_interface:/home/locobot/LoCoBotRos/interbotix_ws/install/moveit_resources_prbt_moveit_config:/home/locobot/LoCoBotRos/interbotix_ws/install/moveit_ros_move_group:/home/locobot/LoCoBotRos/interbotix_ws/install/moveit_ros_warehouse:/home/locobot/LoCoBotRos/interbotix_ws/install/moveit_planners_ompl:/home/locobot/LoCoBotRos/interbotix_ws/install/moveit_kinematics:/home/locobot/LoCoBotRos/interbotix_ws/install/moveit_ros_planning:/home/locobot/LoCoBotRos/interbotix_ws/install/moveit_planners_chomp:/home/locobot/LoCoBotRos/interbotix_ws/install/pilz_industrial_motion_planner_testutils:/home/locobot/LoCoBotRos/interbotix_ws/install/moveit_simple_controller_manager:/home/locobot/LoCoBotRos/interbotix_ws/install/moveit_ros_occupancy_map_monitor:/home/locobot/LoCoBotRos/interbotix_ws/install/moveit_resources_prbt_ikfast_manipulator_plugin:/home/locobot/LoCoBotRos/interbotix_ws/install/chomp_motion_planner:/home/locobot/LoCoBotRos/interbotix_ws/install/moveit_core:/home/locobot/LoCoBotRos/interbotix_ws/install/rviz_marker_tools:/home/locobot/LoCoBotRos/interbotix_ws/install/moveit_resources_panda_moveit_config:/home/locobot/LoCoBotRos/interbotix_ws/install/moveit_resources_fanuc_moveit_config:/home/locobot/LoCoBotRos/interbotix_ws/install/srdfdom:/home/locobot/LoCoBotRos/interbotix_ws/install/moveit_task_constructor_msgs:/home/locobot/LoCoBotRos/interbotix_ws/install/moveit_resources_prbt_support:/home/locobot/LoCoBotRos/interbotix_ws/install/moveit_resources_pr2_description:/home/locobot/LoCoBotRos/interbotix_ws/install/moveit_resources_panda_description:/home/locobot/LoCoBotRos/interbotix_ws/install/moveit_resources_fanuc_description:/home/locobot/LoCoBotRos/interbotix_ws/install/moveit_common:/home/locobot/apriltag_ws/install/apriltag_ros:/opt/ros/humble LD_LIBRARY_PATH=/home/locobot/LoCoBotRos/interbotix_ws/install/pilz_industrial_motion_planner/lib:/home/locobot/LoCoBotRos/interbotix_ws/install/moveit_ros_planning_interface/lib:/home/locobot/LoCoBotRos/interbotix_ws/install/moveit_ros_move_group/lib:/home/locobot/LoCoBotRos/interbotix_ws/install/moveit_ros_warehouse/lib:/home/locobot/LoCoBotRos/interbotix_ws/install/moveit_planners_ompl/lib:/home/locobot/LoCoBotRos/interbotix_ws/install/moveit_kinematics/lib:/home/locobot/LoCoBotRos/interbotix_ws/install/moveit_ros_planning/lib:/home/locobot/LoCoBotRos/interbotix_ws/install/moveit_planners_chomp/lib:/home/locobot/LoCoBotRos/interbotix_ws/install/pilz_industrial_motion_planner_testutils/lib:/home/locobot/LoCoBotRos/interbotix_ws/install/moveit_simple_controller_manager/lib:/home/locobot/LoCoBotRos/interbotix_ws/install/moveit_ros_occupancy_map_monitor/lib:/home/locobot/LoCoBotRos/interbotix_ws/install/moveit_resources_prbt_ikfast_manipulator_plugin/lib:/home/locobot/LoCoBotRos/interbotix_ws/install/chomp_motion_planner/lib:/home/locobot/LoCoBotRos/interbotix_ws/install/moveit_core/lib:/home/locobot/LoCoBotRos/interbotix_ws/install/rviz_marker_tools/lib:/home/locobot/LoCoBotRos/interbotix_ws/install/srdfdom/lib:/home/locobot/LoCoBotRos/interbotix_ws/install/moveit_task_constructor_msgs/lib:${LD_LIBRARY_PATH} PATH=/home/locobot/LoCoBotRos/interbotix_ws/install/moveit_core/bin:${PATH} PYTHONPATH=/home/locobot/LoCoBotRos/interbotix_ws/install/moveit_configs_utils/lib/python3.10/site-packages:/home/locobot/LoCoBotRos/interbotix_ws/install/srdfdom/local/lib/python3.10/dist-packages:/home/locobot/LoCoBotRos/interbotix_ws/install/moveit_task_constructor_msgs/local/lib/python3.10/dist-packages:/home/locobot/LoCoBotRos/interbotix_ws/install/launch_param_builder/lib/python3.10/site-packages:${PYTHONPATH} /usr/bin/cmake --install /home/locobot/LoCoBotRos/interbotix_ws/build/moveit_task_constructor_core
[140.852s] -- Install configuration: "Release"
[140.853s] -- Installing: /home/locobot/LoCoBotRos/interbotix_ws/install/moveit_task_constructor_core/lib/libmoveit_task_constructor_core_stages.so
[140.855s] -- Set runtime path of "/home/locobot/LoCoBotRos/interbotix_ws/install/moveit_task_constructor_core/lib/libmoveit_task_constructor_core_stages.so" to ""
[140.855s] -- Installing: /home/locobot/LoCoBotRos/interbotix_ws/install/moveit_task_constructor_core/lib/libmoveit_task_constructor_core_stage_plugins.so
[140.855s] -- Set runtime path of "/home/locobot/LoCoBotRos/interbotix_ws/install/moveit_task_constructor_core/lib/libmoveit_task_constructor_core_stage_plugins.so" to ""
[140.855s] -- Installing: /home/locobot/LoCoBotRos/interbotix_ws/install/moveit_task_constructor_core/lib/libmoveit_task_constructor_core.so
[140.861s] -- Set runtime path of "/home/locobot/LoCoBotRos/interbotix_ws/install/moveit_task_constructor_core/lib/libmoveit_task_constructor_core.so" to ""
[140.862s] -- Installing: /home/locobot/LoCoBotRos/interbotix_ws/install/moveit_task_constructor_core/share/moveit_task_constructor_core/environment/pythonpath.sh
[140.862s] -- Installing: /home/locobot/LoCoBotRos/interbotix_ws/install/moveit_task_constructor_core/share/moveit_task_constructor_core/environment/pythonpath.dsv
[140.862s] -- Installing: /home/locobot/LoCoBotRos/interbotix_ws/install/moveit_task_constructor_core/local/lib/python3.10/dist-packages/moveit-0.1.3-py3.10.egg-info
[140.862s] -- Installing: /home/locobot/LoCoBotRos/interbotix_ws/install/moveit_task_constructor_core/local/lib/python3.10/dist-packages/moveit-0.1.3-py3.10.egg-info/dependency_links.txt
[140.862s] -- Installing: /home/locobot/LoCoBotRos/interbotix_ws/install/moveit_task_constructor_core/local/lib/python3.10/dist-packages/moveit-0.1.3-py3.10.egg-info/PKG-INFO
[140.863s] -- Installing: /home/locobot/LoCoBotRos/interbotix_ws/install/moveit_task_constructor_core/local/lib/python3.10/dist-packages/moveit-0.1.3-py3.10.egg-info/SOURCES.txt
[140.863s] -- Installing: /home/locobot/LoCoBotRos/interbotix_ws/install/moveit_task_constructor_core/local/lib/python3.10/dist-packages/moveit-0.1.3-py3.10.egg-info/top_level.txt
[140.863s] -- Installing: /home/locobot/LoCoBotRos/interbotix_ws/install/moveit_task_constructor_core/local/lib/python3.10/dist-packages/moveit
[140.863s] -- Installing: /home/locobot/LoCoBotRos/interbotix_ws/install/moveit_task_constructor_core/local/lib/python3.10/dist-packages/moveit/task_constructor
[140.863s] -- Installing: /home/locobot/LoCoBotRos/interbotix_ws/install/moveit_task_constructor_core/local/lib/python3.10/dist-packages/moveit/task_constructor/core.py
[140.863s] -- Installing: /home/locobot/LoCoBotRos/interbotix_ws/install/moveit_task_constructor_core/local/lib/python3.10/dist-packages/moveit/task_constructor/stages.py
[140.863s] -- Installing: /home/locobot/LoCoBotRos/interbotix_ws/install/moveit_task_constructor_core/local/lib/python3.10/dist-packages/moveit/task_constructor/__init__.py
[140.864s] -- Installing: /home/locobot/LoCoBotRos/interbotix_ws/install/moveit_task_constructor_core/local/lib/python3.10/dist-packages/moveit/__init__.py
[140.904s] Listing '/home/locobot/LoCoBotRos/interbotix_ws/install/moveit_task_constructor_core/local/lib/python3.10/dist-packages/moveit'...
[140.904s] Compiling '/home/locobot/LoCoBotRos/interbotix_ws/install/moveit_task_constructor_core/local/lib/python3.10/dist-packages/moveit/__init__.py'...
[140.904s] Listing '/home/locobot/LoCoBotRos/interbotix_ws/install/moveit_task_constructor_core/local/lib/python3.10/dist-packages/moveit/task_constructor'...
[140.904s] Compiling '/home/locobot/LoCoBotRos/interbotix_ws/install/moveit_task_constructor_core/local/lib/python3.10/dist-packages/moveit/task_constructor/__init__.py'...
[140.905s] Compiling '/home/locobot/LoCoBotRos/interbotix_ws/install/moveit_task_constructor_core/local/lib/python3.10/dist-packages/moveit/task_constructor/core.py'...
[140.905s] Compiling '/home/locobot/LoCoBotRos/interbotix_ws/install/moveit_task_constructor_core/local/lib/python3.10/dist-packages/moveit/task_constructor/stages.py'...
[140.908s] -- Installing: /home/locobot/LoCoBotRos/interbotix_ws/install/moveit_task_constructor_core/include/moveit/python/pybind11
[140.908s] -- Installing: /home/locobot/LoCoBotRos/interbotix_ws/install/moveit_task_constructor_core/include/moveit/python/pybind11/detail
[140.908s] -- Installing: /home/locobot/LoCoBotRos/interbotix_ws/install/moveit_task_constructor_core/include/moveit/python/pybind11/detail/smart_holder_poc.h
[140.908s] -- Installing: /home/locobot/LoCoBotRos/interbotix_ws/install/moveit_task_constructor_core/include/moveit/python/pybind11/detail/smart_holder_type_casters.h
[140.908s] -- Installing: /home/locobot/LoCoBotRos/interbotix_ws/install/moveit_task_constructor_core/include/moveit/python/pybind11/detail/class.h
[140.908s] -- Installing: /home/locobot/LoCoBotRos/interbotix_ws/install/moveit_task_constructor_core/include/moveit/python/pybind11/detail/type_caster_base.h
[140.909s] -- Installing: /home/locobot/LoCoBotRos/interbotix_ws/install/moveit_task_constructor_core/include/moveit/python/pybind11/detail/internals.h
[140.909s] -- Installing: /home/locobot/LoCoBotRos/interbotix_ws/install/moveit_task_constructor_core/include/moveit/python/pybind11/detail/common.h
[140.909s] -- Installing: /home/locobot/LoCoBotRos/interbotix_ws/install/moveit_task_constructor_core/include/moveit/python/pybind11/detail/typeid.h
[140.909s] -- Installing: /home/locobot/LoCoBotRos/interbotix_ws/install/moveit_task_constructor_core/include/moveit/python/pybind11/detail/smart_holder_sfinae_hooks_only.h
[140.909s] -- Installing: /home/locobot/LoCoBotRos/interbotix_ws/install/moveit_task_constructor_core/include/moveit/python/pybind11/detail/dynamic_raw_ptr_cast_if_possible.h
[140.909s] -- Installing: /home/locobot/LoCoBotRos/interbotix_ws/install/moveit_task_constructor_core/include/moveit/python/pybind11/detail/init.h
[140.909s] -- Installing: /home/locobot/LoCoBotRos/interbotix_ws/install/moveit_task_constructor_core/include/moveit/python/pybind11/detail/type_caster_odr_guard.h
[140.909s] -- Installing: /home/locobot/LoCoBotRos/interbotix_ws/install/moveit_task_constructor_core/include/moveit/python/pybind11/detail/descr.h
[140.909s] -- Installing: /home/locobot/LoCoBotRos/interbotix_ws/install/moveit_task_constructor_core/include/moveit/python/pybind11/eigen
[140.909s] -- Installing: /home/locobot/LoCoBotRos/interbotix_ws/install/moveit_task_constructor_core/include/moveit/python/pybind11/eigen/matrix.h
[140.910s] -- Installing: /home/locobot/LoCoBotRos/interbotix_ws/install/moveit_task_constructor_core/include/moveit/python/pybind11/eigen/common.h
[140.910s] -- Installing: /home/locobot/LoCoBotRos/interbotix_ws/install/moveit_task_constructor_core/include/moveit/python/pybind11/eigen/tensor.h
[140.910s] -- Installing: /home/locobot/LoCoBotRos/interbotix_ws/install/moveit_task_constructor_core/include/moveit/python/pybind11/numpy.h
[140.911s] -- Installing: /home/locobot/LoCoBotRos/interbotix_ws/install/moveit_task_constructor_core/include/moveit/python/pybind11/options.h
[140.911s] -- Installing: /home/locobot/LoCoBotRos/interbotix_ws/install/moveit_task_constructor_core/include/moveit/python/pybind11/trampoline_self_life_support.h
[140.911s] -- Installing: /home/locobot/LoCoBotRos/interbotix_ws/install/moveit_task_constructor_core/include/moveit/python/pybind11/typing.h
[140.911s] -- Installing: /home/locobot/LoCoBotRos/interbotix_ws/install/moveit_task_constructor_core/include/moveit/python/pybind11/gil_safe_call_once.h
[140.911s] -- Installing: /home/locobot/LoCoBotRos/interbotix_ws/install/moveit_task_constructor_core/include/moveit/python/pybind11/embed.h
[140.911s] -- Installing: /home/locobot/LoCoBotRos/interbotix_ws/install/moveit_task_constructor_core/include/moveit/python/pybind11/common.h
[140.911s] -- Installing: /home/locobot/LoCoBotRos/interbotix_ws/install/moveit_task_constructor_core/include/moveit/python/pybind11/functional.h
[140.912s] -- Installing: /home/locobot/LoCoBotRos/interbotix_ws/install/moveit_task_constructor_core/include/moveit/python/pybind11/chrono.h
[140.912s] -- Installing: /home/locobot/LoCoBotRos/interbotix_ws/install/moveit_task_constructor_core/include/moveit/python/pybind11/operators.h
[140.912s] -- Installing: /home/locobot/LoCoBotRos/interbotix_ws/install/moveit_task_constructor_core/include/moveit/python/pybind11/cast.h
[140.912s] -- Installing: /home/locobot/LoCoBotRos/interbotix_ws/install/moveit_task_constructor_core/include/moveit/python/pybind11/stl_bind.h
[140.912s] -- Installing: /home/locobot/LoCoBotRos/interbotix_ws/install/moveit_task_constructor_core/include/moveit/python/pybind11/eval.h
[140.912s] -- Installing: /home/locobot/LoCoBotRos/interbotix_ws/install/moveit_task_constructor_core/include/moveit/python/pybind11/eigen.h
[140.913s] -- Installing: /home/locobot/LoCoBotRos/interbotix_ws/install/moveit_task_constructor_core/include/moveit/python/pybind11/gil.h
[140.913s] -- Installing: /home/locobot/LoCoBotRos/interbotix_ws/install/moveit_task_constructor_core/include/moveit/python/pybind11/smart_holder.h
[140.913s] -- Installing: /home/locobot/LoCoBotRos/interbotix_ws/install/moveit_task_constructor_core/include/moveit/python/pybind11/pytypes.h
[140.913s] -- Installing: /home/locobot/LoCoBotRos/interbotix_ws/install/moveit_task_constructor_core/include/moveit/python/pybind11/buffer_info.h
[140.913s] -- Installing: /home/locobot/LoCoBotRos/interbotix_ws/install/moveit_task_constructor_core/include/moveit/python/pybind11/complex.h
[140.913s] -- Installing: /home/locobot/LoCoBotRos/interbotix_ws/install/moveit_task_constructor_core/include/moveit/python/pybind11/iostream.h
[140.913s] -- Installing: /home/locobot/LoCoBotRos/interbotix_ws/install/moveit_task_constructor_core/include/moveit/python/pybind11/pybind11.h
[140.914s] -- Installing: /home/locobot/LoCoBotRos/interbotix_ws/install/moveit_task_constructor_core/include/moveit/python/pybind11/stl
[140.914s] -- Installing: /home/locobot/LoCoBotRos/interbotix_ws/install/moveit_task_constructor_core/include/moveit/python/pybind11/stl/filesystem.h
[140.914s] -- Installing: /home/locobot/LoCoBotRos/interbotix_ws/install/moveit_task_constructor_core/include/moveit/python/pybind11/attr.h
[140.914s] -- Installing: /home/locobot/LoCoBotRos/interbotix_ws/install/moveit_task_constructor_core/include/moveit/python/pybind11/stl.h
[140.914s] -- Installing: /home/locobot/LoCoBotRos/interbotix_ws/install/moveit_task_constructor_core/include/moveit/python/pybind11/type_caster_pyobject_ptr.h
[140.914s] -- Installing: /home/locobot/LoCoBotRos/interbotix_ws/install/moveit_task_constructor_core/share/moveit_task_constructor_core/cmake/pybind11Config.cmake
[140.915s] -- Installing: /home/locobot/LoCoBotRos/interbotix_ws/install/moveit_task_constructor_core/share/moveit_task_constructor_core/cmake/pybind11ConfigVersion.cmake
[140.915s] -- Installing: /home/locobot/LoCoBotRos/interbotix_ws/install/moveit_task_constructor_core/share/moveit_task_constructor_core/cmake/FindPythonLibsNew.cmake
[140.915s] -- Installing: /home/locobot/LoCoBotRos/interbotix_ws/install/moveit_task_constructor_core/share/moveit_task_constructor_core/cmake/pybind11Common.cmake
[140.915s] -- Installing: /home/locobot/LoCoBotRos/interbotix_ws/install/moveit_task_constructor_core/share/moveit_task_constructor_core/cmake/pybind11Tools.cmake
[140.916s] -- Installing: /home/locobot/LoCoBotRos/interbotix_ws/install/moveit_task_constructor_core/share/moveit_task_constructor_core/cmake/pybind11NewTools.cmake
[140.916s] -- Installing: /home/locobot/LoCoBotRos/interbotix_ws/install/moveit_task_constructor_core/share/moveit_task_constructor_core/cmake/pybind11Targets.cmake
[140.916s] -- Installing: /home/locobot/LoCoBotRos/interbotix_ws/install/moveit_task_constructor_core/share/pkgconfig/pybind11.pc
[140.917s] -- Installing: /home/locobot/LoCoBotRos/interbotix_ws/install/moveit_task_constructor_core/local/lib/python3.10/dist-packages/pymoveit_mtc.cpython-310-x86_64-linux-gnu.so
[140.918s] -- Set runtime path of "/home/locobot/LoCoBotRos/interbotix_ws/install/moveit_task_constructor_core/local/lib/python3.10/dist-packages/pymoveit_mtc.cpython-310-x86_64-linux-gnu.so" to ""
[140.919s] -- Up-to-date: /home/locobot/LoCoBotRos/interbotix_ws/install/moveit_task_constructor_core/include
[140.919s] -- Up-to-date: /home/locobot/LoCoBotRos/interbotix_ws/install/moveit_task_constructor_core/include/moveit
[140.919s] -- Up-to-date: /home/locobot/LoCoBotRos/interbotix_ws/install/moveit_task_constructor_core/include/moveit/python
[140.919s] -- Installing: /home/locobot/LoCoBotRos/interbotix_ws/install/moveit_task_constructor_core/include/moveit/python/task_constructor
[140.919s] -- Installing: /home/locobot/LoCoBotRos/interbotix_ws/install/moveit_task_constructor_core/include/moveit/python/task_constructor/properties.h
[140.919s] -- Installing: /home/locobot/LoCoBotRos/interbotix_ws/install/moveit_task_constructor_core/include/moveit/task_constructor
[140.919s] -- Installing: /home/locobot/LoCoBotRos/interbotix_ws/install/moveit_task_constructor_core/include/moveit/task_constructor/stages
[140.919s] -- Installing: /home/locobot/LoCoBotRos/interbotix_ws/install/moveit_task_constructor_core/include/moveit/task_constructor/stages/generate_pose.h
[140.919s] -- Installing: /home/locobot/LoCoBotRos/interbotix_ws/install/moveit_task_constructor_core/include/moveit/task_constructor/stages/fix_collision_objects.h
[140.919s] -- Installing: /home/locobot/LoCoBotRos/interbotix_ws/install/moveit_task_constructor_core/include/moveit/task_constructor/stages/connect.h
[140.919s] -- Installing: /home/locobot/LoCoBotRos/interbotix_ws/install/moveit_task_constructor_core/include/moveit/task_constructor/stages/predicate_filter.h
[140.919s] -- Installing: /home/locobot/LoCoBotRos/interbotix_ws/install/moveit_task_constructor_core/include/moveit/task_constructor/stages/simple_grasp.h
[140.919s] -- Installing: /home/locobot/LoCoBotRos/interbotix_ws/install/moveit_task_constructor_core/include/moveit/task_constructor/stages/noop.h
[140.919s] -- Installing: /home/locobot/LoCoBotRos/interbotix_ws/install/moveit_task_constructor_core/include/moveit/task_constructor/stages/generate_grasp_pose.h
[140.920s] -- Installing: /home/locobot/LoCoBotRos/interbotix_ws/install/moveit_task_constructor_core/include/moveit/task_constructor/stages/compute_ik.h
[140.920s] -- Installing: /home/locobot/LoCoBotRos/interbotix_ws/install/moveit_task_constructor_core/include/moveit/task_constructor/stages/generate_random_pose.h
[140.920s] -- Installing: /home/locobot/LoCoBotRos/interbotix_ws/install/moveit_task_constructor_core/include/moveit/task_constructor/stages/move_to.h
[140.920s] -- Installing: /home/locobot/LoCoBotRos/interbotix_ws/install/moveit_task_constructor_core/include/moveit/task_constructor/stages/passthrough.h
[140.920s] -- Installing: /home/locobot/LoCoBotRos/interbotix_ws/install/moveit_task_constructor_core/include/moveit/task_constructor/stages/move_relative.h
[140.920s] -- Installing: /home/locobot/LoCoBotRos/interbotix_ws/install/moveit_task_constructor_core/include/moveit/task_constructor/stages/fixed_cartesian_poses.h
[140.920s] -- Installing: /home/locobot/LoCoBotRos/interbotix_ws/install/moveit_task_constructor_core/include/moveit/task_constructor/stages/modify_planning_scene.h
[140.920s] -- Installing: /home/locobot/LoCoBotRos/interbotix_ws/install/moveit_task_constructor_core/include/moveit/task_constructor/stages/current_state.h
[140.920s] -- Installing: /home/locobot/LoCoBotRos/interbotix_ws/install/moveit_task_constructor_core/include/moveit/task_constructor/stages/pick.h
[140.920s] -- Installing: /home/locobot/LoCoBotRos/interbotix_ws/install/moveit_task_constructor_core/include/moveit/task_constructor/stages/fixed_state.h
[140.920s] -- Installing: /home/locobot/LoCoBotRos/interbotix_ws/install/moveit_task_constructor_core/include/moveit/task_constructor/stages/generate_place_pose.h
[140.921s] -- Installing: /home/locobot/LoCoBotRos/interbotix_ws/install/moveit_task_constructor_core/include/moveit/task_constructor/properties.h
[140.921s] -- Installing: /home/locobot/LoCoBotRos/interbotix_ws/install/moveit_task_constructor_core/include/moveit/task_constructor/moveit_compat.h
[140.922s] -- Installing: /home/locobot/LoCoBotRos/interbotix_ws/install/moveit_task_constructor_core/include/moveit/task_constructor/stage.h
[140.922s] -- Installing: /home/locobot/LoCoBotRos/interbotix_ws/install/moveit_task_constructor_core/include/moveit/task_constructor/trajectory_execution_info.h
[140.922s] -- Installing: /home/locobot/LoCoBotRos/interbotix_ws/install/moveit_task_constructor_core/include/moveit/task_constructor/storage.h
[140.922s] -- Installing: /home/locobot/LoCoBotRos/interbotix_ws/install/moveit_task_constructor_core/include/moveit/task_constructor/container.h
[140.923s] -- Installing: /home/locobot/LoCoBotRos/interbotix_ws/install/moveit_task_constructor_core/include/moveit/task_constructor/utils.h
[140.923s] -- Installing: /home/locobot/LoCoBotRos/interbotix_ws/install/moveit_task_constructor_core/include/moveit/task_constructor/task.h
[140.923s] -- Installing: /home/locobot/LoCoBotRos/interbotix_ws/install/moveit_task_constructor_core/include/moveit/task_constructor/cost_terms.h
[140.923s] -- Installing: /home/locobot/LoCoBotRos/interbotix_ws/install/moveit_task_constructor_core/include/moveit/task_constructor/stages.h
[140.923s] -- Installing: /home/locobot/LoCoBotRos/interbotix_ws/install/moveit_task_constructor_core/include/moveit/task_constructor/marker_tools.h
[140.923s] -- Installing: /home/locobot/LoCoBotRos/interbotix_ws/install/moveit_task_constructor_core/include/moveit/task_constructor/introspection.h
[140.923s] -- Installing: /home/locobot/LoCoBotRos/interbotix_ws/install/moveit_task_constructor_core/include/moveit/task_constructor/merge.h
[140.923s] -- Installing: /home/locobot/LoCoBotRos/interbotix_ws/install/moveit_task_constructor_core/include/moveit/task_constructor/solvers.h
[140.923s] -- Installing: /home/locobot/LoCoBotRos/interbotix_ws/install/moveit_task_constructor_core/include/moveit/task_constructor/type_traits.h
[140.924s] -- Installing: /home/locobot/LoCoBotRos/interbotix_ws/install/moveit_task_constructor_core/include/moveit/task_constructor/cost_queue.h
[140.924s] -- Installing: /home/locobot/LoCoBotRos/interbotix_ws/install/moveit_task_constructor_core/include/moveit/task_constructor/solvers
[140.924s] -- Installing: /home/locobot/LoCoBotRos/interbotix_ws/install/moveit_task_constructor_core/include/moveit/task_constructor/solvers/cartesian_path.h
[140.924s] -- Installing: /home/locobot/LoCoBotRos/interbotix_ws/install/moveit_task_constructor_core/include/moveit/task_constructor/solvers/pipeline_planner.h
[140.924s] -- Installing: /home/locobot/LoCoBotRos/interbotix_ws/install/moveit_task_constructor_core/include/moveit/task_constructor/solvers/joint_interpolation.h
[140.924s] -- Installing: /home/locobot/LoCoBotRos/interbotix_ws/install/moveit_task_constructor_core/include/moveit/task_constructor/solvers/planner_interface.h
[140.924s] -- Installing: /home/locobot/LoCoBotRos/interbotix_ws/install/moveit_task_constructor_core/include/moveit/task_constructor/solvers/multi_planner.h
[140.925s] -- Installing: /home/locobot/LoCoBotRos/interbotix_ws/install/moveit_task_constructor_core/share/moveit_task_constructor_core/motion_planning_stages_plugin_description.xml
[140.925s] -- Installing: /home/locobot/LoCoBotRos/interbotix_ws/install/moveit_task_constructor_core/share/moveit_task_constructor_core/environment/library_path.sh
[140.925s] -- Installing: /home/locobot/LoCoBotRos/interbotix_ws/install/moveit_task_constructor_core/share/moveit_task_constructor_core/environment/library_path.dsv
[140.925s] -- Installing: /home/locobot/LoCoBotRos/interbotix_ws/install/moveit_task_constructor_core/share/ament_index/resource_index/package_run_dependencies/moveit_task_constructor_core
[140.926s] -- Installing: /home/locobot/LoCoBotRos/interbotix_ws/install/moveit_task_constructor_core/share/ament_index/resource_index/parent_prefix_path/moveit_task_constructor_core
[140.926s] -- Installing: /home/locobot/LoCoBotRos/interbotix_ws/install/moveit_task_constructor_core/share/moveit_task_constructor_core/environment/ament_prefix_path.sh
[140.926s] -- Installing: /home/locobot/LoCoBotRos/interbotix_ws/install/moveit_task_constructor_core/share/moveit_task_constructor_core/environment/ament_prefix_path.dsv
[140.926s] -- Installing: /home/locobot/LoCoBotRos/interbotix_ws/install/moveit_task_constructor_core/share/moveit_task_constructor_core/environment/path.sh
[140.926s] -- Installing: /home/locobot/LoCoBotRos/interbotix_ws/install/moveit_task_constructor_core/share/moveit_task_constructor_core/environment/path.dsv
[140.927s] -- Installing: /home/locobot/LoCoBotRos/interbotix_ws/install/moveit_task_constructor_core/share/moveit_task_constructor_core/local_setup.bash
[140.927s] -- Installing: /home/locobot/LoCoBotRos/interbotix_ws/install/moveit_task_constructor_core/share/moveit_task_constructor_core/local_setup.sh
[140.927s] -- Installing: /home/locobot/LoCoBotRos/interbotix_ws/install/moveit_task_constructor_core/share/moveit_task_constructor_core/local_setup.zsh
[140.927s] -- Installing: /home/locobot/LoCoBotRos/interbotix_ws/install/moveit_task_constructor_core/share/moveit_task_constructor_core/local_setup.dsv
[140.927s] -- Installing: /home/locobot/LoCoBotRos/interbotix_ws/install/moveit_task_constructor_core/share/moveit_task_constructor_core/package.dsv
[140.927s] -- Installing: /home/locobot/LoCoBotRos/interbotix_ws/install/moveit_task_constructor_core/share/ament_index/resource_index/packages/moveit_task_constructor_core
[140.928s] -- Installing: /home/locobot/LoCoBotRos/interbotix_ws/install/moveit_task_constructor_core/share/ament_index/resource_index/moveit_task_constructor_core__pluginlib__plugin/moveit_task_constructor_core
[140.928s] -- Installing: /home/locobot/LoCoBotRos/interbotix_ws/install/moveit_task_constructor_core/share/moveit_task_constructor_core/cmake/moveit_task_constructor_coreTargetsExport.cmake
[140.928s] -- Installing: /home/locobot/LoCoBotRos/interbotix_ws/install/moveit_task_constructor_core/share/moveit_task_constructor_core/cmake/moveit_task_constructor_coreTargetsExport-release.cmake
[140.928s] -- Installing: /home/locobot/LoCoBotRos/interbotix_ws/install/moveit_task_constructor_core/share/moveit_task_constructor_core/cmake/ament_cmake_export_targets-extras.cmake
[140.929s] -- Installing: /home/locobot/LoCoBotRos/interbotix_ws/install/moveit_task_constructor_core/share/moveit_task_constructor_core/cmake/ament_cmake_export_dependencies-extras.cmake
[140.929s] -- Installing: /home/locobot/LoCoBotRos/interbotix_ws/install/moveit_task_constructor_core/share/moveit_task_constructor_core/cmake/moveit_task_constructor_coreConfig.cmake
[140.929s] -- Installing: /home/locobot/LoCoBotRos/interbotix_ws/install/moveit_task_constructor_core/share/moveit_task_constructor_core/cmake/moveit_task_constructor_coreConfig-version.cmake
[140.929s] -- Installing: /home/locobot/LoCoBotRos/interbotix_ws/install/moveit_task_constructor_core/share/moveit_task_constructor_core/package.xml
[140.933s] Invoked command in '/home/locobot/LoCoBotRos/interbotix_ws/build/moveit_task_constructor_core' returned '0': AMENT_PREFIX_PATH=/home/locobot/LoCoBotRos/interbotix_ws/install/moveit_planners:/home/locobot/LoCoBotRos/interbotix_ws/install/pilz_industrial_motion_planner:/home/locobot/LoCoBotRos/interbotix_ws/install/moveit_resources_prbt_pg70_support:/home/locobot/LoCoBotRos/interbotix_ws/install/moveit_ros_planning_interface:/home/locobot/LoCoBotRos/interbotix_ws/install/moveit_resources_prbt_moveit_config:/home/locobot/LoCoBotRos/interbotix_ws/install/moveit_ros_move_group:/home/locobot/LoCoBotRos/interbotix_ws/install/moveit_ros_warehouse:/home/locobot/LoCoBotRos/interbotix_ws/install/moveit_planners_ompl:/home/locobot/LoCoBotRos/interbotix_ws/install/moveit_kinematics:/home/locobot/LoCoBotRos/interbotix_ws/install/moveit_ros_planning:/home/locobot/LoCoBotRos/interbotix_ws/install/moveit_planners_chomp:/home/locobot/LoCoBotRos/interbotix_ws/install/pilz_industrial_motion_planner_testutils:/home/locobot/LoCoBotRos/interbotix_ws/install/moveit_simple_controller_manager:/home/locobot/LoCoBotRos/interbotix_ws/install/moveit_ros_occupancy_map_monitor:/home/locobot/LoCoBotRos/interbotix_ws/install/moveit_resources_prbt_ikfast_manipulator_plugin:/home/locobot/LoCoBotRos/interbotix_ws/install/chomp_motion_planner:/home/locobot/LoCoBotRos/interbotix_ws/install/moveit_core:/home/locobot/LoCoBotRos/interbotix_ws/install/rviz_marker_tools:/home/locobot/LoCoBotRos/interbotix_ws/install/moveit_resources_panda_moveit_config:/home/locobot/LoCoBotRos/interbotix_ws/install/moveit_resources_fanuc_moveit_config:/home/locobot/LoCoBotRos/interbotix_ws/install/moveit_configs_utils:/home/locobot/LoCoBotRos/interbotix_ws/install/srdfdom:/home/locobot/LoCoBotRos/interbotix_ws/install/moveit_task_constructor_msgs:/home/locobot/LoCoBotRos/interbotix_ws/install/moveit_resources_prbt_support:/home/locobot/LoCoBotRos/interbotix_ws/install/moveit_resources_pr2_description:/home/locobot/LoCoBotRos/interbotix_ws/install/moveit_resources_panda_description:/home/locobot/LoCoBotRos/interbotix_ws/install/moveit_resources_fanuc_description:/home/locobot/LoCoBotRos/interbotix_ws/install/moveit_common:/home/locobot/LoCoBotRos/interbotix_ws/install/launch_param_builder:${AMENT_PREFIX_PATH} CMAKE_PREFIX_PATH=/home/locobot/LoCoBotRos/interbotix_ws/install/moveit_planners:/home/locobot/LoCoBotRos/interbotix_ws/install/pilz_industrial_motion_planner:/home/locobot/LoCoBotRos/interbotix_ws/install/moveit_resources_prbt_pg70_support:/home/locobot/LoCoBotRos/interbotix_ws/install/moveit_ros_planning_interface:/home/locobot/LoCoBotRos/interbotix_ws/install/moveit_resources_prbt_moveit_config:/home/locobot/LoCoBotRos/interbotix_ws/install/moveit_ros_move_group:/home/locobot/LoCoBotRos/interbotix_ws/install/moveit_ros_warehouse:/home/locobot/LoCoBotRos/interbotix_ws/install/moveit_planners_ompl:/home/locobot/LoCoBotRos/interbotix_ws/install/moveit_kinematics:/home/locobot/LoCoBotRos/interbotix_ws/install/moveit_ros_planning:/home/locobot/LoCoBotRos/interbotix_ws/install/moveit_planners_chomp:/home/locobot/LoCoBotRos/interbotix_ws/install/pilz_industrial_motion_planner_testutils:/home/locobot/LoCoBotRos/interbotix_ws/install/moveit_simple_controller_manager:/home/locobot/LoCoBotRos/interbotix_ws/install/moveit_ros_occupancy_map_monitor:/home/locobot/LoCoBotRos/interbotix_ws/install/moveit_resources_prbt_ikfast_manipulator_plugin:/home/locobot/LoCoBotRos/interbotix_ws/install/chomp_motion_planner:/home/locobot/LoCoBotRos/interbotix_ws/install/moveit_core:/home/locobot/LoCoBotRos/interbotix_ws/install/rviz_marker_tools:/home/locobot/LoCoBotRos/interbotix_ws/install/moveit_resources_panda_moveit_config:/home/locobot/LoCoBotRos/interbotix_ws/install/moveit_resources_fanuc_moveit_config:/home/locobot/LoCoBotRos/interbotix_ws/install/srdfdom:/home/locobot/LoCoBotRos/interbotix_ws/install/moveit_task_constructor_msgs:/home/locobot/LoCoBotRos/interbotix_ws/install/moveit_resources_prbt_support:/home/locobot/LoCoBotRos/interbotix_ws/install/moveit_resources_pr2_description:/home/locobot/LoCoBotRos/interbotix_ws/install/moveit_resources_panda_description:/home/locobot/LoCoBotRos/interbotix_ws/install/moveit_resources_fanuc_description:/home/locobot/LoCoBotRos/interbotix_ws/install/moveit_common:/home/locobot/apriltag_ws/install/apriltag_ros:/opt/ros/humble LD_LIBRARY_PATH=/home/locobot/LoCoBotRos/interbotix_ws/install/pilz_industrial_motion_planner/lib:/home/locobot/LoCoBotRos/interbotix_ws/install/moveit_ros_planning_interface/lib:/home/locobot/LoCoBotRos/interbotix_ws/install/moveit_ros_move_group/lib:/home/locobot/LoCoBotRos/interbotix_ws/install/moveit_ros_warehouse/lib:/home/locobot/LoCoBotRos/interbotix_ws/install/moveit_planners_ompl/lib:/home/locobot/LoCoBotRos/interbotix_ws/install/moveit_kinematics/lib:/home/locobot/LoCoBotRos/interbotix_ws/install/moveit_ros_planning/lib:/home/locobot/LoCoBotRos/interbotix_ws/install/moveit_planners_chomp/lib:/home/locobot/LoCoBotRos/interbotix_ws/install/pilz_industrial_motion_planner_testutils/lib:/home/locobot/LoCoBotRos/interbotix_ws/install/moveit_simple_controller_manager/lib:/home/locobot/LoCoBotRos/interbotix_ws/install/moveit_ros_occupancy_map_monitor/lib:/home/locobot/LoCoBotRos/interbotix_ws/install/moveit_resources_prbt_ikfast_manipulator_plugin/lib:/home/locobot/LoCoBotRos/interbotix_ws/install/chomp_motion_planner/lib:/home/locobot/LoCoBotRos/interbotix_ws/install/moveit_core/lib:/home/locobot/LoCoBotRos/interbotix_ws/install/rviz_marker_tools/lib:/home/locobot/LoCoBotRos/interbotix_ws/install/srdfdom/lib:/home/locobot/LoCoBotRos/interbotix_ws/install/moveit_task_constructor_msgs/lib:${LD_LIBRARY_PATH} PATH=/home/locobot/LoCoBotRos/interbotix_ws/install/moveit_core/bin:${PATH} PYTHONPATH=/home/locobot/LoCoBotRos/interbotix_ws/install/moveit_configs_utils/lib/python3.10/site-packages:/home/locobot/LoCoBotRos/interbotix_ws/install/srdfdom/local/lib/python3.10/dist-packages:/home/locobot/LoCoBotRos/interbotix_ws/install/moveit_task_constructor_msgs/local/lib/python3.10/dist-packages:/home/locobot/LoCoBotRos/interbotix_ws/install/launch_param_builder/lib/python3.10/site-packages:${PYTHONPATH} /usr/bin/cmake --install /home/locobot/LoCoBotRos/interbotix_ws/build/moveit_task_constructor_core
