[1.048s] Invoking command in '/home/rowanfoxx/Documents/GitHub/LoCoBotRos/src/py_pubsub': DEBUGINFOD_URLS=https://debuginfod.fedoraproject.org/ PYTHONPATH=/home/rowanfoxx/Documents/GitHub/LoCoBotRos/build/py_pubsub/prefix_override:/usr/lib/python3.13/site-packages/colcon_core/task/python/colcon_distutils_commands:/home/rowanfoxx/Documents/GitHub/LoCoBotRos/install/py_pubsub/lib/python3.13/site-packages:${PYTHONPATH} _=/usr/bin/env /usr/bin/python3 -W ignore:setup.py install is deprecated -W ignore:easy_install command is deprecated setup.py egg_info --egg-base ../../build/py_pubsub build --build-base /home/rowanfoxx/Documents/GitHub/LoCoBotRos/build/py_pubsub/build install --record /home/rowanfoxx/Documents/GitHub/LoCoBotRos/build/py_pubsub/install.log --single-version-externally-managed install_data
[1.393s] running egg_info
[1.412s] writing ../../build/py_pubsub/py_pubsub.egg-info/PKG-INFO
[1.413s] writing dependency_links to ../../build/py_pubsub/py_pubsub.egg-info/dependency_links.txt
[1.413s] writing entry points to ../../build/py_pubsub/py_pubsub.egg-info/entry_points.txt
[1.413s] writing requirements to ../../build/py_pubsub/py_pubsub.egg-info/requires.txt
[1.420s] writing top-level names to ../../build/py_pubsub/py_pubsub.egg-info/top_level.txt
[1.463s] reading manifest file '../../build/py_pubsub/py_pubsub.egg-info/SOURCES.txt'
[1.463s] adding license file 'LICENSE'
[1.464s] writing manifest file '../../build/py_pubsub/py_pubsub.egg-info/SOURCES.txt'
[1.464s] running build
[1.464s] running build_py
[1.464s] copying py_pubsub/__init__.py -> /home/rowanfoxx/Documents/GitHub/LoCoBotRos/build/py_pubsub/build/lib/py_pubsub
[1.464s] copying py_pubsub/publisher_member_function.py -> /home/rowanfoxx/Documents/GitHub/LoCoBotRos/build/py_pubsub/build/lib/py_pubsub
[1.464s] copying py_pubsub/subscriber_member_function.py -> /home/rowanfoxx/Documents/GitHub/LoCoBotRos/build/py_pubsub/build/lib/py_pubsub
[1.464s] running install
[1.470s] running install_lib
[1.491s] running install_data
[1.491s] copying resource/py_pubsub -> /home/rowanfoxx/Documents/GitHub/LoCoBotRos/install/py_pubsub/share/ament_index/resource_index/packages
[1.492s] copying package.xml -> /home/rowanfoxx/Documents/GitHub/LoCoBotRos/install/py_pubsub/share/py_pubsub
[1.492s] running install_egg_info
[1.513s] removing '/home/rowanfoxx/Documents/GitHub/LoCoBotRos/install/py_pubsub/lib/python3.13/site-packages/py_pubsub-0.0.0-py3.13.egg-info' (and everything under it)
[1.514s] Copying ../../build/py_pubsub/py_pubsub.egg-info to /home/rowanfoxx/Documents/GitHub/LoCoBotRos/install/py_pubsub/lib/python3.13/site-packages/py_pubsub-0.0.0-py3.13.egg-info
[1.514s] running install_scripts
[1.649s] Installing listener script to /home/rowanfoxx/Documents/GitHub/LoCoBotRos/install/py_pubsub/lib/py_pubsub
[1.650s] Installing talker script to /home/rowanfoxx/Documents/GitHub/LoCoBotRos/install/py_pubsub/lib/py_pubsub
[1.651s] writing list of installed files to '/home/rowanfoxx/Documents/GitHub/LoCoBotRos/build/py_pubsub/install.log'
[1.675s] Invoked command in '/home/rowanfoxx/Documents/GitHub/LoCoBotRos/src/py_pubsub' returned '0': DEBUGINFOD_URLS=https://debuginfod.fedoraproject.org/ PYTHONPATH=/home/rowanfoxx/Documents/GitHub/LoCoBotRos/build/py_pubsub/prefix_override:/usr/lib/python3.13/site-packages/colcon_core/task/python/colcon_distutils_commands:/home/rowanfoxx/Documents/GitHub/LoCoBotRos/install/py_pubsub/lib/python3.13/site-packages:${PYTHONPATH} _=/usr/bin/env /usr/bin/python3 -W ignore:setup.py install is deprecated -W ignore:easy_install command is deprecated setup.py egg_info --egg-base ../../build/py_pubsub build --build-base /home/rowanfoxx/Documents/GitHub/LoCoBotRos/build/py_pubsub/build install --record /home/rowanfoxx/Documents/GitHub/LoCoBotRos/build/py_pubsub/install.log --single-version-externally-managed install_data
