-- Found ament_cmake_ros: 0.10.0 (/opt/ros/humble/share/ament_cmake_ros/cmake)
-- Found ecl_build: 1.0.3 (/opt/ros/humble/share/ecl_build/cmake)
-- Found ecl_config: 1.2.0 (/home/locobot/LoCoBotRos/interbotix_ws/install/ecl_config/share/ecl_config/cmake)
-- Found ecl_errors: 1.2.0 (/home/locobot/LoCoBotRos/interbotix_ws/install/ecl_errors/share/ecl_errors/cmake)
-- Found ecl_concepts: 1.2.1 (/home/locobot/LoCoBotRos/interbotix_ws/install/ecl_concepts/share/ecl_concepts/cmake)
-- Found ecl_exceptions: 1.2.1 (/home/locobot/LoCoBotRos/interbotix_ws/install/ecl_exceptions/share/ecl_exceptions/cmake)
-- Found ecl_time: 1.2.1 (/home/locobot/LoCoBotRos/interbotix_ws/install/ecl_time/share/ecl_time/cmake)
-- Found ecl_utilities: 1.2.1 (/home/locobot/LoCoBotRos/interbotix_ws/install/ecl_utilities/share/ecl_utilities/cmake)
-- Found ament_lint_auto: 0.12.12 (/opt/ros/humble/share/ament_lint_auto/cmake)
-- Found gtest sources under '/opt/ros/humble/src/gtest_vendor': C++ tests using 'Google Test' will be built
-- Configuring done
-- Generating done
-- Build files have been written to: /home/locobot/LoCoBotRos/interbotix_ws/build/ecl_threads
[35m[1mConsolidate compiler generated dependencies of target gtest_main[0m
[35m[1mConsolidate compiler generated dependencies of target gtest[0m
[35m[1mConsolidate compiler generated dependencies of target ecl_threads[0m
[  4%] [32mBuilding CXX object src/lib/CMakeFiles/ecl_threads.dir/mutex_w32.cpp.o[0m
[  8%] [32mBuilding CXX object gtest/CMakeFiles/gtest_main.dir/src/gtest_main.cc.o[0m
[ 13%] [32mBuilding CXX object gtest/CMakeFiles/gtest.dir/src/gtest-all.cc.o[0m
[ 17%] [32mBuilding CXX object src/lib/CMakeFiles/ecl_threads.dir/thread_win.cpp.o[0m
[ 21%] [32mBuilding CXX object src/lib/CMakeFiles/ecl_threads.dir/thread_pos.cpp.o[0m
[ 26%] [32mBuilding CXX object src/lib/CMakeFiles/ecl_threads.dir/priority_win.cpp.o[0m
[ 30%] [32mBuilding CXX object src/lib/CMakeFiles/ecl_threads.dir/mutex_pos.cpp.o[0m
[ 34%] [32mBuilding CXX object src/lib/CMakeFiles/ecl_threads.dir/priority_pos.cpp.o[0m
[ 39%] [32m[1mLinking CXX shared library libecl_threads.so[0m
[ 39%] Built target ecl_threads
[35m[1mConsolidate compiler generated dependencies of target ecl_demo_thread[0m
[35m[1mConsolidate compiler generated dependencies of target ecl_demo_mutex[0m
[ 47%] [32mBuilding CXX object src/examples/CMakeFiles/ecl_demo_mutex.dir/mutex.cpp.o[0m
[ 47%] [32mBuilding CXX object src/examples/CMakeFiles/ecl_demo_thread.dir/thread.cpp.o[0m
[ 52%] [32m[1mLinking CXX static library libgtest_main.a[0m
[ 52%] Built target gtest_main
[ 56%] [32m[1mLinking CXX executable demo_mutex[0m
[ 56%] Built target ecl_demo_mutex
[ 60%] [32m[1mLinking CXX executable demo_thread[0m
[ 60%] Built target ecl_demo_thread
[ 65%] [32m[1mLinking CXX static library libgtest.a[0m
[ 65%] Built target gtest
[35m[1mConsolidate compiler generated dependencies of target ecl_test_threads[0m
[35m[1mConsolidate compiler generated dependencies of target ecl_test_priorities[0m
[35m[1mConsolidate compiler generated dependencies of target ecl_test_threadable[0m
[35m[1mConsolidate compiler generated dependencies of target ecl_test_mutex[0m
[ 82%] [32mBuilding CXX object src/test/CMakeFiles/ecl_test_priorities.dir/priorities.cpp.o[0m
[ 82%] [32mBuilding CXX object src/test/CMakeFiles/ecl_test_threads.dir/threads.cpp.o[0m
[ 82%] [32mBuilding CXX object src/test/CMakeFiles/ecl_test_threadable.dir/threadable.cpp.o[0m
[ 82%] [32mBuilding CXX object src/test/CMakeFiles/ecl_test_mutex.dir/mutex.cpp.o[0m
[ 86%] [32m[1mLinking CXX executable ecl_test_priorities[0m
[ 91%] [32m[1mLinking CXX executable ecl_test_mutex[0m
[ 95%] [32m[1mLinking CXX executable ecl_test_threadable[0m
[ 95%] Built target ecl_test_priorities
[ 95%] Built target ecl_test_mutex
[ 95%] Built target ecl_test_threadable
[100%] [32m[1mLinking CXX executable ecl_test_threads[0m
[100%] Built target ecl_test_threads
-- Install configuration: "Release"
-- Up-to-date: /home/locobot/LoCoBotRos/interbotix_ws/install/ecl_threads/share/ecl_threads/environment/library_path.sh
-- Installing: /home/locobot/LoCoBotRos/interbotix_ws/install/ecl_threads/share/ecl_threads/environment/library_path.dsv
-- Up-to-date: /home/locobot/LoCoBotRos/interbotix_ws/install/ecl_threads/share/ament_index/resource_index/package_run_dependencies/ecl_threads
-- Installing: /home/locobot/LoCoBotRos/interbotix_ws/install/ecl_threads/share/ament_index/resource_index/parent_prefix_path/ecl_threads
-- Up-to-date: /home/locobot/LoCoBotRos/interbotix_ws/install/ecl_threads/share/ecl_threads/environment/ament_prefix_path.sh
-- Installing: /home/locobot/LoCoBotRos/interbotix_ws/install/ecl_threads/share/ecl_threads/environment/ament_prefix_path.dsv
-- Up-to-date: /home/locobot/LoCoBotRos/interbotix_ws/install/ecl_threads/share/ecl_threads/environment/path.sh
-- Installing: /home/locobot/LoCoBotRos/interbotix_ws/install/ecl_threads/share/ecl_threads/environment/path.dsv
-- Up-to-date: /home/locobot/LoCoBotRos/interbotix_ws/install/ecl_threads/share/ecl_threads/local_setup.bash
-- Up-to-date: /home/locobot/LoCoBotRos/interbotix_ws/install/ecl_threads/share/ecl_threads/local_setup.sh
-- Up-to-date: /home/locobot/LoCoBotRos/interbotix_ws/install/ecl_threads/share/ecl_threads/local_setup.zsh
-- Installing: /home/locobot/LoCoBotRos/interbotix_ws/install/ecl_threads/share/ecl_threads/local_setup.dsv
-- Installing: /home/locobot/LoCoBotRos/interbotix_ws/install/ecl_threads/share/ecl_threads/package.dsv
-- Up-to-date: /home/locobot/LoCoBotRos/interbotix_ws/install/ecl_threads/share/ament_index/resource_index/packages/ecl_threads
-- Up-to-date: /home/locobot/LoCoBotRos/interbotix_ws/install/ecl_threads/share/ecl_threads/cmake/ecl_threadsExport.cmake
-- Installing: /home/locobot/LoCoBotRos/interbotix_ws/install/ecl_threads/share/ecl_threads/cmake/ecl_threadsExport-release.cmake
-- Up-to-date: /home/locobot/LoCoBotRos/interbotix_ws/install/ecl_threads/share/ecl_threads/cmake/ecl_threads-extras.cmake
-- Up-to-date: /home/locobot/LoCoBotRos/interbotix_ws/install/ecl_threads/share/ecl_threads/cmake/ament_cmake_export_targets-extras.cmake
-- Up-to-date: /home/locobot/LoCoBotRos/interbotix_ws/install/ecl_threads/share/ecl_threads/cmake/ament_cmake_export_include_directories-extras.cmake
-- Up-to-date: /home/locobot/LoCoBotRos/interbotix_ws/install/ecl_threads/share/ecl_threads/cmake/ament_cmake_export_libraries-extras.cmake
-- Up-to-date: /home/locobot/LoCoBotRos/interbotix_ws/install/ecl_threads/share/ecl_threads/cmake/ament_cmake_export_dependencies-extras.cmake
-- Up-to-date: /home/locobot/LoCoBotRos/interbotix_ws/install/ecl_threads/share/ecl_threads/cmake/ecl_threadsConfig.cmake
-- Up-to-date: /home/locobot/LoCoBotRos/interbotix_ws/install/ecl_threads/share/ecl_threads/cmake/ecl_threadsConfig-version.cmake
-- Up-to-date: /home/locobot/LoCoBotRos/interbotix_ws/install/ecl_threads/share/ecl_threads/package.xml
-- Up-to-date: /home/locobot/LoCoBotRos/interbotix_ws/install/ecl_threads/include/ecl/threads.hpp
-- Up-to-date: /home/locobot/LoCoBotRos/interbotix_ws/install/ecl_threads/include/ecl/threads/macros.hpp
-- Up-to-date: /home/locobot/LoCoBotRos/interbotix_ws/install/ecl_threads/include/ecl/threads/mutex.hpp
-- Up-to-date: /home/locobot/LoCoBotRos/interbotix_ws/install/ecl_threads/include/ecl/threads/mutex_pos.hpp
-- Up-to-date: /home/locobot/LoCoBotRos/interbotix_ws/install/ecl_threads/include/ecl/threads/mutex_w32.hpp
-- Up-to-date: /home/locobot/LoCoBotRos/interbotix_ws/install/ecl_threads/include/ecl/threads/priority.hpp
-- Up-to-date: /home/locobot/LoCoBotRos/interbotix_ws/install/ecl_threads/include/ecl/threads/priority_common.hpp
-- Up-to-date: /home/locobot/LoCoBotRos/interbotix_ws/install/ecl_threads/include/ecl/threads/priority_pos.hpp
-- Up-to-date: /home/locobot/LoCoBotRos/interbotix_ws/install/ecl_threads/include/ecl/threads/priority_win.hpp
-- Up-to-date: /home/locobot/LoCoBotRos/interbotix_ws/install/ecl_threads/include/ecl/threads/thread.hpp
-- Up-to-date: /home/locobot/LoCoBotRos/interbotix_ws/install/ecl_threads/include/ecl/threads/thread_exceptions_pos.hpp
-- Up-to-date: /home/locobot/LoCoBotRos/interbotix_ws/install/ecl_threads/include/ecl/threads/thread_pos.hpp
-- Up-to-date: /home/locobot/LoCoBotRos/interbotix_ws/install/ecl_threads/include/ecl/threads/thread_win.hpp
-- Up-to-date: /home/locobot/LoCoBotRos/interbotix_ws/install/ecl_threads/include/ecl/threads/threadable.hpp
-- Installing: /home/locobot/LoCoBotRos/interbotix_ws/install/ecl_threads/lib/libecl_threads.so.1.2.1
-- Set runtime path of "/home/locobot/LoCoBotRos/interbotix_ws/install/ecl_threads/lib/libecl_threads.so.1.2.1" to ""
-- Up-to-date: /home/locobot/LoCoBotRos/interbotix_ws/install/ecl_threads/lib/libecl_threads.so
-- Installing: /home/locobot/LoCoBotRos/interbotix_ws/install/ecl_threads/lib/ecl_threads/demo_thread
-- Set runtime path of "/home/locobot/LoCoBotRos/interbotix_ws/install/ecl_threads/lib/ecl_threads/demo_thread" to ""
-- Installing: /home/locobot/LoCoBotRos/interbotix_ws/install/ecl_threads/lib/ecl_threads/demo_mutex
-- Set runtime path of "/home/locobot/LoCoBotRos/interbotix_ws/install/ecl_threads/lib/ecl_threads/demo_mutex" to ""
