-- Install configuration: ""
-- Up-to-date: /home/rowanfoxx/Documents/GitHub/LoCoBotRos/install/locobot_descriptions/share/locobot_descriptions/launch
-- Up-to-date: /home/rowanfoxx/Documents/GitHub/LoCoBotRos/install/locobot_descriptions/share/locobot_descriptions/launch/xslocobot_description.launch.py
-- Up-to-date: /home/rowanfoxx/Documents/GitHub/LoCoBotRos/install/locobot_descriptions/share/locobot_descriptions/launch/display.launch.py
-- Up-to-date: /home/rowanfoxx/Documents/GitHub/LoCoBotRos/install/locobot_descriptions/share/locobot_descriptions/urdf
-- Up-to-date: /home/rowanfoxx/Documents/GitHub/LoCoBotRos/install/locobot_descriptions/share/locobot_descriptions/urdf/arm_cradle.urdf.xacro
-- Up-to-date: /home/rowanfoxx/Documents/GitHub/LoCoBotRos/install/locobot_descriptions/share/locobot_descriptions/urdf/arms
-- Up-to-date: /home/rowanfoxx/Documents/GitHub/LoCoBotRos/install/locobot_descriptions/share/locobot_descriptions/urdf/arms/mobile_arm.urdf.xacro
-- Up-to-date: /home/rowanfoxx/Documents/GitHub/LoCoBotRos/install/locobot_descriptions/share/locobot_descriptions/urdf/arms/mobile_px100.urdf.xacro
-- Up-to-date: /home/rowanfoxx/Documents/GitHub/LoCoBotRos/install/locobot_descriptions/share/locobot_descriptions/urdf/arms/mobile_wx200.urdf.xacro
-- Up-to-date: /home/rowanfoxx/Documents/GitHub/LoCoBotRos/install/locobot_descriptions/share/locobot_descriptions/urdf/arms/mobile_wx250s.urdf.xacro
-- Up-to-date: /home/rowanfoxx/Documents/GitHub/LoCoBotRos/install/locobot_descriptions/share/locobot_descriptions/urdf/battery.urdf.xacro
-- Up-to-date: /home/rowanfoxx/Documents/GitHub/LoCoBotRos/install/locobot_descriptions/share/locobot_descriptions/urdf/camera_tower.urdf.xacro
-- Up-to-date: /home/rowanfoxx/Documents/GitHub/LoCoBotRos/install/locobot_descriptions/share/locobot_descriptions/urdf/create3_version
-- Up-to-date: /home/rowanfoxx/Documents/GitHub/LoCoBotRos/install/locobot_descriptions/share/locobot_descriptions/urdf/create3_version/README.md
-- Up-to-date: /home/rowanfoxx/Documents/GitHub/LoCoBotRos/install/locobot_descriptions/share/locobot_descriptions/urdf/create3_version/bump_caster.urdf.xacro
-- Up-to-date: /home/rowanfoxx/Documents/GitHub/LoCoBotRos/install/locobot_descriptions/share/locobot_descriptions/urdf/create3_version/bumper.urdf.xacro
-- Up-to-date: /home/rowanfoxx/Documents/GitHub/LoCoBotRos/install/locobot_descriptions/share/locobot_descriptions/urdf/create3_version/button.urdf.xacro
-- Up-to-date: /home/rowanfoxx/Documents/GitHub/LoCoBotRos/install/locobot_descriptions/share/locobot_descriptions/urdf/create3_version/caster.urdf.xacro
-- Up-to-date: /home/rowanfoxx/Documents/GitHub/LoCoBotRos/install/locobot_descriptions/share/locobot_descriptions/urdf/create3_version/common_properties.urdf.xacro
-- Up-to-date: /home/rowanfoxx/Documents/GitHub/LoCoBotRos/install/locobot_descriptions/share/locobot_descriptions/urdf/create3_version/dock
-- Up-to-date: /home/rowanfoxx/Documents/GitHub/LoCoBotRos/install/locobot_descriptions/share/locobot_descriptions/urdf/create3_version/dock/ir_emitter.urdf.xacro
-- Up-to-date: /home/rowanfoxx/Documents/GitHub/LoCoBotRos/install/locobot_descriptions/share/locobot_descriptions/urdf/create3_version/dock/standard_dock.urdf.xacro
-- Up-to-date: /home/rowanfoxx/Documents/GitHub/LoCoBotRos/install/locobot_descriptions/share/locobot_descriptions/urdf/create3_version/locobot_create3.urdf.xacro
-- Up-to-date: /home/rowanfoxx/Documents/GitHub/LoCoBotRos/install/locobot_descriptions/share/locobot_descriptions/urdf/create3_version/sensors
-- Up-to-date: /home/rowanfoxx/Documents/GitHub/LoCoBotRos/install/locobot_descriptions/share/locobot_descriptions/urdf/create3_version/sensors/cliff_sensor.urdf.xacro
-- Up-to-date: /home/rowanfoxx/Documents/GitHub/LoCoBotRos/install/locobot_descriptions/share/locobot_descriptions/urdf/create3_version/sensors/imu.urdf.xacro
-- Up-to-date: /home/rowanfoxx/Documents/GitHub/LoCoBotRos/install/locobot_descriptions/share/locobot_descriptions/urdf/create3_version/sensors/ir_intensity.urdf.xacro
-- Up-to-date: /home/rowanfoxx/Documents/GitHub/LoCoBotRos/install/locobot_descriptions/share/locobot_descriptions/urdf/create3_version/sensors/ir_opcode_receivers.urdf.xacro
-- Up-to-date: /home/rowanfoxx/Documents/GitHub/LoCoBotRos/install/locobot_descriptions/share/locobot_descriptions/urdf/create3_version/sensors/optical_mouse.urdf.xacro
-- Up-to-date: /home/rowanfoxx/Documents/GitHub/LoCoBotRos/install/locobot_descriptions/share/locobot_descriptions/urdf/create3_version/wheel.urdf.xacro
-- Up-to-date: /home/rowanfoxx/Documents/GitHub/LoCoBotRos/install/locobot_descriptions/share/locobot_descriptions/urdf/create3_version/wheel_drop.urdf.xacro
-- Up-to-date: /home/rowanfoxx/Documents/GitHub/LoCoBotRos/install/locobot_descriptions/share/locobot_descriptions/urdf/create3_version/wheel_with_wheeldrop.urdf.xacro
-- Up-to-date: /home/rowanfoxx/Documents/GitHub/LoCoBotRos/install/locobot_descriptions/share/locobot_descriptions/urdf/kobuki_version
-- Up-to-date: /home/rowanfoxx/Documents/GitHub/LoCoBotRos/install/locobot_descriptions/share/locobot_descriptions/urdf/kobuki_version/locobot_kobuki.urdf
-- Up-to-date: /home/rowanfoxx/Documents/GitHub/LoCoBotRos/install/locobot_descriptions/share/locobot_descriptions/urdf/kobuki_version/locobot_kobuki.urdf.xacro
-- Up-to-date: /home/rowanfoxx/Documents/GitHub/LoCoBotRos/install/locobot_descriptions/share/locobot_descriptions/urdf/lidar.urdf.xacro
-- Up-to-date: /home/rowanfoxx/Documents/GitHub/LoCoBotRos/install/locobot_descriptions/share/locobot_descriptions/urdf/locobot.urdf.xacro
-- Up-to-date: /home/rowanfoxx/Documents/GitHub/LoCoBotRos/install/locobot_descriptions/share/locobot_descriptions/urdf/pan_and_tilt.urdf.xacro
-- Up-to-date: /home/rowanfoxx/Documents/GitHub/LoCoBotRos/install/locobot_descriptions/share/locobot_descriptions/urdf/plate.urdf.xacro
-- Up-to-date: /home/rowanfoxx/Documents/GitHub/LoCoBotRos/install/locobot_descriptions/share/locobot_descriptions/rviz
-- Up-to-date: /home/rowanfoxx/Documents/GitHub/LoCoBotRos/install/locobot_descriptions/share/locobot_descriptions/rviz/many_locobots.rviz
-- Installing: /home/rowanfoxx/Documents/GitHub/LoCoBotRos/install/locobot_descriptions/share/locobot_descriptions/rviz/xslocobot_description.rviz
-- Up-to-date: /home/rowanfoxx/Documents/GitHub/LoCoBotRos/install/locobot_descriptions/share/locobot_descriptions/images
-- Up-to-date: /home/rowanfoxx/Documents/GitHub/LoCoBotRos/install/locobot_descriptions/share/locobot_descriptions/images/many_xslocobots.png
-- Up-to-date: /home/rowanfoxx/Documents/GitHub/LoCoBotRos/install/locobot_descriptions/share/locobot_descriptions/images/xslocobot_description_flowchart.png
-- Up-to-date: /home/rowanfoxx/Documents/GitHub/LoCoBotRos/install/locobot_descriptions/share/ament_index/resource_index/package_run_dependencies/locobot_descriptions
-- Up-to-date: /home/rowanfoxx/Documents/GitHub/LoCoBotRos/install/locobot_descriptions/share/ament_index/resource_index/parent_prefix_path/locobot_descriptions
-- Up-to-date: /home/rowanfoxx/Documents/GitHub/LoCoBotRos/install/locobot_descriptions/share/locobot_descriptions/environment/ament_prefix_path.dsv
-- Up-to-date: /home/rowanfoxx/Documents/GitHub/LoCoBotRos/install/locobot_descriptions/share/locobot_descriptions/environment/path.dsv
-- Up-to-date: /home/rowanfoxx/Documents/GitHub/LoCoBotRos/install/locobot_descriptions/share/locobot_descriptions/local_setup.bash
-- Up-to-date: /home/rowanfoxx/Documents/GitHub/LoCoBotRos/install/locobot_descriptions/share/locobot_descriptions/local_setup.sh
-- Up-to-date: /home/rowanfoxx/Documents/GitHub/LoCoBotRos/install/locobot_descriptions/share/locobot_descriptions/local_setup.zsh
-- Up-to-date: /home/rowanfoxx/Documents/GitHub/LoCoBotRos/install/locobot_descriptions/share/locobot_descriptions/local_setup.dsv
-- Installing: /home/rowanfoxx/Documents/GitHub/LoCoBotRos/install/locobot_descriptions/share/locobot_descriptions/package.dsv
-- Up-to-date: /home/rowanfoxx/Documents/GitHub/LoCoBotRos/install/locobot_descriptions/share/ament_index/resource_index/packages/locobot_descriptions
-- Up-to-date: /home/rowanfoxx/Documents/GitHub/LoCoBotRos/install/locobot_descriptions/share/locobot_descriptions/cmake/locobot_descriptionsConfig.cmake
-- Up-to-date: /home/rowanfoxx/Documents/GitHub/LoCoBotRos/install/locobot_descriptions/share/locobot_descriptions/cmake/locobot_descriptionsConfig-version.cmake
-- Up-to-date: /home/rowanfoxx/Documents/GitHub/LoCoBotRos/install/locobot_descriptions/share/locobot_descriptions/package.xml
