[0.028s] Invoking command in '/home/locobot/LoCoBotRos/interbotix_ws/build/moveit_core': AMENT_PREFIX_PATH=/home/locobot/LoCoBotRos/interbotix_ws/install/moveit_resources_panda_moveit_config:/home/locobot/LoCoBotRos/interbotix_ws/install/srdfdom:/home/locobot/LoCoBotRos/interbotix_ws/install/moveit_resources_pr2_description:/home/locobot/LoCoBotRos/interbotix_ws/install/moveit_resources_panda_description:/home/locobot/LoCoBotRos/interbotix_ws/install/moveit_common:${AMENT_PREFIX_PATH} CMAKE_PREFIX_PATH=/home/locobot/LoCoBotRos/interbotix_ws/install/moveit_resources_panda_moveit_config:/home/locobot/LoCoBotRos/interbotix_ws/install/srdfdom:/home/locobot/LoCoBotRos/interbotix_ws/install/moveit_resources_pr2_description:/home/locobot/LoCoBotRos/interbotix_ws/install/moveit_resources_panda_description:/home/locobot/LoCoBotRos/interbotix_ws/install/moveit_common:/home/locobot/LoCoBotRos/interbotix_ws/install/interbotix_xslocobot_moveit:/home/locobot/LoCoBotRos/interbotix_ws/install/interbotix_xslocobot_ros_control:/home/locobot/LoCoBotRos/interbotix_ws/install/interbotix_xslocobot_nav:/home/locobot/LoCoBotRos/interbotix_ws/install/interbotix_xslocobot_joy:/home/locobot/LoCoBotRos/interbotix_ws/install/interbotix_xslocobot_control:/home/locobot/LoCoBotRos/interbotix_ws/install/kobuki_ros:/home/locobot/LoCoBotRos/interbotix_ws/install/kobuki_node:/home/locobot/LoCoBotRos/interbotix_ws/install/kobuki_auto_docking:/home/locobot/LoCoBotRos/interbotix_ws/install/kobuki_core:/home/locobot/LoCoBotRos/interbotix_ws/install/ecl_core:/home/locobot/LoCoBotRos/interbotix_ws/install/ecl_statistics:/home/locobot/LoCoBotRos/interbotix_ws/install/ecl_mobile_robot:/home/locobot/LoCoBotRos/interbotix_ws/install/ecl_manipulators:/home/locobot/LoCoBotRos/interbotix_ws/install/ecl_core_apps:/home/locobot/LoCoBotRos/interbotix_ws/install/ecl_geometry:/home/locobot/LoCoBotRos/interbotix_ws/install/ecl_linear_algebra:/home/locobot/LoCoBotRos/interbotix_ws/install/sophus:/home/locobot/LoCoBotRos/interbotix_ws/install/sllidar_ros2:/home/locobot/LoCoBotRos/interbotix_ws/install/interbotix_moveit_interface:/home/locobot/LoCoBotRos/interbotix_ws/install/moveit_visual_tools:/home/locobot/LoCoBotRos/interbotix_ws/install/kobuki_keyop:/home/locobot/LoCoBotRos/interbotix_ws/install/kobuki_velocity_smoother:/home/locobot/LoCoBotRos/interbotix_ws/install/kobuki_safety_controller:/home/locobot/LoCoBotRos/interbotix_ws/install/kobuki_random_walker:/home/locobot/LoCoBotRos/interbotix_ws/install/kobuki_bumper2pc:/home/locobot/LoCoBotRos/interbotix_ws/install/kobuki_ros_interfaces:/home/locobot/LoCoBotRos/interbotix_ws/install/interbotix_xslocobot_sim:/home/locobot/LoCoBotRos/interbotix_ws/install/interbotix_xslocobot_descriptions:/home/locobot/LoCoBotRos/interbotix_ws/install/kobuki_description:/home/locobot/LoCoBotRos/interbotix_ws/install/interbotix_xs_toolbox:/home/locobot/LoCoBotRos/interbotix_ws/install/interbotix_xs_rviz:/home/locobot/LoCoBotRos/interbotix_ws/install/interbotix_ros_xseries:/home/locobot/LoCoBotRos/interbotix_ws/install/interbotix_xs_sdk:/home/locobot/LoCoBotRos/interbotix_ws/install/interbotix_xs_ros_control:/home/locobot/LoCoBotRos/interbotix_ws/install/interbotix_common_toolbox:/home/locobot/LoCoBotRos/interbotix_ws/install/interbotix_gravity_compensation:/home/locobot/LoCoBotRos/interbotix_ws/install/interbotix_xs_msgs:/home/locobot/LoCoBotRos/interbotix_ws/install/interbotix_xs_driver:/home/locobot/LoCoBotRos/interbotix_ws/install/interbotix_tf_tools:/home/locobot/LoCoBotRos/interbotix_ws/install/interbotix_moveit_interface_msgs:/home/locobot/LoCoBotRos/interbotix_ws/install/interbotix_common_sim:/home/locobot/LoCoBotRos/interbotix_ws/install/ecl_streams:/home/locobot/LoCoBotRos/interbotix_ws/install/ecl_sigslots:/home/locobot/LoCoBotRos/interbotix_ws/install/ecl_ipc:/home/locobot/LoCoBotRos/interbotix_ws/install/ecl_devices:/home/locobot/LoCoBotRos/interbotix_ws/install/ecl_threads:/home/locobot/LoCoBotRos/interbotix_ws/install/ecl_containers:/home/locobot/LoCoBotRos/interbotix_ws/install/ecl_utilities:/home/locobot/LoCoBotRos/interbotix_ws/install/ecl_math:/home/locobot/LoCoBotRos/interbotix_ws/install/ecl_formatters:/home/locobot/LoCoBotRos/interbotix_ws/install/ecl_converters:/home/locobot/LoCoBotRos/interbotix_ws/install/ecl_concepts:/home/locobot/LoCoBotRos/interbotix_ws/install/ecl_type_traits:/home/locobot/LoCoBotRos/interbotix_ws/install/ecl_time:/home/locobot/LoCoBotRos/interbotix_ws/install/ecl_lite:/home/locobot/LoCoBotRos/interbotix_ws/install/ecl_time_lite:/home/locobot/LoCoBotRos/interbotix_ws/install/ecl_sigslots_lite:/home/locobot/LoCoBotRos/interbotix_ws/install/ecl_mpl:/home/locobot/LoCoBotRos/interbotix_ws/install/ecl_io:/home/locobot/LoCoBotRos/interbotix_ws/install/ecl_filesystem:/home/locobot/LoCoBotRos/interbotix_ws/install/ecl_exceptions:/home/locobot/LoCoBotRos/interbotix_ws/install/ecl_errors:/home/locobot/LoCoBotRos/interbotix_ws/install/ecl_eigen:/home/locobot/LoCoBotRos/interbotix_ws/install/ecl_converters_lite:/home/locobot/LoCoBotRos/interbotix_ws/install/ecl_console:/home/locobot/LoCoBotRos/interbotix_ws/install/ecl_config:/home/locobot/LoCoBotRos/interbotix_ws/install/ecl_command_line:/home/locobot/LoCoBotRos/interbotix_ws/install/dynamixel_workbench_toolbox:/home/locobot/LoCoBotRos/interbotix_ws/install/cmd_vel_mux:/home/locobot/interbotix_ws/install/interbotix_xslocobot_moveit:/home/locobot/interbotix_ws/install/interbotix_xslocobot_ros_control:/home/locobot/interbotix_ws/install/interbotix_xslocobot_nav:/home/locobot/interbotix_ws/install/interbotix_xslocobot_joy:/home/locobot/interbotix_ws/install/interbotix_xslocobot_control:/home/locobot/interbotix_ws/install/kobuki_ros:/home/locobot/interbotix_ws/install/kobuki_node:/home/locobot/interbotix_ws/install/kobuki_auto_docking:/home/locobot/interbotix_ws/install/kobuki_core:/home/locobot/interbotix_ws/install/ecl_core:/home/locobot/interbotix_ws/install/ecl_statistics:/home/locobot/interbotix_ws/install/ecl_mobile_robot:/home/locobot/interbotix_ws/install/ecl_manipulators:/home/locobot/interbotix_ws/install/ecl_core_apps:/home/locobot/interbotix_ws/install/ecl_geometry:/home/locobot/interbotix_ws/install/ecl_linear_algebra:/home/locobot/interbotix_ws/install/sophus:/home/locobot/interbotix_ws/install/sllidar_ros2:/home/locobot/interbotix_ws/install/interbotix_moveit_interface:/home/locobot/interbotix_ws/install/moveit_visual_tools:/home/locobot/interbotix_ws/install/kobuki_keyop:/home/locobot/interbotix_ws/install/kobuki_velocity_smoother:/home/locobot/interbotix_ws/install/kobuki_safety_controller:/home/locobot/interbotix_ws/install/kobuki_random_walker:/home/locobot/interbotix_ws/install/kobuki_bumper2pc:/home/locobot/interbotix_ws/install/kobuki_ros_interfaces:/home/locobot/interbotix_ws/install/interbotix_xslocobot_sim:/home/locobot/interbotix_ws/install/interbotix_xslocobot_descriptions:/home/locobot/interbotix_ws/install/interbotix_xs_toolbox:/home/locobot/interbotix_ws/install/interbotix_xs_rviz:/home/locobot/interbotix_ws/install/interbotix_ros_xseries:/home/locobot/interbotix_ws/install/interbotix_xs_sdk:/home/locobot/interbotix_ws/install/interbotix_xs_ros_control:/home/locobot/interbotix_ws/install/interbotix_common_toolbox:/home/locobot/interbotix_ws/install/interbotix_gravity_compensation:/home/locobot/interbotix_ws/install/interbotix_xs_msgs:/home/locobot/interbotix_ws/install/interbotix_xs_driver:/home/locobot/interbotix_ws/install/interbotix_tf_tools:/home/locobot/interbotix_ws/install/interbotix_moveit_interface_msgs:/home/locobot/interbotix_ws/install/ecl_streams:/home/locobot/interbotix_ws/install/ecl_sigslots:/home/locobot/interbotix_ws/install/ecl_ipc:/home/locobot/interbotix_ws/install/ecl_devices:/home/locobot/interbotix_ws/install/ecl_threads:/home/locobot/interbotix_ws/install/ecl_containers:/home/locobot/interbotix_ws/install/ecl_time:/home/locobot/interbotix_ws/install/ecl_lite:/home/locobot/interbotix_ws/install/ecl_sigslots_lite:/home/locobot/interbotix_ws/install/ecl_io:/home/locobot/interbotix_ws/install/ecl_filesystem:/home/locobot/interbotix_ws/install/ecl_converters_lite:/home/locobot/interbotix_ws/install/ecl_console:/home/locobot/interbotix_ws/install/cmd_vel_mux:/home/locobot/apriltag_ws/install/apriltag_ros:/home/locobot/LoCoBotRos/interbotix_ws/install/interbotix_xs_modules:/home/locobot/LoCoBotRos/interbotix_ws/install/interbotix_common_modules:/home/locobot/interbotix_ws/install/kobuki_description:/home/locobot/interbotix_ws/install/interbotix_xs_modules:/home/locobot/interbotix_ws/install/interbotix_common_sim:/home/locobot/interbotix_ws/install/interbotix_common_modules:/home/locobot/interbotix_ws/install/ecl_utilities:/home/locobot/interbotix_ws/install/ecl_math:/home/locobot/interbotix_ws/install/ecl_formatters:/home/locobot/interbotix_ws/install/ecl_converters:/home/locobot/interbotix_ws/install/ecl_concepts:/home/locobot/interbotix_ws/install/ecl_type_traits:/home/locobot/interbotix_ws/install/ecl_time_lite:/home/locobot/interbotix_ws/install/ecl_mpl:/home/locobot/interbotix_ws/install/ecl_exceptions:/home/locobot/interbotix_ws/install/ecl_errors:/home/locobot/interbotix_ws/install/ecl_eigen:/home/locobot/interbotix_ws/install/ecl_config:/home/locobot/interbotix_ws/install/ecl_command_line:/home/locobot/interbotix_ws/install/dynamixel_workbench_toolbox:/opt/ros/humble LD_LIBRARY_PATH=/home/locobot/LoCoBotRos/interbotix_ws/install/srdfdom/lib:${LD_LIBRARY_PATH} PYTHONPATH=/home/locobot/LoCoBotRos/interbotix_ws/install/srdfdom/local/lib/python3.10/dist-packages:${PYTHONPATH} /usr/bin/cmake --build /home/locobot/LoCoBotRos/interbotix_ws/build/moveit_core -- -j16 -l16
[0.144s] [  1%] Built target gtest
[0.144s] [  2%] Built target gtest_main
[0.144s] [  5%] Built target moveit_version
[0.145s] [  5%] Built target moveit_exceptions
[0.145s] [  6%] Built target moveit_butterworth_parameters
[0.146s] [  7%] Built target gmock_main
[0.147s] [  9%] Built target gmock
[0.150s] [ 10%] Built target moveit_smoothing_base
[0.151s] [ 13%] Built target moveit_utils
[0.152s] [ 14%] Built target moveit_kinematics_base
[0.153s] [ 15%] Built target moveit_transforms
[0.168s] [ 18%] Built target moveit_distance_field
[0.187s] [ 19%] Built target test_transforms
[0.203s] [ 25%] Built target moveit_robot_model
[0.210s] [ 26%] Built target test_voxel_grid
[0.210s] [ 27%] Built target test_distance_field
[0.225s] [35m[1mConsolidate compiler generated dependencies of target moveit_robot_state[0m
[0.241s] [ 28%] Built target moveit_butterworth_filter
[0.245s] [ 30%] Built target moveit_test_utils
[0.254s] [ 33%] Built target moveit_robot_state
[0.277s] [35m[1mConsolidate compiler generated dependencies of target moveit_dynamics_solver[0m
[0.277s] [35m[1mConsolidate compiler generated dependencies of target test_robot_state[0m
[0.279s] [35m[1mConsolidate compiler generated dependencies of target test_robot_state_benchmark[0m
[0.279s] [35m[1mConsolidate compiler generated dependencies of target test_cartesian_interpolator[0m
[0.279s] [35m[1mConsolidate compiler generated dependencies of target test_aabb[0m
[0.280s] [35m[1mConsolidate compiler generated dependencies of target moveit_robot_trajectory[0m
[0.287s] [ 34%] Built target test_butterworth_filter
[0.287s] [35m[1mConsolidate compiler generated dependencies of target moveit_collision_detection[0m
[0.292s] [ 35%] Built target test_robot_model
[0.302s] [ 36%] [32mBuilding CXX object robot_state/CMakeFiles/test_robot_state_complex.dir/test/test_kinematic_complex.cpp.o[0m
[0.302s] [ 36%] Built target moveit_dynamics_solver
[0.303s] [ 37%] Built target test_cartesian_interpolator
[0.303s] [ 38%] Built target test_robot_state_benchmark
[0.304s] [ 39%] [32mBuilding CXX object kinematics_metrics/CMakeFiles/moveit_kinematics_metrics.dir/src/kinematics_metrics.cpp.o[0m
[0.306s] [ 40%] Built target moveit_robot_trajectory
[0.308s] [ 42%] Built target test_robot_state
[0.310s] [ 43%] Built target test_aabb
[0.326s] [35m[1mConsolidate compiler generated dependencies of target moveit_planning_interface[0m
[0.327s] [35m[1mConsolidate compiler generated dependencies of target test_robot_trajectory[0m
[0.328s] [ 48%] Built target moveit_collision_detection
[0.332s] [35m[1mConsolidate compiler generated dependencies of target moveit_trajectory_processing[0m
[0.347s] [35m[1mConsolidate compiler generated dependencies of target test_world[0m
[0.348s] [35m[1mConsolidate compiler generated dependencies of target test_all_valid[0m
[0.350s] [35m[1mConsolidate compiler generated dependencies of target test_world_diff[0m
[0.353s] [ 49%] [32mBuilding CXX object robot_trajectory/CMakeFiles/test_robot_trajectory.dir/test/test_robot_trajectory.cpp.o[0m
[0.353s] [35m[1mConsolidate compiler generated dependencies of target moveit_collision_detection_fcl[0m
[0.356s] [ 50%] [32mBuilding CXX object planning_interface/CMakeFiles/moveit_planning_interface.dir/src/planning_interface.cpp.o[0m
[0.357s] [ 51%] [32mBuilding CXX object planning_interface/CMakeFiles/moveit_planning_interface.dir/src/planning_response.cpp.o[0m
[0.364s] [35m[1mConsolidate compiler generated dependencies of target moveit_collision_detection_bullet[0m
[0.366s] [ 51%] [32mBuilding CXX object trajectory_processing/CMakeFiles/moveit_trajectory_processing.dir/src/iterative_time_parameterization.cpp.o[0m
[0.367s] [ 52%] [32mBuilding CXX object trajectory_processing/CMakeFiles/moveit_trajectory_processing.dir/src/iterative_spline_parameterization.cpp.o[0m
[0.368s] [ 53%] [32mBuilding CXX object trajectory_processing/CMakeFiles/moveit_trajectory_processing.dir/src/trajectory_tools.cpp.o[0m
[0.369s] [ 53%] [32mBuilding CXX object trajectory_processing/CMakeFiles/moveit_trajectory_processing.dir/src/ruckig_traj_smoothing.cpp.o[0m
[0.370s] [ 53%] [32mBuilding CXX object trajectory_processing/CMakeFiles/moveit_trajectory_processing.dir/src/time_optimal_trajectory_generation.cpp.o[0m
[0.373s] [ 54%] [32mBuilding CXX object collision_detection/CMakeFiles/test_world.dir/test/test_world.cpp.o[0m
[0.375s] [ 55%] [32mBuilding CXX object collision_detection/CMakeFiles/test_world_diff.dir/test/test_world_diff.cpp.o[0m
[0.380s] [ 56%] [32mBuilding CXX object collision_detection/CMakeFiles/test_all_valid.dir/test/test_all_valid.cpp.o[0m
[0.408s] [ 57%] [32mBuilding CXX object collision_detection_fcl/CMakeFiles/moveit_collision_detection_fcl.dir/src/collision_common.cpp.o[0m
[0.408s] [ 57%] [32mBuilding CXX object collision_detection_fcl/CMakeFiles/moveit_collision_detection_fcl.dir/src/collision_env_fcl.cpp.o[0m
[0.433s] [ 58%] [32mBuilding CXX object collision_detection_bullet/CMakeFiles/moveit_collision_detection_bullet.dir/src/bullet_integration/bullet_utils.cpp.o[0m
[1.401s] [ 59%] [32mBuilding CXX object collision_detection_bullet/CMakeFiles/moveit_collision_detection_bullet.dir/src/bullet_integration/bullet_discrete_bvh_manager.cpp.o[0m
[6.943s] [ 60%] [32m[1mLinking CXX executable test_world_diff[0m
[7.072s] [ 60%] [32m[1mLinking CXX executable test_world[0m
[8.957s] [ 60%] Built target test_world
[8.957s] [ 60%] Built target test_world_diff
[8.999s] [ 60%] [32mBuilding CXX object collision_detection_bullet/CMakeFiles/moveit_collision_detection_bullet.dir/src/bullet_integration/bullet_cast_bvh_manager.cpp.o[0m
[9.089s] [ 61%] [32mBuilding CXX object collision_detection_bullet/CMakeFiles/moveit_collision_detection_bullet.dir/src/collision_env_bullet.cpp.o[0m
[72.250s] [01m[Kc++:[m[K [01;31m[Kfatal error: [m[KKilled signal terminated program cc1plus
[72.254s] compilation terminated.
[72.255s] gmake[2]: *** [trajectory_processing/CMakeFiles/moveit_trajectory_processing.dir/build.make:76: trajectory_processing/CMakeFiles/moveit_trajectory_processing.dir/src/iterative_time_parameterization.cpp.o] Error 1
[72.255s] gmake[2]: *** Waiting for unfinished jobs....
[92.827s] [01m[Kc++:[m[K [01;31m[Kfatal error: [m[KKilled signal terminated program cc1plus
[92.835s] compilation terminated.
[92.851s] gmake[2]: *** [collision_detection_fcl/CMakeFiles/moveit_collision_detection_fcl.dir/build.make:76: collision_detection_fcl/CMakeFiles/moveit_collision_detection_fcl.dir/src/collision_common.cpp.o] Error 1
[92.856s] gmake[2]: *** Waiting for unfinished jobs....
[98.892s] [ 61%] [32m[1mLinking CXX executable test_all_valid[0m
[100.153s] [ 61%] Built target test_all_valid
[106.568s] [ 62%] [32mBuilding CXX object collision_detection_bullet/CMakeFiles/moveit_collision_detection_bullet.dir/src/bullet_integration/ros_bullet_utils.cpp.o[0m
[110.692s] [ 63%] [32m[1mLinking CXX executable test_robot_state_complex[0m
[111.446s] [ 63%] [32m[1mLinking CXX executable test_robot_trajectory[0m
[111.897s] gmake[1]: *** [CMakeFiles/Makefile2:1917: trajectory_processing/CMakeFiles/moveit_trajectory_processing.dir/all] Error 2
[111.898s] gmake[1]: *** Waiting for unfinished jobs....
[112.942s] [ 63%] Built target test_robot_state_complex
[113.059s] gmake[1]: *** [CMakeFiles/Makefile2:2490: collision_detection_fcl/CMakeFiles/moveit_collision_detection_fcl.dir/all] Error 2
[113.110s] [ 63%] Built target test_robot_trajectory
[113.559s] [ 63%] [32m[1mLinking CXX shared library libmoveit_planning_interface.so[0m
[114.058s] [ 63%] Built target moveit_planning_interface
[114.121s] [ 64%] [32mBuilding CXX object collision_detection_bullet/CMakeFiles/moveit_collision_detection_bullet.dir/src/bullet_integration/contact_checker_common.cpp.o[0m
[118.698s] [ 64%] [32mBuilding CXX object collision_detection_bullet/CMakeFiles/moveit_collision_detection_bullet.dir/src/bullet_integration/bullet_bvh_manager.cpp.o[0m
[122.975s] [ 64%] [32m[1mLinking CXX shared library libmoveit_kinematics_metrics.so[0m
[123.680s] [ 64%] [32m[1mLinking CXX shared library libmoveit_collision_detection_bullet.so[0m
[123.976s] [ 64%] Built target moveit_kinematics_metrics
[124.578s] [ 64%] Built target moveit_collision_detection_bullet
[124.585s] gmake: *** [Makefile:146: all] Error 2
[124.653s] Invoked command in '/home/locobot/LoCoBotRos/interbotix_ws/build/moveit_core' returned '2': AMENT_PREFIX_PATH=/home/locobot/LoCoBotRos/interbotix_ws/install/moveit_resources_panda_moveit_config:/home/locobot/LoCoBotRos/interbotix_ws/install/srdfdom:/home/locobot/LoCoBotRos/interbotix_ws/install/moveit_resources_pr2_description:/home/locobot/LoCoBotRos/interbotix_ws/install/moveit_resources_panda_description:/home/locobot/LoCoBotRos/interbotix_ws/install/moveit_common:${AMENT_PREFIX_PATH} CMAKE_PREFIX_PATH=/home/locobot/LoCoBotRos/interbotix_ws/install/moveit_resources_panda_moveit_config:/home/locobot/LoCoBotRos/interbotix_ws/install/srdfdom:/home/locobot/LoCoBotRos/interbotix_ws/install/moveit_resources_pr2_description:/home/locobot/LoCoBotRos/interbotix_ws/install/moveit_resources_panda_description:/home/locobot/LoCoBotRos/interbotix_ws/install/moveit_common:/home/locobot/LoCoBotRos/interbotix_ws/install/interbotix_xslocobot_moveit:/home/locobot/LoCoBotRos/interbotix_ws/install/interbotix_xslocobot_ros_control:/home/locobot/LoCoBotRos/interbotix_ws/install/interbotix_xslocobot_nav:/home/locobot/LoCoBotRos/interbotix_ws/install/interbotix_xslocobot_joy:/home/locobot/LoCoBotRos/interbotix_ws/install/interbotix_xslocobot_control:/home/locobot/LoCoBotRos/interbotix_ws/install/kobuki_ros:/home/locobot/LoCoBotRos/interbotix_ws/install/kobuki_node:/home/locobot/LoCoBotRos/interbotix_ws/install/kobuki_auto_docking:/home/locobot/LoCoBotRos/interbotix_ws/install/kobuki_core:/home/locobot/LoCoBotRos/interbotix_ws/install/ecl_core:/home/locobot/LoCoBotRos/interbotix_ws/install/ecl_statistics:/home/locobot/LoCoBotRos/interbotix_ws/install/ecl_mobile_robot:/home/locobot/LoCoBotRos/interbotix_ws/install/ecl_manipulators:/home/locobot/LoCoBotRos/interbotix_ws/install/ecl_core_apps:/home/locobot/LoCoBotRos/interbotix_ws/install/ecl_geometry:/home/locobot/LoCoBotRos/interbotix_ws/install/ecl_linear_algebra:/home/locobot/LoCoBotRos/interbotix_ws/install/sophus:/home/locobot/LoCoBotRos/interbotix_ws/install/sllidar_ros2:/home/locobot/LoCoBotRos/interbotix_ws/install/interbotix_moveit_interface:/home/locobot/LoCoBotRos/interbotix_ws/install/moveit_visual_tools:/home/locobot/LoCoBotRos/interbotix_ws/install/kobuki_keyop:/home/locobot/LoCoBotRos/interbotix_ws/install/kobuki_velocity_smoother:/home/locobot/LoCoBotRos/interbotix_ws/install/kobuki_safety_controller:/home/locobot/LoCoBotRos/interbotix_ws/install/kobuki_random_walker:/home/locobot/LoCoBotRos/interbotix_ws/install/kobuki_bumper2pc:/home/locobot/LoCoBotRos/interbotix_ws/install/kobuki_ros_interfaces:/home/locobot/LoCoBotRos/interbotix_ws/install/interbotix_xslocobot_sim:/home/locobot/LoCoBotRos/interbotix_ws/install/interbotix_xslocobot_descriptions:/home/locobot/LoCoBotRos/interbotix_ws/install/kobuki_description:/home/locobot/LoCoBotRos/interbotix_ws/install/interbotix_xs_toolbox:/home/locobot/LoCoBotRos/interbotix_ws/install/interbotix_xs_rviz:/home/locobot/LoCoBotRos/interbotix_ws/install/interbotix_ros_xseries:/home/locobot/LoCoBotRos/interbotix_ws/install/interbotix_xs_sdk:/home/locobot/LoCoBotRos/interbotix_ws/install/interbotix_xs_ros_control:/home/locobot/LoCoBotRos/interbotix_ws/install/interbotix_common_toolbox:/home/locobot/LoCoBotRos/interbotix_ws/install/interbotix_gravity_compensation:/home/locobot/LoCoBotRos/interbotix_ws/install/interbotix_xs_msgs:/home/locobot/LoCoBotRos/interbotix_ws/install/interbotix_xs_driver:/home/locobot/LoCoBotRos/interbotix_ws/install/interbotix_tf_tools:/home/locobot/LoCoBotRos/interbotix_ws/install/interbotix_moveit_interface_msgs:/home/locobot/LoCoBotRos/interbotix_ws/install/interbotix_common_sim:/home/locobot/LoCoBotRos/interbotix_ws/install/ecl_streams:/home/locobot/LoCoBotRos/interbotix_ws/install/ecl_sigslots:/home/locobot/LoCoBotRos/interbotix_ws/install/ecl_ipc:/home/locobot/LoCoBotRos/interbotix_ws/install/ecl_devices:/home/locobot/LoCoBotRos/interbotix_ws/install/ecl_threads:/home/locobot/LoCoBotRos/interbotix_ws/install/ecl_containers:/home/locobot/LoCoBotRos/interbotix_ws/install/ecl_utilities:/home/locobot/LoCoBotRos/interbotix_ws/install/ecl_math:/home/locobot/LoCoBotRos/interbotix_ws/install/ecl_formatters:/home/locobot/LoCoBotRos/interbotix_ws/install/ecl_converters:/home/locobot/LoCoBotRos/interbotix_ws/install/ecl_concepts:/home/locobot/LoCoBotRos/interbotix_ws/install/ecl_type_traits:/home/locobot/LoCoBotRos/interbotix_ws/install/ecl_time:/home/locobot/LoCoBotRos/interbotix_ws/install/ecl_lite:/home/locobot/LoCoBotRos/interbotix_ws/install/ecl_time_lite:/home/locobot/LoCoBotRos/interbotix_ws/install/ecl_sigslots_lite:/home/locobot/LoCoBotRos/interbotix_ws/install/ecl_mpl:/home/locobot/LoCoBotRos/interbotix_ws/install/ecl_io:/home/locobot/LoCoBotRos/interbotix_ws/install/ecl_filesystem:/home/locobot/LoCoBotRos/interbotix_ws/install/ecl_exceptions:/home/locobot/LoCoBotRos/interbotix_ws/install/ecl_errors:/home/locobot/LoCoBotRos/interbotix_ws/install/ecl_eigen:/home/locobot/LoCoBotRos/interbotix_ws/install/ecl_converters_lite:/home/locobot/LoCoBotRos/interbotix_ws/install/ecl_console:/home/locobot/LoCoBotRos/interbotix_ws/install/ecl_config:/home/locobot/LoCoBotRos/interbotix_ws/install/ecl_command_line:/home/locobot/LoCoBotRos/interbotix_ws/install/dynamixel_workbench_toolbox:/home/locobot/LoCoBotRos/interbotix_ws/install/cmd_vel_mux:/home/locobot/interbotix_ws/install/interbotix_xslocobot_moveit:/home/locobot/interbotix_ws/install/interbotix_xslocobot_ros_control:/home/locobot/interbotix_ws/install/interbotix_xslocobot_nav:/home/locobot/interbotix_ws/install/interbotix_xslocobot_joy:/home/locobot/interbotix_ws/install/interbotix_xslocobot_control:/home/locobot/interbotix_ws/install/kobuki_ros:/home/locobot/interbotix_ws/install/kobuki_node:/home/locobot/interbotix_ws/install/kobuki_auto_docking:/home/locobot/interbotix_ws/install/kobuki_core:/home/locobot/interbotix_ws/install/ecl_core:/home/locobot/interbotix_ws/install/ecl_statistics:/home/locobot/interbotix_ws/install/ecl_mobile_robot:/home/locobot/interbotix_ws/install/ecl_manipulators:/home/locobot/interbotix_ws/install/ecl_core_apps:/home/locobot/interbotix_ws/install/ecl_geometry:/home/locobot/interbotix_ws/install/ecl_linear_algebra:/home/locobot/interbotix_ws/install/sophus:/home/locobot/interbotix_ws/install/sllidar_ros2:/home/locobot/interbotix_ws/install/interbotix_moveit_interface:/home/locobot/interbotix_ws/install/moveit_visual_tools:/home/locobot/interbotix_ws/install/kobuki_keyop:/home/locobot/interbotix_ws/install/kobuki_velocity_smoother:/home/locobot/interbotix_ws/install/kobuki_safety_controller:/home/locobot/interbotix_ws/install/kobuki_random_walker:/home/locobot/interbotix_ws/install/kobuki_bumper2pc:/home/locobot/interbotix_ws/install/kobuki_ros_interfaces:/home/locobot/interbotix_ws/install/interbotix_xslocobot_sim:/home/locobot/interbotix_ws/install/interbotix_xslocobot_descriptions:/home/locobot/interbotix_ws/install/interbotix_xs_toolbox:/home/locobot/interbotix_ws/install/interbotix_xs_rviz:/home/locobot/interbotix_ws/install/interbotix_ros_xseries:/home/locobot/interbotix_ws/install/interbotix_xs_sdk:/home/locobot/interbotix_ws/install/interbotix_xs_ros_control:/home/locobot/interbotix_ws/install/interbotix_common_toolbox:/home/locobot/interbotix_ws/install/interbotix_gravity_compensation:/home/locobot/interbotix_ws/install/interbotix_xs_msgs:/home/locobot/interbotix_ws/install/interbotix_xs_driver:/home/locobot/interbotix_ws/install/interbotix_tf_tools:/home/locobot/interbotix_ws/install/interbotix_moveit_interface_msgs:/home/locobot/interbotix_ws/install/ecl_streams:/home/locobot/interbotix_ws/install/ecl_sigslots:/home/locobot/interbotix_ws/install/ecl_ipc:/home/locobot/interbotix_ws/install/ecl_devices:/home/locobot/interbotix_ws/install/ecl_threads:/home/locobot/interbotix_ws/install/ecl_containers:/home/locobot/interbotix_ws/install/ecl_time:/home/locobot/interbotix_ws/install/ecl_lite:/home/locobot/interbotix_ws/install/ecl_sigslots_lite:/home/locobot/interbotix_ws/install/ecl_io:/home/locobot/interbotix_ws/install/ecl_filesystem:/home/locobot/interbotix_ws/install/ecl_converters_lite:/home/locobot/interbotix_ws/install/ecl_console:/home/locobot/interbotix_ws/install/cmd_vel_mux:/home/locobot/apriltag_ws/install/apriltag_ros:/home/locobot/LoCoBotRos/interbotix_ws/install/interbotix_xs_modules:/home/locobot/LoCoBotRos/interbotix_ws/install/interbotix_common_modules:/home/locobot/interbotix_ws/install/kobuki_description:/home/locobot/interbotix_ws/install/interbotix_xs_modules:/home/locobot/interbotix_ws/install/interbotix_common_sim:/home/locobot/interbotix_ws/install/interbotix_common_modules:/home/locobot/interbotix_ws/install/ecl_utilities:/home/locobot/interbotix_ws/install/ecl_math:/home/locobot/interbotix_ws/install/ecl_formatters:/home/locobot/interbotix_ws/install/ecl_converters:/home/locobot/interbotix_ws/install/ecl_concepts:/home/locobot/interbotix_ws/install/ecl_type_traits:/home/locobot/interbotix_ws/install/ecl_time_lite:/home/locobot/interbotix_ws/install/ecl_mpl:/home/locobot/interbotix_ws/install/ecl_exceptions:/home/locobot/interbotix_ws/install/ecl_errors:/home/locobot/interbotix_ws/install/ecl_eigen:/home/locobot/interbotix_ws/install/ecl_config:/home/locobot/interbotix_ws/install/ecl_command_line:/home/locobot/interbotix_ws/install/dynamixel_workbench_toolbox:/opt/ros/humble LD_LIBRARY_PATH=/home/locobot/LoCoBotRos/interbotix_ws/install/srdfdom/lib:${LD_LIBRARY_PATH} PYTHONPATH=/home/locobot/LoCoBotRos/interbotix_ws/install/srdfdom/local/lib/python3.10/dist-packages:${PYTHONPATH} /usr/bin/cmake --build /home/locobot/LoCoBotRos/interbotix_ws/build/moveit_core -- -j16 -l16
