[0.502s] Invoking command in '/home/locobot/LoCoBotRos/interbotix_ws/src/interbotix_ros_toolboxes/interbotix_common_toolbox/interbotix_common_modules': PYTHONPATH=/home/locobot/LoCoBotRos/interbotix_ws/build/interbotix_common_modules/prefix_override:/usr/lib/python3/dist-packages/colcon_core/task/python/colcon_distutils_commands:/home/locobot/LoCoBotRos/interbotix_ws/install/interbotix_common_modules/lib/python3.10/site-packages:${PYTHONPATH} /usr/bin/python3 -W ignore:setup.py install is deprecated -W ignore:easy_install command is deprecated setup.py egg_info --egg-base ../../../../build/interbotix_common_modules build --build-base /home/locobot/LoCoBotRos/interbotix_ws/build/interbotix_common_modules/build install --record /home/locobot/LoCoBotRos/interbotix_ws/build/interbotix_common_modules/install.log --single-version-externally-managed install_data
[0.690s] running egg_info
[0.690s] writing ../../../../build/interbotix_common_modules/interbotix_common_modules.egg-info/PKG-INFO
[0.690s] writing dependency_links to ../../../../build/interbotix_common_modules/interbotix_common_modules.egg-info/dependency_links.txt
[0.690s] writing entry points to ../../../../build/interbotix_common_modules/interbotix_common_modules.egg-info/entry_points.txt
[0.690s] writing requirements to ../../../../build/interbotix_common_modules/interbotix_common_modules.egg-info/requires.txt
[0.691s] writing top-level names to ../../../../build/interbotix_common_modules/interbotix_common_modules.egg-info/top_level.txt
[0.692s] reading manifest file '../../../../build/interbotix_common_modules/interbotix_common_modules.egg-info/SOURCES.txt'
[0.693s] writing manifest file '../../../../build/interbotix_common_modules/interbotix_common_modules.egg-info/SOURCES.txt'
[0.693s] running build
[0.693s] running build_py
[0.694s] running install
[0.694s] running install_lib
[0.695s] running install_data
[0.695s] running install_egg_info
[0.697s] removing '/home/locobot/LoCoBotRos/interbotix_ws/install/interbotix_common_modules/lib/python3.10/site-packages/interbotix_common_modules-0.0.0-py3.10.egg-info' (and everything under it)
[0.697s] Copying ../../../../build/interbotix_common_modules/interbotix_common_modules.egg-info to /home/locobot/LoCoBotRos/interbotix_ws/install/interbotix_common_modules/lib/python3.10/site-packages/interbotix_common_modules-0.0.0-py3.10.egg-info
[0.698s] running install_scripts
[0.714s] writing list of installed files to '/home/locobot/LoCoBotRos/interbotix_ws/build/interbotix_common_modules/install.log'
[0.731s] Invoked command in '/home/locobot/LoCoBotRos/interbotix_ws/src/interbotix_ros_toolboxes/interbotix_common_toolbox/interbotix_common_modules' returned '0': PYTHONPATH=/home/locobot/LoCoBotRos/interbotix_ws/build/interbotix_common_modules/prefix_override:/usr/lib/python3/dist-packages/colcon_core/task/python/colcon_distutils_commands:/home/locobot/LoCoBotRos/interbotix_ws/install/interbotix_common_modules/lib/python3.10/site-packages:${PYTHONPATH} /usr/bin/python3 -W ignore:setup.py install is deprecated -W ignore:easy_install command is deprecated setup.py egg_info --egg-base ../../../../build/interbotix_common_modules build --build-base /home/locobot/LoCoBotRos/interbotix_ws/build/interbotix_common_modules/build install --record /home/locobot/LoCoBotRos/interbotix_ws/build/interbotix_common_modules/install.log --single-version-externally-managed install_data
