[0.685s] Invoking command in '/home/locobot/LoCoBotRos/interbotix_ws/src/launch_param_builder': PYTHONPATH=/home/locobot/LoCoBotRos/interbotix_ws/build/launch_param_builder/prefix_override:/usr/lib/python3/dist-packages/colcon_core/task/python/colcon_distutils_commands:/home/locobot/LoCoBotRos/interbotix_ws/install/launch_param_builder/lib/python3.10/site-packages:${PYTHONPATH} /usr/bin/python3 -W ignore:setup.py install is deprecated -W ignore:easy_install command is deprecated setup.py egg_info --egg-base ../../build/launch_param_builder build --build-base /home/locobot/LoCoBotRos/interbotix_ws/build/launch_param_builder/build install --record /home/locobot/LoCoBotRos/interbotix_ws/build/launch_param_builder/install.log --single-version-externally-managed install_data
[0.950s] running egg_info
[0.950s] creating ../../build/launch_param_builder/launch_param_builder.egg-info
[0.951s] writing ../../build/launch_param_builder/launch_param_builder.egg-info/PKG-INFO
[0.951s] writing dependency_links to ../../build/launch_param_builder/launch_param_builder.egg-info/dependency_links.txt
[0.951s] writing entry points to ../../build/launch_param_builder/launch_param_builder.egg-info/entry_points.txt
[0.951s] writing requirements to ../../build/launch_param_builder/launch_param_builder.egg-info/requires.txt
[0.951s] writing top-level names to ../../build/launch_param_builder/launch_param_builder.egg-info/top_level.txt
[0.951s] writing manifest file '../../build/launch_param_builder/launch_param_builder.egg-info/SOURCES.txt'
[0.953s] reading manifest file '../../build/launch_param_builder/launch_param_builder.egg-info/SOURCES.txt'
[0.954s] adding license file 'LICENSE'
[0.955s] writing manifest file '../../build/launch_param_builder/launch_param_builder.egg-info/SOURCES.txt'
[0.955s] running build
[0.955s] running build_py
[0.955s] creating /home/locobot/LoCoBotRos/interbotix_ws/build/launch_param_builder/build
[0.955s] creating /home/locobot/LoCoBotRos/interbotix_ws/build/launch_param_builder/build/lib
[0.955s] creating /home/locobot/LoCoBotRos/interbotix_ws/build/launch_param_builder/build/lib/launch_param_builder
[0.955s] copying launch_param_builder/__init__.py -> /home/locobot/LoCoBotRos/interbotix_ws/build/launch_param_builder/build/lib/launch_param_builder
[0.955s] copying launch_param_builder/utils.py -> /home/locobot/LoCoBotRos/interbotix_ws/build/launch_param_builder/build/lib/launch_param_builder
[0.955s] copying launch_param_builder/launch_param_builder.py -> /home/locobot/LoCoBotRos/interbotix_ws/build/launch_param_builder/build/lib/launch_param_builder
[0.956s] running install
[0.956s] running install_lib
[0.957s] creating /home/locobot/LoCoBotRos/interbotix_ws/install/launch_param_builder/lib/python3.10/site-packages/launch_param_builder
[0.957s] copying /home/locobot/LoCoBotRos/interbotix_ws/build/launch_param_builder/build/lib/launch_param_builder/__init__.py -> /home/locobot/LoCoBotRos/interbotix_ws/install/launch_param_builder/lib/python3.10/site-packages/launch_param_builder
[0.957s] copying /home/locobot/LoCoBotRos/interbotix_ws/build/launch_param_builder/build/lib/launch_param_builder/utils.py -> /home/locobot/LoCoBotRos/interbotix_ws/install/launch_param_builder/lib/python3.10/site-packages/launch_param_builder
[0.957s] copying /home/locobot/LoCoBotRos/interbotix_ws/build/launch_param_builder/build/lib/launch_param_builder/launch_param_builder.py -> /home/locobot/LoCoBotRos/interbotix_ws/install/launch_param_builder/lib/python3.10/site-packages/launch_param_builder
[0.958s] byte-compiling /home/locobot/LoCoBotRos/interbotix_ws/install/launch_param_builder/lib/python3.10/site-packages/launch_param_builder/__init__.py to __init__.cpython-310.pyc
[0.958s] byte-compiling /home/locobot/LoCoBotRos/interbotix_ws/install/launch_param_builder/lib/python3.10/site-packages/launch_param_builder/utils.py to utils.cpython-310.pyc
[0.959s] byte-compiling /home/locobot/LoCoBotRos/interbotix_ws/install/launch_param_builder/lib/python3.10/site-packages/launch_param_builder/launch_param_builder.py to launch_param_builder.cpython-310.pyc
[0.959s] running install_data
[0.960s] creating /home/locobot/LoCoBotRos/interbotix_ws/install/launch_param_builder/share/ament_index
[0.960s] creating /home/locobot/LoCoBotRos/interbotix_ws/install/launch_param_builder/share/ament_index/resource_index
[0.960s] creating /home/locobot/LoCoBotRos/interbotix_ws/install/launch_param_builder/share/ament_index/resource_index/packages
[0.960s] copying resource/launch_param_builder -> /home/locobot/LoCoBotRos/interbotix_ws/install/launch_param_builder/share/ament_index/resource_index/packages
[0.960s] creating /home/locobot/LoCoBotRos/interbotix_ws/install/launch_param_builder/share/launch_param_builder/launch
[0.960s] copying example/launch_param_builder_example.launch.py -> /home/locobot/LoCoBotRos/interbotix_ws/install/launch_param_builder/share/launch_param_builder/launch
[0.960s] creating /home/locobot/LoCoBotRos/interbotix_ws/install/launch_param_builder/share/launch_param_builder/config
[0.960s] copying test/data/parameter.xacro -> /home/locobot/LoCoBotRos/interbotix_ws/install/launch_param_builder/share/launch_param_builder/config
[0.960s] copying test/data/param_file_to_inject.yaml -> /home/locobot/LoCoBotRos/interbotix_ws/install/launch_param_builder/share/launch_param_builder/config
[0.960s] copying test/data/parameters.yaml -> /home/locobot/LoCoBotRos/interbotix_ws/install/launch_param_builder/share/launch_param_builder/config
[0.960s] copying test/data/parameters_injection.yaml -> /home/locobot/LoCoBotRos/interbotix_ws/install/launch_param_builder/share/launch_param_builder/config
[0.960s] copying test/data/parameter_file -> /home/locobot/LoCoBotRos/interbotix_ws/install/launch_param_builder/share/launch_param_builder/config
[0.961s] copying package.xml -> /home/locobot/LoCoBotRos/interbotix_ws/install/launch_param_builder/share/launch_param_builder
[0.961s] creating /home/locobot/LoCoBotRos/interbotix_ws/install/launch_param_builder/lib/launch_param_builder
[0.961s] copying example/example_node.py -> /home/locobot/LoCoBotRos/interbotix_ws/install/launch_param_builder/lib/launch_param_builder
[0.961s] running install_egg_info
[0.963s] Copying ../../build/launch_param_builder/launch_param_builder.egg-info to /home/locobot/LoCoBotRos/interbotix_ws/install/launch_param_builder/lib/python3.10/site-packages/launch_param_builder-0.1.1-py3.10.egg-info
[0.964s] running install_scripts
[0.992s] writing list of installed files to '/home/locobot/LoCoBotRos/interbotix_ws/build/launch_param_builder/install.log'
[1.036s] Invoked command in '/home/locobot/LoCoBotRos/interbotix_ws/src/launch_param_builder' returned '0': PYTHONPATH=/home/locobot/LoCoBotRos/interbotix_ws/build/launch_param_builder/prefix_override:/usr/lib/python3/dist-packages/colcon_core/task/python/colcon_distutils_commands:/home/locobot/LoCoBotRos/interbotix_ws/install/launch_param_builder/lib/python3.10/site-packages:${PYTHONPATH} /usr/bin/python3 -W ignore:setup.py install is deprecated -W ignore:easy_install command is deprecated setup.py egg_info --egg-base ../../build/launch_param_builder build --build-base /home/locobot/LoCoBotRos/interbotix_ws/build/launch_param_builder/build install --record /home/locobot/LoCoBotRos/interbotix_ws/build/launch_param_builder/install.log --single-version-externally-managed install_data
