[0.141s] Invoking command in '/home/locobot/LoCoBotRos/interbotix_ws/src/build/interbotix_xs_msgs': CMAKE_PREFIX_PATH=${CMAKE_PREFIX_PATH}:/home/locobot/LoCoBotRos/interbotix_ws/install/moveit_configs_utils:/home/locobot/LoCoBotRos/interbotix_ws/install/launch_param_builder:/home/locobot/LoCoBotRos/interbotix_ws/install/interbotix_xs_modules:/home/locobot/LoCoBotRos/interbotix_ws/install/interbotix_common_modules:/opt/ros/humble /usr/bin/cmake /home/locobot/LoCoBotRos/interbotix_ws/src/interbotix_ros_core/interbotix_ros_xseries/interbotix_xs_msgs -DCMAKE_INSTALL_PREFIX=/home/locobot/LoCoBotRos/interbotix_ws/src/install/interbotix_xs_msgs
[0.731s] -- The C compiler identification is GNU 11.4.0
[1.187s] -- The CXX compiler identification is GNU 11.4.0
[1.235s] -- Detecting C compiler ABI info
[1.696s] -- Detecting C compiler ABI info - done
[1.749s] -- Check for working C compiler: /usr/bin/cc - skipped
[1.753s] -- Detecting C compile features
[1.753s] -- Detecting C compile features - done
[1.777s] -- Detecting CXX compiler ABI info
[2.287s] -- Detecting CXX compiler ABI info - done
[2.344s] -- Check for working CXX compiler: /usr/bin/c++ - skipped
[2.344s] -- Detecting CXX compile features
[2.345s] -- Detecting CXX compile features - done
[2.426s] -- Found rosidl_default_generators: 1.2.0 (/opt/ros/humble/share/rosidl_default_generators/cmake)
[2.499s] -- Found ament_cmake_core: 1.3.11 (/opt/ros/humble/share/ament_cmake_core/cmake)
[3.376s] -- Found Python3: /usr/bin/python3 (found version "3.10.12") found components: Interpreter 
[4.203s] -- Using all available rosidl_typesupport_c: rosidl_typesupport_fastrtps_c;rosidl_typesupport_introspection_c
[4.545s] -- Found rosidl_adapter: 3.1.6 (/opt/ros/humble/share/rosidl_adapter/cmake)
[6.459s] -- Using all available rosidl_typesupport_cpp: rosidl_typesupport_fastrtps_cpp;rosidl_typesupport_introspection_cpp
[7.116s] -- Found std_msgs: 4.8.0 (/opt/ros/humble/share/std_msgs/cmake)
[7.521s] -- Found trajectory_msgs: 4.8.0 (/opt/ros/humble/share/trajectory_msgs/cmake)
