[0.061s] Invoking command in '/home/locobot/LoCoBotRos/interbotix_ws/build/ecl_formatters': AMENT_PREFIX_PATH=/home/locobot/LoCoBotRos/interbotix_ws/install/ecl_converters:/home/locobot/LoCoBotRos/interbotix_ws/install/ecl_exceptions:/home/locobot/LoCoBotRos/interbotix_ws/install/ecl_concepts:/home/locobot/LoCoBotRos/interbotix_ws/install/ecl_type_traits:/home/locobot/LoCoBotRos/interbotix_ws/install/ecl_errors:/home/locobot/LoCoBotRos/interbotix_ws/install/ecl_mpl:/home/locobot/LoCoBotRos/interbotix_ws/install/ecl_config:${AMENT_PREFIX_PATH} CMAKE_PREFIX_PATH=/home/locobot/LoCoBotRos/interbotix_ws/install/ecl_converters:/home/locobot/LoCoBotRos/interbotix_ws/install/ecl_exceptions:/home/locobot/LoCoBotRos/interbotix_ws/install/ecl_concepts:/home/locobot/LoCoBotRos/interbotix_ws/install/ecl_type_traits:/home/locobot/LoCoBotRos/interbotix_ws/install/ecl_errors:/home/locobot/LoCoBotRos/interbotix_ws/install/ecl_mpl:/home/locobot/LoCoBotRos/interbotix_ws/install/ecl_config:/home/locobot/apriltag_ws/install/apriltag_ros:/opt/ros/humble LD_LIBRARY_PATH=/home/locobot/LoCoBotRos/interbotix_ws/install/ecl_exceptions/lib:/home/locobot/LoCoBotRos/interbotix_ws/install/ecl_type_traits/lib:/home/locobot/LoCoBotRos/interbotix_ws/install/ecl_errors/lib:${LD_LIBRARY_PATH} PATH=/home/locobot/LoCoBotRos/interbotix_ws/install/ecl_type_traits/bin:/home/locobot/LoCoBotRos/interbotix_ws/install/ecl_config/bin:${PATH} /usr/bin/cmake /home/locobot/LoCoBotRos/interbotix_ws/src/ecl_core/ecl_formatters -DCMAKE_INSTALL_PREFIX=/home/locobot/LoCoBotRos/interbotix_ws/install/ecl_formatters
[0.115s] -- Found ament_cmake_ros: 0.10.0 (/opt/ros/humble/share/ament_cmake_ros/cmake)
[0.281s] -- Found ecl_build: 1.0.3 (/opt/ros/humble/share/ecl_build/cmake)
[0.286s] -- Found ecl_config: 1.2.0 (/home/locobot/LoCoBotRos/interbotix_ws/install/ecl_config/share/ecl_config/cmake)
[0.288s] -- Found ecl_converters: 1.2.1 (/home/locobot/LoCoBotRos/interbotix_ws/install/ecl_converters/share/ecl_converters/cmake)
[0.395s] -- Configuring done
[0.410s] -- Generating done
[0.413s] -- Build files have been written to: /home/locobot/LoCoBotRos/interbotix_ws/build/ecl_formatters
[0.422s] Invoked command in '/home/locobot/LoCoBotRos/interbotix_ws/build/ecl_formatters' returned '0': AMENT_PREFIX_PATH=/home/locobot/LoCoBotRos/interbotix_ws/install/ecl_converters:/home/locobot/LoCoBotRos/interbotix_ws/install/ecl_exceptions:/home/locobot/LoCoBotRos/interbotix_ws/install/ecl_concepts:/home/locobot/LoCoBotRos/interbotix_ws/install/ecl_type_traits:/home/locobot/LoCoBotRos/interbotix_ws/install/ecl_errors:/home/locobot/LoCoBotRos/interbotix_ws/install/ecl_mpl:/home/locobot/LoCoBotRos/interbotix_ws/install/ecl_config:${AMENT_PREFIX_PATH} CMAKE_PREFIX_PATH=/home/locobot/LoCoBotRos/interbotix_ws/install/ecl_converters:/home/locobot/LoCoBotRos/interbotix_ws/install/ecl_exceptions:/home/locobot/LoCoBotRos/interbotix_ws/install/ecl_concepts:/home/locobot/LoCoBotRos/interbotix_ws/install/ecl_type_traits:/home/locobot/LoCoBotRos/interbotix_ws/install/ecl_errors:/home/locobot/LoCoBotRos/interbotix_ws/install/ecl_mpl:/home/locobot/LoCoBotRos/interbotix_ws/install/ecl_config:/home/locobot/apriltag_ws/install/apriltag_ros:/opt/ros/humble LD_LIBRARY_PATH=/home/locobot/LoCoBotRos/interbotix_ws/install/ecl_exceptions/lib:/home/locobot/LoCoBotRos/interbotix_ws/install/ecl_type_traits/lib:/home/locobot/LoCoBotRos/interbotix_ws/install/ecl_errors/lib:${LD_LIBRARY_PATH} PATH=/home/locobot/LoCoBotRos/interbotix_ws/install/ecl_type_traits/bin:/home/locobot/LoCoBotRos/interbotix_ws/install/ecl_config/bin:${PATH} /usr/bin/cmake /home/locobot/LoCoBotRos/interbotix_ws/src/ecl_core/ecl_formatters -DCMAKE_INSTALL_PREFIX=/home/locobot/LoCoBotRos/interbotix_ws/install/ecl_formatters
[0.424s] Invoking command in '/home/locobot/LoCoBotRos/interbotix_ws/build/ecl_formatters': AMENT_PREFIX_PATH=/home/locobot/LoCoBotRos/interbotix_ws/install/ecl_converters:/home/locobot/LoCoBotRos/interbotix_ws/install/ecl_exceptions:/home/locobot/LoCoBotRos/interbotix_ws/install/ecl_concepts:/home/locobot/LoCoBotRos/interbotix_ws/install/ecl_type_traits:/home/locobot/LoCoBotRos/interbotix_ws/install/ecl_errors:/home/locobot/LoCoBotRos/interbotix_ws/install/ecl_mpl:/home/locobot/LoCoBotRos/interbotix_ws/install/ecl_config:${AMENT_PREFIX_PATH} CMAKE_PREFIX_PATH=/home/locobot/LoCoBotRos/interbotix_ws/install/ecl_converters:/home/locobot/LoCoBotRos/interbotix_ws/install/ecl_exceptions:/home/locobot/LoCoBotRos/interbotix_ws/install/ecl_concepts:/home/locobot/LoCoBotRos/interbotix_ws/install/ecl_type_traits:/home/locobot/LoCoBotRos/interbotix_ws/install/ecl_errors:/home/locobot/LoCoBotRos/interbotix_ws/install/ecl_mpl:/home/locobot/LoCoBotRos/interbotix_ws/install/ecl_config:/home/locobot/apriltag_ws/install/apriltag_ros:/opt/ros/humble LD_LIBRARY_PATH=/home/locobot/LoCoBotRos/interbotix_ws/install/ecl_exceptions/lib:/home/locobot/LoCoBotRos/interbotix_ws/install/ecl_type_traits/lib:/home/locobot/LoCoBotRos/interbotix_ws/install/ecl_errors/lib:${LD_LIBRARY_PATH} PATH=/home/locobot/LoCoBotRos/interbotix_ws/install/ecl_type_traits/bin:/home/locobot/LoCoBotRos/interbotix_ws/install/ecl_config/bin:${PATH} /usr/bin/cmake --build /home/locobot/LoCoBotRos/interbotix_ws/build/ecl_formatters -- -j16 -l16
[0.474s] [35m[1mConsolidate compiler generated dependencies of target ecl_formatters[0m
[0.484s] [ 50%] Built target ecl_formatters
[0.499s] [35m[1mConsolidate compiler generated dependencies of target ecl_demo_formatters[0m
[0.514s] [100%] Built target ecl_demo_formatters
[0.527s] Invoked command in '/home/locobot/LoCoBotRos/interbotix_ws/build/ecl_formatters' returned '0': AMENT_PREFIX_PATH=/home/locobot/LoCoBotRos/interbotix_ws/install/ecl_converters:/home/locobot/LoCoBotRos/interbotix_ws/install/ecl_exceptions:/home/locobot/LoCoBotRos/interbotix_ws/install/ecl_concepts:/home/locobot/LoCoBotRos/interbotix_ws/install/ecl_type_traits:/home/locobot/LoCoBotRos/interbotix_ws/install/ecl_errors:/home/locobot/LoCoBotRos/interbotix_ws/install/ecl_mpl:/home/locobot/LoCoBotRos/interbotix_ws/install/ecl_config:${AMENT_PREFIX_PATH} CMAKE_PREFIX_PATH=/home/locobot/LoCoBotRos/interbotix_ws/install/ecl_converters:/home/locobot/LoCoBotRos/interbotix_ws/install/ecl_exceptions:/home/locobot/LoCoBotRos/interbotix_ws/install/ecl_concepts:/home/locobot/LoCoBotRos/interbotix_ws/install/ecl_type_traits:/home/locobot/LoCoBotRos/interbotix_ws/install/ecl_errors:/home/locobot/LoCoBotRos/interbotix_ws/install/ecl_mpl:/home/locobot/LoCoBotRos/interbotix_ws/install/ecl_config:/home/locobot/apriltag_ws/install/apriltag_ros:/opt/ros/humble LD_LIBRARY_PATH=/home/locobot/LoCoBotRos/interbotix_ws/install/ecl_exceptions/lib:/home/locobot/LoCoBotRos/interbotix_ws/install/ecl_type_traits/lib:/home/locobot/LoCoBotRos/interbotix_ws/install/ecl_errors/lib:${LD_LIBRARY_PATH} PATH=/home/locobot/LoCoBotRos/interbotix_ws/install/ecl_type_traits/bin:/home/locobot/LoCoBotRos/interbotix_ws/install/ecl_config/bin:${PATH} /usr/bin/cmake --build /home/locobot/LoCoBotRos/interbotix_ws/build/ecl_formatters -- -j16 -l16
[0.529s] Invoking command in '/home/locobot/LoCoBotRos/interbotix_ws/build/ecl_formatters': AMENT_PREFIX_PATH=/home/locobot/LoCoBotRos/interbotix_ws/install/ecl_converters:/home/locobot/LoCoBotRos/interbotix_ws/install/ecl_exceptions:/home/locobot/LoCoBotRos/interbotix_ws/install/ecl_concepts:/home/locobot/LoCoBotRos/interbotix_ws/install/ecl_type_traits:/home/locobot/LoCoBotRos/interbotix_ws/install/ecl_errors:/home/locobot/LoCoBotRos/interbotix_ws/install/ecl_mpl:/home/locobot/LoCoBotRos/interbotix_ws/install/ecl_config:${AMENT_PREFIX_PATH} CMAKE_PREFIX_PATH=/home/locobot/LoCoBotRos/interbotix_ws/install/ecl_converters:/home/locobot/LoCoBotRos/interbotix_ws/install/ecl_exceptions:/home/locobot/LoCoBotRos/interbotix_ws/install/ecl_concepts:/home/locobot/LoCoBotRos/interbotix_ws/install/ecl_type_traits:/home/locobot/LoCoBotRos/interbotix_ws/install/ecl_errors:/home/locobot/LoCoBotRos/interbotix_ws/install/ecl_mpl:/home/locobot/LoCoBotRos/interbotix_ws/install/ecl_config:/home/locobot/apriltag_ws/install/apriltag_ros:/opt/ros/humble LD_LIBRARY_PATH=/home/locobot/LoCoBotRos/interbotix_ws/install/ecl_exceptions/lib:/home/locobot/LoCoBotRos/interbotix_ws/install/ecl_type_traits/lib:/home/locobot/LoCoBotRos/interbotix_ws/install/ecl_errors/lib:${LD_LIBRARY_PATH} PATH=/home/locobot/LoCoBotRos/interbotix_ws/install/ecl_type_traits/bin:/home/locobot/LoCoBotRos/interbotix_ws/install/ecl_config/bin:${PATH} /usr/bin/cmake --install /home/locobot/LoCoBotRos/interbotix_ws/build/ecl_formatters
[0.537s] -- Install configuration: "Release"
[0.537s] -- Up-to-date: /home/locobot/LoCoBotRos/interbotix_ws/install/ecl_formatters/share/ecl_formatters/environment/library_path.sh
[0.538s] -- Installing: /home/locobot/LoCoBotRos/interbotix_ws/install/ecl_formatters/share/ecl_formatters/environment/library_path.dsv
[0.538s] -- Up-to-date: /home/locobot/LoCoBotRos/interbotix_ws/install/ecl_formatters/share/ament_index/resource_index/package_run_dependencies/ecl_formatters
[0.538s] -- Up-to-date: /home/locobot/LoCoBotRos/interbotix_ws/install/ecl_formatters/share/ament_index/resource_index/parent_prefix_path/ecl_formatters
[0.538s] -- Up-to-date: /home/locobot/LoCoBotRos/interbotix_ws/install/ecl_formatters/share/ecl_formatters/environment/ament_prefix_path.sh
[0.538s] -- Installing: /home/locobot/LoCoBotRos/interbotix_ws/install/ecl_formatters/share/ecl_formatters/environment/ament_prefix_path.dsv
[0.538s] -- Up-to-date: /home/locobot/LoCoBotRos/interbotix_ws/install/ecl_formatters/share/ecl_formatters/environment/path.sh
[0.539s] -- Installing: /home/locobot/LoCoBotRos/interbotix_ws/install/ecl_formatters/share/ecl_formatters/environment/path.dsv
[0.539s] -- Up-to-date: /home/locobot/LoCoBotRos/interbotix_ws/install/ecl_formatters/share/ecl_formatters/local_setup.bash
[0.539s] -- Up-to-date: /home/locobot/LoCoBotRos/interbotix_ws/install/ecl_formatters/share/ecl_formatters/local_setup.sh
[0.539s] -- Up-to-date: /home/locobot/LoCoBotRos/interbotix_ws/install/ecl_formatters/share/ecl_formatters/local_setup.zsh
[0.539s] -- Installing: /home/locobot/LoCoBotRos/interbotix_ws/install/ecl_formatters/share/ecl_formatters/local_setup.dsv
[0.539s] -- Installing: /home/locobot/LoCoBotRos/interbotix_ws/install/ecl_formatters/share/ecl_formatters/package.dsv
[0.539s] -- Up-to-date: /home/locobot/LoCoBotRos/interbotix_ws/install/ecl_formatters/share/ament_index/resource_index/packages/ecl_formatters
[0.539s] -- Up-to-date: /home/locobot/LoCoBotRos/interbotix_ws/install/ecl_formatters/share/ecl_formatters/cmake/ecl_formattersExport.cmake
[0.539s] -- Up-to-date: /home/locobot/LoCoBotRos/interbotix_ws/install/ecl_formatters/share/ecl_formatters/cmake/ecl_formattersExport-release.cmake
[0.539s] -- Up-to-date: /home/locobot/LoCoBotRos/interbotix_ws/install/ecl_formatters/share/ecl_formatters/cmake/ament_cmake_export_targets-extras.cmake
[0.540s] -- Up-to-date: /home/locobot/LoCoBotRos/interbotix_ws/install/ecl_formatters/share/ecl_formatters/cmake/ament_cmake_export_include_directories-extras.cmake
[0.540s] -- Up-to-date: /home/locobot/LoCoBotRos/interbotix_ws/install/ecl_formatters/share/ecl_formatters/cmake/ament_cmake_export_libraries-extras.cmake
[0.540s] -- Up-to-date: /home/locobot/LoCoBotRos/interbotix_ws/install/ecl_formatters/share/ecl_formatters/cmake/ament_cmake_export_dependencies-extras.cmake
[0.540s] -- Up-to-date: /home/locobot/LoCoBotRos/interbotix_ws/install/ecl_formatters/share/ecl_formatters/cmake/ecl_formattersConfig.cmake
[0.540s] -- Up-to-date: /home/locobot/LoCoBotRos/interbotix_ws/install/ecl_formatters/share/ecl_formatters/cmake/ecl_formattersConfig-version.cmake
[0.540s] -- Up-to-date: /home/locobot/LoCoBotRos/interbotix_ws/install/ecl_formatters/share/ecl_formatters/package.xml
[0.540s] -- Up-to-date: /home/locobot/LoCoBotRos/interbotix_ws/install/ecl_formatters/include/ecl/formatters.hpp
[0.540s] -- Up-to-date: /home/locobot/LoCoBotRos/interbotix_ws/install/ecl_formatters/include/ecl/formatters/common.hpp
[0.540s] -- Up-to-date: /home/locobot/LoCoBotRos/interbotix_ws/install/ecl_formatters/include/ecl/formatters/floats.hpp
[0.540s] -- Up-to-date: /home/locobot/LoCoBotRos/interbotix_ws/install/ecl_formatters/include/ecl/formatters/macros.hpp
[0.540s] -- Up-to-date: /home/locobot/LoCoBotRos/interbotix_ws/install/ecl_formatters/include/ecl/formatters/number.hpp
[0.540s] -- Up-to-date: /home/locobot/LoCoBotRos/interbotix_ws/install/ecl_formatters/include/ecl/formatters/strings.hpp
[0.541s] -- Up-to-date: /home/locobot/LoCoBotRos/interbotix_ws/install/ecl_formatters/lib/libecl_formatters.so.1.2.1
[0.541s] -- Up-to-date: /home/locobot/LoCoBotRos/interbotix_ws/install/ecl_formatters/lib/libecl_formatters.so
[0.541s] -- Up-to-date: /home/locobot/LoCoBotRos/interbotix_ws/install/ecl_formatters/lib/ecl_formatters/demo_formatters
[0.544s] Invoked command in '/home/locobot/LoCoBotRos/interbotix_ws/build/ecl_formatters' returned '0': AMENT_PREFIX_PATH=/home/locobot/LoCoBotRos/interbotix_ws/install/ecl_converters:/home/locobot/LoCoBotRos/interbotix_ws/install/ecl_exceptions:/home/locobot/LoCoBotRos/interbotix_ws/install/ecl_concepts:/home/locobot/LoCoBotRos/interbotix_ws/install/ecl_type_traits:/home/locobot/LoCoBotRos/interbotix_ws/install/ecl_errors:/home/locobot/LoCoBotRos/interbotix_ws/install/ecl_mpl:/home/locobot/LoCoBotRos/interbotix_ws/install/ecl_config:${AMENT_PREFIX_PATH} CMAKE_PREFIX_PATH=/home/locobot/LoCoBotRos/interbotix_ws/install/ecl_converters:/home/locobot/LoCoBotRos/interbotix_ws/install/ecl_exceptions:/home/locobot/LoCoBotRos/interbotix_ws/install/ecl_concepts:/home/locobot/LoCoBotRos/interbotix_ws/install/ecl_type_traits:/home/locobot/LoCoBotRos/interbotix_ws/install/ecl_errors:/home/locobot/LoCoBotRos/interbotix_ws/install/ecl_mpl:/home/locobot/LoCoBotRos/interbotix_ws/install/ecl_config:/home/locobot/apriltag_ws/install/apriltag_ros:/opt/ros/humble LD_LIBRARY_PATH=/home/locobot/LoCoBotRos/interbotix_ws/install/ecl_exceptions/lib:/home/locobot/LoCoBotRos/interbotix_ws/install/ecl_type_traits/lib:/home/locobot/LoCoBotRos/interbotix_ws/install/ecl_errors/lib:${LD_LIBRARY_PATH} PATH=/home/locobot/LoCoBotRos/interbotix_ws/install/ecl_type_traits/bin:/home/locobot/LoCoBotRos/interbotix_ws/install/ecl_config/bin:${PATH} /usr/bin/cmake --install /home/locobot/LoCoBotRos/interbotix_ws/build/ecl_formatters
