[0.006s] Invoking command in '/home/locobot/LoCoBotRos/interbotix_ws/build/moveit_task_constructor_msgs': CMAKE_PREFIX_PATH=${CMAKE_PREFIX_PATH}:/opt/ros/humble /usr/bin/cmake --build /home/locobot/LoCoBotRos/interbotix_ws/build/moveit_task_constructor_msgs -- -j16 -l16
[0.062s] [  0%] Built target moveit_task_constructor_msgs__cpp
[0.063s] [35m[1mConsolidate compiler generated dependencies of target moveit_task_constructor_msgs__rosidl_generator_c[0m
[0.075s] [ 12%] Built target moveit_task_constructor_msgs__rosidl_generator_c
[0.080s] [35m[1mConsolidate compiler generated dependencies of target moveit_task_constructor_msgs__rosidl_typesupport_cpp[0m
[0.082s] [ 12%] Built target ament_cmake_python_copy_moveit_task_constructor_msgs
[0.085s] [35m[1mConsolidate compiler generated dependencies of target moveit_task_constructor_msgs__rosidl_typesupport_introspection_cpp[0m
[0.086s] [35m[1mConsolidate compiler generated dependencies of target moveit_task_constructor_msgs__rosidl_typesupport_fastrtps_cpp[0m
[0.093s] [35m[1mConsolidate compiler generated dependencies of target moveit_task_constructor_msgs__rosidl_typesupport_c[0m
[0.094s] [35m[1mConsolidate compiler generated dependencies of target moveit_task_constructor_msgs__rosidl_typesupport_introspection_c[0m
[0.095s] [35m[1mConsolidate compiler generated dependencies of target moveit_task_constructor_msgs__rosidl_typesupport_fastrtps_c[0m
[0.099s] [ 24%] Built target moveit_task_constructor_msgs__rosidl_typesupport_cpp
[0.104s] [ 36%] Built target moveit_task_constructor_msgs__rosidl_typesupport_c
[0.104s] [ 47%] Built target moveit_task_constructor_msgs__rosidl_typesupport_fastrtps_cpp
[0.105s] [ 59%] Built target moveit_task_constructor_msgs__rosidl_typesupport_introspection_cpp
[0.109s] [ 71%] Built target moveit_task_constructor_msgs__rosidl_typesupport_introspection_c
[0.113s] [ 72%] [32mBuilding CXX object CMakeFiles/moveit_task_constructor_msgs__rosidl_typesupport_fastrtps_c.dir/rosidl_typesupport_fastrtps_c/moveit_task_constructor_msgs/msg/detail/solution_info__type_support_c.cpp.o[0m
[0.113s] [ 72%] [32mBuilding CXX object CMakeFiles/moveit_task_constructor_msgs__rosidl_typesupport_fastrtps_c.dir/rosidl_typesupport_fastrtps_c/moveit_task_constructor_msgs/msg/detail/solution__type_support_c.cpp.o[0m
[0.285s] running egg_info
[0.286s] writing moveit_task_constructor_msgs.egg-info/PKG-INFO
[0.287s] writing dependency_links to moveit_task_constructor_msgs.egg-info/dependency_links.txt
[0.287s] writing top-level names to moveit_task_constructor_msgs.egg-info/top_level.txt
[0.289s] reading manifest file 'moveit_task_constructor_msgs.egg-info/SOURCES.txt'
[0.290s] writing manifest file 'moveit_task_constructor_msgs.egg-info/SOURCES.txt'
[0.310s] [ 72%] Built target ament_cmake_python_build_moveit_task_constructor_msgs_egg
[0.450s] [ 73%] [32m[1mLinking CXX shared library libmoveit_task_constructor_msgs__rosidl_typesupport_fastrtps_c.so[0m
[0.511s] [ 83%] Built target moveit_task_constructor_msgs__rosidl_typesupport_fastrtps_c
[0.526s] [ 83%] Built target moveit_task_constructor_msgs
[0.543s] [ 84%] Built target moveit_task_constructor_msgs__py
[0.557s] [35m[1mConsolidate compiler generated dependencies of target moveit_task_constructor_msgs__rosidl_generator_py[0m
[0.573s] [ 86%] [32mBuilding C object CMakeFiles/moveit_task_constructor_msgs__rosidl_generator_py.dir/rosidl_generator_py/moveit_task_constructor_msgs/msg/_stage_statistics_s.c.o[0m
[0.574s] [ 86%] [32mBuilding C object CMakeFiles/moveit_task_constructor_msgs__rosidl_generator_py.dir/rosidl_generator_py/moveit_task_constructor_msgs/msg/_stage_description_s.c.o[0m
[0.574s] [ 88%] [32mBuilding C object CMakeFiles/moveit_task_constructor_msgs__rosidl_generator_py.dir/rosidl_generator_py/moveit_task_constructor_msgs/msg/_property_s.c.o[0m
[0.574s] [ 88%] [32mBuilding C object CMakeFiles/moveit_task_constructor_msgs__rosidl_generator_py.dir/rosidl_generator_py/moveit_task_constructor_msgs/msg/_solution_s.c.o[0m
[0.574s] [ 88%] [32mBuilding C object CMakeFiles/moveit_task_constructor_msgs__rosidl_generator_py.dir/rosidl_generator_py/moveit_task_constructor_msgs/msg/_solution_info_s.c.o[0m
[0.575s] [ 89%] [32mBuilding C object CMakeFiles/moveit_task_constructor_msgs__rosidl_generator_py.dir/rosidl_generator_py/moveit_task_constructor_msgs/msg/_sub_solution_s.c.o[0m
[0.575s] [ 90%] [32mBuilding C object CMakeFiles/moveit_task_constructor_msgs__rosidl_generator_py.dir/rosidl_generator_py/moveit_task_constructor_msgs/msg/_sub_trajectory_s.c.o[0m
[0.576s] [ 91%] [32mBuilding C object CMakeFiles/moveit_task_constructor_msgs__rosidl_generator_py.dir/rosidl_generator_py/moveit_task_constructor_msgs/msg/_task_description_s.c.o[0m
[0.576s] [ 92%] [32mBuilding C object CMakeFiles/moveit_task_constructor_msgs__rosidl_generator_py.dir/rosidl_generator_py/moveit_task_constructor_msgs/msg/_task_statistics_s.c.o[0m
[0.576s] [ 92%] [32mBuilding C object CMakeFiles/moveit_task_constructor_msgs__rosidl_generator_py.dir/rosidl_generator_py/moveit_task_constructor_msgs/msg/_trajectory_execution_info_s.c.o[0m
[0.576s] [ 93%] [32mBuilding C object CMakeFiles/moveit_task_constructor_msgs__rosidl_generator_py.dir/rosidl_generator_py/moveit_task_constructor_msgs/action/_execute_task_solution_s.c.o[0m
[0.576s] [ 94%] [32mBuilding C object CMakeFiles/moveit_task_constructor_msgs__rosidl_generator_py.dir/rosidl_generator_py/moveit_task_constructor_msgs/srv/_get_solution_s.c.o[0m
[0.837s] [ 95%] [32m[1mLinking C shared library rosidl_generator_py/moveit_task_constructor_msgs/libmoveit_task_constructor_msgs__rosidl_generator_py.so[0m
[0.876s] [ 95%] Built target moveit_task_constructor_msgs__rosidl_generator_py
[0.886s] [35m[1mConsolidate compiler generated dependencies of target moveit_task_constructor_msgs__rosidl_typesupport_introspection_c__pyext[0m
[0.886s] [35m[1mConsolidate compiler generated dependencies of target moveit_task_constructor_msgs__rosidl_typesupport_c__pyext[0m
[0.886s] [35m[1mConsolidate compiler generated dependencies of target moveit_task_constructor_msgs__rosidl_typesupport_fastrtps_c__pyext[0m
[0.897s] [ 96%] [32mBuilding C object CMakeFiles/moveit_task_constructor_msgs__rosidl_typesupport_fastrtps_c__pyext.dir/rosidl_generator_py/moveit_task_constructor_msgs/_moveit_task_constructor_msgs_s.ep.rosidl_typesupport_fastrtps_c.c.o[0m
[0.897s] [ 96%] [32mBuilding C object CMakeFiles/moveit_task_constructor_msgs__rosidl_typesupport_c__pyext.dir/rosidl_generator_py/moveit_task_constructor_msgs/_moveit_task_constructor_msgs_s.ep.rosidl_typesupport_c.c.o[0m
[0.898s] [ 97%] [32mBuilding C object CMakeFiles/moveit_task_constructor_msgs__rosidl_typesupport_introspection_c__pyext.dir/rosidl_generator_py/moveit_task_constructor_msgs/_moveit_task_constructor_msgs_s.ep.rosidl_typesupport_introspection_c.c.o[0m
[1.157s] [100%] [32m[1mLinking C shared library rosidl_generator_py/moveit_task_constructor_msgs/moveit_task_constructor_msgs_s__rosidl_typesupport_c.cpython-310-x86_64-linux-gnu.so[0m
[1.157s] [100%] [32m[1mLinking C shared library rosidl_generator_py/moveit_task_constructor_msgs/moveit_task_constructor_msgs_s__rosidl_typesupport_fastrtps_c.cpython-310-x86_64-linux-gnu.so[0m
[1.157s] [100%] [32m[1mLinking C shared library rosidl_generator_py/moveit_task_constructor_msgs/moveit_task_constructor_msgs_s__rosidl_typesupport_introspection_c.cpython-310-x86_64-linux-gnu.so[0m
[1.208s] [100%] Built target moveit_task_constructor_msgs__rosidl_typesupport_introspection_c__pyext
[1.222s] [100%] Built target moveit_task_constructor_msgs__rosidl_typesupport_c__pyext
[1.222s] [100%] Built target moveit_task_constructor_msgs__rosidl_typesupport_fastrtps_c__pyext
[1.231s] Invoked command in '/home/locobot/LoCoBotRos/interbotix_ws/build/moveit_task_constructor_msgs' returned '0': CMAKE_PREFIX_PATH=${CMAKE_PREFIX_PATH}:/opt/ros/humble /usr/bin/cmake --build /home/locobot/LoCoBotRos/interbotix_ws/build/moveit_task_constructor_msgs -- -j16 -l16
[1.233s] Invoking command in '/home/locobot/LoCoBotRos/interbotix_ws/build/moveit_task_constructor_msgs': CMAKE_PREFIX_PATH=${CMAKE_PREFIX_PATH}:/opt/ros/humble /usr/bin/cmake --install /home/locobot/LoCoBotRos/interbotix_ws/build/moveit_task_constructor_msgs
[1.239s] -- Install configuration: "Release"
[1.240s] -- Up-to-date: /home/locobot/LoCoBotRos/interbotix_ws/install/moveit_task_constructor_msgs/share/ament_index/resource_index/rosidl_interfaces/moveit_task_constructor_msgs
[1.240s] -- Up-to-date: /home/locobot/LoCoBotRos/interbotix_ws/install/moveit_task_constructor_msgs/include/moveit_task_constructor_msgs/moveit_task_constructor_msgs
[1.240s] -- Up-to-date: /home/locobot/LoCoBotRos/interbotix_ws/install/moveit_task_constructor_msgs/include/moveit_task_constructor_msgs/moveit_task_constructor_msgs/msg
[1.240s] -- Up-to-date: /home/locobot/LoCoBotRos/interbotix_ws/install/moveit_task_constructor_msgs/include/moveit_task_constructor_msgs/moveit_task_constructor_msgs/msg/detail
[1.241s] -- Up-to-date: /home/locobot/LoCoBotRos/interbotix_ws/install/moveit_task_constructor_msgs/include/moveit_task_constructor_msgs/moveit_task_constructor_msgs/msg/detail/trajectory_execution_info__functions.h
[1.241s] -- Up-to-date: /home/locobot/LoCoBotRos/interbotix_ws/install/moveit_task_constructor_msgs/include/moveit_task_constructor_msgs/moveit_task_constructor_msgs/msg/detail/property__type_support.h
[1.241s] -- Up-to-date: /home/locobot/LoCoBotRos/interbotix_ws/install/moveit_task_constructor_msgs/include/moveit_task_constructor_msgs/moveit_task_constructor_msgs/msg/detail/task_description__functions.h
[1.241s] -- Up-to-date: /home/locobot/LoCoBotRos/interbotix_ws/install/moveit_task_constructor_msgs/include/moveit_task_constructor_msgs/moveit_task_constructor_msgs/msg/detail/sub_trajectory__struct.h
[1.241s] -- Up-to-date: /home/locobot/LoCoBotRos/interbotix_ws/install/moveit_task_constructor_msgs/include/moveit_task_constructor_msgs/moveit_task_constructor_msgs/msg/detail/task_description__struct.h
[1.241s] -- Up-to-date: /home/locobot/LoCoBotRos/interbotix_ws/install/moveit_task_constructor_msgs/include/moveit_task_constructor_msgs/moveit_task_constructor_msgs/msg/detail/stage_statistics__functions.h
[1.241s] -- Up-to-date: /home/locobot/LoCoBotRos/interbotix_ws/install/moveit_task_constructor_msgs/include/moveit_task_constructor_msgs/moveit_task_constructor_msgs/msg/detail/solution_info__struct.h
[1.241s] -- Up-to-date: /home/locobot/LoCoBotRos/interbotix_ws/install/moveit_task_constructor_msgs/include/moveit_task_constructor_msgs/moveit_task_constructor_msgs/msg/detail/sub_solution__functions.h
[1.241s] -- Up-to-date: /home/locobot/LoCoBotRos/interbotix_ws/install/moveit_task_constructor_msgs/include/moveit_task_constructor_msgs/moveit_task_constructor_msgs/msg/detail/stage_description__type_support.h
[1.241s] -- Up-to-date: /home/locobot/LoCoBotRos/interbotix_ws/install/moveit_task_constructor_msgs/include/moveit_task_constructor_msgs/moveit_task_constructor_msgs/msg/detail/sub_solution__type_support.h
[1.241s] -- Up-to-date: /home/locobot/LoCoBotRos/interbotix_ws/install/moveit_task_constructor_msgs/include/moveit_task_constructor_msgs/moveit_task_constructor_msgs/msg/detail/stage_description__struct.h
[1.242s] -- Up-to-date: /home/locobot/LoCoBotRos/interbotix_ws/install/moveit_task_constructor_msgs/include/moveit_task_constructor_msgs/moveit_task_constructor_msgs/msg/detail/sub_trajectory__functions.c
[1.242s] -- Up-to-date: /home/locobot/LoCoBotRos/interbotix_ws/install/moveit_task_constructor_msgs/include/moveit_task_constructor_msgs/moveit_task_constructor_msgs/msg/detail/task_description__functions.c
[1.242s] -- Up-to-date: /home/locobot/LoCoBotRos/interbotix_ws/install/moveit_task_constructor_msgs/include/moveit_task_constructor_msgs/moveit_task_constructor_msgs/msg/detail/trajectory_execution_info__struct.h
[1.242s] -- Up-to-date: /home/locobot/LoCoBotRos/interbotix_ws/install/moveit_task_constructor_msgs/include/moveit_task_constructor_msgs/moveit_task_constructor_msgs/msg/detail/sub_trajectory__functions.h
[1.242s] -- Up-to-date: /home/locobot/LoCoBotRos/interbotix_ws/install/moveit_task_constructor_msgs/include/moveit_task_constructor_msgs/moveit_task_constructor_msgs/msg/detail/task_statistics__functions.h
[1.242s] -- Up-to-date: /home/locobot/LoCoBotRos/interbotix_ws/install/moveit_task_constructor_msgs/include/moveit_task_constructor_msgs/moveit_task_constructor_msgs/msg/detail/stage_description__functions.c
[1.242s] -- Up-to-date: /home/locobot/LoCoBotRos/interbotix_ws/install/moveit_task_constructor_msgs/include/moveit_task_constructor_msgs/moveit_task_constructor_msgs/msg/detail/task_statistics__type_support.h
[1.242s] -- Up-to-date: /home/locobot/LoCoBotRos/interbotix_ws/install/moveit_task_constructor_msgs/include/moveit_task_constructor_msgs/moveit_task_constructor_msgs/msg/detail/solution_info__functions.h
[1.242s] -- Up-to-date: /home/locobot/LoCoBotRos/interbotix_ws/install/moveit_task_constructor_msgs/include/moveit_task_constructor_msgs/moveit_task_constructor_msgs/msg/detail/sub_solution__struct.h
[1.242s] -- Up-to-date: /home/locobot/LoCoBotRos/interbotix_ws/install/moveit_task_constructor_msgs/include/moveit_task_constructor_msgs/moveit_task_constructor_msgs/msg/detail/stage_statistics__struct.h
[1.242s] -- Up-to-date: /home/locobot/LoCoBotRos/interbotix_ws/install/moveit_task_constructor_msgs/include/moveit_task_constructor_msgs/moveit_task_constructor_msgs/msg/detail/stage_statistics__functions.c
[1.242s] -- Up-to-date: /home/locobot/LoCoBotRos/interbotix_ws/install/moveit_task_constructor_msgs/include/moveit_task_constructor_msgs/moveit_task_constructor_msgs/msg/detail/sub_trajectory__type_support.h
[1.242s] -- Up-to-date: /home/locobot/LoCoBotRos/interbotix_ws/install/moveit_task_constructor_msgs/include/moveit_task_constructor_msgs/moveit_task_constructor_msgs/msg/detail/solution__struct.h
[1.242s] -- Up-to-date: /home/locobot/LoCoBotRos/interbotix_ws/install/moveit_task_constructor_msgs/include/moveit_task_constructor_msgs/moveit_task_constructor_msgs/msg/detail/task_statistics__functions.c
[1.242s] -- Up-to-date: /home/locobot/LoCoBotRos/interbotix_ws/install/moveit_task_constructor_msgs/include/moveit_task_constructor_msgs/moveit_task_constructor_msgs/msg/detail/trajectory_execution_info__type_support.h
[1.242s] -- Up-to-date: /home/locobot/LoCoBotRos/interbotix_ws/install/moveit_task_constructor_msgs/include/moveit_task_constructor_msgs/moveit_task_constructor_msgs/msg/detail/stage_statistics__type_support.h
[1.242s] -- Up-to-date: /home/locobot/LoCoBotRos/interbotix_ws/install/moveit_task_constructor_msgs/include/moveit_task_constructor_msgs/moveit_task_constructor_msgs/msg/detail/solution__functions.c
[1.243s] -- Up-to-date: /home/locobot/LoCoBotRos/interbotix_ws/install/moveit_task_constructor_msgs/include/moveit_task_constructor_msgs/moveit_task_constructor_msgs/msg/detail/solution__functions.h
[1.243s] -- Up-to-date: /home/locobot/LoCoBotRos/interbotix_ws/install/moveit_task_constructor_msgs/include/moveit_task_constructor_msgs/moveit_task_constructor_msgs/msg/detail/stage_description__functions.h
[1.243s] -- Up-to-date: /home/locobot/LoCoBotRos/interbotix_ws/install/moveit_task_constructor_msgs/include/moveit_task_constructor_msgs/moveit_task_constructor_msgs/msg/detail/solution__type_support.h
[1.243s] -- Up-to-date: /home/locobot/LoCoBotRos/interbotix_ws/install/moveit_task_constructor_msgs/include/moveit_task_constructor_msgs/moveit_task_constructor_msgs/msg/detail/property__functions.h
[1.243s] -- Up-to-date: /home/locobot/LoCoBotRos/interbotix_ws/install/moveit_task_constructor_msgs/include/moveit_task_constructor_msgs/moveit_task_constructor_msgs/msg/detail/sub_solution__functions.c
[1.243s] -- Up-to-date: /home/locobot/LoCoBotRos/interbotix_ws/install/moveit_task_constructor_msgs/include/moveit_task_constructor_msgs/moveit_task_constructor_msgs/msg/detail/property__struct.h
[1.243s] -- Up-to-date: /home/locobot/LoCoBotRos/interbotix_ws/install/moveit_task_constructor_msgs/include/moveit_task_constructor_msgs/moveit_task_constructor_msgs/msg/detail/solution_info__functions.c
[1.243s] -- Up-to-date: /home/locobot/LoCoBotRos/interbotix_ws/install/moveit_task_constructor_msgs/include/moveit_task_constructor_msgs/moveit_task_constructor_msgs/msg/detail/solution_info__type_support.h
[1.243s] -- Up-to-date: /home/locobot/LoCoBotRos/interbotix_ws/install/moveit_task_constructor_msgs/include/moveit_task_constructor_msgs/moveit_task_constructor_msgs/msg/detail/task_description__type_support.h
[1.243s] -- Up-to-date: /home/locobot/LoCoBotRos/interbotix_ws/install/moveit_task_constructor_msgs/include/moveit_task_constructor_msgs/moveit_task_constructor_msgs/msg/detail/task_statistics__struct.h
[1.243s] -- Up-to-date: /home/locobot/LoCoBotRos/interbotix_ws/install/moveit_task_constructor_msgs/include/moveit_task_constructor_msgs/moveit_task_constructor_msgs/msg/detail/trajectory_execution_info__functions.c
[1.243s] -- Up-to-date: /home/locobot/LoCoBotRos/interbotix_ws/install/moveit_task_constructor_msgs/include/moveit_task_constructor_msgs/moveit_task_constructor_msgs/msg/detail/property__functions.c
[1.243s] -- Up-to-date: /home/locobot/LoCoBotRos/interbotix_ws/install/moveit_task_constructor_msgs/include/moveit_task_constructor_msgs/moveit_task_constructor_msgs/msg/sub_trajectory.h
[1.243s] -- Up-to-date: /home/locobot/LoCoBotRos/interbotix_ws/install/moveit_task_constructor_msgs/include/moveit_task_constructor_msgs/moveit_task_constructor_msgs/msg/trajectory_execution_info.h
[1.243s] -- Up-to-date: /home/locobot/LoCoBotRos/interbotix_ws/install/moveit_task_constructor_msgs/include/moveit_task_constructor_msgs/moveit_task_constructor_msgs/msg/solution_info.h
[1.243s] -- Up-to-date: /home/locobot/LoCoBotRos/interbotix_ws/install/moveit_task_constructor_msgs/include/moveit_task_constructor_msgs/moveit_task_constructor_msgs/msg/stage_description.h
[1.243s] -- Up-to-date: /home/locobot/LoCoBotRos/interbotix_ws/install/moveit_task_constructor_msgs/include/moveit_task_constructor_msgs/moveit_task_constructor_msgs/msg/task_description.h
[1.243s] -- Up-to-date: /home/locobot/LoCoBotRos/interbotix_ws/install/moveit_task_constructor_msgs/include/moveit_task_constructor_msgs/moveit_task_constructor_msgs/msg/solution.h
[1.243s] -- Up-to-date: /home/locobot/LoCoBotRos/interbotix_ws/install/moveit_task_constructor_msgs/include/moveit_task_constructor_msgs/moveit_task_constructor_msgs/msg/rosidl_generator_c__visibility_control.h
[1.244s] -- Up-to-date: /home/locobot/LoCoBotRos/interbotix_ws/install/moveit_task_constructor_msgs/include/moveit_task_constructor_msgs/moveit_task_constructor_msgs/msg/task_statistics.h
[1.244s] -- Up-to-date: /home/locobot/LoCoBotRos/interbotix_ws/install/moveit_task_constructor_msgs/include/moveit_task_constructor_msgs/moveit_task_constructor_msgs/msg/sub_solution.h
[1.244s] -- Up-to-date: /home/locobot/LoCoBotRos/interbotix_ws/install/moveit_task_constructor_msgs/include/moveit_task_constructor_msgs/moveit_task_constructor_msgs/msg/stage_statistics.h
[1.244s] -- Up-to-date: /home/locobot/LoCoBotRos/interbotix_ws/install/moveit_task_constructor_msgs/include/moveit_task_constructor_msgs/moveit_task_constructor_msgs/msg/property.h
[1.244s] -- Up-to-date: /home/locobot/LoCoBotRos/interbotix_ws/install/moveit_task_constructor_msgs/include/moveit_task_constructor_msgs/moveit_task_constructor_msgs/action
[1.244s] -- Up-to-date: /home/locobot/LoCoBotRos/interbotix_ws/install/moveit_task_constructor_msgs/include/moveit_task_constructor_msgs/moveit_task_constructor_msgs/action/detail
[1.244s] -- Up-to-date: /home/locobot/LoCoBotRos/interbotix_ws/install/moveit_task_constructor_msgs/include/moveit_task_constructor_msgs/moveit_task_constructor_msgs/action/detail/execute_task_solution__functions.c
[1.244s] -- Up-to-date: /home/locobot/LoCoBotRos/interbotix_ws/install/moveit_task_constructor_msgs/include/moveit_task_constructor_msgs/moveit_task_constructor_msgs/action/detail/execute_task_solution__struct.h
[1.244s] -- Up-to-date: /home/locobot/LoCoBotRos/interbotix_ws/install/moveit_task_constructor_msgs/include/moveit_task_constructor_msgs/moveit_task_constructor_msgs/action/detail/execute_task_solution__type_support.h
[1.244s] -- Up-to-date: /home/locobot/LoCoBotRos/interbotix_ws/install/moveit_task_constructor_msgs/include/moveit_task_constructor_msgs/moveit_task_constructor_msgs/action/detail/execute_task_solution__functions.h
[1.244s] -- Up-to-date: /home/locobot/LoCoBotRos/interbotix_ws/install/moveit_task_constructor_msgs/include/moveit_task_constructor_msgs/moveit_task_constructor_msgs/action/execute_task_solution.h
[1.244s] -- Up-to-date: /home/locobot/LoCoBotRos/interbotix_ws/install/moveit_task_constructor_msgs/include/moveit_task_constructor_msgs/moveit_task_constructor_msgs/srv
[1.244s] -- Up-to-date: /home/locobot/LoCoBotRos/interbotix_ws/install/moveit_task_constructor_msgs/include/moveit_task_constructor_msgs/moveit_task_constructor_msgs/srv/detail
[1.244s] -- Up-to-date: /home/locobot/LoCoBotRos/interbotix_ws/install/moveit_task_constructor_msgs/include/moveit_task_constructor_msgs/moveit_task_constructor_msgs/srv/detail/get_solution__functions.h
[1.244s] -- Up-to-date: /home/locobot/LoCoBotRos/interbotix_ws/install/moveit_task_constructor_msgs/include/moveit_task_constructor_msgs/moveit_task_constructor_msgs/srv/detail/get_solution__functions.c
[1.244s] -- Up-to-date: /home/locobot/LoCoBotRos/interbotix_ws/install/moveit_task_constructor_msgs/include/moveit_task_constructor_msgs/moveit_task_constructor_msgs/srv/detail/get_solution__type_support.h
[1.244s] -- Up-to-date: /home/locobot/LoCoBotRos/interbotix_ws/install/moveit_task_constructor_msgs/include/moveit_task_constructor_msgs/moveit_task_constructor_msgs/srv/detail/get_solution__struct.h
[1.244s] -- Up-to-date: /home/locobot/LoCoBotRos/interbotix_ws/install/moveit_task_constructor_msgs/include/moveit_task_constructor_msgs/moveit_task_constructor_msgs/srv/get_solution.h
[1.244s] -- Up-to-date: /home/locobot/LoCoBotRos/interbotix_ws/install/moveit_task_constructor_msgs/share/moveit_task_constructor_msgs/environment/library_path.sh
[1.244s] -- Installing: /home/locobot/LoCoBotRos/interbotix_ws/install/moveit_task_constructor_msgs/share/moveit_task_constructor_msgs/environment/library_path.dsv
[1.244s] -- Installing: /home/locobot/LoCoBotRos/interbotix_ws/install/moveit_task_constructor_msgs/lib/libmoveit_task_constructor_msgs__rosidl_generator_c.so
[1.245s] -- Set runtime path of "/home/locobot/LoCoBotRos/interbotix_ws/install/moveit_task_constructor_msgs/lib/libmoveit_task_constructor_msgs__rosidl_generator_c.so" to ""
[1.245s] -- Up-to-date: /home/locobot/LoCoBotRos/interbotix_ws/install/moveit_task_constructor_msgs/include/moveit_task_constructor_msgs/moveit_task_constructor_msgs
[1.245s] -- Up-to-date: /home/locobot/LoCoBotRos/interbotix_ws/install/moveit_task_constructor_msgs/include/moveit_task_constructor_msgs/moveit_task_constructor_msgs/msg
[1.245s] -- Up-to-date: /home/locobot/LoCoBotRos/interbotix_ws/install/moveit_task_constructor_msgs/include/moveit_task_constructor_msgs/moveit_task_constructor_msgs/msg/detail
[1.245s] -- Up-to-date: /home/locobot/LoCoBotRos/interbotix_ws/install/moveit_task_constructor_msgs/include/moveit_task_constructor_msgs/moveit_task_constructor_msgs/msg/detail/property__rosidl_typesupport_fastrtps_c.h
[1.245s] -- Up-to-date: /home/locobot/LoCoBotRos/interbotix_ws/install/moveit_task_constructor_msgs/include/moveit_task_constructor_msgs/moveit_task_constructor_msgs/msg/detail/sub_trajectory__rosidl_typesupport_fastrtps_c.h
[1.245s] -- Up-to-date: /home/locobot/LoCoBotRos/interbotix_ws/install/moveit_task_constructor_msgs/include/moveit_task_constructor_msgs/moveit_task_constructor_msgs/msg/detail/task_description__rosidl_typesupport_fastrtps_c.h
[1.245s] -- Up-to-date: /home/locobot/LoCoBotRos/interbotix_ws/install/moveit_task_constructor_msgs/include/moveit_task_constructor_msgs/moveit_task_constructor_msgs/msg/detail/stage_statistics__rosidl_typesupport_fastrtps_c.h
[1.245s] -- Up-to-date: /home/locobot/LoCoBotRos/interbotix_ws/install/moveit_task_constructor_msgs/include/moveit_task_constructor_msgs/moveit_task_constructor_msgs/msg/detail/sub_solution__rosidl_typesupport_fastrtps_c.h
[1.245s] -- Up-to-date: /home/locobot/LoCoBotRos/interbotix_ws/install/moveit_task_constructor_msgs/include/moveit_task_constructor_msgs/moveit_task_constructor_msgs/msg/detail/stage_description__rosidl_typesupport_fastrtps_c.h
[1.245s] -- Up-to-date: /home/locobot/LoCoBotRos/interbotix_ws/install/moveit_task_constructor_msgs/include/moveit_task_constructor_msgs/moveit_task_constructor_msgs/msg/detail/trajectory_execution_info__rosidl_typesupport_fastrtps_c.h
[1.245s] -- Up-to-date: /home/locobot/LoCoBotRos/interbotix_ws/install/moveit_task_constructor_msgs/include/moveit_task_constructor_msgs/moveit_task_constructor_msgs/msg/detail/solution__rosidl_typesupport_fastrtps_c.h
[1.245s] -- Up-to-date: /home/locobot/LoCoBotRos/interbotix_ws/install/moveit_task_constructor_msgs/include/moveit_task_constructor_msgs/moveit_task_constructor_msgs/msg/detail/solution_info__rosidl_typesupport_fastrtps_c.h
[1.246s] -- Up-to-date: /home/locobot/LoCoBotRos/interbotix_ws/install/moveit_task_constructor_msgs/include/moveit_task_constructor_msgs/moveit_task_constructor_msgs/msg/detail/task_statistics__rosidl_typesupport_fastrtps_c.h
[1.246s] -- Up-to-date: /home/locobot/LoCoBotRos/interbotix_ws/install/moveit_task_constructor_msgs/include/moveit_task_constructor_msgs/moveit_task_constructor_msgs/msg/rosidl_typesupport_fastrtps_c__visibility_control.h
[1.246s] -- Up-to-date: /home/locobot/LoCoBotRos/interbotix_ws/install/moveit_task_constructor_msgs/include/moveit_task_constructor_msgs/moveit_task_constructor_msgs/action
[1.246s] -- Up-to-date: /home/locobot/LoCoBotRos/interbotix_ws/install/moveit_task_constructor_msgs/include/moveit_task_constructor_msgs/moveit_task_constructor_msgs/action/detail
[1.246s] -- Up-to-date: /home/locobot/LoCoBotRos/interbotix_ws/install/moveit_task_constructor_msgs/include/moveit_task_constructor_msgs/moveit_task_constructor_msgs/action/detail/execute_task_solution__rosidl_typesupport_fastrtps_c.h
[1.246s] -- Up-to-date: /home/locobot/LoCoBotRos/interbotix_ws/install/moveit_task_constructor_msgs/include/moveit_task_constructor_msgs/moveit_task_constructor_msgs/srv
[1.246s] -- Up-to-date: /home/locobot/LoCoBotRos/interbotix_ws/install/moveit_task_constructor_msgs/include/moveit_task_constructor_msgs/moveit_task_constructor_msgs/srv/detail
[1.246s] -- Up-to-date: /home/locobot/LoCoBotRos/interbotix_ws/install/moveit_task_constructor_msgs/include/moveit_task_constructor_msgs/moveit_task_constructor_msgs/srv/detail/get_solution__rosidl_typesupport_fastrtps_c.h
[1.246s] -- Installing: /home/locobot/LoCoBotRos/interbotix_ws/install/moveit_task_constructor_msgs/lib/libmoveit_task_constructor_msgs__rosidl_typesupport_fastrtps_c.so
[1.247s] -- Set runtime path of "/home/locobot/LoCoBotRos/interbotix_ws/install/moveit_task_constructor_msgs/lib/libmoveit_task_constructor_msgs__rosidl_typesupport_fastrtps_c.so" to ""
[1.247s] -- Up-to-date: /home/locobot/LoCoBotRos/interbotix_ws/install/moveit_task_constructor_msgs/include/moveit_task_constructor_msgs/moveit_task_constructor_msgs
[1.247s] -- Up-to-date: /home/locobot/LoCoBotRos/interbotix_ws/install/moveit_task_constructor_msgs/include/moveit_task_constructor_msgs/moveit_task_constructor_msgs/msg
[1.247s] -- Up-to-date: /home/locobot/LoCoBotRos/interbotix_ws/install/moveit_task_constructor_msgs/include/moveit_task_constructor_msgs/moveit_task_constructor_msgs/msg/detail
[1.247s] -- Up-to-date: /home/locobot/LoCoBotRos/interbotix_ws/install/moveit_task_constructor_msgs/include/moveit_task_constructor_msgs/moveit_task_constructor_msgs/msg/detail/solution__type_support.hpp
[1.247s] -- Up-to-date: /home/locobot/LoCoBotRos/interbotix_ws/install/moveit_task_constructor_msgs/include/moveit_task_constructor_msgs/moveit_task_constructor_msgs/msg/detail/task_description__builder.hpp
[1.248s] -- Up-to-date: /home/locobot/LoCoBotRos/interbotix_ws/install/moveit_task_constructor_msgs/include/moveit_task_constructor_msgs/moveit_task_constructor_msgs/msg/detail/solution_info__type_support.hpp
[1.248s] -- Up-to-date: /home/locobot/LoCoBotRos/interbotix_ws/install/moveit_task_constructor_msgs/include/moveit_task_constructor_msgs/moveit_task_constructor_msgs/msg/detail/task_statistics__type_support.hpp
[1.248s] -- Up-to-date: /home/locobot/LoCoBotRos/interbotix_ws/install/moveit_task_constructor_msgs/include/moveit_task_constructor_msgs/moveit_task_constructor_msgs/msg/detail/task_statistics__builder.hpp
[1.248s] -- Up-to-date: /home/locobot/LoCoBotRos/interbotix_ws/install/moveit_task_constructor_msgs/include/moveit_task_constructor_msgs/moveit_task_constructor_msgs/msg/detail/stage_statistics__struct.hpp
[1.248s] -- Up-to-date: /home/locobot/LoCoBotRos/interbotix_ws/install/moveit_task_constructor_msgs/include/moveit_task_constructor_msgs/moveit_task_constructor_msgs/msg/detail/stage_statistics__builder.hpp
[1.248s] -- Up-to-date: /home/locobot/LoCoBotRos/interbotix_ws/install/moveit_task_constructor_msgs/include/moveit_task_constructor_msgs/moveit_task_constructor_msgs/msg/detail/stage_description__type_support.hpp
[1.248s] -- Up-to-date: /home/locobot/LoCoBotRos/interbotix_ws/install/moveit_task_constructor_msgs/include/moveit_task_constructor_msgs/moveit_task_constructor_msgs/msg/detail/property__builder.hpp
[1.248s] -- Up-to-date: /home/locobot/LoCoBotRos/interbotix_ws/install/moveit_task_constructor_msgs/include/moveit_task_constructor_msgs/moveit_task_constructor_msgs/msg/detail/trajectory_execution_info__type_support.hpp
[1.248s] -- Up-to-date: /home/locobot/LoCoBotRos/interbotix_ws/install/moveit_task_constructor_msgs/include/moveit_task_constructor_msgs/moveit_task_constructor_msgs/msg/detail/stage_description__traits.hpp
[1.248s] -- Up-to-date: /home/locobot/LoCoBotRos/interbotix_ws/install/moveit_task_constructor_msgs/include/moveit_task_constructor_msgs/moveit_task_constructor_msgs/msg/detail/solution_info__struct.hpp
[1.248s] -- Up-to-date: /home/locobot/LoCoBotRos/interbotix_ws/install/moveit_task_constructor_msgs/include/moveit_task_constructor_msgs/moveit_task_constructor_msgs/msg/detail/trajectory_execution_info__struct.hpp
[1.248s] -- Up-to-date: /home/locobot/LoCoBotRos/interbotix_ws/install/moveit_task_constructor_msgs/include/moveit_task_constructor_msgs/moveit_task_constructor_msgs/msg/detail/trajectory_execution_info__builder.hpp
[1.248s] -- Up-to-date: /home/locobot/LoCoBotRos/interbotix_ws/install/moveit_task_constructor_msgs/include/moveit_task_constructor_msgs/moveit_task_constructor_msgs/msg/detail/property__type_support.hpp
[1.248s] -- Up-to-date: /home/locobot/LoCoBotRos/interbotix_ws/install/moveit_task_constructor_msgs/include/moveit_task_constructor_msgs/moveit_task_constructor_msgs/msg/detail/stage_description__builder.hpp
[1.248s] -- Up-to-date: /home/locobot/LoCoBotRos/interbotix_ws/install/moveit_task_constructor_msgs/include/moveit_task_constructor_msgs/moveit_task_constructor_msgs/msg/detail/sub_trajectory__struct.hpp
[1.249s] -- Up-to-date: /home/locobot/LoCoBotRos/interbotix_ws/install/moveit_task_constructor_msgs/include/moveit_task_constructor_msgs/moveit_task_constructor_msgs/msg/detail/task_description__traits.hpp
[1.249s] -- Up-to-date: /home/locobot/LoCoBotRos/interbotix_ws/install/moveit_task_constructor_msgs/include/moveit_task_constructor_msgs/moveit_task_constructor_msgs/msg/detail/task_statistics__traits.hpp
[1.249s] -- Up-to-date: /home/locobot/LoCoBotRos/interbotix_ws/install/moveit_task_constructor_msgs/include/moveit_task_constructor_msgs/moveit_task_constructor_msgs/msg/detail/stage_description__struct.hpp
[1.249s] -- Up-to-date: /home/locobot/LoCoBotRos/interbotix_ws/install/moveit_task_constructor_msgs/include/moveit_task_constructor_msgs/moveit_task_constructor_msgs/msg/detail/solution__builder.hpp
[1.249s] -- Up-to-date: /home/locobot/LoCoBotRos/interbotix_ws/install/moveit_task_constructor_msgs/include/moveit_task_constructor_msgs/moveit_task_constructor_msgs/msg/detail/task_description__type_support.hpp
[1.249s] -- Up-to-date: /home/locobot/LoCoBotRos/interbotix_ws/install/moveit_task_constructor_msgs/include/moveit_task_constructor_msgs/moveit_task_constructor_msgs/msg/detail/trajectory_execution_info__traits.hpp
[1.249s] -- Up-to-date: /home/locobot/LoCoBotRos/interbotix_ws/install/moveit_task_constructor_msgs/include/moveit_task_constructor_msgs/moveit_task_constructor_msgs/msg/detail/sub_solution__traits.hpp
[1.249s] -- Up-to-date: /home/locobot/LoCoBotRos/interbotix_ws/install/moveit_task_constructor_msgs/include/moveit_task_constructor_msgs/moveit_task_constructor_msgs/msg/detail/task_description__struct.hpp
[1.249s] -- Up-to-date: /home/locobot/LoCoBotRos/interbotix_ws/install/moveit_task_constructor_msgs/include/moveit_task_constructor_msgs/moveit_task_constructor_msgs/msg/detail/stage_statistics__traits.hpp
[1.249s] -- Up-to-date: /home/locobot/LoCoBotRos/interbotix_ws/install/moveit_task_constructor_msgs/include/moveit_task_constructor_msgs/moveit_task_constructor_msgs/msg/detail/property__struct.hpp
[1.249s] -- Up-to-date: /home/locobot/LoCoBotRos/interbotix_ws/install/moveit_task_constructor_msgs/include/moveit_task_constructor_msgs/moveit_task_constructor_msgs/msg/detail/task_statistics__struct.hpp
[1.249s] -- Up-to-date: /home/locobot/LoCoBotRos/interbotix_ws/install/moveit_task_constructor_msgs/include/moveit_task_constructor_msgs/moveit_task_constructor_msgs/msg/detail/solution_info__builder.hpp
[1.249s] -- Up-to-date: /home/locobot/LoCoBotRos/interbotix_ws/install/moveit_task_constructor_msgs/include/moveit_task_constructor_msgs/moveit_task_constructor_msgs/msg/detail/sub_trajectory__traits.hpp
[1.249s] -- Up-to-date: /home/locobot/LoCoBotRos/interbotix_ws/install/moveit_task_constructor_msgs/include/moveit_task_constructor_msgs/moveit_task_constructor_msgs/msg/detail/sub_trajectory__builder.hpp
[1.249s] -- Up-to-date: /home/locobot/LoCoBotRos/interbotix_ws/install/moveit_task_constructor_msgs/include/moveit_task_constructor_msgs/moveit_task_constructor_msgs/msg/detail/property__traits.hpp
[1.249s] -- Up-to-date: /home/locobot/LoCoBotRos/interbotix_ws/install/moveit_task_constructor_msgs/include/moveit_task_constructor_msgs/moveit_task_constructor_msgs/msg/detail/solution_info__traits.hpp
[1.249s] -- Up-to-date: /home/locobot/LoCoBotRos/interbotix_ws/install/moveit_task_constructor_msgs/include/moveit_task_constructor_msgs/moveit_task_constructor_msgs/msg/detail/solution__traits.hpp
[1.250s] -- Up-to-date: /home/locobot/LoCoBotRos/interbotix_ws/install/moveit_task_constructor_msgs/include/moveit_task_constructor_msgs/moveit_task_constructor_msgs/msg/detail/solution__struct.hpp
[1.250s] -- Up-to-date: /home/locobot/LoCoBotRos/interbotix_ws/install/moveit_task_constructor_msgs/include/moveit_task_constructor_msgs/moveit_task_constructor_msgs/msg/detail/sub_solution__struct.hpp
[1.250s] -- Up-to-date: /home/locobot/LoCoBotRos/interbotix_ws/install/moveit_task_constructor_msgs/include/moveit_task_constructor_msgs/moveit_task_constructor_msgs/msg/detail/sub_trajectory__type_support.hpp
[1.250s] -- Up-to-date: /home/locobot/LoCoBotRos/interbotix_ws/install/moveit_task_constructor_msgs/include/moveit_task_constructor_msgs/moveit_task_constructor_msgs/msg/detail/sub_solution__type_support.hpp
[1.250s] -- Up-to-date: /home/locobot/LoCoBotRos/interbotix_ws/install/moveit_task_constructor_msgs/include/moveit_task_constructor_msgs/moveit_task_constructor_msgs/msg/detail/sub_solution__builder.hpp
[1.250s] -- Up-to-date: /home/locobot/LoCoBotRos/interbotix_ws/install/moveit_task_constructor_msgs/include/moveit_task_constructor_msgs/moveit_task_constructor_msgs/msg/detail/stage_statistics__type_support.hpp
[1.250s] -- Up-to-date: /home/locobot/LoCoBotRos/interbotix_ws/install/moveit_task_constructor_msgs/include/moveit_task_constructor_msgs/moveit_task_constructor_msgs/msg/task_description.hpp
[1.250s] -- Up-to-date: /home/locobot/LoCoBotRos/interbotix_ws/install/moveit_task_constructor_msgs/include/moveit_task_constructor_msgs/moveit_task_constructor_msgs/msg/solution_info.hpp
[1.250s] -- Up-to-date: /home/locobot/LoCoBotRos/interbotix_ws/install/moveit_task_constructor_msgs/include/moveit_task_constructor_msgs/moveit_task_constructor_msgs/msg/property.hpp
[1.250s] -- Up-to-date: /home/locobot/LoCoBotRos/interbotix_ws/install/moveit_task_constructor_msgs/include/moveit_task_constructor_msgs/moveit_task_constructor_msgs/msg/solution.hpp
[1.250s] -- Up-to-date: /home/locobot/LoCoBotRos/interbotix_ws/install/moveit_task_constructor_msgs/include/moveit_task_constructor_msgs/moveit_task_constructor_msgs/msg/task_statistics.hpp
[1.250s] -- Up-to-date: /home/locobot/LoCoBotRos/interbotix_ws/install/moveit_task_constructor_msgs/include/moveit_task_constructor_msgs/moveit_task_constructor_msgs/msg/trajectory_execution_info.hpp
[1.250s] -- Up-to-date: /home/locobot/LoCoBotRos/interbotix_ws/install/moveit_task_constructor_msgs/include/moveit_task_constructor_msgs/moveit_task_constructor_msgs/msg/rosidl_generator_cpp__visibility_control.hpp
[1.250s] -- Up-to-date: /home/locobot/LoCoBotRos/interbotix_ws/install/moveit_task_constructor_msgs/include/moveit_task_constructor_msgs/moveit_task_constructor_msgs/msg/sub_trajectory.hpp
[1.250s] -- Up-to-date: /home/locobot/LoCoBotRos/interbotix_ws/install/moveit_task_constructor_msgs/include/moveit_task_constructor_msgs/moveit_task_constructor_msgs/msg/stage_description.hpp
[1.251s] -- Up-to-date: /home/locobot/LoCoBotRos/interbotix_ws/install/moveit_task_constructor_msgs/include/moveit_task_constructor_msgs/moveit_task_constructor_msgs/msg/stage_statistics.hpp
[1.251s] -- Up-to-date: /home/locobot/LoCoBotRos/interbotix_ws/install/moveit_task_constructor_msgs/include/moveit_task_constructor_msgs/moveit_task_constructor_msgs/msg/sub_solution.hpp
[1.251s] -- Up-to-date: /home/locobot/LoCoBotRos/interbotix_ws/install/moveit_task_constructor_msgs/include/moveit_task_constructor_msgs/moveit_task_constructor_msgs/action
[1.251s] -- Up-to-date: /home/locobot/LoCoBotRos/interbotix_ws/install/moveit_task_constructor_msgs/include/moveit_task_constructor_msgs/moveit_task_constructor_msgs/action/detail
[1.251s] -- Up-to-date: /home/locobot/LoCoBotRos/interbotix_ws/install/moveit_task_constructor_msgs/include/moveit_task_constructor_msgs/moveit_task_constructor_msgs/action/detail/execute_task_solution__traits.hpp
[1.251s] -- Up-to-date: /home/locobot/LoCoBotRos/interbotix_ws/install/moveit_task_constructor_msgs/include/moveit_task_constructor_msgs/moveit_task_constructor_msgs/action/detail/execute_task_solution__builder.hpp
[1.251s] -- Up-to-date: /home/locobot/LoCoBotRos/interbotix_ws/install/moveit_task_constructor_msgs/include/moveit_task_constructor_msgs/moveit_task_constructor_msgs/action/detail/execute_task_solution__struct.hpp
[1.251s] -- Up-to-date: /home/locobot/LoCoBotRos/interbotix_ws/install/moveit_task_constructor_msgs/include/moveit_task_constructor_msgs/moveit_task_constructor_msgs/action/detail/execute_task_solution__type_support.hpp
[1.251s] -- Up-to-date: /home/locobot/LoCoBotRos/interbotix_ws/install/moveit_task_constructor_msgs/include/moveit_task_constructor_msgs/moveit_task_constructor_msgs/action/execute_task_solution.hpp
[1.252s] -- Up-to-date: /home/locobot/LoCoBotRos/interbotix_ws/install/moveit_task_constructor_msgs/include/moveit_task_constructor_msgs/moveit_task_constructor_msgs/srv
[1.252s] -- Up-to-date: /home/locobot/LoCoBotRos/interbotix_ws/install/moveit_task_constructor_msgs/include/moveit_task_constructor_msgs/moveit_task_constructor_msgs/srv/detail
[1.252s] -- Up-to-date: /home/locobot/LoCoBotRos/interbotix_ws/install/moveit_task_constructor_msgs/include/moveit_task_constructor_msgs/moveit_task_constructor_msgs/srv/detail/get_solution__traits.hpp
[1.252s] -- Up-to-date: /home/locobot/LoCoBotRos/interbotix_ws/install/moveit_task_constructor_msgs/include/moveit_task_constructor_msgs/moveit_task_constructor_msgs/srv/detail/get_solution__type_support.hpp
[1.252s] -- Up-to-date: /home/locobot/LoCoBotRos/interbotix_ws/install/moveit_task_constructor_msgs/include/moveit_task_constructor_msgs/moveit_task_constructor_msgs/srv/detail/get_solution__struct.hpp
[1.252s] -- Up-to-date: /home/locobot/LoCoBotRos/interbotix_ws/install/moveit_task_constructor_msgs/include/moveit_task_constructor_msgs/moveit_task_constructor_msgs/srv/detail/get_solution__builder.hpp
[1.252s] -- Up-to-date: /home/locobot/LoCoBotRos/interbotix_ws/install/moveit_task_constructor_msgs/include/moveit_task_constructor_msgs/moveit_task_constructor_msgs/srv/get_solution.hpp
[1.252s] -- Up-to-date: /home/locobot/LoCoBotRos/interbotix_ws/install/moveit_task_constructor_msgs/include/moveit_task_constructor_msgs/moveit_task_constructor_msgs
[1.252s] -- Up-to-date: /home/locobot/LoCoBotRos/interbotix_ws/install/moveit_task_constructor_msgs/include/moveit_task_constructor_msgs/moveit_task_constructor_msgs/msg
[1.252s] -- Up-to-date: /home/locobot/LoCoBotRos/interbotix_ws/install/moveit_task_constructor_msgs/include/moveit_task_constructor_msgs/moveit_task_constructor_msgs/msg/detail
[1.252s] -- Up-to-date: /home/locobot/LoCoBotRos/interbotix_ws/install/moveit_task_constructor_msgs/include/moveit_task_constructor_msgs/moveit_task_constructor_msgs/msg/detail/trajectory_execution_info__rosidl_typesupport_fastrtps_cpp.hpp
[1.252s] -- Up-to-date: /home/locobot/LoCoBotRos/interbotix_ws/install/moveit_task_constructor_msgs/include/moveit_task_constructor_msgs/moveit_task_constructor_msgs/msg/detail/task_statistics__rosidl_typesupport_fastrtps_cpp.hpp
[1.252s] -- Up-to-date: /home/locobot/LoCoBotRos/interbotix_ws/install/moveit_task_constructor_msgs/include/moveit_task_constructor_msgs/moveit_task_constructor_msgs/msg/detail/solution__rosidl_typesupport_fastrtps_cpp.hpp
[1.252s] -- Up-to-date: /home/locobot/LoCoBotRos/interbotix_ws/install/moveit_task_constructor_msgs/include/moveit_task_constructor_msgs/moveit_task_constructor_msgs/msg/detail/dds_fastrtps
[1.252s] -- Up-to-date: /home/locobot/LoCoBotRos/interbotix_ws/install/moveit_task_constructor_msgs/include/moveit_task_constructor_msgs/moveit_task_constructor_msgs/msg/detail/task_description__rosidl_typesupport_fastrtps_cpp.hpp
[1.252s] -- Up-to-date: /home/locobot/LoCoBotRos/interbotix_ws/install/moveit_task_constructor_msgs/include/moveit_task_constructor_msgs/moveit_task_constructor_msgs/msg/detail/sub_trajectory__rosidl_typesupport_fastrtps_cpp.hpp
[1.252s] -- Up-to-date: /home/locobot/LoCoBotRos/interbotix_ws/install/moveit_task_constructor_msgs/include/moveit_task_constructor_msgs/moveit_task_constructor_msgs/msg/detail/property__rosidl_typesupport_fastrtps_cpp.hpp
[1.252s] -- Up-to-date: /home/locobot/LoCoBotRos/interbotix_ws/install/moveit_task_constructor_msgs/include/moveit_task_constructor_msgs/moveit_task_constructor_msgs/msg/detail/solution_info__rosidl_typesupport_fastrtps_cpp.hpp
[1.252s] -- Up-to-date: /home/locobot/LoCoBotRos/interbotix_ws/install/moveit_task_constructor_msgs/include/moveit_task_constructor_msgs/moveit_task_constructor_msgs/msg/detail/stage_statistics__rosidl_typesupport_fastrtps_cpp.hpp
[1.253s] -- Up-to-date: /home/locobot/LoCoBotRos/interbotix_ws/install/moveit_task_constructor_msgs/include/moveit_task_constructor_msgs/moveit_task_constructor_msgs/msg/detail/sub_solution__rosidl_typesupport_fastrtps_cpp.hpp
[1.253s] -- Up-to-date: /home/locobot/LoCoBotRos/interbotix_ws/install/moveit_task_constructor_msgs/include/moveit_task_constructor_msgs/moveit_task_constructor_msgs/msg/detail/stage_description__rosidl_typesupport_fastrtps_cpp.hpp
[1.253s] -- Up-to-date: /home/locobot/LoCoBotRos/interbotix_ws/install/moveit_task_constructor_msgs/include/moveit_task_constructor_msgs/moveit_task_constructor_msgs/msg/rosidl_typesupport_fastrtps_cpp__visibility_control.h
[1.253s] -- Up-to-date: /home/locobot/LoCoBotRos/interbotix_ws/install/moveit_task_constructor_msgs/include/moveit_task_constructor_msgs/moveit_task_constructor_msgs/action
[1.253s] -- Up-to-date: /home/locobot/LoCoBotRos/interbotix_ws/install/moveit_task_constructor_msgs/include/moveit_task_constructor_msgs/moveit_task_constructor_msgs/action/detail
[1.253s] -- Up-to-date: /home/locobot/LoCoBotRos/interbotix_ws/install/moveit_task_constructor_msgs/include/moveit_task_constructor_msgs/moveit_task_constructor_msgs/action/detail/execute_task_solution__rosidl_typesupport_fastrtps_cpp.hpp
[1.253s] -- Up-to-date: /home/locobot/LoCoBotRos/interbotix_ws/install/moveit_task_constructor_msgs/include/moveit_task_constructor_msgs/moveit_task_constructor_msgs/action/detail/dds_fastrtps
[1.253s] -- Up-to-date: /home/locobot/LoCoBotRos/interbotix_ws/install/moveit_task_constructor_msgs/include/moveit_task_constructor_msgs/moveit_task_constructor_msgs/srv
[1.253s] -- Up-to-date: /home/locobot/LoCoBotRos/interbotix_ws/install/moveit_task_constructor_msgs/include/moveit_task_constructor_msgs/moveit_task_constructor_msgs/srv/detail
[1.253s] -- Up-to-date: /home/locobot/LoCoBotRos/interbotix_ws/install/moveit_task_constructor_msgs/include/moveit_task_constructor_msgs/moveit_task_constructor_msgs/srv/detail/get_solution__rosidl_typesupport_fastrtps_cpp.hpp
[1.253s] -- Up-to-date: /home/locobot/LoCoBotRos/interbotix_ws/install/moveit_task_constructor_msgs/include/moveit_task_constructor_msgs/moveit_task_constructor_msgs/srv/detail/dds_fastrtps
[1.253s] -- Installing: /home/locobot/LoCoBotRos/interbotix_ws/install/moveit_task_constructor_msgs/lib/libmoveit_task_constructor_msgs__rosidl_typesupport_fastrtps_cpp.so
[1.254s] -- Set runtime path of "/home/locobot/LoCoBotRos/interbotix_ws/install/moveit_task_constructor_msgs/lib/libmoveit_task_constructor_msgs__rosidl_typesupport_fastrtps_cpp.so" to ""
[1.254s] -- Up-to-date: /home/locobot/LoCoBotRos/interbotix_ws/install/moveit_task_constructor_msgs/include/moveit_task_constructor_msgs/moveit_task_constructor_msgs
[1.254s] -- Up-to-date: /home/locobot/LoCoBotRos/interbotix_ws/install/moveit_task_constructor_msgs/include/moveit_task_constructor_msgs/moveit_task_constructor_msgs/msg
[1.254s] -- Up-to-date: /home/locobot/LoCoBotRos/interbotix_ws/install/moveit_task_constructor_msgs/include/moveit_task_constructor_msgs/moveit_task_constructor_msgs/msg/detail
[1.254s] -- Up-to-date: /home/locobot/LoCoBotRos/interbotix_ws/install/moveit_task_constructor_msgs/include/moveit_task_constructor_msgs/moveit_task_constructor_msgs/msg/detail/sub_solution__type_support.c
[1.254s] -- Up-to-date: /home/locobot/LoCoBotRos/interbotix_ws/install/moveit_task_constructor_msgs/include/moveit_task_constructor_msgs/moveit_task_constructor_msgs/msg/detail/solution_info__type_support.c
[1.254s] -- Up-to-date: /home/locobot/LoCoBotRos/interbotix_ws/install/moveit_task_constructor_msgs/include/moveit_task_constructor_msgs/moveit_task_constructor_msgs/msg/detail/stage_description__rosidl_typesupport_introspection_c.h
[1.254s] -- Up-to-date: /home/locobot/LoCoBotRos/interbotix_ws/install/moveit_task_constructor_msgs/include/moveit_task_constructor_msgs/moveit_task_constructor_msgs/msg/detail/stage_statistics__rosidl_typesupport_introspection_c.h
[1.255s] -- Up-to-date: /home/locobot/LoCoBotRos/interbotix_ws/install/moveit_task_constructor_msgs/include/moveit_task_constructor_msgs/moveit_task_constructor_msgs/msg/detail/solution__type_support.c
[1.255s] -- Up-to-date: /home/locobot/LoCoBotRos/interbotix_ws/install/moveit_task_constructor_msgs/include/moveit_task_constructor_msgs/moveit_task_constructor_msgs/msg/detail/task_description__type_support.c
[1.255s] -- Up-to-date: /home/locobot/LoCoBotRos/interbotix_ws/install/moveit_task_constructor_msgs/include/moveit_task_constructor_msgs/moveit_task_constructor_msgs/msg/detail/trajectory_execution_info__rosidl_typesupport_introspection_c.h
[1.255s] -- Up-to-date: /home/locobot/LoCoBotRos/interbotix_ws/install/moveit_task_constructor_msgs/include/moveit_task_constructor_msgs/moveit_task_constructor_msgs/msg/detail/sub_trajectory__type_support.c
[1.255s] -- Up-to-date: /home/locobot/LoCoBotRos/interbotix_ws/install/moveit_task_constructor_msgs/include/moveit_task_constructor_msgs/moveit_task_constructor_msgs/msg/detail/solution_info__rosidl_typesupport_introspection_c.h
[1.255s] -- Up-to-date: /home/locobot/LoCoBotRos/interbotix_ws/install/moveit_task_constructor_msgs/include/moveit_task_constructor_msgs/moveit_task_constructor_msgs/msg/detail/property__rosidl_typesupport_introspection_c.h
[1.255s] -- Up-to-date: /home/locobot/LoCoBotRos/interbotix_ws/install/moveit_task_constructor_msgs/include/moveit_task_constructor_msgs/moveit_task_constructor_msgs/msg/detail/trajectory_execution_info__type_support.c
[1.255s] -- Up-to-date: /home/locobot/LoCoBotRos/interbotix_ws/install/moveit_task_constructor_msgs/include/moveit_task_constructor_msgs/moveit_task_constructor_msgs/msg/detail/sub_trajectory__rosidl_typesupport_introspection_c.h
[1.255s] -- Up-to-date: /home/locobot/LoCoBotRos/interbotix_ws/install/moveit_task_constructor_msgs/include/moveit_task_constructor_msgs/moveit_task_constructor_msgs/msg/detail/stage_description__type_support.c
[1.255s] -- Up-to-date: /home/locobot/LoCoBotRos/interbotix_ws/install/moveit_task_constructor_msgs/include/moveit_task_constructor_msgs/moveit_task_constructor_msgs/msg/detail/sub_solution__rosidl_typesupport_introspection_c.h
[1.255s] -- Up-to-date: /home/locobot/LoCoBotRos/interbotix_ws/install/moveit_task_constructor_msgs/include/moveit_task_constructor_msgs/moveit_task_constructor_msgs/msg/detail/stage_statistics__type_support.c
[1.255s] -- Up-to-date: /home/locobot/LoCoBotRos/interbotix_ws/install/moveit_task_constructor_msgs/include/moveit_task_constructor_msgs/moveit_task_constructor_msgs/msg/detail/solution__rosidl_typesupport_introspection_c.h
[1.255s] -- Up-to-date: /home/locobot/LoCoBotRos/interbotix_ws/install/moveit_task_constructor_msgs/include/moveit_task_constructor_msgs/moveit_task_constructor_msgs/msg/detail/property__type_support.c
[1.255s] -- Up-to-date: /home/locobot/LoCoBotRos/interbotix_ws/install/moveit_task_constructor_msgs/include/moveit_task_constructor_msgs/moveit_task_constructor_msgs/msg/detail/task_statistics__rosidl_typesupport_introspection_c.h
[1.255s] -- Up-to-date: /home/locobot/LoCoBotRos/interbotix_ws/install/moveit_task_constructor_msgs/include/moveit_task_constructor_msgs/moveit_task_constructor_msgs/msg/detail/task_description__rosidl_typesupport_introspection_c.h
[1.256s] -- Up-to-date: /home/locobot/LoCoBotRos/interbotix_ws/install/moveit_task_constructor_msgs/include/moveit_task_constructor_msgs/moveit_task_constructor_msgs/msg/detail/task_statistics__type_support.c
[1.256s] -- Up-to-date: /home/locobot/LoCoBotRos/interbotix_ws/install/moveit_task_constructor_msgs/include/moveit_task_constructor_msgs/moveit_task_constructor_msgs/msg/rosidl_typesupport_introspection_c__visibility_control.h
[1.256s] -- Up-to-date: /home/locobot/LoCoBotRos/interbotix_ws/install/moveit_task_constructor_msgs/include/moveit_task_constructor_msgs/moveit_task_constructor_msgs/action
[1.256s] -- Up-to-date: /home/locobot/LoCoBotRos/interbotix_ws/install/moveit_task_constructor_msgs/include/moveit_task_constructor_msgs/moveit_task_constructor_msgs/action/detail
[1.256s] -- Up-to-date: /home/locobot/LoCoBotRos/interbotix_ws/install/moveit_task_constructor_msgs/include/moveit_task_constructor_msgs/moveit_task_constructor_msgs/action/detail/execute_task_solution__rosidl_typesupport_introspection_c.h
[1.256s] -- Up-to-date: /home/locobot/LoCoBotRos/interbotix_ws/install/moveit_task_constructor_msgs/include/moveit_task_constructor_msgs/moveit_task_constructor_msgs/action/detail/execute_task_solution__type_support.c
[1.256s] -- Up-to-date: /home/locobot/LoCoBotRos/interbotix_ws/install/moveit_task_constructor_msgs/include/moveit_task_constructor_msgs/moveit_task_constructor_msgs/srv
[1.256s] -- Up-to-date: /home/locobot/LoCoBotRos/interbotix_ws/install/moveit_task_constructor_msgs/include/moveit_task_constructor_msgs/moveit_task_constructor_msgs/srv/detail
[1.256s] -- Up-to-date: /home/locobot/LoCoBotRos/interbotix_ws/install/moveit_task_constructor_msgs/include/moveit_task_constructor_msgs/moveit_task_constructor_msgs/srv/detail/get_solution__type_support.c
[1.256s] -- Up-to-date: /home/locobot/LoCoBotRos/interbotix_ws/install/moveit_task_constructor_msgs/include/moveit_task_constructor_msgs/moveit_task_constructor_msgs/srv/detail/get_solution__rosidl_typesupport_introspection_c.h
[1.256s] -- Installing: /home/locobot/LoCoBotRos/interbotix_ws/install/moveit_task_constructor_msgs/lib/libmoveit_task_constructor_msgs__rosidl_typesupport_introspection_c.so
[1.256s] -- Set runtime path of "/home/locobot/LoCoBotRos/interbotix_ws/install/moveit_task_constructor_msgs/lib/libmoveit_task_constructor_msgs__rosidl_typesupport_introspection_c.so" to ""
[1.257s] -- Installing: /home/locobot/LoCoBotRos/interbotix_ws/install/moveit_task_constructor_msgs/lib/libmoveit_task_constructor_msgs__rosidl_typesupport_c.so
[1.257s] -- Set runtime path of "/home/locobot/LoCoBotRos/interbotix_ws/install/moveit_task_constructor_msgs/lib/libmoveit_task_constructor_msgs__rosidl_typesupport_c.so" to ""
[1.257s] -- Up-to-date: /home/locobot/LoCoBotRos/interbotix_ws/install/moveit_task_constructor_msgs/include/moveit_task_constructor_msgs/moveit_task_constructor_msgs
[1.257s] -- Up-to-date: /home/locobot/LoCoBotRos/interbotix_ws/install/moveit_task_constructor_msgs/include/moveit_task_constructor_msgs/moveit_task_constructor_msgs/msg
[1.257s] -- Up-to-date: /home/locobot/LoCoBotRos/interbotix_ws/install/moveit_task_constructor_msgs/include/moveit_task_constructor_msgs/moveit_task_constructor_msgs/msg/detail
[1.257s] -- Up-to-date: /home/locobot/LoCoBotRos/interbotix_ws/install/moveit_task_constructor_msgs/include/moveit_task_constructor_msgs/moveit_task_constructor_msgs/msg/detail/property__rosidl_typesupport_introspection_cpp.hpp
[1.258s] -- Up-to-date: /home/locobot/LoCoBotRos/interbotix_ws/install/moveit_task_constructor_msgs/include/moveit_task_constructor_msgs/moveit_task_constructor_msgs/msg/detail/stage_description__type_support.cpp
[1.258s] -- Up-to-date: /home/locobot/LoCoBotRos/interbotix_ws/install/moveit_task_constructor_msgs/include/moveit_task_constructor_msgs/moveit_task_constructor_msgs/msg/detail/sub_solution__type_support.cpp
[1.258s] -- Up-to-date: /home/locobot/LoCoBotRos/interbotix_ws/install/moveit_task_constructor_msgs/include/moveit_task_constructor_msgs/moveit_task_constructor_msgs/msg/detail/task_description__rosidl_typesupport_introspection_cpp.hpp
[1.258s] -- Up-to-date: /home/locobot/LoCoBotRos/interbotix_ws/install/moveit_task_constructor_msgs/include/moveit_task_constructor_msgs/moveit_task_constructor_msgs/msg/detail/task_description__type_support.cpp
[1.258s] -- Up-to-date: /home/locobot/LoCoBotRos/interbotix_ws/install/moveit_task_constructor_msgs/include/moveit_task_constructor_msgs/moveit_task_constructor_msgs/msg/detail/stage_description__rosidl_typesupport_introspection_cpp.hpp
[1.258s] -- Up-to-date: /home/locobot/LoCoBotRos/interbotix_ws/install/moveit_task_constructor_msgs/include/moveit_task_constructor_msgs/moveit_task_constructor_msgs/msg/detail/property__type_support.cpp
[1.258s] -- Up-to-date: /home/locobot/LoCoBotRos/interbotix_ws/install/moveit_task_constructor_msgs/include/moveit_task_constructor_msgs/moveit_task_constructor_msgs/msg/detail/task_statistics__type_support.cpp
[1.258s] -- Up-to-date: /home/locobot/LoCoBotRos/interbotix_ws/install/moveit_task_constructor_msgs/include/moveit_task_constructor_msgs/moveit_task_constructor_msgs/msg/detail/task_statistics__rosidl_typesupport_introspection_cpp.hpp
[1.258s] -- Up-to-date: /home/locobot/LoCoBotRos/interbotix_ws/install/moveit_task_constructor_msgs/include/moveit_task_constructor_msgs/moveit_task_constructor_msgs/msg/detail/trajectory_execution_info__type_support.cpp
[1.258s] -- Up-to-date: /home/locobot/LoCoBotRos/interbotix_ws/install/moveit_task_constructor_msgs/include/moveit_task_constructor_msgs/moveit_task_constructor_msgs/msg/detail/stage_statistics__rosidl_typesupport_introspection_cpp.hpp
[1.258s] -- Up-to-date: /home/locobot/LoCoBotRos/interbotix_ws/install/moveit_task_constructor_msgs/include/moveit_task_constructor_msgs/moveit_task_constructor_msgs/msg/detail/stage_statistics__type_support.cpp
[1.259s] -- Up-to-date: /home/locobot/LoCoBotRos/interbotix_ws/install/moveit_task_constructor_msgs/include/moveit_task_constructor_msgs/moveit_task_constructor_msgs/msg/detail/sub_trajectory__type_support.cpp
[1.259s] -- Up-to-date: /home/locobot/LoCoBotRos/interbotix_ws/install/moveit_task_constructor_msgs/include/moveit_task_constructor_msgs/moveit_task_constructor_msgs/msg/detail/solution_info__rosidl_typesupport_introspection_cpp.hpp
[1.259s] -- Up-to-date: /home/locobot/LoCoBotRos/interbotix_ws/install/moveit_task_constructor_msgs/include/moveit_task_constructor_msgs/moveit_task_constructor_msgs/msg/detail/solution__rosidl_typesupport_introspection_cpp.hpp
[1.259s] -- Up-to-date: /home/locobot/LoCoBotRos/interbotix_ws/install/moveit_task_constructor_msgs/include/moveit_task_constructor_msgs/moveit_task_constructor_msgs/msg/detail/trajectory_execution_info__rosidl_typesupport_introspection_cpp.hpp
[1.259s] -- Up-to-date: /home/locobot/LoCoBotRos/interbotix_ws/install/moveit_task_constructor_msgs/include/moveit_task_constructor_msgs/moveit_task_constructor_msgs/msg/detail/solution_info__type_support.cpp
[1.259s] -- Up-to-date: /home/locobot/LoCoBotRos/interbotix_ws/install/moveit_task_constructor_msgs/include/moveit_task_constructor_msgs/moveit_task_constructor_msgs/msg/detail/sub_solution__rosidl_typesupport_introspection_cpp.hpp
[1.259s] -- Up-to-date: /home/locobot/LoCoBotRos/interbotix_ws/install/moveit_task_constructor_msgs/include/moveit_task_constructor_msgs/moveit_task_constructor_msgs/msg/detail/solution__type_support.cpp
[1.259s] -- Up-to-date: /home/locobot/LoCoBotRos/interbotix_ws/install/moveit_task_constructor_msgs/include/moveit_task_constructor_msgs/moveit_task_constructor_msgs/msg/detail/sub_trajectory__rosidl_typesupport_introspection_cpp.hpp
[1.259s] -- Up-to-date: /home/locobot/LoCoBotRos/interbotix_ws/install/moveit_task_constructor_msgs/include/moveit_task_constructor_msgs/moveit_task_constructor_msgs/action
[1.259s] -- Up-to-date: /home/locobot/LoCoBotRos/interbotix_ws/install/moveit_task_constructor_msgs/include/moveit_task_constructor_msgs/moveit_task_constructor_msgs/action/detail
[1.259s] -- Up-to-date: /home/locobot/LoCoBotRos/interbotix_ws/install/moveit_task_constructor_msgs/include/moveit_task_constructor_msgs/moveit_task_constructor_msgs/action/detail/execute_task_solution__type_support.cpp
[1.259s] -- Up-to-date: /home/locobot/LoCoBotRos/interbotix_ws/install/moveit_task_constructor_msgs/include/moveit_task_constructor_msgs/moveit_task_constructor_msgs/action/detail/execute_task_solution__rosidl_typesupport_introspection_cpp.hpp
[1.259s] -- Up-to-date: /home/locobot/LoCoBotRos/interbotix_ws/install/moveit_task_constructor_msgs/include/moveit_task_constructor_msgs/moveit_task_constructor_msgs/srv
[1.259s] -- Up-to-date: /home/locobot/LoCoBotRos/interbotix_ws/install/moveit_task_constructor_msgs/include/moveit_task_constructor_msgs/moveit_task_constructor_msgs/srv/detail
[1.259s] -- Up-to-date: /home/locobot/LoCoBotRos/interbotix_ws/install/moveit_task_constructor_msgs/include/moveit_task_constructor_msgs/moveit_task_constructor_msgs/srv/detail/get_solution__rosidl_typesupport_introspection_cpp.hpp
[1.259s] -- Up-to-date: /home/locobot/LoCoBotRos/interbotix_ws/install/moveit_task_constructor_msgs/include/moveit_task_constructor_msgs/moveit_task_constructor_msgs/srv/detail/get_solution__type_support.cpp
[1.259s] -- Installing: /home/locobot/LoCoBotRos/interbotix_ws/install/moveit_task_constructor_msgs/lib/libmoveit_task_constructor_msgs__rosidl_typesupport_introspection_cpp.so
[1.260s] -- Set runtime path of "/home/locobot/LoCoBotRos/interbotix_ws/install/moveit_task_constructor_msgs/lib/libmoveit_task_constructor_msgs__rosidl_typesupport_introspection_cpp.so" to ""
[1.261s] -- Installing: /home/locobot/LoCoBotRos/interbotix_ws/install/moveit_task_constructor_msgs/lib/libmoveit_task_constructor_msgs__rosidl_typesupport_cpp.so
[1.262s] -- Set runtime path of "/home/locobot/LoCoBotRos/interbotix_ws/install/moveit_task_constructor_msgs/lib/libmoveit_task_constructor_msgs__rosidl_typesupport_cpp.so" to ""
[1.262s] -- Up-to-date: /home/locobot/LoCoBotRos/interbotix_ws/install/moveit_task_constructor_msgs/share/moveit_task_constructor_msgs/environment/pythonpath.sh
[1.262s] -- Installing: /home/locobot/LoCoBotRos/interbotix_ws/install/moveit_task_constructor_msgs/share/moveit_task_constructor_msgs/environment/pythonpath.dsv
[1.262s] -- Up-to-date: /home/locobot/LoCoBotRos/interbotix_ws/install/moveit_task_constructor_msgs/local/lib/python3.10/dist-packages/moveit_task_constructor_msgs-0.1.3-py3.10.egg-info
[1.262s] -- Installing: /home/locobot/LoCoBotRos/interbotix_ws/install/moveit_task_constructor_msgs/local/lib/python3.10/dist-packages/moveit_task_constructor_msgs-0.1.3-py3.10.egg-info/dependency_links.txt
[1.263s] -- Installing: /home/locobot/LoCoBotRos/interbotix_ws/install/moveit_task_constructor_msgs/local/lib/python3.10/dist-packages/moveit_task_constructor_msgs-0.1.3-py3.10.egg-info/PKG-INFO
[1.263s] -- Installing: /home/locobot/LoCoBotRos/interbotix_ws/install/moveit_task_constructor_msgs/local/lib/python3.10/dist-packages/moveit_task_constructor_msgs-0.1.3-py3.10.egg-info/SOURCES.txt
[1.263s] -- Installing: /home/locobot/LoCoBotRos/interbotix_ws/install/moveit_task_constructor_msgs/local/lib/python3.10/dist-packages/moveit_task_constructor_msgs-0.1.3-py3.10.egg-info/top_level.txt
[1.263s] -- Up-to-date: /home/locobot/LoCoBotRos/interbotix_ws/install/moveit_task_constructor_msgs/local/lib/python3.10/dist-packages/moveit_task_constructor_msgs
[1.263s] -- Installing: /home/locobot/LoCoBotRos/interbotix_ws/install/moveit_task_constructor_msgs/local/lib/python3.10/dist-packages/moveit_task_constructor_msgs/libmoveit_task_constructor_msgs__rosidl_generator_py.so
[1.263s] -- Installing: /home/locobot/LoCoBotRos/interbotix_ws/install/moveit_task_constructor_msgs/local/lib/python3.10/dist-packages/moveit_task_constructor_msgs/moveit_task_constructor_msgs_s__rosidl_typesupport_c.cpython-310-x86_64-linux-gnu.so
[1.263s] -- Up-to-date: /home/locobot/LoCoBotRos/interbotix_ws/install/moveit_task_constructor_msgs/local/lib/python3.10/dist-packages/moveit_task_constructor_msgs/_moveit_task_constructor_msgs_s.ep.rosidl_typesupport_introspection_c.c
[1.263s] -- Up-to-date: /home/locobot/LoCoBotRos/interbotix_ws/install/moveit_task_constructor_msgs/local/lib/python3.10/dist-packages/moveit_task_constructor_msgs/msg
[1.264s] -- Up-to-date: /home/locobot/LoCoBotRos/interbotix_ws/install/moveit_task_constructor_msgs/local/lib/python3.10/dist-packages/moveit_task_constructor_msgs/msg/_sub_trajectory.py
[1.264s] -- Up-to-date: /home/locobot/LoCoBotRos/interbotix_ws/install/moveit_task_constructor_msgs/local/lib/python3.10/dist-packages/moveit_task_constructor_msgs/msg/_trajectory_execution_info_s.c
[1.264s] -- Up-to-date: /home/locobot/LoCoBotRos/interbotix_ws/install/moveit_task_constructor_msgs/local/lib/python3.10/dist-packages/moveit_task_constructor_msgs/msg/_stage_statistics.py
[1.264s] -- Up-to-date: /home/locobot/LoCoBotRos/interbotix_ws/install/moveit_task_constructor_msgs/local/lib/python3.10/dist-packages/moveit_task_constructor_msgs/msg/_solution_info_s.c
[1.264s] -- Up-to-date: /home/locobot/LoCoBotRos/interbotix_ws/install/moveit_task_constructor_msgs/local/lib/python3.10/dist-packages/moveit_task_constructor_msgs/msg/_stage_statistics_s.c
[1.264s] -- Up-to-date: /home/locobot/LoCoBotRos/interbotix_ws/install/moveit_task_constructor_msgs/local/lib/python3.10/dist-packages/moveit_task_constructor_msgs/msg/_sub_solution.py
[1.264s] -- Up-to-date: /home/locobot/LoCoBotRos/interbotix_ws/install/moveit_task_constructor_msgs/local/lib/python3.10/dist-packages/moveit_task_constructor_msgs/msg/_trajectory_execution_info.py
[1.264s] -- Up-to-date: /home/locobot/LoCoBotRos/interbotix_ws/install/moveit_task_constructor_msgs/local/lib/python3.10/dist-packages/moveit_task_constructor_msgs/msg/_stage_description.py
[1.264s] -- Up-to-date: /home/locobot/LoCoBotRos/interbotix_ws/install/moveit_task_constructor_msgs/local/lib/python3.10/dist-packages/moveit_task_constructor_msgs/msg/__init__.py
[1.264s] -- Up-to-date: /home/locobot/LoCoBotRos/interbotix_ws/install/moveit_task_constructor_msgs/local/lib/python3.10/dist-packages/moveit_task_constructor_msgs/msg/_property.py
[1.264s] -- Up-to-date: /home/locobot/LoCoBotRos/interbotix_ws/install/moveit_task_constructor_msgs/local/lib/python3.10/dist-packages/moveit_task_constructor_msgs/msg/_sub_trajectory_s.c
[1.265s] -- Up-to-date: /home/locobot/LoCoBotRos/interbotix_ws/install/moveit_task_constructor_msgs/local/lib/python3.10/dist-packages/moveit_task_constructor_msgs/msg/_task_description.py
[1.265s] -- Up-to-date: /home/locobot/LoCoBotRos/interbotix_ws/install/moveit_task_constructor_msgs/local/lib/python3.10/dist-packages/moveit_task_constructor_msgs/msg/_task_statistics.py
[1.265s] -- Up-to-date: /home/locobot/LoCoBotRos/interbotix_ws/install/moveit_task_constructor_msgs/local/lib/python3.10/dist-packages/moveit_task_constructor_msgs/msg/_task_statistics_s.c
[1.265s] -- Up-to-date: /home/locobot/LoCoBotRos/interbotix_ws/install/moveit_task_constructor_msgs/local/lib/python3.10/dist-packages/moveit_task_constructor_msgs/msg/_task_description_s.c
[1.265s] -- Up-to-date: /home/locobot/LoCoBotRos/interbotix_ws/install/moveit_task_constructor_msgs/local/lib/python3.10/dist-packages/moveit_task_constructor_msgs/msg/_solution.py
[1.265s] -- Up-to-date: /home/locobot/LoCoBotRos/interbotix_ws/install/moveit_task_constructor_msgs/local/lib/python3.10/dist-packages/moveit_task_constructor_msgs/msg/_stage_description_s.c
[1.265s] -- Up-to-date: /home/locobot/LoCoBotRos/interbotix_ws/install/moveit_task_constructor_msgs/local/lib/python3.10/dist-packages/moveit_task_constructor_msgs/msg/_solution_info.py
[1.265s] -- Up-to-date: /home/locobot/LoCoBotRos/interbotix_ws/install/moveit_task_constructor_msgs/local/lib/python3.10/dist-packages/moveit_task_constructor_msgs/msg/_sub_solution_s.c
[1.265s] -- Up-to-date: /home/locobot/LoCoBotRos/interbotix_ws/install/moveit_task_constructor_msgs/local/lib/python3.10/dist-packages/moveit_task_constructor_msgs/msg/_solution_s.c
[1.265s] -- Up-to-date: /home/locobot/LoCoBotRos/interbotix_ws/install/moveit_task_constructor_msgs/local/lib/python3.10/dist-packages/moveit_task_constructor_msgs/msg/_property_s.c
[1.265s] -- Up-to-date: /home/locobot/LoCoBotRos/interbotix_ws/install/moveit_task_constructor_msgs/local/lib/python3.10/dist-packages/moveit_task_constructor_msgs/action
[1.265s] -- Up-to-date: /home/locobot/LoCoBotRos/interbotix_ws/install/moveit_task_constructor_msgs/local/lib/python3.10/dist-packages/moveit_task_constructor_msgs/action/_execute_task_solution_s.c
[1.265s] -- Up-to-date: /home/locobot/LoCoBotRos/interbotix_ws/install/moveit_task_constructor_msgs/local/lib/python3.10/dist-packages/moveit_task_constructor_msgs/action/__init__.py
[1.265s] -- Up-to-date: /home/locobot/LoCoBotRos/interbotix_ws/install/moveit_task_constructor_msgs/local/lib/python3.10/dist-packages/moveit_task_constructor_msgs/action/_execute_task_solution.py
[1.265s] -- Up-to-date: /home/locobot/LoCoBotRos/interbotix_ws/install/moveit_task_constructor_msgs/local/lib/python3.10/dist-packages/moveit_task_constructor_msgs/_moveit_task_constructor_msgs_s.ep.rosidl_typesupport_c.c
[1.265s] -- Installing: /home/locobot/LoCoBotRos/interbotix_ws/install/moveit_task_constructor_msgs/local/lib/python3.10/dist-packages/moveit_task_constructor_msgs/__init__.py
[1.265s] -- Up-to-date: /home/locobot/LoCoBotRos/interbotix_ws/install/moveit_task_constructor_msgs/local/lib/python3.10/dist-packages/moveit_task_constructor_msgs/_moveit_task_constructor_msgs_s.ep.rosidl_typesupport_fastrtps_c.c
[1.265s] -- Installing: /home/locobot/LoCoBotRos/interbotix_ws/install/moveit_task_constructor_msgs/local/lib/python3.10/dist-packages/moveit_task_constructor_msgs/moveit_task_constructor_msgs_s__rosidl_typesupport_fastrtps_c.cpython-310-x86_64-linux-gnu.so
[1.265s] -- Up-to-date: /home/locobot/LoCoBotRos/interbotix_ws/install/moveit_task_constructor_msgs/local/lib/python3.10/dist-packages/moveit_task_constructor_msgs/srv
[1.265s] -- Up-to-date: /home/locobot/LoCoBotRos/interbotix_ws/install/moveit_task_constructor_msgs/local/lib/python3.10/dist-packages/moveit_task_constructor_msgs/srv/_get_solution.py
[1.265s] -- Up-to-date: /home/locobot/LoCoBotRos/interbotix_ws/install/moveit_task_constructor_msgs/local/lib/python3.10/dist-packages/moveit_task_constructor_msgs/srv/__init__.py
[1.266s] -- Up-to-date: /home/locobot/LoCoBotRos/interbotix_ws/install/moveit_task_constructor_msgs/local/lib/python3.10/dist-packages/moveit_task_constructor_msgs/srv/_get_solution_s.c
[1.266s] -- Installing: /home/locobot/LoCoBotRos/interbotix_ws/install/moveit_task_constructor_msgs/local/lib/python3.10/dist-packages/moveit_task_constructor_msgs/moveit_task_constructor_msgs_s__rosidl_typesupport_introspection_c.cpython-310-x86_64-linux-gnu.so
[1.301s] Listing '/home/locobot/LoCoBotRos/interbotix_ws/install/moveit_task_constructor_msgs/local/lib/python3.10/dist-packages/moveit_task_constructor_msgs'...
[1.302s] Compiling '/home/locobot/LoCoBotRos/interbotix_ws/install/moveit_task_constructor_msgs/local/lib/python3.10/dist-packages/moveit_task_constructor_msgs/__init__.py'...
[1.302s] Listing '/home/locobot/LoCoBotRos/interbotix_ws/install/moveit_task_constructor_msgs/local/lib/python3.10/dist-packages/moveit_task_constructor_msgs/action'...
[1.302s] Listing '/home/locobot/LoCoBotRos/interbotix_ws/install/moveit_task_constructor_msgs/local/lib/python3.10/dist-packages/moveit_task_constructor_msgs/msg'...
[1.302s] Listing '/home/locobot/LoCoBotRos/interbotix_ws/install/moveit_task_constructor_msgs/local/lib/python3.10/dist-packages/moveit_task_constructor_msgs/srv'...
[1.306s] -- Installing: /home/locobot/LoCoBotRos/interbotix_ws/install/moveit_task_constructor_msgs/local/lib/python3.10/dist-packages/moveit_task_constructor_msgs/moveit_task_constructor_msgs_s__rosidl_typesupport_fastrtps_c.cpython-310-x86_64-linux-gnu.so
[1.307s] -- Set runtime path of "/home/locobot/LoCoBotRos/interbotix_ws/install/moveit_task_constructor_msgs/local/lib/python3.10/dist-packages/moveit_task_constructor_msgs/moveit_task_constructor_msgs_s__rosidl_typesupport_fastrtps_c.cpython-310-x86_64-linux-gnu.so" to ""
[1.307s] -- Installing: /home/locobot/LoCoBotRos/interbotix_ws/install/moveit_task_constructor_msgs/local/lib/python3.10/dist-packages/moveit_task_constructor_msgs/moveit_task_constructor_msgs_s__rosidl_typesupport_introspection_c.cpython-310-x86_64-linux-gnu.so
[1.307s] -- Set runtime path of "/home/locobot/LoCoBotRos/interbotix_ws/install/moveit_task_constructor_msgs/local/lib/python3.10/dist-packages/moveit_task_constructor_msgs/moveit_task_constructor_msgs_s__rosidl_typesupport_introspection_c.cpython-310-x86_64-linux-gnu.so" to ""
[1.307s] -- Installing: /home/locobot/LoCoBotRos/interbotix_ws/install/moveit_task_constructor_msgs/local/lib/python3.10/dist-packages/moveit_task_constructor_msgs/moveit_task_constructor_msgs_s__rosidl_typesupport_c.cpython-310-x86_64-linux-gnu.so
[1.308s] -- Set runtime path of "/home/locobot/LoCoBotRos/interbotix_ws/install/moveit_task_constructor_msgs/local/lib/python3.10/dist-packages/moveit_task_constructor_msgs/moveit_task_constructor_msgs_s__rosidl_typesupport_c.cpython-310-x86_64-linux-gnu.so" to ""
[1.308s] -- Installing: /home/locobot/LoCoBotRos/interbotix_ws/install/moveit_task_constructor_msgs/lib/libmoveit_task_constructor_msgs__rosidl_generator_py.so
[1.309s] -- Set runtime path of "/home/locobot/LoCoBotRos/interbotix_ws/install/moveit_task_constructor_msgs/lib/libmoveit_task_constructor_msgs__rosidl_generator_py.so" to ""
[1.309s] -- Up-to-date: /home/locobot/LoCoBotRos/interbotix_ws/install/moveit_task_constructor_msgs/share/moveit_task_constructor_msgs/msg/Property.idl
[1.309s] -- Up-to-date: /home/locobot/LoCoBotRos/interbotix_ws/install/moveit_task_constructor_msgs/share/moveit_task_constructor_msgs/msg/Solution.idl
[1.309s] -- Up-to-date: /home/locobot/LoCoBotRos/interbotix_ws/install/moveit_task_constructor_msgs/share/moveit_task_constructor_msgs/msg/SolutionInfo.idl
[1.310s] -- Up-to-date: /home/locobot/LoCoBotRos/interbotix_ws/install/moveit_task_constructor_msgs/share/moveit_task_constructor_msgs/msg/StageDescription.idl
[1.310s] -- Up-to-date: /home/locobot/LoCoBotRos/interbotix_ws/install/moveit_task_constructor_msgs/share/moveit_task_constructor_msgs/msg/StageStatistics.idl
[1.310s] -- Up-to-date: /home/locobot/LoCoBotRos/interbotix_ws/install/moveit_task_constructor_msgs/share/moveit_task_constructor_msgs/msg/SubSolution.idl
[1.310s] -- Up-to-date: /home/locobot/LoCoBotRos/interbotix_ws/install/moveit_task_constructor_msgs/share/moveit_task_constructor_msgs/msg/SubTrajectory.idl
[1.310s] -- Up-to-date: /home/locobot/LoCoBotRos/interbotix_ws/install/moveit_task_constructor_msgs/share/moveit_task_constructor_msgs/msg/TaskDescription.idl
[1.310s] -- Up-to-date: /home/locobot/LoCoBotRos/interbotix_ws/install/moveit_task_constructor_msgs/share/moveit_task_constructor_msgs/msg/TaskStatistics.idl
[1.311s] -- Up-to-date: /home/locobot/LoCoBotRos/interbotix_ws/install/moveit_task_constructor_msgs/share/moveit_task_constructor_msgs/msg/TrajectoryExecutionInfo.idl
[1.311s] -- Up-to-date: /home/locobot/LoCoBotRos/interbotix_ws/install/moveit_task_constructor_msgs/share/moveit_task_constructor_msgs/srv/GetSolution.idl
[1.311s] -- Up-to-date: /home/locobot/LoCoBotRos/interbotix_ws/install/moveit_task_constructor_msgs/share/moveit_task_constructor_msgs/action/ExecuteTaskSolution.idl
[1.311s] -- Up-to-date: /home/locobot/LoCoBotRos/interbotix_ws/install/moveit_task_constructor_msgs/share/moveit_task_constructor_msgs/msg/Property.msg
[1.311s] -- Up-to-date: /home/locobot/LoCoBotRos/interbotix_ws/install/moveit_task_constructor_msgs/share/moveit_task_constructor_msgs/msg/Solution.msg
[1.312s] -- Up-to-date: /home/locobot/LoCoBotRos/interbotix_ws/install/moveit_task_constructor_msgs/share/moveit_task_constructor_msgs/msg/SolutionInfo.msg
[1.312s] -- Up-to-date: /home/locobot/LoCoBotRos/interbotix_ws/install/moveit_task_constructor_msgs/share/moveit_task_constructor_msgs/msg/StageDescription.msg
[1.312s] -- Up-to-date: /home/locobot/LoCoBotRos/interbotix_ws/install/moveit_task_constructor_msgs/share/moveit_task_constructor_msgs/msg/StageStatistics.msg
[1.312s] -- Up-to-date: /home/locobot/LoCoBotRos/interbotix_ws/install/moveit_task_constructor_msgs/share/moveit_task_constructor_msgs/msg/SubSolution.msg
[1.312s] -- Up-to-date: /home/locobot/LoCoBotRos/interbotix_ws/install/moveit_task_constructor_msgs/share/moveit_task_constructor_msgs/msg/SubTrajectory.msg
[1.312s] -- Up-to-date: /home/locobot/LoCoBotRos/interbotix_ws/install/moveit_task_constructor_msgs/share/moveit_task_constructor_msgs/msg/TaskDescription.msg
[1.313s] -- Up-to-date: /home/locobot/LoCoBotRos/interbotix_ws/install/moveit_task_constructor_msgs/share/moveit_task_constructor_msgs/msg/TaskStatistics.msg
[1.313s] -- Up-to-date: /home/locobot/LoCoBotRos/interbotix_ws/install/moveit_task_constructor_msgs/share/moveit_task_constructor_msgs/msg/TrajectoryExecutionInfo.msg
[1.313s] -- Up-to-date: /home/locobot/LoCoBotRos/interbotix_ws/install/moveit_task_constructor_msgs/share/moveit_task_constructor_msgs/srv/GetSolution.srv
[1.313s] -- Up-to-date: /home/locobot/LoCoBotRos/interbotix_ws/install/moveit_task_constructor_msgs/share/moveit_task_constructor_msgs/srv/GetSolution_Request.msg
[1.313s] -- Up-to-date: /home/locobot/LoCoBotRos/interbotix_ws/install/moveit_task_constructor_msgs/share/moveit_task_constructor_msgs/srv/GetSolution_Response.msg
[1.314s] -- Up-to-date: /home/locobot/LoCoBotRos/interbotix_ws/install/moveit_task_constructor_msgs/share/moveit_task_constructor_msgs/action/ExecuteTaskSolution.action
[1.314s] -- Up-to-date: /home/locobot/LoCoBotRos/interbotix_ws/install/moveit_task_constructor_msgs/share/ament_index/resource_index/package_run_dependencies/moveit_task_constructor_msgs
[1.314s] -- Installing: /home/locobot/LoCoBotRos/interbotix_ws/install/moveit_task_constructor_msgs/share/ament_index/resource_index/parent_prefix_path/moveit_task_constructor_msgs
[1.314s] -- Up-to-date: /home/locobot/LoCoBotRos/interbotix_ws/install/moveit_task_constructor_msgs/share/moveit_task_constructor_msgs/environment/ament_prefix_path.sh
[1.314s] -- Installing: /home/locobot/LoCoBotRos/interbotix_ws/install/moveit_task_constructor_msgs/share/moveit_task_constructor_msgs/environment/ament_prefix_path.dsv
[1.314s] -- Up-to-date: /home/locobot/LoCoBotRos/interbotix_ws/install/moveit_task_constructor_msgs/share/moveit_task_constructor_msgs/environment/path.sh
[1.315s] -- Installing: /home/locobot/LoCoBotRos/interbotix_ws/install/moveit_task_constructor_msgs/share/moveit_task_constructor_msgs/environment/path.dsv
[1.315s] -- Up-to-date: /home/locobot/LoCoBotRos/interbotix_ws/install/moveit_task_constructor_msgs/share/moveit_task_constructor_msgs/local_setup.bash
[1.315s] -- Up-to-date: /home/locobot/LoCoBotRos/interbotix_ws/install/moveit_task_constructor_msgs/share/moveit_task_constructor_msgs/local_setup.sh
[1.315s] -- Up-to-date: /home/locobot/LoCoBotRos/interbotix_ws/install/moveit_task_constructor_msgs/share/moveit_task_constructor_msgs/local_setup.zsh
[1.315s] -- Installing: /home/locobot/LoCoBotRos/interbotix_ws/install/moveit_task_constructor_msgs/share/moveit_task_constructor_msgs/local_setup.dsv
[1.315s] -- Installing: /home/locobot/LoCoBotRos/interbotix_ws/install/moveit_task_constructor_msgs/share/moveit_task_constructor_msgs/package.dsv
[1.316s] -- Up-to-date: /home/locobot/LoCoBotRos/interbotix_ws/install/moveit_task_constructor_msgs/share/ament_index/resource_index/packages/moveit_task_constructor_msgs
[1.316s] -- Up-to-date: /home/locobot/LoCoBotRos/interbotix_ws/install/moveit_task_constructor_msgs/share/moveit_task_constructor_msgs/cmake/export_moveit_task_constructor_msgs__rosidl_generator_cExport.cmake
[1.316s] -- Installing: /home/locobot/LoCoBotRos/interbotix_ws/install/moveit_task_constructor_msgs/share/moveit_task_constructor_msgs/cmake/export_moveit_task_constructor_msgs__rosidl_generator_cExport-release.cmake
[1.316s] -- Up-to-date: /home/locobot/LoCoBotRos/interbotix_ws/install/moveit_task_constructor_msgs/share/moveit_task_constructor_msgs/cmake/export_moveit_task_constructor_msgs__rosidl_typesupport_fastrtps_cExport.cmake
[1.316s] -- Installing: /home/locobot/LoCoBotRos/interbotix_ws/install/moveit_task_constructor_msgs/share/moveit_task_constructor_msgs/cmake/export_moveit_task_constructor_msgs__rosidl_typesupport_fastrtps_cExport-release.cmake
[1.317s] -- Up-to-date: /home/locobot/LoCoBotRos/interbotix_ws/install/moveit_task_constructor_msgs/share/moveit_task_constructor_msgs/cmake/export_moveit_task_constructor_msgs__rosidl_generator_cppExport.cmake
[1.317s] -- Up-to-date: /home/locobot/LoCoBotRos/interbotix_ws/install/moveit_task_constructor_msgs/share/moveit_task_constructor_msgs/cmake/export_moveit_task_constructor_msgs__rosidl_typesupport_fastrtps_cppExport.cmake
[1.317s] -- Installing: /home/locobot/LoCoBotRos/interbotix_ws/install/moveit_task_constructor_msgs/share/moveit_task_constructor_msgs/cmake/export_moveit_task_constructor_msgs__rosidl_typesupport_fastrtps_cppExport-release.cmake
[1.318s] -- Up-to-date: /home/locobot/LoCoBotRos/interbotix_ws/install/moveit_task_constructor_msgs/share/moveit_task_constructor_msgs/cmake/moveit_task_constructor_msgs__rosidl_typesupport_introspection_cExport.cmake
[1.318s] -- Installing: /home/locobot/LoCoBotRos/interbotix_ws/install/moveit_task_constructor_msgs/share/moveit_task_constructor_msgs/cmake/moveit_task_constructor_msgs__rosidl_typesupport_introspection_cExport-release.cmake
[1.319s] -- Up-to-date: /home/locobot/LoCoBotRos/interbotix_ws/install/moveit_task_constructor_msgs/share/moveit_task_constructor_msgs/cmake/moveit_task_constructor_msgs__rosidl_typesupport_cExport.cmake
[1.319s] -- Installing: /home/locobot/LoCoBotRos/interbotix_ws/install/moveit_task_constructor_msgs/share/moveit_task_constructor_msgs/cmake/moveit_task_constructor_msgs__rosidl_typesupport_cExport-release.cmake
[1.319s] -- Up-to-date: /home/locobot/LoCoBotRos/interbotix_ws/install/moveit_task_constructor_msgs/share/moveit_task_constructor_msgs/cmake/moveit_task_constructor_msgs__rosidl_typesupport_introspection_cppExport.cmake
[1.320s] -- Installing: /home/locobot/LoCoBotRos/interbotix_ws/install/moveit_task_constructor_msgs/share/moveit_task_constructor_msgs/cmake/moveit_task_constructor_msgs__rosidl_typesupport_introspection_cppExport-release.cmake
[1.320s] -- Up-to-date: /home/locobot/LoCoBotRos/interbotix_ws/install/moveit_task_constructor_msgs/share/moveit_task_constructor_msgs/cmake/moveit_task_constructor_msgs__rosidl_typesupport_cppExport.cmake
[1.320s] -- Installing: /home/locobot/LoCoBotRos/interbotix_ws/install/moveit_task_constructor_msgs/share/moveit_task_constructor_msgs/cmake/moveit_task_constructor_msgs__rosidl_typesupport_cppExport-release.cmake
[1.321s] -- Up-to-date: /home/locobot/LoCoBotRos/interbotix_ws/install/moveit_task_constructor_msgs/share/moveit_task_constructor_msgs/cmake/export_moveit_task_constructor_msgs__rosidl_generator_pyExport.cmake
[1.321s] -- Installing: /home/locobot/LoCoBotRos/interbotix_ws/install/moveit_task_constructor_msgs/share/moveit_task_constructor_msgs/cmake/export_moveit_task_constructor_msgs__rosidl_generator_pyExport-release.cmake
[1.321s] -- Up-to-date: /home/locobot/LoCoBotRos/interbotix_ws/install/moveit_task_constructor_msgs/share/moveit_task_constructor_msgs/cmake/rosidl_cmake-extras.cmake
[1.322s] -- Up-to-date: /home/locobot/LoCoBotRos/interbotix_ws/install/moveit_task_constructor_msgs/share/moveit_task_constructor_msgs/cmake/ament_cmake_export_dependencies-extras.cmake
[1.322s] -- Up-to-date: /home/locobot/LoCoBotRos/interbotix_ws/install/moveit_task_constructor_msgs/share/moveit_task_constructor_msgs/cmake/ament_cmake_export_include_directories-extras.cmake
[1.322s] -- Up-to-date: /home/locobot/LoCoBotRos/interbotix_ws/install/moveit_task_constructor_msgs/share/moveit_task_constructor_msgs/cmake/ament_cmake_export_libraries-extras.cmake
[1.322s] -- Up-to-date: /home/locobot/LoCoBotRos/interbotix_ws/install/moveit_task_constructor_msgs/share/moveit_task_constructor_msgs/cmake/ament_cmake_export_targets-extras.cmake
[1.322s] -- Up-to-date: /home/locobot/LoCoBotRos/interbotix_ws/install/moveit_task_constructor_msgs/share/moveit_task_constructor_msgs/cmake/rosidl_cmake_export_typesupport_targets-extras.cmake
[1.322s] -- Up-to-date: /home/locobot/LoCoBotRos/interbotix_ws/install/moveit_task_constructor_msgs/share/moveit_task_constructor_msgs/cmake/rosidl_cmake_export_typesupport_libraries-extras.cmake
[1.322s] -- Up-to-date: /home/locobot/LoCoBotRos/interbotix_ws/install/moveit_task_constructor_msgs/share/moveit_task_constructor_msgs/cmake/moveit_task_constructor_msgsConfig.cmake
[1.322s] -- Up-to-date: /home/locobot/LoCoBotRos/interbotix_ws/install/moveit_task_constructor_msgs/share/moveit_task_constructor_msgs/cmake/moveit_task_constructor_msgsConfig-version.cmake
[1.323s] -- Up-to-date: /home/locobot/LoCoBotRos/interbotix_ws/install/moveit_task_constructor_msgs/share/moveit_task_constructor_msgs/package.xml
[1.324s] Invoked command in '/home/locobot/LoCoBotRos/interbotix_ws/build/moveit_task_constructor_msgs' returned '0': CMAKE_PREFIX_PATH=${CMAKE_PREFIX_PATH}:/opt/ros/humble /usr/bin/cmake --install /home/locobot/LoCoBotRos/interbotix_ws/build/moveit_task_constructor_msgs
