[0.191s] Invoking command in '/home/locobot/LoCoBotRos/interbotix_ws/build/ecl_config': CMAKE_PREFIX_PATH=${CMAKE_PREFIX_PATH}:/home/locobot/LoCoBotRos/interbotix_ws/install/moveit_configs_utils:/home/locobot/LoCoBotRos/interbotix_ws/install/launch_param_builder:/home/locobot/LoCoBotRos/interbotix_ws/install/interbotix_xs_modules:/home/locobot/LoCoBotRos/interbotix_ws/install/interbotix_common_modules:/opt/ros/humble /usr/bin/cmake --build /home/locobot/LoCoBotRos/interbotix_ws/build/ecl_config -- -j16 -l16
[0.661s] [ 18%] Built target gtest_main
[0.662s] [ 25%] Built target gtest
[0.663s] [ 37%] Built target ecl_detect_endian
[0.666s] [ 50%] Built target ecl_detect_posix
[0.666s] [ 62%] Built target ecl_test_portable_types
[0.675s] [ 75%] Built target ecl_test_char_sign
[0.676s] [ 87%] Built target ecl_test_macros
[0.676s] [100%] Built target ecl_test_endianness
[1.120s] Invoked command in '/home/locobot/LoCoBotRos/interbotix_ws/build/ecl_config' returned '0': CMAKE_PREFIX_PATH=${CMAKE_PREFIX_PATH}:/home/locobot/LoCoBotRos/interbotix_ws/install/moveit_configs_utils:/home/locobot/LoCoBotRos/interbotix_ws/install/launch_param_builder:/home/locobot/LoCoBotRos/interbotix_ws/install/interbotix_xs_modules:/home/locobot/LoCoBotRos/interbotix_ws/install/interbotix_common_modules:/opt/ros/humble /usr/bin/cmake --build /home/locobot/LoCoBotRos/interbotix_ws/build/ecl_config -- -j16 -l16
[1.145s] Invoking command in '/home/locobot/LoCoBotRos/interbotix_ws/build/ecl_config': CMAKE_PREFIX_PATH=${CMAKE_PREFIX_PATH}:/home/locobot/LoCoBotRos/interbotix_ws/install/moveit_configs_utils:/home/locobot/LoCoBotRos/interbotix_ws/install/launch_param_builder:/home/locobot/LoCoBotRos/interbotix_ws/install/interbotix_xs_modules:/home/locobot/LoCoBotRos/interbotix_ws/install/interbotix_common_modules:/opt/ros/humble /usr/bin/cmake --install /home/locobot/LoCoBotRos/interbotix_ws/build/ecl_config
[1.219s] -- Install configuration: "Release"
[1.219s] -- Up-to-date: /home/locobot/LoCoBotRos/interbotix_ws/install/ecl_config/share/ament_index/resource_index/package_run_dependencies/ecl_config
[1.220s] -- Up-to-date: /home/locobot/LoCoBotRos/interbotix_ws/install/ecl_config/share/ament_index/resource_index/parent_prefix_path/ecl_config
[1.220s] -- Up-to-date: /home/locobot/LoCoBotRos/interbotix_ws/install/ecl_config/share/ecl_config/environment/ament_prefix_path.sh
[1.220s] -- Up-to-date: /home/locobot/LoCoBotRos/interbotix_ws/install/ecl_config/share/ecl_config/environment/ament_prefix_path.dsv
[1.220s] -- Up-to-date: /home/locobot/LoCoBotRos/interbotix_ws/install/ecl_config/share/ecl_config/environment/path.sh
[1.220s] -- Up-to-date: /home/locobot/LoCoBotRos/interbotix_ws/install/ecl_config/share/ecl_config/environment/path.dsv
[1.220s] -- Up-to-date: /home/locobot/LoCoBotRos/interbotix_ws/install/ecl_config/share/ecl_config/local_setup.bash
[1.220s] -- Up-to-date: /home/locobot/LoCoBotRos/interbotix_ws/install/ecl_config/share/ecl_config/local_setup.sh
[1.220s] -- Up-to-date: /home/locobot/LoCoBotRos/interbotix_ws/install/ecl_config/share/ecl_config/local_setup.zsh
[1.221s] -- Up-to-date: /home/locobot/LoCoBotRos/interbotix_ws/install/ecl_config/share/ecl_config/local_setup.dsv
[1.221s] -- Installing: /home/locobot/LoCoBotRos/interbotix_ws/install/ecl_config/share/ecl_config/package.dsv
[1.221s] -- Up-to-date: /home/locobot/LoCoBotRos/interbotix_ws/install/ecl_config/share/ament_index/resource_index/packages/ecl_config
[1.221s] -- Up-to-date: /home/locobot/LoCoBotRos/interbotix_ws/install/ecl_config/share/ecl_config/cmake/ecl_configExport.cmake
[1.222s] -- Up-to-date: /home/locobot/LoCoBotRos/interbotix_ws/install/ecl_config/share/ecl_config/cmake/ament_cmake_export_targets-extras.cmake
[1.222s] -- Up-to-date: /home/locobot/LoCoBotRos/interbotix_ws/install/ecl_config/share/ecl_config/cmake/ament_cmake_export_include_directories-extras.cmake
[1.222s] -- Up-to-date: /home/locobot/LoCoBotRos/interbotix_ws/install/ecl_config/share/ecl_config/cmake/ecl_configConfig.cmake
[1.222s] -- Up-to-date: /home/locobot/LoCoBotRos/interbotix_ws/install/ecl_config/share/ecl_config/cmake/ecl_configConfig-version.cmake
[1.222s] -- Up-to-date: /home/locobot/LoCoBotRos/interbotix_ws/install/ecl_config/share/ecl_config/package.xml
[1.222s] -- Up-to-date: /home/locobot/LoCoBotRos/interbotix_ws/install/ecl_config/include/ecl/config.hpp
[1.223s] -- Up-to-date: /home/locobot/LoCoBotRos/interbotix_ws/install/ecl_config/include/ecl/config/ecl.hpp
[1.224s] -- Up-to-date: /home/locobot/LoCoBotRos/interbotix_ws/install/ecl_config/include/ecl/config/char_sign.hpp
[1.224s] -- Up-to-date: /home/locobot/LoCoBotRos/interbotix_ws/install/ecl_config/include/ecl/config/ecl_unknown.hpp
[1.224s] -- Up-to-date: /home/locobot/LoCoBotRos/interbotix_ws/install/ecl_config/include/ecl/config/endianness.hpp
[1.224s] -- Up-to-date: /home/locobot/LoCoBotRos/interbotix_ws/install/ecl_config/include/ecl/config/macros.hpp
[1.224s] -- Up-to-date: /home/locobot/LoCoBotRos/interbotix_ws/install/ecl_config/include/ecl/config/portable_types.hpp
[1.224s] -- Up-to-date: /home/locobot/LoCoBotRos/interbotix_ws/install/ecl_config/include/ecl/config/windows.hpp
[1.225s] -- Up-to-date: /home/locobot/LoCoBotRos/interbotix_ws/install/ecl_config/bin/ecl_detect_endian
[1.225s] -- Up-to-date: /home/locobot/LoCoBotRos/interbotix_ws/install/ecl_config/bin/ecl_detect_posix
[1.283s] Invoked command in '/home/locobot/LoCoBotRos/interbotix_ws/build/ecl_config' returned '0': CMAKE_PREFIX_PATH=${CMAKE_PREFIX_PATH}:/home/locobot/LoCoBotRos/interbotix_ws/install/moveit_configs_utils:/home/locobot/LoCoBotRos/interbotix_ws/install/launch_param_builder:/home/locobot/LoCoBotRos/interbotix_ws/install/interbotix_xs_modules:/home/locobot/LoCoBotRos/interbotix_ws/install/interbotix_common_modules:/opt/ros/humble /usr/bin/cmake --install /home/locobot/LoCoBotRos/interbotix_ws/build/ecl_config
