[0.435s] Invoking command in '/home/locobot/LoCoBotRos/interbotix_ws/build/rosparam_shortcuts': CMAKE_PREFIX_PATH=${CMAKE_PREFIX_PATH}:/home/locobot/LoCoBotRos/interbotix_ws/install/moveit_configs_utils:/home/locobot/LoCoBotRos/interbotix_ws/install/launch_param_builder:/home/locobot/LoCoBotRos/interbotix_ws/install/interbotix_xs_modules:/home/locobot/LoCoBotRos/interbotix_ws/install/interbotix_common_modules:/opt/ros/humble /usr/bin/cmake --build /home/locobot/LoCoBotRos/interbotix_ws/build/rosparam_shortcuts -- -j16 -l16
[0.539s] [ 15%] Built target gtest
[0.540s] [ 30%] Built target gtest_main
[0.540s] [ 53%] Built target rosparam_shortcuts
[0.594s] [ 69%] Built target test_node_parameters
[0.596s] [100%] Built target rosparam_shortcuts_example
[0.596s] [100%] Built target rosparam_shortcuts_node_parameters_example
[0.949s] Invoked command in '/home/locobot/LoCoBotRos/interbotix_ws/build/rosparam_shortcuts' returned '0': CMAKE_PREFIX_PATH=${CMAKE_PREFIX_PATH}:/home/locobot/LoCoBotRos/interbotix_ws/install/moveit_configs_utils:/home/locobot/LoCoBotRos/interbotix_ws/install/launch_param_builder:/home/locobot/LoCoBotRos/interbotix_ws/install/interbotix_xs_modules:/home/locobot/LoCoBotRos/interbotix_ws/install/interbotix_common_modules:/opt/ros/humble /usr/bin/cmake --build /home/locobot/LoCoBotRos/interbotix_ws/build/rosparam_shortcuts -- -j16 -l16
[0.951s] Invoking command in '/home/locobot/LoCoBotRos/interbotix_ws/build/rosparam_shortcuts': CMAKE_PREFIX_PATH=${CMAKE_PREFIX_PATH}:/home/locobot/LoCoBotRos/interbotix_ws/install/moveit_configs_utils:/home/locobot/LoCoBotRos/interbotix_ws/install/launch_param_builder:/home/locobot/LoCoBotRos/interbotix_ws/install/interbotix_xs_modules:/home/locobot/LoCoBotRos/interbotix_ws/install/interbotix_common_modules:/opt/ros/humble /usr/bin/cmake --install /home/locobot/LoCoBotRos/interbotix_ws/build/rosparam_shortcuts
[0.995s] -- Install configuration: "Release"
[0.998s] -- Up-to-date: /home/locobot/LoCoBotRos/interbotix_ws/install/rosparam_shortcuts/lib/librosparam_shortcuts.so
[0.998s] -- Up-to-date: /home/locobot/LoCoBotRos/interbotix_ws/install/rosparam_shortcuts/lib/rosparam_shortcuts/example
[0.998s] -- Up-to-date: /home/locobot/LoCoBotRos/interbotix_ws/install/rosparam_shortcuts/lib/rosparam_shortcuts/node_parameters_example
[0.999s] -- Up-to-date: /home/locobot/LoCoBotRos/interbotix_ws/install/rosparam_shortcuts/include
[0.999s] -- Up-to-date: /home/locobot/LoCoBotRos/interbotix_ws/install/rosparam_shortcuts/include/rosparam_shortcuts
[0.999s] -- Up-to-date: /home/locobot/LoCoBotRos/interbotix_ws/install/rosparam_shortcuts/include/rosparam_shortcuts/rosparam_shortcuts.h
[0.999s] -- Up-to-date: /home/locobot/LoCoBotRos/interbotix_ws/install/rosparam_shortcuts/include/rosparam_shortcuts/node_parameters.h
[0.999s] -- Up-to-date: /home/locobot/LoCoBotRos/interbotix_ws/install/rosparam_shortcuts/share/rosparam_shortcuts/launch
[1.000s] -- Up-to-date: /home/locobot/LoCoBotRos/interbotix_ws/install/rosparam_shortcuts/share/rosparam_shortcuts/launch/example.launch.py
[1.000s] -- Up-to-date: /home/locobot/LoCoBotRos/interbotix_ws/install/rosparam_shortcuts/share/rosparam_shortcuts/config
[1.001s] -- Up-to-date: /home/locobot/LoCoBotRos/interbotix_ws/install/rosparam_shortcuts/share/rosparam_shortcuts/config/example.yaml
[1.001s] -- Up-to-date: /home/locobot/LoCoBotRos/interbotix_ws/install/rosparam_shortcuts/share/rosparam_shortcuts/environment/library_path.sh
[1.001s] -- Up-to-date: /home/locobot/LoCoBotRos/interbotix_ws/install/rosparam_shortcuts/share/rosparam_shortcuts/environment/library_path.dsv
[1.002s] -- Up-to-date: /home/locobot/LoCoBotRos/interbotix_ws/install/rosparam_shortcuts/share/ament_index/resource_index/package_run_dependencies/rosparam_shortcuts
[1.003s] -- Up-to-date: /home/locobot/LoCoBotRos/interbotix_ws/install/rosparam_shortcuts/share/ament_index/resource_index/parent_prefix_path/rosparam_shortcuts
[1.003s] -- Up-to-date: /home/locobot/LoCoBotRos/interbotix_ws/install/rosparam_shortcuts/share/rosparam_shortcuts/environment/ament_prefix_path.sh
[1.003s] -- Up-to-date: /home/locobot/LoCoBotRos/interbotix_ws/install/rosparam_shortcuts/share/rosparam_shortcuts/environment/ament_prefix_path.dsv
[1.003s] -- Up-to-date: /home/locobot/LoCoBotRos/interbotix_ws/install/rosparam_shortcuts/share/rosparam_shortcuts/environment/path.sh
[1.003s] -- Up-to-date: /home/locobot/LoCoBotRos/interbotix_ws/install/rosparam_shortcuts/share/rosparam_shortcuts/environment/path.dsv
[1.004s] -- Up-to-date: /home/locobot/LoCoBotRos/interbotix_ws/install/rosparam_shortcuts/share/rosparam_shortcuts/local_setup.bash
[1.005s] -- Up-to-date: /home/locobot/LoCoBotRos/interbotix_ws/install/rosparam_shortcuts/share/rosparam_shortcuts/local_setup.sh
[1.005s] -- Up-to-date: /home/locobot/LoCoBotRos/interbotix_ws/install/rosparam_shortcuts/share/rosparam_shortcuts/local_setup.zsh
[1.005s] -- Up-to-date: /home/locobot/LoCoBotRos/interbotix_ws/install/rosparam_shortcuts/share/rosparam_shortcuts/local_setup.dsv
[1.005s] -- Installing: /home/locobot/LoCoBotRos/interbotix_ws/install/rosparam_shortcuts/share/rosparam_shortcuts/package.dsv
[1.005s] -- Up-to-date: /home/locobot/LoCoBotRos/interbotix_ws/install/rosparam_shortcuts/share/ament_index/resource_index/packages/rosparam_shortcuts
[1.005s] -- Up-to-date: /home/locobot/LoCoBotRos/interbotix_ws/install/rosparam_shortcuts/share/rosparam_shortcuts/cmake/export_rosparam_shortcutsExport.cmake
[1.005s] -- Up-to-date: /home/locobot/LoCoBotRos/interbotix_ws/install/rosparam_shortcuts/share/rosparam_shortcuts/cmake/export_rosparam_shortcutsExport-release.cmake
[1.005s] -- Up-to-date: /home/locobot/LoCoBotRos/interbotix_ws/install/rosparam_shortcuts/share/rosparam_shortcuts/cmake/ament_cmake_export_targets-extras.cmake
[1.005s] -- Up-to-date: /home/locobot/LoCoBotRos/interbotix_ws/install/rosparam_shortcuts/share/rosparam_shortcuts/cmake/ament_cmake_export_dependencies-extras.cmake
[1.007s] -- Up-to-date: /home/locobot/LoCoBotRos/interbotix_ws/install/rosparam_shortcuts/share/rosparam_shortcuts/cmake/rosparam_shortcutsConfig.cmake
[1.007s] -- Up-to-date: /home/locobot/LoCoBotRos/interbotix_ws/install/rosparam_shortcuts/share/rosparam_shortcuts/cmake/rosparam_shortcutsConfig-version.cmake
[1.027s] -- Up-to-date: /home/locobot/LoCoBotRos/interbotix_ws/install/rosparam_shortcuts/share/rosparam_shortcuts/package.xml
[1.126s] Invoked command in '/home/locobot/LoCoBotRos/interbotix_ws/build/rosparam_shortcuts' returned '0': CMAKE_PREFIX_PATH=${CMAKE_PREFIX_PATH}:/home/locobot/LoCoBotRos/interbotix_ws/install/moveit_configs_utils:/home/locobot/LoCoBotRos/interbotix_ws/install/launch_param_builder:/home/locobot/LoCoBotRos/interbotix_ws/install/interbotix_xs_modules:/home/locobot/LoCoBotRos/interbotix_ws/install/interbotix_common_modules:/opt/ros/humble /usr/bin/cmake --install /home/locobot/LoCoBotRos/interbotix_ws/build/rosparam_shortcuts
