-- The C compiler identification is GNU 14.3.1
-- The CXX compiler identification is GNU 14.3.1
-- Detecting C compiler ABI info
-- Detecting C compiler ABI info - done
-- Check for working C compiler: /usr/bin/cc - skipped
-- Detecting C compile features
-- Detecting C compile features - done
-- Detecting CXX compiler ABI info
-- Detecting CXX compiler ABI info - done
-- Check for working CXX compiler: /usr/bin/c++ - skipped
-- Detecting CXX compile features
-- Detecting CXX compile features - done
-- Found ament_cmake: 2.5.4 (/home/rowanfoxx/ros2_jazzy/install/ament_cmake/share/ament_cmake/cmake)
-- Found Python3: /usr/bin/python3 (found version "3.13.3") found components: Interpreter
-- Found pluginlib: 5.4.2 (/home/rowanfoxx/ros2_jazzy/install/pluginlib/share/pluginlib/cmake)
-- Found TinyXML2 via Config file: /usr/lib64/cmake/tinyxml2
-- Found rclcpp: 28.1.9 (/home/rowanfoxx/ros2_jazzy/install/rclcpp/share/rclcpp/cmake)
-- Found rosidl_generator_c: 4.6.5 (/home/rowanfoxx/ros2_jazzy/install/rosidl_generator_c/share/rosidl_generator_c/cmake)
-- Found rosidl_generator_cpp: 4.6.5 (/home/rowanfoxx/ros2_jazzy/install/rosidl_generator_cpp/share/rosidl_generator_cpp/cmake)
-- Using all available rosidl_typesupport_c: rosidl_typesupport_introspection_c;rosidl_typesupport_fastrtps_c
-- Using all available rosidl_typesupport_cpp: rosidl_typesupport_introspection_cpp;rosidl_typesupport_fastrtps_cpp
-- Found rmw_implementation_cmake: 7.3.2 (/home/rowanfoxx/ros2_jazzy/install/rmw_implementation_cmake/share/rmw_implementation_cmake/cmake)
-- Found rmw_fastrtps_cpp: 8.4.2 (/home/rowanfoxx/ros2_jazzy/install/rmw_fastrtps_cpp/share/rmw_fastrtps_cpp/cmake)
-- Found TinyXML2 via Config file: /usr/lib64/cmake/tinyxml2
-- Found OpenSSL: /usr/lib64/libcrypto.so (found version "3.2.4")
-- Found TinyXML2 via Config file: /usr/lib64/cmake/tinyxml2
-- Found FastRTPS: /home/rowanfoxx/ros2_jazzy/install/fastrtps/include (Required is at least version "2.13")
-- Found TinyXML2 via Config file: /usr/lib64/cmake/tinyxml2
-- Found TinyXML2 via Config file: /usr/lib64/cmake/tinyxml2
-- Using RMW implementation 'rmw_fastrtps_cpp' as default
-- Found rviz_common: 14.1.11 (/home/rowanfoxx/ros2_jazzy/install/rviz_common/share/rviz_common/cmake)
-- Setting OGRE_DIR to: '/home/rowanfoxx/ros2_jazzy/install/rviz_ogre_vendor/share/rviz_ogre_vendor/cmake/../../../opt/rviz_ogre_vendor/lib/OGRE/cmake'
-- Found OGRE
--   static     : OFF
--   components : MeshLodGenerator;Overlay;Paging;Property;RTShaderSystem;Terrain;Volume
--   plugins    : Plugin_BSPSceneManager;Plugin_OctreeSceneManager;Plugin_PCZSceneManager;Plugin_ParticleFX;RenderSystem_GL;RenderSystem_GL3Plus;Codec_STBI
--   media      : /home/rowanfoxx/ros2_jazzy/install/rviz_ogre_vendor/opt/rviz_ogre_vendor/share/OGRE/Media
-- OGRE_LIBRARIES: OgreMeshLodGenerator;OgreOverlay;OgrePaging;OgreProperty;OgreRTShaderSystem;OgreTerrain;OgreVolume;OgreMain
-- OGRE_LIBRARY_DIRS: /home/rowanfoxx/ros2_jazzy/install/rviz_ogre_vendor/opt/rviz_ogre_vendor/lib
-- OGRE_PLUGINS: Plugin_BSPSceneManager;Plugin_OctreeSceneManager;Plugin_PCZSceneManager;Plugin_ParticleFX;RenderSystem_GL;RenderSystem_GL3Plus;Codec_STBI
-- OGRE_PLUGIN_DIR: /home/rowanfoxx/ros2_jazzy/install/rviz_ogre_vendor/opt/rviz_ogre_vendor/lib/OGRE
-- rviz_ogre_vendor::OgreOverlay for IMPORTED_LOCATION_RELEASE: /home/rowanfoxx/ros2_jazzy/install/rviz_ogre_vendor/opt/rviz_ogre_vendor/lib/libOgreOverlay.so
-- rviz_ogre_vendor::OgreOverlay for IMPORTED_LOCATION_DEBUG: /home/rowanfoxx/ros2_jazzy/install/rviz_ogre_vendor/opt/rviz_ogre_vendor/lib/libOgreOverlay.so
-- rviz_ogre_vendor::OgreMain for IMPORTED_LOCATION_RELEASE: /home/rowanfoxx/ros2_jazzy/install/rviz_ogre_vendor/opt/rviz_ogre_vendor/lib/libOgreMain.so
-- rviz_ogre_vendor::OgreMain for IMPORTED_LOCATION_DEBUG: /home/rowanfoxx/ros2_jazzy/install/rviz_ogre_vendor/opt/rviz_ogre_vendor/lib/libOgreMain.so
-- Could not find freeimage library
-- Found ZLIB: /usr/lib64/libz.so (found version "1.3.1")
-- Found OpenGL: /usr/lib64/libOpenGL.so
-- Found X11: /usr/include
-- Looking for XOpenDisplay in /usr/lib64/libX11.so;/usr/lib64/libXext.so
-- Looking for XOpenDisplay in /usr/lib64/libX11.so;/usr/lib64/libXext.so - found
-- Looking for gethostbyname
-- Looking for gethostbyname - found
-- Looking for connect
-- Looking for connect - found
-- Looking for remove
-- Looking for remove - found
-- Looking for shmat
-- Looking for shmat - found
-- Looking for IceConnectionNumber in ICE
-- Looking for IceConnectionNumber in ICE - found
-- Setting yaml-cpp_DIR to: '/home/rowanfoxx/ros2_jazzy/install/yaml_cpp_vendor/share/yaml_cpp_vendor/cmake/../../../opt/yaml_cpp_vendor/share/cmake/yaml-cpp'
[31mCMake Error at CMakeLists.txt:21 (find_package):
  By not providing "Findinterbotix_xs_msgs.cmake" in CMAKE_MODULE_PATH this
  project has asked CMake to find a package configuration file provided by
  "interbotix_xs_msgs", but CMake did not find one.

  Could not find a package configuration file provided by
  "interbotix_xs_msgs" with any of the following names:

    interbotix_xs_msgsConfig.cmake
    interbotix_xs_msgs-config.cmake

  Add the installation prefix of "interbotix_xs_msgs" to CMAKE_PREFIX_PATH or
  set "interbotix_xs_msgs_DIR" to a directory containing one of the above
  files.  If "interbotix_xs_msgs" provides a separate development package or
  SDK, be sure it has been installed.

[0m
-- Configuring incomplete, errors occurred!
