[0.015s] Invoking command in '/home/locobot/LoCoBotRos/interbotix_ws/build/moveit_ros_warehouse': AMENT_PREFIX_PATH=/home/locobot/LoCoBotRos/interbotix_ws/install/moveit_ros_planning:/home/locobot/LoCoBotRos/interbotix_ws/install/moveit_ros_occupancy_map_monitor:/home/locobot/LoCoBotRos/interbotix_ws/install/moveit_core:/home/locobot/LoCoBotRos/interbotix_ws/install/moveit_resources_panda_moveit_config:/home/locobot/LoCoBotRos/interbotix_ws/install/moveit_configs_utils:/home/locobot/LoCoBotRos/interbotix_ws/install/srdfdom:/home/locobot/LoCoBotRos/interbotix_ws/install/moveit_resources_pr2_description:/home/locobot/LoCoBotRos/interbotix_ws/install/moveit_resources_panda_description:/home/locobot/LoCoBotRos/interbotix_ws/install/moveit_common:/home/locobot/LoCoBotRos/interbotix_ws/install/launch_param_builder:${AMENT_PREFIX_PATH} CMAKE_PREFIX_PATH=/home/locobot/LoCoBotRos/interbotix_ws/install/moveit_ros_planning:/home/locobot/LoCoBotRos/interbotix_ws/install/moveit_ros_occupancy_map_monitor:/home/locobot/LoCoBotRos/interbotix_ws/install/moveit_core:/home/locobot/LoCoBotRos/interbotix_ws/install/moveit_resources_panda_moveit_config:/home/locobot/LoCoBotRos/interbotix_ws/install/srdfdom:/home/locobot/LoCoBotRos/interbotix_ws/install/moveit_resources_pr2_description:/home/locobot/LoCoBotRos/interbotix_ws/install/moveit_resources_panda_description:/home/locobot/LoCoBotRos/interbotix_ws/install/moveit_common:/home/locobot/apriltag_ws/install/apriltag_ros:/opt/ros/humble LD_LIBRARY_PATH=/home/locobot/LoCoBotRos/interbotix_ws/install/moveit_ros_planning/lib:/home/locobot/LoCoBotRos/interbotix_ws/install/moveit_ros_occupancy_map_monitor/lib:/home/locobot/LoCoBotRos/interbotix_ws/install/moveit_core/lib:/home/locobot/LoCoBotRos/interbotix_ws/install/srdfdom/lib:${LD_LIBRARY_PATH} PATH=/home/locobot/LoCoBotRos/interbotix_ws/install/moveit_core/bin:${PATH} PYTHONPATH=/home/locobot/LoCoBotRos/interbotix_ws/install/moveit_configs_utils/lib/python3.10/site-packages:/home/locobot/LoCoBotRos/interbotix_ws/install/srdfdom/local/lib/python3.10/dist-packages:/home/locobot/LoCoBotRos/interbotix_ws/install/launch_param_builder/lib/python3.10/site-packages:${PYTHONPATH} /usr/bin/cmake /home/locobot/LoCoBotRos/interbotix_ws/src/moveit2/moveit_ros/warehouse -DCMAKE_BUILD_TYPE=Debug -DCMAKE_INSTALL_PREFIX=/home/locobot/LoCoBotRos/interbotix_ws/install/moveit_ros_warehouse
[0.095s] -- The C compiler identification is GNU 11.4.0
[0.159s] -- The CXX compiler identification is GNU 11.4.0
[0.165s] -- Detecting C compiler ABI info
[0.213s] -- Detecting C compiler ABI info - done
[0.218s] -- Check for working C compiler: /usr/bin/cc - skipped
[0.219s] -- Detecting C compile features
[0.219s] -- Detecting C compile features - done
[0.222s] -- Detecting CXX compiler ABI info
[0.278s] -- Detecting CXX compiler ABI info - done
[0.284s] -- Check for working CXX compiler: /usr/bin/c++ - skipped
[0.284s] -- Detecting CXX compile features
[0.284s] -- Detecting CXX compile features - done
[0.285s] -- Found moveit_common: 2.5.9 (/home/locobot/LoCoBotRos/interbotix_ws/install/moveit_common/share/moveit_common/cmake)
[0.287s] -- Found ament_cmake: 1.3.11 (/opt/ros/humble/share/ament_cmake/cmake)
[0.399s] -- Found Python3: /usr/bin/python3 (found version "3.10.12") found components: Interpreter 
[0.526s] -- Found rclcpp: 16.0.12 (/opt/ros/humble/share/rclcpp/cmake)
[0.564s] -- Found rosidl_generator_c: 3.1.6 (/opt/ros/humble/share/rosidl_generator_c/cmake)
[0.569s] -- Found rosidl_adapter: 3.1.6 (/opt/ros/humble/share/rosidl_adapter/cmake)
[0.577s] -- Found rosidl_generator_cpp: 3.1.6 (/opt/ros/humble/share/rosidl_generator_cpp/cmake)
[0.588s] -- Using all available rosidl_typesupport_c: rosidl_typesupport_fastrtps_c;rosidl_typesupport_introspection_c
[0.603s] -- Using all available rosidl_typesupport_cpp: rosidl_typesupport_fastrtps_cpp;rosidl_typesupport_introspection_cpp
[0.643s] -- Found rmw_implementation_cmake: 6.1.2 (/opt/ros/humble/share/rmw_implementation_cmake/cmake)
[0.646s] -- Found rmw_fastrtps_cpp: 6.2.7 (/opt/ros/humble/share/rmw_fastrtps_cpp/cmake)
[0.713s] -- Found OpenSSL: /usr/lib/x86_64-linux-gnu/libcrypto.so (found version "3.0.2")  
[0.734s] -- Found FastRTPS: /opt/ros/humble/include  
[0.764s] -- Using RMW implementation 'rmw_fastrtps_cpp' as default
[0.772s] -- Looking for pthread.h
[0.859s] -- Looking for pthread.h - found
[0.859s] -- Performing Test CMAKE_HAVE_LIBC_PTHREAD
[0.930s] -- Performing Test CMAKE_HAVE_LIBC_PTHREAD - Success
[0.931s] -- Found Threads: TRUE  
[0.986s] -- Found moveit_core: 2.5.9 (/home/locobot/LoCoBotRos/interbotix_ws/install/moveit_core/share/moveit_core/cmake)
[1.023s] -- Found Boost: /usr/lib/x86_64-linux-gnu/cmake/Boost-1.74.0/BoostConfig.cmake (found version "1.74.0") found components: chrono date_time filesystem iostreams program_options regex serialization system thread 
[1.061s] -- Found parameter_traits: 0.4.0 (/opt/ros/humble/share/parameter_traits/cmake)
[1.071s] -- Found Eigen3: TRUE (found version "3.4.0") 
[1.074s] -- Found rclcpp_lifecycle: 16.0.12 (/opt/ros/humble/share/rclcpp_lifecycle/cmake)
[1.094s] -- Found Boost: /usr/lib/x86_64-linux-gnu/cmake/Boost-1.74.0/BoostConfig.cmake (found version "1.74.0") found components: filesystem 
[1.171s] -- library: /usr/lib/x86_64-linux-gnu/libcurl.so
[1.244s] -- Ensuring Eigen3 include directory is part of orocos-kdl CMake target
[1.452s] -- Found warehouse_ros: 2.0.5 (/opt/ros/humble/share/warehouse_ros/cmake)
[1.457s] -- Found moveit_ros_planning: 2.5.9 (/home/locobot/LoCoBotRos/interbotix_ws/install/moveit_ros_planning/share/moveit_ros_planning/cmake)
[1.461s] -- Found Boost: /usr/lib/x86_64-linux-gnu/cmake/Boost-1.74.0/BoostConfig.cmake (found version "1.74.0") found components: system filesystem date_time program_options thread chrono 
[1.483s] -- Found Boost: /usr/lib/x86_64-linux-gnu/cmake/Boost-1.74.0/BoostConfig.cmake (found version "1.74.0") found components: thread system filesystem regex date_time program_options 
[1.486s] -- Performing Test COMPILER_HAS_HIDDEN_VISIBILITY
[1.559s] -- Performing Test COMPILER_HAS_HIDDEN_VISIBILITY - Success
[1.559s] -- Performing Test COMPILER_HAS_HIDDEN_INLINE_VISIBILITY
[1.632s] -- Performing Test COMPILER_HAS_HIDDEN_INLINE_VISIBILITY - Success
[1.633s] -- Performing Test COMPILER_HAS_DEPRECATED_ATTR
[1.705s] -- Performing Test COMPILER_HAS_DEPRECATED_ATTR - Success
[1.738s] -- Found ament_lint_auto: 0.12.12 (/opt/ros/humble/share/ament_lint_auto/cmake)
[1.753s] -- Added test 'cppcheck' to perform static code analysis on C / C++ code
[1.754s] -- Configured cppcheck include dirs: /home/locobot/LoCoBotRos/interbotix_ws/src/moveit2/moveit_ros/warehouse/include
[1.754s] -- Configured cppcheck exclude dirs and/or files: 
[1.754s] -- Added test 'lint_cmake' to check CMake code style
[1.755s] -- Added test 'pep257' to check Python code against some of the docstring style conventions in PEP 257
[1.755s] -- Added test 'xmllint' to check XML markup files
[1.757s] -- Configuring done
[1.834s] -- Generating done
[1.862s] -- Build files have been written to: /home/locobot/LoCoBotRos/interbotix_ws/build/moveit_ros_warehouse
[1.874s] Invoked command in '/home/locobot/LoCoBotRos/interbotix_ws/build/moveit_ros_warehouse' returned '0': AMENT_PREFIX_PATH=/home/locobot/LoCoBotRos/interbotix_ws/install/moveit_ros_planning:/home/locobot/LoCoBotRos/interbotix_ws/install/moveit_ros_occupancy_map_monitor:/home/locobot/LoCoBotRos/interbotix_ws/install/moveit_core:/home/locobot/LoCoBotRos/interbotix_ws/install/moveit_resources_panda_moveit_config:/home/locobot/LoCoBotRos/interbotix_ws/install/moveit_configs_utils:/home/locobot/LoCoBotRos/interbotix_ws/install/srdfdom:/home/locobot/LoCoBotRos/interbotix_ws/install/moveit_resources_pr2_description:/home/locobot/LoCoBotRos/interbotix_ws/install/moveit_resources_panda_description:/home/locobot/LoCoBotRos/interbotix_ws/install/moveit_common:/home/locobot/LoCoBotRos/interbotix_ws/install/launch_param_builder:${AMENT_PREFIX_PATH} CMAKE_PREFIX_PATH=/home/locobot/LoCoBotRos/interbotix_ws/install/moveit_ros_planning:/home/locobot/LoCoBotRos/interbotix_ws/install/moveit_ros_occupancy_map_monitor:/home/locobot/LoCoBotRos/interbotix_ws/install/moveit_core:/home/locobot/LoCoBotRos/interbotix_ws/install/moveit_resources_panda_moveit_config:/home/locobot/LoCoBotRos/interbotix_ws/install/srdfdom:/home/locobot/LoCoBotRos/interbotix_ws/install/moveit_resources_pr2_description:/home/locobot/LoCoBotRos/interbotix_ws/install/moveit_resources_panda_description:/home/locobot/LoCoBotRos/interbotix_ws/install/moveit_common:/home/locobot/apriltag_ws/install/apriltag_ros:/opt/ros/humble LD_LIBRARY_PATH=/home/locobot/LoCoBotRos/interbotix_ws/install/moveit_ros_planning/lib:/home/locobot/LoCoBotRos/interbotix_ws/install/moveit_ros_occupancy_map_monitor/lib:/home/locobot/LoCoBotRos/interbotix_ws/install/moveit_core/lib:/home/locobot/LoCoBotRos/interbotix_ws/install/srdfdom/lib:${LD_LIBRARY_PATH} PATH=/home/locobot/LoCoBotRos/interbotix_ws/install/moveit_core/bin:${PATH} PYTHONPATH=/home/locobot/LoCoBotRos/interbotix_ws/install/moveit_configs_utils/lib/python3.10/site-packages:/home/locobot/LoCoBotRos/interbotix_ws/install/srdfdom/local/lib/python3.10/dist-packages:/home/locobot/LoCoBotRos/interbotix_ws/install/launch_param_builder/lib/python3.10/site-packages:${PYTHONPATH} /usr/bin/cmake /home/locobot/LoCoBotRos/interbotix_ws/src/moveit2/moveit_ros/warehouse -DCMAKE_BUILD_TYPE=Debug -DCMAKE_INSTALL_PREFIX=/home/locobot/LoCoBotRos/interbotix_ws/install/moveit_ros_warehouse
[1.875s] Invoking command in '/home/locobot/LoCoBotRos/interbotix_ws/build/moveit_ros_warehouse': AMENT_PREFIX_PATH=/home/locobot/LoCoBotRos/interbotix_ws/install/moveit_ros_planning:/home/locobot/LoCoBotRos/interbotix_ws/install/moveit_ros_occupancy_map_monitor:/home/locobot/LoCoBotRos/interbotix_ws/install/moveit_core:/home/locobot/LoCoBotRos/interbotix_ws/install/moveit_resources_panda_moveit_config:/home/locobot/LoCoBotRos/interbotix_ws/install/moveit_configs_utils:/home/locobot/LoCoBotRos/interbotix_ws/install/srdfdom:/home/locobot/LoCoBotRos/interbotix_ws/install/moveit_resources_pr2_description:/home/locobot/LoCoBotRos/interbotix_ws/install/moveit_resources_panda_description:/home/locobot/LoCoBotRos/interbotix_ws/install/moveit_common:/home/locobot/LoCoBotRos/interbotix_ws/install/launch_param_builder:${AMENT_PREFIX_PATH} CMAKE_PREFIX_PATH=/home/locobot/LoCoBotRos/interbotix_ws/install/moveit_ros_planning:/home/locobot/LoCoBotRos/interbotix_ws/install/moveit_ros_occupancy_map_monitor:/home/locobot/LoCoBotRos/interbotix_ws/install/moveit_core:/home/locobot/LoCoBotRos/interbotix_ws/install/moveit_resources_panda_moveit_config:/home/locobot/LoCoBotRos/interbotix_ws/install/srdfdom:/home/locobot/LoCoBotRos/interbotix_ws/install/moveit_resources_pr2_description:/home/locobot/LoCoBotRos/interbotix_ws/install/moveit_resources_panda_description:/home/locobot/LoCoBotRos/interbotix_ws/install/moveit_common:/home/locobot/apriltag_ws/install/apriltag_ros:/opt/ros/humble LD_LIBRARY_PATH=/home/locobot/LoCoBotRos/interbotix_ws/install/moveit_ros_planning/lib:/home/locobot/LoCoBotRos/interbotix_ws/install/moveit_ros_occupancy_map_monitor/lib:/home/locobot/LoCoBotRos/interbotix_ws/install/moveit_core/lib:/home/locobot/LoCoBotRos/interbotix_ws/install/srdfdom/lib:${LD_LIBRARY_PATH} PATH=/home/locobot/LoCoBotRos/interbotix_ws/install/moveit_core/bin:${PATH} PYTHONPATH=/home/locobot/LoCoBotRos/interbotix_ws/install/moveit_configs_utils/lib/python3.10/site-packages:/home/locobot/LoCoBotRos/interbotix_ws/install/srdfdom/local/lib/python3.10/dist-packages:/home/locobot/LoCoBotRos/interbotix_ws/install/launch_param_builder/lib/python3.10/site-packages:${PYTHONPATH} /usr/bin/cmake --build /home/locobot/LoCoBotRos/interbotix_ws/build/moveit_ros_warehouse -- -j16 -l16
[1.915s] [  5%] [32mBuilding CXX object CMakeFiles/moveit_warehouse.dir/src/planning_scene_storage.cpp.o[0m
[1.915s] [ 15%] [32mBuilding CXX object CMakeFiles/moveit_warehouse.dir/src/warehouse_connector.cpp.o[0m
[1.915s] [ 15%] [32mBuilding CXX object CMakeFiles/moveit_warehouse.dir/src/constraints_storage.cpp.o[0m
[1.915s] [ 20%] [32mBuilding CXX object CMakeFiles/moveit_warehouse.dir/src/trajectory_constraints_storage.cpp.o[0m
[1.915s] [ 25%] [32mBuilding CXX object CMakeFiles/moveit_warehouse.dir/src/moveit_message_storage.cpp.o[0m
[1.916s] [ 30%] [32mBuilding CXX object CMakeFiles/moveit_warehouse.dir/src/planning_scene_world_storage.cpp.o[0m
[1.917s] [ 35%] [32mBuilding CXX object CMakeFiles/moveit_warehouse.dir/src/state_storage.cpp.o[0m
[10.443s] [ 40%] [32m[1mLinking CXX shared library libmoveit_warehouse.so[0m
[11.174s] [ 40%] Built target moveit_warehouse
[11.192s] [ 45%] [32mBuilding CXX object CMakeFiles/moveit_warehouse_import_from_text.dir/src/import_from_text.cpp.o[0m
[11.193s] [ 50%] [32mBuilding CXX object CMakeFiles/moveit_warehouse_broadcast.dir/src/broadcast.cpp.o[0m
[11.193s] [ 55%] [32mBuilding CXX object CMakeFiles/moveit_init_demo_warehouse.dir/src/initialize_demo_db.cpp.o[0m
[11.193s] [ 60%] [32mBuilding CXX object CMakeFiles/moveit_save_to_warehouse.dir/src/save_to_warehouse.cpp.o[0m
[11.194s] [ 65%] [32mBuilding CXX object CMakeFiles/moveit_warehouse_services.dir/src/warehouse_services.cpp.o[0m
[11.196s] [ 70%] [32mBuilding CXX object CMakeFiles/moveit_warehouse_save_as_text.dir/src/save_as_text.cpp.o[0m
[19.592s] [ 75%] [32m[1mLinking CXX executable moveit_warehouse_services[0m
[20.249s] [ 75%] Built target moveit_warehouse_services
[21.626s] [ 80%] [32m[1mLinking CXX executable moveit_warehouse_broadcast[0m
[22.270s] [ 80%] Built target moveit_warehouse_broadcast
[23.673s] [ 85%] [32m[1mLinking CXX executable moveit_init_demo_warehouse[0m
[23.796s] [ 90%] [32m[1mLinking CXX executable moveit_warehouse_save_as_text[0m
[25.166s] [ 95%] [32m[1mLinking CXX executable moveit_warehouse_import_from_text[0m
[27.216s] [ 95%] Built target moveit_warehouse_save_as_text
[27.304s] [ 95%] Built target moveit_init_demo_warehouse
[28.187s] [ 95%] Built target moveit_warehouse_import_from_text
[35.628s] [100%] [32m[1mLinking CXX executable moveit_save_to_warehouse[0m
[37.666s] [100%] Built target moveit_save_to_warehouse
