[0.011s] Invoking command in '/home/locobot/LoCoBotRos/interbotix_ws/build/ecl_utilities': AMENT_PREFIX_PATH=/home/locobot/LoCoBotRos/interbotix_ws/install/ecl_concepts:/home/locobot/LoCoBotRos/interbotix_ws/install/ecl_type_traits:/home/locobot/LoCoBotRos/interbotix_ws/install/ecl_mpl:/home/locobot/LoCoBotRos/interbotix_ws/install/ecl_config:${AMENT_PREFIX_PATH} CMAKE_PREFIX_PATH=/home/locobot/LoCoBotRos/interbotix_ws/install/ecl_concepts:/home/locobot/LoCoBotRos/interbotix_ws/install/ecl_type_traits:/home/locobot/LoCoBotRos/interbotix_ws/install/ecl_mpl:/home/locobot/LoCoBotRos/interbotix_ws/install/ecl_config:/home/locobot/apriltag_ws/install/apriltag_ros:/opt/ros/humble LD_LIBRARY_PATH=/home/locobot/LoCoBotRos/interbotix_ws/install/ecl_type_traits/lib:${LD_LIBRARY_PATH} PATH=/home/locobot/LoCoBotRos/interbotix_ws/install/ecl_type_traits/bin:/home/locobot/LoCoBotRos/interbotix_ws/install/ecl_config/bin:${PATH} /usr/bin/cmake /home/locobot/LoCoBotRos/interbotix_ws/src/ecl_core/ecl_utilities -DCMAKE_BUILD_TYPE=Release -DCMAKE_INSTALL_PREFIX=/home/locobot/LoCoBotRos/interbotix_ws/install/ecl_utilities
[0.021s] -- Found ament_cmake_ros: 0.10.0 (/opt/ros/humble/share/ament_cmake_ros/cmake)
[0.112s] -- Found ecl_build: 1.0.3 (/opt/ros/humble/share/ecl_build/cmake)
[0.116s] -- Found ecl_concepts: 1.2.1 (/home/locobot/LoCoBotRos/interbotix_ws/install/ecl_concepts/share/ecl_concepts/cmake)
[0.170s] -- Found ament_lint_auto: 0.12.12 (/opt/ros/humble/share/ament_lint_auto/cmake)
[0.174s] -- Found gtest sources under '/opt/ros/humble/src/gtest_vendor': C++ tests using 'Google Test' will be built
[0.187s] -- Configuring done
[0.209s] -- Generating done
[0.215s] -- Build files have been written to: /home/locobot/LoCoBotRos/interbotix_ws/build/ecl_utilities
[0.220s] Invoked command in '/home/locobot/LoCoBotRos/interbotix_ws/build/ecl_utilities' returned '0': AMENT_PREFIX_PATH=/home/locobot/LoCoBotRos/interbotix_ws/install/ecl_concepts:/home/locobot/LoCoBotRos/interbotix_ws/install/ecl_type_traits:/home/locobot/LoCoBotRos/interbotix_ws/install/ecl_mpl:/home/locobot/LoCoBotRos/interbotix_ws/install/ecl_config:${AMENT_PREFIX_PATH} CMAKE_PREFIX_PATH=/home/locobot/LoCoBotRos/interbotix_ws/install/ecl_concepts:/home/locobot/LoCoBotRos/interbotix_ws/install/ecl_type_traits:/home/locobot/LoCoBotRos/interbotix_ws/install/ecl_mpl:/home/locobot/LoCoBotRos/interbotix_ws/install/ecl_config:/home/locobot/apriltag_ws/install/apriltag_ros:/opt/ros/humble LD_LIBRARY_PATH=/home/locobot/LoCoBotRos/interbotix_ws/install/ecl_type_traits/lib:${LD_LIBRARY_PATH} PATH=/home/locobot/LoCoBotRos/interbotix_ws/install/ecl_type_traits/bin:/home/locobot/LoCoBotRos/interbotix_ws/install/ecl_config/bin:${PATH} /usr/bin/cmake /home/locobot/LoCoBotRos/interbotix_ws/src/ecl_core/ecl_utilities -DCMAKE_BUILD_TYPE=Release -DCMAKE_INSTALL_PREFIX=/home/locobot/LoCoBotRos/interbotix_ws/install/ecl_utilities
[0.221s] Invoking command in '/home/locobot/LoCoBotRos/interbotix_ws/build/ecl_utilities': AMENT_PREFIX_PATH=/home/locobot/LoCoBotRos/interbotix_ws/install/ecl_concepts:/home/locobot/LoCoBotRos/interbotix_ws/install/ecl_type_traits:/home/locobot/LoCoBotRos/interbotix_ws/install/ecl_mpl:/home/locobot/LoCoBotRos/interbotix_ws/install/ecl_config:${AMENT_PREFIX_PATH} CMAKE_PREFIX_PATH=/home/locobot/LoCoBotRos/interbotix_ws/install/ecl_concepts:/home/locobot/LoCoBotRos/interbotix_ws/install/ecl_type_traits:/home/locobot/LoCoBotRos/interbotix_ws/install/ecl_mpl:/home/locobot/LoCoBotRos/interbotix_ws/install/ecl_config:/home/locobot/apriltag_ws/install/apriltag_ros:/opt/ros/humble LD_LIBRARY_PATH=/home/locobot/LoCoBotRos/interbotix_ws/install/ecl_type_traits/lib:${LD_LIBRARY_PATH} PATH=/home/locobot/LoCoBotRos/interbotix_ws/install/ecl_type_traits/bin:/home/locobot/LoCoBotRos/interbotix_ws/install/ecl_config/bin:${PATH} /usr/bin/cmake --build /home/locobot/LoCoBotRos/interbotix_ws/build/ecl_utilities -- -j16 -l16
[0.249s] [35m[1mConsolidate compiler generated dependencies of target ecl_demo_constructors[0m
[0.249s] [35m[1mConsolidate compiler generated dependencies of target gtest_main[0m
[0.249s] [35m[1mConsolidate compiler generated dependencies of target gtest[0m
[0.257s] [  6%] [32mBuilding CXX object src/examples/CMakeFiles/ecl_demo_constructors.dir/constructors.cpp.o[0m
[0.259s] [ 12%] [32mBuilding CXX object gtest/CMakeFiles/gtest_main.dir/src/gtest_main.cc.o[0m
[0.260s] [ 18%] [32mBuilding CXX object gtest/CMakeFiles/gtest.dir/src/gtest-all.cc.o[0m
[0.460s] [ 25%] [32m[1mLinking CXX executable demo_constructors[0m
[0.523s] [ 25%] Built target ecl_demo_constructors
[0.768s] [ 31%] [32m[1mLinking CXX static library libgtest_main.a[0m
[0.791s] [ 31%] Built target gtest_main
[5.465s] [ 37%] [32m[1mLinking CXX static library libgtest.a[0m
[5.492s] [ 37%] Built target gtest
[5.500s] [35m[1mConsolidate compiler generated dependencies of target ecl_test_references[0m
[5.500s] [35m[1mConsolidate compiler generated dependencies of target ecl_test_singleton[0m
[5.500s] [35m[1mConsolidate compiler generated dependencies of target ecl_test_flags[0m
[5.501s] [35m[1mConsolidate compiler generated dependencies of target ecl_test_function_objects[0m
[5.501s] [35m[1mConsolidate compiler generated dependencies of target ecl_test_parameters[0m
[5.510s] [ 50%] [32mBuilding CXX object src/test/CMakeFiles/ecl_test_function_objects.dir/function_objects.cpp.o[0m
[5.510s] [ 50%] [32mBuilding CXX object src/test/CMakeFiles/ecl_test_parameters.dir/parameters.cpp.o[0m
[5.510s] [ 56%] [32mBuilding CXX object src/test/CMakeFiles/ecl_test_flags.dir/flags.cpp.o[0m
[5.512s] [ 68%] [32mBuilding CXX object src/test/CMakeFiles/ecl_test_singleton.dir/singleton.cpp.o[0m
[5.512s] [ 68%] [32mBuilding CXX object src/test/CMakeFiles/ecl_test_references.dir/references.cpp.o[0m
[6.142s] [ 75%] [32m[1mLinking CXX executable ecl_test_singleton[0m
[6.216s] [ 81%] [32m[1mLinking CXX executable ecl_test_references[0m
[6.235s] [ 81%] Built target ecl_test_singleton
[6.236s] [ 87%] [32m[1mLinking CXX executable ecl_test_parameters[0m
[6.292s] [ 87%] Built target ecl_test_references
[6.316s] [ 93%] [32m[1mLinking CXX executable ecl_test_function_objects[0m
[6.325s] [100%] [32m[1mLinking CXX executable ecl_test_flags[0m
[6.343s] [100%] Built target ecl_test_parameters
[6.390s] [100%] Built target ecl_test_function_objects
[6.398s] [100%] Built target ecl_test_flags
[6.405s] Invoked command in '/home/locobot/LoCoBotRos/interbotix_ws/build/ecl_utilities' returned '0': AMENT_PREFIX_PATH=/home/locobot/LoCoBotRos/interbotix_ws/install/ecl_concepts:/home/locobot/LoCoBotRos/interbotix_ws/install/ecl_type_traits:/home/locobot/LoCoBotRos/interbotix_ws/install/ecl_mpl:/home/locobot/LoCoBotRos/interbotix_ws/install/ecl_config:${AMENT_PREFIX_PATH} CMAKE_PREFIX_PATH=/home/locobot/LoCoBotRos/interbotix_ws/install/ecl_concepts:/home/locobot/LoCoBotRos/interbotix_ws/install/ecl_type_traits:/home/locobot/LoCoBotRos/interbotix_ws/install/ecl_mpl:/home/locobot/LoCoBotRos/interbotix_ws/install/ecl_config:/home/locobot/apriltag_ws/install/apriltag_ros:/opt/ros/humble LD_LIBRARY_PATH=/home/locobot/LoCoBotRos/interbotix_ws/install/ecl_type_traits/lib:${LD_LIBRARY_PATH} PATH=/home/locobot/LoCoBotRos/interbotix_ws/install/ecl_type_traits/bin:/home/locobot/LoCoBotRos/interbotix_ws/install/ecl_config/bin:${PATH} /usr/bin/cmake --build /home/locobot/LoCoBotRos/interbotix_ws/build/ecl_utilities -- -j16 -l16
[6.406s] Invoking command in '/home/locobot/LoCoBotRos/interbotix_ws/build/ecl_utilities': AMENT_PREFIX_PATH=/home/locobot/LoCoBotRos/interbotix_ws/install/ecl_concepts:/home/locobot/LoCoBotRos/interbotix_ws/install/ecl_type_traits:/home/locobot/LoCoBotRos/interbotix_ws/install/ecl_mpl:/home/locobot/LoCoBotRos/interbotix_ws/install/ecl_config:${AMENT_PREFIX_PATH} CMAKE_PREFIX_PATH=/home/locobot/LoCoBotRos/interbotix_ws/install/ecl_concepts:/home/locobot/LoCoBotRos/interbotix_ws/install/ecl_type_traits:/home/locobot/LoCoBotRos/interbotix_ws/install/ecl_mpl:/home/locobot/LoCoBotRos/interbotix_ws/install/ecl_config:/home/locobot/apriltag_ws/install/apriltag_ros:/opt/ros/humble LD_LIBRARY_PATH=/home/locobot/LoCoBotRos/interbotix_ws/install/ecl_type_traits/lib:${LD_LIBRARY_PATH} PATH=/home/locobot/LoCoBotRos/interbotix_ws/install/ecl_type_traits/bin:/home/locobot/LoCoBotRos/interbotix_ws/install/ecl_config/bin:${PATH} /usr/bin/cmake --install /home/locobot/LoCoBotRos/interbotix_ws/build/ecl_utilities
[6.412s] -- Install configuration: "Release"
[6.412s] -- Up-to-date: /home/locobot/LoCoBotRos/interbotix_ws/install/ecl_utilities/share/ament_index/resource_index/package_run_dependencies/ecl_utilities
[6.412s] -- Installing: /home/locobot/LoCoBotRos/interbotix_ws/install/ecl_utilities/share/ament_index/resource_index/parent_prefix_path/ecl_utilities
[6.413s] -- Up-to-date: /home/locobot/LoCoBotRos/interbotix_ws/install/ecl_utilities/share/ecl_utilities/environment/ament_prefix_path.sh
[6.413s] -- Installing: /home/locobot/LoCoBotRos/interbotix_ws/install/ecl_utilities/share/ecl_utilities/environment/ament_prefix_path.dsv
[6.413s] -- Up-to-date: /home/locobot/LoCoBotRos/interbotix_ws/install/ecl_utilities/share/ecl_utilities/environment/path.sh
[6.413s] -- Installing: /home/locobot/LoCoBotRos/interbotix_ws/install/ecl_utilities/share/ecl_utilities/environment/path.dsv
[6.413s] -- Up-to-date: /home/locobot/LoCoBotRos/interbotix_ws/install/ecl_utilities/share/ecl_utilities/local_setup.bash
[6.413s] -- Up-to-date: /home/locobot/LoCoBotRos/interbotix_ws/install/ecl_utilities/share/ecl_utilities/local_setup.sh
[6.413s] -- Up-to-date: /home/locobot/LoCoBotRos/interbotix_ws/install/ecl_utilities/share/ecl_utilities/local_setup.zsh
[6.413s] -- Installing: /home/locobot/LoCoBotRos/interbotix_ws/install/ecl_utilities/share/ecl_utilities/local_setup.dsv
[6.414s] -- Installing: /home/locobot/LoCoBotRos/interbotix_ws/install/ecl_utilities/share/ecl_utilities/package.dsv
[6.414s] -- Up-to-date: /home/locobot/LoCoBotRos/interbotix_ws/install/ecl_utilities/share/ament_index/resource_index/packages/ecl_utilities
[6.414s] -- Up-to-date: /home/locobot/LoCoBotRos/interbotix_ws/install/ecl_utilities/share/ecl_utilities/cmake/ecl_utilitiesExport.cmake
[6.414s] -- Up-to-date: /home/locobot/LoCoBotRos/interbotix_ws/install/ecl_utilities/share/ecl_utilities/cmake/ament_cmake_export_targets-extras.cmake
[6.414s] -- Up-to-date: /home/locobot/LoCoBotRos/interbotix_ws/install/ecl_utilities/share/ecl_utilities/cmake/ament_cmake_export_include_directories-extras.cmake
[6.414s] -- Up-to-date: /home/locobot/LoCoBotRos/interbotix_ws/install/ecl_utilities/share/ecl_utilities/cmake/ament_cmake_export_dependencies-extras.cmake
[6.414s] -- Up-to-date: /home/locobot/LoCoBotRos/interbotix_ws/install/ecl_utilities/share/ecl_utilities/cmake/ecl_utilitiesConfig.cmake
[6.414s] -- Up-to-date: /home/locobot/LoCoBotRos/interbotix_ws/install/ecl_utilities/share/ecl_utilities/cmake/ecl_utilitiesConfig-version.cmake
[6.414s] -- Up-to-date: /home/locobot/LoCoBotRos/interbotix_ws/install/ecl_utilities/share/ecl_utilities/package.xml
[6.414s] -- Up-to-date: /home/locobot/LoCoBotRos/interbotix_ws/install/ecl_utilities/include/ecl/utilities.hpp
[6.414s] -- Up-to-date: /home/locobot/LoCoBotRos/interbotix_ws/install/ecl_utilities/include/ecl/utilities/blueprints.hpp
[6.415s] -- Up-to-date: /home/locobot/LoCoBotRos/interbotix_ws/install/ecl_utilities/include/ecl/utilities/flags.hpp
[6.415s] -- Up-to-date: /home/locobot/LoCoBotRos/interbotix_ws/install/ecl_utilities/include/ecl/utilities/function_objects.hpp
[6.415s] -- Up-to-date: /home/locobot/LoCoBotRos/interbotix_ws/install/ecl_utilities/include/ecl/utilities/parameter.hpp
[6.415s] -- Up-to-date: /home/locobot/LoCoBotRos/interbotix_ws/install/ecl_utilities/include/ecl/utilities/references.hpp
[6.415s] -- Up-to-date: /home/locobot/LoCoBotRos/interbotix_ws/install/ecl_utilities/include/ecl/utilities/singleton.hpp
[6.415s] -- Up-to-date: /home/locobot/LoCoBotRos/interbotix_ws/install/ecl_utilities/include/ecl/utilities/void.hpp
[6.415s] -- Installing: /home/locobot/LoCoBotRos/interbotix_ws/install/ecl_utilities/lib/ecl_utilities/demo_constructors
[6.416s] -- Set runtime path of "/home/locobot/LoCoBotRos/interbotix_ws/install/ecl_utilities/lib/ecl_utilities/demo_constructors" to ""
[6.418s] Invoked command in '/home/locobot/LoCoBotRos/interbotix_ws/build/ecl_utilities' returned '0': AMENT_PREFIX_PATH=/home/locobot/LoCoBotRos/interbotix_ws/install/ecl_concepts:/home/locobot/LoCoBotRos/interbotix_ws/install/ecl_type_traits:/home/locobot/LoCoBotRos/interbotix_ws/install/ecl_mpl:/home/locobot/LoCoBotRos/interbotix_ws/install/ecl_config:${AMENT_PREFIX_PATH} CMAKE_PREFIX_PATH=/home/locobot/LoCoBotRos/interbotix_ws/install/ecl_concepts:/home/locobot/LoCoBotRos/interbotix_ws/install/ecl_type_traits:/home/locobot/LoCoBotRos/interbotix_ws/install/ecl_mpl:/home/locobot/LoCoBotRos/interbotix_ws/install/ecl_config:/home/locobot/apriltag_ws/install/apriltag_ros:/opt/ros/humble LD_LIBRARY_PATH=/home/locobot/LoCoBotRos/interbotix_ws/install/ecl_type_traits/lib:${LD_LIBRARY_PATH} PATH=/home/locobot/LoCoBotRos/interbotix_ws/install/ecl_type_traits/bin:/home/locobot/LoCoBotRos/interbotix_ws/install/ecl_config/bin:${PATH} /usr/bin/cmake --install /home/locobot/LoCoBotRos/interbotix_ws/build/ecl_utilities
