[0.013s] Invoking command in '/home/locobot/LoCoBotRos/interbotix_ws/build/ecl_formatters': AMENT_PREFIX_PATH=/home/locobot/LoCoBotRos/interbotix_ws/install/ecl_converters:/home/locobot/LoCoBotRos/interbotix_ws/install/ecl_exceptions:/home/locobot/LoCoBotRos/interbotix_ws/install/ecl_concepts:/home/locobot/LoCoBotRos/interbotix_ws/install/ecl_type_traits:/home/locobot/LoCoBotRos/interbotix_ws/install/ecl_errors:/home/locobot/LoCoBotRos/interbotix_ws/install/ecl_mpl:/home/locobot/LoCoBotRos/interbotix_ws/install/ecl_config:${AMENT_PREFIX_PATH} CMAKE_PREFIX_PATH=/home/locobot/LoCoBotRos/interbotix_ws/install/ecl_converters:/home/locobot/LoCoBotRos/interbotix_ws/install/ecl_exceptions:/home/locobot/LoCoBotRos/interbotix_ws/install/ecl_concepts:/home/locobot/LoCoBotRos/interbotix_ws/install/ecl_type_traits:/home/locobot/LoCoBotRos/interbotix_ws/install/ecl_errors:/home/locobot/LoCoBotRos/interbotix_ws/install/ecl_mpl:/home/locobot/LoCoBotRos/interbotix_ws/install/ecl_config:/home/locobot/apriltag_ws/install/apriltag_ros:/opt/ros/humble LD_LIBRARY_PATH=/home/locobot/LoCoBotRos/interbotix_ws/install/ecl_exceptions/lib:/home/locobot/LoCoBotRos/interbotix_ws/install/ecl_type_traits/lib:/home/locobot/LoCoBotRos/interbotix_ws/install/ecl_errors/lib:${LD_LIBRARY_PATH} PATH=/home/locobot/LoCoBotRos/interbotix_ws/install/ecl_type_traits/bin:/home/locobot/LoCoBotRos/interbotix_ws/install/ecl_config/bin:${PATH} /usr/bin/cmake --build /home/locobot/LoCoBotRos/interbotix_ws/build/ecl_formatters -- -j16 -l16
[0.045s] [35m[1mConsolidate compiler generated dependencies of target ecl_formatters[0m
[0.054s] [ 50%] Built target ecl_formatters
[0.063s] [35m[1mConsolidate compiler generated dependencies of target ecl_demo_formatters[0m
[0.073s] [100%] Built target ecl_demo_formatters
[0.081s] Invoked command in '/home/locobot/LoCoBotRos/interbotix_ws/build/ecl_formatters' returned '0': AMENT_PREFIX_PATH=/home/locobot/LoCoBotRos/interbotix_ws/install/ecl_converters:/home/locobot/LoCoBotRos/interbotix_ws/install/ecl_exceptions:/home/locobot/LoCoBotRos/interbotix_ws/install/ecl_concepts:/home/locobot/LoCoBotRos/interbotix_ws/install/ecl_type_traits:/home/locobot/LoCoBotRos/interbotix_ws/install/ecl_errors:/home/locobot/LoCoBotRos/interbotix_ws/install/ecl_mpl:/home/locobot/LoCoBotRos/interbotix_ws/install/ecl_config:${AMENT_PREFIX_PATH} CMAKE_PREFIX_PATH=/home/locobot/LoCoBotRos/interbotix_ws/install/ecl_converters:/home/locobot/LoCoBotRos/interbotix_ws/install/ecl_exceptions:/home/locobot/LoCoBotRos/interbotix_ws/install/ecl_concepts:/home/locobot/LoCoBotRos/interbotix_ws/install/ecl_type_traits:/home/locobot/LoCoBotRos/interbotix_ws/install/ecl_errors:/home/locobot/LoCoBotRos/interbotix_ws/install/ecl_mpl:/home/locobot/LoCoBotRos/interbotix_ws/install/ecl_config:/home/locobot/apriltag_ws/install/apriltag_ros:/opt/ros/humble LD_LIBRARY_PATH=/home/locobot/LoCoBotRos/interbotix_ws/install/ecl_exceptions/lib:/home/locobot/LoCoBotRos/interbotix_ws/install/ecl_type_traits/lib:/home/locobot/LoCoBotRos/interbotix_ws/install/ecl_errors/lib:${LD_LIBRARY_PATH} PATH=/home/locobot/LoCoBotRos/interbotix_ws/install/ecl_type_traits/bin:/home/locobot/LoCoBotRos/interbotix_ws/install/ecl_config/bin:${PATH} /usr/bin/cmake --build /home/locobot/LoCoBotRos/interbotix_ws/build/ecl_formatters -- -j16 -l16
[0.083s] Invoking command in '/home/locobot/LoCoBotRos/interbotix_ws/build/ecl_formatters': AMENT_PREFIX_PATH=/home/locobot/LoCoBotRos/interbotix_ws/install/ecl_converters:/home/locobot/LoCoBotRos/interbotix_ws/install/ecl_exceptions:/home/locobot/LoCoBotRos/interbotix_ws/install/ecl_concepts:/home/locobot/LoCoBotRos/interbotix_ws/install/ecl_type_traits:/home/locobot/LoCoBotRos/interbotix_ws/install/ecl_errors:/home/locobot/LoCoBotRos/interbotix_ws/install/ecl_mpl:/home/locobot/LoCoBotRos/interbotix_ws/install/ecl_config:${AMENT_PREFIX_PATH} CMAKE_PREFIX_PATH=/home/locobot/LoCoBotRos/interbotix_ws/install/ecl_converters:/home/locobot/LoCoBotRos/interbotix_ws/install/ecl_exceptions:/home/locobot/LoCoBotRos/interbotix_ws/install/ecl_concepts:/home/locobot/LoCoBotRos/interbotix_ws/install/ecl_type_traits:/home/locobot/LoCoBotRos/interbotix_ws/install/ecl_errors:/home/locobot/LoCoBotRos/interbotix_ws/install/ecl_mpl:/home/locobot/LoCoBotRos/interbotix_ws/install/ecl_config:/home/locobot/apriltag_ws/install/apriltag_ros:/opt/ros/humble LD_LIBRARY_PATH=/home/locobot/LoCoBotRos/interbotix_ws/install/ecl_exceptions/lib:/home/locobot/LoCoBotRos/interbotix_ws/install/ecl_type_traits/lib:/home/locobot/LoCoBotRos/interbotix_ws/install/ecl_errors/lib:${LD_LIBRARY_PATH} PATH=/home/locobot/LoCoBotRos/interbotix_ws/install/ecl_type_traits/bin:/home/locobot/LoCoBotRos/interbotix_ws/install/ecl_config/bin:${PATH} /usr/bin/cmake --install /home/locobot/LoCoBotRos/interbotix_ws/build/ecl_formatters
[0.090s] -- Install configuration: "Release"
[0.090s] -- Up-to-date: /home/locobot/LoCoBotRos/interbotix_ws/install/ecl_formatters/share/ecl_formatters/environment/library_path.sh
[0.090s] -- Up-to-date: /home/locobot/LoCoBotRos/interbotix_ws/install/ecl_formatters/share/ecl_formatters/environment/library_path.dsv
[0.090s] -- Up-to-date: /home/locobot/LoCoBotRos/interbotix_ws/install/ecl_formatters/share/ament_index/resource_index/package_run_dependencies/ecl_formatters
[0.090s] -- Up-to-date: /home/locobot/LoCoBotRos/interbotix_ws/install/ecl_formatters/share/ament_index/resource_index/parent_prefix_path/ecl_formatters
[0.090s] -- Up-to-date: /home/locobot/LoCoBotRos/interbotix_ws/install/ecl_formatters/share/ecl_formatters/environment/ament_prefix_path.sh
[0.090s] -- Up-to-date: /home/locobot/LoCoBotRos/interbotix_ws/install/ecl_formatters/share/ecl_formatters/environment/ament_prefix_path.dsv
[0.090s] -- Up-to-date: /home/locobot/LoCoBotRos/interbotix_ws/install/ecl_formatters/share/ecl_formatters/environment/path.sh
[0.090s] -- Up-to-date: /home/locobot/LoCoBotRos/interbotix_ws/install/ecl_formatters/share/ecl_formatters/environment/path.dsv
[0.091s] -- Up-to-date: /home/locobot/LoCoBotRos/interbotix_ws/install/ecl_formatters/share/ecl_formatters/local_setup.bash
[0.091s] -- Up-to-date: /home/locobot/LoCoBotRos/interbotix_ws/install/ecl_formatters/share/ecl_formatters/local_setup.sh
[0.091s] -- Up-to-date: /home/locobot/LoCoBotRos/interbotix_ws/install/ecl_formatters/share/ecl_formatters/local_setup.zsh
[0.091s] -- Up-to-date: /home/locobot/LoCoBotRos/interbotix_ws/install/ecl_formatters/share/ecl_formatters/local_setup.dsv
[0.091s] -- Up-to-date: /home/locobot/LoCoBotRos/interbotix_ws/install/ecl_formatters/share/ecl_formatters/package.dsv
[0.091s] -- Up-to-date: /home/locobot/LoCoBotRos/interbotix_ws/install/ecl_formatters/share/ament_index/resource_index/packages/ecl_formatters
[0.091s] -- Up-to-date: /home/locobot/LoCoBotRos/interbotix_ws/install/ecl_formatters/share/ecl_formatters/cmake/ecl_formattersExport.cmake
[0.091s] -- Up-to-date: /home/locobot/LoCoBotRos/interbotix_ws/install/ecl_formatters/share/ecl_formatters/cmake/ecl_formattersExport-release.cmake
[0.091s] -- Up-to-date: /home/locobot/LoCoBotRos/interbotix_ws/install/ecl_formatters/share/ecl_formatters/cmake/ament_cmake_export_targets-extras.cmake
[0.091s] -- Up-to-date: /home/locobot/LoCoBotRos/interbotix_ws/install/ecl_formatters/share/ecl_formatters/cmake/ament_cmake_export_include_directories-extras.cmake
[0.092s] -- Up-to-date: /home/locobot/LoCoBotRos/interbotix_ws/install/ecl_formatters/share/ecl_formatters/cmake/ament_cmake_export_libraries-extras.cmake
[0.092s] -- Up-to-date: /home/locobot/LoCoBotRos/interbotix_ws/install/ecl_formatters/share/ecl_formatters/cmake/ament_cmake_export_dependencies-extras.cmake
[0.092s] -- Up-to-date: /home/locobot/LoCoBotRos/interbotix_ws/install/ecl_formatters/share/ecl_formatters/cmake/ecl_formattersConfig.cmake
[0.092s] -- Up-to-date: /home/locobot/LoCoBotRos/interbotix_ws/install/ecl_formatters/share/ecl_formatters/cmake/ecl_formattersConfig-version.cmake
[0.092s] -- Up-to-date: /home/locobot/LoCoBotRos/interbotix_ws/install/ecl_formatters/share/ecl_formatters/package.xml
[0.092s] -- Up-to-date: /home/locobot/LoCoBotRos/interbotix_ws/install/ecl_formatters/include/ecl/formatters.hpp
[0.092s] -- Up-to-date: /home/locobot/LoCoBotRos/interbotix_ws/install/ecl_formatters/include/ecl/formatters/common.hpp
[0.092s] -- Up-to-date: /home/locobot/LoCoBotRos/interbotix_ws/install/ecl_formatters/include/ecl/formatters/floats.hpp
[0.092s] -- Up-to-date: /home/locobot/LoCoBotRos/interbotix_ws/install/ecl_formatters/include/ecl/formatters/macros.hpp
[0.092s] -- Up-to-date: /home/locobot/LoCoBotRos/interbotix_ws/install/ecl_formatters/include/ecl/formatters/number.hpp
[0.093s] -- Up-to-date: /home/locobot/LoCoBotRos/interbotix_ws/install/ecl_formatters/include/ecl/formatters/strings.hpp
[0.093s] -- Up-to-date: /home/locobot/LoCoBotRos/interbotix_ws/install/ecl_formatters/lib/libecl_formatters.so.1.2.1
[0.093s] -- Up-to-date: /home/locobot/LoCoBotRos/interbotix_ws/install/ecl_formatters/lib/libecl_formatters.so
[0.094s] -- Up-to-date: /home/locobot/LoCoBotRos/interbotix_ws/install/ecl_formatters/lib/ecl_formatters/demo_formatters
[0.095s] Invoked command in '/home/locobot/LoCoBotRos/interbotix_ws/build/ecl_formatters' returned '0': AMENT_PREFIX_PATH=/home/locobot/LoCoBotRos/interbotix_ws/install/ecl_converters:/home/locobot/LoCoBotRos/interbotix_ws/install/ecl_exceptions:/home/locobot/LoCoBotRos/interbotix_ws/install/ecl_concepts:/home/locobot/LoCoBotRos/interbotix_ws/install/ecl_type_traits:/home/locobot/LoCoBotRos/interbotix_ws/install/ecl_errors:/home/locobot/LoCoBotRos/interbotix_ws/install/ecl_mpl:/home/locobot/LoCoBotRos/interbotix_ws/install/ecl_config:${AMENT_PREFIX_PATH} CMAKE_PREFIX_PATH=/home/locobot/LoCoBotRos/interbotix_ws/install/ecl_converters:/home/locobot/LoCoBotRos/interbotix_ws/install/ecl_exceptions:/home/locobot/LoCoBotRos/interbotix_ws/install/ecl_concepts:/home/locobot/LoCoBotRos/interbotix_ws/install/ecl_type_traits:/home/locobot/LoCoBotRos/interbotix_ws/install/ecl_errors:/home/locobot/LoCoBotRos/interbotix_ws/install/ecl_mpl:/home/locobot/LoCoBotRos/interbotix_ws/install/ecl_config:/home/locobot/apriltag_ws/install/apriltag_ros:/opt/ros/humble LD_LIBRARY_PATH=/home/locobot/LoCoBotRos/interbotix_ws/install/ecl_exceptions/lib:/home/locobot/LoCoBotRos/interbotix_ws/install/ecl_type_traits/lib:/home/locobot/LoCoBotRos/interbotix_ws/install/ecl_errors/lib:${LD_LIBRARY_PATH} PATH=/home/locobot/LoCoBotRos/interbotix_ws/install/ecl_type_traits/bin:/home/locobot/LoCoBotRos/interbotix_ws/install/ecl_config/bin:${PATH} /usr/bin/cmake --install /home/locobot/LoCoBotRos/interbotix_ws/build/ecl_formatters
