[0.024s] Invoking command in '/home/rowanfoxx/Documents/GitHub/LoCoBotRos/build/turtlesim': CMAKE_PREFIX_PATH=${CMAKE_PREFIX_PATH}:/home/rowanfoxx/ros2_jazzy/install/rqt_bag_plugins:/home/rowanfoxx/ros2_jazzy/install/rqt_bag:/home/rowanfoxx/ros2_jazzy/install/rosbag2_examples_py:/home/rowanfoxx/ros2_jazzy/install/launch_testing_examples:/home/rowanfoxx/ros2_jazzy/install/ros2bag:/home/rowanfoxx/ros2_jazzy/install/tracetools_test:/home/rowanfoxx/ros2_jazzy/install/tracetools_launch:/home/rowanfoxx/ros2_jazzy/install/topic_monitor:/home/rowanfoxx/ros2_jazzy/install/tf2_tools:/home/rowanfoxx/ros2_jazzy/install/examples_tf2_py:/home/rowanfoxx/ros2_jazzy/install/tf2_ros_py:/home/rowanfoxx/ros2_jazzy/install/examples_rclpy_pointcloud_publisher:/home/rowanfoxx/ros2_jazzy/install/sensor_msgs_py:/home/rowanfoxx/ros2_jazzy/install/quality_of_service_demo_py:/home/rowanfoxx/ros2_jazzy/install/camera_info_manager_py:/home/rowanfoxx/ros2_jazzy/install/rqt_plot:/home/rowanfoxx/ros2_jazzy/install/ros2doctor:/home/rowanfoxx/ros2_jazzy/install/lifecycle_py:/home/rowanfoxx/ros2_jazzy/install/examples_rclpy_minimal_subscriber:/home/rowanfoxx/ros2_jazzy/install/examples_rclpy_minimal_service:/home/rowanfoxx/ros2_jazzy/install/examples_rclpy_minimal_publisher:/home/rowanfoxx/ros2_jazzy/install/examples_rclpy_minimal_client:/home/rowanfoxx/ros2_jazzy/install/examples_rclpy_executors:/home/rowanfoxx/ros2_jazzy/install/demo_nodes_py:/home/rowanfoxx/ros2_jazzy/install/rqt:/home/rowanfoxx/ros2_jazzy/install/ros2component:/home/rowanfoxx/ros2_jazzy/install/sros2:/home/rowanfoxx/ros2_jazzy/install/rqt_topic:/home/rowanfoxx/ros2_jazzy/install/rqt_srv:/home/rowanfoxx/ros2_jazzy/install/rqt_shell:/home/rowanfoxx/ros2_jazzy/install/rqt_service_caller:/home/rowanfoxx/ros2_jazzy/install/rqt_reconfigure:/home/rowanfoxx/ros2_jazzy/install/rqt_py_console:/home/rowanfoxx/ros2_jazzy/install/rqt_publisher:/home/rowanfoxx/ros2_jazzy/install/rqt_action:/home/rowanfoxx/ros2_jazzy/install/rqt_msg:/home/rowanfoxx/ros2_jazzy/install/rqt_console:/home/rowanfoxx/ros2_jazzy/install/rqt_graph:/home/rowanfoxx/ros2_jazzy/install/rqt_gui_py:/home/rowanfoxx/ros2_jazzy/install/rqt_gui:/home/rowanfoxx/ros2_jazzy/install/ros2trace:/home/rowanfoxx/ros2_jazzy/install/ros2param:/home/rowanfoxx/ros2_jazzy/install/ros2lifecycle:/home/rowanfoxx/ros2_jazzy/install/ros2service:/home/rowanfoxx/ros2_jazzy/install/ros2topic:/home/rowanfoxx/ros2_jazzy/install/ros2test:/home/rowanfoxx/ros2_jazzy/install/ros2run:/home/rowanfoxx/ros2_jazzy/install/ros2launch:/home/rowanfoxx/ros2_jazzy/install/ros2pkg:/home/rowanfoxx/ros2_jazzy/install/ros2node:/home/rowanfoxx/ros2_jazzy/install/ros2multicast:/home/rowanfoxx/ros2_jazzy/install/ros2interface:/home/rowanfoxx/ros2_jazzy/install/ros2action:/home/rowanfoxx/ros2_jazzy/install/ros2cli:/home/rowanfoxx/ros2_jazzy/install/launch_testing_ros:/home/rowanfoxx/ros2_jazzy/install/launch_ros:/home/rowanfoxx/ros2_jazzy/install/examples_rclpy_minimal_action_server:/home/rowanfoxx/ros2_jazzy/install/examples_rclpy_minimal_action_client:/home/rowanfoxx/ros2_jazzy/install/examples_rclpy_guard_conditions:/home/rowanfoxx/ros2_jazzy/install/action_tutorials_py:/home/rowanfoxx/ros2_jazzy/install/ament_uncrustify:/home/rowanfoxx/ros2_jazzy/install/tracetools_trace:/home/rowanfoxx/ros2_jazzy/install/tracetools_read:/home/rowanfoxx/ros2_jazzy/install/test_tracetools_launch:/home/rowanfoxx/ros2_jazzy/install/test_ros2trace:/home/rowanfoxx/ros2_jazzy/install/test_launch_ros:/home/rowanfoxx/ros2_jazzy/install/rpyutils:/home/rowanfoxx/ros2_jazzy/install/rosidl_runtime_py:/home/rowanfoxx/ros2_jazzy/install/rosidl_pycommon:/home/rowanfoxx/ros2_jazzy/install/rosidl_cli:/home/rowanfoxx/ros2_jazzy/install/launch_pytest:/home/rowanfoxx/ros2_jazzy/install/launch_testing:/home/rowanfoxx/ros2_jazzy/install/launch_yaml:/home/rowanfoxx/ros2_jazzy/install/launch_xml:/home/rowanfoxx/ros2_jazzy/install/launch:/home/rowanfoxx/ros2_jazzy/install/osrf_pycommon:/home/rowanfoxx/ros2_jazzy/install/domain_coordinator:/home/rowanfoxx/ros2_jazzy/install/ament_xmllint:/home/rowanfoxx/ros2_jazzy/install/ament_pyflakes:/home/rowanfoxx/ros2_jazzy/install/ament_pycodestyle:/home/rowanfoxx/ros2_jazzy/install/ament_pep257:/home/rowanfoxx/ros2_jazzy/install/ament_pclint:/home/rowanfoxx/ros2_jazzy/install/ament_package:/home/rowanfoxx/ros2_jazzy/install/ament_mypy:/home/rowanfoxx/ros2_jazzy/install/ament_lint_cmake:/home/rowanfoxx/ros2_jazzy/install/ament_flake8:/home/rowanfoxx/ros2_jazzy/install/ament_copyright:/home/rowanfoxx/ros2_jazzy/install/ament_lint:/home/rowanfoxx/ros2_jazzy/install/ament_index_python:/home/rowanfoxx/ros2_jazzy/install/ament_cpplint:/home/rowanfoxx/ros2_jazzy/install/ament_cppcheck:/home/rowanfoxx/ros2_jazzy/install/ament_clang_tidy:/home/rowanfoxx/ros2_jazzy/install/ament_clang_format DEBUGINFOD_URLS=https://debuginfod.fedoraproject.org/ _=/usr/bin/env /usr/bin/cmake --build /home/rowanfoxx/Documents/GitHub/LoCoBotRos/build/turtlesim -- -j16 -l16
[0.091s] [  0%] Built target turtlesim__rosidl_generator_type_description
[0.103s] [  0%] Built target ament_cmake_python_copy_turtlesim
[0.115s] [  1%] Built target turtlesim__cpp
[0.126s] [ 24%] Built target turtlesim__rosidl_generator_c
[0.156s] [ 33%] Built target turtlesim__rosidl_typesupport_introspection_c
[0.161s] [ 42%] Built target turtlesim__rosidl_typesupport_c
[0.164s] [ 50%] Built target turtlesim__rosidl_typesupport_fastrtps_c
[0.166s] [ 59%] Built target turtlesim__rosidl_typesupport_fastrtps_cpp
[0.166s] [ 68%] Built target turtlesim__rosidl_typesupport_cpp
[0.173s] [ 76%] Built target turtlesim__rosidl_typesupport_introspection_cpp
[0.200s] [ 76%] Built target turtlesim
[0.201s] [ 77%] Built target draw_square
[0.202s] [ 79%] Built target turtle_teleop_key
[0.207s] [ 81%] Built target mimic
[0.216s] [ 82%] [32mBuilding CXX object CMakeFiles/turtlesim_node.dir/src/turtle_frame.cpp.o[0m
[0.228s] [ 82%] Built target turtlesim__py
[0.263s] [ 90%] Built target turtlesim__rosidl_generator_py
[0.291s] [ 92%] Built target turtlesim_s__rosidl_typesupport_introspection_c
[0.291s] [ 94%] Built target turtlesim_s__rosidl_typesupport_fastrtps_c
[0.293s] [ 96%] Built target turtlesim_s__rosidl_typesupport_c
[0.434s] running egg_info
[0.455s] writing turtlesim.egg-info/PKG-INFO
[0.455s] writing dependency_links to turtlesim.egg-info/dependency_links.txt
[0.455s] writing top-level names to turtlesim.egg-info/top_level.txt
[0.525s] reading manifest file 'turtlesim.egg-info/SOURCES.txt'
[0.525s] writing manifest file 'turtlesim.egg-info/SOURCES.txt'
[0.559s] [ 96%] Built target ament_cmake_python_build_turtlesim_egg
[6.903s] [ 97%] [32m[1mLinking CXX executable turtlesim_node[0m
[7.454s] [100%] Built target turtlesim_node
[7.466s] Invoked command in '/home/rowanfoxx/Documents/GitHub/LoCoBotRos/build/turtlesim' returned '0': CMAKE_PREFIX_PATH=${CMAKE_PREFIX_PATH}:/home/rowanfoxx/ros2_jazzy/install/rqt_bag_plugins:/home/rowanfoxx/ros2_jazzy/install/rqt_bag:/home/rowanfoxx/ros2_jazzy/install/rosbag2_examples_py:/home/rowanfoxx/ros2_jazzy/install/launch_testing_examples:/home/rowanfoxx/ros2_jazzy/install/ros2bag:/home/rowanfoxx/ros2_jazzy/install/tracetools_test:/home/rowanfoxx/ros2_jazzy/install/tracetools_launch:/home/rowanfoxx/ros2_jazzy/install/topic_monitor:/home/rowanfoxx/ros2_jazzy/install/tf2_tools:/home/rowanfoxx/ros2_jazzy/install/examples_tf2_py:/home/rowanfoxx/ros2_jazzy/install/tf2_ros_py:/home/rowanfoxx/ros2_jazzy/install/examples_rclpy_pointcloud_publisher:/home/rowanfoxx/ros2_jazzy/install/sensor_msgs_py:/home/rowanfoxx/ros2_jazzy/install/quality_of_service_demo_py:/home/rowanfoxx/ros2_jazzy/install/camera_info_manager_py:/home/rowanfoxx/ros2_jazzy/install/rqt_plot:/home/rowanfoxx/ros2_jazzy/install/ros2doctor:/home/rowanfoxx/ros2_jazzy/install/lifecycle_py:/home/rowanfoxx/ros2_jazzy/install/examples_rclpy_minimal_subscriber:/home/rowanfoxx/ros2_jazzy/install/examples_rclpy_minimal_service:/home/rowanfoxx/ros2_jazzy/install/examples_rclpy_minimal_publisher:/home/rowanfoxx/ros2_jazzy/install/examples_rclpy_minimal_client:/home/rowanfoxx/ros2_jazzy/install/examples_rclpy_executors:/home/rowanfoxx/ros2_jazzy/install/demo_nodes_py:/home/rowanfoxx/ros2_jazzy/install/rqt:/home/rowanfoxx/ros2_jazzy/install/ros2component:/home/rowanfoxx/ros2_jazzy/install/sros2:/home/rowanfoxx/ros2_jazzy/install/rqt_topic:/home/rowanfoxx/ros2_jazzy/install/rqt_srv:/home/rowanfoxx/ros2_jazzy/install/rqt_shell:/home/rowanfoxx/ros2_jazzy/install/rqt_service_caller:/home/rowanfoxx/ros2_jazzy/install/rqt_reconfigure:/home/rowanfoxx/ros2_jazzy/install/rqt_py_console:/home/rowanfoxx/ros2_jazzy/install/rqt_publisher:/home/rowanfoxx/ros2_jazzy/install/rqt_action:/home/rowanfoxx/ros2_jazzy/install/rqt_msg:/home/rowanfoxx/ros2_jazzy/install/rqt_console:/home/rowanfoxx/ros2_jazzy/install/rqt_graph:/home/rowanfoxx/ros2_jazzy/install/rqt_gui_py:/home/rowanfoxx/ros2_jazzy/install/rqt_gui:/home/rowanfoxx/ros2_jazzy/install/ros2trace:/home/rowanfoxx/ros2_jazzy/install/ros2param:/home/rowanfoxx/ros2_jazzy/install/ros2lifecycle:/home/rowanfoxx/ros2_jazzy/install/ros2service:/home/rowanfoxx/ros2_jazzy/install/ros2topic:/home/rowanfoxx/ros2_jazzy/install/ros2test:/home/rowanfoxx/ros2_jazzy/install/ros2run:/home/rowanfoxx/ros2_jazzy/install/ros2launch:/home/rowanfoxx/ros2_jazzy/install/ros2pkg:/home/rowanfoxx/ros2_jazzy/install/ros2node:/home/rowanfoxx/ros2_jazzy/install/ros2multicast:/home/rowanfoxx/ros2_jazzy/install/ros2interface:/home/rowanfoxx/ros2_jazzy/install/ros2action:/home/rowanfoxx/ros2_jazzy/install/ros2cli:/home/rowanfoxx/ros2_jazzy/install/launch_testing_ros:/home/rowanfoxx/ros2_jazzy/install/launch_ros:/home/rowanfoxx/ros2_jazzy/install/examples_rclpy_minimal_action_server:/home/rowanfoxx/ros2_jazzy/install/examples_rclpy_minimal_action_client:/home/rowanfoxx/ros2_jazzy/install/examples_rclpy_guard_conditions:/home/rowanfoxx/ros2_jazzy/install/action_tutorials_py:/home/rowanfoxx/ros2_jazzy/install/ament_uncrustify:/home/rowanfoxx/ros2_jazzy/install/tracetools_trace:/home/rowanfoxx/ros2_jazzy/install/tracetools_read:/home/rowanfoxx/ros2_jazzy/install/test_tracetools_launch:/home/rowanfoxx/ros2_jazzy/install/test_ros2trace:/home/rowanfoxx/ros2_jazzy/install/test_launch_ros:/home/rowanfoxx/ros2_jazzy/install/rpyutils:/home/rowanfoxx/ros2_jazzy/install/rosidl_runtime_py:/home/rowanfoxx/ros2_jazzy/install/rosidl_pycommon:/home/rowanfoxx/ros2_jazzy/install/rosidl_cli:/home/rowanfoxx/ros2_jazzy/install/launch_pytest:/home/rowanfoxx/ros2_jazzy/install/launch_testing:/home/rowanfoxx/ros2_jazzy/install/launch_yaml:/home/rowanfoxx/ros2_jazzy/install/launch_xml:/home/rowanfoxx/ros2_jazzy/install/launch:/home/rowanfoxx/ros2_jazzy/install/osrf_pycommon:/home/rowanfoxx/ros2_jazzy/install/domain_coordinator:/home/rowanfoxx/ros2_jazzy/install/ament_xmllint:/home/rowanfoxx/ros2_jazzy/install/ament_pyflakes:/home/rowanfoxx/ros2_jazzy/install/ament_pycodestyle:/home/rowanfoxx/ros2_jazzy/install/ament_pep257:/home/rowanfoxx/ros2_jazzy/install/ament_pclint:/home/rowanfoxx/ros2_jazzy/install/ament_package:/home/rowanfoxx/ros2_jazzy/install/ament_mypy:/home/rowanfoxx/ros2_jazzy/install/ament_lint_cmake:/home/rowanfoxx/ros2_jazzy/install/ament_flake8:/home/rowanfoxx/ros2_jazzy/install/ament_copyright:/home/rowanfoxx/ros2_jazzy/install/ament_lint:/home/rowanfoxx/ros2_jazzy/install/ament_index_python:/home/rowanfoxx/ros2_jazzy/install/ament_cpplint:/home/rowanfoxx/ros2_jazzy/install/ament_cppcheck:/home/rowanfoxx/ros2_jazzy/install/ament_clang_tidy:/home/rowanfoxx/ros2_jazzy/install/ament_clang_format DEBUGINFOD_URLS=https://debuginfod.fedoraproject.org/ _=/usr/bin/env /usr/bin/cmake --build /home/rowanfoxx/Documents/GitHub/LoCoBotRos/build/turtlesim -- -j16 -l16
[7.479s] Invoking command in '/home/rowanfoxx/Documents/GitHub/LoCoBotRos/build/turtlesim': CMAKE_PREFIX_PATH=${CMAKE_PREFIX_PATH}:/home/rowanfoxx/ros2_jazzy/install/rqt_bag_plugins:/home/rowanfoxx/ros2_jazzy/install/rqt_bag:/home/rowanfoxx/ros2_jazzy/install/rosbag2_examples_py:/home/rowanfoxx/ros2_jazzy/install/launch_testing_examples:/home/rowanfoxx/ros2_jazzy/install/ros2bag:/home/rowanfoxx/ros2_jazzy/install/tracetools_test:/home/rowanfoxx/ros2_jazzy/install/tracetools_launch:/home/rowanfoxx/ros2_jazzy/install/topic_monitor:/home/rowanfoxx/ros2_jazzy/install/tf2_tools:/home/rowanfoxx/ros2_jazzy/install/examples_tf2_py:/home/rowanfoxx/ros2_jazzy/install/tf2_ros_py:/home/rowanfoxx/ros2_jazzy/install/examples_rclpy_pointcloud_publisher:/home/rowanfoxx/ros2_jazzy/install/sensor_msgs_py:/home/rowanfoxx/ros2_jazzy/install/quality_of_service_demo_py:/home/rowanfoxx/ros2_jazzy/install/camera_info_manager_py:/home/rowanfoxx/ros2_jazzy/install/rqt_plot:/home/rowanfoxx/ros2_jazzy/install/ros2doctor:/home/rowanfoxx/ros2_jazzy/install/lifecycle_py:/home/rowanfoxx/ros2_jazzy/install/examples_rclpy_minimal_subscriber:/home/rowanfoxx/ros2_jazzy/install/examples_rclpy_minimal_service:/home/rowanfoxx/ros2_jazzy/install/examples_rclpy_minimal_publisher:/home/rowanfoxx/ros2_jazzy/install/examples_rclpy_minimal_client:/home/rowanfoxx/ros2_jazzy/install/examples_rclpy_executors:/home/rowanfoxx/ros2_jazzy/install/demo_nodes_py:/home/rowanfoxx/ros2_jazzy/install/rqt:/home/rowanfoxx/ros2_jazzy/install/ros2component:/home/rowanfoxx/ros2_jazzy/install/sros2:/home/rowanfoxx/ros2_jazzy/install/rqt_topic:/home/rowanfoxx/ros2_jazzy/install/rqt_srv:/home/rowanfoxx/ros2_jazzy/install/rqt_shell:/home/rowanfoxx/ros2_jazzy/install/rqt_service_caller:/home/rowanfoxx/ros2_jazzy/install/rqt_reconfigure:/home/rowanfoxx/ros2_jazzy/install/rqt_py_console:/home/rowanfoxx/ros2_jazzy/install/rqt_publisher:/home/rowanfoxx/ros2_jazzy/install/rqt_action:/home/rowanfoxx/ros2_jazzy/install/rqt_msg:/home/rowanfoxx/ros2_jazzy/install/rqt_console:/home/rowanfoxx/ros2_jazzy/install/rqt_graph:/home/rowanfoxx/ros2_jazzy/install/rqt_gui_py:/home/rowanfoxx/ros2_jazzy/install/rqt_gui:/home/rowanfoxx/ros2_jazzy/install/ros2trace:/home/rowanfoxx/ros2_jazzy/install/ros2param:/home/rowanfoxx/ros2_jazzy/install/ros2lifecycle:/home/rowanfoxx/ros2_jazzy/install/ros2service:/home/rowanfoxx/ros2_jazzy/install/ros2topic:/home/rowanfoxx/ros2_jazzy/install/ros2test:/home/rowanfoxx/ros2_jazzy/install/ros2run:/home/rowanfoxx/ros2_jazzy/install/ros2launch:/home/rowanfoxx/ros2_jazzy/install/ros2pkg:/home/rowanfoxx/ros2_jazzy/install/ros2node:/home/rowanfoxx/ros2_jazzy/install/ros2multicast:/home/rowanfoxx/ros2_jazzy/install/ros2interface:/home/rowanfoxx/ros2_jazzy/install/ros2action:/home/rowanfoxx/ros2_jazzy/install/ros2cli:/home/rowanfoxx/ros2_jazzy/install/launch_testing_ros:/home/rowanfoxx/ros2_jazzy/install/launch_ros:/home/rowanfoxx/ros2_jazzy/install/examples_rclpy_minimal_action_server:/home/rowanfoxx/ros2_jazzy/install/examples_rclpy_minimal_action_client:/home/rowanfoxx/ros2_jazzy/install/examples_rclpy_guard_conditions:/home/rowanfoxx/ros2_jazzy/install/action_tutorials_py:/home/rowanfoxx/ros2_jazzy/install/ament_uncrustify:/home/rowanfoxx/ros2_jazzy/install/tracetools_trace:/home/rowanfoxx/ros2_jazzy/install/tracetools_read:/home/rowanfoxx/ros2_jazzy/install/test_tracetools_launch:/home/rowanfoxx/ros2_jazzy/install/test_ros2trace:/home/rowanfoxx/ros2_jazzy/install/test_launch_ros:/home/rowanfoxx/ros2_jazzy/install/rpyutils:/home/rowanfoxx/ros2_jazzy/install/rosidl_runtime_py:/home/rowanfoxx/ros2_jazzy/install/rosidl_pycommon:/home/rowanfoxx/ros2_jazzy/install/rosidl_cli:/home/rowanfoxx/ros2_jazzy/install/launch_pytest:/home/rowanfoxx/ros2_jazzy/install/launch_testing:/home/rowanfoxx/ros2_jazzy/install/launch_yaml:/home/rowanfoxx/ros2_jazzy/install/launch_xml:/home/rowanfoxx/ros2_jazzy/install/launch:/home/rowanfoxx/ros2_jazzy/install/osrf_pycommon:/home/rowanfoxx/ros2_jazzy/install/domain_coordinator:/home/rowanfoxx/ros2_jazzy/install/ament_xmllint:/home/rowanfoxx/ros2_jazzy/install/ament_pyflakes:/home/rowanfoxx/ros2_jazzy/install/ament_pycodestyle:/home/rowanfoxx/ros2_jazzy/install/ament_pep257:/home/rowanfoxx/ros2_jazzy/install/ament_pclint:/home/rowanfoxx/ros2_jazzy/install/ament_package:/home/rowanfoxx/ros2_jazzy/install/ament_mypy:/home/rowanfoxx/ros2_jazzy/install/ament_lint_cmake:/home/rowanfoxx/ros2_jazzy/install/ament_flake8:/home/rowanfoxx/ros2_jazzy/install/ament_copyright:/home/rowanfoxx/ros2_jazzy/install/ament_lint:/home/rowanfoxx/ros2_jazzy/install/ament_index_python:/home/rowanfoxx/ros2_jazzy/install/ament_cpplint:/home/rowanfoxx/ros2_jazzy/install/ament_cppcheck:/home/rowanfoxx/ros2_jazzy/install/ament_clang_tidy:/home/rowanfoxx/ros2_jazzy/install/ament_clang_format DEBUGINFOD_URLS=https://debuginfod.fedoraproject.org/ _=/usr/bin/env /usr/bin/cmake --install /home/rowanfoxx/Documents/GitHub/LoCoBotRos/build/turtlesim
[7.487s] -- Install configuration: ""
[7.488s] -- Up-to-date: /home/rowanfoxx/Documents/GitHub/LoCoBotRos/install/turtlesim/share/ament_index/resource_index/rosidl_interfaces/turtlesim
[7.488s] -- Up-to-date: /home/rowanfoxx/Documents/GitHub/LoCoBotRos/install/turtlesim/share/turtlesim/action/RotateAbsolute.json
[7.488s] -- Up-to-date: /home/rowanfoxx/Documents/GitHub/LoCoBotRos/install/turtlesim/share/turtlesim/msg/Color.json
[7.488s] -- Up-to-date: /home/rowanfoxx/Documents/GitHub/LoCoBotRos/install/turtlesim/share/turtlesim/msg/Pose.json
[7.488s] -- Up-to-date: /home/rowanfoxx/Documents/GitHub/LoCoBotRos/install/turtlesim/share/turtlesim/srv/Kill.json
[7.488s] -- Up-to-date: /home/rowanfoxx/Documents/GitHub/LoCoBotRos/install/turtlesim/share/turtlesim/srv/SetPen.json
[7.488s] -- Up-to-date: /home/rowanfoxx/Documents/GitHub/LoCoBotRos/install/turtlesim/share/turtlesim/srv/Spawn.json
[7.488s] -- Up-to-date: /home/rowanfoxx/Documents/GitHub/LoCoBotRos/install/turtlesim/share/turtlesim/srv/TeleportAbsolute.json
[7.488s] -- Up-to-date: /home/rowanfoxx/Documents/GitHub/LoCoBotRos/install/turtlesim/share/turtlesim/srv/TeleportRelative.json
[7.488s] -- Up-to-date: /home/rowanfoxx/Documents/GitHub/LoCoBotRos/install/turtlesim/include/turtlesim/turtlesim
[7.488s] -- Up-to-date: /home/rowanfoxx/Documents/GitHub/LoCoBotRos/install/turtlesim/include/turtlesim/turtlesim/msg
[7.488s] -- Up-to-date: /home/rowanfoxx/Documents/GitHub/LoCoBotRos/install/turtlesim/include/turtlesim/turtlesim/msg/rosidl_generator_c__visibility_control.h
[7.488s] -- Up-to-date: /home/rowanfoxx/Documents/GitHub/LoCoBotRos/install/turtlesim/include/turtlesim/turtlesim/msg/color.h
[7.488s] -- Up-to-date: /home/rowanfoxx/Documents/GitHub/LoCoBotRos/install/turtlesim/include/turtlesim/turtlesim/msg/detail
[7.488s] -- Up-to-date: /home/rowanfoxx/Documents/GitHub/LoCoBotRos/install/turtlesim/include/turtlesim/turtlesim/msg/detail/color__description.c
[7.488s] -- Up-to-date: /home/rowanfoxx/Documents/GitHub/LoCoBotRos/install/turtlesim/include/turtlesim/turtlesim/msg/detail/color__functions.c
[7.488s] -- Up-to-date: /home/rowanfoxx/Documents/GitHub/LoCoBotRos/install/turtlesim/include/turtlesim/turtlesim/msg/detail/color__functions.h
[7.488s] -- Up-to-date: /home/rowanfoxx/Documents/GitHub/LoCoBotRos/install/turtlesim/include/turtlesim/turtlesim/msg/detail/color__struct.h
[7.488s] -- Up-to-date: /home/rowanfoxx/Documents/GitHub/LoCoBotRos/install/turtlesim/include/turtlesim/turtlesim/msg/detail/color__type_support.c
[7.489s] -- Up-to-date: /home/rowanfoxx/Documents/GitHub/LoCoBotRos/install/turtlesim/include/turtlesim/turtlesim/msg/detail/color__type_support.h
[7.489s] -- Up-to-date: /home/rowanfoxx/Documents/GitHub/LoCoBotRos/install/turtlesim/include/turtlesim/turtlesim/msg/detail/pose__description.c
[7.489s] -- Up-to-date: /home/rowanfoxx/Documents/GitHub/LoCoBotRos/install/turtlesim/include/turtlesim/turtlesim/msg/detail/pose__functions.c
[7.489s] -- Up-to-date: /home/rowanfoxx/Documents/GitHub/LoCoBotRos/install/turtlesim/include/turtlesim/turtlesim/msg/detail/pose__functions.h
[7.489s] -- Up-to-date: /home/rowanfoxx/Documents/GitHub/LoCoBotRos/install/turtlesim/include/turtlesim/turtlesim/msg/detail/pose__struct.h
[7.489s] -- Up-to-date: /home/rowanfoxx/Documents/GitHub/LoCoBotRos/install/turtlesim/include/turtlesim/turtlesim/msg/detail/pose__type_support.c
[7.489s] -- Up-to-date: /home/rowanfoxx/Documents/GitHub/LoCoBotRos/install/turtlesim/include/turtlesim/turtlesim/msg/detail/pose__type_support.h
[7.489s] -- Up-to-date: /home/rowanfoxx/Documents/GitHub/LoCoBotRos/install/turtlesim/include/turtlesim/turtlesim/msg/pose.h
[7.489s] -- Up-to-date: /home/rowanfoxx/Documents/GitHub/LoCoBotRos/install/turtlesim/include/turtlesim/turtlesim/action
[7.489s] -- Up-to-date: /home/rowanfoxx/Documents/GitHub/LoCoBotRos/install/turtlesim/include/turtlesim/turtlesim/action/rotate_absolute.h
[7.489s] -- Up-to-date: /home/rowanfoxx/Documents/GitHub/LoCoBotRos/install/turtlesim/include/turtlesim/turtlesim/action/detail
[7.489s] -- Up-to-date: /home/rowanfoxx/Documents/GitHub/LoCoBotRos/install/turtlesim/include/turtlesim/turtlesim/action/detail/rotate_absolute__description.c
[7.489s] -- Up-to-date: /home/rowanfoxx/Documents/GitHub/LoCoBotRos/install/turtlesim/include/turtlesim/turtlesim/action/detail/rotate_absolute__functions.c
[7.489s] -- Up-to-date: /home/rowanfoxx/Documents/GitHub/LoCoBotRos/install/turtlesim/include/turtlesim/turtlesim/action/detail/rotate_absolute__functions.h
[7.489s] -- Up-to-date: /home/rowanfoxx/Documents/GitHub/LoCoBotRos/install/turtlesim/include/turtlesim/turtlesim/action/detail/rotate_absolute__struct.h
[7.489s] -- Up-to-date: /home/rowanfoxx/Documents/GitHub/LoCoBotRos/install/turtlesim/include/turtlesim/turtlesim/action/detail/rotate_absolute__type_support.c
[7.489s] -- Up-to-date: /home/rowanfoxx/Documents/GitHub/LoCoBotRos/install/turtlesim/include/turtlesim/turtlesim/action/detail/rotate_absolute__type_support.h
[7.490s] -- Up-to-date: /home/rowanfoxx/Documents/GitHub/LoCoBotRos/install/turtlesim/include/turtlesim/turtlesim/srv
[7.490s] -- Up-to-date: /home/rowanfoxx/Documents/GitHub/LoCoBotRos/install/turtlesim/include/turtlesim/turtlesim/srv/kill.h
[7.490s] -- Up-to-date: /home/rowanfoxx/Documents/GitHub/LoCoBotRos/install/turtlesim/include/turtlesim/turtlesim/srv/detail
[7.490s] -- Up-to-date: /home/rowanfoxx/Documents/GitHub/LoCoBotRos/install/turtlesim/include/turtlesim/turtlesim/srv/detail/kill__description.c
[7.490s] -- Up-to-date: /home/rowanfoxx/Documents/GitHub/LoCoBotRos/install/turtlesim/include/turtlesim/turtlesim/srv/detail/kill__functions.c
[7.490s] -- Up-to-date: /home/rowanfoxx/Documents/GitHub/LoCoBotRos/install/turtlesim/include/turtlesim/turtlesim/srv/detail/kill__functions.h
[7.490s] -- Up-to-date: /home/rowanfoxx/Documents/GitHub/LoCoBotRos/install/turtlesim/include/turtlesim/turtlesim/srv/detail/kill__struct.h
[7.490s] -- Up-to-date: /home/rowanfoxx/Documents/GitHub/LoCoBotRos/install/turtlesim/include/turtlesim/turtlesim/srv/detail/kill__type_support.c
[7.490s] -- Up-to-date: /home/rowanfoxx/Documents/GitHub/LoCoBotRos/install/turtlesim/include/turtlesim/turtlesim/srv/detail/kill__type_support.h
[7.490s] -- Up-to-date: /home/rowanfoxx/Documents/GitHub/LoCoBotRos/install/turtlesim/include/turtlesim/turtlesim/srv/detail/set_pen__description.c
[7.490s] -- Up-to-date: /home/rowanfoxx/Documents/GitHub/LoCoBotRos/install/turtlesim/include/turtlesim/turtlesim/srv/detail/set_pen__functions.c
[7.490s] -- Up-to-date: /home/rowanfoxx/Documents/GitHub/LoCoBotRos/install/turtlesim/include/turtlesim/turtlesim/srv/detail/set_pen__functions.h
[7.490s] -- Up-to-date: /home/rowanfoxx/Documents/GitHub/LoCoBotRos/install/turtlesim/include/turtlesim/turtlesim/srv/detail/set_pen__struct.h
[7.490s] -- Up-to-date: /home/rowanfoxx/Documents/GitHub/LoCoBotRos/install/turtlesim/include/turtlesim/turtlesim/srv/detail/set_pen__type_support.c
[7.490s] -- Up-to-date: /home/rowanfoxx/Documents/GitHub/LoCoBotRos/install/turtlesim/include/turtlesim/turtlesim/srv/detail/set_pen__type_support.h
[7.490s] -- Up-to-date: /home/rowanfoxx/Documents/GitHub/LoCoBotRos/install/turtlesim/include/turtlesim/turtlesim/srv/detail/spawn__description.c
[7.490s] -- Up-to-date: /home/rowanfoxx/Documents/GitHub/LoCoBotRos/install/turtlesim/include/turtlesim/turtlesim/srv/detail/spawn__functions.c
[7.490s] -- Up-to-date: /home/rowanfoxx/Documents/GitHub/LoCoBotRos/install/turtlesim/include/turtlesim/turtlesim/srv/detail/spawn__functions.h
[7.490s] -- Up-to-date: /home/rowanfoxx/Documents/GitHub/LoCoBotRos/install/turtlesim/include/turtlesim/turtlesim/srv/detail/spawn__struct.h
[7.490s] -- Up-to-date: /home/rowanfoxx/Documents/GitHub/LoCoBotRos/install/turtlesim/include/turtlesim/turtlesim/srv/detail/spawn__type_support.c
[7.490s] -- Up-to-date: /home/rowanfoxx/Documents/GitHub/LoCoBotRos/install/turtlesim/include/turtlesim/turtlesim/srv/detail/spawn__type_support.h
[7.490s] -- Up-to-date: /home/rowanfoxx/Documents/GitHub/LoCoBotRos/install/turtlesim/include/turtlesim/turtlesim/srv/detail/teleport_absolute__description.c
[7.490s] -- Up-to-date: /home/rowanfoxx/Documents/GitHub/LoCoBotRos/install/turtlesim/include/turtlesim/turtlesim/srv/detail/teleport_absolute__functions.c
[7.491s] -- Up-to-date: /home/rowanfoxx/Documents/GitHub/LoCoBotRos/install/turtlesim/include/turtlesim/turtlesim/srv/detail/teleport_absolute__functions.h
[7.491s] -- Up-to-date: /home/rowanfoxx/Documents/GitHub/LoCoBotRos/install/turtlesim/include/turtlesim/turtlesim/srv/detail/teleport_absolute__struct.h
[7.491s] -- Up-to-date: /home/rowanfoxx/Documents/GitHub/LoCoBotRos/install/turtlesim/include/turtlesim/turtlesim/srv/detail/teleport_absolute__type_support.c
[7.491s] -- Up-to-date: /home/rowanfoxx/Documents/GitHub/LoCoBotRos/install/turtlesim/include/turtlesim/turtlesim/srv/detail/teleport_absolute__type_support.h
[7.491s] -- Up-to-date: /home/rowanfoxx/Documents/GitHub/LoCoBotRos/install/turtlesim/include/turtlesim/turtlesim/srv/detail/teleport_relative__description.c
[7.491s] -- Up-to-date: /home/rowanfoxx/Documents/GitHub/LoCoBotRos/install/turtlesim/include/turtlesim/turtlesim/srv/detail/teleport_relative__functions.c
[7.491s] -- Up-to-date: /home/rowanfoxx/Documents/GitHub/LoCoBotRos/install/turtlesim/include/turtlesim/turtlesim/srv/detail/teleport_relative__functions.h
[7.491s] -- Up-to-date: /home/rowanfoxx/Documents/GitHub/LoCoBotRos/install/turtlesim/include/turtlesim/turtlesim/srv/detail/teleport_relative__struct.h
[7.491s] -- Up-to-date: /home/rowanfoxx/Documents/GitHub/LoCoBotRos/install/turtlesim/include/turtlesim/turtlesim/srv/detail/teleport_relative__type_support.c
[7.491s] -- Up-to-date: /home/rowanfoxx/Documents/GitHub/LoCoBotRos/install/turtlesim/include/turtlesim/turtlesim/srv/detail/teleport_relative__type_support.h
[7.491s] -- Up-to-date: /home/rowanfoxx/Documents/GitHub/LoCoBotRos/install/turtlesim/include/turtlesim/turtlesim/srv/set_pen.h
[7.491s] -- Up-to-date: /home/rowanfoxx/Documents/GitHub/LoCoBotRos/install/turtlesim/include/turtlesim/turtlesim/srv/spawn.h
[7.491s] -- Up-to-date: /home/rowanfoxx/Documents/GitHub/LoCoBotRos/install/turtlesim/include/turtlesim/turtlesim/srv/teleport_absolute.h
[7.491s] -- Up-to-date: /home/rowanfoxx/Documents/GitHub/LoCoBotRos/install/turtlesim/include/turtlesim/turtlesim/srv/teleport_relative.h
[7.491s] -- Up-to-date: /home/rowanfoxx/Documents/GitHub/LoCoBotRos/install/turtlesim/share/turtlesim/environment/library_path.sh
[7.491s] -- Up-to-date: /home/rowanfoxx/Documents/GitHub/LoCoBotRos/install/turtlesim/share/turtlesim/environment/library_path.dsv
[7.491s] -- Up-to-date: /home/rowanfoxx/Documents/GitHub/LoCoBotRos/install/turtlesim/lib/libturtlesim__rosidl_generator_c.so
[7.491s] -- Up-to-date: /home/rowanfoxx/Documents/GitHub/LoCoBotRos/install/turtlesim/include/turtlesim/turtlesim
[7.491s] -- Up-to-date: /home/rowanfoxx/Documents/GitHub/LoCoBotRos/install/turtlesim/include/turtlesim/turtlesim/msg
[7.491s] -- Up-to-date: /home/rowanfoxx/Documents/GitHub/LoCoBotRos/install/turtlesim/include/turtlesim/turtlesim/msg/rosidl_typesupport_fastrtps_c__visibility_control.h
[7.491s] -- Up-to-date: /home/rowanfoxx/Documents/GitHub/LoCoBotRos/install/turtlesim/include/turtlesim/turtlesim/msg/detail
[7.491s] -- Up-to-date: /home/rowanfoxx/Documents/GitHub/LoCoBotRos/install/turtlesim/include/turtlesim/turtlesim/msg/detail/color__rosidl_typesupport_fastrtps_c.h
[7.491s] -- Up-to-date: /home/rowanfoxx/Documents/GitHub/LoCoBotRos/install/turtlesim/include/turtlesim/turtlesim/msg/detail/pose__rosidl_typesupport_fastrtps_c.h
[7.491s] -- Up-to-date: /home/rowanfoxx/Documents/GitHub/LoCoBotRos/install/turtlesim/include/turtlesim/turtlesim/action
[7.491s] -- Up-to-date: /home/rowanfoxx/Documents/GitHub/LoCoBotRos/install/turtlesim/include/turtlesim/turtlesim/action/detail
[7.491s] -- Up-to-date: /home/rowanfoxx/Documents/GitHub/LoCoBotRos/install/turtlesim/include/turtlesim/turtlesim/action/detail/rotate_absolute__rosidl_typesupport_fastrtps_c.h
[7.492s] -- Up-to-date: /home/rowanfoxx/Documents/GitHub/LoCoBotRos/install/turtlesim/include/turtlesim/turtlesim/srv
[7.492s] -- Up-to-date: /home/rowanfoxx/Documents/GitHub/LoCoBotRos/install/turtlesim/include/turtlesim/turtlesim/srv/detail
[7.492s] -- Up-to-date: /home/rowanfoxx/Documents/GitHub/LoCoBotRos/install/turtlesim/include/turtlesim/turtlesim/srv/detail/kill__rosidl_typesupport_fastrtps_c.h
[7.492s] -- Up-to-date: /home/rowanfoxx/Documents/GitHub/LoCoBotRos/install/turtlesim/include/turtlesim/turtlesim/srv/detail/set_pen__rosidl_typesupport_fastrtps_c.h
[7.492s] -- Up-to-date: /home/rowanfoxx/Documents/GitHub/LoCoBotRos/install/turtlesim/include/turtlesim/turtlesim/srv/detail/spawn__rosidl_typesupport_fastrtps_c.h
[7.492s] -- Up-to-date: /home/rowanfoxx/Documents/GitHub/LoCoBotRos/install/turtlesim/include/turtlesim/turtlesim/srv/detail/teleport_absolute__rosidl_typesupport_fastrtps_c.h
[7.492s] -- Up-to-date: /home/rowanfoxx/Documents/GitHub/LoCoBotRos/install/turtlesim/include/turtlesim/turtlesim/srv/detail/teleport_relative__rosidl_typesupport_fastrtps_c.h
[7.492s] -- Up-to-date: /home/rowanfoxx/Documents/GitHub/LoCoBotRos/install/turtlesim/lib/libturtlesim__rosidl_typesupport_fastrtps_c.so
[7.492s] -- Up-to-date: /home/rowanfoxx/Documents/GitHub/LoCoBotRos/install/turtlesim/include/turtlesim/turtlesim
[7.492s] -- Up-to-date: /home/rowanfoxx/Documents/GitHub/LoCoBotRos/install/turtlesim/include/turtlesim/turtlesim/msg
[7.492s] -- Up-to-date: /home/rowanfoxx/Documents/GitHub/LoCoBotRos/install/turtlesim/include/turtlesim/turtlesim/msg/rosidl_generator_cpp__visibility_control.hpp
[7.492s] -- Up-to-date: /home/rowanfoxx/Documents/GitHub/LoCoBotRos/install/turtlesim/include/turtlesim/turtlesim/msg/color.hpp
[7.492s] -- Up-to-date: /home/rowanfoxx/Documents/GitHub/LoCoBotRos/install/turtlesim/include/turtlesim/turtlesim/msg/detail
[7.492s] -- Up-to-date: /home/rowanfoxx/Documents/GitHub/LoCoBotRos/install/turtlesim/include/turtlesim/turtlesim/msg/detail/color__builder.hpp
[7.492s] -- Up-to-date: /home/rowanfoxx/Documents/GitHub/LoCoBotRos/install/turtlesim/include/turtlesim/turtlesim/msg/detail/color__struct.hpp
[7.492s] -- Up-to-date: /home/rowanfoxx/Documents/GitHub/LoCoBotRos/install/turtlesim/include/turtlesim/turtlesim/msg/detail/color__traits.hpp
[7.492s] -- Up-to-date: /home/rowanfoxx/Documents/GitHub/LoCoBotRos/install/turtlesim/include/turtlesim/turtlesim/msg/detail/color__type_support.hpp
[7.492s] -- Up-to-date: /home/rowanfoxx/Documents/GitHub/LoCoBotRos/install/turtlesim/include/turtlesim/turtlesim/msg/detail/pose__builder.hpp
[7.492s] -- Up-to-date: /home/rowanfoxx/Documents/GitHub/LoCoBotRos/install/turtlesim/include/turtlesim/turtlesim/msg/detail/pose__struct.hpp
[7.492s] -- Up-to-date: /home/rowanfoxx/Documents/GitHub/LoCoBotRos/install/turtlesim/include/turtlesim/turtlesim/msg/detail/pose__traits.hpp
[7.492s] -- Up-to-date: /home/rowanfoxx/Documents/GitHub/LoCoBotRos/install/turtlesim/include/turtlesim/turtlesim/msg/detail/pose__type_support.hpp
[7.492s] -- Up-to-date: /home/rowanfoxx/Documents/GitHub/LoCoBotRos/install/turtlesim/include/turtlesim/turtlesim/msg/pose.hpp
[7.492s] -- Up-to-date: /home/rowanfoxx/Documents/GitHub/LoCoBotRos/install/turtlesim/include/turtlesim/turtlesim/action
[7.492s] -- Up-to-date: /home/rowanfoxx/Documents/GitHub/LoCoBotRos/install/turtlesim/include/turtlesim/turtlesim/action/rotate_absolute.hpp
[7.493s] -- Up-to-date: /home/rowanfoxx/Documents/GitHub/LoCoBotRos/install/turtlesim/include/turtlesim/turtlesim/action/detail
[7.493s] -- Up-to-date: /home/rowanfoxx/Documents/GitHub/LoCoBotRos/install/turtlesim/include/turtlesim/turtlesim/action/detail/rotate_absolute__builder.hpp
[7.493s] -- Up-to-date: /home/rowanfoxx/Documents/GitHub/LoCoBotRos/install/turtlesim/include/turtlesim/turtlesim/action/detail/rotate_absolute__struct.hpp
[7.493s] -- Up-to-date: /home/rowanfoxx/Documents/GitHub/LoCoBotRos/install/turtlesim/include/turtlesim/turtlesim/action/detail/rotate_absolute__traits.hpp
[7.493s] -- Up-to-date: /home/rowanfoxx/Documents/GitHub/LoCoBotRos/install/turtlesim/include/turtlesim/turtlesim/action/detail/rotate_absolute__type_support.hpp
[7.493s] -- Up-to-date: /home/rowanfoxx/Documents/GitHub/LoCoBotRos/install/turtlesim/include/turtlesim/turtlesim/srv
[7.493s] -- Up-to-date: /home/rowanfoxx/Documents/GitHub/LoCoBotRos/install/turtlesim/include/turtlesim/turtlesim/srv/kill.hpp
[7.493s] -- Up-to-date: /home/rowanfoxx/Documents/GitHub/LoCoBotRos/install/turtlesim/include/turtlesim/turtlesim/srv/detail
[7.493s] -- Up-to-date: /home/rowanfoxx/Documents/GitHub/LoCoBotRos/install/turtlesim/include/turtlesim/turtlesim/srv/detail/kill__builder.hpp
[7.493s] -- Up-to-date: /home/rowanfoxx/Documents/GitHub/LoCoBotRos/install/turtlesim/include/turtlesim/turtlesim/srv/detail/kill__struct.hpp
[7.493s] -- Up-to-date: /home/rowanfoxx/Documents/GitHub/LoCoBotRos/install/turtlesim/include/turtlesim/turtlesim/srv/detail/kill__traits.hpp
[7.493s] -- Up-to-date: /home/rowanfoxx/Documents/GitHub/LoCoBotRos/install/turtlesim/include/turtlesim/turtlesim/srv/detail/kill__type_support.hpp
[7.493s] -- Up-to-date: /home/rowanfoxx/Documents/GitHub/LoCoBotRos/install/turtlesim/include/turtlesim/turtlesim/srv/detail/set_pen__builder.hpp
[7.493s] -- Up-to-date: /home/rowanfoxx/Documents/GitHub/LoCoBotRos/install/turtlesim/include/turtlesim/turtlesim/srv/detail/set_pen__struct.hpp
[7.493s] -- Up-to-date: /home/rowanfoxx/Documents/GitHub/LoCoBotRos/install/turtlesim/include/turtlesim/turtlesim/srv/detail/set_pen__traits.hpp
[7.493s] -- Up-to-date: /home/rowanfoxx/Documents/GitHub/LoCoBotRos/install/turtlesim/include/turtlesim/turtlesim/srv/detail/set_pen__type_support.hpp
[7.493s] -- Up-to-date: /home/rowanfoxx/Documents/GitHub/LoCoBotRos/install/turtlesim/include/turtlesim/turtlesim/srv/detail/spawn__builder.hpp
[7.493s] -- Up-to-date: /home/rowanfoxx/Documents/GitHub/LoCoBotRos/install/turtlesim/include/turtlesim/turtlesim/srv/detail/spawn__struct.hpp
[7.493s] -- Up-to-date: /home/rowanfoxx/Documents/GitHub/LoCoBotRos/install/turtlesim/include/turtlesim/turtlesim/srv/detail/spawn__traits.hpp
[7.493s] -- Up-to-date: /home/rowanfoxx/Documents/GitHub/LoCoBotRos/install/turtlesim/include/turtlesim/turtlesim/srv/detail/spawn__type_support.hpp
[7.493s] -- Up-to-date: /home/rowanfoxx/Documents/GitHub/LoCoBotRos/install/turtlesim/include/turtlesim/turtlesim/srv/detail/teleport_absolute__builder.hpp
[7.493s] -- Up-to-date: /home/rowanfoxx/Documents/GitHub/LoCoBotRos/install/turtlesim/include/turtlesim/turtlesim/srv/detail/teleport_absolute__struct.hpp
[7.493s] -- Up-to-date: /home/rowanfoxx/Documents/GitHub/LoCoBotRos/install/turtlesim/include/turtlesim/turtlesim/srv/detail/teleport_absolute__traits.hpp
[7.493s] -- Up-to-date: /home/rowanfoxx/Documents/GitHub/LoCoBotRos/install/turtlesim/include/turtlesim/turtlesim/srv/detail/teleport_absolute__type_support.hpp
[7.493s] -- Up-to-date: /home/rowanfoxx/Documents/GitHub/LoCoBotRos/install/turtlesim/include/turtlesim/turtlesim/srv/detail/teleport_relative__builder.hpp
[7.493s] -- Up-to-date: /home/rowanfoxx/Documents/GitHub/LoCoBotRos/install/turtlesim/include/turtlesim/turtlesim/srv/detail/teleport_relative__struct.hpp
[7.493s] -- Up-to-date: /home/rowanfoxx/Documents/GitHub/LoCoBotRos/install/turtlesim/include/turtlesim/turtlesim/srv/detail/teleport_relative__traits.hpp
[7.493s] -- Up-to-date: /home/rowanfoxx/Documents/GitHub/LoCoBotRos/install/turtlesim/include/turtlesim/turtlesim/srv/detail/teleport_relative__type_support.hpp
[7.493s] -- Up-to-date: /home/rowanfoxx/Documents/GitHub/LoCoBotRos/install/turtlesim/include/turtlesim/turtlesim/srv/set_pen.hpp
[7.493s] -- Up-to-date: /home/rowanfoxx/Documents/GitHub/LoCoBotRos/install/turtlesim/include/turtlesim/turtlesim/srv/spawn.hpp
[7.493s] -- Up-to-date: /home/rowanfoxx/Documents/GitHub/LoCoBotRos/install/turtlesim/include/turtlesim/turtlesim/srv/teleport_absolute.hpp
[7.494s] -- Up-to-date: /home/rowanfoxx/Documents/GitHub/LoCoBotRos/install/turtlesim/include/turtlesim/turtlesim/srv/teleport_relative.hpp
[7.494s] -- Up-to-date: /home/rowanfoxx/Documents/GitHub/LoCoBotRos/install/turtlesim/include/turtlesim/turtlesim
[7.494s] -- Up-to-date: /home/rowanfoxx/Documents/GitHub/LoCoBotRos/install/turtlesim/include/turtlesim/turtlesim/msg
[7.494s] -- Up-to-date: /home/rowanfoxx/Documents/GitHub/LoCoBotRos/install/turtlesim/include/turtlesim/turtlesim/msg/rosidl_typesupport_fastrtps_cpp__visibility_control.h
[7.494s] -- Up-to-date: /home/rowanfoxx/Documents/GitHub/LoCoBotRos/install/turtlesim/include/turtlesim/turtlesim/msg/detail
[7.494s] -- Up-to-date: /home/rowanfoxx/Documents/GitHub/LoCoBotRos/install/turtlesim/include/turtlesim/turtlesim/msg/detail/color__rosidl_typesupport_fastrtps_cpp.hpp
[7.494s] -- Up-to-date: /home/rowanfoxx/Documents/GitHub/LoCoBotRos/install/turtlesim/include/turtlesim/turtlesim/msg/detail/dds_fastrtps
[7.494s] -- Up-to-date: /home/rowanfoxx/Documents/GitHub/LoCoBotRos/install/turtlesim/include/turtlesim/turtlesim/msg/detail/pose__rosidl_typesupport_fastrtps_cpp.hpp
[7.494s] -- Up-to-date: /home/rowanfoxx/Documents/GitHub/LoCoBotRos/install/turtlesim/include/turtlesim/turtlesim/action
[7.494s] -- Up-to-date: /home/rowanfoxx/Documents/GitHub/LoCoBotRos/install/turtlesim/include/turtlesim/turtlesim/action/detail
[7.494s] -- Up-to-date: /home/rowanfoxx/Documents/GitHub/LoCoBotRos/install/turtlesim/include/turtlesim/turtlesim/action/detail/rotate_absolute__rosidl_typesupport_fastrtps_cpp.hpp
[7.494s] -- Up-to-date: /home/rowanfoxx/Documents/GitHub/LoCoBotRos/install/turtlesim/include/turtlesim/turtlesim/action/detail/dds_fastrtps
[7.494s] -- Up-to-date: /home/rowanfoxx/Documents/GitHub/LoCoBotRos/install/turtlesim/include/turtlesim/turtlesim/srv
[7.494s] -- Up-to-date: /home/rowanfoxx/Documents/GitHub/LoCoBotRos/install/turtlesim/include/turtlesim/turtlesim/srv/detail
[7.494s] -- Up-to-date: /home/rowanfoxx/Documents/GitHub/LoCoBotRos/install/turtlesim/include/turtlesim/turtlesim/srv/detail/kill__rosidl_typesupport_fastrtps_cpp.hpp
[7.494s] -- Up-to-date: /home/rowanfoxx/Documents/GitHub/LoCoBotRos/install/turtlesim/include/turtlesim/turtlesim/srv/detail/dds_fastrtps
[7.494s] -- Up-to-date: /home/rowanfoxx/Documents/GitHub/LoCoBotRos/install/turtlesim/include/turtlesim/turtlesim/srv/detail/set_pen__rosidl_typesupport_fastrtps_cpp.hpp
[7.494s] -- Up-to-date: /home/rowanfoxx/Documents/GitHub/LoCoBotRos/install/turtlesim/include/turtlesim/turtlesim/srv/detail/spawn__rosidl_typesupport_fastrtps_cpp.hpp
[7.494s] -- Up-to-date: /home/rowanfoxx/Documents/GitHub/LoCoBotRos/install/turtlesim/include/turtlesim/turtlesim/srv/detail/teleport_absolute__rosidl_typesupport_fastrtps_cpp.hpp
[7.494s] -- Up-to-date: /home/rowanfoxx/Documents/GitHub/LoCoBotRos/install/turtlesim/include/turtlesim/turtlesim/srv/detail/teleport_relative__rosidl_typesupport_fastrtps_cpp.hpp
[7.494s] -- Up-to-date: /home/rowanfoxx/Documents/GitHub/LoCoBotRos/install/turtlesim/lib/libturtlesim__rosidl_typesupport_fastrtps_cpp.so
[7.494s] -- Up-to-date: /home/rowanfoxx/Documents/GitHub/LoCoBotRos/install/turtlesim/include/turtlesim/turtlesim
[7.494s] -- Up-to-date: /home/rowanfoxx/Documents/GitHub/LoCoBotRos/install/turtlesim/include/turtlesim/turtlesim/msg
[7.494s] -- Up-to-date: /home/rowanfoxx/Documents/GitHub/LoCoBotRos/install/turtlesim/include/turtlesim/turtlesim/msg/rosidl_typesupport_introspection_c__visibility_control.h
[7.494s] -- Up-to-date: /home/rowanfoxx/Documents/GitHub/LoCoBotRos/install/turtlesim/include/turtlesim/turtlesim/msg/detail
[7.494s] -- Up-to-date: /home/rowanfoxx/Documents/GitHub/LoCoBotRos/install/turtlesim/include/turtlesim/turtlesim/msg/detail/color__rosidl_typesupport_introspection_c.h
[7.494s] -- Up-to-date: /home/rowanfoxx/Documents/GitHub/LoCoBotRos/install/turtlesim/include/turtlesim/turtlesim/msg/detail/color__type_support.c
[7.494s] -- Up-to-date: /home/rowanfoxx/Documents/GitHub/LoCoBotRos/install/turtlesim/include/turtlesim/turtlesim/msg/detail/pose__rosidl_typesupport_introspection_c.h
[7.494s] -- Up-to-date: /home/rowanfoxx/Documents/GitHub/LoCoBotRos/install/turtlesim/include/turtlesim/turtlesim/msg/detail/pose__type_support.c
[7.494s] -- Up-to-date: /home/rowanfoxx/Documents/GitHub/LoCoBotRos/install/turtlesim/include/turtlesim/turtlesim/action
[7.494s] -- Up-to-date: /home/rowanfoxx/Documents/GitHub/LoCoBotRos/install/turtlesim/include/turtlesim/turtlesim/action/detail
[7.494s] -- Up-to-date: /home/rowanfoxx/Documents/GitHub/LoCoBotRos/install/turtlesim/include/turtlesim/turtlesim/action/detail/rotate_absolute__rosidl_typesupport_introspection_c.h
[7.494s] -- Up-to-date: /home/rowanfoxx/Documents/GitHub/LoCoBotRos/install/turtlesim/include/turtlesim/turtlesim/action/detail/rotate_absolute__type_support.c
[7.495s] -- Up-to-date: /home/rowanfoxx/Documents/GitHub/LoCoBotRos/install/turtlesim/include/turtlesim/turtlesim/srv
[7.495s] -- Up-to-date: /home/rowanfoxx/Documents/GitHub/LoCoBotRos/install/turtlesim/include/turtlesim/turtlesim/srv/detail
[7.495s] -- Up-to-date: /home/rowanfoxx/Documents/GitHub/LoCoBotRos/install/turtlesim/include/turtlesim/turtlesim/srv/detail/kill__rosidl_typesupport_introspection_c.h
[7.495s] -- Up-to-date: /home/rowanfoxx/Documents/GitHub/LoCoBotRos/install/turtlesim/include/turtlesim/turtlesim/srv/detail/kill__type_support.c
[7.495s] -- Up-to-date: /home/rowanfoxx/Documents/GitHub/LoCoBotRos/install/turtlesim/include/turtlesim/turtlesim/srv/detail/set_pen__rosidl_typesupport_introspection_c.h
[7.495s] -- Up-to-date: /home/rowanfoxx/Documents/GitHub/LoCoBotRos/install/turtlesim/include/turtlesim/turtlesim/srv/detail/set_pen__type_support.c
[7.495s] -- Up-to-date: /home/rowanfoxx/Documents/GitHub/LoCoBotRos/install/turtlesim/include/turtlesim/turtlesim/srv/detail/spawn__rosidl_typesupport_introspection_c.h
[7.495s] -- Up-to-date: /home/rowanfoxx/Documents/GitHub/LoCoBotRos/install/turtlesim/include/turtlesim/turtlesim/srv/detail/spawn__type_support.c
[7.495s] -- Up-to-date: /home/rowanfoxx/Documents/GitHub/LoCoBotRos/install/turtlesim/include/turtlesim/turtlesim/srv/detail/teleport_absolute__rosidl_typesupport_introspection_c.h
[7.495s] -- Up-to-date: /home/rowanfoxx/Documents/GitHub/LoCoBotRos/install/turtlesim/include/turtlesim/turtlesim/srv/detail/teleport_absolute__type_support.c
[7.495s] -- Up-to-date: /home/rowanfoxx/Documents/GitHub/LoCoBotRos/install/turtlesim/include/turtlesim/turtlesim/srv/detail/teleport_relative__rosidl_typesupport_introspection_c.h
[7.495s] -- Up-to-date: /home/rowanfoxx/Documents/GitHub/LoCoBotRos/install/turtlesim/include/turtlesim/turtlesim/srv/detail/teleport_relative__type_support.c
[7.495s] -- Up-to-date: /home/rowanfoxx/Documents/GitHub/LoCoBotRos/install/turtlesim/lib/libturtlesim__rosidl_typesupport_introspection_c.so
[7.495s] -- Up-to-date: /home/rowanfoxx/Documents/GitHub/LoCoBotRos/install/turtlesim/lib/libturtlesim__rosidl_typesupport_c.so
[7.495s] -- Up-to-date: /home/rowanfoxx/Documents/GitHub/LoCoBotRos/install/turtlesim/include/turtlesim/turtlesim
[7.495s] -- Up-to-date: /home/rowanfoxx/Documents/GitHub/LoCoBotRos/install/turtlesim/include/turtlesim/turtlesim/action
[7.495s] -- Up-to-date: /home/rowanfoxx/Documents/GitHub/LoCoBotRos/install/turtlesim/include/turtlesim/turtlesim/action/detail
[7.495s] -- Up-to-date: /home/rowanfoxx/Documents/GitHub/LoCoBotRos/install/turtlesim/include/turtlesim/turtlesim/action/detail/rotate_absolute__rosidl_typesupport_introspection_cpp.hpp
[7.495s] -- Up-to-date: /home/rowanfoxx/Documents/GitHub/LoCoBotRos/install/turtlesim/include/turtlesim/turtlesim/action/detail/rotate_absolute__type_support.cpp
[7.495s] -- Up-to-date: /home/rowanfoxx/Documents/GitHub/LoCoBotRos/install/turtlesim/include/turtlesim/turtlesim/msg
[7.495s] -- Up-to-date: /home/rowanfoxx/Documents/GitHub/LoCoBotRos/install/turtlesim/include/turtlesim/turtlesim/msg/detail
[7.495s] -- Up-to-date: /home/rowanfoxx/Documents/GitHub/LoCoBotRos/install/turtlesim/include/turtlesim/turtlesim/msg/detail/color__rosidl_typesupport_introspection_cpp.hpp
[7.495s] -- Up-to-date: /home/rowanfoxx/Documents/GitHub/LoCoBotRos/install/turtlesim/include/turtlesim/turtlesim/msg/detail/color__type_support.cpp
[7.495s] -- Up-to-date: /home/rowanfoxx/Documents/GitHub/LoCoBotRos/install/turtlesim/include/turtlesim/turtlesim/msg/detail/pose__rosidl_typesupport_introspection_cpp.hpp
[7.495s] -- Up-to-date: /home/rowanfoxx/Documents/GitHub/LoCoBotRos/install/turtlesim/include/turtlesim/turtlesim/msg/detail/pose__type_support.cpp
[7.495s] -- Up-to-date: /home/rowanfoxx/Documents/GitHub/LoCoBotRos/install/turtlesim/include/turtlesim/turtlesim/srv
[7.495s] -- Up-to-date: /home/rowanfoxx/Documents/GitHub/LoCoBotRos/install/turtlesim/include/turtlesim/turtlesim/srv/detail
[7.495s] -- Up-to-date: /home/rowanfoxx/Documents/GitHub/LoCoBotRos/install/turtlesim/include/turtlesim/turtlesim/srv/detail/kill__rosidl_typesupport_introspection_cpp.hpp
[7.495s] -- Up-to-date: /home/rowanfoxx/Documents/GitHub/LoCoBotRos/install/turtlesim/include/turtlesim/turtlesim/srv/detail/kill__type_support.cpp
[7.495s] -- Up-to-date: /home/rowanfoxx/Documents/GitHub/LoCoBotRos/install/turtlesim/include/turtlesim/turtlesim/srv/detail/set_pen__rosidl_typesupport_introspection_cpp.hpp
[7.495s] -- Up-to-date: /home/rowanfoxx/Documents/GitHub/LoCoBotRos/install/turtlesim/include/turtlesim/turtlesim/srv/detail/set_pen__type_support.cpp
[7.495s] -- Up-to-date: /home/rowanfoxx/Documents/GitHub/LoCoBotRos/install/turtlesim/include/turtlesim/turtlesim/srv/detail/spawn__rosidl_typesupport_introspection_cpp.hpp
[7.496s] -- Up-to-date: /home/rowanfoxx/Documents/GitHub/LoCoBotRos/install/turtlesim/include/turtlesim/turtlesim/srv/detail/spawn__type_support.cpp
[7.496s] -- Up-to-date: /home/rowanfoxx/Documents/GitHub/LoCoBotRos/install/turtlesim/include/turtlesim/turtlesim/srv/detail/teleport_absolute__rosidl_typesupport_introspection_cpp.hpp
[7.496s] -- Up-to-date: /home/rowanfoxx/Documents/GitHub/LoCoBotRos/install/turtlesim/include/turtlesim/turtlesim/srv/detail/teleport_absolute__type_support.cpp
[7.496s] -- Up-to-date: /home/rowanfoxx/Documents/GitHub/LoCoBotRos/install/turtlesim/include/turtlesim/turtlesim/srv/detail/teleport_relative__rosidl_typesupport_introspection_cpp.hpp
[7.496s] -- Up-to-date: /home/rowanfoxx/Documents/GitHub/LoCoBotRos/install/turtlesim/include/turtlesim/turtlesim/srv/detail/teleport_relative__type_support.cpp
[7.496s] -- Up-to-date: /home/rowanfoxx/Documents/GitHub/LoCoBotRos/install/turtlesim/lib/libturtlesim__rosidl_typesupport_introspection_cpp.so
[7.496s] -- Up-to-date: /home/rowanfoxx/Documents/GitHub/LoCoBotRos/install/turtlesim/lib/libturtlesim__rosidl_typesupport_cpp.so
[7.496s] -- Up-to-date: /home/rowanfoxx/Documents/GitHub/LoCoBotRos/install/turtlesim/share/turtlesim/environment/pythonpath.sh
[7.496s] -- Up-to-date: /home/rowanfoxx/Documents/GitHub/LoCoBotRos/install/turtlesim/share/turtlesim/environment/pythonpath.dsv
[7.496s] -- Up-to-date: /home/rowanfoxx/Documents/GitHub/LoCoBotRos/install/turtlesim/lib/python3.13/site-packages/turtlesim-1.8.3-py3.13.egg-info
[7.496s] -- Installing: /home/rowanfoxx/Documents/GitHub/LoCoBotRos/install/turtlesim/lib/python3.13/site-packages/turtlesim-1.8.3-py3.13.egg-info/dependency_links.txt
[7.496s] -- Installing: /home/rowanfoxx/Documents/GitHub/LoCoBotRos/install/turtlesim/lib/python3.13/site-packages/turtlesim-1.8.3-py3.13.egg-info/top_level.txt
[7.496s] -- Installing: /home/rowanfoxx/Documents/GitHub/LoCoBotRos/install/turtlesim/lib/python3.13/site-packages/turtlesim-1.8.3-py3.13.egg-info/SOURCES.txt
[7.496s] -- Installing: /home/rowanfoxx/Documents/GitHub/LoCoBotRos/install/turtlesim/lib/python3.13/site-packages/turtlesim-1.8.3-py3.13.egg-info/PKG-INFO
[7.496s] -- Up-to-date: /home/rowanfoxx/Documents/GitHub/LoCoBotRos/install/turtlesim/lib/python3.13/site-packages/turtlesim
[7.496s] -- Up-to-date: /home/rowanfoxx/Documents/GitHub/LoCoBotRos/install/turtlesim/lib/python3.13/site-packages/turtlesim/__init__.py
[7.496s] -- Up-to-date: /home/rowanfoxx/Documents/GitHub/LoCoBotRos/install/turtlesim/lib/python3.13/site-packages/turtlesim/action
[7.496s] -- Up-to-date: /home/rowanfoxx/Documents/GitHub/LoCoBotRos/install/turtlesim/lib/python3.13/site-packages/turtlesim/action/_rotate_absolute.py
[7.496s] -- Up-to-date: /home/rowanfoxx/Documents/GitHub/LoCoBotRos/install/turtlesim/lib/python3.13/site-packages/turtlesim/action/_rotate_absolute_s.c
[7.496s] -- Up-to-date: /home/rowanfoxx/Documents/GitHub/LoCoBotRos/install/turtlesim/lib/python3.13/site-packages/turtlesim/action/__init__.py
[7.496s] -- Up-to-date: /home/rowanfoxx/Documents/GitHub/LoCoBotRos/install/turtlesim/lib/python3.13/site-packages/turtlesim/msg
[7.496s] -- Up-to-date: /home/rowanfoxx/Documents/GitHub/LoCoBotRos/install/turtlesim/lib/python3.13/site-packages/turtlesim/msg/_color.py
[7.496s] -- Up-to-date: /home/rowanfoxx/Documents/GitHub/LoCoBotRos/install/turtlesim/lib/python3.13/site-packages/turtlesim/msg/_color_s.c
[7.496s] -- Up-to-date: /home/rowanfoxx/Documents/GitHub/LoCoBotRos/install/turtlesim/lib/python3.13/site-packages/turtlesim/msg/_pose.py
[7.496s] -- Up-to-date: /home/rowanfoxx/Documents/GitHub/LoCoBotRos/install/turtlesim/lib/python3.13/site-packages/turtlesim/msg/_pose_s.c
[7.496s] -- Up-to-date: /home/rowanfoxx/Documents/GitHub/LoCoBotRos/install/turtlesim/lib/python3.13/site-packages/turtlesim/msg/__init__.py
[7.496s] -- Up-to-date: /home/rowanfoxx/Documents/GitHub/LoCoBotRos/install/turtlesim/lib/python3.13/site-packages/turtlesim/srv
[7.496s] -- Up-to-date: /home/rowanfoxx/Documents/GitHub/LoCoBotRos/install/turtlesim/lib/python3.13/site-packages/turtlesim/srv/_kill.py
[7.496s] -- Up-to-date: /home/rowanfoxx/Documents/GitHub/LoCoBotRos/install/turtlesim/lib/python3.13/site-packages/turtlesim/srv/_kill_s.c
[7.496s] -- Up-to-date: /home/rowanfoxx/Documents/GitHub/LoCoBotRos/install/turtlesim/lib/python3.13/site-packages/turtlesim/srv/_set_pen.py
[7.496s] -- Up-to-date: /home/rowanfoxx/Documents/GitHub/LoCoBotRos/install/turtlesim/lib/python3.13/site-packages/turtlesim/srv/_set_pen_s.c
[7.496s] -- Up-to-date: /home/rowanfoxx/Documents/GitHub/LoCoBotRos/install/turtlesim/lib/python3.13/site-packages/turtlesim/srv/_spawn.py
[7.497s] -- Up-to-date: /home/rowanfoxx/Documents/GitHub/LoCoBotRos/install/turtlesim/lib/python3.13/site-packages/turtlesim/srv/_spawn_s.c
[7.497s] -- Up-to-date: /home/rowanfoxx/Documents/GitHub/LoCoBotRos/install/turtlesim/lib/python3.13/site-packages/turtlesim/srv/_teleport_absolute.py
[7.497s] -- Up-to-date: /home/rowanfoxx/Documents/GitHub/LoCoBotRos/install/turtlesim/lib/python3.13/site-packages/turtlesim/srv/_teleport_absolute_s.c
[7.497s] -- Up-to-date: /home/rowanfoxx/Documents/GitHub/LoCoBotRos/install/turtlesim/lib/python3.13/site-packages/turtlesim/srv/_teleport_relative.py
[7.497s] -- Up-to-date: /home/rowanfoxx/Documents/GitHub/LoCoBotRos/install/turtlesim/lib/python3.13/site-packages/turtlesim/srv/_teleport_relative_s.c
[7.497s] -- Up-to-date: /home/rowanfoxx/Documents/GitHub/LoCoBotRos/install/turtlesim/lib/python3.13/site-packages/turtlesim/srv/__init__.py
[7.497s] -- Up-to-date: /home/rowanfoxx/Documents/GitHub/LoCoBotRos/install/turtlesim/lib/python3.13/site-packages/turtlesim/_turtlesim_s.ep.rosidl_typesupport_introspection_c.c
[7.497s] -- Up-to-date: /home/rowanfoxx/Documents/GitHub/LoCoBotRos/install/turtlesim/lib/python3.13/site-packages/turtlesim/_turtlesim_s.ep.rosidl_typesupport_fastrtps_c.c
[7.497s] -- Up-to-date: /home/rowanfoxx/Documents/GitHub/LoCoBotRos/install/turtlesim/lib/python3.13/site-packages/turtlesim/_turtlesim_s.ep.rosidl_typesupport_c.c
[7.497s] -- Up-to-date: /home/rowanfoxx/Documents/GitHub/LoCoBotRos/install/turtlesim/lib/python3.13/site-packages/turtlesim/turtlesim_s__rosidl_typesupport_c.so
[7.497s] -- Up-to-date: /home/rowanfoxx/Documents/GitHub/LoCoBotRos/install/turtlesim/lib/python3.13/site-packages/turtlesim/turtlesim_s__rosidl_typesupport_fastrtps_c.so
[7.497s] -- Up-to-date: /home/rowanfoxx/Documents/GitHub/LoCoBotRos/install/turtlesim/lib/python3.13/site-packages/turtlesim/turtlesim_s__rosidl_typesupport_introspection_c.so
[7.569s] Listing '/home/rowanfoxx/Documents/GitHub/LoCoBotRos/install/turtlesim/lib/python3.13/site-packages/turtlesim'...
[7.569s] Listing '/home/rowanfoxx/Documents/GitHub/LoCoBotRos/install/turtlesim/lib/python3.13/site-packages/turtlesim/action'...
[7.569s] Listing '/home/rowanfoxx/Documents/GitHub/LoCoBotRos/install/turtlesim/lib/python3.13/site-packages/turtlesim/msg'...
[7.569s] Listing '/home/rowanfoxx/Documents/GitHub/LoCoBotRos/install/turtlesim/lib/python3.13/site-packages/turtlesim/srv'...
[7.573s] -- Up-to-date: /home/rowanfoxx/Documents/GitHub/LoCoBotRos/install/turtlesim/lib/python3.13/site-packages/turtlesim/turtlesim_s__rosidl_typesupport_introspection_c.so
[7.574s] -- Up-to-date: /home/rowanfoxx/Documents/GitHub/LoCoBotRos/install/turtlesim/lib/python3.13/site-packages/turtlesim/turtlesim_s__rosidl_typesupport_fastrtps_c.so
[7.574s] -- Up-to-date: /home/rowanfoxx/Documents/GitHub/LoCoBotRos/install/turtlesim/lib/python3.13/site-packages/turtlesim/turtlesim_s__rosidl_typesupport_c.so
[7.574s] -- Up-to-date: /home/rowanfoxx/Documents/GitHub/LoCoBotRos/install/turtlesim/lib/libturtlesim__rosidl_generator_py.so
[7.574s] -- Up-to-date: /home/rowanfoxx/Documents/GitHub/LoCoBotRos/install/turtlesim/share/turtlesim/action/RotateAbsolute.idl
[7.574s] -- Up-to-date: /home/rowanfoxx/Documents/GitHub/LoCoBotRos/install/turtlesim/share/turtlesim/msg/Color.idl
[7.574s] -- Up-to-date: /home/rowanfoxx/Documents/GitHub/LoCoBotRos/install/turtlesim/share/turtlesim/msg/Pose.idl
[7.574s] -- Up-to-date: /home/rowanfoxx/Documents/GitHub/LoCoBotRos/install/turtlesim/share/turtlesim/srv/Kill.idl
[7.574s] -- Up-to-date: /home/rowanfoxx/Documents/GitHub/LoCoBotRos/install/turtlesim/share/turtlesim/srv/SetPen.idl
[7.575s] -- Up-to-date: /home/rowanfoxx/Documents/GitHub/LoCoBotRos/install/turtlesim/share/turtlesim/srv/Spawn.idl
[7.575s] -- Up-to-date: /home/rowanfoxx/Documents/GitHub/LoCoBotRos/install/turtlesim/share/turtlesim/srv/TeleportAbsolute.idl
[7.575s] -- Up-to-date: /home/rowanfoxx/Documents/GitHub/LoCoBotRos/install/turtlesim/share/turtlesim/srv/TeleportRelative.idl
[7.575s] -- Up-to-date: /home/rowanfoxx/Documents/GitHub/LoCoBotRos/install/turtlesim/share/turtlesim/action/RotateAbsolute.action
[7.575s] -- Up-to-date: /home/rowanfoxx/Documents/GitHub/LoCoBotRos/install/turtlesim/share/turtlesim/msg/Color.msg
[7.575s] -- Up-to-date: /home/rowanfoxx/Documents/GitHub/LoCoBotRos/install/turtlesim/share/turtlesim/msg/Pose.msg
[7.575s] -- Up-to-date: /home/rowanfoxx/Documents/GitHub/LoCoBotRos/install/turtlesim/share/turtlesim/srv/Kill.srv
[7.575s] -- Up-to-date: /home/rowanfoxx/Documents/GitHub/LoCoBotRos/install/turtlesim/share/turtlesim/srv/SetPen.srv
[7.575s] -- Up-to-date: /home/rowanfoxx/Documents/GitHub/LoCoBotRos/install/turtlesim/share/turtlesim/srv/Spawn.srv
[7.575s] -- Up-to-date: /home/rowanfoxx/Documents/GitHub/LoCoBotRos/install/turtlesim/share/turtlesim/srv/TeleportAbsolute.srv
[7.575s] -- Up-to-date: /home/rowanfoxx/Documents/GitHub/LoCoBotRos/install/turtlesim/share/turtlesim/srv/TeleportRelative.srv
[7.575s] -- Installing: /home/rowanfoxx/Documents/GitHub/LoCoBotRos/install/turtlesim/lib/turtlesim/turtlesim_node
[7.588s] -- Set non-toolchain portion of runtime path of "/home/rowanfoxx/Documents/GitHub/LoCoBotRos/install/turtlesim/lib/turtlesim/turtlesim_node" to ""
[7.588s] -- Up-to-date: /home/rowanfoxx/Documents/GitHub/LoCoBotRos/install/turtlesim/lib/turtlesim/turtle_teleop_key
[7.588s] -- Up-to-date: /home/rowanfoxx/Documents/GitHub/LoCoBotRos/install/turtlesim/lib/turtlesim/draw_square
[7.589s] -- Up-to-date: /home/rowanfoxx/Documents/GitHub/LoCoBotRos/install/turtlesim/lib/turtlesim/mimic
[7.589s] -- Up-to-date: /home/rowanfoxx/Documents/GitHub/LoCoBotRos/install/turtlesim/share/turtlesim/images
[7.589s] -- Up-to-date: /home/rowanfoxx/Documents/GitHub/LoCoBotRos/install/turtlesim/share/turtlesim/images/ardent.png
[7.589s] -- Up-to-date: /home/rowanfoxx/Documents/GitHub/LoCoBotRos/install/turtlesim/share/turtlesim/images/bouncy.png
[7.589s] -- Up-to-date: /home/rowanfoxx/Documents/GitHub/LoCoBotRos/install/turtlesim/share/turtlesim/images/crystal.png
[7.589s] -- Up-to-date: /home/rowanfoxx/Documents/GitHub/LoCoBotRos/install/turtlesim/share/turtlesim/images/dashing.png
[7.589s] -- Up-to-date: /home/rowanfoxx/Documents/GitHub/LoCoBotRos/install/turtlesim/share/turtlesim/images/eloquent.png
[7.589s] -- Up-to-date: /home/rowanfoxx/Documents/GitHub/LoCoBotRos/install/turtlesim/share/turtlesim/images/foxy.png
[7.589s] -- Up-to-date: /home/rowanfoxx/Documents/GitHub/LoCoBotRos/install/turtlesim/share/turtlesim/images/galactic.png
[7.589s] -- Up-to-date: /home/rowanfoxx/Documents/GitHub/LoCoBotRos/install/turtlesim/share/turtlesim/images/humble.png
[7.589s] -- Up-to-date: /home/rowanfoxx/Documents/GitHub/LoCoBotRos/install/turtlesim/share/turtlesim/images/iron.png
[7.590s] -- Up-to-date: /home/rowanfoxx/Documents/GitHub/LoCoBotRos/install/turtlesim/share/turtlesim/images/jazzy.png
[7.590s] -- Up-to-date: /home/rowanfoxx/Documents/GitHub/LoCoBotRos/install/turtlesim/share/turtlesim/images/rolling.png
[7.590s] -- Up-to-date: /home/rowanfoxx/Documents/GitHub/LoCoBotRos/install/turtlesim/share/turtlesim/launch
[7.590s] -- Up-to-date: /home/rowanfoxx/Documents/GitHub/LoCoBotRos/install/turtlesim/share/turtlesim/launch/multisim.launch.py
[7.590s] -- Up-to-date: /home/rowanfoxx/Documents/GitHub/LoCoBotRos/install/turtlesim/share/ament_index/resource_index/package_run_dependencies/turtlesim
[7.590s] -- Up-to-date: /home/rowanfoxx/Documents/GitHub/LoCoBotRos/install/turtlesim/share/ament_index/resource_index/parent_prefix_path/turtlesim
[7.590s] -- Up-to-date: /home/rowanfoxx/Documents/GitHub/LoCoBotRos/install/turtlesim/share/turtlesim/environment/ament_prefix_path.dsv
[7.590s] -- Up-to-date: /home/rowanfoxx/Documents/GitHub/LoCoBotRos/install/turtlesim/share/turtlesim/environment/path.dsv
[7.590s] -- Up-to-date: /home/rowanfoxx/Documents/GitHub/LoCoBotRos/install/turtlesim/share/turtlesim/local_setup.bash
[7.590s] -- Up-to-date: /home/rowanfoxx/Documents/GitHub/LoCoBotRos/install/turtlesim/share/turtlesim/local_setup.sh
[7.590s] -- Up-to-date: /home/rowanfoxx/Documents/GitHub/LoCoBotRos/install/turtlesim/share/turtlesim/local_setup.zsh
[7.590s] -- Up-to-date: /home/rowanfoxx/Documents/GitHub/LoCoBotRos/install/turtlesim/share/turtlesim/local_setup.dsv
[7.590s] -- Installing: /home/rowanfoxx/Documents/GitHub/LoCoBotRos/install/turtlesim/share/turtlesim/package.dsv
[7.590s] -- Up-to-date: /home/rowanfoxx/Documents/GitHub/LoCoBotRos/install/turtlesim/share/ament_index/resource_index/packages/turtlesim
[7.590s] -- Up-to-date: /home/rowanfoxx/Documents/GitHub/LoCoBotRos/install/turtlesim/share/turtlesim/cmake/export_turtlesim__rosidl_generator_cExport.cmake
[7.590s] -- Up-to-date: /home/rowanfoxx/Documents/GitHub/LoCoBotRos/install/turtlesim/share/turtlesim/cmake/export_turtlesim__rosidl_generator_cExport-noconfig.cmake
[7.590s] -- Up-to-date: /home/rowanfoxx/Documents/GitHub/LoCoBotRos/install/turtlesim/share/turtlesim/cmake/export_turtlesim__rosidl_typesupport_fastrtps_cExport.cmake
[7.590s] -- Up-to-date: /home/rowanfoxx/Documents/GitHub/LoCoBotRos/install/turtlesim/share/turtlesim/cmake/export_turtlesim__rosidl_typesupport_fastrtps_cExport-noconfig.cmake
[7.590s] -- Up-to-date: /home/rowanfoxx/Documents/GitHub/LoCoBotRos/install/turtlesim/share/turtlesim/cmake/export_turtlesim__rosidl_generator_cppExport.cmake
[7.590s] -- Up-to-date: /home/rowanfoxx/Documents/GitHub/LoCoBotRos/install/turtlesim/share/turtlesim/cmake/export_turtlesim__rosidl_typesupport_fastrtps_cppExport.cmake
[7.590s] -- Up-to-date: /home/rowanfoxx/Documents/GitHub/LoCoBotRos/install/turtlesim/share/turtlesim/cmake/export_turtlesim__rosidl_typesupport_fastrtps_cppExport-noconfig.cmake
[7.591s] -- Up-to-date: /home/rowanfoxx/Documents/GitHub/LoCoBotRos/install/turtlesim/share/turtlesim/cmake/turtlesim__rosidl_typesupport_introspection_cExport.cmake
[7.591s] -- Up-to-date: /home/rowanfoxx/Documents/GitHub/LoCoBotRos/install/turtlesim/share/turtlesim/cmake/turtlesim__rosidl_typesupport_introspection_cExport-noconfig.cmake
[7.591s] -- Up-to-date: /home/rowanfoxx/Documents/GitHub/LoCoBotRos/install/turtlesim/share/turtlesim/cmake/turtlesim__rosidl_typesupport_cExport.cmake
[7.591s] -- Up-to-date: /home/rowanfoxx/Documents/GitHub/LoCoBotRos/install/turtlesim/share/turtlesim/cmake/turtlesim__rosidl_typesupport_cExport-noconfig.cmake
[7.591s] -- Up-to-date: /home/rowanfoxx/Documents/GitHub/LoCoBotRos/install/turtlesim/share/turtlesim/cmake/turtlesim__rosidl_typesupport_introspection_cppExport.cmake
[7.591s] -- Up-to-date: /home/rowanfoxx/Documents/GitHub/LoCoBotRos/install/turtlesim/share/turtlesim/cmake/turtlesim__rosidl_typesupport_introspection_cppExport-noconfig.cmake
[7.591s] -- Up-to-date: /home/rowanfoxx/Documents/GitHub/LoCoBotRos/install/turtlesim/share/turtlesim/cmake/turtlesim__rosidl_typesupport_cppExport.cmake
[7.591s] -- Up-to-date: /home/rowanfoxx/Documents/GitHub/LoCoBotRos/install/turtlesim/share/turtlesim/cmake/turtlesim__rosidl_typesupport_cppExport-noconfig.cmake
[7.591s] -- Up-to-date: /home/rowanfoxx/Documents/GitHub/LoCoBotRos/install/turtlesim/share/turtlesim/cmake/export_turtlesim__rosidl_generator_pyExport.cmake
[7.591s] -- Up-to-date: /home/rowanfoxx/Documents/GitHub/LoCoBotRos/install/turtlesim/share/turtlesim/cmake/export_turtlesim__rosidl_generator_pyExport-noconfig.cmake
[7.591s] -- Up-to-date: /home/rowanfoxx/Documents/GitHub/LoCoBotRos/install/turtlesim/share/turtlesim/cmake/rosidl_cmake-extras.cmake
[7.591s] -- Up-to-date: /home/rowanfoxx/Documents/GitHub/LoCoBotRos/install/turtlesim/share/turtlesim/cmake/ament_cmake_export_dependencies-extras.cmake
[7.591s] -- Up-to-date: /home/rowanfoxx/Documents/GitHub/LoCoBotRos/install/turtlesim/share/turtlesim/cmake/ament_cmake_export_include_directories-extras.cmake
[7.591s] -- Up-to-date: /home/rowanfoxx/Documents/GitHub/LoCoBotRos/install/turtlesim/share/turtlesim/cmake/ament_cmake_export_libraries-extras.cmake
[7.592s] -- Up-to-date: /home/rowanfoxx/Documents/GitHub/LoCoBotRos/install/turtlesim/share/turtlesim/cmake/ament_cmake_export_targets-extras.cmake
[7.592s] -- Up-to-date: /home/rowanfoxx/Documents/GitHub/LoCoBotRos/install/turtlesim/share/turtlesim/cmake/rosidl_cmake_export_typesupport_targets-extras.cmake
[7.592s] -- Up-to-date: /home/rowanfoxx/Documents/GitHub/LoCoBotRos/install/turtlesim/share/turtlesim/cmake/rosidl_cmake_export_typesupport_libraries-extras.cmake
[7.592s] -- Up-to-date: /home/rowanfoxx/Documents/GitHub/LoCoBotRos/install/turtlesim/share/turtlesim/cmake/turtlesimConfig.cmake
[7.592s] -- Up-to-date: /home/rowanfoxx/Documents/GitHub/LoCoBotRos/install/turtlesim/share/turtlesim/cmake/turtlesimConfig-version.cmake
[7.592s] -- Up-to-date: /home/rowanfoxx/Documents/GitHub/LoCoBotRos/install/turtlesim/share/turtlesim/package.xml
[7.593s] Invoked command in '/home/rowanfoxx/Documents/GitHub/LoCoBotRos/build/turtlesim' returned '0': CMAKE_PREFIX_PATH=${CMAKE_PREFIX_PATH}:/home/rowanfoxx/ros2_jazzy/install/rqt_bag_plugins:/home/rowanfoxx/ros2_jazzy/install/rqt_bag:/home/rowanfoxx/ros2_jazzy/install/rosbag2_examples_py:/home/rowanfoxx/ros2_jazzy/install/launch_testing_examples:/home/rowanfoxx/ros2_jazzy/install/ros2bag:/home/rowanfoxx/ros2_jazzy/install/tracetools_test:/home/rowanfoxx/ros2_jazzy/install/tracetools_launch:/home/rowanfoxx/ros2_jazzy/install/topic_monitor:/home/rowanfoxx/ros2_jazzy/install/tf2_tools:/home/rowanfoxx/ros2_jazzy/install/examples_tf2_py:/home/rowanfoxx/ros2_jazzy/install/tf2_ros_py:/home/rowanfoxx/ros2_jazzy/install/examples_rclpy_pointcloud_publisher:/home/rowanfoxx/ros2_jazzy/install/sensor_msgs_py:/home/rowanfoxx/ros2_jazzy/install/quality_of_service_demo_py:/home/rowanfoxx/ros2_jazzy/install/camera_info_manager_py:/home/rowanfoxx/ros2_jazzy/install/rqt_plot:/home/rowanfoxx/ros2_jazzy/install/ros2doctor:/home/rowanfoxx/ros2_jazzy/install/lifecycle_py:/home/rowanfoxx/ros2_jazzy/install/examples_rclpy_minimal_subscriber:/home/rowanfoxx/ros2_jazzy/install/examples_rclpy_minimal_service:/home/rowanfoxx/ros2_jazzy/install/examples_rclpy_minimal_publisher:/home/rowanfoxx/ros2_jazzy/install/examples_rclpy_minimal_client:/home/rowanfoxx/ros2_jazzy/install/examples_rclpy_executors:/home/rowanfoxx/ros2_jazzy/install/demo_nodes_py:/home/rowanfoxx/ros2_jazzy/install/rqt:/home/rowanfoxx/ros2_jazzy/install/ros2component:/home/rowanfoxx/ros2_jazzy/install/sros2:/home/rowanfoxx/ros2_jazzy/install/rqt_topic:/home/rowanfoxx/ros2_jazzy/install/rqt_srv:/home/rowanfoxx/ros2_jazzy/install/rqt_shell:/home/rowanfoxx/ros2_jazzy/install/rqt_service_caller:/home/rowanfoxx/ros2_jazzy/install/rqt_reconfigure:/home/rowanfoxx/ros2_jazzy/install/rqt_py_console:/home/rowanfoxx/ros2_jazzy/install/rqt_publisher:/home/rowanfoxx/ros2_jazzy/install/rqt_action:/home/rowanfoxx/ros2_jazzy/install/rqt_msg:/home/rowanfoxx/ros2_jazzy/install/rqt_console:/home/rowanfoxx/ros2_jazzy/install/rqt_graph:/home/rowanfoxx/ros2_jazzy/install/rqt_gui_py:/home/rowanfoxx/ros2_jazzy/install/rqt_gui:/home/rowanfoxx/ros2_jazzy/install/ros2trace:/home/rowanfoxx/ros2_jazzy/install/ros2param:/home/rowanfoxx/ros2_jazzy/install/ros2lifecycle:/home/rowanfoxx/ros2_jazzy/install/ros2service:/home/rowanfoxx/ros2_jazzy/install/ros2topic:/home/rowanfoxx/ros2_jazzy/install/ros2test:/home/rowanfoxx/ros2_jazzy/install/ros2run:/home/rowanfoxx/ros2_jazzy/install/ros2launch:/home/rowanfoxx/ros2_jazzy/install/ros2pkg:/home/rowanfoxx/ros2_jazzy/install/ros2node:/home/rowanfoxx/ros2_jazzy/install/ros2multicast:/home/rowanfoxx/ros2_jazzy/install/ros2interface:/home/rowanfoxx/ros2_jazzy/install/ros2action:/home/rowanfoxx/ros2_jazzy/install/ros2cli:/home/rowanfoxx/ros2_jazzy/install/launch_testing_ros:/home/rowanfoxx/ros2_jazzy/install/launch_ros:/home/rowanfoxx/ros2_jazzy/install/examples_rclpy_minimal_action_server:/home/rowanfoxx/ros2_jazzy/install/examples_rclpy_minimal_action_client:/home/rowanfoxx/ros2_jazzy/install/examples_rclpy_guard_conditions:/home/rowanfoxx/ros2_jazzy/install/action_tutorials_py:/home/rowanfoxx/ros2_jazzy/install/ament_uncrustify:/home/rowanfoxx/ros2_jazzy/install/tracetools_trace:/home/rowanfoxx/ros2_jazzy/install/tracetools_read:/home/rowanfoxx/ros2_jazzy/install/test_tracetools_launch:/home/rowanfoxx/ros2_jazzy/install/test_ros2trace:/home/rowanfoxx/ros2_jazzy/install/test_launch_ros:/home/rowanfoxx/ros2_jazzy/install/rpyutils:/home/rowanfoxx/ros2_jazzy/install/rosidl_runtime_py:/home/rowanfoxx/ros2_jazzy/install/rosidl_pycommon:/home/rowanfoxx/ros2_jazzy/install/rosidl_cli:/home/rowanfoxx/ros2_jazzy/install/launch_pytest:/home/rowanfoxx/ros2_jazzy/install/launch_testing:/home/rowanfoxx/ros2_jazzy/install/launch_yaml:/home/rowanfoxx/ros2_jazzy/install/launch_xml:/home/rowanfoxx/ros2_jazzy/install/launch:/home/rowanfoxx/ros2_jazzy/install/osrf_pycommon:/home/rowanfoxx/ros2_jazzy/install/domain_coordinator:/home/rowanfoxx/ros2_jazzy/install/ament_xmllint:/home/rowanfoxx/ros2_jazzy/install/ament_pyflakes:/home/rowanfoxx/ros2_jazzy/install/ament_pycodestyle:/home/rowanfoxx/ros2_jazzy/install/ament_pep257:/home/rowanfoxx/ros2_jazzy/install/ament_pclint:/home/rowanfoxx/ros2_jazzy/install/ament_package:/home/rowanfoxx/ros2_jazzy/install/ament_mypy:/home/rowanfoxx/ros2_jazzy/install/ament_lint_cmake:/home/rowanfoxx/ros2_jazzy/install/ament_flake8:/home/rowanfoxx/ros2_jazzy/install/ament_copyright:/home/rowanfoxx/ros2_jazzy/install/ament_lint:/home/rowanfoxx/ros2_jazzy/install/ament_index_python:/home/rowanfoxx/ros2_jazzy/install/ament_cpplint:/home/rowanfoxx/ros2_jazzy/install/ament_cppcheck:/home/rowanfoxx/ros2_jazzy/install/ament_clang_tidy:/home/rowanfoxx/ros2_jazzy/install/ament_clang_format DEBUGINFOD_URLS=https://debuginfod.fedoraproject.org/ _=/usr/bin/env /usr/bin/cmake --install /home/rowanfoxx/Documents/GitHub/LoCoBotRos/build/turtlesim
