[0.642s] Invoking command in '/home/locobot/LoCoBotRos/interbotix_ws/build/interbotix_tf_tools': CMAKE_PREFIX_PATH=${CMAKE_PREFIX_PATH}:/home/locobot/LoCoBotRos/interbotix_ws/install/moveit_configs_utils:/home/locobot/LoCoBotRos/interbotix_ws/install/launch_param_builder:/home/locobot/LoCoBotRos/interbotix_ws/install/interbotix_xs_modules:/home/locobot/LoCoBotRos/interbotix_ws/install/interbotix_common_modules:/opt/ros/humble /usr/bin/cmake --build /home/locobot/LoCoBotRos/interbotix_ws/build/interbotix_tf_tools -- -j16 -l16
[0.822s] [100%] Built target tf_rebroadcaster
[1.115s] Invoked command in '/home/locobot/LoCoBotRos/interbotix_ws/build/interbotix_tf_tools' returned '0': CMAKE_PREFIX_PATH=${CMAKE_PREFIX_PATH}:/home/locobot/LoCoBotRos/interbotix_ws/install/moveit_configs_utils:/home/locobot/LoCoBotRos/interbotix_ws/install/launch_param_builder:/home/locobot/LoCoBotRos/interbotix_ws/install/interbotix_xs_modules:/home/locobot/LoCoBotRos/interbotix_ws/install/interbotix_common_modules:/opt/ros/humble /usr/bin/cmake --build /home/locobot/LoCoBotRos/interbotix_ws/build/interbotix_tf_tools -- -j16 -l16
[1.116s] Invoking command in '/home/locobot/LoCoBotRos/interbotix_ws/build/interbotix_tf_tools': CMAKE_PREFIX_PATH=${CMAKE_PREFIX_PATH}:/home/locobot/LoCoBotRos/interbotix_ws/install/moveit_configs_utils:/home/locobot/LoCoBotRos/interbotix_ws/install/launch_param_builder:/home/locobot/LoCoBotRos/interbotix_ws/install/interbotix_xs_modules:/home/locobot/LoCoBotRos/interbotix_ws/install/interbotix_common_modules:/opt/ros/humble /usr/bin/cmake --install /home/locobot/LoCoBotRos/interbotix_ws/build/interbotix_tf_tools
[1.193s] -- Install configuration: "Release"
[1.194s] -- Up-to-date: /home/locobot/LoCoBotRos/interbotix_ws/install/interbotix_tf_tools/lib/libtf_rebroadcaster.so
[1.194s] -- Up-to-date: /home/locobot/LoCoBotRos/interbotix_ws/install/interbotix_tf_tools/lib/interbotix_tf_tools/static_trans_pub.py
[1.194s] -- Up-to-date: /home/locobot/LoCoBotRos/interbotix_ws/install/interbotix_tf_tools/share/interbotix_tf_tools//config
[1.194s] -- Up-to-date: /home/locobot/LoCoBotRos/interbotix_ws/install/interbotix_tf_tools/share/interbotix_tf_tools//config/tf_rebroadcaster.yaml
[1.194s] -- Up-to-date: /home/locobot/LoCoBotRos/interbotix_ws/install/interbotix_tf_tools/share/interbotix_tf_tools//launch
[1.194s] -- Up-to-date: /home/locobot/LoCoBotRos/interbotix_ws/install/interbotix_tf_tools/share/interbotix_tf_tools//launch/tf_rebroadcaster.launch.py
[1.194s] -- Up-to-date: /home/locobot/LoCoBotRos/interbotix_ws/install/interbotix_tf_tools/share/interbotix_tf_tools//launch/static_transform_pub.launch.py
[1.194s] -- Up-to-date: /home/locobot/LoCoBotRos/interbotix_ws/install/interbotix_tf_tools/share/ament_index/resource_index/package_run_dependencies/interbotix_tf_tools
[1.194s] -- Up-to-date: /home/locobot/LoCoBotRos/interbotix_ws/install/interbotix_tf_tools/share/ament_index/resource_index/parent_prefix_path/interbotix_tf_tools
[1.194s] -- Up-to-date: /home/locobot/LoCoBotRos/interbotix_ws/install/interbotix_tf_tools/share/interbotix_tf_tools/environment/ament_prefix_path.sh
[1.194s] -- Up-to-date: /home/locobot/LoCoBotRos/interbotix_ws/install/interbotix_tf_tools/share/interbotix_tf_tools/environment/ament_prefix_path.dsv
[1.194s] -- Up-to-date: /home/locobot/LoCoBotRos/interbotix_ws/install/interbotix_tf_tools/share/interbotix_tf_tools/environment/path.sh
[1.197s] -- Up-to-date: /home/locobot/LoCoBotRos/interbotix_ws/install/interbotix_tf_tools/share/interbotix_tf_tools/environment/path.dsv
[1.197s] -- Up-to-date: /home/locobot/LoCoBotRos/interbotix_ws/install/interbotix_tf_tools/share/interbotix_tf_tools/local_setup.bash
[1.197s] -- Up-to-date: /home/locobot/LoCoBotRos/interbotix_ws/install/interbotix_tf_tools/share/interbotix_tf_tools/local_setup.sh
[1.198s] -- Up-to-date: /home/locobot/LoCoBotRos/interbotix_ws/install/interbotix_tf_tools/share/interbotix_tf_tools/local_setup.zsh
[1.198s] -- Up-to-date: /home/locobot/LoCoBotRos/interbotix_ws/install/interbotix_tf_tools/share/interbotix_tf_tools/local_setup.dsv
[1.198s] -- Installing: /home/locobot/LoCoBotRos/interbotix_ws/install/interbotix_tf_tools/share/interbotix_tf_tools/package.dsv
[1.198s] -- Up-to-date: /home/locobot/LoCoBotRos/interbotix_ws/install/interbotix_tf_tools/share/ament_index/resource_index/packages/interbotix_tf_tools
[1.198s] -- Up-to-date: /home/locobot/LoCoBotRos/interbotix_ws/install/interbotix_tf_tools/share/ament_index/resource_index/rclcpp_components/interbotix_tf_tools
[1.198s] -- Up-to-date: /home/locobot/LoCoBotRos/interbotix_ws/install/interbotix_tf_tools/share/interbotix_tf_tools/cmake/interbotix_tf_toolsConfig.cmake
[1.198s] -- Up-to-date: /home/locobot/LoCoBotRos/interbotix_ws/install/interbotix_tf_tools/share/interbotix_tf_tools/cmake/interbotix_tf_toolsConfig-version.cmake
[1.198s] -- Up-to-date: /home/locobot/LoCoBotRos/interbotix_ws/install/interbotix_tf_tools/share/interbotix_tf_tools/package.xml
[1.330s] Invoked command in '/home/locobot/LoCoBotRos/interbotix_ws/build/interbotix_tf_tools' returned '0': CMAKE_PREFIX_PATH=${CMAKE_PREFIX_PATH}:/home/locobot/LoCoBotRos/interbotix_ws/install/moveit_configs_utils:/home/locobot/LoCoBotRos/interbotix_ws/install/launch_param_builder:/home/locobot/LoCoBotRos/interbotix_ws/install/interbotix_xs_modules:/home/locobot/LoCoBotRos/interbotix_ws/install/interbotix_common_modules:/opt/ros/humble /usr/bin/cmake --install /home/locobot/LoCoBotRos/interbotix_ws/build/interbotix_tf_tools
