[0.508s] Invoking command in '/home/locobot/LoCoBotRos/interbotix_ws/build/moveit_resources_fanuc_description': CMAKE_PREFIX_PATH=${CMAKE_PREFIX_PATH}:/home/locobot/LoCoBotRos/interbotix_ws/install/moveit_configs_utils:/home/locobot/LoCoBotRos/interbotix_ws/install/launch_param_builder:/home/locobot/LoCoBotRos/interbotix_ws/install/interbotix_xs_modules:/home/locobot/LoCoBotRos/interbotix_ws/install/interbotix_common_modules:/opt/ros/humble /usr/bin/cmake --build /home/locobot/LoCoBotRos/interbotix_ws/build/moveit_resources_fanuc_description -- -j16 -l16
[1.097s] Invoked command in '/home/locobot/LoCoBotRos/interbotix_ws/build/moveit_resources_fanuc_description' returned '0': CMAKE_PREFIX_PATH=${CMAKE_PREFIX_PATH}:/home/locobot/LoCoBotRos/interbotix_ws/install/moveit_configs_utils:/home/locobot/LoCoBotRos/interbotix_ws/install/launch_param_builder:/home/locobot/LoCoBotRos/interbotix_ws/install/interbotix_xs_modules:/home/locobot/LoCoBotRos/interbotix_ws/install/interbotix_common_modules:/opt/ros/humble /usr/bin/cmake --build /home/locobot/LoCoBotRos/interbotix_ws/build/moveit_resources_fanuc_description -- -j16 -l16
[1.099s] Invoking command in '/home/locobot/LoCoBotRos/interbotix_ws/build/moveit_resources_fanuc_description': CMAKE_PREFIX_PATH=${CMAKE_PREFIX_PATH}:/home/locobot/LoCoBotRos/interbotix_ws/install/moveit_configs_utils:/home/locobot/LoCoBotRos/interbotix_ws/install/launch_param_builder:/home/locobot/LoCoBotRos/interbotix_ws/install/interbotix_xs_modules:/home/locobot/LoCoBotRos/interbotix_ws/install/interbotix_common_modules:/opt/ros/humble /usr/bin/cmake --install /home/locobot/LoCoBotRos/interbotix_ws/build/moveit_resources_fanuc_description
[1.201s] -- Install configuration: "Release"
[1.201s] -- Up-to-date: /home/locobot/LoCoBotRos/interbotix_ws/install/moveit_resources_fanuc_description/share/ament_index/resource_index/package_run_dependencies/moveit_resources_fanuc_description
[1.201s] -- Up-to-date: /home/locobot/LoCoBotRos/interbotix_ws/install/moveit_resources_fanuc_description/share/ament_index/resource_index/parent_prefix_path/moveit_resources_fanuc_description
[1.201s] -- Up-to-date: /home/locobot/LoCoBotRos/interbotix_ws/install/moveit_resources_fanuc_description/share/moveit_resources_fanuc_description/environment/ament_prefix_path.sh
[1.202s] -- Up-to-date: /home/locobot/LoCoBotRos/interbotix_ws/install/moveit_resources_fanuc_description/share/moveit_resources_fanuc_description/environment/ament_prefix_path.dsv
[1.202s] -- Up-to-date: /home/locobot/LoCoBotRos/interbotix_ws/install/moveit_resources_fanuc_description/share/moveit_resources_fanuc_description/environment/path.sh
[1.202s] -- Up-to-date: /home/locobot/LoCoBotRos/interbotix_ws/install/moveit_resources_fanuc_description/share/moveit_resources_fanuc_description/environment/path.dsv
[1.202s] -- Up-to-date: /home/locobot/LoCoBotRos/interbotix_ws/install/moveit_resources_fanuc_description/share/moveit_resources_fanuc_description/local_setup.bash
[1.202s] -- Up-to-date: /home/locobot/LoCoBotRos/interbotix_ws/install/moveit_resources_fanuc_description/share/moveit_resources_fanuc_description/local_setup.sh
[1.202s] -- Up-to-date: /home/locobot/LoCoBotRos/interbotix_ws/install/moveit_resources_fanuc_description/share/moveit_resources_fanuc_description/local_setup.zsh
[1.202s] -- Up-to-date: /home/locobot/LoCoBotRos/interbotix_ws/install/moveit_resources_fanuc_description/share/moveit_resources_fanuc_description/local_setup.dsv
[1.202s] -- Installing: /home/locobot/LoCoBotRos/interbotix_ws/install/moveit_resources_fanuc_description/share/moveit_resources_fanuc_description/package.dsv
[1.202s] -- Up-to-date: /home/locobot/LoCoBotRos/interbotix_ws/install/moveit_resources_fanuc_description/share/ament_index/resource_index/packages/moveit_resources_fanuc_description
[1.202s] -- Up-to-date: /home/locobot/LoCoBotRos/interbotix_ws/install/moveit_resources_fanuc_description/share/moveit_resources_fanuc_description/cmake/moveit_resources_fanuc_descriptionConfig.cmake
[1.203s] -- Up-to-date: /home/locobot/LoCoBotRos/interbotix_ws/install/moveit_resources_fanuc_description/share/moveit_resources_fanuc_description/cmake/moveit_resources_fanuc_descriptionConfig-version.cmake
[1.203s] -- Up-to-date: /home/locobot/LoCoBotRos/interbotix_ws/install/moveit_resources_fanuc_description/share/moveit_resources_fanuc_description/package.xml
[1.203s] -- Up-to-date: /home/locobot/LoCoBotRos/interbotix_ws/install/moveit_resources_fanuc_description/share/moveit_resources_fanuc_description/meshes
[1.203s] -- Up-to-date: /home/locobot/LoCoBotRos/interbotix_ws/install/moveit_resources_fanuc_description/share/moveit_resources_fanuc_description/meshes/collision
[1.203s] -- Up-to-date: /home/locobot/LoCoBotRos/interbotix_ws/install/moveit_resources_fanuc_description/share/moveit_resources_fanuc_description/meshes/collision/link_6.stl
[1.204s] -- Up-to-date: /home/locobot/LoCoBotRos/interbotix_ws/install/moveit_resources_fanuc_description/share/moveit_resources_fanuc_description/meshes/collision/link_3.stl
[1.204s] -- Up-to-date: /home/locobot/LoCoBotRos/interbotix_ws/install/moveit_resources_fanuc_description/share/moveit_resources_fanuc_description/meshes/collision/base_link.stl
[1.204s] -- Up-to-date: /home/locobot/LoCoBotRos/interbotix_ws/install/moveit_resources_fanuc_description/share/moveit_resources_fanuc_description/meshes/collision/link_2.stl
[1.204s] -- Up-to-date: /home/locobot/LoCoBotRos/interbotix_ws/install/moveit_resources_fanuc_description/share/moveit_resources_fanuc_description/meshes/collision/link_1.stl
[1.204s] -- Up-to-date: /home/locobot/LoCoBotRos/interbotix_ws/install/moveit_resources_fanuc_description/share/moveit_resources_fanuc_description/meshes/collision/link_4.stl
[1.204s] -- Up-to-date: /home/locobot/LoCoBotRos/interbotix_ws/install/moveit_resources_fanuc_description/share/moveit_resources_fanuc_description/meshes/collision/link_5.stl
[1.204s] -- Up-to-date: /home/locobot/LoCoBotRos/interbotix_ws/install/moveit_resources_fanuc_description/share/moveit_resources_fanuc_description/meshes/visual
[1.204s] -- Up-to-date: /home/locobot/LoCoBotRos/interbotix_ws/install/moveit_resources_fanuc_description/share/moveit_resources_fanuc_description/meshes/visual/link_6.stl
[1.204s] -- Up-to-date: /home/locobot/LoCoBotRos/interbotix_ws/install/moveit_resources_fanuc_description/share/moveit_resources_fanuc_description/meshes/visual/link_3.stl
[1.204s] -- Up-to-date: /home/locobot/LoCoBotRos/interbotix_ws/install/moveit_resources_fanuc_description/share/moveit_resources_fanuc_description/meshes/visual/base_link.stl
[1.204s] -- Up-to-date: /home/locobot/LoCoBotRos/interbotix_ws/install/moveit_resources_fanuc_description/share/moveit_resources_fanuc_description/meshes/visual/link_2.stl
[1.204s] -- Up-to-date: /home/locobot/LoCoBotRos/interbotix_ws/install/moveit_resources_fanuc_description/share/moveit_resources_fanuc_description/meshes/visual/link_1.stl
[1.205s] -- Up-to-date: /home/locobot/LoCoBotRos/interbotix_ws/install/moveit_resources_fanuc_description/share/moveit_resources_fanuc_description/meshes/visual/link_4.stl
[1.205s] -- Up-to-date: /home/locobot/LoCoBotRos/interbotix_ws/install/moveit_resources_fanuc_description/share/moveit_resources_fanuc_description/meshes/visual/link_5.stl
[1.205s] -- Up-to-date: /home/locobot/LoCoBotRos/interbotix_ws/install/moveit_resources_fanuc_description/share/moveit_resources_fanuc_description/urdf
[1.205s] -- Up-to-date: /home/locobot/LoCoBotRos/interbotix_ws/install/moveit_resources_fanuc_description/share/moveit_resources_fanuc_description/urdf/fanuc.urdf
[1.314s] Invoked command in '/home/locobot/LoCoBotRos/interbotix_ws/build/moveit_resources_fanuc_description' returned '0': CMAKE_PREFIX_PATH=${CMAKE_PREFIX_PATH}:/home/locobot/LoCoBotRos/interbotix_ws/install/moveit_configs_utils:/home/locobot/LoCoBotRos/interbotix_ws/install/launch_param_builder:/home/locobot/LoCoBotRos/interbotix_ws/install/interbotix_xs_modules:/home/locobot/LoCoBotRos/interbotix_ws/install/interbotix_common_modules:/opt/ros/humble /usr/bin/cmake --install /home/locobot/LoCoBotRos/interbotix_ws/build/moveit_resources_fanuc_description
