[0.414s] Invoking command in '/home/locobot/LoCoBotRos/interbotix_ws/build/interbotix_moveit_interface_msgs': CMAKE_PREFIX_PATH=${CMAKE_PREFIX_PATH}:/home/locobot/LoCoBotRos/interbotix_ws/install/moveit_configs_utils:/home/locobot/LoCoBotRos/interbotix_ws/install/launch_param_builder:/home/locobot/LoCoBotRos/interbotix_ws/install/interbotix_xs_modules:/home/locobot/LoCoBotRos/interbotix_ws/install/interbotix_common_modules:/opt/ros/humble /usr/bin/cmake --build /home/locobot/LoCoBotRos/interbotix_ws/build/interbotix_moveit_interface_msgs -- -j16 -l16
[0.700s] [  9%] Built target interbotix_moveit_interface_msgs__rosidl_generator_c
[0.739s] [ 12%] Built target interbotix_moveit_interface_msgs__cpp
[0.771s] [ 12%] Built target ament_cmake_python_copy_interbotix_moveit_interface_msgs
[0.782s] [ 22%] Built target interbotix_moveit_interface_msgs__rosidl_typesupport_c
[0.800s] [ 32%] Built target interbotix_moveit_interface_msgs__rosidl_typesupport_introspection_c
[0.823s] [ 41%] Built target interbotix_moveit_interface_msgs__rosidl_typesupport_introspection_cpp
[0.839s] [ 51%] Built target interbotix_moveit_interface_msgs__rosidl_typesupport_fastrtps_c
[0.850s] [ 61%] Built target interbotix_moveit_interface_msgs__rosidl_typesupport_fastrtps_cpp
[0.864s] [ 70%] Built target interbotix_moveit_interface_msgs__rosidl_typesupport_cpp
[0.932s] [ 70%] Built target interbotix_moveit_interface_msgs
[0.993s] [ 74%] Built target interbotix_moveit_interface_msgs__py
[1.097s] [ 80%] Built target interbotix_moveit_interface_msgs__rosidl_generator_py
[1.178s] [ 87%] Built target interbotix_moveit_interface_msgs__rosidl_typesupport_fastrtps_c__pyext
[1.221s] [ 93%] Built target interbotix_moveit_interface_msgs__rosidl_typesupport_c__pyext
[1.221s] [100%] Built target interbotix_moveit_interface_msgs__rosidl_typesupport_introspection_c__pyext
[1.281s] running egg_info
[1.281s] writing interbotix_moveit_interface_msgs.egg-info/PKG-INFO
[1.282s] writing dependency_links to interbotix_moveit_interface_msgs.egg-info/dependency_links.txt
[1.282s] writing top-level names to interbotix_moveit_interface_msgs.egg-info/top_level.txt
[1.286s] reading manifest file 'interbotix_moveit_interface_msgs.egg-info/SOURCES.txt'
[1.287s] writing manifest file 'interbotix_moveit_interface_msgs.egg-info/SOURCES.txt'
[1.351s] [100%] Built target ament_cmake_python_build_interbotix_moveit_interface_msgs_egg
[1.539s] Invoked command in '/home/locobot/LoCoBotRos/interbotix_ws/build/interbotix_moveit_interface_msgs' returned '0': CMAKE_PREFIX_PATH=${CMAKE_PREFIX_PATH}:/home/locobot/LoCoBotRos/interbotix_ws/install/moveit_configs_utils:/home/locobot/LoCoBotRos/interbotix_ws/install/launch_param_builder:/home/locobot/LoCoBotRos/interbotix_ws/install/interbotix_xs_modules:/home/locobot/LoCoBotRos/interbotix_ws/install/interbotix_common_modules:/opt/ros/humble /usr/bin/cmake --build /home/locobot/LoCoBotRos/interbotix_ws/build/interbotix_moveit_interface_msgs -- -j16 -l16
[1.573s] Invoking command in '/home/locobot/LoCoBotRos/interbotix_ws/build/interbotix_moveit_interface_msgs': CMAKE_PREFIX_PATH=${CMAKE_PREFIX_PATH}:/home/locobot/LoCoBotRos/interbotix_ws/install/moveit_configs_utils:/home/locobot/LoCoBotRos/interbotix_ws/install/launch_param_builder:/home/locobot/LoCoBotRos/interbotix_ws/install/interbotix_xs_modules:/home/locobot/LoCoBotRos/interbotix_ws/install/interbotix_common_modules:/opt/ros/humble /usr/bin/cmake --install /home/locobot/LoCoBotRos/interbotix_ws/build/interbotix_moveit_interface_msgs
[1.579s] -- Install configuration: "Release"
[1.579s] -- Up-to-date: /home/locobot/LoCoBotRos/interbotix_ws/install/interbotix_moveit_interface_msgs/share/ament_index/resource_index/rosidl_interfaces/interbotix_moveit_interface_msgs
[1.580s] -- Up-to-date: /home/locobot/LoCoBotRos/interbotix_ws/install/interbotix_moveit_interface_msgs/include/interbotix_moveit_interface_msgs/interbotix_moveit_interface_msgs
[1.581s] -- Up-to-date: /home/locobot/LoCoBotRos/interbotix_ws/install/interbotix_moveit_interface_msgs/include/interbotix_moveit_interface_msgs/interbotix_moveit_interface_msgs/msg
[1.581s] -- Up-to-date: /home/locobot/LoCoBotRos/interbotix_ws/install/interbotix_moveit_interface_msgs/include/interbotix_moveit_interface_msgs/interbotix_moveit_interface_msgs/msg/rosidl_generator_c__visibility_control.h
[1.581s] -- Up-to-date: /home/locobot/LoCoBotRos/interbotix_ws/install/interbotix_moveit_interface_msgs/include/interbotix_moveit_interface_msgs/interbotix_moveit_interface_msgs/srv
[1.581s] -- Up-to-date: /home/locobot/LoCoBotRos/interbotix_ws/install/interbotix_moveit_interface_msgs/include/interbotix_moveit_interface_msgs/interbotix_moveit_interface_msgs/srv/detail
[1.581s] -- Up-to-date: /home/locobot/LoCoBotRos/interbotix_ws/install/interbotix_moveit_interface_msgs/include/interbotix_moveit_interface_msgs/interbotix_moveit_interface_msgs/srv/detail/move_it_plan__type_support.h
[1.581s] -- Up-to-date: /home/locobot/LoCoBotRos/interbotix_ws/install/interbotix_moveit_interface_msgs/include/interbotix_moveit_interface_msgs/interbotix_moveit_interface_msgs/srv/detail/move_it_plan__functions.h
[1.581s] -- Up-to-date: /home/locobot/LoCoBotRos/interbotix_ws/install/interbotix_moveit_interface_msgs/include/interbotix_moveit_interface_msgs/interbotix_moveit_interface_msgs/srv/detail/move_it_plan__struct.h
[1.581s] -- Up-to-date: /home/locobot/LoCoBotRos/interbotix_ws/install/interbotix_moveit_interface_msgs/include/interbotix_moveit_interface_msgs/interbotix_moveit_interface_msgs/srv/detail/move_it_plan__functions.c
[1.582s] -- Up-to-date: /home/locobot/LoCoBotRos/interbotix_ws/install/interbotix_moveit_interface_msgs/include/interbotix_moveit_interface_msgs/interbotix_moveit_interface_msgs/srv/move_it_plan.h
[1.583s] -- Up-to-date: /home/locobot/LoCoBotRos/interbotix_ws/install/interbotix_moveit_interface_msgs/share/interbotix_moveit_interface_msgs/environment/library_path.sh
[1.583s] -- Up-to-date: /home/locobot/LoCoBotRos/interbotix_ws/install/interbotix_moveit_interface_msgs/share/interbotix_moveit_interface_msgs/environment/library_path.dsv
[1.583s] -- Up-to-date: /home/locobot/LoCoBotRos/interbotix_ws/install/interbotix_moveit_interface_msgs/lib/libinterbotix_moveit_interface_msgs__rosidl_generator_c.so
[1.584s] -- Up-to-date: /home/locobot/LoCoBotRos/interbotix_ws/install/interbotix_moveit_interface_msgs/include/interbotix_moveit_interface_msgs/interbotix_moveit_interface_msgs
[1.584s] -- Up-to-date: /home/locobot/LoCoBotRos/interbotix_ws/install/interbotix_moveit_interface_msgs/include/interbotix_moveit_interface_msgs/interbotix_moveit_interface_msgs/msg
[1.584s] -- Up-to-date: /home/locobot/LoCoBotRos/interbotix_ws/install/interbotix_moveit_interface_msgs/include/interbotix_moveit_interface_msgs/interbotix_moveit_interface_msgs/msg/rosidl_typesupport_fastrtps_c__visibility_control.h
[1.584s] -- Up-to-date: /home/locobot/LoCoBotRos/interbotix_ws/install/interbotix_moveit_interface_msgs/include/interbotix_moveit_interface_msgs/interbotix_moveit_interface_msgs/srv
[1.584s] -- Up-to-date: /home/locobot/LoCoBotRos/interbotix_ws/install/interbotix_moveit_interface_msgs/include/interbotix_moveit_interface_msgs/interbotix_moveit_interface_msgs/srv/detail
[1.584s] -- Up-to-date: /home/locobot/LoCoBotRos/interbotix_ws/install/interbotix_moveit_interface_msgs/include/interbotix_moveit_interface_msgs/interbotix_moveit_interface_msgs/srv/detail/move_it_plan__rosidl_typesupport_fastrtps_c.h
[1.585s] -- Up-to-date: /home/locobot/LoCoBotRos/interbotix_ws/install/interbotix_moveit_interface_msgs/lib/libinterbotix_moveit_interface_msgs__rosidl_typesupport_fastrtps_c.so
[1.585s] -- Up-to-date: /home/locobot/LoCoBotRos/interbotix_ws/install/interbotix_moveit_interface_msgs/include/interbotix_moveit_interface_msgs/interbotix_moveit_interface_msgs
[1.585s] -- Up-to-date: /home/locobot/LoCoBotRos/interbotix_ws/install/interbotix_moveit_interface_msgs/include/interbotix_moveit_interface_msgs/interbotix_moveit_interface_msgs/msg
[1.585s] -- Up-to-date: /home/locobot/LoCoBotRos/interbotix_ws/install/interbotix_moveit_interface_msgs/include/interbotix_moveit_interface_msgs/interbotix_moveit_interface_msgs/msg/rosidl_typesupport_introspection_c__visibility_control.h
[1.587s] -- Up-to-date: /home/locobot/LoCoBotRos/interbotix_ws/install/interbotix_moveit_interface_msgs/include/interbotix_moveit_interface_msgs/interbotix_moveit_interface_msgs/srv
[1.587s] -- Up-to-date: /home/locobot/LoCoBotRos/interbotix_ws/install/interbotix_moveit_interface_msgs/include/interbotix_moveit_interface_msgs/interbotix_moveit_interface_msgs/srv/detail
[1.588s] -- Up-to-date: /home/locobot/LoCoBotRos/interbotix_ws/install/interbotix_moveit_interface_msgs/include/interbotix_moveit_interface_msgs/interbotix_moveit_interface_msgs/srv/detail/move_it_plan__type_support.c
[1.589s] -- Up-to-date: /home/locobot/LoCoBotRos/interbotix_ws/install/interbotix_moveit_interface_msgs/include/interbotix_moveit_interface_msgs/interbotix_moveit_interface_msgs/srv/detail/move_it_plan__rosidl_typesupport_introspection_c.h
[1.589s] -- Up-to-date: /home/locobot/LoCoBotRos/interbotix_ws/install/interbotix_moveit_interface_msgs/lib/libinterbotix_moveit_interface_msgs__rosidl_typesupport_introspection_c.so
[1.590s] -- Up-to-date: /home/locobot/LoCoBotRos/interbotix_ws/install/interbotix_moveit_interface_msgs/lib/libinterbotix_moveit_interface_msgs__rosidl_typesupport_c.so
[1.590s] -- Up-to-date: /home/locobot/LoCoBotRos/interbotix_ws/install/interbotix_moveit_interface_msgs/include/interbotix_moveit_interface_msgs/interbotix_moveit_interface_msgs
[1.590s] -- Up-to-date: /home/locobot/LoCoBotRos/interbotix_ws/install/interbotix_moveit_interface_msgs/include/interbotix_moveit_interface_msgs/interbotix_moveit_interface_msgs/msg
[1.590s] -- Up-to-date: /home/locobot/LoCoBotRos/interbotix_ws/install/interbotix_moveit_interface_msgs/include/interbotix_moveit_interface_msgs/interbotix_moveit_interface_msgs/msg/rosidl_generator_cpp__visibility_control.hpp
[1.591s] -- Up-to-date: /home/locobot/LoCoBotRos/interbotix_ws/install/interbotix_moveit_interface_msgs/include/interbotix_moveit_interface_msgs/interbotix_moveit_interface_msgs/srv
[1.591s] -- Up-to-date: /home/locobot/LoCoBotRos/interbotix_ws/install/interbotix_moveit_interface_msgs/include/interbotix_moveit_interface_msgs/interbotix_moveit_interface_msgs/srv/detail
[1.592s] -- Up-to-date: /home/locobot/LoCoBotRos/interbotix_ws/install/interbotix_moveit_interface_msgs/include/interbotix_moveit_interface_msgs/interbotix_moveit_interface_msgs/srv/detail/move_it_plan__struct.hpp
[1.592s] -- Up-to-date: /home/locobot/LoCoBotRos/interbotix_ws/install/interbotix_moveit_interface_msgs/include/interbotix_moveit_interface_msgs/interbotix_moveit_interface_msgs/srv/detail/move_it_plan__traits.hpp
[1.593s] -- Up-to-date: /home/locobot/LoCoBotRos/interbotix_ws/install/interbotix_moveit_interface_msgs/include/interbotix_moveit_interface_msgs/interbotix_moveit_interface_msgs/srv/detail/move_it_plan__type_support.hpp
[1.593s] -- Up-to-date: /home/locobot/LoCoBotRos/interbotix_ws/install/interbotix_moveit_interface_msgs/include/interbotix_moveit_interface_msgs/interbotix_moveit_interface_msgs/srv/detail/move_it_plan__builder.hpp
[1.593s] -- Up-to-date: /home/locobot/LoCoBotRos/interbotix_ws/install/interbotix_moveit_interface_msgs/include/interbotix_moveit_interface_msgs/interbotix_moveit_interface_msgs/srv/move_it_plan.hpp
[1.593s] -- Up-to-date: /home/locobot/LoCoBotRos/interbotix_ws/install/interbotix_moveit_interface_msgs/include/interbotix_moveit_interface_msgs/interbotix_moveit_interface_msgs
[1.598s] -- Up-to-date: /home/locobot/LoCoBotRos/interbotix_ws/install/interbotix_moveit_interface_msgs/include/interbotix_moveit_interface_msgs/interbotix_moveit_interface_msgs/msg
[1.598s] -- Up-to-date: /home/locobot/LoCoBotRos/interbotix_ws/install/interbotix_moveit_interface_msgs/include/interbotix_moveit_interface_msgs/interbotix_moveit_interface_msgs/msg/rosidl_typesupport_fastrtps_cpp__visibility_control.h
[1.600s] -- Up-to-date: /home/locobot/LoCoBotRos/interbotix_ws/install/interbotix_moveit_interface_msgs/include/interbotix_moveit_interface_msgs/interbotix_moveit_interface_msgs/srv
[1.601s] -- Up-to-date: /home/locobot/LoCoBotRos/interbotix_ws/install/interbotix_moveit_interface_msgs/include/interbotix_moveit_interface_msgs/interbotix_moveit_interface_msgs/srv/detail
[1.601s] -- Up-to-date: /home/locobot/LoCoBotRos/interbotix_ws/install/interbotix_moveit_interface_msgs/include/interbotix_moveit_interface_msgs/interbotix_moveit_interface_msgs/srv/detail/dds_fastrtps
[1.601s] -- Up-to-date: /home/locobot/LoCoBotRos/interbotix_ws/install/interbotix_moveit_interface_msgs/include/interbotix_moveit_interface_msgs/interbotix_moveit_interface_msgs/srv/detail/move_it_plan__rosidl_typesupport_fastrtps_cpp.hpp
[1.601s] -- Up-to-date: /home/locobot/LoCoBotRos/interbotix_ws/install/interbotix_moveit_interface_msgs/lib/libinterbotix_moveit_interface_msgs__rosidl_typesupport_fastrtps_cpp.so
[1.601s] -- Up-to-date: /home/locobot/LoCoBotRos/interbotix_ws/install/interbotix_moveit_interface_msgs/include/interbotix_moveit_interface_msgs/interbotix_moveit_interface_msgs
[1.601s] -- Up-to-date: /home/locobot/LoCoBotRos/interbotix_ws/install/interbotix_moveit_interface_msgs/include/interbotix_moveit_interface_msgs/interbotix_moveit_interface_msgs/srv
[1.601s] -- Up-to-date: /home/locobot/LoCoBotRos/interbotix_ws/install/interbotix_moveit_interface_msgs/include/interbotix_moveit_interface_msgs/interbotix_moveit_interface_msgs/srv/detail
[1.601s] -- Up-to-date: /home/locobot/LoCoBotRos/interbotix_ws/install/interbotix_moveit_interface_msgs/include/interbotix_moveit_interface_msgs/interbotix_moveit_interface_msgs/srv/detail/move_it_plan__type_support.cpp
[1.601s] -- Up-to-date: /home/locobot/LoCoBotRos/interbotix_ws/install/interbotix_moveit_interface_msgs/include/interbotix_moveit_interface_msgs/interbotix_moveit_interface_msgs/srv/detail/move_it_plan__rosidl_typesupport_introspection_cpp.hpp
[1.602s] -- Up-to-date: /home/locobot/LoCoBotRos/interbotix_ws/install/interbotix_moveit_interface_msgs/lib/libinterbotix_moveit_interface_msgs__rosidl_typesupport_introspection_cpp.so
[1.602s] -- Up-to-date: /home/locobot/LoCoBotRos/interbotix_ws/install/interbotix_moveit_interface_msgs/lib/libinterbotix_moveit_interface_msgs__rosidl_typesupport_cpp.so
[1.602s] -- Up-to-date: /home/locobot/LoCoBotRos/interbotix_ws/install/interbotix_moveit_interface_msgs/share/interbotix_moveit_interface_msgs/environment/pythonpath.sh
[1.602s] -- Up-to-date: /home/locobot/LoCoBotRos/interbotix_ws/install/interbotix_moveit_interface_msgs/share/interbotix_moveit_interface_msgs/environment/pythonpath.dsv
[1.602s] -- Up-to-date: /home/locobot/LoCoBotRos/interbotix_ws/install/interbotix_moveit_interface_msgs/local/lib/python3.10/dist-packages/interbotix_moveit_interface_msgs-0.0.0-py3.10.egg-info
[1.603s] -- Installing: /home/locobot/LoCoBotRos/interbotix_ws/install/interbotix_moveit_interface_msgs/local/lib/python3.10/dist-packages/interbotix_moveit_interface_msgs-0.0.0-py3.10.egg-info/dependency_links.txt
[1.603s] -- Installing: /home/locobot/LoCoBotRos/interbotix_ws/install/interbotix_moveit_interface_msgs/local/lib/python3.10/dist-packages/interbotix_moveit_interface_msgs-0.0.0-py3.10.egg-info/PKG-INFO
[1.603s] -- Installing: /home/locobot/LoCoBotRos/interbotix_ws/install/interbotix_moveit_interface_msgs/local/lib/python3.10/dist-packages/interbotix_moveit_interface_msgs-0.0.0-py3.10.egg-info/SOURCES.txt
[1.603s] -- Installing: /home/locobot/LoCoBotRos/interbotix_ws/install/interbotix_moveit_interface_msgs/local/lib/python3.10/dist-packages/interbotix_moveit_interface_msgs-0.0.0-py3.10.egg-info/top_level.txt
[1.604s] -- Up-to-date: /home/locobot/LoCoBotRos/interbotix_ws/install/interbotix_moveit_interface_msgs/local/lib/python3.10/dist-packages/interbotix_moveit_interface_msgs
[1.605s] -- Up-to-date: /home/locobot/LoCoBotRos/interbotix_ws/install/interbotix_moveit_interface_msgs/local/lib/python3.10/dist-packages/interbotix_moveit_interface_msgs/interbotix_moveit_interface_msgs_s__rosidl_typesupport_fastrtps_c.cpython-310-x86_64-linux-gnu.so
[1.605s] -- Up-to-date: /home/locobot/LoCoBotRos/interbotix_ws/install/interbotix_moveit_interface_msgs/local/lib/python3.10/dist-packages/interbotix_moveit_interface_msgs/interbotix_moveit_interface_msgs_s__rosidl_typesupport_introspection_c.cpython-310-x86_64-linux-gnu.so
[1.605s] -- Up-to-date: /home/locobot/LoCoBotRos/interbotix_ws/install/interbotix_moveit_interface_msgs/local/lib/python3.10/dist-packages/interbotix_moveit_interface_msgs/interbotix_moveit_interface_msgs_s__rosidl_typesupport_c.cpython-310-x86_64-linux-gnu.so
[1.605s] -- Up-to-date: /home/locobot/LoCoBotRos/interbotix_ws/install/interbotix_moveit_interface_msgs/local/lib/python3.10/dist-packages/interbotix_moveit_interface_msgs/__init__.py
[1.606s] -- Up-to-date: /home/locobot/LoCoBotRos/interbotix_ws/install/interbotix_moveit_interface_msgs/local/lib/python3.10/dist-packages/interbotix_moveit_interface_msgs/_interbotix_moveit_interface_msgs_s.ep.rosidl_typesupport_introspection_c.c
[1.606s] -- Up-to-date: /home/locobot/LoCoBotRos/interbotix_ws/install/interbotix_moveit_interface_msgs/local/lib/python3.10/dist-packages/interbotix_moveit_interface_msgs/libinterbotix_moveit_interface_msgs__rosidl_generator_py.so
[1.606s] -- Up-to-date: /home/locobot/LoCoBotRos/interbotix_ws/install/interbotix_moveit_interface_msgs/local/lib/python3.10/dist-packages/interbotix_moveit_interface_msgs/srv
[1.606s] -- Up-to-date: /home/locobot/LoCoBotRos/interbotix_ws/install/interbotix_moveit_interface_msgs/local/lib/python3.10/dist-packages/interbotix_moveit_interface_msgs/srv/__init__.py
[1.606s] -- Up-to-date: /home/locobot/LoCoBotRos/interbotix_ws/install/interbotix_moveit_interface_msgs/local/lib/python3.10/dist-packages/interbotix_moveit_interface_msgs/srv/_move_it_plan.py
[1.606s] -- Up-to-date: /home/locobot/LoCoBotRos/interbotix_ws/install/interbotix_moveit_interface_msgs/local/lib/python3.10/dist-packages/interbotix_moveit_interface_msgs/srv/_move_it_plan_s.c
[1.606s] -- Up-to-date: /home/locobot/LoCoBotRos/interbotix_ws/install/interbotix_moveit_interface_msgs/local/lib/python3.10/dist-packages/interbotix_moveit_interface_msgs/_interbotix_moveit_interface_msgs_s.ep.rosidl_typesupport_fastrtps_c.c
[1.606s] -- Up-to-date: /home/locobot/LoCoBotRos/interbotix_ws/install/interbotix_moveit_interface_msgs/local/lib/python3.10/dist-packages/interbotix_moveit_interface_msgs/_interbotix_moveit_interface_msgs_s.ep.rosidl_typesupport_c.c
[1.623s] Listing '/home/locobot/LoCoBotRos/interbotix_ws/install/interbotix_moveit_interface_msgs/local/lib/python3.10/dist-packages/interbotix_moveit_interface_msgs'...
[1.623s] Listing '/home/locobot/LoCoBotRos/interbotix_ws/install/interbotix_moveit_interface_msgs/local/lib/python3.10/dist-packages/interbotix_moveit_interface_msgs/srv'...
[1.640s] -- Up-to-date: /home/locobot/LoCoBotRos/interbotix_ws/install/interbotix_moveit_interface_msgs/local/lib/python3.10/dist-packages/interbotix_moveit_interface_msgs/interbotix_moveit_interface_msgs_s__rosidl_typesupport_fastrtps_c.cpython-310-x86_64-linux-gnu.so
[1.641s] -- Up-to-date: /home/locobot/LoCoBotRos/interbotix_ws/install/interbotix_moveit_interface_msgs/local/lib/python3.10/dist-packages/interbotix_moveit_interface_msgs/interbotix_moveit_interface_msgs_s__rosidl_typesupport_introspection_c.cpython-310-x86_64-linux-gnu.so
[1.641s] -- Up-to-date: /home/locobot/LoCoBotRos/interbotix_ws/install/interbotix_moveit_interface_msgs/local/lib/python3.10/dist-packages/interbotix_moveit_interface_msgs/interbotix_moveit_interface_msgs_s__rosidl_typesupport_c.cpython-310-x86_64-linux-gnu.so
[1.642s] -- Up-to-date: /home/locobot/LoCoBotRos/interbotix_ws/install/interbotix_moveit_interface_msgs/lib/libinterbotix_moveit_interface_msgs__rosidl_generator_py.so
[1.642s] -- Up-to-date: /home/locobot/LoCoBotRos/interbotix_ws/install/interbotix_moveit_interface_msgs/share/interbotix_moveit_interface_msgs/srv/MoveItPlan.idl
[1.642s] -- Up-to-date: /home/locobot/LoCoBotRos/interbotix_ws/install/interbotix_moveit_interface_msgs/share/interbotix_moveit_interface_msgs/srv/MoveItPlan.srv
[1.642s] -- Up-to-date: /home/locobot/LoCoBotRos/interbotix_ws/install/interbotix_moveit_interface_msgs/share/interbotix_moveit_interface_msgs/srv/MoveItPlan_Request.msg
[1.642s] -- Up-to-date: /home/locobot/LoCoBotRos/interbotix_ws/install/interbotix_moveit_interface_msgs/share/interbotix_moveit_interface_msgs/srv/MoveItPlan_Response.msg
[1.643s] -- Up-to-date: /home/locobot/LoCoBotRos/interbotix_ws/install/interbotix_moveit_interface_msgs/share/ament_index/resource_index/package_run_dependencies/interbotix_moveit_interface_msgs
[1.644s] -- Up-to-date: /home/locobot/LoCoBotRos/interbotix_ws/install/interbotix_moveit_interface_msgs/share/ament_index/resource_index/parent_prefix_path/interbotix_moveit_interface_msgs
[1.645s] -- Up-to-date: /home/locobot/LoCoBotRos/interbotix_ws/install/interbotix_moveit_interface_msgs/share/interbotix_moveit_interface_msgs/environment/ament_prefix_path.sh
[1.646s] -- Up-to-date: /home/locobot/LoCoBotRos/interbotix_ws/install/interbotix_moveit_interface_msgs/share/interbotix_moveit_interface_msgs/environment/ament_prefix_path.dsv
[1.646s] -- Up-to-date: /home/locobot/LoCoBotRos/interbotix_ws/install/interbotix_moveit_interface_msgs/share/interbotix_moveit_interface_msgs/environment/path.sh
[1.646s] -- Up-to-date: /home/locobot/LoCoBotRos/interbotix_ws/install/interbotix_moveit_interface_msgs/share/interbotix_moveit_interface_msgs/environment/path.dsv
[1.646s] -- Up-to-date: /home/locobot/LoCoBotRos/interbotix_ws/install/interbotix_moveit_interface_msgs/share/interbotix_moveit_interface_msgs/local_setup.bash
[1.647s] -- Up-to-date: /home/locobot/LoCoBotRos/interbotix_ws/install/interbotix_moveit_interface_msgs/share/interbotix_moveit_interface_msgs/local_setup.sh
[1.652s] -- Up-to-date: /home/locobot/LoCoBotRos/interbotix_ws/install/interbotix_moveit_interface_msgs/share/interbotix_moveit_interface_msgs/local_setup.zsh
[1.653s] -- Up-to-date: /home/locobot/LoCoBotRos/interbotix_ws/install/interbotix_moveit_interface_msgs/share/interbotix_moveit_interface_msgs/local_setup.dsv
[1.653s] -- Installing: /home/locobot/LoCoBotRos/interbotix_ws/install/interbotix_moveit_interface_msgs/share/interbotix_moveit_interface_msgs/package.dsv
[1.654s] -- Up-to-date: /home/locobot/LoCoBotRos/interbotix_ws/install/interbotix_moveit_interface_msgs/share/ament_index/resource_index/packages/interbotix_moveit_interface_msgs
[1.654s] -- Up-to-date: /home/locobot/LoCoBotRos/interbotix_ws/install/interbotix_moveit_interface_msgs/share/interbotix_moveit_interface_msgs/cmake/export_interbotix_moveit_interface_msgs__rosidl_generator_cExport.cmake
[1.654s] -- Up-to-date: /home/locobot/LoCoBotRos/interbotix_ws/install/interbotix_moveit_interface_msgs/share/interbotix_moveit_interface_msgs/cmake/export_interbotix_moveit_interface_msgs__rosidl_generator_cExport-release.cmake
[1.654s] -- Up-to-date: /home/locobot/LoCoBotRos/interbotix_ws/install/interbotix_moveit_interface_msgs/share/interbotix_moveit_interface_msgs/cmake/export_interbotix_moveit_interface_msgs__rosidl_typesupport_fastrtps_cExport.cmake
[1.655s] -- Up-to-date: /home/locobot/LoCoBotRos/interbotix_ws/install/interbotix_moveit_interface_msgs/share/interbotix_moveit_interface_msgs/cmake/export_interbotix_moveit_interface_msgs__rosidl_typesupport_fastrtps_cExport-release.cmake
[1.655s] -- Up-to-date: /home/locobot/LoCoBotRos/interbotix_ws/install/interbotix_moveit_interface_msgs/share/interbotix_moveit_interface_msgs/cmake/interbotix_moveit_interface_msgs__rosidl_typesupport_introspection_cExport.cmake
[1.655s] -- Up-to-date: /home/locobot/LoCoBotRos/interbotix_ws/install/interbotix_moveit_interface_msgs/share/interbotix_moveit_interface_msgs/cmake/interbotix_moveit_interface_msgs__rosidl_typesupport_introspection_cExport-release.cmake
[1.655s] -- Up-to-date: /home/locobot/LoCoBotRos/interbotix_ws/install/interbotix_moveit_interface_msgs/share/interbotix_moveit_interface_msgs/cmake/interbotix_moveit_interface_msgs__rosidl_typesupport_cExport.cmake
[1.655s] -- Up-to-date: /home/locobot/LoCoBotRos/interbotix_ws/install/interbotix_moveit_interface_msgs/share/interbotix_moveit_interface_msgs/cmake/interbotix_moveit_interface_msgs__rosidl_typesupport_cExport-release.cmake
[1.656s] -- Up-to-date: /home/locobot/LoCoBotRos/interbotix_ws/install/interbotix_moveit_interface_msgs/share/interbotix_moveit_interface_msgs/cmake/export_interbotix_moveit_interface_msgs__rosidl_generator_cppExport.cmake
[1.656s] -- Up-to-date: /home/locobot/LoCoBotRos/interbotix_ws/install/interbotix_moveit_interface_msgs/share/interbotix_moveit_interface_msgs/cmake/export_interbotix_moveit_interface_msgs__rosidl_typesupport_fastrtps_cppExport.cmake
[1.656s] -- Up-to-date: /home/locobot/LoCoBotRos/interbotix_ws/install/interbotix_moveit_interface_msgs/share/interbotix_moveit_interface_msgs/cmake/export_interbotix_moveit_interface_msgs__rosidl_typesupport_fastrtps_cppExport-release.cmake
[1.657s] -- Up-to-date: /home/locobot/LoCoBotRos/interbotix_ws/install/interbotix_moveit_interface_msgs/share/interbotix_moveit_interface_msgs/cmake/interbotix_moveit_interface_msgs__rosidl_typesupport_introspection_cppExport.cmake
[1.658s] -- Up-to-date: /home/locobot/LoCoBotRos/interbotix_ws/install/interbotix_moveit_interface_msgs/share/interbotix_moveit_interface_msgs/cmake/interbotix_moveit_interface_msgs__rosidl_typesupport_introspection_cppExport-release.cmake
[1.659s] -- Up-to-date: /home/locobot/LoCoBotRos/interbotix_ws/install/interbotix_moveit_interface_msgs/share/interbotix_moveit_interface_msgs/cmake/interbotix_moveit_interface_msgs__rosidl_typesupport_cppExport.cmake
[1.659s] -- Up-to-date: /home/locobot/LoCoBotRos/interbotix_ws/install/interbotix_moveit_interface_msgs/share/interbotix_moveit_interface_msgs/cmake/interbotix_moveit_interface_msgs__rosidl_typesupport_cppExport-release.cmake
[1.659s] -- Up-to-date: /home/locobot/LoCoBotRos/interbotix_ws/install/interbotix_moveit_interface_msgs/share/interbotix_moveit_interface_msgs/cmake/export_interbotix_moveit_interface_msgs__rosidl_generator_pyExport.cmake
[1.660s] -- Up-to-date: /home/locobot/LoCoBotRos/interbotix_ws/install/interbotix_moveit_interface_msgs/share/interbotix_moveit_interface_msgs/cmake/export_interbotix_moveit_interface_msgs__rosidl_generator_pyExport-release.cmake
[1.661s] -- Up-to-date: /home/locobot/LoCoBotRos/interbotix_ws/install/interbotix_moveit_interface_msgs/share/interbotix_moveit_interface_msgs/cmake/rosidl_cmake-extras.cmake
[1.665s] -- Up-to-date: /home/locobot/LoCoBotRos/interbotix_ws/install/interbotix_moveit_interface_msgs/share/interbotix_moveit_interface_msgs/cmake/ament_cmake_export_dependencies-extras.cmake
[1.666s] -- Up-to-date: /home/locobot/LoCoBotRos/interbotix_ws/install/interbotix_moveit_interface_msgs/share/interbotix_moveit_interface_msgs/cmake/ament_cmake_export_include_directories-extras.cmake
[1.667s] -- Up-to-date: /home/locobot/LoCoBotRos/interbotix_ws/install/interbotix_moveit_interface_msgs/share/interbotix_moveit_interface_msgs/cmake/ament_cmake_export_libraries-extras.cmake
[1.668s] -- Up-to-date: /home/locobot/LoCoBotRos/interbotix_ws/install/interbotix_moveit_interface_msgs/share/interbotix_moveit_interface_msgs/cmake/ament_cmake_export_targets-extras.cmake
[1.669s] -- Up-to-date: /home/locobot/LoCoBotRos/interbotix_ws/install/interbotix_moveit_interface_msgs/share/interbotix_moveit_interface_msgs/cmake/rosidl_cmake_export_typesupport_targets-extras.cmake
[1.670s] -- Up-to-date: /home/locobot/LoCoBotRos/interbotix_ws/install/interbotix_moveit_interface_msgs/share/interbotix_moveit_interface_msgs/cmake/rosidl_cmake_export_typesupport_libraries-extras.cmake
[1.670s] -- Up-to-date: /home/locobot/LoCoBotRos/interbotix_ws/install/interbotix_moveit_interface_msgs/share/interbotix_moveit_interface_msgs/cmake/interbotix_moveit_interface_msgsConfig.cmake
[1.671s] -- Up-to-date: /home/locobot/LoCoBotRos/interbotix_ws/install/interbotix_moveit_interface_msgs/share/interbotix_moveit_interface_msgs/cmake/interbotix_moveit_interface_msgsConfig-version.cmake
[1.671s] -- Up-to-date: /home/locobot/LoCoBotRos/interbotix_ws/install/interbotix_moveit_interface_msgs/share/interbotix_moveit_interface_msgs/package.xml
[2.090s] Invoked command in '/home/locobot/LoCoBotRos/interbotix_ws/build/interbotix_moveit_interface_msgs' returned '0': CMAKE_PREFIX_PATH=${CMAKE_PREFIX_PATH}:/home/locobot/LoCoBotRos/interbotix_ws/install/moveit_configs_utils:/home/locobot/LoCoBotRos/interbotix_ws/install/launch_param_builder:/home/locobot/LoCoBotRos/interbotix_ws/install/interbotix_xs_modules:/home/locobot/LoCoBotRos/interbotix_ws/install/interbotix_common_modules:/opt/ros/humble /usr/bin/cmake --install /home/locobot/LoCoBotRos/interbotix_ws/build/interbotix_moveit_interface_msgs
