[0.146s] Invoking command in '/home/locobot/LoCoBotRos/interbotix_ws/build/kobuki_keyop': AMENT_PREFIX_PATH=/home/locobot/LoCoBotRos/interbotix_ws/install/kobuki_velocity_smoother:/home/locobot/LoCoBotRos/interbotix_ws/install/kobuki_ros_interfaces:/home/locobot/LoCoBotRos/interbotix_ws/install/cmd_vel_mux:${AMENT_PREFIX_PATH} CMAKE_PREFIX_PATH=/home/locobot/LoCoBotRos/interbotix_ws/install/kobuki_velocity_smoother:/home/locobot/LoCoBotRos/interbotix_ws/install/kobuki_ros_interfaces:/home/locobot/LoCoBotRos/interbotix_ws/install/cmd_vel_mux:/home/locobot/apriltag_ws/install/apriltag_ros:/opt/ros/humble LD_LIBRARY_PATH=/home/locobot/LoCoBotRos/interbotix_ws/install/kobuki_velocity_smoother/lib:/home/locobot/LoCoBotRos/interbotix_ws/install/kobuki_ros_interfaces/lib:/home/locobot/LoCoBotRos/interbotix_ws/install/cmd_vel_mux/lib:${LD_LIBRARY_PATH} PYTHONPATH=/home/locobot/LoCoBotRos/interbotix_ws/install/kobuki_ros_interfaces/local/lib/python3.10/dist-packages:${PYTHONPATH} /usr/bin/cmake /home/locobot/LoCoBotRos/interbotix_ws/src/kobuki_ros/kobuki_keyop -DCMAKE_INSTALL_PREFIX=/home/locobot/LoCoBotRos/interbotix_ws/install/kobuki_keyop
[0.178s] -- Found ament_cmake_ros: 0.10.0 (/opt/ros/humble/share/ament_cmake_ros/cmake)
[0.376s] -- Found ecl_build: 1.0.3 (/opt/ros/humble/share/ecl_build/cmake)
[0.378s] -- Found geometry_msgs: 4.9.0 (/opt/ros/humble/share/geometry_msgs/cmake)
[0.409s] -- Found rosidl_generator_c: 3.1.6 (/opt/ros/humble/share/rosidl_generator_c/cmake)
[0.413s] -- Found rosidl_adapter: 3.1.6 (/opt/ros/humble/share/rosidl_adapter/cmake)
[0.422s] -- Found rosidl_generator_cpp: 3.1.6 (/opt/ros/humble/share/rosidl_generator_cpp/cmake)
[0.437s] -- Using all available rosidl_typesupport_c: rosidl_typesupport_fastrtps_c;rosidl_typesupport_introspection_c
[0.458s] -- Using all available rosidl_typesupport_cpp: rosidl_typesupport_fastrtps_cpp;rosidl_typesupport_introspection_cpp
[0.523s] -- Found kobuki_ros_interfaces: 1.0.0 (/home/locobot/LoCoBotRos/interbotix_ws/install/kobuki_ros_interfaces/share/kobuki_ros_interfaces/cmake)
[0.602s] -- Found rclcpp: 16.0.12 (/opt/ros/humble/share/rclcpp/cmake)
[0.635s] -- Found rmw_implementation_cmake: 6.1.2 (/opt/ros/humble/share/rmw_implementation_cmake/cmake)
[0.639s] -- Found rmw_fastrtps_cpp: 6.2.7 (/opt/ros/humble/share/rmw_fastrtps_cpp/cmake)
[0.776s] -- Using RMW implementation 'rmw_fastrtps_cpp' as default
[0.833s] -- Found rclcpp_components: 16.0.12 (/opt/ros/humble/share/rclcpp_components/cmake)
[0.957s] -- Configuring done
[1.010s] -- Generating done
[1.034s] -- Build files have been written to: /home/locobot/LoCoBotRos/interbotix_ws/build/kobuki_keyop
[1.164s] Invoked command in '/home/locobot/LoCoBotRos/interbotix_ws/build/kobuki_keyop' returned '0': AMENT_PREFIX_PATH=/home/locobot/LoCoBotRos/interbotix_ws/install/kobuki_velocity_smoother:/home/locobot/LoCoBotRos/interbotix_ws/install/kobuki_ros_interfaces:/home/locobot/LoCoBotRos/interbotix_ws/install/cmd_vel_mux:${AMENT_PREFIX_PATH} CMAKE_PREFIX_PATH=/home/locobot/LoCoBotRos/interbotix_ws/install/kobuki_velocity_smoother:/home/locobot/LoCoBotRos/interbotix_ws/install/kobuki_ros_interfaces:/home/locobot/LoCoBotRos/interbotix_ws/install/cmd_vel_mux:/home/locobot/apriltag_ws/install/apriltag_ros:/opt/ros/humble LD_LIBRARY_PATH=/home/locobot/LoCoBotRos/interbotix_ws/install/kobuki_velocity_smoother/lib:/home/locobot/LoCoBotRos/interbotix_ws/install/kobuki_ros_interfaces/lib:/home/locobot/LoCoBotRos/interbotix_ws/install/cmd_vel_mux/lib:${LD_LIBRARY_PATH} PYTHONPATH=/home/locobot/LoCoBotRos/interbotix_ws/install/kobuki_ros_interfaces/local/lib/python3.10/dist-packages:${PYTHONPATH} /usr/bin/cmake /home/locobot/LoCoBotRos/interbotix_ws/src/kobuki_ros/kobuki_keyop -DCMAKE_INSTALL_PREFIX=/home/locobot/LoCoBotRos/interbotix_ws/install/kobuki_keyop
[1.164s] Invoking command in '/home/locobot/LoCoBotRos/interbotix_ws/build/kobuki_keyop': AMENT_PREFIX_PATH=/home/locobot/LoCoBotRos/interbotix_ws/install/kobuki_velocity_smoother:/home/locobot/LoCoBotRos/interbotix_ws/install/kobuki_ros_interfaces:/home/locobot/LoCoBotRos/interbotix_ws/install/cmd_vel_mux:${AMENT_PREFIX_PATH} CMAKE_PREFIX_PATH=/home/locobot/LoCoBotRos/interbotix_ws/install/kobuki_velocity_smoother:/home/locobot/LoCoBotRos/interbotix_ws/install/kobuki_ros_interfaces:/home/locobot/LoCoBotRos/interbotix_ws/install/cmd_vel_mux:/home/locobot/apriltag_ws/install/apriltag_ros:/opt/ros/humble LD_LIBRARY_PATH=/home/locobot/LoCoBotRos/interbotix_ws/install/kobuki_velocity_smoother/lib:/home/locobot/LoCoBotRos/interbotix_ws/install/kobuki_ros_interfaces/lib:/home/locobot/LoCoBotRos/interbotix_ws/install/cmd_vel_mux/lib:${LD_LIBRARY_PATH} PYTHONPATH=/home/locobot/LoCoBotRos/interbotix_ws/install/kobuki_ros_interfaces/local/lib/python3.10/dist-packages:${PYTHONPATH} /usr/bin/cmake --build /home/locobot/LoCoBotRos/interbotix_ws/build/kobuki_keyop -- -j16 -l16
[1.234s] [35m[1mConsolidate compiler generated dependencies of target kobuki_keyop_node[0m
[1.243s] [35m[1mConsolidate compiler generated dependencies of target kobuki_keyop[0m
[1.259s] [ 50%] Built target kobuki_keyop_node
[1.267s] [100%] Built target kobuki_keyop
[1.286s] Invoked command in '/home/locobot/LoCoBotRos/interbotix_ws/build/kobuki_keyop' returned '0': AMENT_PREFIX_PATH=/home/locobot/LoCoBotRos/interbotix_ws/install/kobuki_velocity_smoother:/home/locobot/LoCoBotRos/interbotix_ws/install/kobuki_ros_interfaces:/home/locobot/LoCoBotRos/interbotix_ws/install/cmd_vel_mux:${AMENT_PREFIX_PATH} CMAKE_PREFIX_PATH=/home/locobot/LoCoBotRos/interbotix_ws/install/kobuki_velocity_smoother:/home/locobot/LoCoBotRos/interbotix_ws/install/kobuki_ros_interfaces:/home/locobot/LoCoBotRos/interbotix_ws/install/cmd_vel_mux:/home/locobot/apriltag_ws/install/apriltag_ros:/opt/ros/humble LD_LIBRARY_PATH=/home/locobot/LoCoBotRos/interbotix_ws/install/kobuki_velocity_smoother/lib:/home/locobot/LoCoBotRos/interbotix_ws/install/kobuki_ros_interfaces/lib:/home/locobot/LoCoBotRos/interbotix_ws/install/cmd_vel_mux/lib:${LD_LIBRARY_PATH} PYTHONPATH=/home/locobot/LoCoBotRos/interbotix_ws/install/kobuki_ros_interfaces/local/lib/python3.10/dist-packages:${PYTHONPATH} /usr/bin/cmake --build /home/locobot/LoCoBotRos/interbotix_ws/build/kobuki_keyop -- -j16 -l16
[1.291s] Invoking command in '/home/locobot/LoCoBotRos/interbotix_ws/build/kobuki_keyop': AMENT_PREFIX_PATH=/home/locobot/LoCoBotRos/interbotix_ws/install/kobuki_velocity_smoother:/home/locobot/LoCoBotRos/interbotix_ws/install/kobuki_ros_interfaces:/home/locobot/LoCoBotRos/interbotix_ws/install/cmd_vel_mux:${AMENT_PREFIX_PATH} CMAKE_PREFIX_PATH=/home/locobot/LoCoBotRos/interbotix_ws/install/kobuki_velocity_smoother:/home/locobot/LoCoBotRos/interbotix_ws/install/kobuki_ros_interfaces:/home/locobot/LoCoBotRos/interbotix_ws/install/cmd_vel_mux:/home/locobot/apriltag_ws/install/apriltag_ros:/opt/ros/humble LD_LIBRARY_PATH=/home/locobot/LoCoBotRos/interbotix_ws/install/kobuki_velocity_smoother/lib:/home/locobot/LoCoBotRos/interbotix_ws/install/kobuki_ros_interfaces/lib:/home/locobot/LoCoBotRos/interbotix_ws/install/cmd_vel_mux/lib:${LD_LIBRARY_PATH} PYTHONPATH=/home/locobot/LoCoBotRos/interbotix_ws/install/kobuki_ros_interfaces/local/lib/python3.10/dist-packages:${PYTHONPATH} /usr/bin/cmake --install /home/locobot/LoCoBotRos/interbotix_ws/build/kobuki_keyop
[1.305s] -- Install configuration: "Release"
[1.306s] -- Up-to-date: /home/locobot/LoCoBotRos/interbotix_ws/install/kobuki_keyop/lib/kobuki_keyop/kobuki_keyop_node
[1.306s] -- Up-to-date: /home/locobot/LoCoBotRos/interbotix_ws/install/kobuki_keyop/lib/libkobuki_keyop.so
[1.306s] -- Up-to-date: /home/locobot/LoCoBotRos/interbotix_ws/install/kobuki_keyop/include/kobuki_keyop
[1.307s] -- Up-to-date: /home/locobot/LoCoBotRos/interbotix_ws/install/kobuki_keyop/include/kobuki_keyop/keyop.hpp
[1.307s] -- Up-to-date: /home/locobot/LoCoBotRos/interbotix_ws/install/kobuki_keyop/share/kobuki_keyop/config
[1.307s] -- Up-to-date: /home/locobot/LoCoBotRos/interbotix_ws/install/kobuki_keyop/share/kobuki_keyop/config/keyop_params.yaml
[1.307s] -- Up-to-date: /home/locobot/LoCoBotRos/interbotix_ws/install/kobuki_keyop/share/ament_index/resource_index/package_run_dependencies/kobuki_keyop
[1.308s] -- Up-to-date: /home/locobot/LoCoBotRos/interbotix_ws/install/kobuki_keyop/share/ament_index/resource_index/parent_prefix_path/kobuki_keyop
[1.308s] -- Up-to-date: /home/locobot/LoCoBotRos/interbotix_ws/install/kobuki_keyop/share/kobuki_keyop/environment/ament_prefix_path.sh
[1.308s] -- Installing: /home/locobot/LoCoBotRos/interbotix_ws/install/kobuki_keyop/share/kobuki_keyop/environment/ament_prefix_path.dsv
[1.308s] -- Up-to-date: /home/locobot/LoCoBotRos/interbotix_ws/install/kobuki_keyop/share/kobuki_keyop/environment/path.sh
[1.308s] -- Installing: /home/locobot/LoCoBotRos/interbotix_ws/install/kobuki_keyop/share/kobuki_keyop/environment/path.dsv
[1.308s] -- Up-to-date: /home/locobot/LoCoBotRos/interbotix_ws/install/kobuki_keyop/share/kobuki_keyop/local_setup.bash
[1.308s] -- Up-to-date: /home/locobot/LoCoBotRos/interbotix_ws/install/kobuki_keyop/share/kobuki_keyop/local_setup.sh
[1.309s] -- Up-to-date: /home/locobot/LoCoBotRos/interbotix_ws/install/kobuki_keyop/share/kobuki_keyop/local_setup.zsh
[1.309s] -- Installing: /home/locobot/LoCoBotRos/interbotix_ws/install/kobuki_keyop/share/kobuki_keyop/local_setup.dsv
[1.309s] -- Installing: /home/locobot/LoCoBotRos/interbotix_ws/install/kobuki_keyop/share/kobuki_keyop/package.dsv
[1.309s] -- Up-to-date: /home/locobot/LoCoBotRos/interbotix_ws/install/kobuki_keyop/share/ament_index/resource_index/packages/kobuki_keyop
[1.309s] -- Up-to-date: /home/locobot/LoCoBotRos/interbotix_ws/install/kobuki_keyop/share/ament_index/resource_index/rclcpp_components/kobuki_keyop
[1.309s] -- Up-to-date: /home/locobot/LoCoBotRos/interbotix_ws/install/kobuki_keyop/share/kobuki_keyop/cmake/kobuki_keyopConfig.cmake
[1.309s] -- Up-to-date: /home/locobot/LoCoBotRos/interbotix_ws/install/kobuki_keyop/share/kobuki_keyop/cmake/kobuki_keyopConfig-version.cmake
[1.312s] -- Up-to-date: /home/locobot/LoCoBotRos/interbotix_ws/install/kobuki_keyop/share/kobuki_keyop/package.xml
[1.330s] Invoked command in '/home/locobot/LoCoBotRos/interbotix_ws/build/kobuki_keyop' returned '0': AMENT_PREFIX_PATH=/home/locobot/LoCoBotRos/interbotix_ws/install/kobuki_velocity_smoother:/home/locobot/LoCoBotRos/interbotix_ws/install/kobuki_ros_interfaces:/home/locobot/LoCoBotRos/interbotix_ws/install/cmd_vel_mux:${AMENT_PREFIX_PATH} CMAKE_PREFIX_PATH=/home/locobot/LoCoBotRos/interbotix_ws/install/kobuki_velocity_smoother:/home/locobot/LoCoBotRos/interbotix_ws/install/kobuki_ros_interfaces:/home/locobot/LoCoBotRos/interbotix_ws/install/cmd_vel_mux:/home/locobot/apriltag_ws/install/apriltag_ros:/opt/ros/humble LD_LIBRARY_PATH=/home/locobot/LoCoBotRos/interbotix_ws/install/kobuki_velocity_smoother/lib:/home/locobot/LoCoBotRos/interbotix_ws/install/kobuki_ros_interfaces/lib:/home/locobot/LoCoBotRos/interbotix_ws/install/cmd_vel_mux/lib:${LD_LIBRARY_PATH} PYTHONPATH=/home/locobot/LoCoBotRos/interbotix_ws/install/kobuki_ros_interfaces/local/lib/python3.10/dist-packages:${PYTHONPATH} /usr/bin/cmake --install /home/locobot/LoCoBotRos/interbotix_ws/build/kobuki_keyop
