[0.009s] Invoking command in '/home/locobot/LoCoBotRos/interbotix_ws/build/ecl_type_traits': AMENT_PREFIX_PATH=/home/locobot/LoCoBotRos/interbotix_ws/install/ecl_mpl:/home/locobot/LoCoBotRos/interbotix_ws/install/ecl_config:${AMENT_PREFIX_PATH} CMAKE_PREFIX_PATH=/home/locobot/LoCoBotRos/interbotix_ws/install/ecl_mpl:/home/locobot/LoCoBotRos/interbotix_ws/install/ecl_config:/home/locobot/apriltag_ws/install/apriltag_ros:/opt/ros/humble PATH=/home/locobot/LoCoBotRos/interbotix_ws/install/ecl_config/bin:${PATH} /usr/bin/cmake --build /home/locobot/LoCoBotRos/interbotix_ws/build/ecl_type_traits -- -j16 -l16
[0.053s] [ 33%] Built target gtest_main
[0.053s] [ 33%] Built target ecl_type_traits
[0.054s] [ 50%] Built target gtest
[0.072s] [ 66%] Built target test_numeric_limits
[0.072s] [ 83%] Built target ecl_detect_sizes
[0.073s] [100%] Built target test_fundamental_types
[0.080s] Invoked command in '/home/locobot/LoCoBotRos/interbotix_ws/build/ecl_type_traits' returned '0': AMENT_PREFIX_PATH=/home/locobot/LoCoBotRos/interbotix_ws/install/ecl_mpl:/home/locobot/LoCoBotRos/interbotix_ws/install/ecl_config:${AMENT_PREFIX_PATH} CMAKE_PREFIX_PATH=/home/locobot/LoCoBotRos/interbotix_ws/install/ecl_mpl:/home/locobot/LoCoBotRos/interbotix_ws/install/ecl_config:/home/locobot/apriltag_ws/install/apriltag_ros:/opt/ros/humble PATH=/home/locobot/LoCoBotRos/interbotix_ws/install/ecl_config/bin:${PATH} /usr/bin/cmake --build /home/locobot/LoCoBotRos/interbotix_ws/build/ecl_type_traits -- -j16 -l16
[0.082s] Invoking command in '/home/locobot/LoCoBotRos/interbotix_ws/build/ecl_type_traits': AMENT_PREFIX_PATH=/home/locobot/LoCoBotRos/interbotix_ws/install/ecl_mpl:/home/locobot/LoCoBotRos/interbotix_ws/install/ecl_config:${AMENT_PREFIX_PATH} CMAKE_PREFIX_PATH=/home/locobot/LoCoBotRos/interbotix_ws/install/ecl_mpl:/home/locobot/LoCoBotRos/interbotix_ws/install/ecl_config:/home/locobot/apriltag_ws/install/apriltag_ros:/opt/ros/humble PATH=/home/locobot/LoCoBotRos/interbotix_ws/install/ecl_config/bin:${PATH} /usr/bin/cmake --install /home/locobot/LoCoBotRos/interbotix_ws/build/ecl_type_traits
[0.088s] -- Install configuration: "Debug"
[0.088s] -- Up-to-date: /home/locobot/LoCoBotRos/interbotix_ws/install/ecl_type_traits/share/ecl_type_traits/environment/library_path.sh
[0.088s] -- Up-to-date: /home/locobot/LoCoBotRos/interbotix_ws/install/ecl_type_traits/share/ecl_type_traits/environment/library_path.dsv
[0.089s] -- Up-to-date: /home/locobot/LoCoBotRos/interbotix_ws/install/ecl_type_traits/share/ament_index/resource_index/package_run_dependencies/ecl_type_traits
[0.089s] -- Up-to-date: /home/locobot/LoCoBotRos/interbotix_ws/install/ecl_type_traits/share/ament_index/resource_index/parent_prefix_path/ecl_type_traits
[0.089s] -- Up-to-date: /home/locobot/LoCoBotRos/interbotix_ws/install/ecl_type_traits/share/ecl_type_traits/environment/ament_prefix_path.sh
[0.089s] -- Up-to-date: /home/locobot/LoCoBotRos/interbotix_ws/install/ecl_type_traits/share/ecl_type_traits/environment/ament_prefix_path.dsv
[0.089s] -- Up-to-date: /home/locobot/LoCoBotRos/interbotix_ws/install/ecl_type_traits/share/ecl_type_traits/environment/path.sh
[0.089s] -- Up-to-date: /home/locobot/LoCoBotRos/interbotix_ws/install/ecl_type_traits/share/ecl_type_traits/environment/path.dsv
[0.090s] -- Up-to-date: /home/locobot/LoCoBotRos/interbotix_ws/install/ecl_type_traits/share/ecl_type_traits/local_setup.bash
[0.090s] -- Up-to-date: /home/locobot/LoCoBotRos/interbotix_ws/install/ecl_type_traits/share/ecl_type_traits/local_setup.sh
[0.090s] -- Up-to-date: /home/locobot/LoCoBotRos/interbotix_ws/install/ecl_type_traits/share/ecl_type_traits/local_setup.zsh
[0.090s] -- Up-to-date: /home/locobot/LoCoBotRos/interbotix_ws/install/ecl_type_traits/share/ecl_type_traits/local_setup.dsv
[0.090s] -- Installing: /home/locobot/LoCoBotRos/interbotix_ws/install/ecl_type_traits/share/ecl_type_traits/package.dsv
[0.090s] -- Up-to-date: /home/locobot/LoCoBotRos/interbotix_ws/install/ecl_type_traits/share/ament_index/resource_index/packages/ecl_type_traits
[0.092s] -- Up-to-date: /home/locobot/LoCoBotRos/interbotix_ws/install/ecl_type_traits/share/ecl_type_traits/cmake/ecl_type_traitsExport.cmake
[0.092s] -- Up-to-date: /home/locobot/LoCoBotRos/interbotix_ws/install/ecl_type_traits/share/ecl_type_traits/cmake/ecl_type_traitsExport-debug.cmake
[0.092s] -- Up-to-date: /home/locobot/LoCoBotRos/interbotix_ws/install/ecl_type_traits/share/ecl_type_traits/cmake/ament_cmake_export_targets-extras.cmake
[0.092s] -- Up-to-date: /home/locobot/LoCoBotRos/interbotix_ws/install/ecl_type_traits/share/ecl_type_traits/cmake/ament_cmake_export_include_directories-extras.cmake
[0.092s] -- Up-to-date: /home/locobot/LoCoBotRos/interbotix_ws/install/ecl_type_traits/share/ecl_type_traits/cmake/ament_cmake_export_libraries-extras.cmake
[0.093s] -- Up-to-date: /home/locobot/LoCoBotRos/interbotix_ws/install/ecl_type_traits/share/ecl_type_traits/cmake/ament_cmake_export_dependencies-extras.cmake
[0.093s] -- Up-to-date: /home/locobot/LoCoBotRos/interbotix_ws/install/ecl_type_traits/share/ecl_type_traits/cmake/ecl_type_traitsConfig.cmake
[0.093s] -- Up-to-date: /home/locobot/LoCoBotRos/interbotix_ws/install/ecl_type_traits/share/ecl_type_traits/cmake/ecl_type_traitsConfig-version.cmake
[0.093s] -- Up-to-date: /home/locobot/LoCoBotRos/interbotix_ws/install/ecl_type_traits/share/ecl_type_traits/package.xml
[0.093s] -- Up-to-date: /home/locobot/LoCoBotRos/interbotix_ws/install/ecl_type_traits/include/ecl/type_traits.hpp
[0.094s] -- Up-to-date: /home/locobot/LoCoBotRos/interbotix_ws/install/ecl_type_traits/include/ecl/type_traits/fundamental_types.hpp
[0.094s] -- Up-to-date: /home/locobot/LoCoBotRos/interbotix_ws/install/ecl_type_traits/include/ecl/type_traits/macros.hpp
[0.094s] -- Up-to-date: /home/locobot/LoCoBotRos/interbotix_ws/install/ecl_type_traits/include/ecl/type_traits/numeric_limits.hpp
[0.094s] -- Up-to-date: /home/locobot/LoCoBotRos/interbotix_ws/install/ecl_type_traits/include/ecl/type_traits/traits.hpp
[0.095s] -- Up-to-date: /home/locobot/LoCoBotRos/interbotix_ws/install/ecl_type_traits/lib/libecl_type_traits.so.1.2.1
[0.096s] -- Up-to-date: /home/locobot/LoCoBotRos/interbotix_ws/install/ecl_type_traits/lib/libecl_type_traits.so
[0.098s] -- Up-to-date: /home/locobot/LoCoBotRos/interbotix_ws/install/ecl_type_traits/bin/ecl_detect_sizes
[0.099s] Invoked command in '/home/locobot/LoCoBotRos/interbotix_ws/build/ecl_type_traits' returned '0': AMENT_PREFIX_PATH=/home/locobot/LoCoBotRos/interbotix_ws/install/ecl_mpl:/home/locobot/LoCoBotRos/interbotix_ws/install/ecl_config:${AMENT_PREFIX_PATH} CMAKE_PREFIX_PATH=/home/locobot/LoCoBotRos/interbotix_ws/install/ecl_mpl:/home/locobot/LoCoBotRos/interbotix_ws/install/ecl_config:/home/locobot/apriltag_ws/install/apriltag_ros:/opt/ros/humble PATH=/home/locobot/LoCoBotRos/interbotix_ws/install/ecl_config/bin:${PATH} /usr/bin/cmake --install /home/locobot/LoCoBotRos/interbotix_ws/build/ecl_type_traits
