[0.010s] Invoking command in '/home/locobot/LoCoBotRos/interbotix_ws/build/ecl_time_lite': AMENT_PREFIX_PATH=/home/locobot/LoCoBotRos/interbotix_ws/install/ecl_errors:/home/locobot/LoCoBotRos/interbotix_ws/install/ecl_config:${AMENT_PREFIX_PATH} CMAKE_PREFIX_PATH=/home/locobot/LoCoBotRos/interbotix_ws/install/ecl_errors:/home/locobot/LoCoBotRos/interbotix_ws/install/ecl_config:/home/locobot/apriltag_ws/install/apriltag_ros:/opt/ros/humble LD_LIBRARY_PATH=/home/locobot/LoCoBotRos/interbotix_ws/install/ecl_errors/lib:${LD_LIBRARY_PATH} PATH=/home/locobot/LoCoBotRos/interbotix_ws/install/ecl_config/bin:${PATH} /usr/bin/cmake /home/locobot/LoCoBotRos/interbotix_ws/src/ecl_lite/ecl_time_lite -DCMAKE_BUILD_TYPE=Release -DCMAKE_INSTALL_PREFIX=/home/locobot/LoCoBotRos/interbotix_ws/install/ecl_time_lite
[0.019s] -- Found ament_cmake_ros: 0.10.0 (/opt/ros/humble/share/ament_cmake_ros/cmake)
[0.112s] -- Found ecl_build: 1.0.3 (/opt/ros/humble/share/ecl_build/cmake)
[0.116s] -- Found ecl_config: 1.2.0 (/home/locobot/LoCoBotRos/interbotix_ws/install/ecl_config/share/ecl_config/cmake)
[0.117s] -- Found ecl_errors: 1.2.0 (/home/locobot/LoCoBotRos/interbotix_ws/install/ecl_errors/share/ecl_errors/cmake)
[0.176s] -- Configuring done
[0.189s] -- Generating done
[0.192s] -- Build files have been written to: /home/locobot/LoCoBotRos/interbotix_ws/build/ecl_time_lite
[0.195s] Invoked command in '/home/locobot/LoCoBotRos/interbotix_ws/build/ecl_time_lite' returned '0': AMENT_PREFIX_PATH=/home/locobot/LoCoBotRos/interbotix_ws/install/ecl_errors:/home/locobot/LoCoBotRos/interbotix_ws/install/ecl_config:${AMENT_PREFIX_PATH} CMAKE_PREFIX_PATH=/home/locobot/LoCoBotRos/interbotix_ws/install/ecl_errors:/home/locobot/LoCoBotRos/interbotix_ws/install/ecl_config:/home/locobot/apriltag_ws/install/apriltag_ros:/opt/ros/humble LD_LIBRARY_PATH=/home/locobot/LoCoBotRos/interbotix_ws/install/ecl_errors/lib:${LD_LIBRARY_PATH} PATH=/home/locobot/LoCoBotRos/interbotix_ws/install/ecl_config/bin:${PATH} /usr/bin/cmake /home/locobot/LoCoBotRos/interbotix_ws/src/ecl_lite/ecl_time_lite -DCMAKE_BUILD_TYPE=Release -DCMAKE_INSTALL_PREFIX=/home/locobot/LoCoBotRos/interbotix_ws/install/ecl_time_lite
[0.196s] Invoking command in '/home/locobot/LoCoBotRos/interbotix_ws/build/ecl_time_lite': AMENT_PREFIX_PATH=/home/locobot/LoCoBotRos/interbotix_ws/install/ecl_errors:/home/locobot/LoCoBotRos/interbotix_ws/install/ecl_config:${AMENT_PREFIX_PATH} CMAKE_PREFIX_PATH=/home/locobot/LoCoBotRos/interbotix_ws/install/ecl_errors:/home/locobot/LoCoBotRos/interbotix_ws/install/ecl_config:/home/locobot/apriltag_ws/install/apriltag_ros:/opt/ros/humble LD_LIBRARY_PATH=/home/locobot/LoCoBotRos/interbotix_ws/install/ecl_errors/lib:${LD_LIBRARY_PATH} PATH=/home/locobot/LoCoBotRos/interbotix_ws/install/ecl_config/bin:${PATH} /usr/bin/cmake --build /home/locobot/LoCoBotRos/interbotix_ws/build/ecl_time_lite -- -j16 -l16
[0.226s] [35m[1mConsolidate compiler generated dependencies of target ecl_time_lite[0m
[0.235s] [ 22%] [32mBuilding CXX object src/lib/CMakeFiles/ecl_time_lite.dir/functions_win.cpp.o[0m
[0.235s] [ 22%] [32mBuilding CXX object src/lib/CMakeFiles/ecl_time_lite.dir/functions_rt.cpp.o[0m
[0.236s] [ 33%] [32mBuilding CXX object src/lib/CMakeFiles/ecl_time_lite.dir/cpu_time.cpp.o[0m
[0.236s] [ 44%] [32mBuilding CXX object src/lib/CMakeFiles/ecl_time_lite.dir/date.cpp.o[0m
[0.236s] [ 55%] [32mBuilding CXX object src/lib/CMakeFiles/ecl_time_lite.dir/functions_mac.cpp.o[0m
[0.236s] [ 66%] [32mBuilding CXX object src/lib/CMakeFiles/ecl_time_lite.dir/functions_pos.cpp.o[0m
[0.387s] [ 77%] [32m[1mLinking CXX shared library libecl_time_lite.so[0m
[0.454s] [ 77%] Built target ecl_time_lite
[0.462s] [35m[1mConsolidate compiler generated dependencies of target demo_time_functions[0m
[0.470s] [ 88%] [32mBuilding CXX object src/examples/CMakeFiles/demo_time_functions.dir/time_functions.cpp.o[0m
[0.675s] [100%] [32m[1mLinking CXX executable demo_time_functions[0m
[0.738s] [100%] Built target demo_time_functions
[0.746s] Invoked command in '/home/locobot/LoCoBotRos/interbotix_ws/build/ecl_time_lite' returned '0': AMENT_PREFIX_PATH=/home/locobot/LoCoBotRos/interbotix_ws/install/ecl_errors:/home/locobot/LoCoBotRos/interbotix_ws/install/ecl_config:${AMENT_PREFIX_PATH} CMAKE_PREFIX_PATH=/home/locobot/LoCoBotRos/interbotix_ws/install/ecl_errors:/home/locobot/LoCoBotRos/interbotix_ws/install/ecl_config:/home/locobot/apriltag_ws/install/apriltag_ros:/opt/ros/humble LD_LIBRARY_PATH=/home/locobot/LoCoBotRos/interbotix_ws/install/ecl_errors/lib:${LD_LIBRARY_PATH} PATH=/home/locobot/LoCoBotRos/interbotix_ws/install/ecl_config/bin:${PATH} /usr/bin/cmake --build /home/locobot/LoCoBotRos/interbotix_ws/build/ecl_time_lite -- -j16 -l16
[0.747s] Invoking command in '/home/locobot/LoCoBotRos/interbotix_ws/build/ecl_time_lite': AMENT_PREFIX_PATH=/home/locobot/LoCoBotRos/interbotix_ws/install/ecl_errors:/home/locobot/LoCoBotRos/interbotix_ws/install/ecl_config:${AMENT_PREFIX_PATH} CMAKE_PREFIX_PATH=/home/locobot/LoCoBotRos/interbotix_ws/install/ecl_errors:/home/locobot/LoCoBotRos/interbotix_ws/install/ecl_config:/home/locobot/apriltag_ws/install/apriltag_ros:/opt/ros/humble LD_LIBRARY_PATH=/home/locobot/LoCoBotRos/interbotix_ws/install/ecl_errors/lib:${LD_LIBRARY_PATH} PATH=/home/locobot/LoCoBotRos/interbotix_ws/install/ecl_config/bin:${PATH} /usr/bin/cmake --install /home/locobot/LoCoBotRos/interbotix_ws/build/ecl_time_lite
[0.754s] -- Install configuration: "Release"
[0.754s] -- Up-to-date: /home/locobot/LoCoBotRos/interbotix_ws/install/ecl_time_lite/share/ecl_time_lite/environment/library_path.sh
[0.754s] -- Installing: /home/locobot/LoCoBotRos/interbotix_ws/install/ecl_time_lite/share/ecl_time_lite/environment/library_path.dsv
[0.754s] -- Up-to-date: /home/locobot/LoCoBotRos/interbotix_ws/install/ecl_time_lite/share/ament_index/resource_index/package_run_dependencies/ecl_time_lite
[0.754s] -- Installing: /home/locobot/LoCoBotRos/interbotix_ws/install/ecl_time_lite/share/ament_index/resource_index/parent_prefix_path/ecl_time_lite
[0.754s] -- Up-to-date: /home/locobot/LoCoBotRos/interbotix_ws/install/ecl_time_lite/share/ecl_time_lite/environment/ament_prefix_path.sh
[0.754s] -- Installing: /home/locobot/LoCoBotRos/interbotix_ws/install/ecl_time_lite/share/ecl_time_lite/environment/ament_prefix_path.dsv
[0.754s] -- Up-to-date: /home/locobot/LoCoBotRos/interbotix_ws/install/ecl_time_lite/share/ecl_time_lite/environment/path.sh
[0.755s] -- Installing: /home/locobot/LoCoBotRos/interbotix_ws/install/ecl_time_lite/share/ecl_time_lite/environment/path.dsv
[0.755s] -- Up-to-date: /home/locobot/LoCoBotRos/interbotix_ws/install/ecl_time_lite/share/ecl_time_lite/local_setup.bash
[0.755s] -- Up-to-date: /home/locobot/LoCoBotRos/interbotix_ws/install/ecl_time_lite/share/ecl_time_lite/local_setup.sh
[0.755s] -- Up-to-date: /home/locobot/LoCoBotRos/interbotix_ws/install/ecl_time_lite/share/ecl_time_lite/local_setup.zsh
[0.755s] -- Installing: /home/locobot/LoCoBotRos/interbotix_ws/install/ecl_time_lite/share/ecl_time_lite/local_setup.dsv
[0.755s] -- Installing: /home/locobot/LoCoBotRos/interbotix_ws/install/ecl_time_lite/share/ecl_time_lite/package.dsv
[0.755s] -- Up-to-date: /home/locobot/LoCoBotRos/interbotix_ws/install/ecl_time_lite/share/ament_index/resource_index/packages/ecl_time_lite
[0.755s] -- Up-to-date: /home/locobot/LoCoBotRos/interbotix_ws/install/ecl_time_lite/share/ecl_time_lite/cmake/ecl_time_liteExport.cmake
[0.755s] -- Installing: /home/locobot/LoCoBotRos/interbotix_ws/install/ecl_time_lite/share/ecl_time_lite/cmake/ecl_time_liteExport-release.cmake
[0.756s] -- Up-to-date: /home/locobot/LoCoBotRos/interbotix_ws/install/ecl_time_lite/share/ecl_time_lite/cmake/ament_cmake_export_targets-extras.cmake
[0.756s] -- Up-to-date: /home/locobot/LoCoBotRos/interbotix_ws/install/ecl_time_lite/share/ecl_time_lite/cmake/ament_cmake_export_include_directories-extras.cmake
[0.756s] -- Up-to-date: /home/locobot/LoCoBotRos/interbotix_ws/install/ecl_time_lite/share/ecl_time_lite/cmake/ament_cmake_export_libraries-extras.cmake
[0.756s] -- Up-to-date: /home/locobot/LoCoBotRos/interbotix_ws/install/ecl_time_lite/share/ecl_time_lite/cmake/ament_cmake_export_dependencies-extras.cmake
[0.756s] -- Up-to-date: /home/locobot/LoCoBotRos/interbotix_ws/install/ecl_time_lite/share/ecl_time_lite/cmake/ecl_time_liteConfig.cmake
[0.756s] -- Up-to-date: /home/locobot/LoCoBotRos/interbotix_ws/install/ecl_time_lite/share/ecl_time_lite/cmake/ecl_time_liteConfig-version.cmake
[0.756s] -- Up-to-date: /home/locobot/LoCoBotRos/interbotix_ws/install/ecl_time_lite/share/ecl_time_lite/package.xml
[0.756s] -- Up-to-date: /home/locobot/LoCoBotRos/interbotix_ws/install/ecl_time_lite/include/ecl/time_lite.hpp
[0.756s] -- Up-to-date: /home/locobot/LoCoBotRos/interbotix_ws/install/ecl_time_lite/include/ecl/time_lite/cpu_time.hpp
[0.756s] -- Up-to-date: /home/locobot/LoCoBotRos/interbotix_ws/install/ecl_time_lite/include/ecl/time_lite/date.hpp
[0.756s] -- Up-to-date: /home/locobot/LoCoBotRos/interbotix_ws/install/ecl_time_lite/include/ecl/time_lite/errors.hpp
[0.756s] -- Up-to-date: /home/locobot/LoCoBotRos/interbotix_ws/install/ecl_time_lite/include/ecl/time_lite/functions.hpp
[0.756s] -- Up-to-date: /home/locobot/LoCoBotRos/interbotix_ws/install/ecl_time_lite/include/ecl/time_lite/functions_mac.hpp
[0.756s] -- Up-to-date: /home/locobot/LoCoBotRos/interbotix_ws/install/ecl_time_lite/include/ecl/time_lite/functions_pos.hpp
[0.756s] -- Up-to-date: /home/locobot/LoCoBotRos/interbotix_ws/install/ecl_time_lite/include/ecl/time_lite/functions_rt.hpp
[0.756s] -- Up-to-date: /home/locobot/LoCoBotRos/interbotix_ws/install/ecl_time_lite/include/ecl/time_lite/functions_win.hpp
[0.757s] -- Up-to-date: /home/locobot/LoCoBotRos/interbotix_ws/install/ecl_time_lite/include/ecl/time_lite/macros.hpp
[0.757s] -- Up-to-date: /home/locobot/LoCoBotRos/interbotix_ws/install/ecl_time_lite/include/ecl/time_lite/types.hpp
[0.757s] -- Up-to-date: /home/locobot/LoCoBotRos/interbotix_ws/install/ecl_time_lite/include/ecl/time_lite/types_pos.hpp
[0.757s] -- Up-to-date: /home/locobot/LoCoBotRos/interbotix_ws/install/ecl_time_lite/include/ecl/time_lite/types_win.hpp
[0.757s] -- Up-to-date: /home/locobot/LoCoBotRos/interbotix_ws/install/ecl_time_lite/include/ecl/time_lite/config.hpp
[0.757s] -- Installing: /home/locobot/LoCoBotRos/interbotix_ws/install/ecl_time_lite/lib/libecl_time_lite.so.1.2.0
[0.757s] -- Set runtime path of "/home/locobot/LoCoBotRos/interbotix_ws/install/ecl_time_lite/lib/libecl_time_lite.so.1.2.0" to ""
[0.757s] -- Up-to-date: /home/locobot/LoCoBotRos/interbotix_ws/install/ecl_time_lite/lib/libecl_time_lite.so
[0.758s] -- Installing: /home/locobot/LoCoBotRos/interbotix_ws/install/ecl_time_lite/lib/ecl_time_lite/demo_time_functions
[0.759s] -- Set runtime path of "/home/locobot/LoCoBotRos/interbotix_ws/install/ecl_time_lite/lib/ecl_time_lite/demo_time_functions" to ""
[0.760s] Invoked command in '/home/locobot/LoCoBotRos/interbotix_ws/build/ecl_time_lite' returned '0': AMENT_PREFIX_PATH=/home/locobot/LoCoBotRos/interbotix_ws/install/ecl_errors:/home/locobot/LoCoBotRos/interbotix_ws/install/ecl_config:${AMENT_PREFIX_PATH} CMAKE_PREFIX_PATH=/home/locobot/LoCoBotRos/interbotix_ws/install/ecl_errors:/home/locobot/LoCoBotRos/interbotix_ws/install/ecl_config:/home/locobot/apriltag_ws/install/apriltag_ros:/opt/ros/humble LD_LIBRARY_PATH=/home/locobot/LoCoBotRos/interbotix_ws/install/ecl_errors/lib:${LD_LIBRARY_PATH} PATH=/home/locobot/LoCoBotRos/interbotix_ws/install/ecl_config/bin:${PATH} /usr/bin/cmake --install /home/locobot/LoCoBotRos/interbotix_ws/build/ecl_time_lite
