-- The C compiler identification is GNU 14.3.1
-- The CXX compiler identification is GNU 14.3.1
-- Detecting C compiler ABI info
-- Detecting C compiler ABI info - done
-- Check for working C compiler: /usr/bin/cc - skipped
-- Detecting C compile features
-- Detecting C compile features - done
-- Detecting CXX compiler ABI info
-- Detecting CXX compiler ABI info - done
-- Check for working CXX compiler: /usr/bin/c++ - skipped
-- Detecting CXX compile features
-- Detecting CXX compile features - done
-- Found ament_cmake: 2.5.4 (/home/rowanfoxx/ros2_jazzy/install/ament_cmake/share/ament_cmake/cmake)
-- Found Python3: /usr/bin/python3 (found version "3.13.3") found components: Interpreter
-- Found ament_lint_auto: 0.17.2 (/home/rowanfoxx/ros2_jazzy/install/ament_lint_auto/share/ament_lint_auto/cmake)
-- Added test 'lint_cmake' to check CMake code style
-- Added test 'xmllint' to check XML markup files
-- Configuring done (2.0s)
-- Generating done (0.0s)
-- Build files have been written to: /home/rowanfoxx/Documents/GitHub/LoCoBotRos/build/locobot_descriptions
-- Install configuration: ""
-- Installing: /home/rowanfoxx/Documents/GitHub/LoCoBotRos/install/locobot_descriptions/share/ament_index/resource_index/package_run_dependencies/locobot_descriptions
-- Installing: /home/rowanfoxx/Documents/GitHub/LoCoBotRos/install/locobot_descriptions/share/ament_index/resource_index/parent_prefix_path/locobot_descriptions
-- Installing: /home/rowanfoxx/Documents/GitHub/LoCoBotRos/install/locobot_descriptions/share/locobot_descriptions/environment/ament_prefix_path.sh
-- Installing: /home/rowanfoxx/Documents/GitHub/LoCoBotRos/install/locobot_descriptions/share/locobot_descriptions/environment/ament_prefix_path.dsv
-- Installing: /home/rowanfoxx/Documents/GitHub/LoCoBotRos/install/locobot_descriptions/share/locobot_descriptions/environment/path.sh
-- Installing: /home/rowanfoxx/Documents/GitHub/LoCoBotRos/install/locobot_descriptions/share/locobot_descriptions/environment/path.dsv
-- Installing: /home/rowanfoxx/Documents/GitHub/LoCoBotRos/install/locobot_descriptions/share/locobot_descriptions/local_setup.bash
-- Installing: /home/rowanfoxx/Documents/GitHub/LoCoBotRos/install/locobot_descriptions/share/locobot_descriptions/local_setup.sh
-- Installing: /home/rowanfoxx/Documents/GitHub/LoCoBotRos/install/locobot_descriptions/share/locobot_descriptions/local_setup.zsh
-- Installing: /home/rowanfoxx/Documents/GitHub/LoCoBotRos/install/locobot_descriptions/share/locobot_descriptions/local_setup.dsv
-- Installing: /home/rowanfoxx/Documents/GitHub/LoCoBotRos/install/locobot_descriptions/share/locobot_descriptions/package.dsv
-- Installing: /home/rowanfoxx/Documents/GitHub/LoCoBotRos/install/locobot_descriptions/share/ament_index/resource_index/packages/locobot_descriptions
-- Installing: /home/rowanfoxx/Documents/GitHub/LoCoBotRos/install/locobot_descriptions/share/locobot_descriptions/cmake/locobot_descriptionsConfig.cmake
-- Installing: /home/rowanfoxx/Documents/GitHub/LoCoBotRos/install/locobot_descriptions/share/locobot_descriptions/cmake/locobot_descriptionsConfig-version.cmake
-- Installing: /home/rowanfoxx/Documents/GitHub/LoCoBotRos/install/locobot_descriptions/share/locobot_descriptions/package.xml
