[0.007s] Invoking command in '/home/locobot/LoCoBotRos/interbotix_ws/build/interbotix_gravity_compensation': AMENT_PREFIX_PATH=/home/locobot/LoCoBotRos/interbotix_ws/install/interbotix_xs_msgs:${AMENT_PREFIX_PATH} CMAKE_PREFIX_PATH=/home/locobot/LoCoBotRos/interbotix_ws/install/interbotix_xs_msgs:/home/locobot/apriltag_ws/install/apriltag_ros:/opt/ros/humble LD_LIBRARY_PATH=/home/locobot/LoCoBotRos/interbotix_ws/install/interbotix_xs_msgs/lib:${LD_LIBRARY_PATH} PYTHONPATH=/home/locobot/LoCoBotRos/interbotix_ws/install/interbotix_xs_msgs/local/lib/python3.10/dist-packages:${PYTHONPATH} /usr/bin/cmake --build /home/locobot/LoCoBotRos/interbotix_ws/build/interbotix_gravity_compensation -- -j16 -l16
[0.044s] [35m[1mConsolidate compiler generated dependencies of target interbotix_gravity_compensation[0m
[0.059s] [ 33%] [32mBuilding CXX object CMakeFiles/interbotix_gravity_compensation.dir/src/interbotix_gravity_compensation.cpp.o[0m
[13.293s] [ 66%] [32m[1mLinking CXX executable interbotix_gravity_compensation[0m
[13.434s] [100%] Built target interbotix_gravity_compensation
[13.442s] Invoked command in '/home/locobot/LoCoBotRos/interbotix_ws/build/interbotix_gravity_compensation' returned '0': AMENT_PREFIX_PATH=/home/locobot/LoCoBotRos/interbotix_ws/install/interbotix_xs_msgs:${AMENT_PREFIX_PATH} CMAKE_PREFIX_PATH=/home/locobot/LoCoBotRos/interbotix_ws/install/interbotix_xs_msgs:/home/locobot/apriltag_ws/install/apriltag_ros:/opt/ros/humble LD_LIBRARY_PATH=/home/locobot/LoCoBotRos/interbotix_ws/install/interbotix_xs_msgs/lib:${LD_LIBRARY_PATH} PYTHONPATH=/home/locobot/LoCoBotRos/interbotix_ws/install/interbotix_xs_msgs/local/lib/python3.10/dist-packages:${PYTHONPATH} /usr/bin/cmake --build /home/locobot/LoCoBotRos/interbotix_ws/build/interbotix_gravity_compensation -- -j16 -l16
[13.445s] Invoking command in '/home/locobot/LoCoBotRos/interbotix_ws/build/interbotix_gravity_compensation': AMENT_PREFIX_PATH=/home/locobot/LoCoBotRos/interbotix_ws/install/interbotix_xs_msgs:${AMENT_PREFIX_PATH} CMAKE_PREFIX_PATH=/home/locobot/LoCoBotRos/interbotix_ws/install/interbotix_xs_msgs:/home/locobot/apriltag_ws/install/apriltag_ros:/opt/ros/humble LD_LIBRARY_PATH=/home/locobot/LoCoBotRos/interbotix_ws/install/interbotix_xs_msgs/lib:${LD_LIBRARY_PATH} PYTHONPATH=/home/locobot/LoCoBotRos/interbotix_ws/install/interbotix_xs_msgs/local/lib/python3.10/dist-packages:${PYTHONPATH} /usr/bin/cmake --install /home/locobot/LoCoBotRos/interbotix_ws/build/interbotix_gravity_compensation
[13.455s] -- Install configuration: "Release"
[13.455s] -- Installing: /home/locobot/LoCoBotRos/interbotix_ws/install/interbotix_gravity_compensation/lib/interbotix_gravity_compensation/interbotix_gravity_compensation
[13.457s] -- Set runtime path of "/home/locobot/LoCoBotRos/interbotix_ws/install/interbotix_gravity_compensation/lib/interbotix_gravity_compensation/interbotix_gravity_compensation" to ""
[13.458s] -- Up-to-date: /home/locobot/LoCoBotRos/interbotix_ws/install/interbotix_gravity_compensation/share/interbotix_gravity_compensation/config
[13.458s] -- Up-to-date: /home/locobot/LoCoBotRos/interbotix_ws/install/interbotix_gravity_compensation/share/interbotix_gravity_compensation/config/motor_specs_example.yaml
[13.458s] -- Up-to-date: /home/locobot/LoCoBotRos/interbotix_ws/install/interbotix_gravity_compensation/share/ament_index/resource_index/package_run_dependencies/interbotix_gravity_compensation
[13.458s] -- Installing: /home/locobot/LoCoBotRos/interbotix_ws/install/interbotix_gravity_compensation/share/ament_index/resource_index/parent_prefix_path/interbotix_gravity_compensation
[13.458s] -- Up-to-date: /home/locobot/LoCoBotRos/interbotix_ws/install/interbotix_gravity_compensation/share/interbotix_gravity_compensation/environment/ament_prefix_path.sh
[13.458s] -- Installing: /home/locobot/LoCoBotRos/interbotix_ws/install/interbotix_gravity_compensation/share/interbotix_gravity_compensation/environment/ament_prefix_path.dsv
[13.462s] -- Up-to-date: /home/locobot/LoCoBotRos/interbotix_ws/install/interbotix_gravity_compensation/share/interbotix_gravity_compensation/environment/path.sh
[13.462s] -- Installing: /home/locobot/LoCoBotRos/interbotix_ws/install/interbotix_gravity_compensation/share/interbotix_gravity_compensation/environment/path.dsv
[13.463s] -- Up-to-date: /home/locobot/LoCoBotRos/interbotix_ws/install/interbotix_gravity_compensation/share/interbotix_gravity_compensation/local_setup.bash
[13.463s] -- Up-to-date: /home/locobot/LoCoBotRos/interbotix_ws/install/interbotix_gravity_compensation/share/interbotix_gravity_compensation/local_setup.sh
[13.463s] -- Up-to-date: /home/locobot/LoCoBotRos/interbotix_ws/install/interbotix_gravity_compensation/share/interbotix_gravity_compensation/local_setup.zsh
[13.463s] -- Installing: /home/locobot/LoCoBotRos/interbotix_ws/install/interbotix_gravity_compensation/share/interbotix_gravity_compensation/local_setup.dsv
[13.463s] -- Installing: /home/locobot/LoCoBotRos/interbotix_ws/install/interbotix_gravity_compensation/share/interbotix_gravity_compensation/package.dsv
[13.463s] -- Up-to-date: /home/locobot/LoCoBotRos/interbotix_ws/install/interbotix_gravity_compensation/share/ament_index/resource_index/packages/interbotix_gravity_compensation
[13.464s] -- Up-to-date: /home/locobot/LoCoBotRos/interbotix_ws/install/interbotix_gravity_compensation/share/interbotix_gravity_compensation/cmake/interbotix_gravity_compensationConfig.cmake
[13.464s] -- Up-to-date: /home/locobot/LoCoBotRos/interbotix_ws/install/interbotix_gravity_compensation/share/interbotix_gravity_compensation/cmake/interbotix_gravity_compensationConfig-version.cmake
[13.464s] -- Up-to-date: /home/locobot/LoCoBotRos/interbotix_ws/install/interbotix_gravity_compensation/share/interbotix_gravity_compensation/package.xml
[13.467s] Invoked command in '/home/locobot/LoCoBotRos/interbotix_ws/build/interbotix_gravity_compensation' returned '0': AMENT_PREFIX_PATH=/home/locobot/LoCoBotRos/interbotix_ws/install/interbotix_xs_msgs:${AMENT_PREFIX_PATH} CMAKE_PREFIX_PATH=/home/locobot/LoCoBotRos/interbotix_ws/install/interbotix_xs_msgs:/home/locobot/apriltag_ws/install/apriltag_ros:/opt/ros/humble LD_LIBRARY_PATH=/home/locobot/LoCoBotRos/interbotix_ws/install/interbotix_xs_msgs/lib:${LD_LIBRARY_PATH} PYTHONPATH=/home/locobot/LoCoBotRos/interbotix_ws/install/interbotix_xs_msgs/local/lib/python3.10/dist-packages:${PYTHONPATH} /usr/bin/cmake --install /home/locobot/LoCoBotRos/interbotix_ws/build/interbotix_gravity_compensation
