[0.027s] Invoking command in '/home/locobot/LoCoBotRos/interbotix_ws/build/moveit_servo': AMENT_PREFIX_PATH=/home/locobot/LoCoBotRos/interbotix_ws/install/moveit_ros_planning_interface:/home/locobot/LoCoBotRos/interbotix_ws/install/moveit_ros_move_group:/home/locobot/LoCoBotRos/interbotix_ws/install/moveit_ros_warehouse:/home/locobot/LoCoBotRos/interbotix_ws/install/moveit_planners_ompl:/home/locobot/LoCoBotRos/interbotix_ws/install/moveit_kinematics:/home/locobot/LoCoBotRos/interbotix_ws/install/moveit_ros_planning:/home/locobot/LoCoBotRos/interbotix_ws/install/moveit_simple_controller_manager:/home/locobot/LoCoBotRos/interbotix_ws/install/moveit_ros_occupancy_map_monitor:/home/locobot/LoCoBotRos/interbotix_ws/install/moveit_core:/home/locobot/LoCoBotRos/interbotix_ws/install/moveit_resources_panda_moveit_config:/home/locobot/LoCoBotRos/interbotix_ws/install/moveit_resources_fanuc_moveit_config:/home/locobot/LoCoBotRos/interbotix_ws/install/moveit_configs_utils:/home/locobot/LoCoBotRos/interbotix_ws/install/srdfdom:/home/locobot/LoCoBotRos/interbotix_ws/install/moveit_resources_pr2_description:/home/locobot/LoCoBotRos/interbotix_ws/install/moveit_resources_panda_description:/home/locobot/LoCoBotRos/interbotix_ws/install/moveit_resources_fanuc_description:/home/locobot/LoCoBotRos/interbotix_ws/install/moveit_common:/home/locobot/LoCoBotRos/interbotix_ws/install/launch_param_builder:${AMENT_PREFIX_PATH} CMAKE_PREFIX_PATH=/home/locobot/LoCoBotRos/interbotix_ws/install/moveit_ros_planning_interface:/home/locobot/LoCoBotRos/interbotix_ws/install/moveit_ros_move_group:/home/locobot/LoCoBotRos/interbotix_ws/install/moveit_ros_warehouse:/home/locobot/LoCoBotRos/interbotix_ws/install/moveit_planners_ompl:/home/locobot/LoCoBotRos/interbotix_ws/install/moveit_kinematics:/home/locobot/LoCoBotRos/interbotix_ws/install/moveit_ros_planning:/home/locobot/LoCoBotRos/interbotix_ws/install/moveit_simple_controller_manager:/home/locobot/LoCoBotRos/interbotix_ws/install/moveit_ros_occupancy_map_monitor:/home/locobot/LoCoBotRos/interbotix_ws/install/moveit_core:/home/locobot/LoCoBotRos/interbotix_ws/install/moveit_resources_panda_moveit_config:/home/locobot/LoCoBotRos/interbotix_ws/install/moveit_resources_fanuc_moveit_config:/home/locobot/LoCoBotRos/interbotix_ws/install/srdfdom:/home/locobot/LoCoBotRos/interbotix_ws/install/moveit_resources_pr2_description:/home/locobot/LoCoBotRos/interbotix_ws/install/moveit_resources_panda_description:/home/locobot/LoCoBotRos/interbotix_ws/install/moveit_resources_fanuc_description:/home/locobot/LoCoBotRos/interbotix_ws/install/moveit_common:/home/locobot/apriltag_ws/install/apriltag_ros:/opt/ros/humble LD_LIBRARY_PATH=/home/locobot/LoCoBotRos/interbotix_ws/install/moveit_ros_planning_interface/lib:/home/locobot/LoCoBotRos/interbotix_ws/install/moveit_ros_move_group/lib:/home/locobot/LoCoBotRos/interbotix_ws/install/moveit_ros_warehouse/lib:/home/locobot/LoCoBotRos/interbotix_ws/install/moveit_planners_ompl/lib:/home/locobot/LoCoBotRos/interbotix_ws/install/moveit_kinematics/lib:/home/locobot/LoCoBotRos/interbotix_ws/install/moveit_ros_planning/lib:/home/locobot/LoCoBotRos/interbotix_ws/install/moveit_simple_controller_manager/lib:/home/locobot/LoCoBotRos/interbotix_ws/install/moveit_ros_occupancy_map_monitor/lib:/home/locobot/LoCoBotRos/interbotix_ws/install/moveit_core/lib:/home/locobot/LoCoBotRos/interbotix_ws/install/srdfdom/lib:${LD_LIBRARY_PATH} PATH=/home/locobot/LoCoBotRos/interbotix_ws/install/moveit_core/bin:${PATH} PYTHONPATH=/home/locobot/LoCoBotRos/interbotix_ws/install/moveit_configs_utils/lib/python3.10/site-packages:/home/locobot/LoCoBotRos/interbotix_ws/install/srdfdom/local/lib/python3.10/dist-packages:/home/locobot/LoCoBotRos/interbotix_ws/install/launch_param_builder/lib/python3.10/site-packages:${PYTHONPATH} /usr/bin/cmake /home/locobot/LoCoBotRos/interbotix_ws/src/moveit2/moveit_ros/moveit_servo -DCMAKE_BUILD_TYPE=Release -DCMAKE_INSTALL_PREFIX=/home/locobot/LoCoBotRos/interbotix_ws/install/moveit_servo
[0.068s] -- The C compiler identification is GNU 11.4.0
[0.107s] -- The CXX compiler identification is GNU 11.4.0
[0.112s] -- Detecting C compiler ABI info
[0.162s] -- Detecting C compiler ABI info - done
[0.168s] -- Check for working C compiler: /usr/bin/cc - skipped
[0.168s] -- Detecting C compile features
[0.168s] -- Detecting C compile features - done
[0.170s] -- Detecting CXX compiler ABI info
[0.245s] -- Detecting CXX compiler ABI info - done
[0.250s] -- Check for working CXX compiler: /usr/bin/c++ - skipped
[0.251s] -- Detecting CXX compile features
[0.251s] -- Detecting CXX compile features - done
[0.252s] -- Found moveit_common: 2.5.9 (/home/locobot/LoCoBotRos/interbotix_ws/install/moveit_common/share/moveit_common/cmake)
[0.255s] -- Found ament_cmake: 1.3.11 (/opt/ros/humble/share/ament_cmake/cmake)
[0.368s] -- Found Python3: /usr/bin/python3 (found version "3.10.12") found components: Interpreter 
[0.502s] -- Found eigen3_cmake_module: 0.1.1 (/opt/ros/humble/share/eigen3_cmake_module/cmake)
[0.508s] -- Found Eigen3: TRUE (found version "3.4.0") 
[0.512s] -- Found control_msgs: 4.8.0 (/opt/ros/humble/share/control_msgs/cmake)
[0.550s] -- Found rosidl_generator_c: 3.1.6 (/opt/ros/humble/share/rosidl_generator_c/cmake)
[0.556s] -- Found rosidl_adapter: 3.1.6 (/opt/ros/humble/share/rosidl_adapter/cmake)
[0.564s] -- Found rosidl_generator_cpp: 3.1.6 (/opt/ros/humble/share/rosidl_generator_cpp/cmake)
[0.576s] -- Using all available rosidl_typesupport_c: rosidl_typesupport_fastrtps_c;rosidl_typesupport_introspection_c
[0.592s] -- Using all available rosidl_typesupport_cpp: rosidl_typesupport_fastrtps_cpp;rosidl_typesupport_introspection_cpp
[0.700s] -- Found control_toolbox: 3.6.1 (/opt/ros/humble/share/control_toolbox/cmake)
[0.746s] -- Found rmw_implementation_cmake: 6.1.2 (/opt/ros/humble/share/rmw_implementation_cmake/cmake)
[0.749s] -- Found rmw_fastrtps_cpp: 6.2.7 (/opt/ros/humble/share/rmw_fastrtps_cpp/cmake)
[0.820s] -- Found OpenSSL: /usr/lib/x86_64-linux-gnu/libcrypto.so (found version "3.0.2")  
[0.839s] -- Found FastRTPS: /opt/ros/humble/include  
[0.870s] -- Using RMW implementation 'rmw_fastrtps_cpp' as default
[0.880s] -- Looking for pthread.h
[0.956s] -- Looking for pthread.h - found
[0.957s] -- Performing Test CMAKE_HAVE_LIBC_PTHREAD
[1.031s] -- Performing Test CMAKE_HAVE_LIBC_PTHREAD - Success
[1.032s] -- Found Threads: TRUE  
[1.164s] -- Found moveit_core: 2.5.9 (/home/locobot/LoCoBotRos/interbotix_ws/install/moveit_core/share/moveit_core/cmake)
[1.197s] -- Found Boost: /usr/lib/x86_64-linux-gnu/cmake/Boost-1.74.0/BoostConfig.cmake (found version "1.74.0") found components: chrono date_time filesystem iostreams program_options regex serialization system thread 
[1.231s] -- Found Boost: /usr/lib/x86_64-linux-gnu/cmake/Boost-1.74.0/BoostConfig.cmake (found version "1.74.0") found components: filesystem 
[1.295s] -- library: /usr/lib/x86_64-linux-gnu/libcurl.so
[1.336s] -- Ensuring Eigen3 include directory is part of orocos-kdl CMake target
[1.486s] -- Found moveit_ros_planning: 2.5.9 (/home/locobot/LoCoBotRos/interbotix_ws/install/moveit_ros_planning/share/moveit_ros_planning/cmake)
[1.489s] -- Found Boost: /usr/lib/x86_64-linux-gnu/cmake/Boost-1.74.0/BoostConfig.cmake (found version "1.74.0") found components: system filesystem date_time program_options thread chrono 
[1.510s] -- Found std_srvs: 4.8.0 (/opt/ros/humble/share/std_srvs/cmake)
[1.584s] -- Found ament_lint_auto: 0.12.12 (/opt/ros/humble/share/ament_lint_auto/cmake)
[1.586s] -- Found ament_cmake_gtest: 1.3.11 (/opt/ros/humble/share/ament_cmake_gtest/cmake)
[1.588s] -- Found ros_testing: 0.4.0 (/opt/ros/humble/share/ros_testing/cmake)
[1.591s] -- Found launch_testing_ament_cmake: 1.0.9 (/opt/ros/humble/share/launch_testing_ament_cmake/cmake)
[1.593s] -- Found python_cmake_module: 0.10.0 (/opt/ros/humble/share/python_cmake_module/cmake)
[1.609s] -- Found PythonInterp: /usr/bin/python3 (found suitable version "3.10.12", minimum required is "3.6") 
[1.613s] -- Found PythonLibs: /usr/lib/x86_64-linux-gnu/libpython3.10.so (found suitable version "3.10.12", minimum required is "3.5") 
[1.613s] -- Using PYTHON_EXECUTABLE: /usr/bin/python3
[1.613s] -- Using PYTHON_INCLUDE_DIRS: /usr/include/python3.10
[1.613s] -- Using PYTHON_LIBRARIES: /usr/lib/x86_64-linux-gnu/libpython3.10.so
[1.628s] -- Found PythonExtra: .so  
[1.632s] -- Found Boost: /usr/lib/x86_64-linux-gnu/cmake/Boost-1.74.0/BoostConfig.cmake (found version "1.74.0") found components: filesystem 
[1.694s] -- Found gtest sources under '/opt/ros/humble/src/gtest_vendor': C++ tests using 'Google Test' will be built
[1.733s] -- Added test 'cppcheck' to perform static code analysis on C / C++ code
[1.734s] -- Configured cppcheck include dirs: /home/locobot/LoCoBotRos/interbotix_ws/src/moveit2/moveit_ros/moveit_servo/include
[1.734s] -- Configured cppcheck exclude dirs and/or files: 
[1.735s] -- Added test 'lint_cmake' to check CMake code style
[1.735s] -- Added test 'pep257' to check Python code against some of the docstring style conventions in PEP 257
[1.736s] -- Added test 'xmllint' to check XML markup files
[1.737s] -- Configuring done
[1.868s] -- Generating done
[1.912s] -- Build files have been written to: /home/locobot/LoCoBotRos/interbotix_ws/build/moveit_servo
[1.926s] Invoked command in '/home/locobot/LoCoBotRos/interbotix_ws/build/moveit_servo' returned '0': AMENT_PREFIX_PATH=/home/locobot/LoCoBotRos/interbotix_ws/install/moveit_ros_planning_interface:/home/locobot/LoCoBotRos/interbotix_ws/install/moveit_ros_move_group:/home/locobot/LoCoBotRos/interbotix_ws/install/moveit_ros_warehouse:/home/locobot/LoCoBotRos/interbotix_ws/install/moveit_planners_ompl:/home/locobot/LoCoBotRos/interbotix_ws/install/moveit_kinematics:/home/locobot/LoCoBotRos/interbotix_ws/install/moveit_ros_planning:/home/locobot/LoCoBotRos/interbotix_ws/install/moveit_simple_controller_manager:/home/locobot/LoCoBotRos/interbotix_ws/install/moveit_ros_occupancy_map_monitor:/home/locobot/LoCoBotRos/interbotix_ws/install/moveit_core:/home/locobot/LoCoBotRos/interbotix_ws/install/moveit_resources_panda_moveit_config:/home/locobot/LoCoBotRos/interbotix_ws/install/moveit_resources_fanuc_moveit_config:/home/locobot/LoCoBotRos/interbotix_ws/install/moveit_configs_utils:/home/locobot/LoCoBotRos/interbotix_ws/install/srdfdom:/home/locobot/LoCoBotRos/interbotix_ws/install/moveit_resources_pr2_description:/home/locobot/LoCoBotRos/interbotix_ws/install/moveit_resources_panda_description:/home/locobot/LoCoBotRos/interbotix_ws/install/moveit_resources_fanuc_description:/home/locobot/LoCoBotRos/interbotix_ws/install/moveit_common:/home/locobot/LoCoBotRos/interbotix_ws/install/launch_param_builder:${AMENT_PREFIX_PATH} CMAKE_PREFIX_PATH=/home/locobot/LoCoBotRos/interbotix_ws/install/moveit_ros_planning_interface:/home/locobot/LoCoBotRos/interbotix_ws/install/moveit_ros_move_group:/home/locobot/LoCoBotRos/interbotix_ws/install/moveit_ros_warehouse:/home/locobot/LoCoBotRos/interbotix_ws/install/moveit_planners_ompl:/home/locobot/LoCoBotRos/interbotix_ws/install/moveit_kinematics:/home/locobot/LoCoBotRos/interbotix_ws/install/moveit_ros_planning:/home/locobot/LoCoBotRos/interbotix_ws/install/moveit_simple_controller_manager:/home/locobot/LoCoBotRos/interbotix_ws/install/moveit_ros_occupancy_map_monitor:/home/locobot/LoCoBotRos/interbotix_ws/install/moveit_core:/home/locobot/LoCoBotRos/interbotix_ws/install/moveit_resources_panda_moveit_config:/home/locobot/LoCoBotRos/interbotix_ws/install/moveit_resources_fanuc_moveit_config:/home/locobot/LoCoBotRos/interbotix_ws/install/srdfdom:/home/locobot/LoCoBotRos/interbotix_ws/install/moveit_resources_pr2_description:/home/locobot/LoCoBotRos/interbotix_ws/install/moveit_resources_panda_description:/home/locobot/LoCoBotRos/interbotix_ws/install/moveit_resources_fanuc_description:/home/locobot/LoCoBotRos/interbotix_ws/install/moveit_common:/home/locobot/apriltag_ws/install/apriltag_ros:/opt/ros/humble LD_LIBRARY_PATH=/home/locobot/LoCoBotRos/interbotix_ws/install/moveit_ros_planning_interface/lib:/home/locobot/LoCoBotRos/interbotix_ws/install/moveit_ros_move_group/lib:/home/locobot/LoCoBotRos/interbotix_ws/install/moveit_ros_warehouse/lib:/home/locobot/LoCoBotRos/interbotix_ws/install/moveit_planners_ompl/lib:/home/locobot/LoCoBotRos/interbotix_ws/install/moveit_kinematics/lib:/home/locobot/LoCoBotRos/interbotix_ws/install/moveit_ros_planning/lib:/home/locobot/LoCoBotRos/interbotix_ws/install/moveit_simple_controller_manager/lib:/home/locobot/LoCoBotRos/interbotix_ws/install/moveit_ros_occupancy_map_monitor/lib:/home/locobot/LoCoBotRos/interbotix_ws/install/moveit_core/lib:/home/locobot/LoCoBotRos/interbotix_ws/install/srdfdom/lib:${LD_LIBRARY_PATH} PATH=/home/locobot/LoCoBotRos/interbotix_ws/install/moveit_core/bin:${PATH} PYTHONPATH=/home/locobot/LoCoBotRos/interbotix_ws/install/moveit_configs_utils/lib/python3.10/site-packages:/home/locobot/LoCoBotRos/interbotix_ws/install/srdfdom/local/lib/python3.10/dist-packages:/home/locobot/LoCoBotRos/interbotix_ws/install/launch_param_builder/lib/python3.10/site-packages:${PYTHONPATH} /usr/bin/cmake /home/locobot/LoCoBotRos/interbotix_ws/src/moveit2/moveit_ros/moveit_servo -DCMAKE_BUILD_TYPE=Release -DCMAKE_INSTALL_PREFIX=/home/locobot/LoCoBotRos/interbotix_ws/install/moveit_servo
[1.927s] Invoking command in '/home/locobot/LoCoBotRos/interbotix_ws/build/moveit_servo': AMENT_PREFIX_PATH=/home/locobot/LoCoBotRos/interbotix_ws/install/moveit_ros_planning_interface:/home/locobot/LoCoBotRos/interbotix_ws/install/moveit_ros_move_group:/home/locobot/LoCoBotRos/interbotix_ws/install/moveit_ros_warehouse:/home/locobot/LoCoBotRos/interbotix_ws/install/moveit_planners_ompl:/home/locobot/LoCoBotRos/interbotix_ws/install/moveit_kinematics:/home/locobot/LoCoBotRos/interbotix_ws/install/moveit_ros_planning:/home/locobot/LoCoBotRos/interbotix_ws/install/moveit_simple_controller_manager:/home/locobot/LoCoBotRos/interbotix_ws/install/moveit_ros_occupancy_map_monitor:/home/locobot/LoCoBotRos/interbotix_ws/install/moveit_core:/home/locobot/LoCoBotRos/interbotix_ws/install/moveit_resources_panda_moveit_config:/home/locobot/LoCoBotRos/interbotix_ws/install/moveit_resources_fanuc_moveit_config:/home/locobot/LoCoBotRos/interbotix_ws/install/moveit_configs_utils:/home/locobot/LoCoBotRos/interbotix_ws/install/srdfdom:/home/locobot/LoCoBotRos/interbotix_ws/install/moveit_resources_pr2_description:/home/locobot/LoCoBotRos/interbotix_ws/install/moveit_resources_panda_description:/home/locobot/LoCoBotRos/interbotix_ws/install/moveit_resources_fanuc_description:/home/locobot/LoCoBotRos/interbotix_ws/install/moveit_common:/home/locobot/LoCoBotRos/interbotix_ws/install/launch_param_builder:${AMENT_PREFIX_PATH} CMAKE_PREFIX_PATH=/home/locobot/LoCoBotRos/interbotix_ws/install/moveit_ros_planning_interface:/home/locobot/LoCoBotRos/interbotix_ws/install/moveit_ros_move_group:/home/locobot/LoCoBotRos/interbotix_ws/install/moveit_ros_warehouse:/home/locobot/LoCoBotRos/interbotix_ws/install/moveit_planners_ompl:/home/locobot/LoCoBotRos/interbotix_ws/install/moveit_kinematics:/home/locobot/LoCoBotRos/interbotix_ws/install/moveit_ros_planning:/home/locobot/LoCoBotRos/interbotix_ws/install/moveit_simple_controller_manager:/home/locobot/LoCoBotRos/interbotix_ws/install/moveit_ros_occupancy_map_monitor:/home/locobot/LoCoBotRos/interbotix_ws/install/moveit_core:/home/locobot/LoCoBotRos/interbotix_ws/install/moveit_resources_panda_moveit_config:/home/locobot/LoCoBotRos/interbotix_ws/install/moveit_resources_fanuc_moveit_config:/home/locobot/LoCoBotRos/interbotix_ws/install/srdfdom:/home/locobot/LoCoBotRos/interbotix_ws/install/moveit_resources_pr2_description:/home/locobot/LoCoBotRos/interbotix_ws/install/moveit_resources_panda_description:/home/locobot/LoCoBotRos/interbotix_ws/install/moveit_resources_fanuc_description:/home/locobot/LoCoBotRos/interbotix_ws/install/moveit_common:/home/locobot/apriltag_ws/install/apriltag_ros:/opt/ros/humble LD_LIBRARY_PATH=/home/locobot/LoCoBotRos/interbotix_ws/install/moveit_ros_planning_interface/lib:/home/locobot/LoCoBotRos/interbotix_ws/install/moveit_ros_move_group/lib:/home/locobot/LoCoBotRos/interbotix_ws/install/moveit_ros_warehouse/lib:/home/locobot/LoCoBotRos/interbotix_ws/install/moveit_planners_ompl/lib:/home/locobot/LoCoBotRos/interbotix_ws/install/moveit_kinematics/lib:/home/locobot/LoCoBotRos/interbotix_ws/install/moveit_ros_planning/lib:/home/locobot/LoCoBotRos/interbotix_ws/install/moveit_simple_controller_manager/lib:/home/locobot/LoCoBotRos/interbotix_ws/install/moveit_ros_occupancy_map_monitor/lib:/home/locobot/LoCoBotRos/interbotix_ws/install/moveit_core/lib:/home/locobot/LoCoBotRos/interbotix_ws/install/srdfdom/lib:${LD_LIBRARY_PATH} PATH=/home/locobot/LoCoBotRos/interbotix_ws/install/moveit_core/bin:${PATH} PYTHONPATH=/home/locobot/LoCoBotRos/interbotix_ws/install/moveit_configs_utils/lib/python3.10/site-packages:/home/locobot/LoCoBotRos/interbotix_ws/install/srdfdom/local/lib/python3.10/dist-packages:/home/locobot/LoCoBotRos/interbotix_ws/install/launch_param_builder/lib/python3.10/site-packages:${PYTHONPATH} /usr/bin/cmake --build /home/locobot/LoCoBotRos/interbotix_ws/build/moveit_servo -- -j16 -l16
[1.970s] [  9%] [32mBuilding CXX object CMakeFiles/fake_command_publisher.dir/test/publish_fake_jog_commands.cpp.o[0m
[1.970s] [  9%] [32mBuilding CXX object gtest/CMakeFiles/gtest.dir/src/gtest-all.cc.o[0m
[1.970s] [  9%] [32mBuilding CXX object gtest/CMakeFiles/gtest_main.dir/src/gtest_main.cc.o[0m
[1.970s] [ 12%] [32mBuilding CXX object CMakeFiles/moveit_servo_lib_parameters.dir/src/servo_parameters.cpp.o[0m
[1.972s] [ 15%] [32mBuilding CXX object CMakeFiles/servo_controller_input.dir/src/teleop_demo/joystick_servo_example.cpp.o[0m
[1.972s] [ 18%] [32mBuilding CXX object CMakeFiles/moveit_servo_lib_parameters.dir/src/parameter_descriptor_builder.cpp.o[0m
[2.753s] [ 21%] [32m[1mLinking CXX static library libgtest_main.a[0m
[2.783s] [ 21%] Built target gtest_main
[6.157s] [ 24%] [32m[1mLinking CXX executable fake_command_publisher[0m
[6.264s] [ 24%] Built target fake_command_publisher
[8.121s] [ 27%] [32m[1mLinking CXX static library libgtest.a[0m
[8.161s] [ 27%] Built target gtest
[11.287s] [ 30%] [32m[1mLinking CXX shared library libmoveit_servo_lib_parameters.so[0m
[11.477s] [ 30%] Built target moveit_servo_lib_parameters
[11.495s] [ 33%] [32mBuilding CXX object CMakeFiles/test_servo_integration.dir/test/test_servo_interface.cpp.o[0m
[11.496s] [ 42%] [32mBuilding CXX object CMakeFiles/moveit_servo_lib.dir/src/servo.cpp.o[0m
[11.496s] [ 42%] [32mBuilding CXX object CMakeFiles/moveit_servo_lib.dir/src/enforce_limits.cpp.o[0m
[11.496s] [ 42%] [32mBuilding CXX object CMakeFiles/moveit_servo_lib.dir/src/collision_check.cpp.o[0m
[11.496s] [ 45%] [32mBuilding CXX object CMakeFiles/moveit_servo_lib.dir/src/utilities.cpp.o[0m
[11.498s] [ 48%] [32mBuilding CXX object CMakeFiles/test_servo_collision.dir/test/test_servo_collision.cpp.o[0m
[11.498s] [ 51%] [32mBuilding CXX object CMakeFiles/moveit_servo_lib.dir/src/servo_calcs.cpp.o[0m
[14.498s] [ 54%] [32m[1mLinking CXX shared library libservo_controller_input.so[0m
[14.870s] [ 54%] Built target servo_controller_input
[39.130s] [ 57%] [32m[1mLinking CXX executable test_servo_collision[0m
[39.459s] [ 57%] Built target test_servo_collision
[41.560s] [ 60%] [32m[1mLinking CXX executable test_servo_integration[0m
[41.918s] [ 60%] Built target test_servo_integration
[57.277s] [ 63%] [32m[1mLinking CXX shared library libmoveit_servo_lib.so[0m
[57.729s] [ 63%] Built target moveit_servo_lib
[57.757s] [ 66%] [32mBuilding CXX object CMakeFiles/servo_calcs_unit_tests.dir/test/servo_calcs_unit_tests.cpp.o[0m
[57.759s] [ 69%] [32mBuilding CXX object CMakeFiles/pose_tracking.dir/src/pose_tracking.cpp.o[0m
[57.760s] [ 72%] [32mBuilding CXX object CMakeFiles/servo_node.dir/src/servo_node.cpp.o[0m
[69.202s] [ 75%] [32m[1mLinking CXX shared library libservo_node.so[0m
[69.458s] [ 75%] Built target servo_node
[69.477s] [ 78%] [32mBuilding CXX object CMakeFiles/servo_node_main.dir/src/servo_node_main.cpp.o[0m
[76.753s] [ 81%] [32m[1mLinking CXX shared library libpose_tracking.so[0m
[76.996s] [ 81%] Built target pose_tracking
[77.014s] [ 87%] [32mBuilding CXX object CMakeFiles/test_servo_pose_tracking.dir/test/pose_tracking_test.cpp.o[0m
[77.014s] [ 87%] [32mBuilding CXX object CMakeFiles/servo_pose_tracking_demo.dir/src/cpp_interface_demo/pose_tracking_demo.cpp.o[0m
[79.323s] [ 90%] [32m[1mLinking CXX executable servo_node_main[0m
[79.617s] [ 90%] Built target servo_node_main
[79.763s] [ 93%] [32m[1mLinking CXX executable servo_calcs_unit_tests[0m
[80.111s] [ 93%] Built target servo_calcs_unit_tests
[92.268s] [ 96%] [32m[1mLinking CXX executable servo_pose_tracking_demo[0m
[92.632s] [ 96%] Built target servo_pose_tracking_demo
[94.575s] [100%] [32m[1mLinking CXX executable test_servo_pose_tracking[0m
[94.953s] [100%] Built target test_servo_pose_tracking
[94.963s] Invoked command in '/home/locobot/LoCoBotRos/interbotix_ws/build/moveit_servo' returned '0': AMENT_PREFIX_PATH=/home/locobot/LoCoBotRos/interbotix_ws/install/moveit_ros_planning_interface:/home/locobot/LoCoBotRos/interbotix_ws/install/moveit_ros_move_group:/home/locobot/LoCoBotRos/interbotix_ws/install/moveit_ros_warehouse:/home/locobot/LoCoBotRos/interbotix_ws/install/moveit_planners_ompl:/home/locobot/LoCoBotRos/interbotix_ws/install/moveit_kinematics:/home/locobot/LoCoBotRos/interbotix_ws/install/moveit_ros_planning:/home/locobot/LoCoBotRos/interbotix_ws/install/moveit_simple_controller_manager:/home/locobot/LoCoBotRos/interbotix_ws/install/moveit_ros_occupancy_map_monitor:/home/locobot/LoCoBotRos/interbotix_ws/install/moveit_core:/home/locobot/LoCoBotRos/interbotix_ws/install/moveit_resources_panda_moveit_config:/home/locobot/LoCoBotRos/interbotix_ws/install/moveit_resources_fanuc_moveit_config:/home/locobot/LoCoBotRos/interbotix_ws/install/moveit_configs_utils:/home/locobot/LoCoBotRos/interbotix_ws/install/srdfdom:/home/locobot/LoCoBotRos/interbotix_ws/install/moveit_resources_pr2_description:/home/locobot/LoCoBotRos/interbotix_ws/install/moveit_resources_panda_description:/home/locobot/LoCoBotRos/interbotix_ws/install/moveit_resources_fanuc_description:/home/locobot/LoCoBotRos/interbotix_ws/install/moveit_common:/home/locobot/LoCoBotRos/interbotix_ws/install/launch_param_builder:${AMENT_PREFIX_PATH} CMAKE_PREFIX_PATH=/home/locobot/LoCoBotRos/interbotix_ws/install/moveit_ros_planning_interface:/home/locobot/LoCoBotRos/interbotix_ws/install/moveit_ros_move_group:/home/locobot/LoCoBotRos/interbotix_ws/install/moveit_ros_warehouse:/home/locobot/LoCoBotRos/interbotix_ws/install/moveit_planners_ompl:/home/locobot/LoCoBotRos/interbotix_ws/install/moveit_kinematics:/home/locobot/LoCoBotRos/interbotix_ws/install/moveit_ros_planning:/home/locobot/LoCoBotRos/interbotix_ws/install/moveit_simple_controller_manager:/home/locobot/LoCoBotRos/interbotix_ws/install/moveit_ros_occupancy_map_monitor:/home/locobot/LoCoBotRos/interbotix_ws/install/moveit_core:/home/locobot/LoCoBotRos/interbotix_ws/install/moveit_resources_panda_moveit_config:/home/locobot/LoCoBotRos/interbotix_ws/install/moveit_resources_fanuc_moveit_config:/home/locobot/LoCoBotRos/interbotix_ws/install/srdfdom:/home/locobot/LoCoBotRos/interbotix_ws/install/moveit_resources_pr2_description:/home/locobot/LoCoBotRos/interbotix_ws/install/moveit_resources_panda_description:/home/locobot/LoCoBotRos/interbotix_ws/install/moveit_resources_fanuc_description:/home/locobot/LoCoBotRos/interbotix_ws/install/moveit_common:/home/locobot/apriltag_ws/install/apriltag_ros:/opt/ros/humble LD_LIBRARY_PATH=/home/locobot/LoCoBotRos/interbotix_ws/install/moveit_ros_planning_interface/lib:/home/locobot/LoCoBotRos/interbotix_ws/install/moveit_ros_move_group/lib:/home/locobot/LoCoBotRos/interbotix_ws/install/moveit_ros_warehouse/lib:/home/locobot/LoCoBotRos/interbotix_ws/install/moveit_planners_ompl/lib:/home/locobot/LoCoBotRos/interbotix_ws/install/moveit_kinematics/lib:/home/locobot/LoCoBotRos/interbotix_ws/install/moveit_ros_planning/lib:/home/locobot/LoCoBotRos/interbotix_ws/install/moveit_simple_controller_manager/lib:/home/locobot/LoCoBotRos/interbotix_ws/install/moveit_ros_occupancy_map_monitor/lib:/home/locobot/LoCoBotRos/interbotix_ws/install/moveit_core/lib:/home/locobot/LoCoBotRos/interbotix_ws/install/srdfdom/lib:${LD_LIBRARY_PATH} PATH=/home/locobot/LoCoBotRos/interbotix_ws/install/moveit_core/bin:${PATH} PYTHONPATH=/home/locobot/LoCoBotRos/interbotix_ws/install/moveit_configs_utils/lib/python3.10/site-packages:/home/locobot/LoCoBotRos/interbotix_ws/install/srdfdom/local/lib/python3.10/dist-packages:/home/locobot/LoCoBotRos/interbotix_ws/install/launch_param_builder/lib/python3.10/site-packages:${PYTHONPATH} /usr/bin/cmake --build /home/locobot/LoCoBotRos/interbotix_ws/build/moveit_servo -- -j16 -l16
[94.966s] Invoking command in '/home/locobot/LoCoBotRos/interbotix_ws/build/moveit_servo': AMENT_PREFIX_PATH=/home/locobot/LoCoBotRos/interbotix_ws/install/moveit_ros_planning_interface:/home/locobot/LoCoBotRos/interbotix_ws/install/moveit_ros_move_group:/home/locobot/LoCoBotRos/interbotix_ws/install/moveit_ros_warehouse:/home/locobot/LoCoBotRos/interbotix_ws/install/moveit_planners_ompl:/home/locobot/LoCoBotRos/interbotix_ws/install/moveit_kinematics:/home/locobot/LoCoBotRos/interbotix_ws/install/moveit_ros_planning:/home/locobot/LoCoBotRos/interbotix_ws/install/moveit_simple_controller_manager:/home/locobot/LoCoBotRos/interbotix_ws/install/moveit_ros_occupancy_map_monitor:/home/locobot/LoCoBotRos/interbotix_ws/install/moveit_core:/home/locobot/LoCoBotRos/interbotix_ws/install/moveit_resources_panda_moveit_config:/home/locobot/LoCoBotRos/interbotix_ws/install/moveit_resources_fanuc_moveit_config:/home/locobot/LoCoBotRos/interbotix_ws/install/moveit_configs_utils:/home/locobot/LoCoBotRos/interbotix_ws/install/srdfdom:/home/locobot/LoCoBotRos/interbotix_ws/install/moveit_resources_pr2_description:/home/locobot/LoCoBotRos/interbotix_ws/install/moveit_resources_panda_description:/home/locobot/LoCoBotRos/interbotix_ws/install/moveit_resources_fanuc_description:/home/locobot/LoCoBotRos/interbotix_ws/install/moveit_common:/home/locobot/LoCoBotRos/interbotix_ws/install/launch_param_builder:${AMENT_PREFIX_PATH} CMAKE_PREFIX_PATH=/home/locobot/LoCoBotRos/interbotix_ws/install/moveit_ros_planning_interface:/home/locobot/LoCoBotRos/interbotix_ws/install/moveit_ros_move_group:/home/locobot/LoCoBotRos/interbotix_ws/install/moveit_ros_warehouse:/home/locobot/LoCoBotRos/interbotix_ws/install/moveit_planners_ompl:/home/locobot/LoCoBotRos/interbotix_ws/install/moveit_kinematics:/home/locobot/LoCoBotRos/interbotix_ws/install/moveit_ros_planning:/home/locobot/LoCoBotRos/interbotix_ws/install/moveit_simple_controller_manager:/home/locobot/LoCoBotRos/interbotix_ws/install/moveit_ros_occupancy_map_monitor:/home/locobot/LoCoBotRos/interbotix_ws/install/moveit_core:/home/locobot/LoCoBotRos/interbotix_ws/install/moveit_resources_panda_moveit_config:/home/locobot/LoCoBotRos/interbotix_ws/install/moveit_resources_fanuc_moveit_config:/home/locobot/LoCoBotRos/interbotix_ws/install/srdfdom:/home/locobot/LoCoBotRos/interbotix_ws/install/moveit_resources_pr2_description:/home/locobot/LoCoBotRos/interbotix_ws/install/moveit_resources_panda_description:/home/locobot/LoCoBotRos/interbotix_ws/install/moveit_resources_fanuc_description:/home/locobot/LoCoBotRos/interbotix_ws/install/moveit_common:/home/locobot/apriltag_ws/install/apriltag_ros:/opt/ros/humble LD_LIBRARY_PATH=/home/locobot/LoCoBotRos/interbotix_ws/install/moveit_ros_planning_interface/lib:/home/locobot/LoCoBotRos/interbotix_ws/install/moveit_ros_move_group/lib:/home/locobot/LoCoBotRos/interbotix_ws/install/moveit_ros_warehouse/lib:/home/locobot/LoCoBotRos/interbotix_ws/install/moveit_planners_ompl/lib:/home/locobot/LoCoBotRos/interbotix_ws/install/moveit_kinematics/lib:/home/locobot/LoCoBotRos/interbotix_ws/install/moveit_ros_planning/lib:/home/locobot/LoCoBotRos/interbotix_ws/install/moveit_simple_controller_manager/lib:/home/locobot/LoCoBotRos/interbotix_ws/install/moveit_ros_occupancy_map_monitor/lib:/home/locobot/LoCoBotRos/interbotix_ws/install/moveit_core/lib:/home/locobot/LoCoBotRos/interbotix_ws/install/srdfdom/lib:${LD_LIBRARY_PATH} PATH=/home/locobot/LoCoBotRos/interbotix_ws/install/moveit_core/bin:${PATH} PYTHONPATH=/home/locobot/LoCoBotRos/interbotix_ws/install/moveit_configs_utils/lib/python3.10/site-packages:/home/locobot/LoCoBotRos/interbotix_ws/install/srdfdom/local/lib/python3.10/dist-packages:/home/locobot/LoCoBotRos/interbotix_ws/install/launch_param_builder/lib/python3.10/site-packages:${PYTHONPATH} /usr/bin/cmake --install /home/locobot/LoCoBotRos/interbotix_ws/build/moveit_servo
[94.973s] -- Install configuration: "Release"
[94.973s] -- Installing: /home/locobot/LoCoBotRos/interbotix_ws/install/moveit_servo/lib/libmoveit_servo_lib.so.2.5.9
[94.975s] -- Set runtime path of "/home/locobot/LoCoBotRos/interbotix_ws/install/moveit_servo/lib/libmoveit_servo_lib.so.2.5.9" to ""
[94.975s] -- Installing: /home/locobot/LoCoBotRos/interbotix_ws/install/moveit_servo/lib/libmoveit_servo_lib.so
[94.975s] -- Installing: /home/locobot/LoCoBotRos/interbotix_ws/install/moveit_servo/lib/libmoveit_servo_lib_parameters.so.2.5.9
[94.975s] -- Set runtime path of "/home/locobot/LoCoBotRos/interbotix_ws/install/moveit_servo/lib/libmoveit_servo_lib_parameters.so.2.5.9" to ""
[94.975s] -- Installing: /home/locobot/LoCoBotRos/interbotix_ws/install/moveit_servo/lib/libmoveit_servo_lib_parameters.so
[94.976s] -- Installing: /home/locobot/LoCoBotRos/interbotix_ws/install/moveit_servo/lib/libpose_tracking.so
[94.976s] -- Set runtime path of "/home/locobot/LoCoBotRos/interbotix_ws/install/moveit_servo/lib/libpose_tracking.so" to ""
[94.977s] -- Installing: /home/locobot/LoCoBotRos/interbotix_ws/install/moveit_servo/lib/libservo_node.so
[94.977s] -- Set runtime path of "/home/locobot/LoCoBotRos/interbotix_ws/install/moveit_servo/lib/libservo_node.so" to ""
[94.977s] -- Installing: /home/locobot/LoCoBotRos/interbotix_ws/install/moveit_servo/lib/libservo_controller_input.so
[94.978s] -- Set runtime path of "/home/locobot/LoCoBotRos/interbotix_ws/install/moveit_servo/lib/libservo_controller_input.so" to ""
[94.978s] -- Installing: /home/locobot/LoCoBotRos/interbotix_ws/install/moveit_servo/lib/moveit_servo/servo_node_main
[94.978s] -- Set runtime path of "/home/locobot/LoCoBotRos/interbotix_ws/install/moveit_servo/lib/moveit_servo/servo_node_main" to ""
[94.978s] -- Installing: /home/locobot/LoCoBotRos/interbotix_ws/install/moveit_servo/lib/moveit_servo/servo_pose_tracking_demo
[94.979s] -- Set runtime path of "/home/locobot/LoCoBotRos/interbotix_ws/install/moveit_servo/lib/moveit_servo/servo_pose_tracking_demo" to ""
[94.979s] -- Installing: /home/locobot/LoCoBotRos/interbotix_ws/install/moveit_servo/lib/moveit_servo/fake_command_publisher
[94.979s] -- Set runtime path of "/home/locobot/LoCoBotRos/interbotix_ws/install/moveit_servo/lib/moveit_servo/fake_command_publisher" to ""
[94.979s] -- Installing: /home/locobot/LoCoBotRos/interbotix_ws/install/moveit_servo/include
[94.979s] -- Installing: /home/locobot/LoCoBotRos/interbotix_ws/install/moveit_servo/include/moveit_servo
[94.980s] -- Installing: /home/locobot/LoCoBotRos/interbotix_ws/install/moveit_servo/include/moveit_servo/parameter_descriptor_builder.hpp
[94.980s] -- Installing: /home/locobot/LoCoBotRos/interbotix_ws/install/moveit_servo/include/moveit_servo/status_codes.h
[94.980s] -- Installing: /home/locobot/LoCoBotRos/interbotix_ws/install/moveit_servo/include/moveit_servo/servo.h
[94.980s] -- Installing: /home/locobot/LoCoBotRos/interbotix_ws/install/moveit_servo/include/moveit_servo/utilities.h
[94.980s] -- Installing: /home/locobot/LoCoBotRos/interbotix_ws/install/moveit_servo/include/moveit_servo/pose_tracking.h
[94.980s] -- Installing: /home/locobot/LoCoBotRos/interbotix_ws/install/moveit_servo/include/moveit_servo/enforce_limits.hpp
[94.980s] -- Installing: /home/locobot/LoCoBotRos/interbotix_ws/install/moveit_servo/include/moveit_servo/servo_server.h
[94.980s] -- Installing: /home/locobot/LoCoBotRos/interbotix_ws/install/moveit_servo/include/moveit_servo/make_shared_from_pool.h
[94.980s] -- Installing: /home/locobot/LoCoBotRos/interbotix_ws/install/moveit_servo/include/moveit_servo/collision_check.h
[94.980s] -- Installing: /home/locobot/LoCoBotRos/interbotix_ws/install/moveit_servo/include/moveit_servo/servo_calcs.h
[94.981s] -- Installing: /home/locobot/LoCoBotRos/interbotix_ws/install/moveit_servo/include/moveit_servo/servo_node.h
[94.981s] -- Installing: /home/locobot/LoCoBotRos/interbotix_ws/install/moveit_servo/include/moveit_servo/servo_parameters.h
[94.981s] -- Installing: /home/locobot/LoCoBotRos/interbotix_ws/install/moveit_servo/share/moveit_servo/launch
[94.981s] -- Installing: /home/locobot/LoCoBotRos/interbotix_ws/install/moveit_servo/share/moveit_servo/launch/pose_tracking_example.launch.py
[94.981s] -- Installing: /home/locobot/LoCoBotRos/interbotix_ws/install/moveit_servo/share/moveit_servo/launch/servo_example.launch.py
[94.981s] -- Installing: /home/locobot/LoCoBotRos/interbotix_ws/install/moveit_servo/share/moveit_servo/config
[94.981s] -- Installing: /home/locobot/LoCoBotRos/interbotix_ws/install/moveit_servo/share/moveit_servo/config/pose_tracking_settings.yaml
[94.982s] -- Installing: /home/locobot/LoCoBotRos/interbotix_ws/install/moveit_servo/share/moveit_servo/config/demo_rviz_pose_tracking.rviz
[94.982s] -- Installing: /home/locobot/LoCoBotRos/interbotix_ws/install/moveit_servo/share/moveit_servo/config/demo_rviz_config.rviz
[94.982s] -- Installing: /home/locobot/LoCoBotRos/interbotix_ws/install/moveit_servo/share/moveit_servo/config/panda_simulated_config.yaml
[94.982s] -- Installing: /home/locobot/LoCoBotRos/interbotix_ws/install/moveit_servo/share/moveit_servo/config/panda_simulated_config_pose_tracking.yaml
[94.982s] -- Installing: /home/locobot/LoCoBotRos/interbotix_ws/install/moveit_servo/share/moveit_servo/environment/library_path.sh
[94.983s] -- Installing: /home/locobot/LoCoBotRos/interbotix_ws/install/moveit_servo/share/moveit_servo/environment/library_path.dsv
[94.983s] -- Installing: /home/locobot/LoCoBotRos/interbotix_ws/install/moveit_servo/share/ament_index/resource_index/package_run_dependencies/moveit_servo
[94.983s] -- Installing: /home/locobot/LoCoBotRos/interbotix_ws/install/moveit_servo/share/ament_index/resource_index/parent_prefix_path/moveit_servo
[94.983s] -- Installing: /home/locobot/LoCoBotRos/interbotix_ws/install/moveit_servo/share/moveit_servo/environment/ament_prefix_path.sh
[94.983s] -- Installing: /home/locobot/LoCoBotRos/interbotix_ws/install/moveit_servo/share/moveit_servo/environment/ament_prefix_path.dsv
[94.983s] -- Installing: /home/locobot/LoCoBotRos/interbotix_ws/install/moveit_servo/share/moveit_servo/environment/path.sh
[94.983s] -- Installing: /home/locobot/LoCoBotRos/interbotix_ws/install/moveit_servo/share/moveit_servo/environment/path.dsv
[94.984s] -- Installing: /home/locobot/LoCoBotRos/interbotix_ws/install/moveit_servo/share/moveit_servo/local_setup.bash
[94.984s] -- Installing: /home/locobot/LoCoBotRos/interbotix_ws/install/moveit_servo/share/moveit_servo/local_setup.sh
[94.984s] -- Installing: /home/locobot/LoCoBotRos/interbotix_ws/install/moveit_servo/share/moveit_servo/local_setup.zsh
[94.984s] -- Installing: /home/locobot/LoCoBotRos/interbotix_ws/install/moveit_servo/share/moveit_servo/local_setup.dsv
[94.984s] -- Installing: /home/locobot/LoCoBotRos/interbotix_ws/install/moveit_servo/share/moveit_servo/package.dsv
[94.984s] -- Installing: /home/locobot/LoCoBotRos/interbotix_ws/install/moveit_servo/share/ament_index/resource_index/packages/moveit_servo
[94.984s] -- Installing: /home/locobot/LoCoBotRos/interbotix_ws/install/moveit_servo/share/ament_index/resource_index/rclcpp_components/moveit_servo
[94.984s] -- Installing: /home/locobot/LoCoBotRos/interbotix_ws/install/moveit_servo/share/moveit_servo/cmake/export_moveit_servoExport.cmake
[94.984s] -- Installing: /home/locobot/LoCoBotRos/interbotix_ws/install/moveit_servo/share/moveit_servo/cmake/export_moveit_servoExport-release.cmake
[94.984s] -- Installing: /home/locobot/LoCoBotRos/interbotix_ws/install/moveit_servo/share/moveit_servo/cmake/ament_cmake_export_targets-extras.cmake
[94.985s] -- Installing: /home/locobot/LoCoBotRos/interbotix_ws/install/moveit_servo/share/moveit_servo/cmake/ament_cmake_export_dependencies-extras.cmake
[94.985s] -- Installing: /home/locobot/LoCoBotRos/interbotix_ws/install/moveit_servo/share/moveit_servo/cmake/moveit_servoConfig.cmake
[94.985s] -- Installing: /home/locobot/LoCoBotRos/interbotix_ws/install/moveit_servo/share/moveit_servo/cmake/moveit_servoConfig-version.cmake
[94.985s] -- Installing: /home/locobot/LoCoBotRos/interbotix_ws/install/moveit_servo/share/moveit_servo/package.xml
[94.987s] Invoked command in '/home/locobot/LoCoBotRos/interbotix_ws/build/moveit_servo' returned '0': AMENT_PREFIX_PATH=/home/locobot/LoCoBotRos/interbotix_ws/install/moveit_ros_planning_interface:/home/locobot/LoCoBotRos/interbotix_ws/install/moveit_ros_move_group:/home/locobot/LoCoBotRos/interbotix_ws/install/moveit_ros_warehouse:/home/locobot/LoCoBotRos/interbotix_ws/install/moveit_planners_ompl:/home/locobot/LoCoBotRos/interbotix_ws/install/moveit_kinematics:/home/locobot/LoCoBotRos/interbotix_ws/install/moveit_ros_planning:/home/locobot/LoCoBotRos/interbotix_ws/install/moveit_simple_controller_manager:/home/locobot/LoCoBotRos/interbotix_ws/install/moveit_ros_occupancy_map_monitor:/home/locobot/LoCoBotRos/interbotix_ws/install/moveit_core:/home/locobot/LoCoBotRos/interbotix_ws/install/moveit_resources_panda_moveit_config:/home/locobot/LoCoBotRos/interbotix_ws/install/moveit_resources_fanuc_moveit_config:/home/locobot/LoCoBotRos/interbotix_ws/install/moveit_configs_utils:/home/locobot/LoCoBotRos/interbotix_ws/install/srdfdom:/home/locobot/LoCoBotRos/interbotix_ws/install/moveit_resources_pr2_description:/home/locobot/LoCoBotRos/interbotix_ws/install/moveit_resources_panda_description:/home/locobot/LoCoBotRos/interbotix_ws/install/moveit_resources_fanuc_description:/home/locobot/LoCoBotRos/interbotix_ws/install/moveit_common:/home/locobot/LoCoBotRos/interbotix_ws/install/launch_param_builder:${AMENT_PREFIX_PATH} CMAKE_PREFIX_PATH=/home/locobot/LoCoBotRos/interbotix_ws/install/moveit_ros_planning_interface:/home/locobot/LoCoBotRos/interbotix_ws/install/moveit_ros_move_group:/home/locobot/LoCoBotRos/interbotix_ws/install/moveit_ros_warehouse:/home/locobot/LoCoBotRos/interbotix_ws/install/moveit_planners_ompl:/home/locobot/LoCoBotRos/interbotix_ws/install/moveit_kinematics:/home/locobot/LoCoBotRos/interbotix_ws/install/moveit_ros_planning:/home/locobot/LoCoBotRos/interbotix_ws/install/moveit_simple_controller_manager:/home/locobot/LoCoBotRos/interbotix_ws/install/moveit_ros_occupancy_map_monitor:/home/locobot/LoCoBotRos/interbotix_ws/install/moveit_core:/home/locobot/LoCoBotRos/interbotix_ws/install/moveit_resources_panda_moveit_config:/home/locobot/LoCoBotRos/interbotix_ws/install/moveit_resources_fanuc_moveit_config:/home/locobot/LoCoBotRos/interbotix_ws/install/srdfdom:/home/locobot/LoCoBotRos/interbotix_ws/install/moveit_resources_pr2_description:/home/locobot/LoCoBotRos/interbotix_ws/install/moveit_resources_panda_description:/home/locobot/LoCoBotRos/interbotix_ws/install/moveit_resources_fanuc_description:/home/locobot/LoCoBotRos/interbotix_ws/install/moveit_common:/home/locobot/apriltag_ws/install/apriltag_ros:/opt/ros/humble LD_LIBRARY_PATH=/home/locobot/LoCoBotRos/interbotix_ws/install/moveit_ros_planning_interface/lib:/home/locobot/LoCoBotRos/interbotix_ws/install/moveit_ros_move_group/lib:/home/locobot/LoCoBotRos/interbotix_ws/install/moveit_ros_warehouse/lib:/home/locobot/LoCoBotRos/interbotix_ws/install/moveit_planners_ompl/lib:/home/locobot/LoCoBotRos/interbotix_ws/install/moveit_kinematics/lib:/home/locobot/LoCoBotRos/interbotix_ws/install/moveit_ros_planning/lib:/home/locobot/LoCoBotRos/interbotix_ws/install/moveit_simple_controller_manager/lib:/home/locobot/LoCoBotRos/interbotix_ws/install/moveit_ros_occupancy_map_monitor/lib:/home/locobot/LoCoBotRos/interbotix_ws/install/moveit_core/lib:/home/locobot/LoCoBotRos/interbotix_ws/install/srdfdom/lib:${LD_LIBRARY_PATH} PATH=/home/locobot/LoCoBotRos/interbotix_ws/install/moveit_core/bin:${PATH} PYTHONPATH=/home/locobot/LoCoBotRos/interbotix_ws/install/moveit_configs_utils/lib/python3.10/site-packages:/home/locobot/LoCoBotRos/interbotix_ws/install/srdfdom/local/lib/python3.10/dist-packages:/home/locobot/LoCoBotRos/interbotix_ws/install/launch_param_builder/lib/python3.10/site-packages:${PYTHONPATH} /usr/bin/cmake --install /home/locobot/LoCoBotRos/interbotix_ws/build/moveit_servo
