[0.019s] Invoking command in '/home/locobot/LoCoBotRos/interbotix_ws/build/ecl_linear_algebra': AMENT_PREFIX_PATH=/home/locobot/LoCoBotRos/interbotix_ws/install/ecl_formatters:/home/locobot/LoCoBotRos/interbotix_ws/install/ecl_converters:/home/locobot/LoCoBotRos/interbotix_ws/install/ecl_math:/home/locobot/LoCoBotRos/interbotix_ws/install/ecl_exceptions:/home/locobot/LoCoBotRos/interbotix_ws/install/ecl_concepts:/home/locobot/LoCoBotRos/interbotix_ws/install/ecl_type_traits:/home/locobot/LoCoBotRos/interbotix_ws/install/ecl_errors:/home/locobot/LoCoBotRos/interbotix_ws/install/ecl_mpl:/home/locobot/LoCoBotRos/interbotix_ws/install/ecl_eigen:/home/locobot/LoCoBotRos/interbotix_ws/install/ecl_config:${AMENT_PREFIX_PATH} CMAKE_PREFIX_PATH=/home/locobot/LoCoBotRos/interbotix_ws/install/ecl_formatters:/home/locobot/LoCoBotRos/interbotix_ws/install/ecl_converters:/home/locobot/LoCoBotRos/interbotix_ws/install/ecl_math:/home/locobot/LoCoBotRos/interbotix_ws/install/ecl_exceptions:/home/locobot/LoCoBotRos/interbotix_ws/install/ecl_concepts:/home/locobot/LoCoBotRos/interbotix_ws/install/ecl_type_traits:/home/locobot/LoCoBotRos/interbotix_ws/install/ecl_errors:/home/locobot/LoCoBotRos/interbotix_ws/install/sophus:/home/locobot/LoCoBotRos/interbotix_ws/install/ecl_mpl:/home/locobot/LoCoBotRos/interbotix_ws/install/ecl_eigen:/home/locobot/LoCoBotRos/interbotix_ws/install/ecl_config:/home/locobot/apriltag_ws/install/apriltag_ros:/opt/ros/humble LD_LIBRARY_PATH=/home/locobot/LoCoBotRos/interbotix_ws/install/ecl_formatters/lib:/home/locobot/LoCoBotRos/interbotix_ws/install/ecl_exceptions/lib:/home/locobot/LoCoBotRos/interbotix_ws/install/ecl_type_traits/lib:/home/locobot/LoCoBotRos/interbotix_ws/install/ecl_errors/lib:${LD_LIBRARY_PATH} PATH=/home/locobot/LoCoBotRos/interbotix_ws/install/ecl_type_traits/bin:/home/locobot/LoCoBotRos/interbotix_ws/install/ecl_config/bin:${PATH} PKG_CONFIG_PATH=/home/locobot/LoCoBotRos/interbotix_ws/install/sophus/lib/x86_64-linux-gnu/pkgconfig:/home/locobot/LoCoBotRos/interbotix_ws/install/sophus/lib/pkgconfig /usr/bin/cmake /home/locobot/LoCoBotRos/interbotix_ws/src/ecl_core/ecl_linear_algebra -DCMAKE_BUILD_TYPE=Release -DCMAKE_INSTALL_PREFIX=/home/locobot/LoCoBotRos/interbotix_ws/install/ecl_linear_algebra
[0.029s] -- Found ament_cmake_ros: 0.10.0 (/opt/ros/humble/share/ament_cmake_ros/cmake)
[0.122s] -- Found ecl_build: 1.0.3 (/opt/ros/humble/share/ecl_build/cmake)
[0.126s] -- Found ecl_eigen: 1.2.1 (/home/locobot/LoCoBotRos/interbotix_ws/install/ecl_eigen/share/ecl_eigen/cmake)
[0.129s] -- Found ecl_exceptions: 1.2.1 (/home/locobot/LoCoBotRos/interbotix_ws/install/ecl_exceptions/share/ecl_exceptions/cmake)
[0.134s] -- Found ecl_formatters: 1.2.1 (/home/locobot/LoCoBotRos/interbotix_ws/install/ecl_formatters/share/ecl_formatters/cmake)
[0.142s] -- Found ecl_math: 1.2.1 (/home/locobot/LoCoBotRos/interbotix_ws/install/ecl_math/share/ecl_math/cmake)
[0.196s] -- Found ament_lint_auto: 0.12.12 (/opt/ros/humble/share/ament_lint_auto/cmake)
[0.200s] -- Found gtest sources under '/opt/ros/humble/src/gtest_vendor': C++ tests using 'Google Test' will be built
[0.213s] -- Configuring done
[0.234s] -- Generating done
[0.240s] -- Build files have been written to: /home/locobot/LoCoBotRos/interbotix_ws/build/ecl_linear_algebra
[0.243s] Invoked command in '/home/locobot/LoCoBotRos/interbotix_ws/build/ecl_linear_algebra' returned '0': AMENT_PREFIX_PATH=/home/locobot/LoCoBotRos/interbotix_ws/install/ecl_formatters:/home/locobot/LoCoBotRos/interbotix_ws/install/ecl_converters:/home/locobot/LoCoBotRos/interbotix_ws/install/ecl_math:/home/locobot/LoCoBotRos/interbotix_ws/install/ecl_exceptions:/home/locobot/LoCoBotRos/interbotix_ws/install/ecl_concepts:/home/locobot/LoCoBotRos/interbotix_ws/install/ecl_type_traits:/home/locobot/LoCoBotRos/interbotix_ws/install/ecl_errors:/home/locobot/LoCoBotRos/interbotix_ws/install/ecl_mpl:/home/locobot/LoCoBotRos/interbotix_ws/install/ecl_eigen:/home/locobot/LoCoBotRos/interbotix_ws/install/ecl_config:${AMENT_PREFIX_PATH} CMAKE_PREFIX_PATH=/home/locobot/LoCoBotRos/interbotix_ws/install/ecl_formatters:/home/locobot/LoCoBotRos/interbotix_ws/install/ecl_converters:/home/locobot/LoCoBotRos/interbotix_ws/install/ecl_math:/home/locobot/LoCoBotRos/interbotix_ws/install/ecl_exceptions:/home/locobot/LoCoBotRos/interbotix_ws/install/ecl_concepts:/home/locobot/LoCoBotRos/interbotix_ws/install/ecl_type_traits:/home/locobot/LoCoBotRos/interbotix_ws/install/ecl_errors:/home/locobot/LoCoBotRos/interbotix_ws/install/sophus:/home/locobot/LoCoBotRos/interbotix_ws/install/ecl_mpl:/home/locobot/LoCoBotRos/interbotix_ws/install/ecl_eigen:/home/locobot/LoCoBotRos/interbotix_ws/install/ecl_config:/home/locobot/apriltag_ws/install/apriltag_ros:/opt/ros/humble LD_LIBRARY_PATH=/home/locobot/LoCoBotRos/interbotix_ws/install/ecl_formatters/lib:/home/locobot/LoCoBotRos/interbotix_ws/install/ecl_exceptions/lib:/home/locobot/LoCoBotRos/interbotix_ws/install/ecl_type_traits/lib:/home/locobot/LoCoBotRos/interbotix_ws/install/ecl_errors/lib:${LD_LIBRARY_PATH} PATH=/home/locobot/LoCoBotRos/interbotix_ws/install/ecl_type_traits/bin:/home/locobot/LoCoBotRos/interbotix_ws/install/ecl_config/bin:${PATH} PKG_CONFIG_PATH=/home/locobot/LoCoBotRos/interbotix_ws/install/sophus/lib/x86_64-linux-gnu/pkgconfig:/home/locobot/LoCoBotRos/interbotix_ws/install/sophus/lib/pkgconfig /usr/bin/cmake /home/locobot/LoCoBotRos/interbotix_ws/src/ecl_core/ecl_linear_algebra -DCMAKE_BUILD_TYPE=Release -DCMAKE_INSTALL_PREFIX=/home/locobot/LoCoBotRos/interbotix_ws/install/ecl_linear_algebra
[0.244s] Invoking command in '/home/locobot/LoCoBotRos/interbotix_ws/build/ecl_linear_algebra': AMENT_PREFIX_PATH=/home/locobot/LoCoBotRos/interbotix_ws/install/ecl_formatters:/home/locobot/LoCoBotRos/interbotix_ws/install/ecl_converters:/home/locobot/LoCoBotRos/interbotix_ws/install/ecl_math:/home/locobot/LoCoBotRos/interbotix_ws/install/ecl_exceptions:/home/locobot/LoCoBotRos/interbotix_ws/install/ecl_concepts:/home/locobot/LoCoBotRos/interbotix_ws/install/ecl_type_traits:/home/locobot/LoCoBotRos/interbotix_ws/install/ecl_errors:/home/locobot/LoCoBotRos/interbotix_ws/install/ecl_mpl:/home/locobot/LoCoBotRos/interbotix_ws/install/ecl_eigen:/home/locobot/LoCoBotRos/interbotix_ws/install/ecl_config:${AMENT_PREFIX_PATH} CMAKE_PREFIX_PATH=/home/locobot/LoCoBotRos/interbotix_ws/install/ecl_formatters:/home/locobot/LoCoBotRos/interbotix_ws/install/ecl_converters:/home/locobot/LoCoBotRos/interbotix_ws/install/ecl_math:/home/locobot/LoCoBotRos/interbotix_ws/install/ecl_exceptions:/home/locobot/LoCoBotRos/interbotix_ws/install/ecl_concepts:/home/locobot/LoCoBotRos/interbotix_ws/install/ecl_type_traits:/home/locobot/LoCoBotRos/interbotix_ws/install/ecl_errors:/home/locobot/LoCoBotRos/interbotix_ws/install/sophus:/home/locobot/LoCoBotRos/interbotix_ws/install/ecl_mpl:/home/locobot/LoCoBotRos/interbotix_ws/install/ecl_eigen:/home/locobot/LoCoBotRos/interbotix_ws/install/ecl_config:/home/locobot/apriltag_ws/install/apriltag_ros:/opt/ros/humble LD_LIBRARY_PATH=/home/locobot/LoCoBotRos/interbotix_ws/install/ecl_formatters/lib:/home/locobot/LoCoBotRos/interbotix_ws/install/ecl_exceptions/lib:/home/locobot/LoCoBotRos/interbotix_ws/install/ecl_type_traits/lib:/home/locobot/LoCoBotRos/interbotix_ws/install/ecl_errors/lib:${LD_LIBRARY_PATH} PATH=/home/locobot/LoCoBotRos/interbotix_ws/install/ecl_type_traits/bin:/home/locobot/LoCoBotRos/interbotix_ws/install/ecl_config/bin:${PATH} PKG_CONFIG_PATH=/home/locobot/LoCoBotRos/interbotix_ws/install/sophus/lib/x86_64-linux-gnu/pkgconfig:/home/locobot/LoCoBotRos/interbotix_ws/install/sophus/lib/pkgconfig /usr/bin/cmake --build /home/locobot/LoCoBotRos/interbotix_ws/build/ecl_linear_algebra -- -j16 -l16
[0.273s] [35m[1mConsolidate compiler generated dependencies of target gtest_main[0m
[0.274s] [35m[1mConsolidate compiler generated dependencies of target gtest[0m
[0.274s] [35m[1mConsolidate compiler generated dependencies of target ecl_linear_algebra[0m
[0.283s] [ 15%] [32mBuilding CXX object gtest/CMakeFiles/gtest_main.dir/src/gtest_main.cc.o[0m
[0.283s] [ 15%] [32mBuilding CXX object gtest/CMakeFiles/gtest.dir/src/gtest-all.cc.o[0m
[0.285s] [ 23%] [32mBuilding CXX object src/lib/CMakeFiles/ecl_linear_algebra.dir/sophus_helpers.cpp.o[0m
[0.285s] [ 30%] [32mBuilding CXX object src/lib/CMakeFiles/ecl_linear_algebra.dir/sophus_interpolators.cpp.o[0m
[0.781s] [ 38%] [32m[1mLinking CXX static library libgtest_main.a[0m
[0.814s] [ 38%] Built target gtest_main
[3.276s] [ 46%] [32m[1mLinking CXX shared library libecl_linear_algebra.so[0m
[3.354s] [ 46%] Built target ecl_linear_algebra
[5.693s] [ 53%] [32m[1mLinking CXX static library libgtest.a[0m
[5.721s] [ 53%] Built target gtest
[5.730s] [35m[1mConsolidate compiler generated dependencies of target ecl_test_linear_algebra_formatters[0m
[5.731s] [35m[1mConsolidate compiler generated dependencies of target ecl_test_linear_algebra_interpolators[0m
[5.732s] [35m[1mConsolidate compiler generated dependencies of target ecl_test_linear_algebra_plugin[0m
[5.743s] [ 61%] [32mBuilding CXX object src/test/CMakeFiles/ecl_test_linear_algebra_interpolators.dir/interpolators.cpp.o[0m
[5.744s] [ 76%] [32mBuilding CXX object src/test/CMakeFiles/ecl_test_linear_algebra_plugin.dir/plugin.cpp.o[0m
[5.744s] [ 76%] [32mBuilding CXX object src/test/CMakeFiles/ecl_test_linear_algebra_formatters.dir/formatters.cpp.o[0m
[7.355s] [ 84%] [32m[1mLinking CXX executable ecl_test_linear_algebra_formatters[0m
[7.405s] [ 92%] [32m[1mLinking CXX executable ecl_test_linear_algebra_plugin[0m
[7.423s] [ 92%] Built target ecl_test_linear_algebra_formatters
[7.472s] [ 92%] Built target ecl_test_linear_algebra_plugin
[8.036s] [100%] [32m[1mLinking CXX executable ecl_test_linear_algebra_interpolators[0m
[8.102s] [100%] Built target ecl_test_linear_algebra_interpolators
[8.110s] Invoked command in '/home/locobot/LoCoBotRos/interbotix_ws/build/ecl_linear_algebra' returned '0': AMENT_PREFIX_PATH=/home/locobot/LoCoBotRos/interbotix_ws/install/ecl_formatters:/home/locobot/LoCoBotRos/interbotix_ws/install/ecl_converters:/home/locobot/LoCoBotRos/interbotix_ws/install/ecl_math:/home/locobot/LoCoBotRos/interbotix_ws/install/ecl_exceptions:/home/locobot/LoCoBotRos/interbotix_ws/install/ecl_concepts:/home/locobot/LoCoBotRos/interbotix_ws/install/ecl_type_traits:/home/locobot/LoCoBotRos/interbotix_ws/install/ecl_errors:/home/locobot/LoCoBotRos/interbotix_ws/install/ecl_mpl:/home/locobot/LoCoBotRos/interbotix_ws/install/ecl_eigen:/home/locobot/LoCoBotRos/interbotix_ws/install/ecl_config:${AMENT_PREFIX_PATH} CMAKE_PREFIX_PATH=/home/locobot/LoCoBotRos/interbotix_ws/install/ecl_formatters:/home/locobot/LoCoBotRos/interbotix_ws/install/ecl_converters:/home/locobot/LoCoBotRos/interbotix_ws/install/ecl_math:/home/locobot/LoCoBotRos/interbotix_ws/install/ecl_exceptions:/home/locobot/LoCoBotRos/interbotix_ws/install/ecl_concepts:/home/locobot/LoCoBotRos/interbotix_ws/install/ecl_type_traits:/home/locobot/LoCoBotRos/interbotix_ws/install/ecl_errors:/home/locobot/LoCoBotRos/interbotix_ws/install/sophus:/home/locobot/LoCoBotRos/interbotix_ws/install/ecl_mpl:/home/locobot/LoCoBotRos/interbotix_ws/install/ecl_eigen:/home/locobot/LoCoBotRos/interbotix_ws/install/ecl_config:/home/locobot/apriltag_ws/install/apriltag_ros:/opt/ros/humble LD_LIBRARY_PATH=/home/locobot/LoCoBotRos/interbotix_ws/install/ecl_formatters/lib:/home/locobot/LoCoBotRos/interbotix_ws/install/ecl_exceptions/lib:/home/locobot/LoCoBotRos/interbotix_ws/install/ecl_type_traits/lib:/home/locobot/LoCoBotRos/interbotix_ws/install/ecl_errors/lib:${LD_LIBRARY_PATH} PATH=/home/locobot/LoCoBotRos/interbotix_ws/install/ecl_type_traits/bin:/home/locobot/LoCoBotRos/interbotix_ws/install/ecl_config/bin:${PATH} PKG_CONFIG_PATH=/home/locobot/LoCoBotRos/interbotix_ws/install/sophus/lib/x86_64-linux-gnu/pkgconfig:/home/locobot/LoCoBotRos/interbotix_ws/install/sophus/lib/pkgconfig /usr/bin/cmake --build /home/locobot/LoCoBotRos/interbotix_ws/build/ecl_linear_algebra -- -j16 -l16
[8.112s] Invoking command in '/home/locobot/LoCoBotRos/interbotix_ws/build/ecl_linear_algebra': AMENT_PREFIX_PATH=/home/locobot/LoCoBotRos/interbotix_ws/install/ecl_formatters:/home/locobot/LoCoBotRos/interbotix_ws/install/ecl_converters:/home/locobot/LoCoBotRos/interbotix_ws/install/ecl_math:/home/locobot/LoCoBotRos/interbotix_ws/install/ecl_exceptions:/home/locobot/LoCoBotRos/interbotix_ws/install/ecl_concepts:/home/locobot/LoCoBotRos/interbotix_ws/install/ecl_type_traits:/home/locobot/LoCoBotRos/interbotix_ws/install/ecl_errors:/home/locobot/LoCoBotRos/interbotix_ws/install/ecl_mpl:/home/locobot/LoCoBotRos/interbotix_ws/install/ecl_eigen:/home/locobot/LoCoBotRos/interbotix_ws/install/ecl_config:${AMENT_PREFIX_PATH} CMAKE_PREFIX_PATH=/home/locobot/LoCoBotRos/interbotix_ws/install/ecl_formatters:/home/locobot/LoCoBotRos/interbotix_ws/install/ecl_converters:/home/locobot/LoCoBotRos/interbotix_ws/install/ecl_math:/home/locobot/LoCoBotRos/interbotix_ws/install/ecl_exceptions:/home/locobot/LoCoBotRos/interbotix_ws/install/ecl_concepts:/home/locobot/LoCoBotRos/interbotix_ws/install/ecl_type_traits:/home/locobot/LoCoBotRos/interbotix_ws/install/ecl_errors:/home/locobot/LoCoBotRos/interbotix_ws/install/sophus:/home/locobot/LoCoBotRos/interbotix_ws/install/ecl_mpl:/home/locobot/LoCoBotRos/interbotix_ws/install/ecl_eigen:/home/locobot/LoCoBotRos/interbotix_ws/install/ecl_config:/home/locobot/apriltag_ws/install/apriltag_ros:/opt/ros/humble LD_LIBRARY_PATH=/home/locobot/LoCoBotRos/interbotix_ws/install/ecl_formatters/lib:/home/locobot/LoCoBotRos/interbotix_ws/install/ecl_exceptions/lib:/home/locobot/LoCoBotRos/interbotix_ws/install/ecl_type_traits/lib:/home/locobot/LoCoBotRos/interbotix_ws/install/ecl_errors/lib:${LD_LIBRARY_PATH} PATH=/home/locobot/LoCoBotRos/interbotix_ws/install/ecl_type_traits/bin:/home/locobot/LoCoBotRos/interbotix_ws/install/ecl_config/bin:${PATH} PKG_CONFIG_PATH=/home/locobot/LoCoBotRos/interbotix_ws/install/sophus/lib/x86_64-linux-gnu/pkgconfig:/home/locobot/LoCoBotRos/interbotix_ws/install/sophus/lib/pkgconfig /usr/bin/cmake --install /home/locobot/LoCoBotRos/interbotix_ws/build/ecl_linear_algebra
[8.118s] -- Install configuration: "Release"
[8.120s] -- Up-to-date: /home/locobot/LoCoBotRos/interbotix_ws/install/ecl_linear_algebra/share/ecl_linear_algebra/environment/library_path.sh
[8.120s] -- Installing: /home/locobot/LoCoBotRos/interbotix_ws/install/ecl_linear_algebra/share/ecl_linear_algebra/environment/library_path.dsv
[8.121s] -- Up-to-date: /home/locobot/LoCoBotRos/interbotix_ws/install/ecl_linear_algebra/share/ament_index/resource_index/package_run_dependencies/ecl_linear_algebra
[8.121s] -- Installing: /home/locobot/LoCoBotRos/interbotix_ws/install/ecl_linear_algebra/share/ament_index/resource_index/parent_prefix_path/ecl_linear_algebra
[8.121s] -- Up-to-date: /home/locobot/LoCoBotRos/interbotix_ws/install/ecl_linear_algebra/share/ecl_linear_algebra/environment/ament_prefix_path.sh
[8.121s] -- Installing: /home/locobot/LoCoBotRos/interbotix_ws/install/ecl_linear_algebra/share/ecl_linear_algebra/environment/ament_prefix_path.dsv
[8.121s] -- Up-to-date: /home/locobot/LoCoBotRos/interbotix_ws/install/ecl_linear_algebra/share/ecl_linear_algebra/environment/path.sh
[8.121s] -- Installing: /home/locobot/LoCoBotRos/interbotix_ws/install/ecl_linear_algebra/share/ecl_linear_algebra/environment/path.dsv
[8.121s] -- Up-to-date: /home/locobot/LoCoBotRos/interbotix_ws/install/ecl_linear_algebra/share/ecl_linear_algebra/local_setup.bash
[8.121s] -- Up-to-date: /home/locobot/LoCoBotRos/interbotix_ws/install/ecl_linear_algebra/share/ecl_linear_algebra/local_setup.sh
[8.121s] -- Up-to-date: /home/locobot/LoCoBotRos/interbotix_ws/install/ecl_linear_algebra/share/ecl_linear_algebra/local_setup.zsh
[8.121s] -- Installing: /home/locobot/LoCoBotRos/interbotix_ws/install/ecl_linear_algebra/share/ecl_linear_algebra/local_setup.dsv
[8.121s] -- Installing: /home/locobot/LoCoBotRos/interbotix_ws/install/ecl_linear_algebra/share/ecl_linear_algebra/package.dsv
[8.122s] -- Up-to-date: /home/locobot/LoCoBotRos/interbotix_ws/install/ecl_linear_algebra/share/ament_index/resource_index/packages/ecl_linear_algebra
[8.122s] -- Up-to-date: /home/locobot/LoCoBotRos/interbotix_ws/install/ecl_linear_algebra/share/ecl_linear_algebra/cmake/ecl_linear_algebraExport.cmake
[8.122s] -- Installing: /home/locobot/LoCoBotRos/interbotix_ws/install/ecl_linear_algebra/share/ecl_linear_algebra/cmake/ecl_linear_algebraExport-release.cmake
[8.122s] -- Up-to-date: /home/locobot/LoCoBotRos/interbotix_ws/install/ecl_linear_algebra/share/ecl_linear_algebra/cmake/ament_cmake_export_targets-extras.cmake
[8.122s] -- Up-to-date: /home/locobot/LoCoBotRos/interbotix_ws/install/ecl_linear_algebra/share/ecl_linear_algebra/cmake/ament_cmake_export_include_directories-extras.cmake
[8.122s] -- Up-to-date: /home/locobot/LoCoBotRos/interbotix_ws/install/ecl_linear_algebra/share/ecl_linear_algebra/cmake/ament_cmake_export_libraries-extras.cmake
[8.123s] -- Up-to-date: /home/locobot/LoCoBotRos/interbotix_ws/install/ecl_linear_algebra/share/ecl_linear_algebra/cmake/ament_cmake_export_dependencies-extras.cmake
[8.123s] -- Up-to-date: /home/locobot/LoCoBotRos/interbotix_ws/install/ecl_linear_algebra/share/ecl_linear_algebra/cmake/ecl_linear_algebraConfig.cmake
[8.123s] -- Up-to-date: /home/locobot/LoCoBotRos/interbotix_ws/install/ecl_linear_algebra/share/ecl_linear_algebra/cmake/ecl_linear_algebraConfig-version.cmake
[8.123s] -- Up-to-date: /home/locobot/LoCoBotRos/interbotix_ws/install/ecl_linear_algebra/share/ecl_linear_algebra/package.xml
[8.124s] -- Up-to-date: /home/locobot/LoCoBotRos/interbotix_ws/install/ecl_linear_algebra/include/ecl/linear_algebra.hpp
[8.124s] -- Up-to-date: /home/locobot/LoCoBotRos/interbotix_ws/install/ecl_linear_algebra/include/ecl/linear_algebra/eigen.hpp
[8.124s] -- Up-to-date: /home/locobot/LoCoBotRos/interbotix_ws/install/ecl_linear_algebra/include/ecl/linear_algebra/sophus.hpp
[8.124s] -- Up-to-date: /home/locobot/LoCoBotRos/interbotix_ws/install/ecl_linear_algebra/include/ecl/linear_algebra/eigen/formatters.hpp
[8.124s] -- Up-to-date: /home/locobot/LoCoBotRos/interbotix_ws/install/ecl_linear_algebra/include/ecl/linear_algebra/eigen/plugin.hpp
[8.125s] -- Up-to-date: /home/locobot/LoCoBotRos/interbotix_ws/install/ecl_linear_algebra/include/ecl/linear_algebra/eigen/unsupported/nonlinear_optimization.hpp
[8.125s] -- Up-to-date: /home/locobot/LoCoBotRos/interbotix_ws/install/ecl_linear_algebra/include/ecl/linear_algebra/eigen/unsupported/numerical_diff.hpp
[8.125s] -- Up-to-date: /home/locobot/LoCoBotRos/interbotix_ws/install/ecl_linear_algebra/include/ecl/linear_algebra/sophus/formatters.hpp
[8.125s] -- Up-to-date: /home/locobot/LoCoBotRos/interbotix_ws/install/ecl_linear_algebra/include/ecl/linear_algebra/sophus/helpers.hpp
[8.125s] -- Up-to-date: /home/locobot/LoCoBotRos/interbotix_ws/install/ecl_linear_algebra/include/ecl/linear_algebra/sophus/interpolators.hpp
[8.126s] -- Installing: /home/locobot/LoCoBotRos/interbotix_ws/install/ecl_linear_algebra/lib/libecl_linear_algebra.so.1.2.1
[8.127s] -- Set runtime path of "/home/locobot/LoCoBotRos/interbotix_ws/install/ecl_linear_algebra/lib/libecl_linear_algebra.so.1.2.1" to ""
[8.127s] -- Up-to-date: /home/locobot/LoCoBotRos/interbotix_ws/install/ecl_linear_algebra/lib/libecl_linear_algebra.so
[8.129s] Invoked command in '/home/locobot/LoCoBotRos/interbotix_ws/build/ecl_linear_algebra' returned '0': AMENT_PREFIX_PATH=/home/locobot/LoCoBotRos/interbotix_ws/install/ecl_formatters:/home/locobot/LoCoBotRos/interbotix_ws/install/ecl_converters:/home/locobot/LoCoBotRos/interbotix_ws/install/ecl_math:/home/locobot/LoCoBotRos/interbotix_ws/install/ecl_exceptions:/home/locobot/LoCoBotRos/interbotix_ws/install/ecl_concepts:/home/locobot/LoCoBotRos/interbotix_ws/install/ecl_type_traits:/home/locobot/LoCoBotRos/interbotix_ws/install/ecl_errors:/home/locobot/LoCoBotRos/interbotix_ws/install/ecl_mpl:/home/locobot/LoCoBotRos/interbotix_ws/install/ecl_eigen:/home/locobot/LoCoBotRos/interbotix_ws/install/ecl_config:${AMENT_PREFIX_PATH} CMAKE_PREFIX_PATH=/home/locobot/LoCoBotRos/interbotix_ws/install/ecl_formatters:/home/locobot/LoCoBotRos/interbotix_ws/install/ecl_converters:/home/locobot/LoCoBotRos/interbotix_ws/install/ecl_math:/home/locobot/LoCoBotRos/interbotix_ws/install/ecl_exceptions:/home/locobot/LoCoBotRos/interbotix_ws/install/ecl_concepts:/home/locobot/LoCoBotRos/interbotix_ws/install/ecl_type_traits:/home/locobot/LoCoBotRos/interbotix_ws/install/ecl_errors:/home/locobot/LoCoBotRos/interbotix_ws/install/sophus:/home/locobot/LoCoBotRos/interbotix_ws/install/ecl_mpl:/home/locobot/LoCoBotRos/interbotix_ws/install/ecl_eigen:/home/locobot/LoCoBotRos/interbotix_ws/install/ecl_config:/home/locobot/apriltag_ws/install/apriltag_ros:/opt/ros/humble LD_LIBRARY_PATH=/home/locobot/LoCoBotRos/interbotix_ws/install/ecl_formatters/lib:/home/locobot/LoCoBotRos/interbotix_ws/install/ecl_exceptions/lib:/home/locobot/LoCoBotRos/interbotix_ws/install/ecl_type_traits/lib:/home/locobot/LoCoBotRos/interbotix_ws/install/ecl_errors/lib:${LD_LIBRARY_PATH} PATH=/home/locobot/LoCoBotRos/interbotix_ws/install/ecl_type_traits/bin:/home/locobot/LoCoBotRos/interbotix_ws/install/ecl_config/bin:${PATH} PKG_CONFIG_PATH=/home/locobot/LoCoBotRos/interbotix_ws/install/sophus/lib/x86_64-linux-gnu/pkgconfig:/home/locobot/LoCoBotRos/interbotix_ws/install/sophus/lib/pkgconfig /usr/bin/cmake --install /home/locobot/LoCoBotRos/interbotix_ws/build/ecl_linear_algebra
