-- Found ament_cmake_ros: 0.10.0 (/opt/ros/humble/share/ament_cmake_ros/cmake)
-- Found ecl_build: 1.0.3 (/opt/ros/humble/share/ecl_build/cmake)
-- Found ament_lint_auto: 0.12.12 (/opt/ros/humble/share/ament_lint_auto/cmake)
-- Configuring done
-- Generating done
-- Build files have been written to: /home/locobot/LoCoBotRos/interbotix_ws/build/ecl_command_line
[35m[1mConsolidate compiler generated dependencies of target ecl_demo_command_line[0m
[ 50%] [32mBuilding CXX object src/examples/CMakeFiles/ecl_demo_command_line.dir/command_line.cpp.o[0m
[100%] [32m[1mLinking CXX executable demo_command_line[0m
[100%] Built target ecl_demo_command_line
-- Install configuration: "Debug"
-- Up-to-date: /home/locobot/LoCoBotRos/interbotix_ws/install/ecl_command_line/share/ament_index/resource_index/package_run_dependencies/ecl_command_line
-- Up-to-date: /home/locobot/LoCoBotRos/interbotix_ws/install/ecl_command_line/share/ament_index/resource_index/parent_prefix_path/ecl_command_line
-- Up-to-date: /home/locobot/LoCoBotRos/interbotix_ws/install/ecl_command_line/share/ecl_command_line/environment/ament_prefix_path.sh
-- Installing: /home/locobot/LoCoBotRos/interbotix_ws/install/ecl_command_line/share/ecl_command_line/environment/ament_prefix_path.dsv
-- Up-to-date: /home/locobot/LoCoBotRos/interbotix_ws/install/ecl_command_line/share/ecl_command_line/environment/path.sh
-- Installing: /home/locobot/LoCoBotRos/interbotix_ws/install/ecl_command_line/share/ecl_command_line/environment/path.dsv
-- Up-to-date: /home/locobot/LoCoBotRos/interbotix_ws/install/ecl_command_line/share/ecl_command_line/local_setup.bash
-- Up-to-date: /home/locobot/LoCoBotRos/interbotix_ws/install/ecl_command_line/share/ecl_command_line/local_setup.sh
-- Up-to-date: /home/locobot/LoCoBotRos/interbotix_ws/install/ecl_command_line/share/ecl_command_line/local_setup.zsh
-- Installing: /home/locobot/LoCoBotRos/interbotix_ws/install/ecl_command_line/share/ecl_command_line/local_setup.dsv
-- Installing: /home/locobot/LoCoBotRos/interbotix_ws/install/ecl_command_line/share/ecl_command_line/package.dsv
-- Up-to-date: /home/locobot/LoCoBotRos/interbotix_ws/install/ecl_command_line/share/ament_index/resource_index/packages/ecl_command_line
-- Up-to-date: /home/locobot/LoCoBotRos/interbotix_ws/install/ecl_command_line/share/ecl_command_line/cmake/ecl_command_lineExport.cmake
-- Up-to-date: /home/locobot/LoCoBotRos/interbotix_ws/install/ecl_command_line/share/ecl_command_line/cmake/ament_cmake_export_targets-extras.cmake
-- Up-to-date: /home/locobot/LoCoBotRos/interbotix_ws/install/ecl_command_line/share/ecl_command_line/cmake/ament_cmake_export_include_directories-extras.cmake
-- Up-to-date: /home/locobot/LoCoBotRos/interbotix_ws/install/ecl_command_line/share/ecl_command_line/cmake/ecl_command_lineConfig.cmake
-- Up-to-date: /home/locobot/LoCoBotRos/interbotix_ws/install/ecl_command_line/share/ecl_command_line/cmake/ecl_command_lineConfig-version.cmake
-- Up-to-date: /home/locobot/LoCoBotRos/interbotix_ws/install/ecl_command_line/share/ecl_command_line/package.xml
-- Up-to-date: /home/locobot/LoCoBotRos/interbotix_ws/install/ecl_command_line/include/ecl/command_line.hpp
-- Up-to-date: /home/locobot/LoCoBotRos/interbotix_ws/install/ecl_command_line/include/ecl/command_line/arg.hpp
-- Up-to-date: /home/locobot/LoCoBotRos/interbotix_ws/install/ecl_command_line/include/ecl/command_line/arg_exception.hpp
-- Up-to-date: /home/locobot/LoCoBotRos/interbotix_ws/install/ecl_command_line/include/ecl/command_line/cmd_line.hpp
-- Up-to-date: /home/locobot/LoCoBotRos/interbotix_ws/install/ecl_command_line/include/ecl/command_line/cmd_line_interface.hpp
-- Up-to-date: /home/locobot/LoCoBotRos/interbotix_ws/install/ecl_command_line/include/ecl/command_line/cmd_line_output.hpp
-- Up-to-date: /home/locobot/LoCoBotRos/interbotix_ws/install/ecl_command_line/include/ecl/command_line/constraint.hpp
-- Up-to-date: /home/locobot/LoCoBotRos/interbotix_ws/install/ecl_command_line/include/ecl/command_line/docbook_output.hpp
-- Up-to-date: /home/locobot/LoCoBotRos/interbotix_ws/install/ecl_command_line/include/ecl/command_line/help_visitor.hpp
-- Up-to-date: /home/locobot/LoCoBotRos/interbotix_ws/install/ecl_command_line/include/ecl/command_line/ignore_rest_visitor.hpp
-- Up-to-date: /home/locobot/LoCoBotRos/interbotix_ws/install/ecl_command_line/include/ecl/command_line/multi_arg.hpp
-- Up-to-date: /home/locobot/LoCoBotRos/interbotix_ws/install/ecl_command_line/include/ecl/command_line/multi_switch_arg.hpp
-- Up-to-date: /home/locobot/LoCoBotRos/interbotix_ws/install/ecl_command_line/include/ecl/command_line/optional_unlabeled_tracker.hpp
-- Up-to-date: /home/locobot/LoCoBotRos/interbotix_ws/install/ecl_command_line/include/ecl/command_line/std_output.hpp
-- Up-to-date: /home/locobot/LoCoBotRos/interbotix_ws/install/ecl_command_line/include/ecl/command_line/switch_arg.hpp
-- Up-to-date: /home/locobot/LoCoBotRos/interbotix_ws/install/ecl_command_line/include/ecl/command_line/unlabeled_multi_arg.hpp
-- Up-to-date: /home/locobot/LoCoBotRos/interbotix_ws/install/ecl_command_line/include/ecl/command_line/unlabeled_value_arg.hpp
-- Up-to-date: /home/locobot/LoCoBotRos/interbotix_ws/install/ecl_command_line/include/ecl/command_line/value_arg.hpp
-- Up-to-date: /home/locobot/LoCoBotRos/interbotix_ws/install/ecl_command_line/include/ecl/command_line/values_constraint.hpp
-- Up-to-date: /home/locobot/LoCoBotRos/interbotix_ws/install/ecl_command_line/include/ecl/command_line/version_visitor.hpp
-- Up-to-date: /home/locobot/LoCoBotRos/interbotix_ws/install/ecl_command_line/include/ecl/command_line/visitor.hpp
-- Up-to-date: /home/locobot/LoCoBotRos/interbotix_ws/install/ecl_command_line/include/ecl/command_line/xor_handler.hpp
-- Installing: /home/locobot/LoCoBotRos/interbotix_ws/install/ecl_command_line/lib/ecl_command_line/demo_command_line
