[0.010s] Invoking command in '/home/locobot/LoCoBotRos/interbotix_ws/build/ecl_exceptions': AMENT_PREFIX_PATH=/home/locobot/LoCoBotRos/interbotix_ws/install/ecl_errors:/home/locobot/LoCoBotRos/interbotix_ws/install/ecl_config:${AMENT_PREFIX_PATH} CMAKE_PREFIX_PATH=/home/locobot/LoCoBotRos/interbotix_ws/install/ecl_errors:/home/locobot/LoCoBotRos/interbotix_ws/install/ecl_config:/home/locobot/apriltag_ws/install/apriltag_ros:/opt/ros/humble LD_LIBRARY_PATH=/home/locobot/LoCoBotRos/interbotix_ws/install/ecl_errors/lib:${LD_LIBRARY_PATH} PATH=/home/locobot/LoCoBotRos/interbotix_ws/install/ecl_config/bin:${PATH} /usr/bin/cmake /home/locobot/LoCoBotRos/interbotix_ws/src/ecl_core/ecl_exceptions -DCMAKE_BUILD_TYPE=Debug -DCMAKE_INSTALL_PREFIX=/home/locobot/LoCoBotRos/interbotix_ws/install/ecl_exceptions
[0.019s] -- Found ament_cmake_ros: 0.10.0 (/opt/ros/humble/share/ament_cmake_ros/cmake)
[0.126s] -- Found ecl_build: 1.0.3 (/opt/ros/humble/share/ecl_build/cmake)
[0.129s] -- Found ecl_config: 1.2.0 (/home/locobot/LoCoBotRos/interbotix_ws/install/ecl_config/share/ecl_config/cmake)
[0.131s] -- Found ecl_errors: 1.2.0 (/home/locobot/LoCoBotRos/interbotix_ws/install/ecl_errors/share/ecl_errors/cmake)
[0.189s] -- Configuring done
[0.202s] -- Generating done
[0.205s] -- Build files have been written to: /home/locobot/LoCoBotRos/interbotix_ws/build/ecl_exceptions
[0.208s] Invoked command in '/home/locobot/LoCoBotRos/interbotix_ws/build/ecl_exceptions' returned '0': AMENT_PREFIX_PATH=/home/locobot/LoCoBotRos/interbotix_ws/install/ecl_errors:/home/locobot/LoCoBotRos/interbotix_ws/install/ecl_config:${AMENT_PREFIX_PATH} CMAKE_PREFIX_PATH=/home/locobot/LoCoBotRos/interbotix_ws/install/ecl_errors:/home/locobot/LoCoBotRos/interbotix_ws/install/ecl_config:/home/locobot/apriltag_ws/install/apriltag_ros:/opt/ros/humble LD_LIBRARY_PATH=/home/locobot/LoCoBotRos/interbotix_ws/install/ecl_errors/lib:${LD_LIBRARY_PATH} PATH=/home/locobot/LoCoBotRos/interbotix_ws/install/ecl_config/bin:${PATH} /usr/bin/cmake /home/locobot/LoCoBotRos/interbotix_ws/src/ecl_core/ecl_exceptions -DCMAKE_BUILD_TYPE=Debug -DCMAKE_INSTALL_PREFIX=/home/locobot/LoCoBotRos/interbotix_ws/install/ecl_exceptions
[0.209s] Invoking command in '/home/locobot/LoCoBotRos/interbotix_ws/build/ecl_exceptions': AMENT_PREFIX_PATH=/home/locobot/LoCoBotRos/interbotix_ws/install/ecl_errors:/home/locobot/LoCoBotRos/interbotix_ws/install/ecl_config:${AMENT_PREFIX_PATH} CMAKE_PREFIX_PATH=/home/locobot/LoCoBotRos/interbotix_ws/install/ecl_errors:/home/locobot/LoCoBotRos/interbotix_ws/install/ecl_config:/home/locobot/apriltag_ws/install/apriltag_ros:/opt/ros/humble LD_LIBRARY_PATH=/home/locobot/LoCoBotRos/interbotix_ws/install/ecl_errors/lib:${LD_LIBRARY_PATH} PATH=/home/locobot/LoCoBotRos/interbotix_ws/install/ecl_config/bin:${PATH} /usr/bin/cmake --build /home/locobot/LoCoBotRos/interbotix_ws/build/ecl_exceptions -- -j16 -l16
[0.240s] [35m[1mConsolidate compiler generated dependencies of target ecl_exceptions[0m
[0.248s] [ 33%] Built target ecl_exceptions
[0.256s] [35m[1mConsolidate compiler generated dependencies of target ecl_demo_exception_tracer[0m
[0.258s] [35m[1mConsolidate compiler generated dependencies of target ecl_demo_exceptions[0m
[0.264s] [ 66%] Built target ecl_demo_exception_tracer
[0.266s] [100%] Built target ecl_demo_exceptions
[0.274s] Invoked command in '/home/locobot/LoCoBotRos/interbotix_ws/build/ecl_exceptions' returned '0': AMENT_PREFIX_PATH=/home/locobot/LoCoBotRos/interbotix_ws/install/ecl_errors:/home/locobot/LoCoBotRos/interbotix_ws/install/ecl_config:${AMENT_PREFIX_PATH} CMAKE_PREFIX_PATH=/home/locobot/LoCoBotRos/interbotix_ws/install/ecl_errors:/home/locobot/LoCoBotRos/interbotix_ws/install/ecl_config:/home/locobot/apriltag_ws/install/apriltag_ros:/opt/ros/humble LD_LIBRARY_PATH=/home/locobot/LoCoBotRos/interbotix_ws/install/ecl_errors/lib:${LD_LIBRARY_PATH} PATH=/home/locobot/LoCoBotRos/interbotix_ws/install/ecl_config/bin:${PATH} /usr/bin/cmake --build /home/locobot/LoCoBotRos/interbotix_ws/build/ecl_exceptions -- -j16 -l16
[0.274s] Invoking command in '/home/locobot/LoCoBotRos/interbotix_ws/build/ecl_exceptions': AMENT_PREFIX_PATH=/home/locobot/LoCoBotRos/interbotix_ws/install/ecl_errors:/home/locobot/LoCoBotRos/interbotix_ws/install/ecl_config:${AMENT_PREFIX_PATH} CMAKE_PREFIX_PATH=/home/locobot/LoCoBotRos/interbotix_ws/install/ecl_errors:/home/locobot/LoCoBotRos/interbotix_ws/install/ecl_config:/home/locobot/apriltag_ws/install/apriltag_ros:/opt/ros/humble LD_LIBRARY_PATH=/home/locobot/LoCoBotRos/interbotix_ws/install/ecl_errors/lib:${LD_LIBRARY_PATH} PATH=/home/locobot/LoCoBotRos/interbotix_ws/install/ecl_config/bin:${PATH} /usr/bin/cmake --install /home/locobot/LoCoBotRos/interbotix_ws/build/ecl_exceptions
[0.280s] -- Install configuration: "Debug"
[0.281s] -- Up-to-date: /home/locobot/LoCoBotRos/interbotix_ws/install/ecl_exceptions/share/ecl_exceptions/environment/library_path.sh
[0.281s] -- Installing: /home/locobot/LoCoBotRos/interbotix_ws/install/ecl_exceptions/share/ecl_exceptions/environment/library_path.dsv
[0.281s] -- Up-to-date: /home/locobot/LoCoBotRos/interbotix_ws/install/ecl_exceptions/share/ament_index/resource_index/package_run_dependencies/ecl_exceptions
[0.281s] -- Up-to-date: /home/locobot/LoCoBotRos/interbotix_ws/install/ecl_exceptions/share/ament_index/resource_index/parent_prefix_path/ecl_exceptions
[0.281s] -- Up-to-date: /home/locobot/LoCoBotRos/interbotix_ws/install/ecl_exceptions/share/ecl_exceptions/environment/ament_prefix_path.sh
[0.281s] -- Installing: /home/locobot/LoCoBotRos/interbotix_ws/install/ecl_exceptions/share/ecl_exceptions/environment/ament_prefix_path.dsv
[0.281s] -- Up-to-date: /home/locobot/LoCoBotRos/interbotix_ws/install/ecl_exceptions/share/ecl_exceptions/environment/path.sh
[0.281s] -- Installing: /home/locobot/LoCoBotRos/interbotix_ws/install/ecl_exceptions/share/ecl_exceptions/environment/path.dsv
[0.281s] -- Up-to-date: /home/locobot/LoCoBotRos/interbotix_ws/install/ecl_exceptions/share/ecl_exceptions/local_setup.bash
[0.281s] -- Up-to-date: /home/locobot/LoCoBotRos/interbotix_ws/install/ecl_exceptions/share/ecl_exceptions/local_setup.sh
[0.282s] -- Up-to-date: /home/locobot/LoCoBotRos/interbotix_ws/install/ecl_exceptions/share/ecl_exceptions/local_setup.zsh
[0.282s] -- Installing: /home/locobot/LoCoBotRos/interbotix_ws/install/ecl_exceptions/share/ecl_exceptions/local_setup.dsv
[0.282s] -- Installing: /home/locobot/LoCoBotRos/interbotix_ws/install/ecl_exceptions/share/ecl_exceptions/package.dsv
[0.282s] -- Up-to-date: /home/locobot/LoCoBotRos/interbotix_ws/install/ecl_exceptions/share/ament_index/resource_index/packages/ecl_exceptions
[0.282s] -- Up-to-date: /home/locobot/LoCoBotRos/interbotix_ws/install/ecl_exceptions/share/ecl_exceptions/cmake/ecl_exceptionsExport.cmake
[0.282s] -- Up-to-date: /home/locobot/LoCoBotRos/interbotix_ws/install/ecl_exceptions/share/ecl_exceptions/cmake/ecl_exceptionsExport-debug.cmake
[0.282s] -- Up-to-date: /home/locobot/LoCoBotRos/interbotix_ws/install/ecl_exceptions/share/ecl_exceptions/cmake/ament_cmake_export_targets-extras.cmake
[0.282s] -- Up-to-date: /home/locobot/LoCoBotRos/interbotix_ws/install/ecl_exceptions/share/ecl_exceptions/cmake/ament_cmake_export_include_directories-extras.cmake
[0.282s] -- Up-to-date: /home/locobot/LoCoBotRos/interbotix_ws/install/ecl_exceptions/share/ecl_exceptions/cmake/ament_cmake_export_libraries-extras.cmake
[0.282s] -- Up-to-date: /home/locobot/LoCoBotRos/interbotix_ws/install/ecl_exceptions/share/ecl_exceptions/cmake/ament_cmake_export_dependencies-extras.cmake
[0.283s] -- Up-to-date: /home/locobot/LoCoBotRos/interbotix_ws/install/ecl_exceptions/share/ecl_exceptions/cmake/ecl_exceptionsConfig.cmake
[0.283s] -- Up-to-date: /home/locobot/LoCoBotRos/interbotix_ws/install/ecl_exceptions/share/ecl_exceptions/cmake/ecl_exceptionsConfig-version.cmake
[0.283s] -- Up-to-date: /home/locobot/LoCoBotRos/interbotix_ws/install/ecl_exceptions/share/ecl_exceptions/package.xml
[0.283s] -- Up-to-date: /home/locobot/LoCoBotRos/interbotix_ws/install/ecl_exceptions/include/ecl/exceptions.hpp
[0.283s] -- Up-to-date: /home/locobot/LoCoBotRos/interbotix_ws/install/ecl_exceptions/include/ecl/exceptions/data_exception.hpp
[0.283s] -- Up-to-date: /home/locobot/LoCoBotRos/interbotix_ws/install/ecl_exceptions/include/ecl/exceptions/exception.hpp
[0.283s] -- Up-to-date: /home/locobot/LoCoBotRos/interbotix_ws/install/ecl_exceptions/include/ecl/exceptions/macros.hpp
[0.283s] -- Up-to-date: /home/locobot/LoCoBotRos/interbotix_ws/install/ecl_exceptions/include/ecl/exceptions/posix_error_handler.hpp
[0.283s] -- Up-to-date: /home/locobot/LoCoBotRos/interbotix_ws/install/ecl_exceptions/include/ecl/exceptions/standard_exception.hpp
[0.284s] -- Up-to-date: /home/locobot/LoCoBotRos/interbotix_ws/install/ecl_exceptions/lib/libecl_exceptions.so.1.2.1
[0.284s] -- Up-to-date: /home/locobot/LoCoBotRos/interbotix_ws/install/ecl_exceptions/lib/libecl_exceptions.so
[0.285s] -- Up-to-date: /home/locobot/LoCoBotRos/interbotix_ws/install/ecl_exceptions/lib/ecl_exceptions/demo_exceptions
[0.285s] -- Up-to-date: /home/locobot/LoCoBotRos/interbotix_ws/install/ecl_exceptions/lib/ecl_exceptions/demo_exception_tracer
[0.287s] Invoked command in '/home/locobot/LoCoBotRos/interbotix_ws/build/ecl_exceptions' returned '0': AMENT_PREFIX_PATH=/home/locobot/LoCoBotRos/interbotix_ws/install/ecl_errors:/home/locobot/LoCoBotRos/interbotix_ws/install/ecl_config:${AMENT_PREFIX_PATH} CMAKE_PREFIX_PATH=/home/locobot/LoCoBotRos/interbotix_ws/install/ecl_errors:/home/locobot/LoCoBotRos/interbotix_ws/install/ecl_config:/home/locobot/apriltag_ws/install/apriltag_ros:/opt/ros/humble LD_LIBRARY_PATH=/home/locobot/LoCoBotRos/interbotix_ws/install/ecl_errors/lib:${LD_LIBRARY_PATH} PATH=/home/locobot/LoCoBotRos/interbotix_ws/install/ecl_config/bin:${PATH} /usr/bin/cmake --install /home/locobot/LoCoBotRos/interbotix_ws/build/ecl_exceptions
