[0.006s] Invoking command in '/home/locobot/LoCoBotRos/interbotix_ws/build/rosparam_shortcuts': CMAKE_PREFIX_PATH=${CMAKE_PREFIX_PATH}:/opt/ros/humble /usr/bin/cmake --build /home/locobot/LoCoBotRos/interbotix_ws/build/rosparam_shortcuts -- -j16 -l16
[0.057s] [ 15%] Built target gtest_main
[0.059s] [ 30%] Built target gtest
[0.071s] [ 53%] Built target rosparam_shortcuts
[0.095s] [ 69%] Built target rosparam_shortcuts_example
[0.095s] [ 84%] Built target rosparam_shortcuts_node_parameters_example
[0.095s] [100%] Built target test_node_parameters
[0.109s] Invoked command in '/home/locobot/LoCoBotRos/interbotix_ws/build/rosparam_shortcuts' returned '0': CMAKE_PREFIX_PATH=${CMAKE_PREFIX_PATH}:/opt/ros/humble /usr/bin/cmake --build /home/locobot/LoCoBotRos/interbotix_ws/build/rosparam_shortcuts -- -j16 -l16
[0.110s] Invoking command in '/home/locobot/LoCoBotRos/interbotix_ws/build/rosparam_shortcuts': CMAKE_PREFIX_PATH=${CMAKE_PREFIX_PATH}:/opt/ros/humble /usr/bin/cmake --install /home/locobot/LoCoBotRos/interbotix_ws/build/rosparam_shortcuts
[0.117s] -- Install configuration: "Release"
[0.117s] -- Up-to-date: /home/locobot/LoCoBotRos/interbotix_ws/install/rosparam_shortcuts/lib/librosparam_shortcuts.so
[0.117s] -- Up-to-date: /home/locobot/LoCoBotRos/interbotix_ws/install/rosparam_shortcuts/lib/rosparam_shortcuts/example
[0.117s] -- Up-to-date: /home/locobot/LoCoBotRos/interbotix_ws/install/rosparam_shortcuts/lib/rosparam_shortcuts/node_parameters_example
[0.117s] -- Up-to-date: /home/locobot/LoCoBotRos/interbotix_ws/install/rosparam_shortcuts/include
[0.117s] -- Up-to-date: /home/locobot/LoCoBotRos/interbotix_ws/install/rosparam_shortcuts/include/rosparam_shortcuts
[0.117s] -- Up-to-date: /home/locobot/LoCoBotRos/interbotix_ws/install/rosparam_shortcuts/include/rosparam_shortcuts/rosparam_shortcuts.h
[0.117s] -- Up-to-date: /home/locobot/LoCoBotRos/interbotix_ws/install/rosparam_shortcuts/include/rosparam_shortcuts/node_parameters.h
[0.117s] -- Up-to-date: /home/locobot/LoCoBotRos/interbotix_ws/install/rosparam_shortcuts/share/rosparam_shortcuts/launch
[0.118s] -- Up-to-date: /home/locobot/LoCoBotRos/interbotix_ws/install/rosparam_shortcuts/share/rosparam_shortcuts/launch/example.launch.py
[0.118s] -- Up-to-date: /home/locobot/LoCoBotRos/interbotix_ws/install/rosparam_shortcuts/share/rosparam_shortcuts/config
[0.118s] -- Up-to-date: /home/locobot/LoCoBotRos/interbotix_ws/install/rosparam_shortcuts/share/rosparam_shortcuts/config/example.yaml
[0.118s] -- Up-to-date: /home/locobot/LoCoBotRos/interbotix_ws/install/rosparam_shortcuts/share/rosparam_shortcuts/environment/library_path.sh
[0.118s] -- Up-to-date: /home/locobot/LoCoBotRos/interbotix_ws/install/rosparam_shortcuts/share/rosparam_shortcuts/environment/library_path.dsv
[0.118s] -- Up-to-date: /home/locobot/LoCoBotRos/interbotix_ws/install/rosparam_shortcuts/share/ament_index/resource_index/package_run_dependencies/rosparam_shortcuts
[0.118s] -- Up-to-date: /home/locobot/LoCoBotRos/interbotix_ws/install/rosparam_shortcuts/share/ament_index/resource_index/parent_prefix_path/rosparam_shortcuts
[0.118s] -- Up-to-date: /home/locobot/LoCoBotRos/interbotix_ws/install/rosparam_shortcuts/share/rosparam_shortcuts/environment/ament_prefix_path.sh
[0.118s] -- Up-to-date: /home/locobot/LoCoBotRos/interbotix_ws/install/rosparam_shortcuts/share/rosparam_shortcuts/environment/ament_prefix_path.dsv
[0.118s] -- Up-to-date: /home/locobot/LoCoBotRos/interbotix_ws/install/rosparam_shortcuts/share/rosparam_shortcuts/environment/path.sh
[0.118s] -- Up-to-date: /home/locobot/LoCoBotRos/interbotix_ws/install/rosparam_shortcuts/share/rosparam_shortcuts/environment/path.dsv
[0.118s] -- Up-to-date: /home/locobot/LoCoBotRos/interbotix_ws/install/rosparam_shortcuts/share/rosparam_shortcuts/local_setup.bash
[0.118s] -- Up-to-date: /home/locobot/LoCoBotRos/interbotix_ws/install/rosparam_shortcuts/share/rosparam_shortcuts/local_setup.sh
[0.118s] -- Up-to-date: /home/locobot/LoCoBotRos/interbotix_ws/install/rosparam_shortcuts/share/rosparam_shortcuts/local_setup.zsh
[0.118s] -- Up-to-date: /home/locobot/LoCoBotRos/interbotix_ws/install/rosparam_shortcuts/share/rosparam_shortcuts/local_setup.dsv
[0.118s] -- Installing: /home/locobot/LoCoBotRos/interbotix_ws/install/rosparam_shortcuts/share/rosparam_shortcuts/package.dsv
[0.118s] -- Up-to-date: /home/locobot/LoCoBotRos/interbotix_ws/install/rosparam_shortcuts/share/ament_index/resource_index/packages/rosparam_shortcuts
[0.118s] -- Up-to-date: /home/locobot/LoCoBotRos/interbotix_ws/install/rosparam_shortcuts/share/rosparam_shortcuts/cmake/export_rosparam_shortcutsExport.cmake
[0.119s] -- Up-to-date: /home/locobot/LoCoBotRos/interbotix_ws/install/rosparam_shortcuts/share/rosparam_shortcuts/cmake/export_rosparam_shortcutsExport-release.cmake
[0.119s] -- Up-to-date: /home/locobot/LoCoBotRos/interbotix_ws/install/rosparam_shortcuts/share/rosparam_shortcuts/cmake/ament_cmake_export_targets-extras.cmake
[0.119s] -- Up-to-date: /home/locobot/LoCoBotRos/interbotix_ws/install/rosparam_shortcuts/share/rosparam_shortcuts/cmake/ament_cmake_export_dependencies-extras.cmake
[0.119s] -- Up-to-date: /home/locobot/LoCoBotRos/interbotix_ws/install/rosparam_shortcuts/share/rosparam_shortcuts/cmake/rosparam_shortcutsConfig.cmake
[0.119s] -- Up-to-date: /home/locobot/LoCoBotRos/interbotix_ws/install/rosparam_shortcuts/share/rosparam_shortcuts/cmake/rosparam_shortcutsConfig-version.cmake
[0.119s] -- Up-to-date: /home/locobot/LoCoBotRos/interbotix_ws/install/rosparam_shortcuts/share/rosparam_shortcuts/package.xml
[0.120s] Invoked command in '/home/locobot/LoCoBotRos/interbotix_ws/build/rosparam_shortcuts' returned '0': CMAKE_PREFIX_PATH=${CMAKE_PREFIX_PATH}:/opt/ros/humble /usr/bin/cmake --install /home/locobot/LoCoBotRos/interbotix_ws/build/rosparam_shortcuts
