[0.007s] Invoking command in '/home/locobot/LoCoBotRos/interbotix_ws/build/kobuki_random_walker': AMENT_PREFIX_PATH=/home/locobot/LoCoBotRos/interbotix_ws/install/kobuki_ros_interfaces:${AMENT_PREFIX_PATH} CMAKE_PREFIX_PATH=/home/locobot/LoCoBotRos/interbotix_ws/install/kobuki_ros_interfaces:/home/locobot/apriltag_ws/install/apriltag_ros:/opt/ros/humble LD_LIBRARY_PATH=/home/locobot/LoCoBotRos/interbotix_ws/install/kobuki_ros_interfaces/lib:${LD_LIBRARY_PATH} PYTHONPATH=/home/locobot/LoCoBotRos/interbotix_ws/install/kobuki_ros_interfaces/local/lib/python3.10/dist-packages:${PYTHONPATH} /usr/bin/cmake --build /home/locobot/LoCoBotRos/interbotix_ws/build/kobuki_random_walker -- -j16 -l16
[0.050s] [ 50%] Built target kobuki_random_walker_node
[0.052s] [100%] Built target kobuki_random_walker
[0.060s] Invoked command in '/home/locobot/LoCoBotRos/interbotix_ws/build/kobuki_random_walker' returned '0': AMENT_PREFIX_PATH=/home/locobot/LoCoBotRos/interbotix_ws/install/kobuki_ros_interfaces:${AMENT_PREFIX_PATH} CMAKE_PREFIX_PATH=/home/locobot/LoCoBotRos/interbotix_ws/install/kobuki_ros_interfaces:/home/locobot/apriltag_ws/install/apriltag_ros:/opt/ros/humble LD_LIBRARY_PATH=/home/locobot/LoCoBotRos/interbotix_ws/install/kobuki_ros_interfaces/lib:${LD_LIBRARY_PATH} PYTHONPATH=/home/locobot/LoCoBotRos/interbotix_ws/install/kobuki_ros_interfaces/local/lib/python3.10/dist-packages:${PYTHONPATH} /usr/bin/cmake --build /home/locobot/LoCoBotRos/interbotix_ws/build/kobuki_random_walker -- -j16 -l16
[0.061s] Invoking command in '/home/locobot/LoCoBotRos/interbotix_ws/build/kobuki_random_walker': AMENT_PREFIX_PATH=/home/locobot/LoCoBotRos/interbotix_ws/install/kobuki_ros_interfaces:${AMENT_PREFIX_PATH} CMAKE_PREFIX_PATH=/home/locobot/LoCoBotRos/interbotix_ws/install/kobuki_ros_interfaces:/home/locobot/apriltag_ws/install/apriltag_ros:/opt/ros/humble LD_LIBRARY_PATH=/home/locobot/LoCoBotRos/interbotix_ws/install/kobuki_ros_interfaces/lib:${LD_LIBRARY_PATH} PYTHONPATH=/home/locobot/LoCoBotRos/interbotix_ws/install/kobuki_ros_interfaces/local/lib/python3.10/dist-packages:${PYTHONPATH} /usr/bin/cmake --install /home/locobot/LoCoBotRos/interbotix_ws/build/kobuki_random_walker
[0.067s] -- Install configuration: "Release"
[0.067s] -- Up-to-date: /home/locobot/LoCoBotRos/interbotix_ws/install/kobuki_random_walker/lib/kobuki_random_walker/kobuki_random_walker_node
[0.067s] -- Up-to-date: /home/locobot/LoCoBotRos/interbotix_ws/install/kobuki_random_walker/lib/libkobuki_random_walker.so
[0.067s] -- Up-to-date: /home/locobot/LoCoBotRos/interbotix_ws/install/kobuki_random_walker/include/kobuki_random_walker
[0.067s] -- Up-to-date: /home/locobot/LoCoBotRos/interbotix_ws/install/kobuki_random_walker/include/kobuki_random_walker/random_walker.hpp
[0.067s] -- Up-to-date: /home/locobot/LoCoBotRos/interbotix_ws/install/kobuki_random_walker/share/kobuki_random_walker/launch
[0.067s] -- Up-to-date: /home/locobot/LoCoBotRos/interbotix_ws/install/kobuki_random_walker/share/kobuki_random_walker/launch/safe_random_walker_app.launch
[0.068s] -- Up-to-date: /home/locobot/LoCoBotRos/interbotix_ws/install/kobuki_random_walker/share/kobuki_random_walker/launch/standalone.launch
[0.068s] -- Up-to-date: /home/locobot/LoCoBotRos/interbotix_ws/install/kobuki_random_walker/share/kobuki_random_walker/launch/random_walker_app.launch
[0.068s] -- Up-to-date: /home/locobot/LoCoBotRos/interbotix_ws/install/kobuki_random_walker/share/ament_index/resource_index/package_run_dependencies/kobuki_random_walker
[0.068s] -- Up-to-date: /home/locobot/LoCoBotRos/interbotix_ws/install/kobuki_random_walker/share/ament_index/resource_index/parent_prefix_path/kobuki_random_walker
[0.068s] -- Up-to-date: /home/locobot/LoCoBotRos/interbotix_ws/install/kobuki_random_walker/share/kobuki_random_walker/environment/ament_prefix_path.sh
[0.068s] -- Up-to-date: /home/locobot/LoCoBotRos/interbotix_ws/install/kobuki_random_walker/share/kobuki_random_walker/environment/ament_prefix_path.dsv
[0.068s] -- Up-to-date: /home/locobot/LoCoBotRos/interbotix_ws/install/kobuki_random_walker/share/kobuki_random_walker/environment/path.sh
[0.068s] -- Up-to-date: /home/locobot/LoCoBotRos/interbotix_ws/install/kobuki_random_walker/share/kobuki_random_walker/environment/path.dsv
[0.068s] -- Up-to-date: /home/locobot/LoCoBotRos/interbotix_ws/install/kobuki_random_walker/share/kobuki_random_walker/local_setup.bash
[0.068s] -- Up-to-date: /home/locobot/LoCoBotRos/interbotix_ws/install/kobuki_random_walker/share/kobuki_random_walker/local_setup.sh
[0.068s] -- Up-to-date: /home/locobot/LoCoBotRos/interbotix_ws/install/kobuki_random_walker/share/kobuki_random_walker/local_setup.zsh
[0.068s] -- Up-to-date: /home/locobot/LoCoBotRos/interbotix_ws/install/kobuki_random_walker/share/kobuki_random_walker/local_setup.dsv
[0.068s] -- Installing: /home/locobot/LoCoBotRos/interbotix_ws/install/kobuki_random_walker/share/kobuki_random_walker/package.dsv
[0.068s] -- Up-to-date: /home/locobot/LoCoBotRos/interbotix_ws/install/kobuki_random_walker/share/ament_index/resource_index/packages/kobuki_random_walker
[0.068s] -- Up-to-date: /home/locobot/LoCoBotRos/interbotix_ws/install/kobuki_random_walker/share/ament_index/resource_index/rclcpp_components/kobuki_random_walker
[0.068s] -- Up-to-date: /home/locobot/LoCoBotRos/interbotix_ws/install/kobuki_random_walker/share/kobuki_random_walker/cmake/kobuki_random_walkerConfig.cmake
[0.068s] -- Up-to-date: /home/locobot/LoCoBotRos/interbotix_ws/install/kobuki_random_walker/share/kobuki_random_walker/cmake/kobuki_random_walkerConfig-version.cmake
[0.069s] -- Up-to-date: /home/locobot/LoCoBotRos/interbotix_ws/install/kobuki_random_walker/share/kobuki_random_walker/package.xml
[0.070s] Invoked command in '/home/locobot/LoCoBotRos/interbotix_ws/build/kobuki_random_walker' returned '0': AMENT_PREFIX_PATH=/home/locobot/LoCoBotRos/interbotix_ws/install/kobuki_ros_interfaces:${AMENT_PREFIX_PATH} CMAKE_PREFIX_PATH=/home/locobot/LoCoBotRos/interbotix_ws/install/kobuki_ros_interfaces:/home/locobot/apriltag_ws/install/apriltag_ros:/opt/ros/humble LD_LIBRARY_PATH=/home/locobot/LoCoBotRos/interbotix_ws/install/kobuki_ros_interfaces/lib:${LD_LIBRARY_PATH} PYTHONPATH=/home/locobot/LoCoBotRos/interbotix_ws/install/kobuki_ros_interfaces/local/lib/python3.10/dist-packages:${PYTHONPATH} /usr/bin/cmake --install /home/locobot/LoCoBotRos/interbotix_ws/build/kobuki_random_walker
