[0.009s] Invoking command in '/home/locobot/LoCoBotRos/interbotix_ws/build/kobuki_keyop': AMENT_PREFIX_PATH=/home/locobot/LoCoBotRos/interbotix_ws/install/kobuki_velocity_smoother:/home/locobot/LoCoBotRos/interbotix_ws/install/kobuki_ros_interfaces:/home/locobot/LoCoBotRos/interbotix_ws/install/cmd_vel_mux:${AMENT_PREFIX_PATH} CMAKE_PREFIX_PATH=/home/locobot/LoCoBotRos/interbotix_ws/install/kobuki_velocity_smoother:/home/locobot/LoCoBotRos/interbotix_ws/install/kobuki_ros_interfaces:/home/locobot/LoCoBotRos/interbotix_ws/install/cmd_vel_mux:/home/locobot/apriltag_ws/install/apriltag_ros:/opt/ros/humble LD_LIBRARY_PATH=/home/locobot/LoCoBotRos/interbotix_ws/install/kobuki_velocity_smoother/lib:/home/locobot/LoCoBotRos/interbotix_ws/install/kobuki_ros_interfaces/lib:/home/locobot/LoCoBotRos/interbotix_ws/install/cmd_vel_mux/lib:${LD_LIBRARY_PATH} PYTHONPATH=/home/locobot/LoCoBotRos/interbotix_ws/install/kobuki_ros_interfaces/local/lib/python3.10/dist-packages:${PYTHONPATH} /usr/bin/cmake --build /home/locobot/LoCoBotRos/interbotix_ws/build/kobuki_keyop -- -j16 -l16
[0.051s] [35m[1mConsolidate compiler generated dependencies of target kobuki_keyop_node[0m
[0.051s] [35m[1mConsolidate compiler generated dependencies of target kobuki_keyop[0m
[0.063s] [ 50%] Built target kobuki_keyop_node
[0.065s] [100%] Built target kobuki_keyop
[0.074s] Invoked command in '/home/locobot/LoCoBotRos/interbotix_ws/build/kobuki_keyop' returned '0': AMENT_PREFIX_PATH=/home/locobot/LoCoBotRos/interbotix_ws/install/kobuki_velocity_smoother:/home/locobot/LoCoBotRos/interbotix_ws/install/kobuki_ros_interfaces:/home/locobot/LoCoBotRos/interbotix_ws/install/cmd_vel_mux:${AMENT_PREFIX_PATH} CMAKE_PREFIX_PATH=/home/locobot/LoCoBotRos/interbotix_ws/install/kobuki_velocity_smoother:/home/locobot/LoCoBotRos/interbotix_ws/install/kobuki_ros_interfaces:/home/locobot/LoCoBotRos/interbotix_ws/install/cmd_vel_mux:/home/locobot/apriltag_ws/install/apriltag_ros:/opt/ros/humble LD_LIBRARY_PATH=/home/locobot/LoCoBotRos/interbotix_ws/install/kobuki_velocity_smoother/lib:/home/locobot/LoCoBotRos/interbotix_ws/install/kobuki_ros_interfaces/lib:/home/locobot/LoCoBotRos/interbotix_ws/install/cmd_vel_mux/lib:${LD_LIBRARY_PATH} PYTHONPATH=/home/locobot/LoCoBotRos/interbotix_ws/install/kobuki_ros_interfaces/local/lib/python3.10/dist-packages:${PYTHONPATH} /usr/bin/cmake --build /home/locobot/LoCoBotRos/interbotix_ws/build/kobuki_keyop -- -j16 -l16
[0.075s] Invoking command in '/home/locobot/LoCoBotRos/interbotix_ws/build/kobuki_keyop': AMENT_PREFIX_PATH=/home/locobot/LoCoBotRos/interbotix_ws/install/kobuki_velocity_smoother:/home/locobot/LoCoBotRos/interbotix_ws/install/kobuki_ros_interfaces:/home/locobot/LoCoBotRos/interbotix_ws/install/cmd_vel_mux:${AMENT_PREFIX_PATH} CMAKE_PREFIX_PATH=/home/locobot/LoCoBotRos/interbotix_ws/install/kobuki_velocity_smoother:/home/locobot/LoCoBotRos/interbotix_ws/install/kobuki_ros_interfaces:/home/locobot/LoCoBotRos/interbotix_ws/install/cmd_vel_mux:/home/locobot/apriltag_ws/install/apriltag_ros:/opt/ros/humble LD_LIBRARY_PATH=/home/locobot/LoCoBotRos/interbotix_ws/install/kobuki_velocity_smoother/lib:/home/locobot/LoCoBotRos/interbotix_ws/install/kobuki_ros_interfaces/lib:/home/locobot/LoCoBotRos/interbotix_ws/install/cmd_vel_mux/lib:${LD_LIBRARY_PATH} PYTHONPATH=/home/locobot/LoCoBotRos/interbotix_ws/install/kobuki_ros_interfaces/local/lib/python3.10/dist-packages:${PYTHONPATH} /usr/bin/cmake --install /home/locobot/LoCoBotRos/interbotix_ws/build/kobuki_keyop
[0.081s] -- Install configuration: "Release"
[0.081s] -- Up-to-date: /home/locobot/LoCoBotRos/interbotix_ws/install/kobuki_keyop/lib/kobuki_keyop/kobuki_keyop_node
[0.082s] -- Up-to-date: /home/locobot/LoCoBotRos/interbotix_ws/install/kobuki_keyop/lib/libkobuki_keyop.so
[0.082s] -- Up-to-date: /home/locobot/LoCoBotRos/interbotix_ws/install/kobuki_keyop/include/kobuki_keyop
[0.082s] -- Up-to-date: /home/locobot/LoCoBotRos/interbotix_ws/install/kobuki_keyop/include/kobuki_keyop/keyop.hpp
[0.082s] -- Up-to-date: /home/locobot/LoCoBotRos/interbotix_ws/install/kobuki_keyop/share/kobuki_keyop/config
[0.082s] -- Up-to-date: /home/locobot/LoCoBotRos/interbotix_ws/install/kobuki_keyop/share/kobuki_keyop/config/keyop_params.yaml
[0.082s] -- Up-to-date: /home/locobot/LoCoBotRos/interbotix_ws/install/kobuki_keyop/share/ament_index/resource_index/package_run_dependencies/kobuki_keyop
[0.082s] -- Up-to-date: /home/locobot/LoCoBotRos/interbotix_ws/install/kobuki_keyop/share/ament_index/resource_index/parent_prefix_path/kobuki_keyop
[0.082s] -- Up-to-date: /home/locobot/LoCoBotRos/interbotix_ws/install/kobuki_keyop/share/kobuki_keyop/environment/ament_prefix_path.sh
[0.082s] -- Up-to-date: /home/locobot/LoCoBotRos/interbotix_ws/install/kobuki_keyop/share/kobuki_keyop/environment/ament_prefix_path.dsv
[0.082s] -- Up-to-date: /home/locobot/LoCoBotRos/interbotix_ws/install/kobuki_keyop/share/kobuki_keyop/environment/path.sh
[0.082s] -- Up-to-date: /home/locobot/LoCoBotRos/interbotix_ws/install/kobuki_keyop/share/kobuki_keyop/environment/path.dsv
[0.082s] -- Up-to-date: /home/locobot/LoCoBotRos/interbotix_ws/install/kobuki_keyop/share/kobuki_keyop/local_setup.bash
[0.083s] -- Up-to-date: /home/locobot/LoCoBotRos/interbotix_ws/install/kobuki_keyop/share/kobuki_keyop/local_setup.sh
[0.083s] -- Up-to-date: /home/locobot/LoCoBotRos/interbotix_ws/install/kobuki_keyop/share/kobuki_keyop/local_setup.zsh
[0.083s] -- Up-to-date: /home/locobot/LoCoBotRos/interbotix_ws/install/kobuki_keyop/share/kobuki_keyop/local_setup.dsv
[0.083s] -- Installing: /home/locobot/LoCoBotRos/interbotix_ws/install/kobuki_keyop/share/kobuki_keyop/package.dsv
[0.083s] -- Up-to-date: /home/locobot/LoCoBotRos/interbotix_ws/install/kobuki_keyop/share/ament_index/resource_index/packages/kobuki_keyop
[0.083s] -- Up-to-date: /home/locobot/LoCoBotRos/interbotix_ws/install/kobuki_keyop/share/ament_index/resource_index/rclcpp_components/kobuki_keyop
[0.083s] -- Up-to-date: /home/locobot/LoCoBotRos/interbotix_ws/install/kobuki_keyop/share/kobuki_keyop/cmake/kobuki_keyopConfig.cmake
[0.083s] -- Up-to-date: /home/locobot/LoCoBotRos/interbotix_ws/install/kobuki_keyop/share/kobuki_keyop/cmake/kobuki_keyopConfig-version.cmake
[0.083s] -- Up-to-date: /home/locobot/LoCoBotRos/interbotix_ws/install/kobuki_keyop/share/kobuki_keyop/package.xml
[0.084s] Invoked command in '/home/locobot/LoCoBotRos/interbotix_ws/build/kobuki_keyop' returned '0': AMENT_PREFIX_PATH=/home/locobot/LoCoBotRos/interbotix_ws/install/kobuki_velocity_smoother:/home/locobot/LoCoBotRos/interbotix_ws/install/kobuki_ros_interfaces:/home/locobot/LoCoBotRos/interbotix_ws/install/cmd_vel_mux:${AMENT_PREFIX_PATH} CMAKE_PREFIX_PATH=/home/locobot/LoCoBotRos/interbotix_ws/install/kobuki_velocity_smoother:/home/locobot/LoCoBotRos/interbotix_ws/install/kobuki_ros_interfaces:/home/locobot/LoCoBotRos/interbotix_ws/install/cmd_vel_mux:/home/locobot/apriltag_ws/install/apriltag_ros:/opt/ros/humble LD_LIBRARY_PATH=/home/locobot/LoCoBotRos/interbotix_ws/install/kobuki_velocity_smoother/lib:/home/locobot/LoCoBotRos/interbotix_ws/install/kobuki_ros_interfaces/lib:/home/locobot/LoCoBotRos/interbotix_ws/install/cmd_vel_mux/lib:${LD_LIBRARY_PATH} PYTHONPATH=/home/locobot/LoCoBotRos/interbotix_ws/install/kobuki_ros_interfaces/local/lib/python3.10/dist-packages:${PYTHONPATH} /usr/bin/cmake --install /home/locobot/LoCoBotRos/interbotix_ws/build/kobuki_keyop
