-- Found ament_cmake_ros: 0.10.0 (/opt/ros/humble/share/ament_cmake_ros/cmake)
-- Found geometry_msgs: 4.9.0 (/opt/ros/humble/share/geometry_msgs/cmake)
-- Found rosidl_generator_c: 3.1.6 (/opt/ros/humble/share/rosidl_generator_c/cmake)
-- Found rosidl_adapter: 3.1.6 (/opt/ros/humble/share/rosidl_adapter/cmake)
-- Found rosidl_generator_cpp: 3.1.6 (/opt/ros/humble/share/rosidl_generator_cpp/cmake)
-- Using all available rosidl_typesupport_c: rosidl_typesupport_fastrtps_c;rosidl_typesupport_introspection_c
-- Using all available rosidl_typesupport_cpp: rosidl_typesupport_fastrtps_cpp;rosidl_typesupport_introspection_cpp
-- Found kobuki_ros_interfaces: 1.0.0 (/home/locobot/LoCoBotRos/interbotix_ws/install/kobuki_ros_interfaces/share/kobuki_ros_interfaces/cmake)
-- Found rclcpp: 16.0.12 (/opt/ros/humble/share/rclcpp/cmake)
-- Found rmw_implementation_cmake: 6.1.2 (/opt/ros/humble/share/rmw_implementation_cmake/cmake)
-- Found rmw_fastrtps_cpp: 6.2.7 (/opt/ros/humble/share/rmw_fastrtps_cpp/cmake)
-- Using RMW implementation 'rmw_fastrtps_cpp' as default
-- Found rclcpp_components: 16.0.12 (/opt/ros/humble/share/rclcpp_components/cmake)
-- Configuring done
-- Generating done
-- Build files have been written to: /home/locobot/LoCoBotRos/interbotix_ws/build/kobuki_random_walker
[35m[1mConsolidate compiler generated dependencies of target kobuki_random_walker[0m
[35m[1mConsolidate compiler generated dependencies of target kobuki_random_walker_node[0m
[ 50%] Built target kobuki_random_walker
[100%] Built target kobuki_random_walker_node
-- Install configuration: "Release"
-- Up-to-date: /home/locobot/LoCoBotRos/interbotix_ws/install/kobuki_random_walker/lib/kobuki_random_walker/kobuki_random_walker_node
-- Up-to-date: /home/locobot/LoCoBotRos/interbotix_ws/install/kobuki_random_walker/lib/libkobuki_random_walker.so
-- Up-to-date: /home/locobot/LoCoBotRos/interbotix_ws/install/kobuki_random_walker/include/kobuki_random_walker
-- Up-to-date: /home/locobot/LoCoBotRos/interbotix_ws/install/kobuki_random_walker/include/kobuki_random_walker/random_walker.hpp
-- Up-to-date: /home/locobot/LoCoBotRos/interbotix_ws/install/kobuki_random_walker/share/kobuki_random_walker/launch
-- Up-to-date: /home/locobot/LoCoBotRos/interbotix_ws/install/kobuki_random_walker/share/kobuki_random_walker/launch/safe_random_walker_app.launch
-- Up-to-date: /home/locobot/LoCoBotRos/interbotix_ws/install/kobuki_random_walker/share/kobuki_random_walker/launch/standalone.launch
-- Up-to-date: /home/locobot/LoCoBotRos/interbotix_ws/install/kobuki_random_walker/share/kobuki_random_walker/launch/random_walker_app.launch
-- Up-to-date: /home/locobot/LoCoBotRos/interbotix_ws/install/kobuki_random_walker/share/ament_index/resource_index/package_run_dependencies/kobuki_random_walker
-- Up-to-date: /home/locobot/LoCoBotRos/interbotix_ws/install/kobuki_random_walker/share/ament_index/resource_index/parent_prefix_path/kobuki_random_walker
-- Up-to-date: /home/locobot/LoCoBotRos/interbotix_ws/install/kobuki_random_walker/share/kobuki_random_walker/environment/ament_prefix_path.sh
-- Installing: /home/locobot/LoCoBotRos/interbotix_ws/install/kobuki_random_walker/share/kobuki_random_walker/environment/ament_prefix_path.dsv
-- Up-to-date: /home/locobot/LoCoBotRos/interbotix_ws/install/kobuki_random_walker/share/kobuki_random_walker/environment/path.sh
-- Installing: /home/locobot/LoCoBotRos/interbotix_ws/install/kobuki_random_walker/share/kobuki_random_walker/environment/path.dsv
-- Up-to-date: /home/locobot/LoCoBotRos/interbotix_ws/install/kobuki_random_walker/share/kobuki_random_walker/local_setup.bash
-- Up-to-date: /home/locobot/LoCoBotRos/interbotix_ws/install/kobuki_random_walker/share/kobuki_random_walker/local_setup.sh
-- Up-to-date: /home/locobot/LoCoBotRos/interbotix_ws/install/kobuki_random_walker/share/kobuki_random_walker/local_setup.zsh
-- Installing: /home/locobot/LoCoBotRos/interbotix_ws/install/kobuki_random_walker/share/kobuki_random_walker/local_setup.dsv
-- Installing: /home/locobot/LoCoBotRos/interbotix_ws/install/kobuki_random_walker/share/kobuki_random_walker/package.dsv
-- Up-to-date: /home/locobot/LoCoBotRos/interbotix_ws/install/kobuki_random_walker/share/ament_index/resource_index/packages/kobuki_random_walker
-- Up-to-date: /home/locobot/LoCoBotRos/interbotix_ws/install/kobuki_random_walker/share/ament_index/resource_index/rclcpp_components/kobuki_random_walker
-- Up-to-date: /home/locobot/LoCoBotRos/interbotix_ws/install/kobuki_random_walker/share/kobuki_random_walker/cmake/kobuki_random_walkerConfig.cmake
-- Up-to-date: /home/locobot/LoCoBotRos/interbotix_ws/install/kobuki_random_walker/share/kobuki_random_walker/cmake/kobuki_random_walkerConfig-version.cmake
-- Up-to-date: /home/locobot/LoCoBotRos/interbotix_ws/install/kobuki_random_walker/share/kobuki_random_walker/package.xml
