[0.015s] Invoking command in '/home/locobot/LoCoBotRos/interbotix_ws/build/moveit_ros_planning': AMENT_PREFIX_PATH=/home/locobot/LoCoBotRos/interbotix_ws/install/moveit_ros_occupancy_map_monitor:/home/locobot/LoCoBotRos/interbotix_ws/install/moveit_core:/home/locobot/LoCoBotRos/interbotix_ws/install/moveit_resources_panda_moveit_config:/home/locobot/LoCoBotRos/interbotix_ws/install/moveit_configs_utils:/home/locobot/LoCoBotRos/interbotix_ws/install/srdfdom:/home/locobot/LoCoBotRos/interbotix_ws/install/moveit_resources_pr2_description:/home/locobot/LoCoBotRos/interbotix_ws/install/moveit_resources_panda_description:/home/locobot/LoCoBotRos/interbotix_ws/install/moveit_common:/home/locobot/LoCoBotRos/interbotix_ws/install/launch_param_builder:${AMENT_PREFIX_PATH} CMAKE_PREFIX_PATH=/home/locobot/LoCoBotRos/interbotix_ws/install/moveit_ros_occupancy_map_monitor:/home/locobot/LoCoBotRos/interbotix_ws/install/moveit_core:/home/locobot/LoCoBotRos/interbotix_ws/install/moveit_resources_panda_moveit_config:/home/locobot/LoCoBotRos/interbotix_ws/install/srdfdom:/home/locobot/LoCoBotRos/interbotix_ws/install/moveit_resources_pr2_description:/home/locobot/LoCoBotRos/interbotix_ws/install/moveit_resources_panda_description:/home/locobot/LoCoBotRos/interbotix_ws/install/moveit_common:/home/locobot/apriltag_ws/install/apriltag_ros:/opt/ros/humble LD_LIBRARY_PATH=/home/locobot/LoCoBotRos/interbotix_ws/install/moveit_ros_occupancy_map_monitor/lib:/home/locobot/LoCoBotRos/interbotix_ws/install/moveit_core/lib:/home/locobot/LoCoBotRos/interbotix_ws/install/srdfdom/lib:${LD_LIBRARY_PATH} PATH=/home/locobot/LoCoBotRos/interbotix_ws/install/moveit_core/bin:${PATH} PYTHONPATH=/home/locobot/LoCoBotRos/interbotix_ws/install/moveit_configs_utils/lib/python3.10/site-packages:/home/locobot/LoCoBotRos/interbotix_ws/install/srdfdom/local/lib/python3.10/dist-packages:/home/locobot/LoCoBotRos/interbotix_ws/install/launch_param_builder/lib/python3.10/site-packages:${PYTHONPATH} /usr/bin/cmake /home/locobot/LoCoBotRos/interbotix_ws/src/moveit2/moveit_ros/planning -DCMAKE_BUILD_TYPE=Release -DCMAKE_INSTALL_PREFIX=/home/locobot/LoCoBotRos/interbotix_ws/install/moveit_ros_planning
[0.024s] -- Found moveit_common: 2.5.9 (/home/locobot/LoCoBotRos/interbotix_ws/install/moveit_common/share/moveit_common/cmake)
[0.024s] -- Found ament_cmake: 1.3.11 (/opt/ros/humble/share/ament_cmake/cmake)
[0.182s] -- Found moveit_msgs: 2.2.1 (/opt/ros/humble/share/moveit_msgs/cmake)
[0.201s] -- Found rosidl_generator_c: 3.1.6 (/opt/ros/humble/share/rosidl_generator_c/cmake)
[0.202s] -- Found rosidl_adapter: 3.1.6 (/opt/ros/humble/share/rosidl_adapter/cmake)
[0.207s] -- Found rosidl_generator_cpp: 3.1.6 (/opt/ros/humble/share/rosidl_generator_cpp/cmake)
[0.214s] -- Using all available rosidl_typesupport_c: rosidl_typesupport_fastrtps_c;rosidl_typesupport_introspection_c
[0.223s] -- Using all available rosidl_typesupport_cpp: rosidl_typesupport_fastrtps_cpp;rosidl_typesupport_introspection_cpp
[0.349s] -- Found pluginlib: 5.1.0 (/opt/ros/humble/share/pluginlib/cmake)
[0.360s] -- Found rclcpp: 16.0.12 (/opt/ros/humble/share/rclcpp/cmake)
[0.379s] -- Found rmw_implementation_cmake: 6.1.2 (/opt/ros/humble/share/rmw_implementation_cmake/cmake)
[0.380s] -- Found rmw_fastrtps_cpp: 6.2.7 (/opt/ros/humble/share/rmw_fastrtps_cpp/cmake)
[0.395s] -- Found TinyXML2 via Config file: TinyXML2_DIR-NOTFOUND
[0.401s] -- Found TinyXML2 via Config file: TinyXML2_DIR-NOTFOUND
[0.412s] -- Found TinyXML2 via Config file: TinyXML2_DIR-NOTFOUND
[0.418s] -- Found TinyXML2 via Config file: TinyXML2_DIR-NOTFOUND
[0.424s] -- Using RMW implementation 'rmw_fastrtps_cpp' as default
[0.453s] -- Found message_filters: 4.3.7 (/opt/ros/humble/share/message_filters/cmake)
[0.455s] -- Found srdfdom: 2.0.8 (/home/locobot/LoCoBotRos/interbotix_ws/install/srdfdom/share/srdfdom/cmake)
[0.460s] -- Found tf2: 0.25.13 (/opt/ros/humble/share/tf2/cmake)
[0.462s] -- Found tf2_geometry_msgs: 0.25.13 (/opt/ros/humble/share/tf2_geometry_msgs/cmake)
[0.465s] -- Found eigen3_cmake_module: 0.1.1 (/opt/ros/humble/share/eigen3_cmake_module/cmake)
[0.466s] -- Ensuring Eigen3 include directory is part of orocos-kdl CMake target
[0.506s] -- Found tf2_eigen: 0.25.13 (/opt/ros/humble/share/tf2_eigen/cmake)
[0.509s] -- Found moveit_core: 2.5.9 (/home/locobot/LoCoBotRos/interbotix_ws/install/moveit_core/share/moveit_core/cmake)
[0.519s] -- Found Boost: /usr/lib/x86_64-linux-gnu/cmake/Boost-1.74.0/BoostConfig.cmake (found version "1.74.0") found components: chrono date_time filesystem iostreams program_options regex serialization system thread 
[0.536s] -- Found parameter_traits: 0.4.0 (/opt/ros/humble/share/parameter_traits/cmake)
[0.542s] -- Found rclcpp_lifecycle: 16.0.12 (/opt/ros/humble/share/rclcpp_lifecycle/cmake)
[0.557s] -- Found Boost: /usr/lib/x86_64-linux-gnu/cmake/Boost-1.74.0/BoostConfig.cmake (found version "1.74.0") found components: filesystem 
[0.580s] -- library: /usr/lib/x86_64-linux-gnu/libcurl.so
[0.614s] -- Found moveit_ros_occupancy_map_monitor: 2.5.9 (/home/locobot/LoCoBotRos/interbotix_ws/install/moveit_ros_occupancy_map_monitor/share/moveit_ros_occupancy_map_monitor/cmake)
[0.626s] -- Found Boost: /usr/lib/x86_64-linux-gnu/cmake/Boost-1.74.0/BoostConfig.cmake (found version "1.74.0") found components: system filesystem date_time program_options thread chrono 
[0.668s] -- Found ament_cmake_gtest: 1.3.11 (/opt/ros/humble/share/ament_cmake_gtest/cmake)
[0.668s] -- Found ament_cmake_gmock: 1.3.11 (/opt/ros/humble/share/ament_cmake_gmock/cmake)
[0.669s] -- Found ros_testing: 0.4.0 (/opt/ros/humble/share/ros_testing/cmake)
[0.669s] -- Found launch_testing_ament_cmake: 1.0.9 (/opt/ros/humble/share/launch_testing_ament_cmake/cmake)
[0.669s] -- Found python_cmake_module: 0.10.0 (/opt/ros/humble/share/python_cmake_module/cmake)
[0.687s] -- Using PYTHON_EXECUTABLE: /usr/bin/python3
[0.687s] -- Using PYTHON_INCLUDE_DIRS: /usr/include/python3.10
[0.687s] -- Using PYTHON_LIBRARIES: /usr/lib/x86_64-linux-gnu/libpython3.10.so
[0.688s] -- Found gmock sources under '/opt/ros/humble/src/gmock_vendor': C++ tests using 'Google Mock' will be built
[0.691s] -- Found gtest sources under '/opt/ros/humble/src/gtest_vendor': C++ tests using 'Google Test' will be built
[0.717s] -- Found ament_lint_auto: 0.12.12 (/opt/ros/humble/share/ament_lint_auto/cmake)
[0.728s] -- Found launch_testing_ament_cmake: 1.0.9 (/opt/ros/humble/share/launch_testing_ament_cmake/cmake)
[0.728s] -- Found python_cmake_module: 0.10.0 (/opt/ros/humble/share/python_cmake_module/cmake)
[0.745s] -- Using PYTHON_EXECUTABLE: /usr/bin/python3
[0.745s] -- Using PYTHON_INCLUDE_DIRS: /usr/include/python3.10
[0.745s] -- Using PYTHON_LIBRARIES: /usr/lib/x86_64-linux-gnu/libpython3.10.so
[0.753s] -- Added test 'cppcheck' to perform static code analysis on C / C++ code
[0.753s] -- Configured cppcheck include dirs: /home/locobot/LoCoBotRos/interbotix_ws/src/moveit2/moveit_ros/planning/rdf_loader/include;/home/locobot/LoCoBotRos/interbotix_ws/src/moveit2/moveit_ros/planning/kinematics_plugin_loader/include;/home/locobot/LoCoBotRos/interbotix_ws/src/moveit2/moveit_ros/planning/robot_model_loader/include;/home/locobot/LoCoBotRos/interbotix_ws/src/moveit2/moveit_ros/planning/constraint_sampler_manager_loader/include;/home/locobot/LoCoBotRos/interbotix_ws/src/moveit2/moveit_ros/planning/planning_pipeline/include;/home/locobot/LoCoBotRos/interbotix_ws/src/moveit2/moveit_ros/planning/planning_scene_monitor/include;/home/locobot/LoCoBotRos/interbotix_ws/src/moveit2/moveit_ros/planning/trajectory_execution_manager/include;/home/locobot/LoCoBotRos/interbotix_ws/src/moveit2/moveit_ros/planning/plan_execution/include;/home/locobot/LoCoBotRos/interbotix_ws/src/moveit2/moveit_ros/planning/collision_plugin_loader/include;/home/locobot/LoCoBotRos/interbotix_ws/src/moveit2/moveit_ros/planning/moveit_cpp/include
[0.753s] -- Configured cppcheck exclude dirs and/or files: 
[0.755s] -- Added test 'lint_cmake' to check CMake code style
[0.756s] -- Added test 'pep257' to check Python code against some of the docstring style conventions in PEP 257
[0.756s] -- Added test 'xmllint' to check XML markup files
[0.758s] -- Configuring done
[0.986s] -- Generating done
[1.055s] -- Build files have been written to: /home/locobot/LoCoBotRos/interbotix_ws/build/moveit_ros_planning
[1.072s] Invoked command in '/home/locobot/LoCoBotRos/interbotix_ws/build/moveit_ros_planning' returned '0': AMENT_PREFIX_PATH=/home/locobot/LoCoBotRos/interbotix_ws/install/moveit_ros_occupancy_map_monitor:/home/locobot/LoCoBotRos/interbotix_ws/install/moveit_core:/home/locobot/LoCoBotRos/interbotix_ws/install/moveit_resources_panda_moveit_config:/home/locobot/LoCoBotRos/interbotix_ws/install/moveit_configs_utils:/home/locobot/LoCoBotRos/interbotix_ws/install/srdfdom:/home/locobot/LoCoBotRos/interbotix_ws/install/moveit_resources_pr2_description:/home/locobot/LoCoBotRos/interbotix_ws/install/moveit_resources_panda_description:/home/locobot/LoCoBotRos/interbotix_ws/install/moveit_common:/home/locobot/LoCoBotRos/interbotix_ws/install/launch_param_builder:${AMENT_PREFIX_PATH} CMAKE_PREFIX_PATH=/home/locobot/LoCoBotRos/interbotix_ws/install/moveit_ros_occupancy_map_monitor:/home/locobot/LoCoBotRos/interbotix_ws/install/moveit_core:/home/locobot/LoCoBotRos/interbotix_ws/install/moveit_resources_panda_moveit_config:/home/locobot/LoCoBotRos/interbotix_ws/install/srdfdom:/home/locobot/LoCoBotRos/interbotix_ws/install/moveit_resources_pr2_description:/home/locobot/LoCoBotRos/interbotix_ws/install/moveit_resources_panda_description:/home/locobot/LoCoBotRos/interbotix_ws/install/moveit_common:/home/locobot/apriltag_ws/install/apriltag_ros:/opt/ros/humble LD_LIBRARY_PATH=/home/locobot/LoCoBotRos/interbotix_ws/install/moveit_ros_occupancy_map_monitor/lib:/home/locobot/LoCoBotRos/interbotix_ws/install/moveit_core/lib:/home/locobot/LoCoBotRos/interbotix_ws/install/srdfdom/lib:${LD_LIBRARY_PATH} PATH=/home/locobot/LoCoBotRos/interbotix_ws/install/moveit_core/bin:${PATH} PYTHONPATH=/home/locobot/LoCoBotRos/interbotix_ws/install/moveit_configs_utils/lib/python3.10/site-packages:/home/locobot/LoCoBotRos/interbotix_ws/install/srdfdom/local/lib/python3.10/dist-packages:/home/locobot/LoCoBotRos/interbotix_ws/install/launch_param_builder/lib/python3.10/site-packages:${PYTHONPATH} /usr/bin/cmake /home/locobot/LoCoBotRos/interbotix_ws/src/moveit2/moveit_ros/planning -DCMAKE_BUILD_TYPE=Release -DCMAKE_INSTALL_PREFIX=/home/locobot/LoCoBotRos/interbotix_ws/install/moveit_ros_planning
[1.073s] Invoking command in '/home/locobot/LoCoBotRos/interbotix_ws/build/moveit_ros_planning': AMENT_PREFIX_PATH=/home/locobot/LoCoBotRos/interbotix_ws/install/moveit_ros_occupancy_map_monitor:/home/locobot/LoCoBotRos/interbotix_ws/install/moveit_core:/home/locobot/LoCoBotRos/interbotix_ws/install/moveit_resources_panda_moveit_config:/home/locobot/LoCoBotRos/interbotix_ws/install/moveit_configs_utils:/home/locobot/LoCoBotRos/interbotix_ws/install/srdfdom:/home/locobot/LoCoBotRos/interbotix_ws/install/moveit_resources_pr2_description:/home/locobot/LoCoBotRos/interbotix_ws/install/moveit_resources_panda_description:/home/locobot/LoCoBotRos/interbotix_ws/install/moveit_common:/home/locobot/LoCoBotRos/interbotix_ws/install/launch_param_builder:${AMENT_PREFIX_PATH} CMAKE_PREFIX_PATH=/home/locobot/LoCoBotRos/interbotix_ws/install/moveit_ros_occupancy_map_monitor:/home/locobot/LoCoBotRos/interbotix_ws/install/moveit_core:/home/locobot/LoCoBotRos/interbotix_ws/install/moveit_resources_panda_moveit_config:/home/locobot/LoCoBotRos/interbotix_ws/install/srdfdom:/home/locobot/LoCoBotRos/interbotix_ws/install/moveit_resources_pr2_description:/home/locobot/LoCoBotRos/interbotix_ws/install/moveit_resources_panda_description:/home/locobot/LoCoBotRos/interbotix_ws/install/moveit_common:/home/locobot/apriltag_ws/install/apriltag_ros:/opt/ros/humble LD_LIBRARY_PATH=/home/locobot/LoCoBotRos/interbotix_ws/install/moveit_ros_occupancy_map_monitor/lib:/home/locobot/LoCoBotRos/interbotix_ws/install/moveit_core/lib:/home/locobot/LoCoBotRos/interbotix_ws/install/srdfdom/lib:${LD_LIBRARY_PATH} PATH=/home/locobot/LoCoBotRos/interbotix_ws/install/moveit_core/bin:${PATH} PYTHONPATH=/home/locobot/LoCoBotRos/interbotix_ws/install/moveit_configs_utils/lib/python3.10/site-packages:/home/locobot/LoCoBotRos/interbotix_ws/install/srdfdom/local/lib/python3.10/dist-packages:/home/locobot/LoCoBotRos/interbotix_ws/install/launch_param_builder/lib/python3.10/site-packages:${PYTHONPATH} /usr/bin/cmake --build /home/locobot/LoCoBotRos/interbotix_ws/build/moveit_ros_planning -- -j16 -l16
[1.107s] [35m[1mConsolidate compiler generated dependencies of target moveit_collision_plugin_loader[0m
[1.107s] [35m[1mConsolidate compiler generated dependencies of target moveit_rdf_loader[0m
[1.108s] [35m[1mConsolidate compiler generated dependencies of target gmock_main[0m
[1.108s] [35m[1mConsolidate compiler generated dependencies of target gtest_main[0m
[1.108s] [35m[1mConsolidate compiler generated dependencies of target gtest[0m
[1.109s] [35m[1mConsolidate compiler generated dependencies of target moveit_planning_pipeline[0m
[1.109s] [35m[1mConsolidate compiler generated dependencies of target gmock[0m
[1.110s] [35m[1mConsolidate compiler generated dependencies of target moveit_list_request_adapter_plugins[0m
[1.116s] [35m[1mConsolidate compiler generated dependencies of target moveit_default_planning_request_adapter_plugins[0m
[1.119s] [  1%] [32mBuilding CXX object gtest/CMakeFiles/gtest.dir/src/gtest-all.cc.o[0m
[1.121s] [  2%] [32mBuilding CXX object gmock/CMakeFiles/gmock_main.dir/src/gmock_main.cc.o[0m
[1.121s] [  4%] [32mBuilding CXX object gtest/CMakeFiles/gtest_main.dir/src/gtest_main.cc.o[0m
[1.122s] [  5%] [32mBuilding CXX object gmock/CMakeFiles/gmock.dir/src/gmock-all.cc.o[0m
[1.123s] [  7%] [32mBuilding CXX object gmock/CMakeFiles/gmock.dir/opt/ros/humble/src/gtest_vendor/src/gtest-all.cc.o[0m
[1.124s] [  8%] [32mBuilding CXX object rdf_loader/CMakeFiles/moveit_rdf_loader.dir/src/rdf_loader.cpp.o[0m
[1.125s] [ 10%] [32mBuilding CXX object collision_plugin_loader/CMakeFiles/moveit_collision_plugin_loader.dir/src/collision_plugin_loader.cpp.o[0m
[1.125s] [ 11%] [32mBuilding CXX object rdf_loader/CMakeFiles/moveit_rdf_loader.dir/src/synchronized_string_parameter.cpp.o[0m
[1.127s] [ 13%] [32mBuilding CXX object planning_pipeline/CMakeFiles/moveit_planning_pipeline.dir/src/planning_pipeline.cpp.o[0m
[1.132s] [ 14%] [32mBuilding CXX object planning_request_adapter_plugins/CMakeFiles/moveit_list_request_adapter_plugins.dir/src/list.cpp.o[0m
[1.179s] [ 16%] [32mBuilding CXX object planning_request_adapter_plugins/CMakeFiles/moveit_default_planning_request_adapter_plugins.dir/src/empty.cpp.o[0m
[1.179s] [ 17%] [32mBuilding CXX object planning_request_adapter_plugins/CMakeFiles/moveit_default_planning_request_adapter_plugins.dir/src/fix_start_state_bounds.cpp.o[0m
[1.179s] [ 19%] [32mBuilding CXX object planning_request_adapter_plugins/CMakeFiles/moveit_default_planning_request_adapter_plugins.dir/src/fix_start_state_collision.cpp.o[0m
[1.179s] [ 20%] [32mBuilding CXX object planning_request_adapter_plugins/CMakeFiles/moveit_default_planning_request_adapter_plugins.dir/src/fix_start_state_path_constraints.cpp.o[0m
[1.182s] [ 22%] [32mBuilding CXX object planning_request_adapter_plugins/CMakeFiles/moveit_default_planning_request_adapter_plugins.dir/src/fix_workspace_bounds.cpp.o[0m
[1.185s] [ 23%] [32mBuilding CXX object planning_request_adapter_plugins/CMakeFiles/moveit_default_planning_request_adapter_plugins.dir/src/add_time_parameterization.cpp.o[0m
[2.579s] [ 25%] [32m[1mLinking CXX static library libgtest_main.a[0m
[2.638s] [ 25%] Built target gtest_main
[2.652s] [ 26%] [32mBuilding CXX object planning_request_adapter_plugins/CMakeFiles/moveit_default_planning_request_adapter_plugins.dir/src/add_ruckig_traj_smoothing.cpp.o[0m
[3.080s] [ 27%] [32m[1mLinking CXX static library libgmock_main.a[0m
[3.125s] [ 27%] Built target gmock_main
[3.139s] [ 29%] [32mBuilding CXX object planning_request_adapter_plugins/CMakeFiles/moveit_default_planning_request_adapter_plugins.dir/src/add_iterative_spline_parameterization.cpp.o[0m
[6.261s] [ 30%] [32mBuilding CXX object planning_request_adapter_plugins/CMakeFiles/moveit_default_planning_request_adapter_plugins.dir/src/add_time_optimal_parameterization.cpp.o[0m
[8.604s] [ 32%] [32mBuilding CXX object planning_request_adapter_plugins/CMakeFiles/moveit_default_planning_request_adapter_plugins.dir/src/resolve_constraint_frames.cpp.o[0m
[13.629s] [ 33%] [32m[1mLinking CXX static library libgtest.a[0m
[13.711s] [ 33%] Built target gtest
[14.065s] [ 35%] [32m[1mLinking CXX static library libgmock.a[0m
[14.157s] [ 35%] Built target gmock
[16.698s] [ 36%] [32m[1mLinking CXX shared library libmoveit_collision_plugin_loader.so[0m
[17.016s] [ 36%] Built target moveit_collision_plugin_loader
[20.768s] [ 38%] [32m[1mLinking CXX shared library libmoveit_rdf_loader.so[0m
[20.998s] [ 38%] Built target moveit_rdf_loader
[21.008s] [35m[1mConsolidate compiler generated dependencies of target moveit_kinematics_plugin_loader[0m
[21.008s] [35m[1mConsolidate compiler generated dependencies of target moveit_constraint_sampler_manager_loader[0m
[21.025s] [ 39%] [32mBuilding CXX object kinematics_plugin_loader/CMakeFiles/moveit_kinematics_plugin_loader.dir/src/kinematics_plugin_loader.cpp.o[0m
[21.025s] [ 41%] [32mBuilding CXX object constraint_sampler_manager_loader/CMakeFiles/moveit_constraint_sampler_manager_loader.dir/src/constraint_sampler_manager_loader.cpp.o[0m
[22.182s] [ 42%] [32m[1mLinking CXX shared library libmoveit_default_planning_request_adapter_plugins.so[0m
[22.386s] [ 42%] Built target moveit_default_planning_request_adapter_plugins
[22.511s] [ 44%] [32m[1mLinking CXX executable moveit_list_request_adapter_plugins[0m
[22.699s] [ 44%] Built target moveit_list_request_adapter_plugins
[28.182s] [ 45%] [32m[1mLinking CXX shared library libmoveit_planning_pipeline.so[0m
[28.364s] [ 45%] Built target moveit_planning_pipeline
[31.059s] [ 47%] [32m[1mLinking CXX shared library libmoveit_kinematics_plugin_loader.so[0m
[31.222s] [ 47%] Built target moveit_kinematics_plugin_loader
[31.234s] [35m[1mConsolidate compiler generated dependencies of target moveit_robot_model_loader[0m
[31.249s] [ 48%] [32mBuilding CXX object robot_model_loader/CMakeFiles/moveit_robot_model_loader.dir/src/robot_model_loader.cpp.o[0m
[31.977s] [ 50%] [32m[1mLinking CXX shared library libmoveit_constraint_sampler_manager_loader.so[0m
[32.215s] [ 50%] Built target moveit_constraint_sampler_manager_loader
[36.252s] [ 51%] [32m[1mLinking CXX shared library libmoveit_robot_model_loader.so[0m
[36.392s] [ 51%] Built target moveit_robot_model_loader
[36.401s] [35m[1mConsolidate compiler generated dependencies of target moveit_print_planning_model_info[0m
[36.406s] [35m[1mConsolidate compiler generated dependencies of target moveit_planning_scene_monitor[0m
[36.416s] [ 52%] [32mBuilding CXX object planning_components_tools/CMakeFiles/moveit_print_planning_model_info.dir/src/print_planning_model_info.cpp.o[0m
[36.437s] [ 54%] [32mBuilding CXX object planning_scene_monitor/CMakeFiles/moveit_planning_scene_monitor.dir/src/current_state_monitor.cpp.o[0m
[36.437s] [ 55%] [32mBuilding CXX object planning_scene_monitor/CMakeFiles/moveit_planning_scene_monitor.dir/src/planning_scene_monitor.cpp.o[0m
[36.438s] [ 57%] [32mBuilding CXX object planning_scene_monitor/CMakeFiles/moveit_planning_scene_monitor.dir/src/current_state_monitor_middleware_handle.cpp.o[0m
[36.440s] [ 58%] [32mBuilding CXX object planning_scene_monitor/CMakeFiles/moveit_planning_scene_monitor.dir/src/trajectory_monitor_middleware_handle.cpp.o[0m
[36.442s] [ 60%] [32mBuilding CXX object planning_scene_monitor/CMakeFiles/moveit_planning_scene_monitor.dir/src/trajectory_monitor.cpp.o[0m
[41.830s] [ 61%] [32m[1mLinking CXX executable moveit_print_planning_model_info[0m
[42.065s] [ 61%] Built target moveit_print_planning_model_info
[64.803s] [ 63%] [32m[1mLinking CXX shared library libmoveit_planning_scene_monitor.so[0m
[65.132s] [ 63%] Built target moveit_planning_scene_monitor
[65.142s] [35m[1mConsolidate compiler generated dependencies of target current_state_monitor_tests[0m
[65.142s] [35m[1mConsolidate compiler generated dependencies of target trajectory_monitor_tests[0m
[65.142s] [35m[1mConsolidate compiler generated dependencies of target demo_scene[0m
[65.142s] [35m[1mConsolidate compiler generated dependencies of target planning_scene_monitor_test[0m
[65.143s] [35m[1mConsolidate compiler generated dependencies of target moveit_evaluate_collision_checking_speed[0m
[65.143s] [35m[1mConsolidate compiler generated dependencies of target moveit_publish_scene_from_text[0m
[65.144s] [35m[1mConsolidate compiler generated dependencies of target moveit_print_planning_scene_info[0m
[65.145s] [35m[1mConsolidate compiler generated dependencies of target moveit_visualize_robot_collision_volume[0m
[65.146s] [35m[1mConsolidate compiler generated dependencies of target moveit_trajectory_execution_manager[0m
[65.148s] [35m[1mConsolidate compiler generated dependencies of target moveit_display_random_state[0m
[65.161s] [ 64%] [32mBuilding CXX object planning_scene_monitor/CMakeFiles/current_state_monitor_tests.dir/test/current_state_monitor_tests.cpp.o[0m
[65.164s] [ 66%] [32mBuilding CXX object planning_scene_monitor/CMakeFiles/trajectory_monitor_tests.dir/test/trajectory_monitor_tests.cpp.o[0m
[65.164s] [ 69%] [32mBuilding CXX object planning_components_tools/CMakeFiles/moveit_publish_scene_from_text.dir/src/publish_scene_from_text.cpp.o[0m
[65.164s] [ 69%] [32mBuilding CXX object planning_components_tools/CMakeFiles/moveit_evaluate_collision_checking_speed.dir/src/evaluate_collision_checking_speed.cpp.o[0m
[65.166s] [ 70%] [32mBuilding CXX object planning_scene_monitor/CMakeFiles/planning_scene_monitor_test.dir/test/planning_scene_monitor_test.cpp.o[0m
[65.167s] [ 73%] [32mBuilding CXX object planning_scene_monitor/CMakeFiles/demo_scene.dir/demos/demo_scene.cpp.o[0m
[65.167s] [ 73%] [32mBuilding CXX object planning_components_tools/CMakeFiles/moveit_print_planning_scene_info.dir/src/print_planning_scene_info.cpp.o[0m
[65.173s] [ 75%] [32mBuilding CXX object trajectory_execution_manager/CMakeFiles/moveit_trajectory_execution_manager.dir/src/trajectory_execution_manager.cpp.o[0m
[65.174s] [ 76%] [32mBuilding CXX object planning_components_tools/CMakeFiles/moveit_display_random_state.dir/src/display_random_state.cpp.o[0m
[65.174s] [ 77%] [32mBuilding CXX object planning_components_tools/CMakeFiles/moveit_visualize_robot_collision_volume.dir/src/visualize_robot_collision_volume.cpp.o[0m
[77.069s] [ 79%] [32m[1mLinking CXX executable moveit_print_planning_scene_info[0m
[77.397s] [ 79%] Built target moveit_print_planning_scene_info
[79.640s] [ 80%] [32m[1mLinking CXX executable planning_scene_monitor_test[0m
[80.020s] [ 80%] Built target planning_scene_monitor_test
[80.091s] [ 82%] [32m[1mLinking CXX executable trajectory_monitor_tests[0m
[80.535s] [ 82%] Built target trajectory_monitor_tests
[81.001s] [ 83%] [32m[1mLinking CXX executable moveit_publish_scene_from_text[0m
[81.197s] [ 85%] [32m[1mLinking CXX executable moveit_display_random_state[0m
[81.334s] [ 85%] Built target moveit_publish_scene_from_text
[81.506s] [ 85%] Built target moveit_display_random_state
[82.492s] [ 86%] [32m[1mLinking CXX executable demo_scene[0m
[82.604s] [ 88%] [32m[1mLinking CXX executable moveit_visualize_robot_collision_volume[0m
[82.657s] [ 88%] Built target demo_scene
[82.883s] [ 88%] Built target moveit_visualize_robot_collision_volume
[83.282s] [ 89%] [32m[1mLinking CXX executable current_state_monitor_tests[0m
[83.363s] [ 91%] [32m[1mLinking CXX executable moveit_evaluate_collision_checking_speed[0m
[83.621s] [ 91%] Built target current_state_monitor_tests
[83.644s] [ 91%] Built target moveit_evaluate_collision_checking_speed
[91.422s] [ 92%] [32m[1mLinking CXX shared library libmoveit_trajectory_execution_manager.so[0m
[91.644s] [ 92%] Built target moveit_trajectory_execution_manager
[91.653s] [35m[1mConsolidate compiler generated dependencies of target moveit_plan_execution[0m
[91.654s] [35m[1mConsolidate compiler generated dependencies of target moveit_cpp[0m
[91.673s] [ 94%] [32mBuilding CXX object plan_execution/CMakeFiles/moveit_plan_execution.dir/src/plan_execution.cpp.o[0m
[91.676s] [ 95%] [32mBuilding CXX object moveit_cpp/CMakeFiles/moveit_cpp.dir/src/moveit_cpp.cpp.o[0m
[91.678s] [ 97%] [32mBuilding CXX object moveit_cpp/CMakeFiles/moveit_cpp.dir/src/planning_component.cpp.o[0m
[101.309s] [ 98%] [32m[1mLinking CXX shared library libmoveit_plan_execution.so[0m
[101.502s] [ 98%] Built target moveit_plan_execution
[105.069s] [100%] [32m[1mLinking CXX shared library libmoveit_cpp.so[0m
[105.278s] [100%] Built target moveit_cpp
[105.290s] Invoked command in '/home/locobot/LoCoBotRos/interbotix_ws/build/moveit_ros_planning' returned '0': AMENT_PREFIX_PATH=/home/locobot/LoCoBotRos/interbotix_ws/install/moveit_ros_occupancy_map_monitor:/home/locobot/LoCoBotRos/interbotix_ws/install/moveit_core:/home/locobot/LoCoBotRos/interbotix_ws/install/moveit_resources_panda_moveit_config:/home/locobot/LoCoBotRos/interbotix_ws/install/moveit_configs_utils:/home/locobot/LoCoBotRos/interbotix_ws/install/srdfdom:/home/locobot/LoCoBotRos/interbotix_ws/install/moveit_resources_pr2_description:/home/locobot/LoCoBotRos/interbotix_ws/install/moveit_resources_panda_description:/home/locobot/LoCoBotRos/interbotix_ws/install/moveit_common:/home/locobot/LoCoBotRos/interbotix_ws/install/launch_param_builder:${AMENT_PREFIX_PATH} CMAKE_PREFIX_PATH=/home/locobot/LoCoBotRos/interbotix_ws/install/moveit_ros_occupancy_map_monitor:/home/locobot/LoCoBotRos/interbotix_ws/install/moveit_core:/home/locobot/LoCoBotRos/interbotix_ws/install/moveit_resources_panda_moveit_config:/home/locobot/LoCoBotRos/interbotix_ws/install/srdfdom:/home/locobot/LoCoBotRos/interbotix_ws/install/moveit_resources_pr2_description:/home/locobot/LoCoBotRos/interbotix_ws/install/moveit_resources_panda_description:/home/locobot/LoCoBotRos/interbotix_ws/install/moveit_common:/home/locobot/apriltag_ws/install/apriltag_ros:/opt/ros/humble LD_LIBRARY_PATH=/home/locobot/LoCoBotRos/interbotix_ws/install/moveit_ros_occupancy_map_monitor/lib:/home/locobot/LoCoBotRos/interbotix_ws/install/moveit_core/lib:/home/locobot/LoCoBotRos/interbotix_ws/install/srdfdom/lib:${LD_LIBRARY_PATH} PATH=/home/locobot/LoCoBotRos/interbotix_ws/install/moveit_core/bin:${PATH} PYTHONPATH=/home/locobot/LoCoBotRos/interbotix_ws/install/moveit_configs_utils/lib/python3.10/site-packages:/home/locobot/LoCoBotRos/interbotix_ws/install/srdfdom/local/lib/python3.10/dist-packages:/home/locobot/LoCoBotRos/interbotix_ws/install/launch_param_builder/lib/python3.10/site-packages:${PYTHONPATH} /usr/bin/cmake --build /home/locobot/LoCoBotRos/interbotix_ws/build/moveit_ros_planning -- -j16 -l16
[105.293s] Invoking command in '/home/locobot/LoCoBotRos/interbotix_ws/build/moveit_ros_planning': AMENT_PREFIX_PATH=/home/locobot/LoCoBotRos/interbotix_ws/install/moveit_ros_occupancy_map_monitor:/home/locobot/LoCoBotRos/interbotix_ws/install/moveit_core:/home/locobot/LoCoBotRos/interbotix_ws/install/moveit_resources_panda_moveit_config:/home/locobot/LoCoBotRos/interbotix_ws/install/moveit_configs_utils:/home/locobot/LoCoBotRos/interbotix_ws/install/srdfdom:/home/locobot/LoCoBotRos/interbotix_ws/install/moveit_resources_pr2_description:/home/locobot/LoCoBotRos/interbotix_ws/install/moveit_resources_panda_description:/home/locobot/LoCoBotRos/interbotix_ws/install/moveit_common:/home/locobot/LoCoBotRos/interbotix_ws/install/launch_param_builder:${AMENT_PREFIX_PATH} CMAKE_PREFIX_PATH=/home/locobot/LoCoBotRos/interbotix_ws/install/moveit_ros_occupancy_map_monitor:/home/locobot/LoCoBotRos/interbotix_ws/install/moveit_core:/home/locobot/LoCoBotRos/interbotix_ws/install/moveit_resources_panda_moveit_config:/home/locobot/LoCoBotRos/interbotix_ws/install/srdfdom:/home/locobot/LoCoBotRos/interbotix_ws/install/moveit_resources_pr2_description:/home/locobot/LoCoBotRos/interbotix_ws/install/moveit_resources_panda_description:/home/locobot/LoCoBotRos/interbotix_ws/install/moveit_common:/home/locobot/apriltag_ws/install/apriltag_ros:/opt/ros/humble LD_LIBRARY_PATH=/home/locobot/LoCoBotRos/interbotix_ws/install/moveit_ros_occupancy_map_monitor/lib:/home/locobot/LoCoBotRos/interbotix_ws/install/moveit_core/lib:/home/locobot/LoCoBotRos/interbotix_ws/install/srdfdom/lib:${LD_LIBRARY_PATH} PATH=/home/locobot/LoCoBotRos/interbotix_ws/install/moveit_core/bin:${PATH} PYTHONPATH=/home/locobot/LoCoBotRos/interbotix_ws/install/moveit_configs_utils/lib/python3.10/site-packages:/home/locobot/LoCoBotRos/interbotix_ws/install/srdfdom/local/lib/python3.10/dist-packages:/home/locobot/LoCoBotRos/interbotix_ws/install/launch_param_builder/lib/python3.10/site-packages:${PYTHONPATH} /usr/bin/cmake --install /home/locobot/LoCoBotRos/interbotix_ws/build/moveit_ros_planning
[105.299s] -- Install configuration: "Release"
[105.299s] -- Up-to-date: /home/locobot/LoCoBotRos/interbotix_ws/install/moveit_ros_planning/include
[105.299s] -- Up-to-date: /home/locobot/LoCoBotRos/interbotix_ws/install/moveit_ros_planning/include/moveit
[105.299s] -- Up-to-date: /home/locobot/LoCoBotRos/interbotix_ws/install/moveit_ros_planning/include/moveit/rdf_loader
[105.299s] -- Up-to-date: /home/locobot/LoCoBotRos/interbotix_ws/install/moveit_ros_planning/include/moveit/rdf_loader/rdf_loader.h
[105.299s] -- Up-to-date: /home/locobot/LoCoBotRos/interbotix_ws/install/moveit_ros_planning/include/moveit/rdf_loader/synchronized_string_parameter.h
[105.299s] -- Up-to-date: /home/locobot/LoCoBotRos/interbotix_ws/install/moveit_ros_planning/share/moveit_ros_planning/rdf_loader/test/data
[105.300s] -- Up-to-date: /home/locobot/LoCoBotRos/interbotix_ws/install/moveit_ros_planning/share/moveit_ros_planning/rdf_loader/test/data/gonzo.urdf
[105.300s] -- Up-to-date: /home/locobot/LoCoBotRos/interbotix_ws/install/moveit_ros_planning/share/moveit_ros_planning/rdf_loader/test/data/kermit.srdf
[105.300s] -- Up-to-date: /home/locobot/LoCoBotRos/interbotix_ws/install/moveit_ros_planning/share/moveit_ros_planning/rdf_loader/test/data/gonzo.srdf
[105.300s] -- Up-to-date: /home/locobot/LoCoBotRos/interbotix_ws/install/moveit_ros_planning/share/moveit_ros_planning/rdf_loader/test/data/kermit.urdf
[105.300s] -- Up-to-date: /home/locobot/LoCoBotRos/interbotix_ws/install/moveit_ros_planning/share/moveit_ros_planning/rdf_loader/test/data/robin.srdf.xacro
[105.300s] -- Up-to-date: /home/locobot/LoCoBotRos/interbotix_ws/install/moveit_ros_planning/share/moveit_ros_planning/rdf_loader/test/launch
[105.300s] -- Up-to-date: /home/locobot/LoCoBotRos/interbotix_ws/install/moveit_ros_planning/share/moveit_ros_planning/rdf_loader/test/launch/test_rdf_integration.test.py
[105.300s] -- Up-to-date: /home/locobot/LoCoBotRos/interbotix_ws/install/moveit_ros_planning/include
[105.300s] -- Up-to-date: /home/locobot/LoCoBotRos/interbotix_ws/install/moveit_ros_planning/include/moveit
[105.300s] -- Up-to-date: /home/locobot/LoCoBotRos/interbotix_ws/install/moveit_ros_planning/include/moveit/collision_plugin_loader
[105.300s] -- Up-to-date: /home/locobot/LoCoBotRos/interbotix_ws/install/moveit_ros_planning/include/moveit/collision_plugin_loader/collision_plugin_loader.h
[105.301s] -- Up-to-date: /home/locobot/LoCoBotRos/interbotix_ws/install/moveit_ros_planning/include
[105.301s] -- Up-to-date: /home/locobot/LoCoBotRos/interbotix_ws/install/moveit_ros_planning/include/moveit
[105.301s] -- Up-to-date: /home/locobot/LoCoBotRos/interbotix_ws/install/moveit_ros_planning/include/moveit/kinematics_plugin_loader
[105.301s] -- Up-to-date: /home/locobot/LoCoBotRos/interbotix_ws/install/moveit_ros_planning/include/moveit/kinematics_plugin_loader/kinematics_plugin_loader.h
[105.301s] -- Up-to-date: /home/locobot/LoCoBotRos/interbotix_ws/install/moveit_ros_planning/include
[105.301s] -- Up-to-date: /home/locobot/LoCoBotRos/interbotix_ws/install/moveit_ros_planning/include/moveit
[105.301s] -- Up-to-date: /home/locobot/LoCoBotRos/interbotix_ws/install/moveit_ros_planning/include/moveit/robot_model_loader
[105.301s] -- Up-to-date: /home/locobot/LoCoBotRos/interbotix_ws/install/moveit_ros_planning/include/moveit/robot_model_loader/robot_model_loader.h
[105.301s] -- Up-to-date: /home/locobot/LoCoBotRos/interbotix_ws/install/moveit_ros_planning/include
[105.301s] -- Up-to-date: /home/locobot/LoCoBotRos/interbotix_ws/install/moveit_ros_planning/include/moveit
[105.301s] -- Up-to-date: /home/locobot/LoCoBotRos/interbotix_ws/install/moveit_ros_planning/include/moveit/constraint_sampler_manager_loader
[105.301s] -- Up-to-date: /home/locobot/LoCoBotRos/interbotix_ws/install/moveit_ros_planning/include/moveit/constraint_sampler_manager_loader/constraint_sampler_manager_loader.h
[105.301s] -- Up-to-date: /home/locobot/LoCoBotRos/interbotix_ws/install/moveit_ros_planning/include
[105.301s] -- Up-to-date: /home/locobot/LoCoBotRos/interbotix_ws/install/moveit_ros_planning/include/moveit
[105.301s] -- Up-to-date: /home/locobot/LoCoBotRos/interbotix_ws/install/moveit_ros_planning/include/moveit/planning_pipeline
[105.302s] -- Up-to-date: /home/locobot/LoCoBotRos/interbotix_ws/install/moveit_ros_planning/include/moveit/planning_pipeline/planning_pipeline.h
[105.302s] -- Up-to-date: /home/locobot/LoCoBotRos/interbotix_ws/install/moveit_ros_planning/include/moveit_planning_pipeline_export.h
[105.302s] -- Installing: /home/locobot/LoCoBotRos/interbotix_ws/install/moveit_ros_planning/lib/moveit_ros_planning/moveit_list_request_adapter_plugins
[105.302s] -- Set runtime path of "/home/locobot/LoCoBotRos/interbotix_ws/install/moveit_ros_planning/lib/moveit_ros_planning/moveit_list_request_adapter_plugins" to ""
[105.302s] -- Installing: /home/locobot/LoCoBotRos/interbotix_ws/install/moveit_ros_planning/lib/moveit_ros_planning/demo_scene
[105.302s] -- Set runtime path of "/home/locobot/LoCoBotRos/interbotix_ws/install/moveit_ros_planning/lib/moveit_ros_planning/demo_scene" to ""
[105.302s] -- Up-to-date: /home/locobot/LoCoBotRos/interbotix_ws/install/moveit_ros_planning/include
[105.302s] -- Up-to-date: /home/locobot/LoCoBotRos/interbotix_ws/install/moveit_ros_planning/include/moveit
[105.302s] -- Up-to-date: /home/locobot/LoCoBotRos/interbotix_ws/install/moveit_ros_planning/include/moveit/planning_scene_monitor
[105.302s] -- Up-to-date: /home/locobot/LoCoBotRos/interbotix_ws/install/moveit_ros_planning/include/moveit/planning_scene_monitor/trajectory_monitor.h
[105.302s] -- Up-to-date: /home/locobot/LoCoBotRos/interbotix_ws/install/moveit_ros_planning/include/moveit/planning_scene_monitor/current_state_monitor_middleware_handle.hpp
[105.302s] -- Up-to-date: /home/locobot/LoCoBotRos/interbotix_ws/install/moveit_ros_planning/include/moveit/planning_scene_monitor/current_state_monitor.h
[105.302s] -- Up-to-date: /home/locobot/LoCoBotRos/interbotix_ws/install/moveit_ros_planning/include/moveit/planning_scene_monitor/trajectory_monitor_middleware_handle.hpp
[105.302s] -- Up-to-date: /home/locobot/LoCoBotRos/interbotix_ws/install/moveit_ros_planning/include/moveit/planning_scene_monitor/planning_scene_monitor.h
[105.302s] -- Up-to-date: /home/locobot/LoCoBotRos/interbotix_ws/install/moveit_ros_planning/include/moveit_planning_scene_monitor_export.h
[105.303s] -- Installing: /home/locobot/LoCoBotRos/interbotix_ws/install/moveit_ros_planning/lib/moveit_ros_planning/moveit_print_planning_model_info
[105.303s] -- Set runtime path of "/home/locobot/LoCoBotRos/interbotix_ws/install/moveit_ros_planning/lib/moveit_ros_planning/moveit_print_planning_model_info" to ""
[105.303s] -- Installing: /home/locobot/LoCoBotRos/interbotix_ws/install/moveit_ros_planning/lib/moveit_ros_planning/moveit_print_planning_scene_info
[105.303s] -- Set runtime path of "/home/locobot/LoCoBotRos/interbotix_ws/install/moveit_ros_planning/lib/moveit_ros_planning/moveit_print_planning_scene_info" to ""
[105.303s] -- Installing: /home/locobot/LoCoBotRos/interbotix_ws/install/moveit_ros_planning/lib/moveit_ros_planning/moveit_display_random_state
[105.303s] -- Set runtime path of "/home/locobot/LoCoBotRos/interbotix_ws/install/moveit_ros_planning/lib/moveit_ros_planning/moveit_display_random_state" to ""
[105.303s] -- Installing: /home/locobot/LoCoBotRos/interbotix_ws/install/moveit_ros_planning/lib/moveit_ros_planning/moveit_visualize_robot_collision_volume
[105.304s] -- Set runtime path of "/home/locobot/LoCoBotRos/interbotix_ws/install/moveit_ros_planning/lib/moveit_ros_planning/moveit_visualize_robot_collision_volume" to ""
[105.304s] -- Installing: /home/locobot/LoCoBotRos/interbotix_ws/install/moveit_ros_planning/lib/moveit_ros_planning/moveit_evaluate_collision_checking_speed
[105.304s] -- Set runtime path of "/home/locobot/LoCoBotRos/interbotix_ws/install/moveit_ros_planning/lib/moveit_ros_planning/moveit_evaluate_collision_checking_speed" to ""
[105.305s] -- Installing: /home/locobot/LoCoBotRos/interbotix_ws/install/moveit_ros_planning/lib/moveit_ros_planning/moveit_publish_scene_from_text
[105.305s] -- Set runtime path of "/home/locobot/LoCoBotRos/interbotix_ws/install/moveit_ros_planning/lib/moveit_ros_planning/moveit_publish_scene_from_text" to ""
[105.305s] -- Up-to-date: /home/locobot/LoCoBotRos/interbotix_ws/install/moveit_ros_planning/include
[105.305s] -- Up-to-date: /home/locobot/LoCoBotRos/interbotix_ws/install/moveit_ros_planning/include/moveit
[105.305s] -- Up-to-date: /home/locobot/LoCoBotRos/interbotix_ws/install/moveit_ros_planning/include/moveit/trajectory_execution_manager
[105.306s] -- Up-to-date: /home/locobot/LoCoBotRos/interbotix_ws/install/moveit_ros_planning/include/moveit/trajectory_execution_manager/trajectory_execution_manager.h
[105.306s] -- Up-to-date: /home/locobot/LoCoBotRos/interbotix_ws/install/moveit_ros_planning/include/moveit_trajectory_execution_manager_export.h
[105.306s] -- Up-to-date: /home/locobot/LoCoBotRos/interbotix_ws/install/moveit_ros_planning/include
[105.306s] -- Up-to-date: /home/locobot/LoCoBotRos/interbotix_ws/install/moveit_ros_planning/include/moveit
[105.306s] -- Up-to-date: /home/locobot/LoCoBotRos/interbotix_ws/install/moveit_ros_planning/include/moveit/plan_execution
[105.306s] -- Up-to-date: /home/locobot/LoCoBotRos/interbotix_ws/install/moveit_ros_planning/include/moveit/plan_execution/plan_representation.h
[105.306s] -- Up-to-date: /home/locobot/LoCoBotRos/interbotix_ws/install/moveit_ros_planning/include/moveit/plan_execution/plan_execution.h
[105.306s] -- Up-to-date: /home/locobot/LoCoBotRos/interbotix_ws/install/moveit_ros_planning/include
[105.306s] -- Up-to-date: /home/locobot/LoCoBotRos/interbotix_ws/install/moveit_ros_planning/include/moveit
[105.306s] -- Up-to-date: /home/locobot/LoCoBotRos/interbotix_ws/install/moveit_ros_planning/include/moveit/moveit_cpp
[105.306s] -- Up-to-date: /home/locobot/LoCoBotRos/interbotix_ws/install/moveit_ros_planning/include/moveit/moveit_cpp/planning_component.h
[105.307s] -- Up-to-date: /home/locobot/LoCoBotRos/interbotix_ws/install/moveit_ros_planning/include/moveit/moveit_cpp/moveit_cpp.h
[105.307s] -- Installing: /home/locobot/LoCoBotRos/interbotix_ws/install/moveit_ros_planning/lib/libmoveit_rdf_loader.so.2.5.9
[105.309s] -- Set runtime path of "/home/locobot/LoCoBotRos/interbotix_ws/install/moveit_ros_planning/lib/libmoveit_rdf_loader.so.2.5.9" to ""
[105.309s] -- Up-to-date: /home/locobot/LoCoBotRos/interbotix_ws/install/moveit_ros_planning/lib/libmoveit_rdf_loader.so
[105.309s] -- Installing: /home/locobot/LoCoBotRos/interbotix_ws/install/moveit_ros_planning/lib/libmoveit_kinematics_plugin_loader.so.2.5.9
[105.310s] -- Set runtime path of "/home/locobot/LoCoBotRos/interbotix_ws/install/moveit_ros_planning/lib/libmoveit_kinematics_plugin_loader.so.2.5.9" to ""
[105.310s] -- Up-to-date: /home/locobot/LoCoBotRos/interbotix_ws/install/moveit_ros_planning/lib/libmoveit_kinematics_plugin_loader.so
[105.310s] -- Installing: /home/locobot/LoCoBotRos/interbotix_ws/install/moveit_ros_planning/lib/libmoveit_robot_model_loader.so.2.5.9
[105.310s] -- Set runtime path of "/home/locobot/LoCoBotRos/interbotix_ws/install/moveit_ros_planning/lib/libmoveit_robot_model_loader.so.2.5.9" to ""
[105.310s] -- Up-to-date: /home/locobot/LoCoBotRos/interbotix_ws/install/moveit_ros_planning/lib/libmoveit_robot_model_loader.so
[105.311s] -- Installing: /home/locobot/LoCoBotRos/interbotix_ws/install/moveit_ros_planning/lib/libmoveit_constraint_sampler_manager_loader.so.2.5.9
[105.311s] -- Set runtime path of "/home/locobot/LoCoBotRos/interbotix_ws/install/moveit_ros_planning/lib/libmoveit_constraint_sampler_manager_loader.so.2.5.9" to ""
[105.311s] -- Up-to-date: /home/locobot/LoCoBotRos/interbotix_ws/install/moveit_ros_planning/lib/libmoveit_constraint_sampler_manager_loader.so
[105.311s] -- Installing: /home/locobot/LoCoBotRos/interbotix_ws/install/moveit_ros_planning/lib/libmoveit_planning_pipeline.so.2.5.9
[105.313s] -- Set runtime path of "/home/locobot/LoCoBotRos/interbotix_ws/install/moveit_ros_planning/lib/libmoveit_planning_pipeline.so.2.5.9" to ""
[105.313s] -- Up-to-date: /home/locobot/LoCoBotRos/interbotix_ws/install/moveit_ros_planning/lib/libmoveit_planning_pipeline.so
[105.313s] -- Installing: /home/locobot/LoCoBotRos/interbotix_ws/install/moveit_ros_planning/lib/libmoveit_trajectory_execution_manager.so.2.5.9
[105.315s] -- Set runtime path of "/home/locobot/LoCoBotRos/interbotix_ws/install/moveit_ros_planning/lib/libmoveit_trajectory_execution_manager.so.2.5.9" to ""
[105.315s] -- Up-to-date: /home/locobot/LoCoBotRos/interbotix_ws/install/moveit_ros_planning/lib/libmoveit_trajectory_execution_manager.so
[105.315s] -- Installing: /home/locobot/LoCoBotRos/interbotix_ws/install/moveit_ros_planning/lib/libmoveit_plan_execution.so.2.5.9
[105.315s] -- Set runtime path of "/home/locobot/LoCoBotRos/interbotix_ws/install/moveit_ros_planning/lib/libmoveit_plan_execution.so.2.5.9" to ""
[105.315s] -- Up-to-date: /home/locobot/LoCoBotRos/interbotix_ws/install/moveit_ros_planning/lib/libmoveit_plan_execution.so
[105.315s] -- Installing: /home/locobot/LoCoBotRos/interbotix_ws/install/moveit_ros_planning/lib/libmoveit_planning_scene_monitor.so.2.5.9
[105.319s] -- Set runtime path of "/home/locobot/LoCoBotRos/interbotix_ws/install/moveit_ros_planning/lib/libmoveit_planning_scene_monitor.so.2.5.9" to ""
[105.319s] -- Up-to-date: /home/locobot/LoCoBotRos/interbotix_ws/install/moveit_ros_planning/lib/libmoveit_planning_scene_monitor.so
[105.319s] -- Installing: /home/locobot/LoCoBotRos/interbotix_ws/install/moveit_ros_planning/lib/libmoveit_collision_plugin_loader.so.2.5.9
[105.319s] -- Set runtime path of "/home/locobot/LoCoBotRos/interbotix_ws/install/moveit_ros_planning/lib/libmoveit_collision_plugin_loader.so.2.5.9" to ""
[105.320s] -- Up-to-date: /home/locobot/LoCoBotRos/interbotix_ws/install/moveit_ros_planning/lib/libmoveit_collision_plugin_loader.so
[105.320s] -- Installing: /home/locobot/LoCoBotRos/interbotix_ws/install/moveit_ros_planning/lib/libmoveit_default_planning_request_adapter_plugins.so.2.5.9
[105.320s] -- Set runtime path of "/home/locobot/LoCoBotRos/interbotix_ws/install/moveit_ros_planning/lib/libmoveit_default_planning_request_adapter_plugins.so.2.5.9" to ""
[105.320s] -- Up-to-date: /home/locobot/LoCoBotRos/interbotix_ws/install/moveit_ros_planning/lib/libmoveit_default_planning_request_adapter_plugins.so
[105.321s] -- Installing: /home/locobot/LoCoBotRos/interbotix_ws/install/moveit_ros_planning/lib/libmoveit_cpp.so.2.5.9
[105.321s] -- Set runtime path of "/home/locobot/LoCoBotRos/interbotix_ws/install/moveit_ros_planning/lib/libmoveit_cpp.so.2.5.9" to ""
[105.321s] -- Up-to-date: /home/locobot/LoCoBotRos/interbotix_ws/install/moveit_ros_planning/lib/libmoveit_cpp.so
[105.322s] -- Up-to-date: /home/locobot/LoCoBotRos/interbotix_ws/install/moveit_ros_planning/share/moveit_ros_planning/environment/library_path.sh
[105.322s] -- Installing: /home/locobot/LoCoBotRos/interbotix_ws/install/moveit_ros_planning/share/moveit_ros_planning/environment/library_path.dsv
[105.322s] -- Up-to-date: /home/locobot/LoCoBotRos/interbotix_ws/install/moveit_ros_planning/share/moveit_ros_planning/planning_request_adapters_plugin_description.xml
[105.322s] -- Up-to-date: /home/locobot/LoCoBotRos/interbotix_ws/install/moveit_ros_planning/share/ament_index/resource_index/package_run_dependencies/moveit_ros_planning
[105.322s] -- Up-to-date: /home/locobot/LoCoBotRos/interbotix_ws/install/moveit_ros_planning/share/ament_index/resource_index/parent_prefix_path/moveit_ros_planning
[105.322s] -- Up-to-date: /home/locobot/LoCoBotRos/interbotix_ws/install/moveit_ros_planning/share/moveit_ros_planning/environment/ament_prefix_path.sh
[105.322s] -- Installing: /home/locobot/LoCoBotRos/interbotix_ws/install/moveit_ros_planning/share/moveit_ros_planning/environment/ament_prefix_path.dsv
[105.322s] -- Up-to-date: /home/locobot/LoCoBotRos/interbotix_ws/install/moveit_ros_planning/share/moveit_ros_planning/environment/path.sh
[105.322s] -- Installing: /home/locobot/LoCoBotRos/interbotix_ws/install/moveit_ros_planning/share/moveit_ros_planning/environment/path.dsv
[105.322s] -- Up-to-date: /home/locobot/LoCoBotRos/interbotix_ws/install/moveit_ros_planning/share/moveit_ros_planning/local_setup.bash
[105.323s] -- Up-to-date: /home/locobot/LoCoBotRos/interbotix_ws/install/moveit_ros_planning/share/moveit_ros_planning/local_setup.sh
[105.323s] -- Up-to-date: /home/locobot/LoCoBotRos/interbotix_ws/install/moveit_ros_planning/share/moveit_ros_planning/local_setup.zsh
[105.323s] -- Installing: /home/locobot/LoCoBotRos/interbotix_ws/install/moveit_ros_planning/share/moveit_ros_planning/local_setup.dsv
[105.323s] -- Installing: /home/locobot/LoCoBotRos/interbotix_ws/install/moveit_ros_planning/share/moveit_ros_planning/package.dsv
[105.323s] -- Up-to-date: /home/locobot/LoCoBotRos/interbotix_ws/install/moveit_ros_planning/share/ament_index/resource_index/packages/moveit_ros_planning
[105.323s] -- Up-to-date: /home/locobot/LoCoBotRos/interbotix_ws/install/moveit_ros_planning/share/ament_index/resource_index/moveit_core__pluginlib__plugin/moveit_ros_planning
[105.323s] -- Up-to-date: /home/locobot/LoCoBotRos/interbotix_ws/install/moveit_ros_planning/share/moveit_ros_planning/cmake/export_moveit_ros_planningExport.cmake
[105.323s] -- Installing: /home/locobot/LoCoBotRos/interbotix_ws/install/moveit_ros_planning/share/moveit_ros_planning/cmake/export_moveit_ros_planningExport-release.cmake
[105.323s] -- Up-to-date: /home/locobot/LoCoBotRos/interbotix_ws/install/moveit_ros_planning/share/moveit_ros_planning/cmake/ConfigExtras.cmake
[105.323s] -- Up-to-date: /home/locobot/LoCoBotRos/interbotix_ws/install/moveit_ros_planning/share/moveit_ros_planning/cmake/ament_cmake_export_targets-extras.cmake
[105.323s] -- Up-to-date: /home/locobot/LoCoBotRos/interbotix_ws/install/moveit_ros_planning/share/moveit_ros_planning/cmake/ament_cmake_export_dependencies-extras.cmake
[105.323s] -- Up-to-date: /home/locobot/LoCoBotRos/interbotix_ws/install/moveit_ros_planning/share/moveit_ros_planning/cmake/moveit_ros_planningConfig.cmake
[105.323s] -- Up-to-date: /home/locobot/LoCoBotRos/interbotix_ws/install/moveit_ros_planning/share/moveit_ros_planning/cmake/moveit_ros_planningConfig-version.cmake
[105.323s] -- Up-to-date: /home/locobot/LoCoBotRos/interbotix_ws/install/moveit_ros_planning/share/moveit_ros_planning/package.xml
[105.326s] Invoked command in '/home/locobot/LoCoBotRos/interbotix_ws/build/moveit_ros_planning' returned '0': AMENT_PREFIX_PATH=/home/locobot/LoCoBotRos/interbotix_ws/install/moveit_ros_occupancy_map_monitor:/home/locobot/LoCoBotRos/interbotix_ws/install/moveit_core:/home/locobot/LoCoBotRos/interbotix_ws/install/moveit_resources_panda_moveit_config:/home/locobot/LoCoBotRos/interbotix_ws/install/moveit_configs_utils:/home/locobot/LoCoBotRos/interbotix_ws/install/srdfdom:/home/locobot/LoCoBotRos/interbotix_ws/install/moveit_resources_pr2_description:/home/locobot/LoCoBotRos/interbotix_ws/install/moveit_resources_panda_description:/home/locobot/LoCoBotRos/interbotix_ws/install/moveit_common:/home/locobot/LoCoBotRos/interbotix_ws/install/launch_param_builder:${AMENT_PREFIX_PATH} CMAKE_PREFIX_PATH=/home/locobot/LoCoBotRos/interbotix_ws/install/moveit_ros_occupancy_map_monitor:/home/locobot/LoCoBotRos/interbotix_ws/install/moveit_core:/home/locobot/LoCoBotRos/interbotix_ws/install/moveit_resources_panda_moveit_config:/home/locobot/LoCoBotRos/interbotix_ws/install/srdfdom:/home/locobot/LoCoBotRos/interbotix_ws/install/moveit_resources_pr2_description:/home/locobot/LoCoBotRos/interbotix_ws/install/moveit_resources_panda_description:/home/locobot/LoCoBotRos/interbotix_ws/install/moveit_common:/home/locobot/apriltag_ws/install/apriltag_ros:/opt/ros/humble LD_LIBRARY_PATH=/home/locobot/LoCoBotRos/interbotix_ws/install/moveit_ros_occupancy_map_monitor/lib:/home/locobot/LoCoBotRos/interbotix_ws/install/moveit_core/lib:/home/locobot/LoCoBotRos/interbotix_ws/install/srdfdom/lib:${LD_LIBRARY_PATH} PATH=/home/locobot/LoCoBotRos/interbotix_ws/install/moveit_core/bin:${PATH} PYTHONPATH=/home/locobot/LoCoBotRos/interbotix_ws/install/moveit_configs_utils/lib/python3.10/site-packages:/home/locobot/LoCoBotRos/interbotix_ws/install/srdfdom/local/lib/python3.10/dist-packages:/home/locobot/LoCoBotRos/interbotix_ws/install/launch_param_builder/lib/python3.10/site-packages:${PYTHONPATH} /usr/bin/cmake --install /home/locobot/LoCoBotRos/interbotix_ws/build/moveit_ros_planning
