-- Found ament_cmake_ros: 0.10.0 (/opt/ros/humble/share/ament_cmake_ros/cmake)
-- Configuring done
-- Generating done
-- Build files have been written to: /home/locobot/LoCoBotRos/interbotix_ws/build/ecl_lite
-- Install configuration: "Release"
-- Up-to-date: /home/locobot/LoCoBotRos/interbotix_ws/install/ecl_lite/share/ament_index/resource_index/package_run_dependencies/ecl_lite
-- Up-to-date: /home/locobot/LoCoBotRos/interbotix_ws/install/ecl_lite/share/ament_index/resource_index/parent_prefix_path/ecl_lite
-- Up-to-date: /home/locobot/LoCoBotRos/interbotix_ws/install/ecl_lite/share/ecl_lite/environment/ament_prefix_path.sh
-- Installing: /home/locobot/LoCoBotRos/interbotix_ws/install/ecl_lite/share/ecl_lite/environment/ament_prefix_path.dsv
-- Up-to-date: /home/locobot/LoCoBotRos/interbotix_ws/install/ecl_lite/share/ecl_lite/environment/path.sh
-- Installing: /home/locobot/LoCoBotRos/interbotix_ws/install/ecl_lite/share/ecl_lite/environment/path.dsv
-- Up-to-date: /home/locobot/LoCoBotRos/interbotix_ws/install/ecl_lite/share/ecl_lite/local_setup.bash
-- Up-to-date: /home/locobot/LoCoBotRos/interbotix_ws/install/ecl_lite/share/ecl_lite/local_setup.sh
-- Up-to-date: /home/locobot/LoCoBotRos/interbotix_ws/install/ecl_lite/share/ecl_lite/local_setup.zsh
-- Installing: /home/locobot/LoCoBotRos/interbotix_ws/install/ecl_lite/share/ecl_lite/local_setup.dsv
-- Installing: /home/locobot/LoCoBotRos/interbotix_ws/install/ecl_lite/share/ecl_lite/package.dsv
-- Up-to-date: /home/locobot/LoCoBotRos/interbotix_ws/install/ecl_lite/share/ament_index/resource_index/packages/ecl_lite
-- Up-to-date: /home/locobot/LoCoBotRos/interbotix_ws/install/ecl_lite/share/ecl_lite/cmake/ecl_liteConfig.cmake
-- Up-to-date: /home/locobot/LoCoBotRos/interbotix_ws/install/ecl_lite/share/ecl_lite/cmake/ecl_liteConfig-version.cmake
-- Up-to-date: /home/locobot/LoCoBotRos/interbotix_ws/install/ecl_lite/share/ecl_lite/package.xml
