[0.032s] Invoking command in '/home/locobot/LoCoBotRos/interbotix_ws/build/pilz_industrial_motion_planner': AMENT_PREFIX_PATH=/home/locobot/LoCoBotRos/interbotix_ws/install/moveit_resources_prbt_pg70_support:/home/locobot/LoCoBotRos/interbotix_ws/install/moveit_ros_planning_interface:/home/locobot/LoCoBotRos/interbotix_ws/install/moveit_resources_prbt_moveit_config:/home/locobot/LoCoBotRos/interbotix_ws/install/moveit_ros_move_group:/home/locobot/LoCoBotRos/interbotix_ws/install/moveit_ros_warehouse:/home/locobot/LoCoBotRos/interbotix_ws/install/moveit_planners_ompl:/home/locobot/LoCoBotRos/interbotix_ws/install/moveit_kinematics:/home/locobot/LoCoBotRos/interbotix_ws/install/moveit_ros_planning:/home/locobot/LoCoBotRos/interbotix_ws/install/pilz_industrial_motion_planner_testutils:/home/locobot/LoCoBotRos/interbotix_ws/install/moveit_simple_controller_manager:/home/locobot/LoCoBotRos/interbotix_ws/install/moveit_ros_occupancy_map_monitor:/home/locobot/LoCoBotRos/interbotix_ws/install/moveit_resources_prbt_ikfast_manipulator_plugin:/home/locobot/LoCoBotRos/interbotix_ws/install/moveit_core:/home/locobot/LoCoBotRos/interbotix_ws/install/moveit_resources_panda_moveit_config:/home/locobot/LoCoBotRos/interbotix_ws/install/moveit_resources_fanuc_moveit_config:/home/locobot/LoCoBotRos/interbotix_ws/install/moveit_configs_utils:/home/locobot/LoCoBotRos/interbotix_ws/install/srdfdom:/home/locobot/LoCoBotRos/interbotix_ws/install/moveit_resources_prbt_support:/home/locobot/LoCoBotRos/interbotix_ws/install/moveit_resources_pr2_description:/home/locobot/LoCoBotRos/interbotix_ws/install/moveit_resources_panda_description:/home/locobot/LoCoBotRos/interbotix_ws/install/moveit_resources_fanuc_description:/home/locobot/LoCoBotRos/interbotix_ws/install/moveit_common:/home/locobot/LoCoBotRos/interbotix_ws/install/launch_param_builder:${AMENT_PREFIX_PATH} CMAKE_PREFIX_PATH=/home/locobot/LoCoBotRos/interbotix_ws/install/moveit_resources_prbt_pg70_support:/home/locobot/LoCoBotRos/interbotix_ws/install/moveit_ros_planning_interface:/home/locobot/LoCoBotRos/interbotix_ws/install/moveit_resources_prbt_moveit_config:/home/locobot/LoCoBotRos/interbotix_ws/install/moveit_ros_move_group:/home/locobot/LoCoBotRos/interbotix_ws/install/moveit_ros_warehouse:/home/locobot/LoCoBotRos/interbotix_ws/install/moveit_planners_ompl:/home/locobot/LoCoBotRos/interbotix_ws/install/moveit_kinematics:/home/locobot/LoCoBotRos/interbotix_ws/install/moveit_ros_planning:/home/locobot/LoCoBotRos/interbotix_ws/install/pilz_industrial_motion_planner_testutils:/home/locobot/LoCoBotRos/interbotix_ws/install/moveit_simple_controller_manager:/home/locobot/LoCoBotRos/interbotix_ws/install/moveit_ros_occupancy_map_monitor:/home/locobot/LoCoBotRos/interbotix_ws/install/moveit_resources_prbt_ikfast_manipulator_plugin:/home/locobot/LoCoBotRos/interbotix_ws/install/moveit_core:/home/locobot/LoCoBotRos/interbotix_ws/install/moveit_resources_panda_moveit_config:/home/locobot/LoCoBotRos/interbotix_ws/install/moveit_resources_fanuc_moveit_config:/home/locobot/LoCoBotRos/interbotix_ws/install/srdfdom:/home/locobot/LoCoBotRos/interbotix_ws/install/moveit_resources_prbt_support:/home/locobot/LoCoBotRos/interbotix_ws/install/moveit_resources_pr2_description:/home/locobot/LoCoBotRos/interbotix_ws/install/moveit_resources_panda_description:/home/locobot/LoCoBotRos/interbotix_ws/install/moveit_resources_fanuc_description:/home/locobot/LoCoBotRos/interbotix_ws/install/moveit_common:/home/locobot/apriltag_ws/install/apriltag_ros:/opt/ros/humble LD_LIBRARY_PATH=/home/locobot/LoCoBotRos/interbotix_ws/install/moveit_ros_planning_interface/lib:/home/locobot/LoCoBotRos/interbotix_ws/install/moveit_ros_move_group/lib:/home/locobot/LoCoBotRos/interbotix_ws/install/moveit_ros_warehouse/lib:/home/locobot/LoCoBotRos/interbotix_ws/install/moveit_planners_ompl/lib:/home/locobot/LoCoBotRos/interbotix_ws/install/moveit_kinematics/lib:/home/locobot/LoCoBotRos/interbotix_ws/install/moveit_ros_planning/lib:/home/locobot/LoCoBotRos/interbotix_ws/install/pilz_industrial_motion_planner_testutils/lib:/home/locobot/LoCoBotRos/interbotix_ws/install/moveit_simple_controller_manager/lib:/home/locobot/LoCoBotRos/interbotix_ws/install/moveit_ros_occupancy_map_monitor/lib:/home/locobot/LoCoBotRos/interbotix_ws/install/moveit_resources_prbt_ikfast_manipulator_plugin/lib:/home/locobot/LoCoBotRos/interbotix_ws/install/moveit_core/lib:/home/locobot/LoCoBotRos/interbotix_ws/install/srdfdom/lib:${LD_LIBRARY_PATH} PATH=/home/locobot/LoCoBotRos/interbotix_ws/install/moveit_core/bin:${PATH} PYTHONPATH=/home/locobot/LoCoBotRos/interbotix_ws/install/moveit_configs_utils/lib/python3.10/site-packages:/home/locobot/LoCoBotRos/interbotix_ws/install/srdfdom/local/lib/python3.10/dist-packages:/home/locobot/LoCoBotRos/interbotix_ws/install/launch_param_builder/lib/python3.10/site-packages:${PYTHONPATH} /usr/bin/cmake --build /home/locobot/LoCoBotRos/interbotix_ws/build/pilz_industrial_motion_planner -- -j16 -l16
[0.080s] [  2%] Built target gtest_main
[0.081s] [  4%] Built target gtest
[0.084s] [  7%] Built target gmock_main
[0.084s] [ 10%] Built target gmock
[0.093s] [ 13%] Built target planning_context_loader_base
[0.093s] [ 21%] Built target joint_limits_common
[0.104s] [ 26%] Built target trajectory_generation_common
[0.116s] [ 28%] Built target unittest_joint_limits_container
[0.119s] [ 32%] Built target unittest_joint_limits_validator
[0.119s] [ 33%] Built target unittest_joint_limit
[0.120s] [ 36%] Built target unittest_cartesian_limits_aggregator
[0.121s] [ 38%] Built target pilz_industrial_motion_planner
[0.121s] [ 40%] Built target unittest_joint_limits_aggregator
[0.140s] [ 50%] Built target command_list_manager
[0.140s] [ 50%] Built target pilz_industrial_motion_planner_test_utils
[0.140s] [ 51%] Built target planning_context_loader_lin
[0.142s] [ 56%] Built target planning_context_loader_ptp
[0.142s] [ 61%] Built target planning_context_loader_circ
[0.149s] [ 65%] Built target unittest_velocity_profile_atrap
[0.153s] [ 67%] Built target unittest_get_solver_tip_frame
[0.155s] [ 69%] Built target unittest_pilz_industrial_motion_planner
[0.161s] [ 73%] Built target unittest_trajectory_generator
[0.174s] [ 75%] Built target unittest_planning_context_loaders
[0.175s] [ 78%] Built target unittest_pilz_industrial_motion_planner_direct
[0.180s] [ 80%] Built target unittest_trajectory_functions
[0.180s] [ 83%] Built target unittest_trajectory_generator_ptp
[0.182s] [ 85%] Built target unittest_planning_context
[0.183s] [ 87%] Built target unittest_trajectory_generator_lin
[0.185s] [ 97%] Built target unittest_trajectory_blender_transition_window
[0.185s] [ 97%] Built target unittest_trajectory_generator_common
[0.185s] [ 97%] Built target sequence_capability
[0.189s] [100%] Built target unittest_trajectory_generator_circ
[0.200s] Invoked command in '/home/locobot/LoCoBotRos/interbotix_ws/build/pilz_industrial_motion_planner' returned '0': AMENT_PREFIX_PATH=/home/locobot/LoCoBotRos/interbotix_ws/install/moveit_resources_prbt_pg70_support:/home/locobot/LoCoBotRos/interbotix_ws/install/moveit_ros_planning_interface:/home/locobot/LoCoBotRos/interbotix_ws/install/moveit_resources_prbt_moveit_config:/home/locobot/LoCoBotRos/interbotix_ws/install/moveit_ros_move_group:/home/locobot/LoCoBotRos/interbotix_ws/install/moveit_ros_warehouse:/home/locobot/LoCoBotRos/interbotix_ws/install/moveit_planners_ompl:/home/locobot/LoCoBotRos/interbotix_ws/install/moveit_kinematics:/home/locobot/LoCoBotRos/interbotix_ws/install/moveit_ros_planning:/home/locobot/LoCoBotRos/interbotix_ws/install/pilz_industrial_motion_planner_testutils:/home/locobot/LoCoBotRos/interbotix_ws/install/moveit_simple_controller_manager:/home/locobot/LoCoBotRos/interbotix_ws/install/moveit_ros_occupancy_map_monitor:/home/locobot/LoCoBotRos/interbotix_ws/install/moveit_resources_prbt_ikfast_manipulator_plugin:/home/locobot/LoCoBotRos/interbotix_ws/install/moveit_core:/home/locobot/LoCoBotRos/interbotix_ws/install/moveit_resources_panda_moveit_config:/home/locobot/LoCoBotRos/interbotix_ws/install/moveit_resources_fanuc_moveit_config:/home/locobot/LoCoBotRos/interbotix_ws/install/moveit_configs_utils:/home/locobot/LoCoBotRos/interbotix_ws/install/srdfdom:/home/locobot/LoCoBotRos/interbotix_ws/install/moveit_resources_prbt_support:/home/locobot/LoCoBotRos/interbotix_ws/install/moveit_resources_pr2_description:/home/locobot/LoCoBotRos/interbotix_ws/install/moveit_resources_panda_description:/home/locobot/LoCoBotRos/interbotix_ws/install/moveit_resources_fanuc_description:/home/locobot/LoCoBotRos/interbotix_ws/install/moveit_common:/home/locobot/LoCoBotRos/interbotix_ws/install/launch_param_builder:${AMENT_PREFIX_PATH} CMAKE_PREFIX_PATH=/home/locobot/LoCoBotRos/interbotix_ws/install/moveit_resources_prbt_pg70_support:/home/locobot/LoCoBotRos/interbotix_ws/install/moveit_ros_planning_interface:/home/locobot/LoCoBotRos/interbotix_ws/install/moveit_resources_prbt_moveit_config:/home/locobot/LoCoBotRos/interbotix_ws/install/moveit_ros_move_group:/home/locobot/LoCoBotRos/interbotix_ws/install/moveit_ros_warehouse:/home/locobot/LoCoBotRos/interbotix_ws/install/moveit_planners_ompl:/home/locobot/LoCoBotRos/interbotix_ws/install/moveit_kinematics:/home/locobot/LoCoBotRos/interbotix_ws/install/moveit_ros_planning:/home/locobot/LoCoBotRos/interbotix_ws/install/pilz_industrial_motion_planner_testutils:/home/locobot/LoCoBotRos/interbotix_ws/install/moveit_simple_controller_manager:/home/locobot/LoCoBotRos/interbotix_ws/install/moveit_ros_occupancy_map_monitor:/home/locobot/LoCoBotRos/interbotix_ws/install/moveit_resources_prbt_ikfast_manipulator_plugin:/home/locobot/LoCoBotRos/interbotix_ws/install/moveit_core:/home/locobot/LoCoBotRos/interbotix_ws/install/moveit_resources_panda_moveit_config:/home/locobot/LoCoBotRos/interbotix_ws/install/moveit_resources_fanuc_moveit_config:/home/locobot/LoCoBotRos/interbotix_ws/install/srdfdom:/home/locobot/LoCoBotRos/interbotix_ws/install/moveit_resources_prbt_support:/home/locobot/LoCoBotRos/interbotix_ws/install/moveit_resources_pr2_description:/home/locobot/LoCoBotRos/interbotix_ws/install/moveit_resources_panda_description:/home/locobot/LoCoBotRos/interbotix_ws/install/moveit_resources_fanuc_description:/home/locobot/LoCoBotRos/interbotix_ws/install/moveit_common:/home/locobot/apriltag_ws/install/apriltag_ros:/opt/ros/humble LD_LIBRARY_PATH=/home/locobot/LoCoBotRos/interbotix_ws/install/moveit_ros_planning_interface/lib:/home/locobot/LoCoBotRos/interbotix_ws/install/moveit_ros_move_group/lib:/home/locobot/LoCoBotRos/interbotix_ws/install/moveit_ros_warehouse/lib:/home/locobot/LoCoBotRos/interbotix_ws/install/moveit_planners_ompl/lib:/home/locobot/LoCoBotRos/interbotix_ws/install/moveit_kinematics/lib:/home/locobot/LoCoBotRos/interbotix_ws/install/moveit_ros_planning/lib:/home/locobot/LoCoBotRos/interbotix_ws/install/pilz_industrial_motion_planner_testutils/lib:/home/locobot/LoCoBotRos/interbotix_ws/install/moveit_simple_controller_manager/lib:/home/locobot/LoCoBotRos/interbotix_ws/install/moveit_ros_occupancy_map_monitor/lib:/home/locobot/LoCoBotRos/interbotix_ws/install/moveit_resources_prbt_ikfast_manipulator_plugin/lib:/home/locobot/LoCoBotRos/interbotix_ws/install/moveit_core/lib:/home/locobot/LoCoBotRos/interbotix_ws/install/srdfdom/lib:${LD_LIBRARY_PATH} PATH=/home/locobot/LoCoBotRos/interbotix_ws/install/moveit_core/bin:${PATH} PYTHONPATH=/home/locobot/LoCoBotRos/interbotix_ws/install/moveit_configs_utils/lib/python3.10/site-packages:/home/locobot/LoCoBotRos/interbotix_ws/install/srdfdom/local/lib/python3.10/dist-packages:/home/locobot/LoCoBotRos/interbotix_ws/install/launch_param_builder/lib/python3.10/site-packages:${PYTHONPATH} /usr/bin/cmake --build /home/locobot/LoCoBotRos/interbotix_ws/build/pilz_industrial_motion_planner -- -j16 -l16
[0.201s] Invoking command in '/home/locobot/LoCoBotRos/interbotix_ws/build/pilz_industrial_motion_planner': AMENT_PREFIX_PATH=/home/locobot/LoCoBotRos/interbotix_ws/install/moveit_resources_prbt_pg70_support:/home/locobot/LoCoBotRos/interbotix_ws/install/moveit_ros_planning_interface:/home/locobot/LoCoBotRos/interbotix_ws/install/moveit_resources_prbt_moveit_config:/home/locobot/LoCoBotRos/interbotix_ws/install/moveit_ros_move_group:/home/locobot/LoCoBotRos/interbotix_ws/install/moveit_ros_warehouse:/home/locobot/LoCoBotRos/interbotix_ws/install/moveit_planners_ompl:/home/locobot/LoCoBotRos/interbotix_ws/install/moveit_kinematics:/home/locobot/LoCoBotRos/interbotix_ws/install/moveit_ros_planning:/home/locobot/LoCoBotRos/interbotix_ws/install/pilz_industrial_motion_planner_testutils:/home/locobot/LoCoBotRos/interbotix_ws/install/moveit_simple_controller_manager:/home/locobot/LoCoBotRos/interbotix_ws/install/moveit_ros_occupancy_map_monitor:/home/locobot/LoCoBotRos/interbotix_ws/install/moveit_resources_prbt_ikfast_manipulator_plugin:/home/locobot/LoCoBotRos/interbotix_ws/install/moveit_core:/home/locobot/LoCoBotRos/interbotix_ws/install/moveit_resources_panda_moveit_config:/home/locobot/LoCoBotRos/interbotix_ws/install/moveit_resources_fanuc_moveit_config:/home/locobot/LoCoBotRos/interbotix_ws/install/moveit_configs_utils:/home/locobot/LoCoBotRos/interbotix_ws/install/srdfdom:/home/locobot/LoCoBotRos/interbotix_ws/install/moveit_resources_prbt_support:/home/locobot/LoCoBotRos/interbotix_ws/install/moveit_resources_pr2_description:/home/locobot/LoCoBotRos/interbotix_ws/install/moveit_resources_panda_description:/home/locobot/LoCoBotRos/interbotix_ws/install/moveit_resources_fanuc_description:/home/locobot/LoCoBotRos/interbotix_ws/install/moveit_common:/home/locobot/LoCoBotRos/interbotix_ws/install/launch_param_builder:${AMENT_PREFIX_PATH} CMAKE_PREFIX_PATH=/home/locobot/LoCoBotRos/interbotix_ws/install/moveit_resources_prbt_pg70_support:/home/locobot/LoCoBotRos/interbotix_ws/install/moveit_ros_planning_interface:/home/locobot/LoCoBotRos/interbotix_ws/install/moveit_resources_prbt_moveit_config:/home/locobot/LoCoBotRos/interbotix_ws/install/moveit_ros_move_group:/home/locobot/LoCoBotRos/interbotix_ws/install/moveit_ros_warehouse:/home/locobot/LoCoBotRos/interbotix_ws/install/moveit_planners_ompl:/home/locobot/LoCoBotRos/interbotix_ws/install/moveit_kinematics:/home/locobot/LoCoBotRos/interbotix_ws/install/moveit_ros_planning:/home/locobot/LoCoBotRos/interbotix_ws/install/pilz_industrial_motion_planner_testutils:/home/locobot/LoCoBotRos/interbotix_ws/install/moveit_simple_controller_manager:/home/locobot/LoCoBotRos/interbotix_ws/install/moveit_ros_occupancy_map_monitor:/home/locobot/LoCoBotRos/interbotix_ws/install/moveit_resources_prbt_ikfast_manipulator_plugin:/home/locobot/LoCoBotRos/interbotix_ws/install/moveit_core:/home/locobot/LoCoBotRos/interbotix_ws/install/moveit_resources_panda_moveit_config:/home/locobot/LoCoBotRos/interbotix_ws/install/moveit_resources_fanuc_moveit_config:/home/locobot/LoCoBotRos/interbotix_ws/install/srdfdom:/home/locobot/LoCoBotRos/interbotix_ws/install/moveit_resources_prbt_support:/home/locobot/LoCoBotRos/interbotix_ws/install/moveit_resources_pr2_description:/home/locobot/LoCoBotRos/interbotix_ws/install/moveit_resources_panda_description:/home/locobot/LoCoBotRos/interbotix_ws/install/moveit_resources_fanuc_description:/home/locobot/LoCoBotRos/interbotix_ws/install/moveit_common:/home/locobot/apriltag_ws/install/apriltag_ros:/opt/ros/humble LD_LIBRARY_PATH=/home/locobot/LoCoBotRos/interbotix_ws/install/moveit_ros_planning_interface/lib:/home/locobot/LoCoBotRos/interbotix_ws/install/moveit_ros_move_group/lib:/home/locobot/LoCoBotRos/interbotix_ws/install/moveit_ros_warehouse/lib:/home/locobot/LoCoBotRos/interbotix_ws/install/moveit_planners_ompl/lib:/home/locobot/LoCoBotRos/interbotix_ws/install/moveit_kinematics/lib:/home/locobot/LoCoBotRos/interbotix_ws/install/moveit_ros_planning/lib:/home/locobot/LoCoBotRos/interbotix_ws/install/pilz_industrial_motion_planner_testutils/lib:/home/locobot/LoCoBotRos/interbotix_ws/install/moveit_simple_controller_manager/lib:/home/locobot/LoCoBotRos/interbotix_ws/install/moveit_ros_occupancy_map_monitor/lib:/home/locobot/LoCoBotRos/interbotix_ws/install/moveit_resources_prbt_ikfast_manipulator_plugin/lib:/home/locobot/LoCoBotRos/interbotix_ws/install/moveit_core/lib:/home/locobot/LoCoBotRos/interbotix_ws/install/srdfdom/lib:${LD_LIBRARY_PATH} PATH=/home/locobot/LoCoBotRos/interbotix_ws/install/moveit_core/bin:${PATH} PYTHONPATH=/home/locobot/LoCoBotRos/interbotix_ws/install/moveit_configs_utils/lib/python3.10/site-packages:/home/locobot/LoCoBotRos/interbotix_ws/install/srdfdom/local/lib/python3.10/dist-packages:/home/locobot/LoCoBotRos/interbotix_ws/install/launch_param_builder/lib/python3.10/site-packages:${PYTHONPATH} /usr/bin/cmake --install /home/locobot/LoCoBotRos/interbotix_ws/build/pilz_industrial_motion_planner
[0.211s] -- Install configuration: "Release"
[0.212s] -- Up-to-date: /home/locobot/LoCoBotRos/interbotix_ws/install/pilz_industrial_motion_planner/share/pilz_industrial_motion_planner/plugins/pilz_industrial_motion_planner_plugin_description.xml
[0.212s] -- Up-to-date: /home/locobot/LoCoBotRos/interbotix_ws/install/pilz_industrial_motion_planner/share/pilz_industrial_motion_planner/plugins/sequence_capability_plugin_description.xml
[0.212s] -- Up-to-date: /home/locobot/LoCoBotRos/interbotix_ws/install/pilz_industrial_motion_planner/share/pilz_industrial_motion_planner/plugins/planning_context_plugin_description.xml
[0.212s] -- Up-to-date: /home/locobot/LoCoBotRos/interbotix_ws/install/pilz_industrial_motion_planner/lib/libpilz_industrial_motion_planner.so
[0.212s] -- Up-to-date: /home/locobot/LoCoBotRos/interbotix_ws/install/pilz_industrial_motion_planner/lib/libjoint_limits_common.so
[0.212s] -- Up-to-date: /home/locobot/LoCoBotRos/interbotix_ws/install/pilz_industrial_motion_planner/lib/libplanning_context_loader_base.so
[0.213s] -- Up-to-date: /home/locobot/LoCoBotRos/interbotix_ws/install/pilz_industrial_motion_planner/lib/libplanning_context_loader_ptp.so
[0.213s] -- Up-to-date: /home/locobot/LoCoBotRos/interbotix_ws/install/pilz_industrial_motion_planner/lib/libplanning_context_loader_lin.so
[0.213s] -- Up-to-date: /home/locobot/LoCoBotRos/interbotix_ws/install/pilz_industrial_motion_planner/lib/libplanning_context_loader_circ.so
[0.213s] -- Up-to-date: /home/locobot/LoCoBotRos/interbotix_ws/install/pilz_industrial_motion_planner/lib/libcommand_list_manager.so
[0.214s] -- Up-to-date: /home/locobot/LoCoBotRos/interbotix_ws/install/pilz_industrial_motion_planner/lib/libsequence_capability.so
[0.214s] -- Up-to-date: /home/locobot/LoCoBotRos/interbotix_ws/install/pilz_industrial_motion_planner/lib/libtrajectory_generation_common.so
[0.214s] -- Up-to-date: /home/locobot/LoCoBotRos/interbotix_ws/install/pilz_industrial_motion_planner/include
[0.214s] -- Up-to-date: /home/locobot/LoCoBotRos/interbotix_ws/install/pilz_industrial_motion_planner/include/pilz_industrial_motion_planner
[0.214s] -- Up-to-date: /home/locobot/LoCoBotRos/interbotix_ws/install/pilz_industrial_motion_planner/include/pilz_industrial_motion_planner/trajectory_generation_exceptions.h
[0.215s] -- Up-to-date: /home/locobot/LoCoBotRos/interbotix_ws/install/pilz_industrial_motion_planner/include/pilz_industrial_motion_planner/cartesian_limit.h
[0.215s] -- Up-to-date: /home/locobot/LoCoBotRos/interbotix_ws/install/pilz_industrial_motion_planner/include/pilz_industrial_motion_planner/planning_context_ptp.h
[0.215s] -- Up-to-date: /home/locobot/LoCoBotRos/interbotix_ws/install/pilz_industrial_motion_planner/include/pilz_industrial_motion_planner/trajectory_generator_ptp.h
[0.215s] -- Up-to-date: /home/locobot/LoCoBotRos/interbotix_ws/install/pilz_industrial_motion_planner/include/pilz_industrial_motion_planner/limits_container.h
[0.215s] -- Up-to-date: /home/locobot/LoCoBotRos/interbotix_ws/install/pilz_industrial_motion_planner/include/pilz_industrial_motion_planner/velocity_profile_atrap.h
[0.215s] -- Up-to-date: /home/locobot/LoCoBotRos/interbotix_ws/install/pilz_industrial_motion_planner/include/pilz_industrial_motion_planner/capability_names.h
[0.215s] -- Up-to-date: /home/locobot/LoCoBotRos/interbotix_ws/install/pilz_industrial_motion_planner/include/pilz_industrial_motion_planner/joint_limits_extension.h
[0.215s] -- Up-to-date: /home/locobot/LoCoBotRos/interbotix_ws/install/pilz_industrial_motion_planner/include/pilz_industrial_motion_planner/trajectory_generator_circ.h
[0.215s] -- Up-to-date: /home/locobot/LoCoBotRos/interbotix_ws/install/pilz_industrial_motion_planner/include/pilz_industrial_motion_planner/plan_components_builder.h
[0.215s] -- Up-to-date: /home/locobot/LoCoBotRos/interbotix_ws/install/pilz_industrial_motion_planner/include/pilz_industrial_motion_planner/tip_frame_getter.h
[0.215s] -- Up-to-date: /home/locobot/LoCoBotRos/interbotix_ws/install/pilz_industrial_motion_planner/include/pilz_industrial_motion_planner/joint_limits_aggregator.h
[0.215s] -- Up-to-date: /home/locobot/LoCoBotRos/interbotix_ws/install/pilz_industrial_motion_planner/include/pilz_industrial_motion_planner/joint_limits_interface_extension.h
[0.215s] -- Up-to-date: /home/locobot/LoCoBotRos/interbotix_ws/install/pilz_industrial_motion_planner/include/pilz_industrial_motion_planner/joint_limits_validator.h
[0.215s] -- Up-to-date: /home/locobot/LoCoBotRos/interbotix_ws/install/pilz_industrial_motion_planner/include/pilz_industrial_motion_planner/move_group_sequence_action.h
[0.215s] -- Up-to-date: /home/locobot/LoCoBotRos/interbotix_ws/install/pilz_industrial_motion_planner/include/pilz_industrial_motion_planner/path_circle_generator.h
[0.216s] -- Up-to-date: /home/locobot/LoCoBotRos/interbotix_ws/install/pilz_industrial_motion_planner/include/pilz_industrial_motion_planner/trajectory_blend_request.h
[0.216s] -- Up-to-date: /home/locobot/LoCoBotRos/interbotix_ws/install/pilz_industrial_motion_planner/include/pilz_industrial_motion_planner/planning_exceptions.h
[0.216s] -- Up-to-date: /home/locobot/LoCoBotRos/interbotix_ws/install/pilz_industrial_motion_planner/include/pilz_industrial_motion_planner/command_list_manager.h
[0.216s] -- Up-to-date: /home/locobot/LoCoBotRos/interbotix_ws/install/pilz_industrial_motion_planner/include/pilz_industrial_motion_planner/planning_context_circ.h
[0.216s] -- Up-to-date: /home/locobot/LoCoBotRos/interbotix_ws/install/pilz_industrial_motion_planner/include/pilz_industrial_motion_planner/trajectory_generator.h
[0.216s] -- Up-to-date: /home/locobot/LoCoBotRos/interbotix_ws/install/pilz_industrial_motion_planner/include/pilz_industrial_motion_planner/trajectory_blend_response.h
[0.216s] -- Up-to-date: /home/locobot/LoCoBotRos/interbotix_ws/install/pilz_industrial_motion_planner/include/pilz_industrial_motion_planner/trajectory_blender_transition_window.h
[0.216s] -- Up-to-date: /home/locobot/LoCoBotRos/interbotix_ws/install/pilz_industrial_motion_planner/include/pilz_industrial_motion_planner/planning_context_base.h
[0.216s] -- Up-to-date: /home/locobot/LoCoBotRos/interbotix_ws/install/pilz_industrial_motion_planner/include/pilz_industrial_motion_planner/pilz_industrial_motion_planner.h
[0.216s] -- Up-to-date: /home/locobot/LoCoBotRos/interbotix_ws/install/pilz_industrial_motion_planner/include/pilz_industrial_motion_planner/joint_limits_container.h
[0.216s] -- Up-to-date: /home/locobot/LoCoBotRos/interbotix_ws/install/pilz_industrial_motion_planner/include/pilz_industrial_motion_planner/planning_context_loader_ptp.h
[0.216s] -- Up-to-date: /home/locobot/LoCoBotRos/interbotix_ws/install/pilz_industrial_motion_planner/include/pilz_industrial_motion_planner/trajectory_generator_lin.h
[0.216s] -- Up-to-date: /home/locobot/LoCoBotRos/interbotix_ws/install/pilz_industrial_motion_planner/include/pilz_industrial_motion_planner/planning_context_loader.h
[0.216s] -- Up-to-date: /home/locobot/LoCoBotRos/interbotix_ws/install/pilz_industrial_motion_planner/include/pilz_industrial_motion_planner/cartesian_limits_aggregator.h
[0.216s] -- Up-to-date: /home/locobot/LoCoBotRos/interbotix_ws/install/pilz_industrial_motion_planner/include/pilz_industrial_motion_planner/planning_context_loader_circ.h
[0.216s] -- Up-to-date: /home/locobot/LoCoBotRos/interbotix_ws/install/pilz_industrial_motion_planner/include/pilz_industrial_motion_planner/cartesian_trajectory.h
[0.216s] -- Up-to-date: /home/locobot/LoCoBotRos/interbotix_ws/install/pilz_industrial_motion_planner/include/pilz_industrial_motion_planner/planning_context_loader_lin.h
[0.216s] -- Up-to-date: /home/locobot/LoCoBotRos/interbotix_ws/install/pilz_industrial_motion_planner/include/pilz_industrial_motion_planner/trajectory_blender.h
[0.216s] -- Up-to-date: /home/locobot/LoCoBotRos/interbotix_ws/install/pilz_industrial_motion_planner/include/pilz_industrial_motion_planner/cartesian_trajectory_point.h
[0.216s] -- Up-to-date: /home/locobot/LoCoBotRos/interbotix_ws/install/pilz_industrial_motion_planner/include/pilz_industrial_motion_planner/planning_context_lin.h
[0.217s] -- Up-to-date: /home/locobot/LoCoBotRos/interbotix_ws/install/pilz_industrial_motion_planner/include/pilz_industrial_motion_planner/trajectory_functions.h
[0.217s] -- Up-to-date: /home/locobot/LoCoBotRos/interbotix_ws/install/pilz_industrial_motion_planner/include/pilz_industrial_motion_planner/move_group_sequence_service.h
[0.217s] -- Up-to-date: /home/locobot/LoCoBotRos/interbotix_ws/install/pilz_industrial_motion_planner/include/joint_limits_copy
[0.217s] -- Up-to-date: /home/locobot/LoCoBotRos/interbotix_ws/install/pilz_industrial_motion_planner/include/joint_limits_copy/joint_limits_rosparam.hpp
[0.217s] -- Up-to-date: /home/locobot/LoCoBotRos/interbotix_ws/install/pilz_industrial_motion_planner/include/joint_limits_copy/joint_limits.hpp
[0.217s] -- Up-to-date: /home/locobot/LoCoBotRos/interbotix_ws/install/pilz_industrial_motion_planner/share/pilz_industrial_motion_planner/environment/library_path.sh
[0.217s] -- Up-to-date: /home/locobot/LoCoBotRos/interbotix_ws/install/pilz_industrial_motion_planner/share/pilz_industrial_motion_planner/environment/library_path.dsv
[0.217s] -- Up-to-date: /home/locobot/LoCoBotRos/interbotix_ws/install/pilz_industrial_motion_planner/lib/pilz_industrial_motion_planner/unittest_pilz_industrial_motion_planner_direct
[0.217s] -- Up-to-date: /home/locobot/LoCoBotRos/interbotix_ws/install/pilz_industrial_motion_planner/lib/pilz_industrial_motion_planner/unittest_velocity_profile_atrap
[0.217s] -- Up-to-date: /home/locobot/LoCoBotRos/interbotix_ws/install/pilz_industrial_motion_planner/lib/pilz_industrial_motion_planner/unittest_trajectory_generator
[0.217s] -- Up-to-date: /home/locobot/LoCoBotRos/interbotix_ws/install/pilz_industrial_motion_planner/lib/pilz_industrial_motion_planner/unittest_trajectory_functions
[0.218s] -- Up-to-date: /home/locobot/LoCoBotRos/interbotix_ws/install/pilz_industrial_motion_planner/lib/pilz_industrial_motion_planner/unittest_trajectory_blender_transition_window
[0.218s] -- Up-to-date: /home/locobot/LoCoBotRos/interbotix_ws/install/pilz_industrial_motion_planner/lib/pilz_industrial_motion_planner/unittest_trajectory_generator_common
[0.218s] -- Up-to-date: /home/locobot/LoCoBotRos/interbotix_ws/install/pilz_industrial_motion_planner/lib/pilz_industrial_motion_planner/unittest_trajectory_generator_circ
[0.218s] -- Up-to-date: /home/locobot/LoCoBotRos/interbotix_ws/install/pilz_industrial_motion_planner/lib/pilz_industrial_motion_planner/unittest_trajectory_generator_lin
[0.219s] -- Up-to-date: /home/locobot/LoCoBotRos/interbotix_ws/install/pilz_industrial_motion_planner/lib/pilz_industrial_motion_planner/unittest_trajectory_generator_ptp
[0.219s] -- Up-to-date: /home/locobot/LoCoBotRos/interbotix_ws/install/pilz_industrial_motion_planner/lib/pilz_industrial_motion_planner/unittest_pilz_industrial_motion_planner
[0.219s] -- Up-to-date: /home/locobot/LoCoBotRos/interbotix_ws/install/pilz_industrial_motion_planner/lib/pilz_industrial_motion_planner/unittest_joint_limit
[0.219s] -- Up-to-date: /home/locobot/LoCoBotRos/interbotix_ws/install/pilz_industrial_motion_planner/lib/pilz_industrial_motion_planner/unittest_joint_limits_aggregator
[0.219s] -- Up-to-date: /home/locobot/LoCoBotRos/interbotix_ws/install/pilz_industrial_motion_planner/lib/pilz_industrial_motion_planner/unittest_joint_limits_container
[0.220s] -- Up-to-date: /home/locobot/LoCoBotRos/interbotix_ws/install/pilz_industrial_motion_planner/lib/pilz_industrial_motion_planner/unittest_joint_limits_validator
[0.220s] -- Up-to-date: /home/locobot/LoCoBotRos/interbotix_ws/install/pilz_industrial_motion_planner/lib/pilz_industrial_motion_planner/unittest_cartesian_limits_aggregator
[0.220s] -- Up-to-date: /home/locobot/LoCoBotRos/interbotix_ws/install/pilz_industrial_motion_planner/lib/pilz_industrial_motion_planner/unittest_planning_context_loaders
[0.220s] -- Up-to-date: /home/locobot/LoCoBotRos/interbotix_ws/install/pilz_industrial_motion_planner/lib/pilz_industrial_motion_planner/unittest_planning_context
[0.221s] -- Up-to-date: /home/locobot/LoCoBotRos/interbotix_ws/install/pilz_industrial_motion_planner/lib/pilz_industrial_motion_planner/unittest_get_solver_tip_frame
[0.221s] -- Up-to-date: /home/locobot/LoCoBotRos/interbotix_ws/install/pilz_industrial_motion_planner/share/pilz_industrial_motion_planner/config
[0.221s] -- Up-to-date: /home/locobot/LoCoBotRos/interbotix_ws/install/pilz_industrial_motion_planner/share/pilz_industrial_motion_planner/config/unittest_cartesian_limits_aggregator.yaml
[0.221s] -- Up-to-date: /home/locobot/LoCoBotRos/interbotix_ws/install/pilz_industrial_motion_planner/share/pilz_industrial_motion_planner/config/unittest_joint_limits_aggregator.yaml
[0.221s] -- Up-to-date: /home/locobot/LoCoBotRos/interbotix_ws/install/pilz_industrial_motion_planner/share/pilz_industrial_motion_planner/config/unittest_trajectory_generator_common.yaml
[0.221s] -- Up-to-date: /home/locobot/LoCoBotRos/interbotix_ws/install/pilz_industrial_motion_planner/share/pilz_industrial_motion_planner/config/unittest_trajectory_functions.yaml
[0.221s] -- Up-to-date: /home/locobot/LoCoBotRos/interbotix_ws/install/pilz_industrial_motion_planner/share/pilz_industrial_motion_planner/config/unittest_trajectory_blender_transition_window.yaml
[0.221s] -- Up-to-date: /home/locobot/LoCoBotRos/interbotix_ws/install/pilz_industrial_motion_planner/share/pilz_industrial_motion_planner/config/unittest_joint_limit_config.yaml
[0.221s] -- Up-to-date: /home/locobot/LoCoBotRos/interbotix_ws/install/pilz_industrial_motion_planner/share/pilz_industrial_motion_planner/config/unittest_trajectory_generator_circ.yaml
[0.222s] -- Up-to-date: /home/locobot/LoCoBotRos/interbotix_ws/install/pilz_industrial_motion_planner/share/pilz_industrial_motion_planner/config/unittest_trajectory_generator_ptp.yaml
[0.222s] -- Up-to-date: /home/locobot/LoCoBotRos/interbotix_ws/install/pilz_industrial_motion_planner/share/pilz_industrial_motion_planner/config/unittest_trajectory_generator_lin.yaml
[0.222s] -- Up-to-date: /home/locobot/LoCoBotRos/interbotix_ws/install/pilz_industrial_motion_planner/share/pilz_industrial_motion_planner/launch
[0.222s] -- Up-to-date: /home/locobot/LoCoBotRos/interbotix_ws/install/pilz_industrial_motion_planner/share/pilz_industrial_motion_planner/launch/unittest_joint_limit.test.py
[0.222s] -- Up-to-date: /home/locobot/LoCoBotRos/interbotix_ws/install/pilz_industrial_motion_planner/share/pilz_industrial_motion_planner/launch/common_parameters.py
[0.222s] -- Up-to-date: /home/locobot/LoCoBotRos/interbotix_ws/install/pilz_industrial_motion_planner/share/pilz_industrial_motion_planner/launch/unittest_trajectory_generator_ptp.test.py
[0.222s] -- Up-to-date: /home/locobot/LoCoBotRos/interbotix_ws/install/pilz_industrial_motion_planner/share/pilz_industrial_motion_planner/launch/unittest_joint_limits_aggregator.test.py
[0.222s] -- Up-to-date: /home/locobot/LoCoBotRos/interbotix_ws/install/pilz_industrial_motion_planner/share/pilz_industrial_motion_planner/launch/unittest_trajectory_generator_common.test.py
[0.222s] -- Up-to-date: /home/locobot/LoCoBotRos/interbotix_ws/install/pilz_industrial_motion_planner/share/pilz_industrial_motion_planner/launch/unittest_cartesian_limits_aggregator.test.py
[0.222s] -- Up-to-date: /home/locobot/LoCoBotRos/interbotix_ws/install/pilz_industrial_motion_planner/share/pilz_industrial_motion_planner/launch/unittest_trajectory_blender_transition_window.test.py
[0.222s] -- Up-to-date: /home/locobot/LoCoBotRos/interbotix_ws/install/pilz_industrial_motion_planner/share/pilz_industrial_motion_planner/launch/unittest_trajectory_functions.test.py
[0.222s] -- Up-to-date: /home/locobot/LoCoBotRos/interbotix_ws/install/pilz_industrial_motion_planner/share/pilz_industrial_motion_planner/launch/unittest_planning_context.test.py
[0.222s] -- Up-to-date: /home/locobot/LoCoBotRos/interbotix_ws/install/pilz_industrial_motion_planner/share/pilz_industrial_motion_planner/launch/unittest_trajectory_generator_circ.test.py
[0.222s] -- Up-to-date: /home/locobot/LoCoBotRos/interbotix_ws/install/pilz_industrial_motion_planner/share/pilz_industrial_motion_planner/launch/unittest_planning_context_loaders.test.py
[0.223s] -- Up-to-date: /home/locobot/LoCoBotRos/interbotix_ws/install/pilz_industrial_motion_planner/share/pilz_industrial_motion_planner/launch/unittest_trajectory_generator_lin.test.py
[0.223s] -- Up-to-date: /home/locobot/LoCoBotRos/interbotix_ws/install/pilz_industrial_motion_planner/share/pilz_industrial_motion_planner/launch/unittest_pilz_industrial_motion_planner.test.py
[0.223s] -- Up-to-date: /home/locobot/LoCoBotRos/interbotix_ws/install/pilz_industrial_motion_planner/share/pilz_industrial_motion_planner/test_data
[0.223s] -- Up-to-date: /home/locobot/LoCoBotRos/interbotix_ws/install/pilz_industrial_motion_planner/share/pilz_industrial_motion_planner/test_data/testpoints.py
[0.223s] -- Up-to-date: /home/locobot/LoCoBotRos/interbotix_ws/install/pilz_industrial_motion_planner/share/pilz_industrial_motion_planner/test_data/concept_testdata.png
[0.223s] -- Up-to-date: /home/locobot/LoCoBotRos/interbotix_ws/install/pilz_industrial_motion_planner/share/pilz_industrial_motion_planner/test_data/frankaemika_panda
[0.223s] -- Up-to-date: /home/locobot/LoCoBotRos/interbotix_ws/install/pilz_industrial_motion_planner/share/pilz_industrial_motion_planner/test_data/frankaemika_panda/testdata_sequence.xml
[0.223s] -- Up-to-date: /home/locobot/LoCoBotRos/interbotix_ws/install/pilz_industrial_motion_planner/share/pilz_industrial_motion_planner/test_data/concept_testdata.odp
[0.223s] -- Up-to-date: /home/locobot/LoCoBotRos/interbotix_ws/install/pilz_industrial_motion_planner/share/pilz_industrial_motion_planner/test_data/prbt
[0.223s] -- Up-to-date: /home/locobot/LoCoBotRos/interbotix_ws/install/pilz_industrial_motion_planner/share/pilz_industrial_motion_planner/test_data/prbt/testdata_deprecated.xml
[0.223s] -- Up-to-date: /home/locobot/LoCoBotRos/interbotix_ws/install/pilz_industrial_motion_planner/share/pilz_industrial_motion_planner/test_data/prbt/testdata_with_gripper.xml
[0.223s] -- Up-to-date: /home/locobot/LoCoBotRos/interbotix_ws/install/pilz_industrial_motion_planner/share/pilz_industrial_motion_planner/test_data/prbt/testdata_sequence.xml
[0.223s] -- Up-to-date: /home/locobot/LoCoBotRos/interbotix_ws/install/pilz_industrial_motion_planner/share/ament_index/resource_index/package_run_dependencies/pilz_industrial_motion_planner
[0.223s] -- Up-to-date: /home/locobot/LoCoBotRos/interbotix_ws/install/pilz_industrial_motion_planner/share/ament_index/resource_index/parent_prefix_path/pilz_industrial_motion_planner
[0.223s] -- Up-to-date: /home/locobot/LoCoBotRos/interbotix_ws/install/pilz_industrial_motion_planner/share/pilz_industrial_motion_planner/environment/ament_prefix_path.sh
[0.223s] -- Up-to-date: /home/locobot/LoCoBotRos/interbotix_ws/install/pilz_industrial_motion_planner/share/pilz_industrial_motion_planner/environment/ament_prefix_path.dsv
[0.223s] -- Up-to-date: /home/locobot/LoCoBotRos/interbotix_ws/install/pilz_industrial_motion_planner/share/pilz_industrial_motion_planner/environment/path.sh
[0.223s] -- Up-to-date: /home/locobot/LoCoBotRos/interbotix_ws/install/pilz_industrial_motion_planner/share/pilz_industrial_motion_planner/environment/path.dsv
[0.224s] -- Up-to-date: /home/locobot/LoCoBotRos/interbotix_ws/install/pilz_industrial_motion_planner/share/pilz_industrial_motion_planner/local_setup.bash
[0.224s] -- Up-to-date: /home/locobot/LoCoBotRos/interbotix_ws/install/pilz_industrial_motion_planner/share/pilz_industrial_motion_planner/local_setup.sh
[0.224s] -- Up-to-date: /home/locobot/LoCoBotRos/interbotix_ws/install/pilz_industrial_motion_planner/share/pilz_industrial_motion_planner/local_setup.zsh
[0.224s] -- Up-to-date: /home/locobot/LoCoBotRos/interbotix_ws/install/pilz_industrial_motion_planner/share/pilz_industrial_motion_planner/local_setup.dsv
[0.224s] -- Installing: /home/locobot/LoCoBotRos/interbotix_ws/install/pilz_industrial_motion_planner/share/pilz_industrial_motion_planner/package.dsv
[0.224s] -- Up-to-date: /home/locobot/LoCoBotRos/interbotix_ws/install/pilz_industrial_motion_planner/share/ament_index/resource_index/packages/pilz_industrial_motion_planner
[0.224s] -- Up-to-date: /home/locobot/LoCoBotRos/interbotix_ws/install/pilz_industrial_motion_planner/share/ament_index/resource_index/moveit_core__pluginlib__plugin/pilz_industrial_motion_planner
[0.224s] -- Up-to-date: /home/locobot/LoCoBotRos/interbotix_ws/install/pilz_industrial_motion_planner/share/ament_index/resource_index/moveit_ros_move_group__pluginlib__plugin/pilz_industrial_motion_planner
[0.224s] -- Up-to-date: /home/locobot/LoCoBotRos/interbotix_ws/install/pilz_industrial_motion_planner/share/ament_index/resource_index/pilz_industrial_motion_planner__pluginlib__plugin/pilz_industrial_motion_planner
[0.224s] -- Up-to-date: /home/locobot/LoCoBotRos/interbotix_ws/install/pilz_industrial_motion_planner/share/pilz_industrial_motion_planner/cmake/pilz_industrial_motion_plannerTargetsExport.cmake
[0.224s] -- Up-to-date: /home/locobot/LoCoBotRos/interbotix_ws/install/pilz_industrial_motion_planner/share/pilz_industrial_motion_planner/cmake/pilz_industrial_motion_plannerTargetsExport-release.cmake
[0.224s] -- Up-to-date: /home/locobot/LoCoBotRos/interbotix_ws/install/pilz_industrial_motion_planner/share/pilz_industrial_motion_planner/cmake/ament_cmake_export_include_directories-extras.cmake
[0.224s] -- Up-to-date: /home/locobot/LoCoBotRos/interbotix_ws/install/pilz_industrial_motion_planner/share/pilz_industrial_motion_planner/cmake/ament_cmake_export_targets-extras.cmake
[0.224s] -- Up-to-date: /home/locobot/LoCoBotRos/interbotix_ws/install/pilz_industrial_motion_planner/share/pilz_industrial_motion_planner/cmake/ament_cmake_export_dependencies-extras.cmake
[0.224s] -- Up-to-date: /home/locobot/LoCoBotRos/interbotix_ws/install/pilz_industrial_motion_planner/share/pilz_industrial_motion_planner/cmake/pilz_industrial_motion_plannerConfig.cmake
[0.224s] -- Up-to-date: /home/locobot/LoCoBotRos/interbotix_ws/install/pilz_industrial_motion_planner/share/pilz_industrial_motion_planner/cmake/pilz_industrial_motion_plannerConfig-version.cmake
[0.224s] -- Up-to-date: /home/locobot/LoCoBotRos/interbotix_ws/install/pilz_industrial_motion_planner/share/pilz_industrial_motion_planner/package.xml
[0.225s] Invoked command in '/home/locobot/LoCoBotRos/interbotix_ws/build/pilz_industrial_motion_planner' returned '0': AMENT_PREFIX_PATH=/home/locobot/LoCoBotRos/interbotix_ws/install/moveit_resources_prbt_pg70_support:/home/locobot/LoCoBotRos/interbotix_ws/install/moveit_ros_planning_interface:/home/locobot/LoCoBotRos/interbotix_ws/install/moveit_resources_prbt_moveit_config:/home/locobot/LoCoBotRos/interbotix_ws/install/moveit_ros_move_group:/home/locobot/LoCoBotRos/interbotix_ws/install/moveit_ros_warehouse:/home/locobot/LoCoBotRos/interbotix_ws/install/moveit_planners_ompl:/home/locobot/LoCoBotRos/interbotix_ws/install/moveit_kinematics:/home/locobot/LoCoBotRos/interbotix_ws/install/moveit_ros_planning:/home/locobot/LoCoBotRos/interbotix_ws/install/pilz_industrial_motion_planner_testutils:/home/locobot/LoCoBotRos/interbotix_ws/install/moveit_simple_controller_manager:/home/locobot/LoCoBotRos/interbotix_ws/install/moveit_ros_occupancy_map_monitor:/home/locobot/LoCoBotRos/interbotix_ws/install/moveit_resources_prbt_ikfast_manipulator_plugin:/home/locobot/LoCoBotRos/interbotix_ws/install/moveit_core:/home/locobot/LoCoBotRos/interbotix_ws/install/moveit_resources_panda_moveit_config:/home/locobot/LoCoBotRos/interbotix_ws/install/moveit_resources_fanuc_moveit_config:/home/locobot/LoCoBotRos/interbotix_ws/install/moveit_configs_utils:/home/locobot/LoCoBotRos/interbotix_ws/install/srdfdom:/home/locobot/LoCoBotRos/interbotix_ws/install/moveit_resources_prbt_support:/home/locobot/LoCoBotRos/interbotix_ws/install/moveit_resources_pr2_description:/home/locobot/LoCoBotRos/interbotix_ws/install/moveit_resources_panda_description:/home/locobot/LoCoBotRos/interbotix_ws/install/moveit_resources_fanuc_description:/home/locobot/LoCoBotRos/interbotix_ws/install/moveit_common:/home/locobot/LoCoBotRos/interbotix_ws/install/launch_param_builder:${AMENT_PREFIX_PATH} CMAKE_PREFIX_PATH=/home/locobot/LoCoBotRos/interbotix_ws/install/moveit_resources_prbt_pg70_support:/home/locobot/LoCoBotRos/interbotix_ws/install/moveit_ros_planning_interface:/home/locobot/LoCoBotRos/interbotix_ws/install/moveit_resources_prbt_moveit_config:/home/locobot/LoCoBotRos/interbotix_ws/install/moveit_ros_move_group:/home/locobot/LoCoBotRos/interbotix_ws/install/moveit_ros_warehouse:/home/locobot/LoCoBotRos/interbotix_ws/install/moveit_planners_ompl:/home/locobot/LoCoBotRos/interbotix_ws/install/moveit_kinematics:/home/locobot/LoCoBotRos/interbotix_ws/install/moveit_ros_planning:/home/locobot/LoCoBotRos/interbotix_ws/install/pilz_industrial_motion_planner_testutils:/home/locobot/LoCoBotRos/interbotix_ws/install/moveit_simple_controller_manager:/home/locobot/LoCoBotRos/interbotix_ws/install/moveit_ros_occupancy_map_monitor:/home/locobot/LoCoBotRos/interbotix_ws/install/moveit_resources_prbt_ikfast_manipulator_plugin:/home/locobot/LoCoBotRos/interbotix_ws/install/moveit_core:/home/locobot/LoCoBotRos/interbotix_ws/install/moveit_resources_panda_moveit_config:/home/locobot/LoCoBotRos/interbotix_ws/install/moveit_resources_fanuc_moveit_config:/home/locobot/LoCoBotRos/interbotix_ws/install/srdfdom:/home/locobot/LoCoBotRos/interbotix_ws/install/moveit_resources_prbt_support:/home/locobot/LoCoBotRos/interbotix_ws/install/moveit_resources_pr2_description:/home/locobot/LoCoBotRos/interbotix_ws/install/moveit_resources_panda_description:/home/locobot/LoCoBotRos/interbotix_ws/install/moveit_resources_fanuc_description:/home/locobot/LoCoBotRos/interbotix_ws/install/moveit_common:/home/locobot/apriltag_ws/install/apriltag_ros:/opt/ros/humble LD_LIBRARY_PATH=/home/locobot/LoCoBotRos/interbotix_ws/install/moveit_ros_planning_interface/lib:/home/locobot/LoCoBotRos/interbotix_ws/install/moveit_ros_move_group/lib:/home/locobot/LoCoBotRos/interbotix_ws/install/moveit_ros_warehouse/lib:/home/locobot/LoCoBotRos/interbotix_ws/install/moveit_planners_ompl/lib:/home/locobot/LoCoBotRos/interbotix_ws/install/moveit_kinematics/lib:/home/locobot/LoCoBotRos/interbotix_ws/install/moveit_ros_planning/lib:/home/locobot/LoCoBotRos/interbotix_ws/install/pilz_industrial_motion_planner_testutils/lib:/home/locobot/LoCoBotRos/interbotix_ws/install/moveit_simple_controller_manager/lib:/home/locobot/LoCoBotRos/interbotix_ws/install/moveit_ros_occupancy_map_monitor/lib:/home/locobot/LoCoBotRos/interbotix_ws/install/moveit_resources_prbt_ikfast_manipulator_plugin/lib:/home/locobot/LoCoBotRos/interbotix_ws/install/moveit_core/lib:/home/locobot/LoCoBotRos/interbotix_ws/install/srdfdom/lib:${LD_LIBRARY_PATH} PATH=/home/locobot/LoCoBotRos/interbotix_ws/install/moveit_core/bin:${PATH} PYTHONPATH=/home/locobot/LoCoBotRos/interbotix_ws/install/moveit_configs_utils/lib/python3.10/site-packages:/home/locobot/LoCoBotRos/interbotix_ws/install/srdfdom/local/lib/python3.10/dist-packages:/home/locobot/LoCoBotRos/interbotix_ws/install/launch_param_builder/lib/python3.10/site-packages:${PYTHONPATH} /usr/bin/cmake --install /home/locobot/LoCoBotRos/interbotix_ws/build/pilz_industrial_motion_planner
