[1.136s] Invoking command in '/home/rowanfoxx/Documents/GitHub/LoCoBotRos/src/my_package': DEBUGINFOD_URLS=https://debuginfod.fedoraproject.org/ PYTHONPATH=/home/rowanfoxx/Documents/GitHub/LoCoBotRos/build/my_package/prefix_override:/usr/lib/python3.13/site-packages/colcon_core/task/python/colcon_distutils_commands:/home/rowanfoxx/Documents/GitHub/LoCoBotRos/install/my_package/lib/python3.13/site-packages:${PYTHONPATH} _=/usr/bin/env /usr/bin/python3 -W ignore:setup.py install is deprecated -W ignore:easy_install command is deprecated setup.py egg_info --egg-base ../../build/my_package build --build-base /home/rowanfoxx/Documents/GitHub/LoCoBotRos/build/my_package/build install --record /home/rowanfoxx/Documents/GitHub/LoCoBotRos/build/my_package/install.log --single-version-externally-managed install_data
[1.541s] running egg_info
[1.541s] creating ../../build/my_package/my_package.egg-info
[1.565s] writing ../../build/my_package/my_package.egg-info/PKG-INFO
[1.565s] writing dependency_links to ../../build/my_package/my_package.egg-info/dependency_links.txt
[1.565s] writing entry points to ../../build/my_package/my_package.egg-info/entry_points.txt
[1.565s] writing requirements to ../../build/my_package/my_package.egg-info/requires.txt
[1.565s] writing top-level names to ../../build/my_package/my_package.egg-info/top_level.txt
[1.565s] writing manifest file '../../build/my_package/my_package.egg-info/SOURCES.txt'
[1.616s] reading manifest file '../../build/my_package/my_package.egg-info/SOURCES.txt'
[1.616s] adding license file 'LICENSE'
[1.616s] writing manifest file '../../build/my_package/my_package.egg-info/SOURCES.txt'
[1.616s] running build
[1.616s] running build_py
[1.616s] creating /home/rowanfoxx/Documents/GitHub/LoCoBotRos/build/my_package/build
[1.616s] creating /home/rowanfoxx/Documents/GitHub/LoCoBotRos/build/my_package/build/lib
[1.617s] creating /home/rowanfoxx/Documents/GitHub/LoCoBotRos/build/my_package/build/lib/my_package
[1.617s] copying my_package/__init__.py -> /home/rowanfoxx/Documents/GitHub/LoCoBotRos/build/my_package/build/lib/my_package
[1.617s] copying my_package/my_node.py -> /home/rowanfoxx/Documents/GitHub/LoCoBotRos/build/my_package/build/lib/my_package
[1.617s] running install
[1.623s] running install_lib
[1.648s] creating /home/rowanfoxx/Documents/GitHub/LoCoBotRos/install/my_package/lib/python3.13/site-packages/my_package
[1.648s] copying /home/rowanfoxx/Documents/GitHub/LoCoBotRos/build/my_package/build/lib/my_package/__init__.py -> /home/rowanfoxx/Documents/GitHub/LoCoBotRos/install/my_package/lib/python3.13/site-packages/my_package
[1.648s] copying /home/rowanfoxx/Documents/GitHub/LoCoBotRos/build/my_package/build/lib/my_package/my_node.py -> /home/rowanfoxx/Documents/GitHub/LoCoBotRos/install/my_package/lib/python3.13/site-packages/my_package
[1.649s] byte-compiling /home/rowanfoxx/Documents/GitHub/LoCoBotRos/install/my_package/lib/python3.13/site-packages/my_package/__init__.py to __init__.cpython-313.pyc
[1.650s] byte-compiling /home/rowanfoxx/Documents/GitHub/LoCoBotRos/install/my_package/lib/python3.13/site-packages/my_package/my_node.py to my_node.cpython-313.pyc
[1.650s] running install_data
[1.650s] creating /home/rowanfoxx/Documents/GitHub/LoCoBotRos/install/my_package/share/ament_index
[1.650s] creating /home/rowanfoxx/Documents/GitHub/LoCoBotRos/install/my_package/share/ament_index/resource_index
[1.650s] creating /home/rowanfoxx/Documents/GitHub/LoCoBotRos/install/my_package/share/ament_index/resource_index/packages
[1.650s] copying resource/my_package -> /home/rowanfoxx/Documents/GitHub/LoCoBotRos/install/my_package/share/ament_index/resource_index/packages
[1.650s] copying package.xml -> /home/rowanfoxx/Documents/GitHub/LoCoBotRos/install/my_package/share/my_package
[1.650s] running install_egg_info
[1.680s] Copying ../../build/my_package/my_package.egg-info to /home/rowanfoxx/Documents/GitHub/LoCoBotRos/install/my_package/lib/python3.13/site-packages/my_package-0.0.0-py3.13.egg-info
[1.681s] running install_scripts
[1.845s] Installing my_node script to /home/rowanfoxx/Documents/GitHub/LoCoBotRos/install/my_package/lib/my_package
[1.845s] writing list of installed files to '/home/rowanfoxx/Documents/GitHub/LoCoBotRos/build/my_package/install.log'
[1.877s] Invoked command in '/home/rowanfoxx/Documents/GitHub/LoCoBotRos/src/my_package' returned '0': DEBUGINFOD_URLS=https://debuginfod.fedoraproject.org/ PYTHONPATH=/home/rowanfoxx/Documents/GitHub/LoCoBotRos/build/my_package/prefix_override:/usr/lib/python3.13/site-packages/colcon_core/task/python/colcon_distutils_commands:/home/rowanfoxx/Documents/GitHub/LoCoBotRos/install/my_package/lib/python3.13/site-packages:${PYTHONPATH} _=/usr/bin/env /usr/bin/python3 -W ignore:setup.py install is deprecated -W ignore:easy_install command is deprecated setup.py egg_info --egg-base ../../build/my_package build --build-base /home/rowanfoxx/Documents/GitHub/LoCoBotRos/build/my_package/build install --record /home/rowanfoxx/Documents/GitHub/LoCoBotRos/build/my_package/install.log --single-version-externally-managed install_data
