[0.015s] Invoking command in '/home/locobot/LoCoBotRos/interbotix_ws/build/moveit_ros_planning': AMENT_PREFIX_PATH=/home/locobot/LoCoBotRos/interbotix_ws/install/moveit_ros_occupancy_map_monitor:/home/locobot/LoCoBotRos/interbotix_ws/install/moveit_core:/home/locobot/LoCoBotRos/interbotix_ws/install/moveit_resources_panda_moveit_config:/home/locobot/LoCoBotRos/interbotix_ws/install/moveit_configs_utils:/home/locobot/LoCoBotRos/interbotix_ws/install/srdfdom:/home/locobot/LoCoBotRos/interbotix_ws/install/moveit_resources_pr2_description:/home/locobot/LoCoBotRos/interbotix_ws/install/moveit_resources_panda_description:/home/locobot/LoCoBotRos/interbotix_ws/install/moveit_common:/home/locobot/LoCoBotRos/interbotix_ws/install/launch_param_builder:${AMENT_PREFIX_PATH} CMAKE_PREFIX_PATH=/home/locobot/LoCoBotRos/interbotix_ws/install/moveit_ros_occupancy_map_monitor:/home/locobot/LoCoBotRos/interbotix_ws/install/moveit_core:/home/locobot/LoCoBotRos/interbotix_ws/install/moveit_resources_panda_moveit_config:/home/locobot/LoCoBotRos/interbotix_ws/install/srdfdom:/home/locobot/LoCoBotRos/interbotix_ws/install/moveit_resources_pr2_description:/home/locobot/LoCoBotRos/interbotix_ws/install/moveit_resources_panda_description:/home/locobot/LoCoBotRos/interbotix_ws/install/moveit_common:/home/locobot/apriltag_ws/install/apriltag_ros:/opt/ros/humble LD_LIBRARY_PATH=/home/locobot/LoCoBotRos/interbotix_ws/install/moveit_ros_occupancy_map_monitor/lib:/home/locobot/LoCoBotRos/interbotix_ws/install/moveit_core/lib:/home/locobot/LoCoBotRos/interbotix_ws/install/srdfdom/lib:${LD_LIBRARY_PATH} PATH=/home/locobot/LoCoBotRos/interbotix_ws/install/moveit_core/bin:${PATH} PYTHONPATH=/home/locobot/LoCoBotRos/interbotix_ws/install/moveit_configs_utils/lib/python3.10/site-packages:/home/locobot/LoCoBotRos/interbotix_ws/install/srdfdom/local/lib/python3.10/dist-packages:/home/locobot/LoCoBotRos/interbotix_ws/install/launch_param_builder/lib/python3.10/site-packages:${PYTHONPATH} /usr/bin/cmake /home/locobot/LoCoBotRos/interbotix_ws/src/moveit2/moveit_ros/planning -DCMAKE_BUILD_TYPE=Debug -DCMAKE_INSTALL_PREFIX=/home/locobot/LoCoBotRos/interbotix_ws/install/moveit_ros_planning
[0.025s] -- Found moveit_common: 2.5.9 (/home/locobot/LoCoBotRos/interbotix_ws/install/moveit_common/share/moveit_common/cmake)
[0.025s] -- Found ament_cmake: 1.3.11 (/opt/ros/humble/share/ament_cmake/cmake)
[0.182s] -- Found moveit_msgs: 2.2.1 (/opt/ros/humble/share/moveit_msgs/cmake)
[0.203s] -- Found rosidl_generator_c: 3.1.6 (/opt/ros/humble/share/rosidl_generator_c/cmake)
[0.205s] -- Found rosidl_adapter: 3.1.6 (/opt/ros/humble/share/rosidl_adapter/cmake)
[0.210s] -- Found rosidl_generator_cpp: 3.1.6 (/opt/ros/humble/share/rosidl_generator_cpp/cmake)
[0.218s] -- Using all available rosidl_typesupport_c: rosidl_typesupport_fastrtps_c;rosidl_typesupport_introspection_c
[0.228s] -- Using all available rosidl_typesupport_cpp: rosidl_typesupport_fastrtps_cpp;rosidl_typesupport_introspection_cpp
[0.359s] -- Found pluginlib: 5.1.0 (/opt/ros/humble/share/pluginlib/cmake)
[0.371s] -- Found rclcpp: 16.0.12 (/opt/ros/humble/share/rclcpp/cmake)
[0.389s] -- Found rmw_implementation_cmake: 6.1.2 (/opt/ros/humble/share/rmw_implementation_cmake/cmake)
[0.390s] -- Found rmw_fastrtps_cpp: 6.2.7 (/opt/ros/humble/share/rmw_fastrtps_cpp/cmake)
[0.405s] -- Found TinyXML2 via Config file: TinyXML2_DIR-NOTFOUND
[0.411s] -- Found TinyXML2 via Config file: TinyXML2_DIR-NOTFOUND
[0.422s] -- Found TinyXML2 via Config file: TinyXML2_DIR-NOTFOUND
[0.428s] -- Found TinyXML2 via Config file: TinyXML2_DIR-NOTFOUND
[0.435s] -- Using RMW implementation 'rmw_fastrtps_cpp' as default
[0.464s] -- Found message_filters: 4.3.7 (/opt/ros/humble/share/message_filters/cmake)
[0.466s] -- Found srdfdom: 2.0.8 (/home/locobot/LoCoBotRos/interbotix_ws/install/srdfdom/share/srdfdom/cmake)
[0.471s] -- Found tf2: 0.25.13 (/opt/ros/humble/share/tf2/cmake)
[0.473s] -- Found tf2_geometry_msgs: 0.25.13 (/opt/ros/humble/share/tf2_geometry_msgs/cmake)
[0.475s] -- Found eigen3_cmake_module: 0.1.1 (/opt/ros/humble/share/eigen3_cmake_module/cmake)
[0.476s] -- Ensuring Eigen3 include directory is part of orocos-kdl CMake target
[0.516s] -- Found tf2_eigen: 0.25.13 (/opt/ros/humble/share/tf2_eigen/cmake)
[0.519s] -- Found moveit_core: 2.5.9 (/home/locobot/LoCoBotRos/interbotix_ws/install/moveit_core/share/moveit_core/cmake)
[0.529s] -- Found Boost: /usr/lib/x86_64-linux-gnu/cmake/Boost-1.74.0/BoostConfig.cmake (found version "1.74.0") found components: chrono date_time filesystem iostreams program_options regex serialization system thread 
[0.547s] -- Found parameter_traits: 0.4.0 (/opt/ros/humble/share/parameter_traits/cmake)
[0.553s] -- Found rclcpp_lifecycle: 16.0.12 (/opt/ros/humble/share/rclcpp_lifecycle/cmake)
[0.569s] -- Found Boost: /usr/lib/x86_64-linux-gnu/cmake/Boost-1.74.0/BoostConfig.cmake (found version "1.74.0") found components: filesystem 
[0.591s] -- library: /usr/lib/x86_64-linux-gnu/libcurl.so
[0.626s] -- Found moveit_ros_occupancy_map_monitor: 2.5.9 (/home/locobot/LoCoBotRos/interbotix_ws/install/moveit_ros_occupancy_map_monitor/share/moveit_ros_occupancy_map_monitor/cmake)
[0.639s] -- Found Boost: /usr/lib/x86_64-linux-gnu/cmake/Boost-1.74.0/BoostConfig.cmake (found version "1.74.0") found components: system filesystem date_time program_options thread chrono 
[0.689s] -- Found ament_cmake_gtest: 1.3.11 (/opt/ros/humble/share/ament_cmake_gtest/cmake)
[0.689s] -- Found ament_cmake_gmock: 1.3.11 (/opt/ros/humble/share/ament_cmake_gmock/cmake)
[0.690s] -- Found ros_testing: 0.4.0 (/opt/ros/humble/share/ros_testing/cmake)
[0.691s] -- Found launch_testing_ament_cmake: 1.0.9 (/opt/ros/humble/share/launch_testing_ament_cmake/cmake)
[0.692s] -- Found python_cmake_module: 0.10.0 (/opt/ros/humble/share/python_cmake_module/cmake)
[0.710s] -- Using PYTHON_EXECUTABLE: /usr/bin/python3
[0.710s] -- Using PYTHON_INCLUDE_DIRS: /usr/include/python3.10
[0.710s] -- Using PYTHON_LIBRARIES: /usr/lib/x86_64-linux-gnu/libpython3.10.so
[0.712s] -- Found gmock sources under '/opt/ros/humble/src/gmock_vendor': C++ tests using 'Google Mock' will be built
[0.714s] -- Found gtest sources under '/opt/ros/humble/src/gtest_vendor': C++ tests using 'Google Test' will be built
[0.744s] -- Found ament_lint_auto: 0.12.12 (/opt/ros/humble/share/ament_lint_auto/cmake)
[0.755s] -- Found launch_testing_ament_cmake: 1.0.9 (/opt/ros/humble/share/launch_testing_ament_cmake/cmake)
[0.755s] -- Found python_cmake_module: 0.10.0 (/opt/ros/humble/share/python_cmake_module/cmake)
[0.772s] -- Using PYTHON_EXECUTABLE: /usr/bin/python3
[0.772s] -- Using PYTHON_INCLUDE_DIRS: /usr/include/python3.10
[0.772s] -- Using PYTHON_LIBRARIES: /usr/lib/x86_64-linux-gnu/libpython3.10.so
[0.786s] -- Added test 'cppcheck' to perform static code analysis on C / C++ code
[0.787s] -- Configured cppcheck include dirs: /home/locobot/LoCoBotRos/interbotix_ws/src/moveit2/moveit_ros/planning/rdf_loader/include;/home/locobot/LoCoBotRos/interbotix_ws/src/moveit2/moveit_ros/planning/kinematics_plugin_loader/include;/home/locobot/LoCoBotRos/interbotix_ws/src/moveit2/moveit_ros/planning/robot_model_loader/include;/home/locobot/LoCoBotRos/interbotix_ws/src/moveit2/moveit_ros/planning/constraint_sampler_manager_loader/include;/home/locobot/LoCoBotRos/interbotix_ws/src/moveit2/moveit_ros/planning/planning_pipeline/include;/home/locobot/LoCoBotRos/interbotix_ws/src/moveit2/moveit_ros/planning/planning_scene_monitor/include;/home/locobot/LoCoBotRos/interbotix_ws/src/moveit2/moveit_ros/planning/trajectory_execution_manager/include;/home/locobot/LoCoBotRos/interbotix_ws/src/moveit2/moveit_ros/planning/plan_execution/include;/home/locobot/LoCoBotRos/interbotix_ws/src/moveit2/moveit_ros/planning/collision_plugin_loader/include;/home/locobot/LoCoBotRos/interbotix_ws/src/moveit2/moveit_ros/planning/moveit_cpp/include
[0.787s] -- Configured cppcheck exclude dirs and/or files: 
[0.788s] -- Added test 'lint_cmake' to check CMake code style
[0.789s] -- Added test 'pep257' to check Python code against some of the docstring style conventions in PEP 257
[0.790s] -- Added test 'xmllint' to check XML markup files
[0.792s] -- Configuring done
[1.053s] -- Generating done
[1.137s] -- Build files have been written to: /home/locobot/LoCoBotRos/interbotix_ws/build/moveit_ros_planning
[1.159s] Invoked command in '/home/locobot/LoCoBotRos/interbotix_ws/build/moveit_ros_planning' returned '0': AMENT_PREFIX_PATH=/home/locobot/LoCoBotRos/interbotix_ws/install/moveit_ros_occupancy_map_monitor:/home/locobot/LoCoBotRos/interbotix_ws/install/moveit_core:/home/locobot/LoCoBotRos/interbotix_ws/install/moveit_resources_panda_moveit_config:/home/locobot/LoCoBotRos/interbotix_ws/install/moveit_configs_utils:/home/locobot/LoCoBotRos/interbotix_ws/install/srdfdom:/home/locobot/LoCoBotRos/interbotix_ws/install/moveit_resources_pr2_description:/home/locobot/LoCoBotRos/interbotix_ws/install/moveit_resources_panda_description:/home/locobot/LoCoBotRos/interbotix_ws/install/moveit_common:/home/locobot/LoCoBotRos/interbotix_ws/install/launch_param_builder:${AMENT_PREFIX_PATH} CMAKE_PREFIX_PATH=/home/locobot/LoCoBotRos/interbotix_ws/install/moveit_ros_occupancy_map_monitor:/home/locobot/LoCoBotRos/interbotix_ws/install/moveit_core:/home/locobot/LoCoBotRos/interbotix_ws/install/moveit_resources_panda_moveit_config:/home/locobot/LoCoBotRos/interbotix_ws/install/srdfdom:/home/locobot/LoCoBotRos/interbotix_ws/install/moveit_resources_pr2_description:/home/locobot/LoCoBotRos/interbotix_ws/install/moveit_resources_panda_description:/home/locobot/LoCoBotRos/interbotix_ws/install/moveit_common:/home/locobot/apriltag_ws/install/apriltag_ros:/opt/ros/humble LD_LIBRARY_PATH=/home/locobot/LoCoBotRos/interbotix_ws/install/moveit_ros_occupancy_map_monitor/lib:/home/locobot/LoCoBotRos/interbotix_ws/install/moveit_core/lib:/home/locobot/LoCoBotRos/interbotix_ws/install/srdfdom/lib:${LD_LIBRARY_PATH} PATH=/home/locobot/LoCoBotRos/interbotix_ws/install/moveit_core/bin:${PATH} PYTHONPATH=/home/locobot/LoCoBotRos/interbotix_ws/install/moveit_configs_utils/lib/python3.10/site-packages:/home/locobot/LoCoBotRos/interbotix_ws/install/srdfdom/local/lib/python3.10/dist-packages:/home/locobot/LoCoBotRos/interbotix_ws/install/launch_param_builder/lib/python3.10/site-packages:${PYTHONPATH} /usr/bin/cmake /home/locobot/LoCoBotRos/interbotix_ws/src/moveit2/moveit_ros/planning -DCMAKE_BUILD_TYPE=Debug -DCMAKE_INSTALL_PREFIX=/home/locobot/LoCoBotRos/interbotix_ws/install/moveit_ros_planning
[1.160s] Invoking command in '/home/locobot/LoCoBotRos/interbotix_ws/build/moveit_ros_planning': AMENT_PREFIX_PATH=/home/locobot/LoCoBotRos/interbotix_ws/install/moveit_ros_occupancy_map_monitor:/home/locobot/LoCoBotRos/interbotix_ws/install/moveit_core:/home/locobot/LoCoBotRos/interbotix_ws/install/moveit_resources_panda_moveit_config:/home/locobot/LoCoBotRos/interbotix_ws/install/moveit_configs_utils:/home/locobot/LoCoBotRos/interbotix_ws/install/srdfdom:/home/locobot/LoCoBotRos/interbotix_ws/install/moveit_resources_pr2_description:/home/locobot/LoCoBotRos/interbotix_ws/install/moveit_resources_panda_description:/home/locobot/LoCoBotRos/interbotix_ws/install/moveit_common:/home/locobot/LoCoBotRos/interbotix_ws/install/launch_param_builder:${AMENT_PREFIX_PATH} CMAKE_PREFIX_PATH=/home/locobot/LoCoBotRos/interbotix_ws/install/moveit_ros_occupancy_map_monitor:/home/locobot/LoCoBotRos/interbotix_ws/install/moveit_core:/home/locobot/LoCoBotRos/interbotix_ws/install/moveit_resources_panda_moveit_config:/home/locobot/LoCoBotRos/interbotix_ws/install/srdfdom:/home/locobot/LoCoBotRos/interbotix_ws/install/moveit_resources_pr2_description:/home/locobot/LoCoBotRos/interbotix_ws/install/moveit_resources_panda_description:/home/locobot/LoCoBotRos/interbotix_ws/install/moveit_common:/home/locobot/apriltag_ws/install/apriltag_ros:/opt/ros/humble LD_LIBRARY_PATH=/home/locobot/LoCoBotRos/interbotix_ws/install/moveit_ros_occupancy_map_monitor/lib:/home/locobot/LoCoBotRos/interbotix_ws/install/moveit_core/lib:/home/locobot/LoCoBotRos/interbotix_ws/install/srdfdom/lib:${LD_LIBRARY_PATH} PATH=/home/locobot/LoCoBotRos/interbotix_ws/install/moveit_core/bin:${PATH} PYTHONPATH=/home/locobot/LoCoBotRos/interbotix_ws/install/moveit_configs_utils/lib/python3.10/site-packages:/home/locobot/LoCoBotRos/interbotix_ws/install/srdfdom/local/lib/python3.10/dist-packages:/home/locobot/LoCoBotRos/interbotix_ws/install/launch_param_builder/lib/python3.10/site-packages:${PYTHONPATH} /usr/bin/cmake --build /home/locobot/LoCoBotRos/interbotix_ws/build/moveit_ros_planning -- -j16 -l16
[1.195s] [35m[1mConsolidate compiler generated dependencies of target gtest_main[0m
[1.195s] [35m[1mConsolidate compiler generated dependencies of target gmock_main[0m
[1.195s] [35m[1mConsolidate compiler generated dependencies of target moveit_planning_pipeline[0m
[1.196s] [35m[1mConsolidate compiler generated dependencies of target gtest[0m
[1.196s] [35m[1mConsolidate compiler generated dependencies of target moveit_collision_plugin_loader[0m
[1.196s] [35m[1mConsolidate compiler generated dependencies of target gmock[0m
[1.196s] [35m[1mConsolidate compiler generated dependencies of target moveit_rdf_loader[0m
[1.196s] [35m[1mConsolidate compiler generated dependencies of target moveit_list_request_adapter_plugins[0m
[1.207s] [  2%] Built target gmock_main
[1.207s] [  5%] Built target gtest_main
[1.209s] [ 10%] Built target gmock
[1.209s] [ 13%] Built target gtest
[1.213s] [35m[1mConsolidate compiler generated dependencies of target moveit_default_planning_request_adapter_plugins[0m
[1.214s] [ 17%] Built target moveit_rdf_loader
[1.215s] [ 20%] Built target moveit_collision_plugin_loader
[1.216s] [ 23%] Built target moveit_list_request_adapter_plugins
[1.219s] [ 26%] Built target moveit_planning_pipeline
[1.223s] [35m[1mConsolidate compiler generated dependencies of target moveit_kinematics_plugin_loader[0m
[1.226s] [35m[1mConsolidate compiler generated dependencies of target moveit_constraint_sampler_manager_loader[0m
[1.242s] [ 29%] Built target moveit_kinematics_plugin_loader
[1.244s] [ 32%] Built target moveit_constraint_sampler_manager_loader
[1.253s] [35m[1mConsolidate compiler generated dependencies of target moveit_robot_model_loader[0m
[1.262s] [ 48%] Built target moveit_default_planning_request_adapter_plugins
[1.267s] [ 51%] Built target moveit_robot_model_loader
[1.277s] [35m[1mConsolidate compiler generated dependencies of target moveit_print_planning_model_info[0m
[1.283s] [35m[1mConsolidate compiler generated dependencies of target moveit_planning_scene_monitor[0m
[1.291s] [ 54%] Built target moveit_print_planning_model_info
[1.316s] [ 63%] Built target moveit_planning_scene_monitor
[1.329s] [35m[1mConsolidate compiler generated dependencies of target moveit_evaluate_collision_checking_speed[0m
[1.329s] [35m[1mConsolidate compiler generated dependencies of target moveit_print_planning_scene_info[0m
[1.329s] [35m[1mConsolidate compiler generated dependencies of target planning_scene_monitor_test[0m
[1.329s] [35m[1mConsolidate compiler generated dependencies of target trajectory_monitor_tests[0m
[1.329s] [35m[1mConsolidate compiler generated dependencies of target moveit_display_random_state[0m
[1.329s] [35m[1mConsolidate compiler generated dependencies of target current_state_monitor_tests[0m
[1.329s] [35m[1mConsolidate compiler generated dependencies of target demo_scene[0m
[1.330s] [35m[1mConsolidate compiler generated dependencies of target moveit_visualize_robot_collision_volume[0m
[1.330s] [35m[1mConsolidate compiler generated dependencies of target moveit_publish_scene_from_text[0m
[1.330s] [35m[1mConsolidate compiler generated dependencies of target moveit_trajectory_execution_manager[0m
[1.351s] [ 66%] Built target moveit_evaluate_collision_checking_speed
[1.351s] [ 69%] Built target planning_scene_monitor_test
[1.352s] [ 75%] Built target current_state_monitor_tests
[1.352s] [ 75%] Built target trajectory_monitor_tests
[1.355s] [ 86%] Built target moveit_publish_scene_from_text
[1.355s] [ 86%] Built target moveit_display_random_state
[1.355s] [ 86%] Built target moveit_visualize_robot_collision_volume
[1.356s] [ 86%] Built target moveit_print_planning_scene_info
[1.356s] [ 89%] Built target moveit_trajectory_execution_manager
[1.357s] [ 92%] Built target demo_scene
[1.366s] [35m[1mConsolidate compiler generated dependencies of target moveit_plan_execution[0m
[1.368s] [35m[1mConsolidate compiler generated dependencies of target moveit_cpp[0m
[1.386s] [ 95%] Built target moveit_plan_execution
[1.390s] [100%] Built target moveit_cpp
[1.411s] Invoked command in '/home/locobot/LoCoBotRos/interbotix_ws/build/moveit_ros_planning' returned '0': AMENT_PREFIX_PATH=/home/locobot/LoCoBotRos/interbotix_ws/install/moveit_ros_occupancy_map_monitor:/home/locobot/LoCoBotRos/interbotix_ws/install/moveit_core:/home/locobot/LoCoBotRos/interbotix_ws/install/moveit_resources_panda_moveit_config:/home/locobot/LoCoBotRos/interbotix_ws/install/moveit_configs_utils:/home/locobot/LoCoBotRos/interbotix_ws/install/srdfdom:/home/locobot/LoCoBotRos/interbotix_ws/install/moveit_resources_pr2_description:/home/locobot/LoCoBotRos/interbotix_ws/install/moveit_resources_panda_description:/home/locobot/LoCoBotRos/interbotix_ws/install/moveit_common:/home/locobot/LoCoBotRos/interbotix_ws/install/launch_param_builder:${AMENT_PREFIX_PATH} CMAKE_PREFIX_PATH=/home/locobot/LoCoBotRos/interbotix_ws/install/moveit_ros_occupancy_map_monitor:/home/locobot/LoCoBotRos/interbotix_ws/install/moveit_core:/home/locobot/LoCoBotRos/interbotix_ws/install/moveit_resources_panda_moveit_config:/home/locobot/LoCoBotRos/interbotix_ws/install/srdfdom:/home/locobot/LoCoBotRos/interbotix_ws/install/moveit_resources_pr2_description:/home/locobot/LoCoBotRos/interbotix_ws/install/moveit_resources_panda_description:/home/locobot/LoCoBotRos/interbotix_ws/install/moveit_common:/home/locobot/apriltag_ws/install/apriltag_ros:/opt/ros/humble LD_LIBRARY_PATH=/home/locobot/LoCoBotRos/interbotix_ws/install/moveit_ros_occupancy_map_monitor/lib:/home/locobot/LoCoBotRos/interbotix_ws/install/moveit_core/lib:/home/locobot/LoCoBotRos/interbotix_ws/install/srdfdom/lib:${LD_LIBRARY_PATH} PATH=/home/locobot/LoCoBotRos/interbotix_ws/install/moveit_core/bin:${PATH} PYTHONPATH=/home/locobot/LoCoBotRos/interbotix_ws/install/moveit_configs_utils/lib/python3.10/site-packages:/home/locobot/LoCoBotRos/interbotix_ws/install/srdfdom/local/lib/python3.10/dist-packages:/home/locobot/LoCoBotRos/interbotix_ws/install/launch_param_builder/lib/python3.10/site-packages:${PYTHONPATH} /usr/bin/cmake --build /home/locobot/LoCoBotRos/interbotix_ws/build/moveit_ros_planning -- -j16 -l16
[1.413s] Invoking command in '/home/locobot/LoCoBotRos/interbotix_ws/build/moveit_ros_planning': AMENT_PREFIX_PATH=/home/locobot/LoCoBotRos/interbotix_ws/install/moveit_ros_occupancy_map_monitor:/home/locobot/LoCoBotRos/interbotix_ws/install/moveit_core:/home/locobot/LoCoBotRos/interbotix_ws/install/moveit_resources_panda_moveit_config:/home/locobot/LoCoBotRos/interbotix_ws/install/moveit_configs_utils:/home/locobot/LoCoBotRos/interbotix_ws/install/srdfdom:/home/locobot/LoCoBotRos/interbotix_ws/install/moveit_resources_pr2_description:/home/locobot/LoCoBotRos/interbotix_ws/install/moveit_resources_panda_description:/home/locobot/LoCoBotRos/interbotix_ws/install/moveit_common:/home/locobot/LoCoBotRos/interbotix_ws/install/launch_param_builder:${AMENT_PREFIX_PATH} CMAKE_PREFIX_PATH=/home/locobot/LoCoBotRos/interbotix_ws/install/moveit_ros_occupancy_map_monitor:/home/locobot/LoCoBotRos/interbotix_ws/install/moveit_core:/home/locobot/LoCoBotRos/interbotix_ws/install/moveit_resources_panda_moveit_config:/home/locobot/LoCoBotRos/interbotix_ws/install/srdfdom:/home/locobot/LoCoBotRos/interbotix_ws/install/moveit_resources_pr2_description:/home/locobot/LoCoBotRos/interbotix_ws/install/moveit_resources_panda_description:/home/locobot/LoCoBotRos/interbotix_ws/install/moveit_common:/home/locobot/apriltag_ws/install/apriltag_ros:/opt/ros/humble LD_LIBRARY_PATH=/home/locobot/LoCoBotRos/interbotix_ws/install/moveit_ros_occupancy_map_monitor/lib:/home/locobot/LoCoBotRos/interbotix_ws/install/moveit_core/lib:/home/locobot/LoCoBotRos/interbotix_ws/install/srdfdom/lib:${LD_LIBRARY_PATH} PATH=/home/locobot/LoCoBotRos/interbotix_ws/install/moveit_core/bin:${PATH} PYTHONPATH=/home/locobot/LoCoBotRos/interbotix_ws/install/moveit_configs_utils/lib/python3.10/site-packages:/home/locobot/LoCoBotRos/interbotix_ws/install/srdfdom/local/lib/python3.10/dist-packages:/home/locobot/LoCoBotRos/interbotix_ws/install/launch_param_builder/lib/python3.10/site-packages:${PYTHONPATH} /usr/bin/cmake --install /home/locobot/LoCoBotRos/interbotix_ws/build/moveit_ros_planning
[1.420s] -- Install configuration: "Debug"
[1.420s] -- Up-to-date: /home/locobot/LoCoBotRos/interbotix_ws/install/moveit_ros_planning/include
[1.421s] -- Up-to-date: /home/locobot/LoCoBotRos/interbotix_ws/install/moveit_ros_planning/include/moveit
[1.421s] -- Up-to-date: /home/locobot/LoCoBotRos/interbotix_ws/install/moveit_ros_planning/include/moveit/rdf_loader
[1.421s] -- Up-to-date: /home/locobot/LoCoBotRos/interbotix_ws/install/moveit_ros_planning/include/moveit/rdf_loader/rdf_loader.h
[1.421s] -- Up-to-date: /home/locobot/LoCoBotRos/interbotix_ws/install/moveit_ros_planning/include/moveit/rdf_loader/synchronized_string_parameter.h
[1.421s] -- Up-to-date: /home/locobot/LoCoBotRos/interbotix_ws/install/moveit_ros_planning/share/moveit_ros_planning/rdf_loader/test/data
[1.422s] -- Up-to-date: /home/locobot/LoCoBotRos/interbotix_ws/install/moveit_ros_planning/share/moveit_ros_planning/rdf_loader/test/data/gonzo.urdf
[1.422s] -- Up-to-date: /home/locobot/LoCoBotRos/interbotix_ws/install/moveit_ros_planning/share/moveit_ros_planning/rdf_loader/test/data/kermit.srdf
[1.422s] -- Up-to-date: /home/locobot/LoCoBotRos/interbotix_ws/install/moveit_ros_planning/share/moveit_ros_planning/rdf_loader/test/data/gonzo.srdf
[1.422s] -- Up-to-date: /home/locobot/LoCoBotRos/interbotix_ws/install/moveit_ros_planning/share/moveit_ros_planning/rdf_loader/test/data/kermit.urdf
[1.422s] -- Up-to-date: /home/locobot/LoCoBotRos/interbotix_ws/install/moveit_ros_planning/share/moveit_ros_planning/rdf_loader/test/data/robin.srdf.xacro
[1.422s] -- Up-to-date: /home/locobot/LoCoBotRos/interbotix_ws/install/moveit_ros_planning/share/moveit_ros_planning/rdf_loader/test/launch
[1.422s] -- Up-to-date: /home/locobot/LoCoBotRos/interbotix_ws/install/moveit_ros_planning/share/moveit_ros_planning/rdf_loader/test/launch/test_rdf_integration.test.py
[1.423s] -- Up-to-date: /home/locobot/LoCoBotRos/interbotix_ws/install/moveit_ros_planning/include
[1.423s] -- Up-to-date: /home/locobot/LoCoBotRos/interbotix_ws/install/moveit_ros_planning/include/moveit
[1.423s] -- Up-to-date: /home/locobot/LoCoBotRos/interbotix_ws/install/moveit_ros_planning/include/moveit/collision_plugin_loader
[1.423s] -- Up-to-date: /home/locobot/LoCoBotRos/interbotix_ws/install/moveit_ros_planning/include/moveit/collision_plugin_loader/collision_plugin_loader.h
[1.423s] -- Up-to-date: /home/locobot/LoCoBotRos/interbotix_ws/install/moveit_ros_planning/include
[1.423s] -- Up-to-date: /home/locobot/LoCoBotRos/interbotix_ws/install/moveit_ros_planning/include/moveit
[1.423s] -- Up-to-date: /home/locobot/LoCoBotRos/interbotix_ws/install/moveit_ros_planning/include/moveit/kinematics_plugin_loader
[1.423s] -- Up-to-date: /home/locobot/LoCoBotRos/interbotix_ws/install/moveit_ros_planning/include/moveit/kinematics_plugin_loader/kinematics_plugin_loader.h
[1.423s] -- Up-to-date: /home/locobot/LoCoBotRos/interbotix_ws/install/moveit_ros_planning/include
[1.423s] -- Up-to-date: /home/locobot/LoCoBotRos/interbotix_ws/install/moveit_ros_planning/include/moveit
[1.423s] -- Up-to-date: /home/locobot/LoCoBotRos/interbotix_ws/install/moveit_ros_planning/include/moveit/robot_model_loader
[1.423s] -- Up-to-date: /home/locobot/LoCoBotRos/interbotix_ws/install/moveit_ros_planning/include/moveit/robot_model_loader/robot_model_loader.h
[1.423s] -- Up-to-date: /home/locobot/LoCoBotRos/interbotix_ws/install/moveit_ros_planning/include
[1.424s] -- Up-to-date: /home/locobot/LoCoBotRos/interbotix_ws/install/moveit_ros_planning/include/moveit
[1.424s] -- Up-to-date: /home/locobot/LoCoBotRos/interbotix_ws/install/moveit_ros_planning/include/moveit/constraint_sampler_manager_loader
[1.424s] -- Up-to-date: /home/locobot/LoCoBotRos/interbotix_ws/install/moveit_ros_planning/include/moveit/constraint_sampler_manager_loader/constraint_sampler_manager_loader.h
[1.424s] -- Up-to-date: /home/locobot/LoCoBotRos/interbotix_ws/install/moveit_ros_planning/include
[1.424s] -- Up-to-date: /home/locobot/LoCoBotRos/interbotix_ws/install/moveit_ros_planning/include/moveit
[1.424s] -- Up-to-date: /home/locobot/LoCoBotRos/interbotix_ws/install/moveit_ros_planning/include/moveit/planning_pipeline
[1.425s] -- Up-to-date: /home/locobot/LoCoBotRos/interbotix_ws/install/moveit_ros_planning/include/moveit/planning_pipeline/planning_pipeline.h
[1.425s] -- Up-to-date: /home/locobot/LoCoBotRos/interbotix_ws/install/moveit_ros_planning/include/moveit_planning_pipeline_export.h
[1.426s] -- Up-to-date: /home/locobot/LoCoBotRos/interbotix_ws/install/moveit_ros_planning/lib/moveit_ros_planning/moveit_list_request_adapter_plugins
[1.427s] -- Up-to-date: /home/locobot/LoCoBotRos/interbotix_ws/install/moveit_ros_planning/lib/moveit_ros_planning/demo_scene
[1.428s] -- Up-to-date: /home/locobot/LoCoBotRos/interbotix_ws/install/moveit_ros_planning/include
[1.428s] -- Up-to-date: /home/locobot/LoCoBotRos/interbotix_ws/install/moveit_ros_planning/include/moveit
[1.428s] -- Up-to-date: /home/locobot/LoCoBotRos/interbotix_ws/install/moveit_ros_planning/include/moveit/planning_scene_monitor
[1.428s] -- Up-to-date: /home/locobot/LoCoBotRos/interbotix_ws/install/moveit_ros_planning/include/moveit/planning_scene_monitor/trajectory_monitor.h
[1.428s] -- Up-to-date: /home/locobot/LoCoBotRos/interbotix_ws/install/moveit_ros_planning/include/moveit/planning_scene_monitor/current_state_monitor_middleware_handle.hpp
[1.428s] -- Up-to-date: /home/locobot/LoCoBotRos/interbotix_ws/install/moveit_ros_planning/include/moveit/planning_scene_monitor/current_state_monitor.h
[1.428s] -- Up-to-date: /home/locobot/LoCoBotRos/interbotix_ws/install/moveit_ros_planning/include/moveit/planning_scene_monitor/trajectory_monitor_middleware_handle.hpp
[1.428s] -- Up-to-date: /home/locobot/LoCoBotRos/interbotix_ws/install/moveit_ros_planning/include/moveit/planning_scene_monitor/planning_scene_monitor.h
[1.428s] -- Up-to-date: /home/locobot/LoCoBotRos/interbotix_ws/install/moveit_ros_planning/include/moveit_planning_scene_monitor_export.h
[1.429s] -- Up-to-date: /home/locobot/LoCoBotRos/interbotix_ws/install/moveit_ros_planning/lib/moveit_ros_planning/moveit_print_planning_model_info
[1.430s] -- Up-to-date: /home/locobot/LoCoBotRos/interbotix_ws/install/moveit_ros_planning/lib/moveit_ros_planning/moveit_print_planning_scene_info
[1.431s] -- Up-to-date: /home/locobot/LoCoBotRos/interbotix_ws/install/moveit_ros_planning/lib/moveit_ros_planning/moveit_display_random_state
[1.432s] -- Up-to-date: /home/locobot/LoCoBotRos/interbotix_ws/install/moveit_ros_planning/lib/moveit_ros_planning/moveit_visualize_robot_collision_volume
[1.433s] -- Up-to-date: /home/locobot/LoCoBotRos/interbotix_ws/install/moveit_ros_planning/lib/moveit_ros_planning/moveit_evaluate_collision_checking_speed
[1.434s] -- Up-to-date: /home/locobot/LoCoBotRos/interbotix_ws/install/moveit_ros_planning/lib/moveit_ros_planning/moveit_publish_scene_from_text
[1.434s] -- Up-to-date: /home/locobot/LoCoBotRos/interbotix_ws/install/moveit_ros_planning/include
[1.434s] -- Up-to-date: /home/locobot/LoCoBotRos/interbotix_ws/install/moveit_ros_planning/include/moveit
[1.434s] -- Up-to-date: /home/locobot/LoCoBotRos/interbotix_ws/install/moveit_ros_planning/include/moveit/trajectory_execution_manager
[1.434s] -- Up-to-date: /home/locobot/LoCoBotRos/interbotix_ws/install/moveit_ros_planning/include/moveit/trajectory_execution_manager/trajectory_execution_manager.h
[1.434s] -- Up-to-date: /home/locobot/LoCoBotRos/interbotix_ws/install/moveit_ros_planning/include/moveit_trajectory_execution_manager_export.h
[1.435s] -- Up-to-date: /home/locobot/LoCoBotRos/interbotix_ws/install/moveit_ros_planning/include
[1.435s] -- Up-to-date: /home/locobot/LoCoBotRos/interbotix_ws/install/moveit_ros_planning/include/moveit
[1.435s] -- Up-to-date: /home/locobot/LoCoBotRos/interbotix_ws/install/moveit_ros_planning/include/moveit/plan_execution
[1.435s] -- Up-to-date: /home/locobot/LoCoBotRos/interbotix_ws/install/moveit_ros_planning/include/moveit/plan_execution/plan_representation.h
[1.435s] -- Up-to-date: /home/locobot/LoCoBotRos/interbotix_ws/install/moveit_ros_planning/include/moveit/plan_execution/plan_execution.h
[1.435s] -- Up-to-date: /home/locobot/LoCoBotRos/interbotix_ws/install/moveit_ros_planning/include
[1.435s] -- Up-to-date: /home/locobot/LoCoBotRos/interbotix_ws/install/moveit_ros_planning/include/moveit
[1.435s] -- Up-to-date: /home/locobot/LoCoBotRos/interbotix_ws/install/moveit_ros_planning/include/moveit/moveit_cpp
[1.435s] -- Up-to-date: /home/locobot/LoCoBotRos/interbotix_ws/install/moveit_ros_planning/include/moveit/moveit_cpp/planning_component.h
[1.435s] -- Up-to-date: /home/locobot/LoCoBotRos/interbotix_ws/install/moveit_ros_planning/include/moveit/moveit_cpp/moveit_cpp.h
[1.436s] -- Up-to-date: /home/locobot/LoCoBotRos/interbotix_ws/install/moveit_ros_planning/lib/libmoveit_rdf_loader.so.2.5.9
[1.436s] -- Up-to-date: /home/locobot/LoCoBotRos/interbotix_ws/install/moveit_ros_planning/lib/libmoveit_rdf_loader.so
[1.437s] -- Up-to-date: /home/locobot/LoCoBotRos/interbotix_ws/install/moveit_ros_planning/lib/libmoveit_kinematics_plugin_loader.so.2.5.9
[1.437s] -- Up-to-date: /home/locobot/LoCoBotRos/interbotix_ws/install/moveit_ros_planning/lib/libmoveit_kinematics_plugin_loader.so
[1.437s] -- Up-to-date: /home/locobot/LoCoBotRos/interbotix_ws/install/moveit_ros_planning/lib/libmoveit_robot_model_loader.so.2.5.9
[1.438s] -- Up-to-date: /home/locobot/LoCoBotRos/interbotix_ws/install/moveit_ros_planning/lib/libmoveit_robot_model_loader.so
[1.439s] -- Up-to-date: /home/locobot/LoCoBotRos/interbotix_ws/install/moveit_ros_planning/lib/libmoveit_constraint_sampler_manager_loader.so.2.5.9
[1.439s] -- Up-to-date: /home/locobot/LoCoBotRos/interbotix_ws/install/moveit_ros_planning/lib/libmoveit_constraint_sampler_manager_loader.so
[1.440s] -- Up-to-date: /home/locobot/LoCoBotRos/interbotix_ws/install/moveit_ros_planning/lib/libmoveit_planning_pipeline.so.2.5.9
[1.440s] -- Up-to-date: /home/locobot/LoCoBotRos/interbotix_ws/install/moveit_ros_planning/lib/libmoveit_planning_pipeline.so
[1.441s] -- Up-to-date: /home/locobot/LoCoBotRos/interbotix_ws/install/moveit_ros_planning/lib/libmoveit_trajectory_execution_manager.so.2.5.9
[1.441s] -- Up-to-date: /home/locobot/LoCoBotRos/interbotix_ws/install/moveit_ros_planning/lib/libmoveit_trajectory_execution_manager.so
[1.442s] -- Up-to-date: /home/locobot/LoCoBotRos/interbotix_ws/install/moveit_ros_planning/lib/libmoveit_plan_execution.so.2.5.9
[1.442s] -- Up-to-date: /home/locobot/LoCoBotRos/interbotix_ws/install/moveit_ros_planning/lib/libmoveit_plan_execution.so
[1.442s] -- Up-to-date: /home/locobot/LoCoBotRos/interbotix_ws/install/moveit_ros_planning/lib/libmoveit_planning_scene_monitor.so.2.5.9
[1.442s] -- Up-to-date: /home/locobot/LoCoBotRos/interbotix_ws/install/moveit_ros_planning/lib/libmoveit_planning_scene_monitor.so
[1.443s] -- Up-to-date: /home/locobot/LoCoBotRos/interbotix_ws/install/moveit_ros_planning/lib/libmoveit_collision_plugin_loader.so.2.5.9
[1.443s] -- Up-to-date: /home/locobot/LoCoBotRos/interbotix_ws/install/moveit_ros_planning/lib/libmoveit_collision_plugin_loader.so
[1.444s] -- Up-to-date: /home/locobot/LoCoBotRos/interbotix_ws/install/moveit_ros_planning/lib/libmoveit_default_planning_request_adapter_plugins.so.2.5.9
[1.444s] -- Up-to-date: /home/locobot/LoCoBotRos/interbotix_ws/install/moveit_ros_planning/lib/libmoveit_default_planning_request_adapter_plugins.so
[1.445s] -- Up-to-date: /home/locobot/LoCoBotRos/interbotix_ws/install/moveit_ros_planning/lib/libmoveit_cpp.so.2.5.9
[1.445s] -- Up-to-date: /home/locobot/LoCoBotRos/interbotix_ws/install/moveit_ros_planning/lib/libmoveit_cpp.so
[1.445s] -- Up-to-date: /home/locobot/LoCoBotRos/interbotix_ws/install/moveit_ros_planning/share/moveit_ros_planning/environment/library_path.sh
[1.445s] -- Installing: /home/locobot/LoCoBotRos/interbotix_ws/install/moveit_ros_planning/share/moveit_ros_planning/environment/library_path.dsv
[1.445s] -- Up-to-date: /home/locobot/LoCoBotRos/interbotix_ws/install/moveit_ros_planning/share/moveit_ros_planning/planning_request_adapters_plugin_description.xml
[1.445s] -- Up-to-date: /home/locobot/LoCoBotRos/interbotix_ws/install/moveit_ros_planning/share/ament_index/resource_index/package_run_dependencies/moveit_ros_planning
[1.445s] -- Up-to-date: /home/locobot/LoCoBotRos/interbotix_ws/install/moveit_ros_planning/share/ament_index/resource_index/parent_prefix_path/moveit_ros_planning
[1.445s] -- Up-to-date: /home/locobot/LoCoBotRos/interbotix_ws/install/moveit_ros_planning/share/moveit_ros_planning/environment/ament_prefix_path.sh
[1.446s] -- Installing: /home/locobot/LoCoBotRos/interbotix_ws/install/moveit_ros_planning/share/moveit_ros_planning/environment/ament_prefix_path.dsv
[1.446s] -- Up-to-date: /home/locobot/LoCoBotRos/interbotix_ws/install/moveit_ros_planning/share/moveit_ros_planning/environment/path.sh
[1.446s] -- Installing: /home/locobot/LoCoBotRos/interbotix_ws/install/moveit_ros_planning/share/moveit_ros_planning/environment/path.dsv
[1.446s] -- Up-to-date: /home/locobot/LoCoBotRos/interbotix_ws/install/moveit_ros_planning/share/moveit_ros_planning/local_setup.bash
[1.446s] -- Up-to-date: /home/locobot/LoCoBotRos/interbotix_ws/install/moveit_ros_planning/share/moveit_ros_planning/local_setup.sh
[1.446s] -- Up-to-date: /home/locobot/LoCoBotRos/interbotix_ws/install/moveit_ros_planning/share/moveit_ros_planning/local_setup.zsh
[1.446s] -- Installing: /home/locobot/LoCoBotRos/interbotix_ws/install/moveit_ros_planning/share/moveit_ros_planning/local_setup.dsv
[1.446s] -- Installing: /home/locobot/LoCoBotRos/interbotix_ws/install/moveit_ros_planning/share/moveit_ros_planning/package.dsv
[1.446s] -- Up-to-date: /home/locobot/LoCoBotRos/interbotix_ws/install/moveit_ros_planning/share/ament_index/resource_index/packages/moveit_ros_planning
[1.446s] -- Up-to-date: /home/locobot/LoCoBotRos/interbotix_ws/install/moveit_ros_planning/share/ament_index/resource_index/moveit_core__pluginlib__plugin/moveit_ros_planning
[1.447s] -- Up-to-date: /home/locobot/LoCoBotRos/interbotix_ws/install/moveit_ros_planning/share/moveit_ros_planning/cmake/export_moveit_ros_planningExport.cmake
[1.447s] -- Up-to-date: /home/locobot/LoCoBotRos/interbotix_ws/install/moveit_ros_planning/share/moveit_ros_planning/cmake/export_moveit_ros_planningExport-debug.cmake
[1.447s] -- Up-to-date: /home/locobot/LoCoBotRos/interbotix_ws/install/moveit_ros_planning/share/moveit_ros_planning/cmake/ConfigExtras.cmake
[1.447s] -- Up-to-date: /home/locobot/LoCoBotRos/interbotix_ws/install/moveit_ros_planning/share/moveit_ros_planning/cmake/ament_cmake_export_targets-extras.cmake
[1.447s] -- Up-to-date: /home/locobot/LoCoBotRos/interbotix_ws/install/moveit_ros_planning/share/moveit_ros_planning/cmake/ament_cmake_export_dependencies-extras.cmake
[1.447s] -- Up-to-date: /home/locobot/LoCoBotRos/interbotix_ws/install/moveit_ros_planning/share/moveit_ros_planning/cmake/moveit_ros_planningConfig.cmake
[1.447s] -- Up-to-date: /home/locobot/LoCoBotRos/interbotix_ws/install/moveit_ros_planning/share/moveit_ros_planning/cmake/moveit_ros_planningConfig-version.cmake
[1.447s] -- Up-to-date: /home/locobot/LoCoBotRos/interbotix_ws/install/moveit_ros_planning/share/moveit_ros_planning/package.xml
[1.449s] Invoked command in '/home/locobot/LoCoBotRos/interbotix_ws/build/moveit_ros_planning' returned '0': AMENT_PREFIX_PATH=/home/locobot/LoCoBotRos/interbotix_ws/install/moveit_ros_occupancy_map_monitor:/home/locobot/LoCoBotRos/interbotix_ws/install/moveit_core:/home/locobot/LoCoBotRos/interbotix_ws/install/moveit_resources_panda_moveit_config:/home/locobot/LoCoBotRos/interbotix_ws/install/moveit_configs_utils:/home/locobot/LoCoBotRos/interbotix_ws/install/srdfdom:/home/locobot/LoCoBotRos/interbotix_ws/install/moveit_resources_pr2_description:/home/locobot/LoCoBotRos/interbotix_ws/install/moveit_resources_panda_description:/home/locobot/LoCoBotRos/interbotix_ws/install/moveit_common:/home/locobot/LoCoBotRos/interbotix_ws/install/launch_param_builder:${AMENT_PREFIX_PATH} CMAKE_PREFIX_PATH=/home/locobot/LoCoBotRos/interbotix_ws/install/moveit_ros_occupancy_map_monitor:/home/locobot/LoCoBotRos/interbotix_ws/install/moveit_core:/home/locobot/LoCoBotRos/interbotix_ws/install/moveit_resources_panda_moveit_config:/home/locobot/LoCoBotRos/interbotix_ws/install/srdfdom:/home/locobot/LoCoBotRos/interbotix_ws/install/moveit_resources_pr2_description:/home/locobot/LoCoBotRos/interbotix_ws/install/moveit_resources_panda_description:/home/locobot/LoCoBotRos/interbotix_ws/install/moveit_common:/home/locobot/apriltag_ws/install/apriltag_ros:/opt/ros/humble LD_LIBRARY_PATH=/home/locobot/LoCoBotRos/interbotix_ws/install/moveit_ros_occupancy_map_monitor/lib:/home/locobot/LoCoBotRos/interbotix_ws/install/moveit_core/lib:/home/locobot/LoCoBotRos/interbotix_ws/install/srdfdom/lib:${LD_LIBRARY_PATH} PATH=/home/locobot/LoCoBotRos/interbotix_ws/install/moveit_core/bin:${PATH} PYTHONPATH=/home/locobot/LoCoBotRos/interbotix_ws/install/moveit_configs_utils/lib/python3.10/site-packages:/home/locobot/LoCoBotRos/interbotix_ws/install/srdfdom/local/lib/python3.10/dist-packages:/home/locobot/LoCoBotRos/interbotix_ws/install/launch_param_builder/lib/python3.10/site-packages:${PYTHONPATH} /usr/bin/cmake --install /home/locobot/LoCoBotRos/interbotix_ws/build/moveit_ros_planning
