[0.012s] Invoking command in '/home/locobot/LoCoBotRos/interbotix_ws/build/ecl_concepts': AMENT_PREFIX_PATH=/home/locobot/LoCoBotRos/interbotix_ws/install/ecl_type_traits:/home/locobot/LoCoBotRos/interbotix_ws/install/ecl_mpl:/home/locobot/LoCoBotRos/interbotix_ws/install/ecl_config:${AMENT_PREFIX_PATH} CMAKE_PREFIX_PATH=/home/locobot/LoCoBotRos/interbotix_ws/install/ecl_type_traits:/home/locobot/LoCoBotRos/interbotix_ws/install/ecl_mpl:/home/locobot/LoCoBotRos/interbotix_ws/install/ecl_config:/home/locobot/apriltag_ws/install/apriltag_ros:/opt/ros/humble LD_LIBRARY_PATH=/home/locobot/LoCoBotRos/interbotix_ws/install/ecl_type_traits/lib:${LD_LIBRARY_PATH} PATH=/home/locobot/LoCoBotRos/interbotix_ws/install/ecl_type_traits/bin:/home/locobot/LoCoBotRos/interbotix_ws/install/ecl_config/bin:${PATH} /usr/bin/cmake --build /home/locobot/LoCoBotRos/interbotix_ws/build/ecl_concepts -- -j16 -l16
[0.054s] [ 33%] Built target gtest_main
[0.055s] [ 66%] Built target gtest
[0.073s] [100%] Built target ecl_test_concepts
[0.082s] Invoked command in '/home/locobot/LoCoBotRos/interbotix_ws/build/ecl_concepts' returned '0': AMENT_PREFIX_PATH=/home/locobot/LoCoBotRos/interbotix_ws/install/ecl_type_traits:/home/locobot/LoCoBotRos/interbotix_ws/install/ecl_mpl:/home/locobot/LoCoBotRos/interbotix_ws/install/ecl_config:${AMENT_PREFIX_PATH} CMAKE_PREFIX_PATH=/home/locobot/LoCoBotRos/interbotix_ws/install/ecl_type_traits:/home/locobot/LoCoBotRos/interbotix_ws/install/ecl_mpl:/home/locobot/LoCoBotRos/interbotix_ws/install/ecl_config:/home/locobot/apriltag_ws/install/apriltag_ros:/opt/ros/humble LD_LIBRARY_PATH=/home/locobot/LoCoBotRos/interbotix_ws/install/ecl_type_traits/lib:${LD_LIBRARY_PATH} PATH=/home/locobot/LoCoBotRos/interbotix_ws/install/ecl_type_traits/bin:/home/locobot/LoCoBotRos/interbotix_ws/install/ecl_config/bin:${PATH} /usr/bin/cmake --build /home/locobot/LoCoBotRos/interbotix_ws/build/ecl_concepts -- -j16 -l16
[0.089s] Invoking command in '/home/locobot/LoCoBotRos/interbotix_ws/build/ecl_concepts': AMENT_PREFIX_PATH=/home/locobot/LoCoBotRos/interbotix_ws/install/ecl_type_traits:/home/locobot/LoCoBotRos/interbotix_ws/install/ecl_mpl:/home/locobot/LoCoBotRos/interbotix_ws/install/ecl_config:${AMENT_PREFIX_PATH} CMAKE_PREFIX_PATH=/home/locobot/LoCoBotRos/interbotix_ws/install/ecl_type_traits:/home/locobot/LoCoBotRos/interbotix_ws/install/ecl_mpl:/home/locobot/LoCoBotRos/interbotix_ws/install/ecl_config:/home/locobot/apriltag_ws/install/apriltag_ros:/opt/ros/humble LD_LIBRARY_PATH=/home/locobot/LoCoBotRos/interbotix_ws/install/ecl_type_traits/lib:${LD_LIBRARY_PATH} PATH=/home/locobot/LoCoBotRos/interbotix_ws/install/ecl_type_traits/bin:/home/locobot/LoCoBotRos/interbotix_ws/install/ecl_config/bin:${PATH} /usr/bin/cmake --install /home/locobot/LoCoBotRos/interbotix_ws/build/ecl_concepts
[0.096s] -- Install configuration: "Debug"
[0.096s] -- Up-to-date: /home/locobot/LoCoBotRos/interbotix_ws/install/ecl_concepts/share/ament_index/resource_index/package_run_dependencies/ecl_concepts
[0.097s] -- Up-to-date: /home/locobot/LoCoBotRos/interbotix_ws/install/ecl_concepts/share/ament_index/resource_index/parent_prefix_path/ecl_concepts
[0.097s] -- Up-to-date: /home/locobot/LoCoBotRos/interbotix_ws/install/ecl_concepts/share/ecl_concepts/environment/ament_prefix_path.sh
[0.097s] -- Up-to-date: /home/locobot/LoCoBotRos/interbotix_ws/install/ecl_concepts/share/ecl_concepts/environment/ament_prefix_path.dsv
[0.097s] -- Up-to-date: /home/locobot/LoCoBotRos/interbotix_ws/install/ecl_concepts/share/ecl_concepts/environment/path.sh
[0.097s] -- Up-to-date: /home/locobot/LoCoBotRos/interbotix_ws/install/ecl_concepts/share/ecl_concepts/environment/path.dsv
[0.097s] -- Up-to-date: /home/locobot/LoCoBotRos/interbotix_ws/install/ecl_concepts/share/ecl_concepts/local_setup.bash
[0.097s] -- Up-to-date: /home/locobot/LoCoBotRos/interbotix_ws/install/ecl_concepts/share/ecl_concepts/local_setup.sh
[0.097s] -- Up-to-date: /home/locobot/LoCoBotRos/interbotix_ws/install/ecl_concepts/share/ecl_concepts/local_setup.zsh
[0.097s] -- Up-to-date: /home/locobot/LoCoBotRos/interbotix_ws/install/ecl_concepts/share/ecl_concepts/local_setup.dsv
[0.098s] -- Installing: /home/locobot/LoCoBotRos/interbotix_ws/install/ecl_concepts/share/ecl_concepts/package.dsv
[0.098s] -- Up-to-date: /home/locobot/LoCoBotRos/interbotix_ws/install/ecl_concepts/share/ament_index/resource_index/packages/ecl_concepts
[0.099s] -- Up-to-date: /home/locobot/LoCoBotRos/interbotix_ws/install/ecl_concepts/share/ecl_concepts/cmake/ecl_conceptsExport.cmake
[0.099s] -- Up-to-date: /home/locobot/LoCoBotRos/interbotix_ws/install/ecl_concepts/share/ecl_concepts/cmake/ament_cmake_export_targets-extras.cmake
[0.099s] -- Up-to-date: /home/locobot/LoCoBotRos/interbotix_ws/install/ecl_concepts/share/ecl_concepts/cmake/ament_cmake_export_include_directories-extras.cmake
[0.099s] -- Up-to-date: /home/locobot/LoCoBotRos/interbotix_ws/install/ecl_concepts/share/ecl_concepts/cmake/ament_cmake_export_dependencies-extras.cmake
[0.099s] -- Up-to-date: /home/locobot/LoCoBotRos/interbotix_ws/install/ecl_concepts/share/ecl_concepts/cmake/ecl_conceptsConfig.cmake
[0.099s] -- Up-to-date: /home/locobot/LoCoBotRos/interbotix_ws/install/ecl_concepts/share/ecl_concepts/cmake/ecl_conceptsConfig-version.cmake
[0.099s] -- Up-to-date: /home/locobot/LoCoBotRos/interbotix_ws/install/ecl_concepts/share/ecl_concepts/package.xml
[0.100s] -- Up-to-date: /home/locobot/LoCoBotRos/interbotix_ws/install/ecl_concepts/include/ecl/concepts.hpp
[0.100s] -- Up-to-date: /home/locobot/LoCoBotRos/interbotix_ws/install/ecl_concepts/include/ecl/concepts/blueprints.hpp
[0.100s] -- Up-to-date: /home/locobot/LoCoBotRos/interbotix_ws/install/ecl_concepts/include/ecl/concepts/containers.hpp
[0.100s] -- Up-to-date: /home/locobot/LoCoBotRos/interbotix_ws/install/ecl_concepts/include/ecl/concepts/devices.hpp
[0.100s] -- Up-to-date: /home/locobot/LoCoBotRos/interbotix_ws/install/ecl_concepts/include/ecl/concepts/macros.hpp
[0.101s] -- Up-to-date: /home/locobot/LoCoBotRos/interbotix_ws/install/ecl_concepts/include/ecl/concepts/nullary_function.hpp
[0.101s] -- Up-to-date: /home/locobot/LoCoBotRos/interbotix_ws/install/ecl_concepts/include/ecl/concepts/streams.hpp
[0.103s] Invoked command in '/home/locobot/LoCoBotRos/interbotix_ws/build/ecl_concepts' returned '0': AMENT_PREFIX_PATH=/home/locobot/LoCoBotRos/interbotix_ws/install/ecl_type_traits:/home/locobot/LoCoBotRos/interbotix_ws/install/ecl_mpl:/home/locobot/LoCoBotRos/interbotix_ws/install/ecl_config:${AMENT_PREFIX_PATH} CMAKE_PREFIX_PATH=/home/locobot/LoCoBotRos/interbotix_ws/install/ecl_type_traits:/home/locobot/LoCoBotRos/interbotix_ws/install/ecl_mpl:/home/locobot/LoCoBotRos/interbotix_ws/install/ecl_config:/home/locobot/apriltag_ws/install/apriltag_ros:/opt/ros/humble LD_LIBRARY_PATH=/home/locobot/LoCoBotRos/interbotix_ws/install/ecl_type_traits/lib:${LD_LIBRARY_PATH} PATH=/home/locobot/LoCoBotRos/interbotix_ws/install/ecl_type_traits/bin:/home/locobot/LoCoBotRos/interbotix_ws/install/ecl_config/bin:${PATH} /usr/bin/cmake --install /home/locobot/LoCoBotRos/interbotix_ws/build/ecl_concepts
