[0.364s] Invoking command in '/home/rowanfoxx/Documents/GitHub/LoCoBotRos/build/turtlesim': CMAKE_PREFIX_PATH=${CMAKE_PREFIX_PATH}:/home/rowanfoxx/Documents/GitHub/LoCoBotRos/install/py_pubsub:/home/rowanfoxx/ros2_jazzy/install/rqt_bag_plugins:/home/rowanfoxx/ros2_jazzy/install/rqt_bag:/home/rowanfoxx/ros2_jazzy/install/rosbag2_examples_py:/home/rowanfoxx/ros2_jazzy/install/launch_testing_examples:/home/rowanfoxx/ros2_jazzy/install/ros2bag:/home/rowanfoxx/ros2_jazzy/install/tracetools_test:/home/rowanfoxx/ros2_jazzy/install/tracetools_launch:/home/rowanfoxx/ros2_jazzy/install/topic_monitor:/home/rowanfoxx/ros2_jazzy/install/tf2_tools:/home/rowanfoxx/ros2_jazzy/install/examples_tf2_py:/home/rowanfoxx/ros2_jazzy/install/tf2_ros_py:/home/rowanfoxx/ros2_jazzy/install/examples_rclpy_pointcloud_publisher:/home/rowanfoxx/ros2_jazzy/install/sensor_msgs_py:/home/rowanfoxx/ros2_jazzy/install/quality_of_service_demo_py:/home/rowanfoxx/ros2_jazzy/install/camera_info_manager_py:/home/rowanfoxx/ros2_jazzy/install/rqt_plot:/home/rowanfoxx/ros2_jazzy/install/ros2doctor:/home/rowanfoxx/ros2_jazzy/install/lifecycle_py:/home/rowanfoxx/ros2_jazzy/install/examples_rclpy_minimal_subscriber:/home/rowanfoxx/ros2_jazzy/install/examples_rclpy_minimal_service:/home/rowanfoxx/ros2_jazzy/install/examples_rclpy_minimal_publisher:/home/rowanfoxx/ros2_jazzy/install/examples_rclpy_minimal_client:/home/rowanfoxx/ros2_jazzy/install/examples_rclpy_executors:/home/rowanfoxx/ros2_jazzy/install/demo_nodes_py:/home/rowanfoxx/ros2_jazzy/install/rqt:/home/rowanfoxx/ros2_jazzy/install/ros2component:/home/rowanfoxx/ros2_jazzy/install/sros2:/home/rowanfoxx/ros2_jazzy/install/rqt_topic:/home/rowanfoxx/ros2_jazzy/install/rqt_srv:/home/rowanfoxx/ros2_jazzy/install/rqt_shell:/home/rowanfoxx/ros2_jazzy/install/rqt_service_caller:/home/rowanfoxx/ros2_jazzy/install/rqt_reconfigure:/home/rowanfoxx/ros2_jazzy/install/rqt_py_console:/home/rowanfoxx/ros2_jazzy/install/rqt_publisher:/home/rowanfoxx/ros2_jazzy/install/rqt_action:/home/rowanfoxx/ros2_jazzy/install/rqt_msg:/home/rowanfoxx/ros2_jazzy/install/rqt_console:/home/rowanfoxx/ros2_jazzy/install/rqt_graph:/home/rowanfoxx/ros2_jazzy/install/rqt_gui_py:/home/rowanfoxx/ros2_jazzy/install/rqt_gui:/home/rowanfoxx/ros2_jazzy/install/ros2trace:/home/rowanfoxx/ros2_jazzy/install/ros2param:/home/rowanfoxx/ros2_jazzy/install/ros2lifecycle:/home/rowanfoxx/ros2_jazzy/install/ros2service:/home/rowanfoxx/ros2_jazzy/install/ros2topic:/home/rowanfoxx/ros2_jazzy/install/ros2test:/home/rowanfoxx/ros2_jazzy/install/ros2run:/home/rowanfoxx/ros2_jazzy/install/ros2launch:/home/rowanfoxx/ros2_jazzy/install/ros2pkg:/home/rowanfoxx/ros2_jazzy/install/ros2node:/home/rowanfoxx/ros2_jazzy/install/ros2multicast:/home/rowanfoxx/ros2_jazzy/install/ros2interface:/home/rowanfoxx/ros2_jazzy/install/ros2action:/home/rowanfoxx/ros2_jazzy/install/ros2cli:/home/rowanfoxx/ros2_jazzy/install/launch_testing_ros:/home/rowanfoxx/ros2_jazzy/install/launch_ros:/home/rowanfoxx/ros2_jazzy/install/examples_rclpy_minimal_action_server:/home/rowanfoxx/ros2_jazzy/install/examples_rclpy_minimal_action_client:/home/rowanfoxx/ros2_jazzy/install/examples_rclpy_guard_conditions:/home/rowanfoxx/ros2_jazzy/install/action_tutorials_py:/home/rowanfoxx/ros2_jazzy/install/ament_uncrustify:/home/rowanfoxx/ros2_jazzy/install/tracetools_trace:/home/rowanfoxx/ros2_jazzy/install/tracetools_read:/home/rowanfoxx/ros2_jazzy/install/test_tracetools_launch:/home/rowanfoxx/ros2_jazzy/install/test_ros2trace:/home/rowanfoxx/ros2_jazzy/install/test_launch_ros:/home/rowanfoxx/ros2_jazzy/install/rpyutils:/home/rowanfoxx/ros2_jazzy/install/rosidl_runtime_py:/home/rowanfoxx/ros2_jazzy/install/rosidl_pycommon:/home/rowanfoxx/ros2_jazzy/install/rosidl_cli:/home/rowanfoxx/ros2_jazzy/install/launch_pytest:/home/rowanfoxx/ros2_jazzy/install/launch_testing:/home/rowanfoxx/ros2_jazzy/install/launch_yaml:/home/rowanfoxx/ros2_jazzy/install/launch_xml:/home/rowanfoxx/ros2_jazzy/install/launch:/home/rowanfoxx/ros2_jazzy/install/osrf_pycommon:/home/rowanfoxx/ros2_jazzy/install/domain_coordinator:/home/rowanfoxx/ros2_jazzy/install/ament_xmllint:/home/rowanfoxx/ros2_jazzy/install/ament_pyflakes:/home/rowanfoxx/ros2_jazzy/install/ament_pycodestyle:/home/rowanfoxx/ros2_jazzy/install/ament_pep257:/home/rowanfoxx/ros2_jazzy/install/ament_pclint:/home/rowanfoxx/ros2_jazzy/install/ament_package:/home/rowanfoxx/ros2_jazzy/install/ament_mypy:/home/rowanfoxx/ros2_jazzy/install/ament_lint_cmake:/home/rowanfoxx/ros2_jazzy/install/ament_flake8:/home/rowanfoxx/ros2_jazzy/install/ament_copyright:/home/rowanfoxx/ros2_jazzy/install/ament_lint:/home/rowanfoxx/ros2_jazzy/install/ament_index_python:/home/rowanfoxx/ros2_jazzy/install/ament_cpplint:/home/rowanfoxx/ros2_jazzy/install/ament_cppcheck:/home/rowanfoxx/ros2_jazzy/install/ament_clang_tidy:/home/rowanfoxx/ros2_jazzy/install/ament_clang_format DEBUGINFOD_URLS=https://debuginfod.fedoraproject.org/ _=/usr/bin/env /usr/bin/cmake --build /home/rowanfoxx/Documents/GitHub/LoCoBotRos/build/turtlesim -- -j16 -l16
[0.431s] [  0%] Built target turtlesim__rosidl_generator_type_description
[0.437s] [  0%] Built target ament_cmake_python_copy_turtlesim
[0.453s] [  1%] Built target turtlesim__cpp
[0.456s] [ 24%] Built target turtlesim__rosidl_generator_c
[0.480s] [ 48%] Built target turtlesim__rosidl_typesupport_introspection_cpp
[0.480s] [ 50%] Built target turtlesim__rosidl_typesupport_introspection_c
[0.480s] [ 50%] Built target turtlesim__rosidl_typesupport_c
[0.483s] [ 59%] Built target turtlesim__rosidl_typesupport_cpp
[0.485s] [ 74%] Built target turtlesim__rosidl_typesupport_fastrtps_cpp
[0.485s] [ 76%] Built target turtlesim__rosidl_typesupport_fastrtps_c
[0.509s] [ 81%] Built target mimic
[0.509s] [ 81%] Built target draw_square
[0.510s] [ 81%] Built target turtle_teleop_key
[0.512s] [ 81%] Built target turtlesim
[0.523s] [ 86%] Built target turtlesim_node
[0.535s] [ 86%] Built target turtlesim__py
[0.563s] [ 94%] Built target turtlesim__rosidl_generator_py
[0.586s] [ 96%] Built target turtlesim_s__rosidl_typesupport_fastrtps_c
[0.587s] [ 98%] Built target turtlesim_s__rosidl_typesupport_introspection_c
[0.590s] [100%] Built target turtlesim_s__rosidl_typesupport_c
[0.756s] running egg_info
[0.778s] writing turtlesim.egg-info/PKG-INFO
[0.779s] writing dependency_links to turtlesim.egg-info/dependency_links.txt
[0.779s] writing top-level names to turtlesim.egg-info/top_level.txt
[0.847s] reading manifest file 'turtlesim.egg-info/SOURCES.txt'
[0.847s] writing manifest file 'turtlesim.egg-info/SOURCES.txt'
[0.876s] [100%] Built target ament_cmake_python_build_turtlesim_egg
