[0.017s] Invoking command in '/home/locobot/LoCoBotRos/interbotix_ws/build/ecl_sigslots': AMENT_PREFIX_PATH=/home/locobot/LoCoBotRos/interbotix_ws/install/ecl_threads:/home/locobot/LoCoBotRos/interbotix_ws/install/ecl_utilities:/home/locobot/LoCoBotRos/interbotix_ws/install/ecl_time:/home/locobot/LoCoBotRos/interbotix_ws/install/ecl_time_lite:/home/locobot/LoCoBotRos/interbotix_ws/install/ecl_exceptions:/home/locobot/LoCoBotRos/interbotix_ws/install/ecl_concepts:/home/locobot/LoCoBotRos/interbotix_ws/install/ecl_type_traits:/home/locobot/LoCoBotRos/interbotix_ws/install/ecl_errors:/home/locobot/LoCoBotRos/interbotix_ws/install/ecl_mpl:/home/locobot/LoCoBotRos/interbotix_ws/install/ecl_config:${AMENT_PREFIX_PATH} CMAKE_PREFIX_PATH=/home/locobot/LoCoBotRos/interbotix_ws/install/ecl_threads:/home/locobot/LoCoBotRos/interbotix_ws/install/ecl_utilities:/home/locobot/LoCoBotRos/interbotix_ws/install/ecl_time:/home/locobot/LoCoBotRos/interbotix_ws/install/ecl_time_lite:/home/locobot/LoCoBotRos/interbotix_ws/install/ecl_exceptions:/home/locobot/LoCoBotRos/interbotix_ws/install/ecl_concepts:/home/locobot/LoCoBotRos/interbotix_ws/install/ecl_type_traits:/home/locobot/LoCoBotRos/interbotix_ws/install/ecl_errors:/home/locobot/LoCoBotRos/interbotix_ws/install/ecl_mpl:/home/locobot/LoCoBotRos/interbotix_ws/install/ecl_config:/home/locobot/apriltag_ws/install/apriltag_ros:/opt/ros/humble LD_LIBRARY_PATH=/home/locobot/LoCoBotRos/interbotix_ws/install/ecl_threads/lib:/home/locobot/LoCoBotRos/interbotix_ws/install/ecl_time/lib:/home/locobot/LoCoBotRos/interbotix_ws/install/ecl_time_lite/lib:/home/locobot/LoCoBotRos/interbotix_ws/install/ecl_exceptions/lib:/home/locobot/LoCoBotRos/interbotix_ws/install/ecl_type_traits/lib:/home/locobot/LoCoBotRos/interbotix_ws/install/ecl_errors/lib:${LD_LIBRARY_PATH} PATH=/home/locobot/LoCoBotRos/interbotix_ws/install/ecl_type_traits/bin:/home/locobot/LoCoBotRos/interbotix_ws/install/ecl_config/bin:${PATH} /usr/bin/cmake --build /home/locobot/LoCoBotRos/interbotix_ws/build/ecl_sigslots -- -j16 -l16
[0.051s] [35m[1mConsolidate compiler generated dependencies of target gtest_main[0m
[0.051s] [35m[1mConsolidate compiler generated dependencies of target gtest[0m
[0.052s] [35m[1mConsolidate compiler generated dependencies of target ecl_demo_sigslots[0m
[0.052s] [35m[1mConsolidate compiler generated dependencies of target ecl_demo_sigslots_manager[0m
[0.061s] [ 20%] Built target gtest_main
[0.062s] [ 60%] Built target ecl_demo_sigslots_manager
[0.062s] [ 60%] Built target gtest
[0.062s] [ 80%] Built target ecl_demo_sigslots
[0.072s] [35m[1mConsolidate compiler generated dependencies of target ecl_test_sigslots[0m
[0.083s] [100%] Built target ecl_test_sigslots
[0.091s] Invoked command in '/home/locobot/LoCoBotRos/interbotix_ws/build/ecl_sigslots' returned '0': AMENT_PREFIX_PATH=/home/locobot/LoCoBotRos/interbotix_ws/install/ecl_threads:/home/locobot/LoCoBotRos/interbotix_ws/install/ecl_utilities:/home/locobot/LoCoBotRos/interbotix_ws/install/ecl_time:/home/locobot/LoCoBotRos/interbotix_ws/install/ecl_time_lite:/home/locobot/LoCoBotRos/interbotix_ws/install/ecl_exceptions:/home/locobot/LoCoBotRos/interbotix_ws/install/ecl_concepts:/home/locobot/LoCoBotRos/interbotix_ws/install/ecl_type_traits:/home/locobot/LoCoBotRos/interbotix_ws/install/ecl_errors:/home/locobot/LoCoBotRos/interbotix_ws/install/ecl_mpl:/home/locobot/LoCoBotRos/interbotix_ws/install/ecl_config:${AMENT_PREFIX_PATH} CMAKE_PREFIX_PATH=/home/locobot/LoCoBotRos/interbotix_ws/install/ecl_threads:/home/locobot/LoCoBotRos/interbotix_ws/install/ecl_utilities:/home/locobot/LoCoBotRos/interbotix_ws/install/ecl_time:/home/locobot/LoCoBotRos/interbotix_ws/install/ecl_time_lite:/home/locobot/LoCoBotRos/interbotix_ws/install/ecl_exceptions:/home/locobot/LoCoBotRos/interbotix_ws/install/ecl_concepts:/home/locobot/LoCoBotRos/interbotix_ws/install/ecl_type_traits:/home/locobot/LoCoBotRos/interbotix_ws/install/ecl_errors:/home/locobot/LoCoBotRos/interbotix_ws/install/ecl_mpl:/home/locobot/LoCoBotRos/interbotix_ws/install/ecl_config:/home/locobot/apriltag_ws/install/apriltag_ros:/opt/ros/humble LD_LIBRARY_PATH=/home/locobot/LoCoBotRos/interbotix_ws/install/ecl_threads/lib:/home/locobot/LoCoBotRos/interbotix_ws/install/ecl_time/lib:/home/locobot/LoCoBotRos/interbotix_ws/install/ecl_time_lite/lib:/home/locobot/LoCoBotRos/interbotix_ws/install/ecl_exceptions/lib:/home/locobot/LoCoBotRos/interbotix_ws/install/ecl_type_traits/lib:/home/locobot/LoCoBotRos/interbotix_ws/install/ecl_errors/lib:${LD_LIBRARY_PATH} PATH=/home/locobot/LoCoBotRos/interbotix_ws/install/ecl_type_traits/bin:/home/locobot/LoCoBotRos/interbotix_ws/install/ecl_config/bin:${PATH} /usr/bin/cmake --build /home/locobot/LoCoBotRos/interbotix_ws/build/ecl_sigslots -- -j16 -l16
[0.093s] Invoking command in '/home/locobot/LoCoBotRos/interbotix_ws/build/ecl_sigslots': AMENT_PREFIX_PATH=/home/locobot/LoCoBotRos/interbotix_ws/install/ecl_threads:/home/locobot/LoCoBotRos/interbotix_ws/install/ecl_utilities:/home/locobot/LoCoBotRos/interbotix_ws/install/ecl_time:/home/locobot/LoCoBotRos/interbotix_ws/install/ecl_time_lite:/home/locobot/LoCoBotRos/interbotix_ws/install/ecl_exceptions:/home/locobot/LoCoBotRos/interbotix_ws/install/ecl_concepts:/home/locobot/LoCoBotRos/interbotix_ws/install/ecl_type_traits:/home/locobot/LoCoBotRos/interbotix_ws/install/ecl_errors:/home/locobot/LoCoBotRos/interbotix_ws/install/ecl_mpl:/home/locobot/LoCoBotRos/interbotix_ws/install/ecl_config:${AMENT_PREFIX_PATH} CMAKE_PREFIX_PATH=/home/locobot/LoCoBotRos/interbotix_ws/install/ecl_threads:/home/locobot/LoCoBotRos/interbotix_ws/install/ecl_utilities:/home/locobot/LoCoBotRos/interbotix_ws/install/ecl_time:/home/locobot/LoCoBotRos/interbotix_ws/install/ecl_time_lite:/home/locobot/LoCoBotRos/interbotix_ws/install/ecl_exceptions:/home/locobot/LoCoBotRos/interbotix_ws/install/ecl_concepts:/home/locobot/LoCoBotRos/interbotix_ws/install/ecl_type_traits:/home/locobot/LoCoBotRos/interbotix_ws/install/ecl_errors:/home/locobot/LoCoBotRos/interbotix_ws/install/ecl_mpl:/home/locobot/LoCoBotRos/interbotix_ws/install/ecl_config:/home/locobot/apriltag_ws/install/apriltag_ros:/opt/ros/humble LD_LIBRARY_PATH=/home/locobot/LoCoBotRos/interbotix_ws/install/ecl_threads/lib:/home/locobot/LoCoBotRos/interbotix_ws/install/ecl_time/lib:/home/locobot/LoCoBotRos/interbotix_ws/install/ecl_time_lite/lib:/home/locobot/LoCoBotRos/interbotix_ws/install/ecl_exceptions/lib:/home/locobot/LoCoBotRos/interbotix_ws/install/ecl_type_traits/lib:/home/locobot/LoCoBotRos/interbotix_ws/install/ecl_errors/lib:${LD_LIBRARY_PATH} PATH=/home/locobot/LoCoBotRos/interbotix_ws/install/ecl_type_traits/bin:/home/locobot/LoCoBotRos/interbotix_ws/install/ecl_config/bin:${PATH} /usr/bin/cmake --install /home/locobot/LoCoBotRos/interbotix_ws/build/ecl_sigslots
[0.100s] -- Install configuration: "Release"
[0.100s] -- Up-to-date: /home/locobot/LoCoBotRos/interbotix_ws/install/ecl_sigslots/share/ament_index/resource_index/package_run_dependencies/ecl_sigslots
[0.100s] -- Up-to-date: /home/locobot/LoCoBotRos/interbotix_ws/install/ecl_sigslots/share/ament_index/resource_index/parent_prefix_path/ecl_sigslots
[0.100s] -- Up-to-date: /home/locobot/LoCoBotRos/interbotix_ws/install/ecl_sigslots/share/ecl_sigslots/environment/ament_prefix_path.sh
[0.100s] -- Up-to-date: /home/locobot/LoCoBotRos/interbotix_ws/install/ecl_sigslots/share/ecl_sigslots/environment/ament_prefix_path.dsv
[0.100s] -- Up-to-date: /home/locobot/LoCoBotRos/interbotix_ws/install/ecl_sigslots/share/ecl_sigslots/environment/path.sh
[0.100s] -- Up-to-date: /home/locobot/LoCoBotRos/interbotix_ws/install/ecl_sigslots/share/ecl_sigslots/environment/path.dsv
[0.100s] -- Up-to-date: /home/locobot/LoCoBotRos/interbotix_ws/install/ecl_sigslots/share/ecl_sigslots/local_setup.bash
[0.101s] -- Up-to-date: /home/locobot/LoCoBotRos/interbotix_ws/install/ecl_sigslots/share/ecl_sigslots/local_setup.sh
[0.101s] -- Up-to-date: /home/locobot/LoCoBotRos/interbotix_ws/install/ecl_sigslots/share/ecl_sigslots/local_setup.zsh
[0.101s] -- Up-to-date: /home/locobot/LoCoBotRos/interbotix_ws/install/ecl_sigslots/share/ecl_sigslots/local_setup.dsv
[0.101s] -- Installing: /home/locobot/LoCoBotRos/interbotix_ws/install/ecl_sigslots/share/ecl_sigslots/package.dsv
[0.101s] -- Up-to-date: /home/locobot/LoCoBotRos/interbotix_ws/install/ecl_sigslots/share/ament_index/resource_index/packages/ecl_sigslots
[0.101s] -- Up-to-date: /home/locobot/LoCoBotRos/interbotix_ws/install/ecl_sigslots/share/ecl_sigslots/cmake/ecl_sigslotsExport.cmake
[0.101s] -- Up-to-date: /home/locobot/LoCoBotRos/interbotix_ws/install/ecl_sigslots/share/ecl_sigslots/cmake/ament_cmake_export_targets-extras.cmake
[0.101s] -- Up-to-date: /home/locobot/LoCoBotRos/interbotix_ws/install/ecl_sigslots/share/ecl_sigslots/cmake/ament_cmake_export_include_directories-extras.cmake
[0.101s] -- Up-to-date: /home/locobot/LoCoBotRos/interbotix_ws/install/ecl_sigslots/share/ecl_sigslots/cmake/ament_cmake_export_dependencies-extras.cmake
[0.101s] -- Up-to-date: /home/locobot/LoCoBotRos/interbotix_ws/install/ecl_sigslots/share/ecl_sigslots/cmake/ecl_sigslotsConfig.cmake
[0.101s] -- Up-to-date: /home/locobot/LoCoBotRos/interbotix_ws/install/ecl_sigslots/share/ecl_sigslots/cmake/ecl_sigslotsConfig-version.cmake
[0.101s] -- Up-to-date: /home/locobot/LoCoBotRos/interbotix_ws/install/ecl_sigslots/share/ecl_sigslots/package.xml
[0.101s] -- Up-to-date: /home/locobot/LoCoBotRos/interbotix_ws/install/ecl_sigslots/include/ecl/sigslots.hpp
[0.101s] -- Up-to-date: /home/locobot/LoCoBotRos/interbotix_ws/install/ecl_sigslots/include/ecl/sigslots/macros.hpp
[0.102s] -- Up-to-date: /home/locobot/LoCoBotRos/interbotix_ws/install/ecl_sigslots/include/ecl/sigslots/manager.hpp
[0.102s] -- Up-to-date: /home/locobot/LoCoBotRos/interbotix_ws/install/ecl_sigslots/include/ecl/sigslots/signal.hpp
[0.102s] -- Up-to-date: /home/locobot/LoCoBotRos/interbotix_ws/install/ecl_sigslots/include/ecl/sigslots/sigslot.hpp
[0.102s] -- Up-to-date: /home/locobot/LoCoBotRos/interbotix_ws/install/ecl_sigslots/include/ecl/sigslots/slot.hpp
[0.102s] -- Up-to-date: /home/locobot/LoCoBotRos/interbotix_ws/install/ecl_sigslots/include/ecl/sigslots/topic.hpp
[0.103s] -- Up-to-date: /home/locobot/LoCoBotRos/interbotix_ws/install/ecl_sigslots/lib/ecl_sigslots/demo_sigslots
[0.103s] -- Up-to-date: /home/locobot/LoCoBotRos/interbotix_ws/install/ecl_sigslots/lib/ecl_sigslots/demo_sigslots_manager
[0.106s] Invoked command in '/home/locobot/LoCoBotRos/interbotix_ws/build/ecl_sigslots' returned '0': AMENT_PREFIX_PATH=/home/locobot/LoCoBotRos/interbotix_ws/install/ecl_threads:/home/locobot/LoCoBotRos/interbotix_ws/install/ecl_utilities:/home/locobot/LoCoBotRos/interbotix_ws/install/ecl_time:/home/locobot/LoCoBotRos/interbotix_ws/install/ecl_time_lite:/home/locobot/LoCoBotRos/interbotix_ws/install/ecl_exceptions:/home/locobot/LoCoBotRos/interbotix_ws/install/ecl_concepts:/home/locobot/LoCoBotRos/interbotix_ws/install/ecl_type_traits:/home/locobot/LoCoBotRos/interbotix_ws/install/ecl_errors:/home/locobot/LoCoBotRos/interbotix_ws/install/ecl_mpl:/home/locobot/LoCoBotRos/interbotix_ws/install/ecl_config:${AMENT_PREFIX_PATH} CMAKE_PREFIX_PATH=/home/locobot/LoCoBotRos/interbotix_ws/install/ecl_threads:/home/locobot/LoCoBotRos/interbotix_ws/install/ecl_utilities:/home/locobot/LoCoBotRos/interbotix_ws/install/ecl_time:/home/locobot/LoCoBotRos/interbotix_ws/install/ecl_time_lite:/home/locobot/LoCoBotRos/interbotix_ws/install/ecl_exceptions:/home/locobot/LoCoBotRos/interbotix_ws/install/ecl_concepts:/home/locobot/LoCoBotRos/interbotix_ws/install/ecl_type_traits:/home/locobot/LoCoBotRos/interbotix_ws/install/ecl_errors:/home/locobot/LoCoBotRos/interbotix_ws/install/ecl_mpl:/home/locobot/LoCoBotRos/interbotix_ws/install/ecl_config:/home/locobot/apriltag_ws/install/apriltag_ros:/opt/ros/humble LD_LIBRARY_PATH=/home/locobot/LoCoBotRos/interbotix_ws/install/ecl_threads/lib:/home/locobot/LoCoBotRos/interbotix_ws/install/ecl_time/lib:/home/locobot/LoCoBotRos/interbotix_ws/install/ecl_time_lite/lib:/home/locobot/LoCoBotRos/interbotix_ws/install/ecl_exceptions/lib:/home/locobot/LoCoBotRos/interbotix_ws/install/ecl_type_traits/lib:/home/locobot/LoCoBotRos/interbotix_ws/install/ecl_errors/lib:${LD_LIBRARY_PATH} PATH=/home/locobot/LoCoBotRos/interbotix_ws/install/ecl_type_traits/bin:/home/locobot/LoCoBotRos/interbotix_ws/install/ecl_config/bin:${PATH} /usr/bin/cmake --install /home/locobot/LoCoBotRos/interbotix_ws/build/ecl_sigslots
