[0.312s] Invoking command in '/home/locobot/LoCoBotRos/interbotix_ws/build/ecl_concepts': AMENT_PREFIX_PATH=/home/locobot/LoCoBotRos/interbotix_ws/install/ecl_type_traits:/home/locobot/LoCoBotRos/interbotix_ws/install/ecl_mpl:/home/locobot/LoCoBotRos/interbotix_ws/install/ecl_config:${AMENT_PREFIX_PATH} CMAKE_PREFIX_PATH=/home/locobot/LoCoBotRos/interbotix_ws/install/ecl_type_traits:/home/locobot/LoCoBotRos/interbotix_ws/install/ecl_mpl:/home/locobot/LoCoBotRos/interbotix_ws/install/ecl_config:/home/locobot/apriltag_ws/install/apriltag_ros:/opt/ros/humble LD_LIBRARY_PATH=/home/locobot/LoCoBotRos/interbotix_ws/install/ecl_type_traits/lib:${LD_LIBRARY_PATH} PATH=/home/locobot/LoCoBotRos/interbotix_ws/install/ecl_type_traits/bin:/home/locobot/LoCoBotRos/interbotix_ws/install/ecl_config/bin:${PATH} /usr/bin/cmake /home/locobot/LoCoBotRos/interbotix_ws/src/ecl_core/ecl_concepts -DCMAKE_INSTALL_PREFIX=/home/locobot/LoCoBotRos/interbotix_ws/install/ecl_concepts
[0.339s] -- Found ament_cmake_ros: 0.10.0 (/opt/ros/humble/share/ament_cmake_ros/cmake)
[0.533s] -- Found ecl_build: 1.0.3 (/opt/ros/humble/share/ecl_build/cmake)
[0.541s] -- Found ecl_config: 1.2.0 (/home/locobot/LoCoBotRos/interbotix_ws/install/ecl_config/share/ecl_config/cmake)
[0.544s] -- Found ecl_type_traits: 1.2.1 (/home/locobot/LoCoBotRos/interbotix_ws/install/ecl_type_traits/share/ecl_type_traits/cmake)
[0.720s] -- Found ament_lint_auto: 0.12.12 (/opt/ros/humble/share/ament_lint_auto/cmake)
[0.728s] -- Found gtest sources under '/opt/ros/humble/src/gtest_vendor': C++ tests using 'Google Test' will be built
[0.784s] -- Configuring done
[0.851s] -- Generating done
[0.858s] -- Build files have been written to: /home/locobot/LoCoBotRos/interbotix_ws/build/ecl_concepts
[0.901s] Invoked command in '/home/locobot/LoCoBotRos/interbotix_ws/build/ecl_concepts' returned '0': AMENT_PREFIX_PATH=/home/locobot/LoCoBotRos/interbotix_ws/install/ecl_type_traits:/home/locobot/LoCoBotRos/interbotix_ws/install/ecl_mpl:/home/locobot/LoCoBotRos/interbotix_ws/install/ecl_config:${AMENT_PREFIX_PATH} CMAKE_PREFIX_PATH=/home/locobot/LoCoBotRos/interbotix_ws/install/ecl_type_traits:/home/locobot/LoCoBotRos/interbotix_ws/install/ecl_mpl:/home/locobot/LoCoBotRos/interbotix_ws/install/ecl_config:/home/locobot/apriltag_ws/install/apriltag_ros:/opt/ros/humble LD_LIBRARY_PATH=/home/locobot/LoCoBotRos/interbotix_ws/install/ecl_type_traits/lib:${LD_LIBRARY_PATH} PATH=/home/locobot/LoCoBotRos/interbotix_ws/install/ecl_type_traits/bin:/home/locobot/LoCoBotRos/interbotix_ws/install/ecl_config/bin:${PATH} /usr/bin/cmake /home/locobot/LoCoBotRos/interbotix_ws/src/ecl_core/ecl_concepts -DCMAKE_INSTALL_PREFIX=/home/locobot/LoCoBotRos/interbotix_ws/install/ecl_concepts
[0.909s] Invoking command in '/home/locobot/LoCoBotRos/interbotix_ws/build/ecl_concepts': AMENT_PREFIX_PATH=/home/locobot/LoCoBotRos/interbotix_ws/install/ecl_type_traits:/home/locobot/LoCoBotRos/interbotix_ws/install/ecl_mpl:/home/locobot/LoCoBotRos/interbotix_ws/install/ecl_config:${AMENT_PREFIX_PATH} CMAKE_PREFIX_PATH=/home/locobot/LoCoBotRos/interbotix_ws/install/ecl_type_traits:/home/locobot/LoCoBotRos/interbotix_ws/install/ecl_mpl:/home/locobot/LoCoBotRos/interbotix_ws/install/ecl_config:/home/locobot/apriltag_ws/install/apriltag_ros:/opt/ros/humble LD_LIBRARY_PATH=/home/locobot/LoCoBotRos/interbotix_ws/install/ecl_type_traits/lib:${LD_LIBRARY_PATH} PATH=/home/locobot/LoCoBotRos/interbotix_ws/install/ecl_type_traits/bin:/home/locobot/LoCoBotRos/interbotix_ws/install/ecl_config/bin:${PATH} /usr/bin/cmake --build /home/locobot/LoCoBotRos/interbotix_ws/build/ecl_concepts -- -j16 -l16
[1.100s] [35m[1mConsolidate compiler generated dependencies of target gtest_main[0m
[1.101s] [35m[1mConsolidate compiler generated dependencies of target gtest[0m
[1.101s] [ 33%] Built target gtest
[1.101s] [ 66%] Built target gtest_main
[1.101s] [35m[1mConsolidate compiler generated dependencies of target ecl_test_concepts[0m
[1.102s] [100%] Built target ecl_test_concepts
[1.123s] Invoked command in '/home/locobot/LoCoBotRos/interbotix_ws/build/ecl_concepts' returned '0': AMENT_PREFIX_PATH=/home/locobot/LoCoBotRos/interbotix_ws/install/ecl_type_traits:/home/locobot/LoCoBotRos/interbotix_ws/install/ecl_mpl:/home/locobot/LoCoBotRos/interbotix_ws/install/ecl_config:${AMENT_PREFIX_PATH} CMAKE_PREFIX_PATH=/home/locobot/LoCoBotRos/interbotix_ws/install/ecl_type_traits:/home/locobot/LoCoBotRos/interbotix_ws/install/ecl_mpl:/home/locobot/LoCoBotRos/interbotix_ws/install/ecl_config:/home/locobot/apriltag_ws/install/apriltag_ros:/opt/ros/humble LD_LIBRARY_PATH=/home/locobot/LoCoBotRos/interbotix_ws/install/ecl_type_traits/lib:${LD_LIBRARY_PATH} PATH=/home/locobot/LoCoBotRos/interbotix_ws/install/ecl_type_traits/bin:/home/locobot/LoCoBotRos/interbotix_ws/install/ecl_config/bin:${PATH} /usr/bin/cmake --build /home/locobot/LoCoBotRos/interbotix_ws/build/ecl_concepts -- -j16 -l16
[1.123s] Invoking command in '/home/locobot/LoCoBotRos/interbotix_ws/build/ecl_concepts': AMENT_PREFIX_PATH=/home/locobot/LoCoBotRos/interbotix_ws/install/ecl_type_traits:/home/locobot/LoCoBotRos/interbotix_ws/install/ecl_mpl:/home/locobot/LoCoBotRos/interbotix_ws/install/ecl_config:${AMENT_PREFIX_PATH} CMAKE_PREFIX_PATH=/home/locobot/LoCoBotRos/interbotix_ws/install/ecl_type_traits:/home/locobot/LoCoBotRos/interbotix_ws/install/ecl_mpl:/home/locobot/LoCoBotRos/interbotix_ws/install/ecl_config:/home/locobot/apriltag_ws/install/apriltag_ros:/opt/ros/humble LD_LIBRARY_PATH=/home/locobot/LoCoBotRos/interbotix_ws/install/ecl_type_traits/lib:${LD_LIBRARY_PATH} PATH=/home/locobot/LoCoBotRos/interbotix_ws/install/ecl_type_traits/bin:/home/locobot/LoCoBotRos/interbotix_ws/install/ecl_config/bin:${PATH} /usr/bin/cmake --install /home/locobot/LoCoBotRos/interbotix_ws/build/ecl_concepts
[1.248s] -- Install configuration: "Release"
[1.248s] -- Up-to-date: /home/locobot/LoCoBotRos/interbotix_ws/install/ecl_concepts/share/ament_index/resource_index/package_run_dependencies/ecl_concepts
[1.248s] -- Up-to-date: /home/locobot/LoCoBotRos/interbotix_ws/install/ecl_concepts/share/ament_index/resource_index/parent_prefix_path/ecl_concepts
[1.248s] -- Up-to-date: /home/locobot/LoCoBotRos/interbotix_ws/install/ecl_concepts/share/ecl_concepts/environment/ament_prefix_path.sh
[1.249s] -- Installing: /home/locobot/LoCoBotRos/interbotix_ws/install/ecl_concepts/share/ecl_concepts/environment/ament_prefix_path.dsv
[1.249s] -- Up-to-date: /home/locobot/LoCoBotRos/interbotix_ws/install/ecl_concepts/share/ecl_concepts/environment/path.sh
[1.250s] -- Installing: /home/locobot/LoCoBotRos/interbotix_ws/install/ecl_concepts/share/ecl_concepts/environment/path.dsv
[1.251s] -- Up-to-date: /home/locobot/LoCoBotRos/interbotix_ws/install/ecl_concepts/share/ecl_concepts/local_setup.bash
[1.251s] -- Up-to-date: /home/locobot/LoCoBotRos/interbotix_ws/install/ecl_concepts/share/ecl_concepts/local_setup.sh
[1.251s] -- Up-to-date: /home/locobot/LoCoBotRos/interbotix_ws/install/ecl_concepts/share/ecl_concepts/local_setup.zsh
[1.251s] -- Installing: /home/locobot/LoCoBotRos/interbotix_ws/install/ecl_concepts/share/ecl_concepts/local_setup.dsv
[1.251s] -- Installing: /home/locobot/LoCoBotRos/interbotix_ws/install/ecl_concepts/share/ecl_concepts/package.dsv
[1.251s] -- Up-to-date: /home/locobot/LoCoBotRos/interbotix_ws/install/ecl_concepts/share/ament_index/resource_index/packages/ecl_concepts
[1.251s] -- Up-to-date: /home/locobot/LoCoBotRos/interbotix_ws/install/ecl_concepts/share/ecl_concepts/cmake/ecl_conceptsExport.cmake
[1.251s] -- Up-to-date: /home/locobot/LoCoBotRos/interbotix_ws/install/ecl_concepts/share/ecl_concepts/cmake/ament_cmake_export_targets-extras.cmake
[1.251s] -- Up-to-date: /home/locobot/LoCoBotRos/interbotix_ws/install/ecl_concepts/share/ecl_concepts/cmake/ament_cmake_export_include_directories-extras.cmake
[1.255s] -- Up-to-date: /home/locobot/LoCoBotRos/interbotix_ws/install/ecl_concepts/share/ecl_concepts/cmake/ament_cmake_export_dependencies-extras.cmake
[1.255s] -- Up-to-date: /home/locobot/LoCoBotRos/interbotix_ws/install/ecl_concepts/share/ecl_concepts/cmake/ecl_conceptsConfig.cmake
[1.255s] -- Up-to-date: /home/locobot/LoCoBotRos/interbotix_ws/install/ecl_concepts/share/ecl_concepts/cmake/ecl_conceptsConfig-version.cmake
[1.255s] -- Up-to-date: /home/locobot/LoCoBotRos/interbotix_ws/install/ecl_concepts/share/ecl_concepts/package.xml
[1.255s] -- Up-to-date: /home/locobot/LoCoBotRos/interbotix_ws/install/ecl_concepts/include/ecl/concepts.hpp
[1.255s] -- Up-to-date: /home/locobot/LoCoBotRos/interbotix_ws/install/ecl_concepts/include/ecl/concepts/blueprints.hpp
[1.255s] -- Up-to-date: /home/locobot/LoCoBotRos/interbotix_ws/install/ecl_concepts/include/ecl/concepts/containers.hpp
[1.255s] -- Up-to-date: /home/locobot/LoCoBotRos/interbotix_ws/install/ecl_concepts/include/ecl/concepts/devices.hpp
[1.256s] -- Up-to-date: /home/locobot/LoCoBotRos/interbotix_ws/install/ecl_concepts/include/ecl/concepts/macros.hpp
[1.259s] -- Up-to-date: /home/locobot/LoCoBotRos/interbotix_ws/install/ecl_concepts/include/ecl/concepts/nullary_function.hpp
[1.259s] -- Up-to-date: /home/locobot/LoCoBotRos/interbotix_ws/install/ecl_concepts/include/ecl/concepts/streams.hpp
[1.312s] Invoked command in '/home/locobot/LoCoBotRos/interbotix_ws/build/ecl_concepts' returned '0': AMENT_PREFIX_PATH=/home/locobot/LoCoBotRos/interbotix_ws/install/ecl_type_traits:/home/locobot/LoCoBotRos/interbotix_ws/install/ecl_mpl:/home/locobot/LoCoBotRos/interbotix_ws/install/ecl_config:${AMENT_PREFIX_PATH} CMAKE_PREFIX_PATH=/home/locobot/LoCoBotRos/interbotix_ws/install/ecl_type_traits:/home/locobot/LoCoBotRos/interbotix_ws/install/ecl_mpl:/home/locobot/LoCoBotRos/interbotix_ws/install/ecl_config:/home/locobot/apriltag_ws/install/apriltag_ros:/opt/ros/humble LD_LIBRARY_PATH=/home/locobot/LoCoBotRos/interbotix_ws/install/ecl_type_traits/lib:${LD_LIBRARY_PATH} PATH=/home/locobot/LoCoBotRos/interbotix_ws/install/ecl_type_traits/bin:/home/locobot/LoCoBotRos/interbotix_ws/install/ecl_config/bin:${PATH} /usr/bin/cmake --install /home/locobot/LoCoBotRos/interbotix_ws/build/ecl_concepts
