[0.349s] Invoking command in '/home/locobot/LoCoBotRos/interbotix_ws/build/kobuki_ros_interfaces': CMAKE_PREFIX_PATH=${CMAKE_PREFIX_PATH}:/opt/ros/humble /usr/bin/cmake /home/locobot/LoCoBotRos/interbotix_ws/src/kobuki_ros_interfaces -DCMAKE_INSTALL_PREFIX=/home/locobot/LoCoBotRos/interbotix_ws/install/kobuki_ros_interfaces
[0.760s] -- Found action_msgs: 1.2.1 (/opt/ros/humble/share/action_msgs/cmake)
[0.762s] -- Found rosidl_generator_c: 3.1.6 (/opt/ros/humble/share/rosidl_generator_c/cmake)
[0.762s] -- Found rosidl_adapter: 3.1.6 (/opt/ros/humble/share/rosidl_adapter/cmake)
[0.763s] -- Found rosidl_generator_cpp: 3.1.6 (/opt/ros/humble/share/rosidl_generator_cpp/cmake)
[0.763s] -- Using all available rosidl_typesupport_c: rosidl_typesupport_fastrtps_c;rosidl_typesupport_introspection_c
[0.763s] -- Using all available rosidl_typesupport_cpp: rosidl_typesupport_fastrtps_cpp;rosidl_typesupport_introspection_cpp
[0.763s] -- Found rosidl_default_generators: 1.2.0 (/opt/ros/humble/share/rosidl_default_generators/cmake)
[0.763s] -- Found std_msgs: 4.9.0 (/opt/ros/humble/share/std_msgs/cmake)
[1.242s] -- Found ament_cmake_ros: 0.10.0 (/opt/ros/humble/share/ament_cmake_ros/cmake)
[1.820s] -- Using all available rosidl_typesupport_c: rosidl_typesupport_fastrtps_c;rosidl_typesupport_introspection_c
[2.066s] -- Using all available rosidl_typesupport_cpp: rosidl_typesupport_fastrtps_cpp;rosidl_typesupport_introspection_cpp
[2.102s] -- Found python_cmake_module: 0.10.0 (/opt/ros/humble/share/python_cmake_module/cmake)
[2.141s] -- Using PYTHON_EXECUTABLE: /usr/bin/python3
[2.141s] -- Using PYTHON_INCLUDE_DIRS: /usr/include/python3.10
[2.142s] -- Using PYTHON_LIBRARIES: /usr/lib/x86_64-linux-gnu/libpython3.10.so
[2.224s] -- Configuring done
[2.385s] -- Generating done
[2.412s] -- Build files have been written to: /home/locobot/LoCoBotRos/interbotix_ws/build/kobuki_ros_interfaces
[2.610s] Invoked command in '/home/locobot/LoCoBotRos/interbotix_ws/build/kobuki_ros_interfaces' returned '0': CMAKE_PREFIX_PATH=${CMAKE_PREFIX_PATH}:/opt/ros/humble /usr/bin/cmake /home/locobot/LoCoBotRos/interbotix_ws/src/kobuki_ros_interfaces -DCMAKE_INSTALL_PREFIX=/home/locobot/LoCoBotRos/interbotix_ws/install/kobuki_ros_interfaces
[2.612s] Invoking command in '/home/locobot/LoCoBotRos/interbotix_ws/build/kobuki_ros_interfaces': CMAKE_PREFIX_PATH=${CMAKE_PREFIX_PATH}:/opt/ros/humble /usr/bin/cmake --build /home/locobot/LoCoBotRos/interbotix_ws/build/kobuki_ros_interfaces -- -j16 -l16
[2.682s] [  0%] Built target kobuki_ros_interfaces__cpp
[2.703s] [35m[1mConsolidate compiler generated dependencies of target kobuki_ros_interfaces__rosidl_generator_c[0m
[2.723s] [35m[1mConsolidate compiler generated dependencies of target kobuki_ros_interfaces__rosidl_typesupport_cpp[0m
[2.732s] [35m[1mConsolidate compiler generated dependencies of target kobuki_ros_interfaces__rosidl_typesupport_introspection_cpp[0m
[2.734s] [35m[1mConsolidate compiler generated dependencies of target kobuki_ros_interfaces__rosidl_typesupport_fastrtps_cpp[0m
[2.760s] [ 12%] Built target kobuki_ros_interfaces__rosidl_generator_c
[2.769s] [ 24%] Built target kobuki_ros_interfaces__rosidl_typesupport_cpp
[2.776s] [ 36%] Built target kobuki_ros_interfaces__rosidl_typesupport_introspection_cpp
[2.787s] [35m[1mConsolidate compiler generated dependencies of target kobuki_ros_interfaces__rosidl_typesupport_introspection_c[0m
[2.788s] [35m[1mConsolidate compiler generated dependencies of target kobuki_ros_interfaces__rosidl_typesupport_c[0m
[2.792s] [35m[1mConsolidate compiler generated dependencies of target kobuki_ros_interfaces__rosidl_typesupport_fastrtps_c[0m
[2.795s] [ 36%] Built target ament_cmake_python_copy_kobuki_ros_interfaces
[2.803s] [ 48%] Built target kobuki_ros_interfaces__rosidl_typesupport_fastrtps_cpp
[2.821s] [ 60%] Built target kobuki_ros_interfaces__rosidl_typesupport_c
[2.821s] [ 72%] Built target kobuki_ros_interfaces__rosidl_typesupport_introspection_c
[2.850s] [ 84%] Built target kobuki_ros_interfaces__rosidl_typesupport_fastrtps_c
[2.880s] [ 84%] Built target kobuki_ros_interfaces
[2.934s] [ 85%] Built target kobuki_ros_interfaces__py
[2.987s] [35m[1mConsolidate compiler generated dependencies of target kobuki_ros_interfaces__rosidl_generator_py[0m
[3.034s] [ 96%] Built target kobuki_ros_interfaces__rosidl_generator_py
[3.060s] [35m[1mConsolidate compiler generated dependencies of target kobuki_ros_interfaces__rosidl_typesupport_introspection_c__pyext[0m
[3.071s] [35m[1mConsolidate compiler generated dependencies of target kobuki_ros_interfaces__rosidl_typesupport_c__pyext[0m
[3.071s] [35m[1mConsolidate compiler generated dependencies of target kobuki_ros_interfaces__rosidl_typesupport_fastrtps_c__pyext[0m
[3.092s] [ 98%] Built target kobuki_ros_interfaces__rosidl_typesupport_introspection_c__pyext
[3.092s] [ 99%] Built target kobuki_ros_interfaces__rosidl_typesupport_fastrtps_c__pyext
[3.092s] [100%] Built target kobuki_ros_interfaces__rosidl_typesupport_c__pyext
[3.185s] running egg_info
[3.186s] writing kobuki_ros_interfaces.egg-info/PKG-INFO
[3.187s] writing dependency_links to kobuki_ros_interfaces.egg-info/dependency_links.txt
[3.187s] writing top-level names to kobuki_ros_interfaces.egg-info/top_level.txt
[3.198s] reading manifest file 'kobuki_ros_interfaces.egg-info/SOURCES.txt'
[3.198s] writing manifest file 'kobuki_ros_interfaces.egg-info/SOURCES.txt'
[3.290s] [100%] Built target ament_cmake_python_build_kobuki_ros_interfaces_egg
[3.317s] Invoked command in '/home/locobot/LoCoBotRos/interbotix_ws/build/kobuki_ros_interfaces' returned '0': CMAKE_PREFIX_PATH=${CMAKE_PREFIX_PATH}:/opt/ros/humble /usr/bin/cmake --build /home/locobot/LoCoBotRos/interbotix_ws/build/kobuki_ros_interfaces -- -j16 -l16
[3.328s] Invoking command in '/home/locobot/LoCoBotRos/interbotix_ws/build/kobuki_ros_interfaces': CMAKE_PREFIX_PATH=${CMAKE_PREFIX_PATH}:/opt/ros/humble /usr/bin/cmake --install /home/locobot/LoCoBotRos/interbotix_ws/build/kobuki_ros_interfaces
[3.444s] -- Install configuration: "Release"
[3.444s] -- Up-to-date: /home/locobot/LoCoBotRos/interbotix_ws/install/kobuki_ros_interfaces/share/ament_index/resource_index/rosidl_interfaces/kobuki_ros_interfaces
[3.444s] -- Up-to-date: /home/locobot/LoCoBotRos/interbotix_ws/install/kobuki_ros_interfaces/include/kobuki_ros_interfaces/kobuki_ros_interfaces
[3.444s] -- Up-to-date: /home/locobot/LoCoBotRos/interbotix_ws/install/kobuki_ros_interfaces/include/kobuki_ros_interfaces/kobuki_ros_interfaces/msg
[3.444s] -- Up-to-date: /home/locobot/LoCoBotRos/interbotix_ws/install/kobuki_ros_interfaces/include/kobuki_ros_interfaces/kobuki_ros_interfaces/msg/detail
[3.445s] -- Up-to-date: /home/locobot/LoCoBotRos/interbotix_ws/install/kobuki_ros_interfaces/include/kobuki_ros_interfaces/kobuki_ros_interfaces/msg/detail/button_event__functions.c
[3.446s] -- Up-to-date: /home/locobot/LoCoBotRos/interbotix_ws/install/kobuki_ros_interfaces/include/kobuki_ros_interfaces/kobuki_ros_interfaces/msg/detail/sound__type_support.h
[3.446s] -- Up-to-date: /home/locobot/LoCoBotRos/interbotix_ws/install/kobuki_ros_interfaces/include/kobuki_ros_interfaces/kobuki_ros_interfaces/msg/detail/bumper_event__functions.c
[3.446s] -- Up-to-date: /home/locobot/LoCoBotRos/interbotix_ws/install/kobuki_ros_interfaces/include/kobuki_ros_interfaces/kobuki_ros_interfaces/msg/detail/dock_infra_red__functions.h
[3.446s] -- Up-to-date: /home/locobot/LoCoBotRos/interbotix_ws/install/kobuki_ros_interfaces/include/kobuki_ros_interfaces/kobuki_ros_interfaces/msg/detail/dock_infra_red__type_support.h
[3.447s] -- Up-to-date: /home/locobot/LoCoBotRos/interbotix_ws/install/kobuki_ros_interfaces/include/kobuki_ros_interfaces/kobuki_ros_interfaces/msg/detail/bumper_event__type_support.h
[3.447s] -- Up-to-date: /home/locobot/LoCoBotRos/interbotix_ws/install/kobuki_ros_interfaces/include/kobuki_ros_interfaces/kobuki_ros_interfaces/msg/detail/button_event__struct.h
[3.447s] -- Up-to-date: /home/locobot/LoCoBotRos/interbotix_ws/install/kobuki_ros_interfaces/include/kobuki_ros_interfaces/kobuki_ros_interfaces/msg/detail/power_system_event__functions.h
[3.447s] -- Up-to-date: /home/locobot/LoCoBotRos/interbotix_ws/install/kobuki_ros_interfaces/include/kobuki_ros_interfaces/kobuki_ros_interfaces/msg/detail/digital_input_event__type_support.h
[3.448s] -- Up-to-date: /home/locobot/LoCoBotRos/interbotix_ws/install/kobuki_ros_interfaces/include/kobuki_ros_interfaces/kobuki_ros_interfaces/msg/detail/cliff_event__functions.c
[3.448s] -- Up-to-date: /home/locobot/LoCoBotRos/interbotix_ws/install/kobuki_ros_interfaces/include/kobuki_ros_interfaces/kobuki_ros_interfaces/msg/detail/dock_infra_red__struct.h
[3.448s] -- Up-to-date: /home/locobot/LoCoBotRos/interbotix_ws/install/kobuki_ros_interfaces/include/kobuki_ros_interfaces/kobuki_ros_interfaces/msg/detail/power_system_event__type_support.h
[3.448s] -- Up-to-date: /home/locobot/LoCoBotRos/interbotix_ws/install/kobuki_ros_interfaces/include/kobuki_ros_interfaces/kobuki_ros_interfaces/msg/detail/bumper_event__functions.h
[3.448s] -- Up-to-date: /home/locobot/LoCoBotRos/interbotix_ws/install/kobuki_ros_interfaces/include/kobuki_ros_interfaces/kobuki_ros_interfaces/msg/detail/scan_angle__type_support.h
[3.448s] -- Up-to-date: /home/locobot/LoCoBotRos/interbotix_ws/install/kobuki_ros_interfaces/include/kobuki_ros_interfaces/kobuki_ros_interfaces/msg/detail/external_power__struct.h
[3.449s] -- Up-to-date: /home/locobot/LoCoBotRos/interbotix_ws/install/kobuki_ros_interfaces/include/kobuki_ros_interfaces/kobuki_ros_interfaces/msg/detail/wheel_drop_event__functions.h
[3.449s] -- Up-to-date: /home/locobot/LoCoBotRos/interbotix_ws/install/kobuki_ros_interfaces/include/kobuki_ros_interfaces/kobuki_ros_interfaces/msg/detail/scan_angle__functions.c
[3.449s] -- Up-to-date: /home/locobot/LoCoBotRos/interbotix_ws/install/kobuki_ros_interfaces/include/kobuki_ros_interfaces/kobuki_ros_interfaces/msg/detail/led__struct.h
[3.449s] -- Up-to-date: /home/locobot/LoCoBotRos/interbotix_ws/install/kobuki_ros_interfaces/include/kobuki_ros_interfaces/kobuki_ros_interfaces/msg/detail/dock_infra_red__functions.c
[3.449s] -- Up-to-date: /home/locobot/LoCoBotRos/interbotix_ws/install/kobuki_ros_interfaces/include/kobuki_ros_interfaces/kobuki_ros_interfaces/msg/detail/wheel_drop_event__struct.h
[3.449s] -- Up-to-date: /home/locobot/LoCoBotRos/interbotix_ws/install/kobuki_ros_interfaces/include/kobuki_ros_interfaces/kobuki_ros_interfaces/msg/detail/motor_power__functions.c
[3.449s] -- Up-to-date: /home/locobot/LoCoBotRos/interbotix_ws/install/kobuki_ros_interfaces/include/kobuki_ros_interfaces/kobuki_ros_interfaces/msg/detail/version_info__functions.c
[3.449s] -- Up-to-date: /home/locobot/LoCoBotRos/interbotix_ws/install/kobuki_ros_interfaces/include/kobuki_ros_interfaces/kobuki_ros_interfaces/msg/detail/wheel_drop_event__type_support.h
[3.449s] -- Up-to-date: /home/locobot/LoCoBotRos/interbotix_ws/install/kobuki_ros_interfaces/include/kobuki_ros_interfaces/kobuki_ros_interfaces/msg/detail/digital_output__functions.c
[3.449s] -- Up-to-date: /home/locobot/LoCoBotRos/interbotix_ws/install/kobuki_ros_interfaces/include/kobuki_ros_interfaces/kobuki_ros_interfaces/msg/detail/controller_info__functions.h
[3.449s] -- Up-to-date: /home/locobot/LoCoBotRos/interbotix_ws/install/kobuki_ros_interfaces/include/kobuki_ros_interfaces/kobuki_ros_interfaces/msg/detail/controller_info__functions.c
[3.450s] -- Up-to-date: /home/locobot/LoCoBotRos/interbotix_ws/install/kobuki_ros_interfaces/include/kobuki_ros_interfaces/kobuki_ros_interfaces/msg/detail/sensor_state__functions.c
[3.450s] -- Up-to-date: /home/locobot/LoCoBotRos/interbotix_ws/install/kobuki_ros_interfaces/include/kobuki_ros_interfaces/kobuki_ros_interfaces/msg/detail/scan_angle__struct.h
[3.450s] -- Up-to-date: /home/locobot/LoCoBotRos/interbotix_ws/install/kobuki_ros_interfaces/include/kobuki_ros_interfaces/kobuki_ros_interfaces/msg/detail/version_info__functions.h
[3.450s] -- Up-to-date: /home/locobot/LoCoBotRos/interbotix_ws/install/kobuki_ros_interfaces/include/kobuki_ros_interfaces/kobuki_ros_interfaces/msg/detail/keyboard_input__functions.h
[3.450s] -- Up-to-date: /home/locobot/LoCoBotRos/interbotix_ws/install/kobuki_ros_interfaces/include/kobuki_ros_interfaces/kobuki_ros_interfaces/msg/detail/external_power__type_support.h
[3.450s] -- Up-to-date: /home/locobot/LoCoBotRos/interbotix_ws/install/kobuki_ros_interfaces/include/kobuki_ros_interfaces/kobuki_ros_interfaces/msg/detail/robot_state_event__type_support.h
[3.450s] -- Up-to-date: /home/locobot/LoCoBotRos/interbotix_ws/install/kobuki_ros_interfaces/include/kobuki_ros_interfaces/kobuki_ros_interfaces/msg/detail/cliff_event__functions.h
[3.450s] -- Up-to-date: /home/locobot/LoCoBotRos/interbotix_ws/install/kobuki_ros_interfaces/include/kobuki_ros_interfaces/kobuki_ros_interfaces/msg/detail/cliff_event__type_support.h
[3.450s] -- Up-to-date: /home/locobot/LoCoBotRos/interbotix_ws/install/kobuki_ros_interfaces/include/kobuki_ros_interfaces/kobuki_ros_interfaces/msg/detail/motor_power__struct.h
[3.451s] -- Up-to-date: /home/locobot/LoCoBotRos/interbotix_ws/install/kobuki_ros_interfaces/include/kobuki_ros_interfaces/kobuki_ros_interfaces/msg/detail/power_system_event__struct.h
[3.451s] -- Up-to-date: /home/locobot/LoCoBotRos/interbotix_ws/install/kobuki_ros_interfaces/include/kobuki_ros_interfaces/kobuki_ros_interfaces/msg/detail/scan_angle__functions.h
[3.452s] -- Up-to-date: /home/locobot/LoCoBotRos/interbotix_ws/install/kobuki_ros_interfaces/include/kobuki_ros_interfaces/kobuki_ros_interfaces/msg/detail/sound__struct.h
[3.452s] -- Up-to-date: /home/locobot/LoCoBotRos/interbotix_ws/install/kobuki_ros_interfaces/include/kobuki_ros_interfaces/kobuki_ros_interfaces/msg/detail/keyboard_input__type_support.h
[3.452s] -- Up-to-date: /home/locobot/LoCoBotRos/interbotix_ws/install/kobuki_ros_interfaces/include/kobuki_ros_interfaces/kobuki_ros_interfaces/msg/detail/external_power__functions.h
[3.452s] -- Up-to-date: /home/locobot/LoCoBotRos/interbotix_ws/install/kobuki_ros_interfaces/include/kobuki_ros_interfaces/kobuki_ros_interfaces/msg/detail/robot_state_event__struct.h
[3.452s] -- Up-to-date: /home/locobot/LoCoBotRos/interbotix_ws/install/kobuki_ros_interfaces/include/kobuki_ros_interfaces/kobuki_ros_interfaces/msg/detail/controller_info__struct.h
[3.452s] -- Up-to-date: /home/locobot/LoCoBotRos/interbotix_ws/install/kobuki_ros_interfaces/include/kobuki_ros_interfaces/kobuki_ros_interfaces/msg/detail/button_event__type_support.h
[3.453s] -- Up-to-date: /home/locobot/LoCoBotRos/interbotix_ws/install/kobuki_ros_interfaces/include/kobuki_ros_interfaces/kobuki_ros_interfaces/msg/detail/version_info__type_support.h
[3.453s] -- Up-to-date: /home/locobot/LoCoBotRos/interbotix_ws/install/kobuki_ros_interfaces/include/kobuki_ros_interfaces/kobuki_ros_interfaces/msg/detail/sensor_state__functions.h
[3.453s] -- Up-to-date: /home/locobot/LoCoBotRos/interbotix_ws/install/kobuki_ros_interfaces/include/kobuki_ros_interfaces/kobuki_ros_interfaces/msg/detail/digital_output__functions.h
[3.454s] -- Up-to-date: /home/locobot/LoCoBotRos/interbotix_ws/install/kobuki_ros_interfaces/include/kobuki_ros_interfaces/kobuki_ros_interfaces/msg/detail/cliff_event__struct.h
[3.454s] -- Up-to-date: /home/locobot/LoCoBotRos/interbotix_ws/install/kobuki_ros_interfaces/include/kobuki_ros_interfaces/kobuki_ros_interfaces/msg/detail/robot_state_event__functions.c
[3.454s] -- Up-to-date: /home/locobot/LoCoBotRos/interbotix_ws/install/kobuki_ros_interfaces/include/kobuki_ros_interfaces/kobuki_ros_interfaces/msg/detail/robot_state_event__functions.h
[3.454s] -- Up-to-date: /home/locobot/LoCoBotRos/interbotix_ws/install/kobuki_ros_interfaces/include/kobuki_ros_interfaces/kobuki_ros_interfaces/msg/detail/keyboard_input__struct.h
[3.454s] -- Up-to-date: /home/locobot/LoCoBotRos/interbotix_ws/install/kobuki_ros_interfaces/include/kobuki_ros_interfaces/kobuki_ros_interfaces/msg/detail/led__type_support.h
[3.454s] -- Up-to-date: /home/locobot/LoCoBotRos/interbotix_ws/install/kobuki_ros_interfaces/include/kobuki_ros_interfaces/kobuki_ros_interfaces/msg/detail/digital_input_event__struct.h
[3.454s] -- Up-to-date: /home/locobot/LoCoBotRos/interbotix_ws/install/kobuki_ros_interfaces/include/kobuki_ros_interfaces/kobuki_ros_interfaces/msg/detail/digital_output__struct.h
[3.454s] -- Up-to-date: /home/locobot/LoCoBotRos/interbotix_ws/install/kobuki_ros_interfaces/include/kobuki_ros_interfaces/kobuki_ros_interfaces/msg/detail/bumper_event__struct.h
[3.454s] -- Up-to-date: /home/locobot/LoCoBotRos/interbotix_ws/install/kobuki_ros_interfaces/include/kobuki_ros_interfaces/kobuki_ros_interfaces/msg/detail/controller_info__type_support.h
[3.454s] -- Up-to-date: /home/locobot/LoCoBotRos/interbotix_ws/install/kobuki_ros_interfaces/include/kobuki_ros_interfaces/kobuki_ros_interfaces/msg/detail/keyboard_input__functions.c
[3.454s] -- Up-to-date: /home/locobot/LoCoBotRos/interbotix_ws/install/kobuki_ros_interfaces/include/kobuki_ros_interfaces/kobuki_ros_interfaces/msg/detail/sound__functions.c
[3.454s] -- Up-to-date: /home/locobot/LoCoBotRos/interbotix_ws/install/kobuki_ros_interfaces/include/kobuki_ros_interfaces/kobuki_ros_interfaces/msg/detail/wheel_drop_event__functions.c
[3.454s] -- Up-to-date: /home/locobot/LoCoBotRos/interbotix_ws/install/kobuki_ros_interfaces/include/kobuki_ros_interfaces/kobuki_ros_interfaces/msg/detail/button_event__functions.h
[3.455s] -- Up-to-date: /home/locobot/LoCoBotRos/interbotix_ws/install/kobuki_ros_interfaces/include/kobuki_ros_interfaces/kobuki_ros_interfaces/msg/detail/external_power__functions.c
[3.455s] -- Up-to-date: /home/locobot/LoCoBotRos/interbotix_ws/install/kobuki_ros_interfaces/include/kobuki_ros_interfaces/kobuki_ros_interfaces/msg/detail/digital_input_event__functions.c
[3.455s] -- Up-to-date: /home/locobot/LoCoBotRos/interbotix_ws/install/kobuki_ros_interfaces/include/kobuki_ros_interfaces/kobuki_ros_interfaces/msg/detail/power_system_event__functions.c
[3.455s] -- Up-to-date: /home/locobot/LoCoBotRos/interbotix_ws/install/kobuki_ros_interfaces/include/kobuki_ros_interfaces/kobuki_ros_interfaces/msg/detail/digital_output__type_support.h
[3.455s] -- Up-to-date: /home/locobot/LoCoBotRos/interbotix_ws/install/kobuki_ros_interfaces/include/kobuki_ros_interfaces/kobuki_ros_interfaces/msg/detail/sound__functions.h
[3.455s] -- Up-to-date: /home/locobot/LoCoBotRos/interbotix_ws/install/kobuki_ros_interfaces/include/kobuki_ros_interfaces/kobuki_ros_interfaces/msg/detail/led__functions.c
[3.455s] -- Up-to-date: /home/locobot/LoCoBotRos/interbotix_ws/install/kobuki_ros_interfaces/include/kobuki_ros_interfaces/kobuki_ros_interfaces/msg/detail/motor_power__type_support.h
[3.456s] -- Up-to-date: /home/locobot/LoCoBotRos/interbotix_ws/install/kobuki_ros_interfaces/include/kobuki_ros_interfaces/kobuki_ros_interfaces/msg/detail/sensor_state__type_support.h
[3.456s] -- Up-to-date: /home/locobot/LoCoBotRos/interbotix_ws/install/kobuki_ros_interfaces/include/kobuki_ros_interfaces/kobuki_ros_interfaces/msg/detail/sensor_state__struct.h
[3.456s] -- Up-to-date: /home/locobot/LoCoBotRos/interbotix_ws/install/kobuki_ros_interfaces/include/kobuki_ros_interfaces/kobuki_ros_interfaces/msg/detail/led__functions.h
[3.456s] -- Up-to-date: /home/locobot/LoCoBotRos/interbotix_ws/install/kobuki_ros_interfaces/include/kobuki_ros_interfaces/kobuki_ros_interfaces/msg/detail/digital_input_event__functions.h
[3.456s] -- Up-to-date: /home/locobot/LoCoBotRos/interbotix_ws/install/kobuki_ros_interfaces/include/kobuki_ros_interfaces/kobuki_ros_interfaces/msg/detail/motor_power__functions.h
[3.456s] -- Up-to-date: /home/locobot/LoCoBotRos/interbotix_ws/install/kobuki_ros_interfaces/include/kobuki_ros_interfaces/kobuki_ros_interfaces/msg/detail/version_info__struct.h
[3.456s] -- Up-to-date: /home/locobot/LoCoBotRos/interbotix_ws/install/kobuki_ros_interfaces/include/kobuki_ros_interfaces/kobuki_ros_interfaces/msg/wheel_drop_event.h
[3.456s] -- Up-to-date: /home/locobot/LoCoBotRos/interbotix_ws/install/kobuki_ros_interfaces/include/kobuki_ros_interfaces/kobuki_ros_interfaces/msg/sensor_state.h
[3.456s] -- Up-to-date: /home/locobot/LoCoBotRos/interbotix_ws/install/kobuki_ros_interfaces/include/kobuki_ros_interfaces/kobuki_ros_interfaces/msg/power_system_event.h
[3.456s] -- Up-to-date: /home/locobot/LoCoBotRos/interbotix_ws/install/kobuki_ros_interfaces/include/kobuki_ros_interfaces/kobuki_ros_interfaces/msg/sound.h
[3.456s] -- Up-to-date: /home/locobot/LoCoBotRos/interbotix_ws/install/kobuki_ros_interfaces/include/kobuki_ros_interfaces/kobuki_ros_interfaces/msg/dock_infra_red.h
[3.456s] -- Up-to-date: /home/locobot/LoCoBotRos/interbotix_ws/install/kobuki_ros_interfaces/include/kobuki_ros_interfaces/kobuki_ros_interfaces/msg/button_event.h
[3.457s] -- Up-to-date: /home/locobot/LoCoBotRos/interbotix_ws/install/kobuki_ros_interfaces/include/kobuki_ros_interfaces/kobuki_ros_interfaces/msg/external_power.h
[3.457s] -- Up-to-date: /home/locobot/LoCoBotRos/interbotix_ws/install/kobuki_ros_interfaces/include/kobuki_ros_interfaces/kobuki_ros_interfaces/msg/cliff_event.h
[3.457s] -- Up-to-date: /home/locobot/LoCoBotRos/interbotix_ws/install/kobuki_ros_interfaces/include/kobuki_ros_interfaces/kobuki_ros_interfaces/msg/motor_power.h
[3.457s] -- Up-to-date: /home/locobot/LoCoBotRos/interbotix_ws/install/kobuki_ros_interfaces/include/kobuki_ros_interfaces/kobuki_ros_interfaces/msg/version_info.h
[3.457s] -- Up-to-date: /home/locobot/LoCoBotRos/interbotix_ws/install/kobuki_ros_interfaces/include/kobuki_ros_interfaces/kobuki_ros_interfaces/msg/keyboard_input.h
[3.457s] -- Up-to-date: /home/locobot/LoCoBotRos/interbotix_ws/install/kobuki_ros_interfaces/include/kobuki_ros_interfaces/kobuki_ros_interfaces/msg/robot_state_event.h
[3.457s] -- Up-to-date: /home/locobot/LoCoBotRos/interbotix_ws/install/kobuki_ros_interfaces/include/kobuki_ros_interfaces/kobuki_ros_interfaces/msg/scan_angle.h
[3.457s] -- Up-to-date: /home/locobot/LoCoBotRos/interbotix_ws/install/kobuki_ros_interfaces/include/kobuki_ros_interfaces/kobuki_ros_interfaces/msg/bumper_event.h
[3.457s] -- Up-to-date: /home/locobot/LoCoBotRos/interbotix_ws/install/kobuki_ros_interfaces/include/kobuki_ros_interfaces/kobuki_ros_interfaces/msg/digital_output.h
[3.457s] -- Up-to-date: /home/locobot/LoCoBotRos/interbotix_ws/install/kobuki_ros_interfaces/include/kobuki_ros_interfaces/kobuki_ros_interfaces/msg/led.h
[3.457s] -- Up-to-date: /home/locobot/LoCoBotRos/interbotix_ws/install/kobuki_ros_interfaces/include/kobuki_ros_interfaces/kobuki_ros_interfaces/msg/rosidl_generator_c__visibility_control.h
[3.457s] -- Up-to-date: /home/locobot/LoCoBotRos/interbotix_ws/install/kobuki_ros_interfaces/include/kobuki_ros_interfaces/kobuki_ros_interfaces/msg/controller_info.h
[3.457s] -- Up-to-date: /home/locobot/LoCoBotRos/interbotix_ws/install/kobuki_ros_interfaces/include/kobuki_ros_interfaces/kobuki_ros_interfaces/msg/digital_input_event.h
[3.457s] -- Up-to-date: /home/locobot/LoCoBotRos/interbotix_ws/install/kobuki_ros_interfaces/include/kobuki_ros_interfaces/kobuki_ros_interfaces/action
[3.458s] -- Up-to-date: /home/locobot/LoCoBotRos/interbotix_ws/install/kobuki_ros_interfaces/include/kobuki_ros_interfaces/kobuki_ros_interfaces/action/detail
[3.458s] -- Up-to-date: /home/locobot/LoCoBotRos/interbotix_ws/install/kobuki_ros_interfaces/include/kobuki_ros_interfaces/kobuki_ros_interfaces/action/detail/auto_docking__functions.h
[3.458s] -- Up-to-date: /home/locobot/LoCoBotRos/interbotix_ws/install/kobuki_ros_interfaces/include/kobuki_ros_interfaces/kobuki_ros_interfaces/action/detail/auto_docking__type_support.h
[3.458s] -- Up-to-date: /home/locobot/LoCoBotRos/interbotix_ws/install/kobuki_ros_interfaces/include/kobuki_ros_interfaces/kobuki_ros_interfaces/action/detail/auto_docking__struct.h
[3.458s] -- Up-to-date: /home/locobot/LoCoBotRos/interbotix_ws/install/kobuki_ros_interfaces/include/kobuki_ros_interfaces/kobuki_ros_interfaces/action/detail/auto_docking__functions.c
[3.458s] -- Up-to-date: /home/locobot/LoCoBotRos/interbotix_ws/install/kobuki_ros_interfaces/include/kobuki_ros_interfaces/kobuki_ros_interfaces/action/auto_docking.h
[3.458s] -- Up-to-date: /home/locobot/LoCoBotRos/interbotix_ws/install/kobuki_ros_interfaces/share/kobuki_ros_interfaces/environment/library_path.sh
[3.458s] -- Installing: /home/locobot/LoCoBotRos/interbotix_ws/install/kobuki_ros_interfaces/share/kobuki_ros_interfaces/environment/library_path.dsv
[3.458s] -- Up-to-date: /home/locobot/LoCoBotRos/interbotix_ws/install/kobuki_ros_interfaces/lib/libkobuki_ros_interfaces__rosidl_generator_c.so
[3.458s] -- Up-to-date: /home/locobot/LoCoBotRos/interbotix_ws/install/kobuki_ros_interfaces/include/kobuki_ros_interfaces/kobuki_ros_interfaces
[3.458s] -- Up-to-date: /home/locobot/LoCoBotRos/interbotix_ws/install/kobuki_ros_interfaces/include/kobuki_ros_interfaces/kobuki_ros_interfaces/msg
[3.458s] -- Up-to-date: /home/locobot/LoCoBotRos/interbotix_ws/install/kobuki_ros_interfaces/include/kobuki_ros_interfaces/kobuki_ros_interfaces/msg/detail
[3.459s] -- Up-to-date: /home/locobot/LoCoBotRos/interbotix_ws/install/kobuki_ros_interfaces/include/kobuki_ros_interfaces/kobuki_ros_interfaces/msg/detail/controller_info__rosidl_typesupport_fastrtps_c.h
[3.459s] -- Up-to-date: /home/locobot/LoCoBotRos/interbotix_ws/install/kobuki_ros_interfaces/include/kobuki_ros_interfaces/kobuki_ros_interfaces/msg/detail/power_system_event__rosidl_typesupport_fastrtps_c.h
[3.459s] -- Up-to-date: /home/locobot/LoCoBotRos/interbotix_ws/install/kobuki_ros_interfaces/include/kobuki_ros_interfaces/kobuki_ros_interfaces/msg/detail/sound__rosidl_typesupport_fastrtps_c.h
[3.459s] -- Up-to-date: /home/locobot/LoCoBotRos/interbotix_ws/install/kobuki_ros_interfaces/include/kobuki_ros_interfaces/kobuki_ros_interfaces/msg/detail/digital_input_event__rosidl_typesupport_fastrtps_c.h
[3.459s] -- Up-to-date: /home/locobot/LoCoBotRos/interbotix_ws/install/kobuki_ros_interfaces/include/kobuki_ros_interfaces/kobuki_ros_interfaces/msg/detail/button_event__rosidl_typesupport_fastrtps_c.h
[3.459s] -- Up-to-date: /home/locobot/LoCoBotRos/interbotix_ws/install/kobuki_ros_interfaces/include/kobuki_ros_interfaces/kobuki_ros_interfaces/msg/detail/keyboard_input__rosidl_typesupport_fastrtps_c.h
[3.459s] -- Up-to-date: /home/locobot/LoCoBotRos/interbotix_ws/install/kobuki_ros_interfaces/include/kobuki_ros_interfaces/kobuki_ros_interfaces/msg/detail/motor_power__rosidl_typesupport_fastrtps_c.h
[3.459s] -- Up-to-date: /home/locobot/LoCoBotRos/interbotix_ws/install/kobuki_ros_interfaces/include/kobuki_ros_interfaces/kobuki_ros_interfaces/msg/detail/bumper_event__rosidl_typesupport_fastrtps_c.h
[3.459s] -- Up-to-date: /home/locobot/LoCoBotRos/interbotix_ws/install/kobuki_ros_interfaces/include/kobuki_ros_interfaces/kobuki_ros_interfaces/msg/detail/version_info__rosidl_typesupport_fastrtps_c.h
[3.459s] -- Up-to-date: /home/locobot/LoCoBotRos/interbotix_ws/install/kobuki_ros_interfaces/include/kobuki_ros_interfaces/kobuki_ros_interfaces/msg/detail/robot_state_event__rosidl_typesupport_fastrtps_c.h
[3.459s] -- Up-to-date: /home/locobot/LoCoBotRos/interbotix_ws/install/kobuki_ros_interfaces/include/kobuki_ros_interfaces/kobuki_ros_interfaces/msg/detail/sensor_state__rosidl_typesupport_fastrtps_c.h
[3.460s] -- Up-to-date: /home/locobot/LoCoBotRos/interbotix_ws/install/kobuki_ros_interfaces/include/kobuki_ros_interfaces/kobuki_ros_interfaces/msg/detail/wheel_drop_event__rosidl_typesupport_fastrtps_c.h
[3.460s] -- Up-to-date: /home/locobot/LoCoBotRos/interbotix_ws/install/kobuki_ros_interfaces/include/kobuki_ros_interfaces/kobuki_ros_interfaces/msg/detail/digital_output__rosidl_typesupport_fastrtps_c.h
[3.460s] -- Up-to-date: /home/locobot/LoCoBotRos/interbotix_ws/install/kobuki_ros_interfaces/include/kobuki_ros_interfaces/kobuki_ros_interfaces/msg/detail/scan_angle__rosidl_typesupport_fastrtps_c.h
[3.460s] -- Up-to-date: /home/locobot/LoCoBotRos/interbotix_ws/install/kobuki_ros_interfaces/include/kobuki_ros_interfaces/kobuki_ros_interfaces/msg/detail/dock_infra_red__rosidl_typesupport_fastrtps_c.h
[3.460s] -- Up-to-date: /home/locobot/LoCoBotRos/interbotix_ws/install/kobuki_ros_interfaces/include/kobuki_ros_interfaces/kobuki_ros_interfaces/msg/detail/cliff_event__rosidl_typesupport_fastrtps_c.h
[3.460s] -- Up-to-date: /home/locobot/LoCoBotRos/interbotix_ws/install/kobuki_ros_interfaces/include/kobuki_ros_interfaces/kobuki_ros_interfaces/msg/detail/led__rosidl_typesupport_fastrtps_c.h
[3.460s] -- Up-to-date: /home/locobot/LoCoBotRos/interbotix_ws/install/kobuki_ros_interfaces/include/kobuki_ros_interfaces/kobuki_ros_interfaces/msg/detail/external_power__rosidl_typesupport_fastrtps_c.h
[3.460s] -- Up-to-date: /home/locobot/LoCoBotRos/interbotix_ws/install/kobuki_ros_interfaces/include/kobuki_ros_interfaces/kobuki_ros_interfaces/msg/rosidl_typesupport_fastrtps_c__visibility_control.h
[3.460s] -- Up-to-date: /home/locobot/LoCoBotRos/interbotix_ws/install/kobuki_ros_interfaces/include/kobuki_ros_interfaces/kobuki_ros_interfaces/action
[3.460s] -- Up-to-date: /home/locobot/LoCoBotRos/interbotix_ws/install/kobuki_ros_interfaces/include/kobuki_ros_interfaces/kobuki_ros_interfaces/action/detail
[3.460s] -- Up-to-date: /home/locobot/LoCoBotRos/interbotix_ws/install/kobuki_ros_interfaces/include/kobuki_ros_interfaces/kobuki_ros_interfaces/action/detail/auto_docking__rosidl_typesupport_fastrtps_c.h
[3.460s] -- Up-to-date: /home/locobot/LoCoBotRos/interbotix_ws/install/kobuki_ros_interfaces/lib/libkobuki_ros_interfaces__rosidl_typesupport_fastrtps_c.so
[3.461s] -- Up-to-date: /home/locobot/LoCoBotRos/interbotix_ws/install/kobuki_ros_interfaces/include/kobuki_ros_interfaces/kobuki_ros_interfaces
[3.461s] -- Up-to-date: /home/locobot/LoCoBotRos/interbotix_ws/install/kobuki_ros_interfaces/include/kobuki_ros_interfaces/kobuki_ros_interfaces/msg
[3.461s] -- Up-to-date: /home/locobot/LoCoBotRos/interbotix_ws/install/kobuki_ros_interfaces/include/kobuki_ros_interfaces/kobuki_ros_interfaces/msg/detail
[3.461s] -- Up-to-date: /home/locobot/LoCoBotRos/interbotix_ws/install/kobuki_ros_interfaces/include/kobuki_ros_interfaces/kobuki_ros_interfaces/msg/detail/motor_power__type_support.hpp
[3.461s] -- Up-to-date: /home/locobot/LoCoBotRos/interbotix_ws/install/kobuki_ros_interfaces/include/kobuki_ros_interfaces/kobuki_ros_interfaces/msg/detail/scan_angle__traits.hpp
[3.461s] -- Up-to-date: /home/locobot/LoCoBotRos/interbotix_ws/install/kobuki_ros_interfaces/include/kobuki_ros_interfaces/kobuki_ros_interfaces/msg/detail/cliff_event__struct.hpp
[3.461s] -- Up-to-date: /home/locobot/LoCoBotRos/interbotix_ws/install/kobuki_ros_interfaces/include/kobuki_ros_interfaces/kobuki_ros_interfaces/msg/detail/external_power__struct.hpp
[3.462s] -- Up-to-date: /home/locobot/LoCoBotRos/interbotix_ws/install/kobuki_ros_interfaces/include/kobuki_ros_interfaces/kobuki_ros_interfaces/msg/detail/digital_input_event__builder.hpp
[3.462s] -- Up-to-date: /home/locobot/LoCoBotRos/interbotix_ws/install/kobuki_ros_interfaces/include/kobuki_ros_interfaces/kobuki_ros_interfaces/msg/detail/button_event__traits.hpp
[3.462s] -- Up-to-date: /home/locobot/LoCoBotRos/interbotix_ws/install/kobuki_ros_interfaces/include/kobuki_ros_interfaces/kobuki_ros_interfaces/msg/detail/sound__type_support.hpp
[3.462s] -- Up-to-date: /home/locobot/LoCoBotRos/interbotix_ws/install/kobuki_ros_interfaces/include/kobuki_ros_interfaces/kobuki_ros_interfaces/msg/detail/scan_angle__struct.hpp
[3.462s] -- Up-to-date: /home/locobot/LoCoBotRos/interbotix_ws/install/kobuki_ros_interfaces/include/kobuki_ros_interfaces/kobuki_ros_interfaces/msg/detail/led__builder.hpp
[3.462s] -- Up-to-date: /home/locobot/LoCoBotRos/interbotix_ws/install/kobuki_ros_interfaces/include/kobuki_ros_interfaces/kobuki_ros_interfaces/msg/detail/digital_output__type_support.hpp
[3.462s] -- Up-to-date: /home/locobot/LoCoBotRos/interbotix_ws/install/kobuki_ros_interfaces/include/kobuki_ros_interfaces/kobuki_ros_interfaces/msg/detail/wheel_drop_event__struct.hpp
[3.463s] -- Up-to-date: /home/locobot/LoCoBotRos/interbotix_ws/install/kobuki_ros_interfaces/include/kobuki_ros_interfaces/kobuki_ros_interfaces/msg/detail/robot_state_event__traits.hpp
[3.463s] -- Up-to-date: /home/locobot/LoCoBotRos/interbotix_ws/install/kobuki_ros_interfaces/include/kobuki_ros_interfaces/kobuki_ros_interfaces/msg/detail/motor_power__struct.hpp
[3.463s] -- Up-to-date: /home/locobot/LoCoBotRos/interbotix_ws/install/kobuki_ros_interfaces/include/kobuki_ros_interfaces/kobuki_ros_interfaces/msg/detail/cliff_event__traits.hpp
[3.463s] -- Up-to-date: /home/locobot/LoCoBotRos/interbotix_ws/install/kobuki_ros_interfaces/include/kobuki_ros_interfaces/kobuki_ros_interfaces/msg/detail/version_info__traits.hpp
[3.463s] -- Up-to-date: /home/locobot/LoCoBotRos/interbotix_ws/install/kobuki_ros_interfaces/include/kobuki_ros_interfaces/kobuki_ros_interfaces/msg/detail/scan_angle__type_support.hpp
[3.463s] -- Up-to-date: /home/locobot/LoCoBotRos/interbotix_ws/install/kobuki_ros_interfaces/include/kobuki_ros_interfaces/kobuki_ros_interfaces/msg/detail/power_system_event__type_support.hpp
[3.463s] -- Up-to-date: /home/locobot/LoCoBotRos/interbotix_ws/install/kobuki_ros_interfaces/include/kobuki_ros_interfaces/kobuki_ros_interfaces/msg/detail/digital_output__traits.hpp
[3.463s] -- Up-to-date: /home/locobot/LoCoBotRos/interbotix_ws/install/kobuki_ros_interfaces/include/kobuki_ros_interfaces/kobuki_ros_interfaces/msg/detail/bumper_event__type_support.hpp
[3.463s] -- Up-to-date: /home/locobot/LoCoBotRos/interbotix_ws/install/kobuki_ros_interfaces/include/kobuki_ros_interfaces/kobuki_ros_interfaces/msg/detail/digital_output__builder.hpp
[3.463s] -- Up-to-date: /home/locobot/LoCoBotRos/interbotix_ws/install/kobuki_ros_interfaces/include/kobuki_ros_interfaces/kobuki_ros_interfaces/msg/detail/version_info__type_support.hpp
[3.463s] -- Up-to-date: /home/locobot/LoCoBotRos/interbotix_ws/install/kobuki_ros_interfaces/include/kobuki_ros_interfaces/kobuki_ros_interfaces/msg/detail/wheel_drop_event__type_support.hpp
[3.463s] -- Up-to-date: /home/locobot/LoCoBotRos/interbotix_ws/install/kobuki_ros_interfaces/include/kobuki_ros_interfaces/kobuki_ros_interfaces/msg/detail/version_info__builder.hpp
[3.464s] -- Up-to-date: /home/locobot/LoCoBotRos/interbotix_ws/install/kobuki_ros_interfaces/include/kobuki_ros_interfaces/kobuki_ros_interfaces/msg/detail/sensor_state__traits.hpp
[3.464s] -- Up-to-date: /home/locobot/LoCoBotRos/interbotix_ws/install/kobuki_ros_interfaces/include/kobuki_ros_interfaces/kobuki_ros_interfaces/msg/detail/digital_output__struct.hpp
[3.464s] -- Up-to-date: /home/locobot/LoCoBotRos/interbotix_ws/install/kobuki_ros_interfaces/include/kobuki_ros_interfaces/kobuki_ros_interfaces/msg/detail/robot_state_event__builder.hpp
[3.464s] -- Up-to-date: /home/locobot/LoCoBotRos/interbotix_ws/install/kobuki_ros_interfaces/include/kobuki_ros_interfaces/kobuki_ros_interfaces/msg/detail/external_power__traits.hpp
[3.464s] -- Up-to-date: /home/locobot/LoCoBotRos/interbotix_ws/install/kobuki_ros_interfaces/include/kobuki_ros_interfaces/kobuki_ros_interfaces/msg/detail/external_power__type_support.hpp
[3.464s] -- Up-to-date: /home/locobot/LoCoBotRos/interbotix_ws/install/kobuki_ros_interfaces/include/kobuki_ros_interfaces/kobuki_ros_interfaces/msg/detail/controller_info__struct.hpp
[3.464s] -- Up-to-date: /home/locobot/LoCoBotRos/interbotix_ws/install/kobuki_ros_interfaces/include/kobuki_ros_interfaces/kobuki_ros_interfaces/msg/detail/led__traits.hpp
[3.464s] -- Up-to-date: /home/locobot/LoCoBotRos/interbotix_ws/install/kobuki_ros_interfaces/include/kobuki_ros_interfaces/kobuki_ros_interfaces/msg/detail/keyboard_input__builder.hpp
[3.464s] -- Up-to-date: /home/locobot/LoCoBotRos/interbotix_ws/install/kobuki_ros_interfaces/include/kobuki_ros_interfaces/kobuki_ros_interfaces/msg/detail/sensor_state__builder.hpp
[3.464s] -- Up-to-date: /home/locobot/LoCoBotRos/interbotix_ws/install/kobuki_ros_interfaces/include/kobuki_ros_interfaces/kobuki_ros_interfaces/msg/detail/power_system_event__struct.hpp
[3.464s] -- Up-to-date: /home/locobot/LoCoBotRos/interbotix_ws/install/kobuki_ros_interfaces/include/kobuki_ros_interfaces/kobuki_ros_interfaces/msg/detail/controller_info__traits.hpp
[3.464s] -- Up-to-date: /home/locobot/LoCoBotRos/interbotix_ws/install/kobuki_ros_interfaces/include/kobuki_ros_interfaces/kobuki_ros_interfaces/msg/detail/cliff_event__builder.hpp
[3.465s] -- Up-to-date: /home/locobot/LoCoBotRos/interbotix_ws/install/kobuki_ros_interfaces/include/kobuki_ros_interfaces/kobuki_ros_interfaces/msg/detail/dock_infra_red__traits.hpp
[3.465s] -- Up-to-date: /home/locobot/LoCoBotRos/interbotix_ws/install/kobuki_ros_interfaces/include/kobuki_ros_interfaces/kobuki_ros_interfaces/msg/detail/power_system_event__traits.hpp
[3.465s] -- Up-to-date: /home/locobot/LoCoBotRos/interbotix_ws/install/kobuki_ros_interfaces/include/kobuki_ros_interfaces/kobuki_ros_interfaces/msg/detail/power_system_event__builder.hpp
[3.465s] -- Up-to-date: /home/locobot/LoCoBotRos/interbotix_ws/install/kobuki_ros_interfaces/include/kobuki_ros_interfaces/kobuki_ros_interfaces/msg/detail/sound__traits.hpp
[3.465s] -- Up-to-date: /home/locobot/LoCoBotRos/interbotix_ws/install/kobuki_ros_interfaces/include/kobuki_ros_interfaces/kobuki_ros_interfaces/msg/detail/controller_info__type_support.hpp
[3.465s] -- Up-to-date: /home/locobot/LoCoBotRos/interbotix_ws/install/kobuki_ros_interfaces/include/kobuki_ros_interfaces/kobuki_ros_interfaces/msg/detail/bumper_event__traits.hpp
[3.465s] -- Up-to-date: /home/locobot/LoCoBotRos/interbotix_ws/install/kobuki_ros_interfaces/include/kobuki_ros_interfaces/kobuki_ros_interfaces/msg/detail/cliff_event__type_support.hpp
[3.465s] -- Up-to-date: /home/locobot/LoCoBotRos/interbotix_ws/install/kobuki_ros_interfaces/include/kobuki_ros_interfaces/kobuki_ros_interfaces/msg/detail/button_event__struct.hpp
[3.465s] -- Up-to-date: /home/locobot/LoCoBotRos/interbotix_ws/install/kobuki_ros_interfaces/include/kobuki_ros_interfaces/kobuki_ros_interfaces/msg/detail/bumper_event__builder.hpp
[3.466s] -- Up-to-date: /home/locobot/LoCoBotRos/interbotix_ws/install/kobuki_ros_interfaces/include/kobuki_ros_interfaces/kobuki_ros_interfaces/msg/detail/bumper_event__struct.hpp
[3.466s] -- Up-to-date: /home/locobot/LoCoBotRos/interbotix_ws/install/kobuki_ros_interfaces/include/kobuki_ros_interfaces/kobuki_ros_interfaces/msg/detail/led__type_support.hpp
[3.466s] -- Up-to-date: /home/locobot/LoCoBotRos/interbotix_ws/install/kobuki_ros_interfaces/include/kobuki_ros_interfaces/kobuki_ros_interfaces/msg/detail/motor_power__traits.hpp
[3.466s] -- Up-to-date: /home/locobot/LoCoBotRos/interbotix_ws/install/kobuki_ros_interfaces/include/kobuki_ros_interfaces/kobuki_ros_interfaces/msg/detail/robot_state_event__struct.hpp
[3.466s] -- Up-to-date: /home/locobot/LoCoBotRos/interbotix_ws/install/kobuki_ros_interfaces/include/kobuki_ros_interfaces/kobuki_ros_interfaces/msg/detail/digital_input_event__struct.hpp
[3.466s] -- Up-to-date: /home/locobot/LoCoBotRos/interbotix_ws/install/kobuki_ros_interfaces/include/kobuki_ros_interfaces/kobuki_ros_interfaces/msg/detail/dock_infra_red__type_support.hpp
[3.466s] -- Up-to-date: /home/locobot/LoCoBotRos/interbotix_ws/install/kobuki_ros_interfaces/include/kobuki_ros_interfaces/kobuki_ros_interfaces/msg/detail/keyboard_input__traits.hpp
[3.466s] -- Up-to-date: /home/locobot/LoCoBotRos/interbotix_ws/install/kobuki_ros_interfaces/include/kobuki_ros_interfaces/kobuki_ros_interfaces/msg/detail/scan_angle__builder.hpp
[3.466s] -- Up-to-date: /home/locobot/LoCoBotRos/interbotix_ws/install/kobuki_ros_interfaces/include/kobuki_ros_interfaces/kobuki_ros_interfaces/msg/detail/external_power__builder.hpp
[3.466s] -- Up-to-date: /home/locobot/LoCoBotRos/interbotix_ws/install/kobuki_ros_interfaces/include/kobuki_ros_interfaces/kobuki_ros_interfaces/msg/detail/wheel_drop_event__traits.hpp
[3.466s] -- Up-to-date: /home/locobot/LoCoBotRos/interbotix_ws/install/kobuki_ros_interfaces/include/kobuki_ros_interfaces/kobuki_ros_interfaces/msg/detail/led__struct.hpp
[3.466s] -- Up-to-date: /home/locobot/LoCoBotRos/interbotix_ws/install/kobuki_ros_interfaces/include/kobuki_ros_interfaces/kobuki_ros_interfaces/msg/detail/sound__struct.hpp
[3.467s] -- Up-to-date: /home/locobot/LoCoBotRos/interbotix_ws/install/kobuki_ros_interfaces/include/kobuki_ros_interfaces/kobuki_ros_interfaces/msg/detail/version_info__struct.hpp
[3.467s] -- Up-to-date: /home/locobot/LoCoBotRos/interbotix_ws/install/kobuki_ros_interfaces/include/kobuki_ros_interfaces/kobuki_ros_interfaces/msg/detail/sound__builder.hpp
[3.467s] -- Up-to-date: /home/locobot/LoCoBotRos/interbotix_ws/install/kobuki_ros_interfaces/include/kobuki_ros_interfaces/kobuki_ros_interfaces/msg/detail/controller_info__builder.hpp
[3.467s] -- Up-to-date: /home/locobot/LoCoBotRos/interbotix_ws/install/kobuki_ros_interfaces/include/kobuki_ros_interfaces/kobuki_ros_interfaces/msg/detail/robot_state_event__type_support.hpp
[3.467s] -- Up-to-date: /home/locobot/LoCoBotRos/interbotix_ws/install/kobuki_ros_interfaces/include/kobuki_ros_interfaces/kobuki_ros_interfaces/msg/detail/wheel_drop_event__builder.hpp
[3.467s] -- Up-to-date: /home/locobot/LoCoBotRos/interbotix_ws/install/kobuki_ros_interfaces/include/kobuki_ros_interfaces/kobuki_ros_interfaces/msg/detail/button_event__type_support.hpp
[3.467s] -- Up-to-date: /home/locobot/LoCoBotRos/interbotix_ws/install/kobuki_ros_interfaces/include/kobuki_ros_interfaces/kobuki_ros_interfaces/msg/detail/dock_infra_red__struct.hpp
[3.467s] -- Up-to-date: /home/locobot/LoCoBotRos/interbotix_ws/install/kobuki_ros_interfaces/include/kobuki_ros_interfaces/kobuki_ros_interfaces/msg/detail/button_event__builder.hpp
[3.467s] -- Up-to-date: /home/locobot/LoCoBotRos/interbotix_ws/install/kobuki_ros_interfaces/include/kobuki_ros_interfaces/kobuki_ros_interfaces/msg/detail/dock_infra_red__builder.hpp
[3.467s] -- Up-to-date: /home/locobot/LoCoBotRos/interbotix_ws/install/kobuki_ros_interfaces/include/kobuki_ros_interfaces/kobuki_ros_interfaces/msg/detail/digital_input_event__traits.hpp
[3.467s] -- Up-to-date: /home/locobot/LoCoBotRos/interbotix_ws/install/kobuki_ros_interfaces/include/kobuki_ros_interfaces/kobuki_ros_interfaces/msg/detail/keyboard_input__struct.hpp
[3.467s] -- Up-to-date: /home/locobot/LoCoBotRos/interbotix_ws/install/kobuki_ros_interfaces/include/kobuki_ros_interfaces/kobuki_ros_interfaces/msg/detail/keyboard_input__type_support.hpp
[3.468s] -- Up-to-date: /home/locobot/LoCoBotRos/interbotix_ws/install/kobuki_ros_interfaces/include/kobuki_ros_interfaces/kobuki_ros_interfaces/msg/detail/sensor_state__type_support.hpp
[3.468s] -- Up-to-date: /home/locobot/LoCoBotRos/interbotix_ws/install/kobuki_ros_interfaces/include/kobuki_ros_interfaces/kobuki_ros_interfaces/msg/detail/motor_power__builder.hpp
[3.468s] -- Up-to-date: /home/locobot/LoCoBotRos/interbotix_ws/install/kobuki_ros_interfaces/include/kobuki_ros_interfaces/kobuki_ros_interfaces/msg/detail/sensor_state__struct.hpp
[3.468s] -- Up-to-date: /home/locobot/LoCoBotRos/interbotix_ws/install/kobuki_ros_interfaces/include/kobuki_ros_interfaces/kobuki_ros_interfaces/msg/detail/digital_input_event__type_support.hpp
[3.468s] -- Up-to-date: /home/locobot/LoCoBotRos/interbotix_ws/install/kobuki_ros_interfaces/include/kobuki_ros_interfaces/kobuki_ros_interfaces/msg/motor_power.hpp
[3.468s] -- Up-to-date: /home/locobot/LoCoBotRos/interbotix_ws/install/kobuki_ros_interfaces/include/kobuki_ros_interfaces/kobuki_ros_interfaces/msg/cliff_event.hpp
[3.468s] -- Up-to-date: /home/locobot/LoCoBotRos/interbotix_ws/install/kobuki_ros_interfaces/include/kobuki_ros_interfaces/kobuki_ros_interfaces/msg/dock_infra_red.hpp
[3.468s] -- Up-to-date: /home/locobot/LoCoBotRos/interbotix_ws/install/kobuki_ros_interfaces/include/kobuki_ros_interfaces/kobuki_ros_interfaces/msg/button_event.hpp
[3.468s] -- Up-to-date: /home/locobot/LoCoBotRos/interbotix_ws/install/kobuki_ros_interfaces/include/kobuki_ros_interfaces/kobuki_ros_interfaces/msg/external_power.hpp
[3.468s] -- Up-to-date: /home/locobot/LoCoBotRos/interbotix_ws/install/kobuki_ros_interfaces/include/kobuki_ros_interfaces/kobuki_ros_interfaces/msg/led.hpp
[3.468s] -- Up-to-date: /home/locobot/LoCoBotRos/interbotix_ws/install/kobuki_ros_interfaces/include/kobuki_ros_interfaces/kobuki_ros_interfaces/msg/sensor_state.hpp
[3.469s] -- Up-to-date: /home/locobot/LoCoBotRos/interbotix_ws/install/kobuki_ros_interfaces/include/kobuki_ros_interfaces/kobuki_ros_interfaces/msg/version_info.hpp
[3.469s] -- Up-to-date: /home/locobot/LoCoBotRos/interbotix_ws/install/kobuki_ros_interfaces/include/kobuki_ros_interfaces/kobuki_ros_interfaces/msg/controller_info.hpp
[3.469s] -- Up-to-date: /home/locobot/LoCoBotRos/interbotix_ws/install/kobuki_ros_interfaces/include/kobuki_ros_interfaces/kobuki_ros_interfaces/msg/power_system_event.hpp
[3.469s] -- Up-to-date: /home/locobot/LoCoBotRos/interbotix_ws/install/kobuki_ros_interfaces/include/kobuki_ros_interfaces/kobuki_ros_interfaces/msg/rosidl_generator_cpp__visibility_control.hpp
[3.469s] -- Up-to-date: /home/locobot/LoCoBotRos/interbotix_ws/install/kobuki_ros_interfaces/include/kobuki_ros_interfaces/kobuki_ros_interfaces/msg/keyboard_input.hpp
[3.469s] -- Up-to-date: /home/locobot/LoCoBotRos/interbotix_ws/install/kobuki_ros_interfaces/include/kobuki_ros_interfaces/kobuki_ros_interfaces/msg/digital_output.hpp
[3.469s] -- Up-to-date: /home/locobot/LoCoBotRos/interbotix_ws/install/kobuki_ros_interfaces/include/kobuki_ros_interfaces/kobuki_ros_interfaces/msg/robot_state_event.hpp
[3.469s] -- Up-to-date: /home/locobot/LoCoBotRos/interbotix_ws/install/kobuki_ros_interfaces/include/kobuki_ros_interfaces/kobuki_ros_interfaces/msg/wheel_drop_event.hpp
[3.470s] -- Up-to-date: /home/locobot/LoCoBotRos/interbotix_ws/install/kobuki_ros_interfaces/include/kobuki_ros_interfaces/kobuki_ros_interfaces/msg/sound.hpp
[3.470s] -- Up-to-date: /home/locobot/LoCoBotRos/interbotix_ws/install/kobuki_ros_interfaces/include/kobuki_ros_interfaces/kobuki_ros_interfaces/msg/scan_angle.hpp
[3.470s] -- Up-to-date: /home/locobot/LoCoBotRos/interbotix_ws/install/kobuki_ros_interfaces/include/kobuki_ros_interfaces/kobuki_ros_interfaces/msg/digital_input_event.hpp
[3.470s] -- Up-to-date: /home/locobot/LoCoBotRos/interbotix_ws/install/kobuki_ros_interfaces/include/kobuki_ros_interfaces/kobuki_ros_interfaces/msg/bumper_event.hpp
[3.470s] -- Up-to-date: /home/locobot/LoCoBotRos/interbotix_ws/install/kobuki_ros_interfaces/include/kobuki_ros_interfaces/kobuki_ros_interfaces/action
[3.470s] -- Up-to-date: /home/locobot/LoCoBotRos/interbotix_ws/install/kobuki_ros_interfaces/include/kobuki_ros_interfaces/kobuki_ros_interfaces/action/detail
[3.470s] -- Up-to-date: /home/locobot/LoCoBotRos/interbotix_ws/install/kobuki_ros_interfaces/include/kobuki_ros_interfaces/kobuki_ros_interfaces/action/detail/auto_docking__struct.hpp
[3.471s] -- Up-to-date: /home/locobot/LoCoBotRos/interbotix_ws/install/kobuki_ros_interfaces/include/kobuki_ros_interfaces/kobuki_ros_interfaces/action/detail/auto_docking__traits.hpp
[3.471s] -- Up-to-date: /home/locobot/LoCoBotRos/interbotix_ws/install/kobuki_ros_interfaces/include/kobuki_ros_interfaces/kobuki_ros_interfaces/action/detail/auto_docking__type_support.hpp
[3.471s] -- Up-to-date: /home/locobot/LoCoBotRos/interbotix_ws/install/kobuki_ros_interfaces/include/kobuki_ros_interfaces/kobuki_ros_interfaces/action/detail/auto_docking__builder.hpp
[3.472s] -- Up-to-date: /home/locobot/LoCoBotRos/interbotix_ws/install/kobuki_ros_interfaces/include/kobuki_ros_interfaces/kobuki_ros_interfaces/action/auto_docking.hpp
[3.472s] -- Up-to-date: /home/locobot/LoCoBotRos/interbotix_ws/install/kobuki_ros_interfaces/include/kobuki_ros_interfaces/kobuki_ros_interfaces
[3.472s] -- Up-to-date: /home/locobot/LoCoBotRos/interbotix_ws/install/kobuki_ros_interfaces/include/kobuki_ros_interfaces/kobuki_ros_interfaces/msg
[3.472s] -- Up-to-date: /home/locobot/LoCoBotRos/interbotix_ws/install/kobuki_ros_interfaces/include/kobuki_ros_interfaces/kobuki_ros_interfaces/msg/detail
[3.473s] -- Up-to-date: /home/locobot/LoCoBotRos/interbotix_ws/install/kobuki_ros_interfaces/include/kobuki_ros_interfaces/kobuki_ros_interfaces/msg/detail/sensor_state__rosidl_typesupport_fastrtps_cpp.hpp
[3.473s] -- Up-to-date: /home/locobot/LoCoBotRos/interbotix_ws/install/kobuki_ros_interfaces/include/kobuki_ros_interfaces/kobuki_ros_interfaces/msg/detail/button_event__rosidl_typesupport_fastrtps_cpp.hpp
[3.473s] -- Up-to-date: /home/locobot/LoCoBotRos/interbotix_ws/install/kobuki_ros_interfaces/include/kobuki_ros_interfaces/kobuki_ros_interfaces/msg/detail/digital_output__rosidl_typesupport_fastrtps_cpp.hpp
[3.473s] -- Up-to-date: /home/locobot/LoCoBotRos/interbotix_ws/install/kobuki_ros_interfaces/include/kobuki_ros_interfaces/kobuki_ros_interfaces/msg/detail/controller_info__rosidl_typesupport_fastrtps_cpp.hpp
[3.473s] -- Up-to-date: /home/locobot/LoCoBotRos/interbotix_ws/install/kobuki_ros_interfaces/include/kobuki_ros_interfaces/kobuki_ros_interfaces/msg/detail/bumper_event__rosidl_typesupport_fastrtps_cpp.hpp
[3.473s] -- Up-to-date: /home/locobot/LoCoBotRos/interbotix_ws/install/kobuki_ros_interfaces/include/kobuki_ros_interfaces/kobuki_ros_interfaces/msg/detail/cliff_event__rosidl_typesupport_fastrtps_cpp.hpp
[3.473s] -- Up-to-date: /home/locobot/LoCoBotRos/interbotix_ws/install/kobuki_ros_interfaces/include/kobuki_ros_interfaces/kobuki_ros_interfaces/msg/detail/dds_fastrtps
[3.473s] -- Up-to-date: /home/locobot/LoCoBotRos/interbotix_ws/install/kobuki_ros_interfaces/include/kobuki_ros_interfaces/kobuki_ros_interfaces/msg/detail/motor_power__rosidl_typesupport_fastrtps_cpp.hpp
[3.473s] -- Up-to-date: /home/locobot/LoCoBotRos/interbotix_ws/install/kobuki_ros_interfaces/include/kobuki_ros_interfaces/kobuki_ros_interfaces/msg/detail/version_info__rosidl_typesupport_fastrtps_cpp.hpp
[3.473s] -- Up-to-date: /home/locobot/LoCoBotRos/interbotix_ws/install/kobuki_ros_interfaces/include/kobuki_ros_interfaces/kobuki_ros_interfaces/msg/detail/dock_infra_red__rosidl_typesupport_fastrtps_cpp.hpp
[3.473s] -- Up-to-date: /home/locobot/LoCoBotRos/interbotix_ws/install/kobuki_ros_interfaces/include/kobuki_ros_interfaces/kobuki_ros_interfaces/msg/detail/led__rosidl_typesupport_fastrtps_cpp.hpp
[3.473s] -- Up-to-date: /home/locobot/LoCoBotRos/interbotix_ws/install/kobuki_ros_interfaces/include/kobuki_ros_interfaces/kobuki_ros_interfaces/msg/detail/robot_state_event__rosidl_typesupport_fastrtps_cpp.hpp
[3.474s] -- Up-to-date: /home/locobot/LoCoBotRos/interbotix_ws/install/kobuki_ros_interfaces/include/kobuki_ros_interfaces/kobuki_ros_interfaces/msg/detail/external_power__rosidl_typesupport_fastrtps_cpp.hpp
[3.474s] -- Up-to-date: /home/locobot/LoCoBotRos/interbotix_ws/install/kobuki_ros_interfaces/include/kobuki_ros_interfaces/kobuki_ros_interfaces/msg/detail/sound__rosidl_typesupport_fastrtps_cpp.hpp
[3.474s] -- Up-to-date: /home/locobot/LoCoBotRos/interbotix_ws/install/kobuki_ros_interfaces/include/kobuki_ros_interfaces/kobuki_ros_interfaces/msg/detail/digital_input_event__rosidl_typesupport_fastrtps_cpp.hpp
[3.474s] -- Up-to-date: /home/locobot/LoCoBotRos/interbotix_ws/install/kobuki_ros_interfaces/include/kobuki_ros_interfaces/kobuki_ros_interfaces/msg/detail/power_system_event__rosidl_typesupport_fastrtps_cpp.hpp
[3.474s] -- Up-to-date: /home/locobot/LoCoBotRos/interbotix_ws/install/kobuki_ros_interfaces/include/kobuki_ros_interfaces/kobuki_ros_interfaces/msg/detail/wheel_drop_event__rosidl_typesupport_fastrtps_cpp.hpp
[3.474s] -- Up-to-date: /home/locobot/LoCoBotRos/interbotix_ws/install/kobuki_ros_interfaces/include/kobuki_ros_interfaces/kobuki_ros_interfaces/msg/detail/scan_angle__rosidl_typesupport_fastrtps_cpp.hpp
[3.474s] -- Up-to-date: /home/locobot/LoCoBotRos/interbotix_ws/install/kobuki_ros_interfaces/include/kobuki_ros_interfaces/kobuki_ros_interfaces/msg/detail/keyboard_input__rosidl_typesupport_fastrtps_cpp.hpp
[3.474s] -- Up-to-date: /home/locobot/LoCoBotRos/interbotix_ws/install/kobuki_ros_interfaces/include/kobuki_ros_interfaces/kobuki_ros_interfaces/msg/rosidl_typesupport_fastrtps_cpp__visibility_control.h
[3.474s] -- Up-to-date: /home/locobot/LoCoBotRos/interbotix_ws/install/kobuki_ros_interfaces/include/kobuki_ros_interfaces/kobuki_ros_interfaces/action
[3.474s] -- Up-to-date: /home/locobot/LoCoBotRos/interbotix_ws/install/kobuki_ros_interfaces/include/kobuki_ros_interfaces/kobuki_ros_interfaces/action/detail
[3.474s] -- Up-to-date: /home/locobot/LoCoBotRos/interbotix_ws/install/kobuki_ros_interfaces/include/kobuki_ros_interfaces/kobuki_ros_interfaces/action/detail/auto_docking__rosidl_typesupport_fastrtps_cpp.hpp
[3.474s] -- Up-to-date: /home/locobot/LoCoBotRos/interbotix_ws/install/kobuki_ros_interfaces/include/kobuki_ros_interfaces/kobuki_ros_interfaces/action/detail/dds_fastrtps
[3.474s] -- Up-to-date: /home/locobot/LoCoBotRos/interbotix_ws/install/kobuki_ros_interfaces/lib/libkobuki_ros_interfaces__rosidl_typesupport_fastrtps_cpp.so
[3.475s] -- Up-to-date: /home/locobot/LoCoBotRos/interbotix_ws/install/kobuki_ros_interfaces/include/kobuki_ros_interfaces/kobuki_ros_interfaces
[3.475s] -- Up-to-date: /home/locobot/LoCoBotRos/interbotix_ws/install/kobuki_ros_interfaces/include/kobuki_ros_interfaces/kobuki_ros_interfaces/msg
[3.475s] -- Up-to-date: /home/locobot/LoCoBotRos/interbotix_ws/install/kobuki_ros_interfaces/include/kobuki_ros_interfaces/kobuki_ros_interfaces/msg/detail
[3.475s] -- Up-to-date: /home/locobot/LoCoBotRos/interbotix_ws/install/kobuki_ros_interfaces/include/kobuki_ros_interfaces/kobuki_ros_interfaces/msg/detail/digital_input_event__type_support.c
[3.475s] -- Up-to-date: /home/locobot/LoCoBotRos/interbotix_ws/install/kobuki_ros_interfaces/include/kobuki_ros_interfaces/kobuki_ros_interfaces/msg/detail/scan_angle__rosidl_typesupport_introspection_c.h
[3.475s] -- Up-to-date: /home/locobot/LoCoBotRos/interbotix_ws/install/kobuki_ros_interfaces/include/kobuki_ros_interfaces/kobuki_ros_interfaces/msg/detail/cliff_event__type_support.c
[3.475s] -- Up-to-date: /home/locobot/LoCoBotRos/interbotix_ws/install/kobuki_ros_interfaces/include/kobuki_ros_interfaces/kobuki_ros_interfaces/msg/detail/dock_infra_red__rosidl_typesupport_introspection_c.h
[3.475s] -- Up-to-date: /home/locobot/LoCoBotRos/interbotix_ws/install/kobuki_ros_interfaces/include/kobuki_ros_interfaces/kobuki_ros_interfaces/msg/detail/wheel_drop_event__type_support.c
[3.475s] -- Up-to-date: /home/locobot/LoCoBotRos/interbotix_ws/install/kobuki_ros_interfaces/include/kobuki_ros_interfaces/kobuki_ros_interfaces/msg/detail/controller_info__rosidl_typesupport_introspection_c.h
[3.475s] -- Up-to-date: /home/locobot/LoCoBotRos/interbotix_ws/install/kobuki_ros_interfaces/include/kobuki_ros_interfaces/kobuki_ros_interfaces/msg/detail/keyboard_input__rosidl_typesupport_introspection_c.h
[3.475s] -- Up-to-date: /home/locobot/LoCoBotRos/interbotix_ws/install/kobuki_ros_interfaces/include/kobuki_ros_interfaces/kobuki_ros_interfaces/msg/detail/digital_input_event__rosidl_typesupport_introspection_c.h
[3.475s] -- Up-to-date: /home/locobot/LoCoBotRos/interbotix_ws/install/kobuki_ros_interfaces/include/kobuki_ros_interfaces/kobuki_ros_interfaces/msg/detail/cliff_event__rosidl_typesupport_introspection_c.h
[3.476s] -- Up-to-date: /home/locobot/LoCoBotRos/interbotix_ws/install/kobuki_ros_interfaces/include/kobuki_ros_interfaces/kobuki_ros_interfaces/msg/detail/sensor_state__rosidl_typesupport_introspection_c.h
[3.476s] -- Up-to-date: /home/locobot/LoCoBotRos/interbotix_ws/install/kobuki_ros_interfaces/include/kobuki_ros_interfaces/kobuki_ros_interfaces/msg/detail/bumper_event__rosidl_typesupport_introspection_c.h
[3.476s] -- Up-to-date: /home/locobot/LoCoBotRos/interbotix_ws/install/kobuki_ros_interfaces/include/kobuki_ros_interfaces/kobuki_ros_interfaces/msg/detail/led__type_support.c
[3.476s] -- Up-to-date: /home/locobot/LoCoBotRos/interbotix_ws/install/kobuki_ros_interfaces/include/kobuki_ros_interfaces/kobuki_ros_interfaces/msg/detail/motor_power__rosidl_typesupport_introspection_c.h
[3.476s] -- Up-to-date: /home/locobot/LoCoBotRos/interbotix_ws/install/kobuki_ros_interfaces/include/kobuki_ros_interfaces/kobuki_ros_interfaces/msg/detail/robot_state_event__rosidl_typesupport_introspection_c.h
[3.476s] -- Up-to-date: /home/locobot/LoCoBotRos/interbotix_ws/install/kobuki_ros_interfaces/include/kobuki_ros_interfaces/kobuki_ros_interfaces/msg/detail/sound__type_support.c
[3.476s] -- Up-to-date: /home/locobot/LoCoBotRos/interbotix_ws/install/kobuki_ros_interfaces/include/kobuki_ros_interfaces/kobuki_ros_interfaces/msg/detail/external_power__rosidl_typesupport_introspection_c.h
[3.476s] -- Up-to-date: /home/locobot/LoCoBotRos/interbotix_ws/install/kobuki_ros_interfaces/include/kobuki_ros_interfaces/kobuki_ros_interfaces/msg/detail/external_power__type_support.c
[3.476s] -- Up-to-date: /home/locobot/LoCoBotRos/interbotix_ws/install/kobuki_ros_interfaces/include/kobuki_ros_interfaces/kobuki_ros_interfaces/msg/detail/motor_power__type_support.c
[3.476s] -- Up-to-date: /home/locobot/LoCoBotRos/interbotix_ws/install/kobuki_ros_interfaces/include/kobuki_ros_interfaces/kobuki_ros_interfaces/msg/detail/robot_state_event__type_support.c
[3.476s] -- Up-to-date: /home/locobot/LoCoBotRos/interbotix_ws/install/kobuki_ros_interfaces/include/kobuki_ros_interfaces/kobuki_ros_interfaces/msg/detail/wheel_drop_event__rosidl_typesupport_introspection_c.h
[3.476s] -- Up-to-date: /home/locobot/LoCoBotRos/interbotix_ws/install/kobuki_ros_interfaces/include/kobuki_ros_interfaces/kobuki_ros_interfaces/msg/detail/version_info__type_support.c
[3.476s] -- Up-to-date: /home/locobot/LoCoBotRos/interbotix_ws/install/kobuki_ros_interfaces/include/kobuki_ros_interfaces/kobuki_ros_interfaces/msg/detail/bumper_event__type_support.c
[3.477s] -- Up-to-date: /home/locobot/LoCoBotRos/interbotix_ws/install/kobuki_ros_interfaces/include/kobuki_ros_interfaces/kobuki_ros_interfaces/msg/detail/dock_infra_red__type_support.c
[3.477s] -- Up-to-date: /home/locobot/LoCoBotRos/interbotix_ws/install/kobuki_ros_interfaces/include/kobuki_ros_interfaces/kobuki_ros_interfaces/msg/detail/button_event__rosidl_typesupport_introspection_c.h
[3.477s] -- Up-to-date: /home/locobot/LoCoBotRos/interbotix_ws/install/kobuki_ros_interfaces/include/kobuki_ros_interfaces/kobuki_ros_interfaces/msg/detail/power_system_event__rosidl_typesupport_introspection_c.h
[3.477s] -- Up-to-date: /home/locobot/LoCoBotRos/interbotix_ws/install/kobuki_ros_interfaces/include/kobuki_ros_interfaces/kobuki_ros_interfaces/msg/detail/controller_info__type_support.c
[3.477s] -- Up-to-date: /home/locobot/LoCoBotRos/interbotix_ws/install/kobuki_ros_interfaces/include/kobuki_ros_interfaces/kobuki_ros_interfaces/msg/detail/keyboard_input__type_support.c
[3.477s] -- Up-to-date: /home/locobot/LoCoBotRos/interbotix_ws/install/kobuki_ros_interfaces/include/kobuki_ros_interfaces/kobuki_ros_interfaces/msg/detail/digital_output__rosidl_typesupport_introspection_c.h
[3.477s] -- Up-to-date: /home/locobot/LoCoBotRos/interbotix_ws/install/kobuki_ros_interfaces/include/kobuki_ros_interfaces/kobuki_ros_interfaces/msg/detail/sensor_state__type_support.c
[3.477s] -- Up-to-date: /home/locobot/LoCoBotRos/interbotix_ws/install/kobuki_ros_interfaces/include/kobuki_ros_interfaces/kobuki_ros_interfaces/msg/detail/power_system_event__type_support.c
[3.477s] -- Up-to-date: /home/locobot/LoCoBotRos/interbotix_ws/install/kobuki_ros_interfaces/include/kobuki_ros_interfaces/kobuki_ros_interfaces/msg/detail/scan_angle__type_support.c
[3.477s] -- Up-to-date: /home/locobot/LoCoBotRos/interbotix_ws/install/kobuki_ros_interfaces/include/kobuki_ros_interfaces/kobuki_ros_interfaces/msg/detail/version_info__rosidl_typesupport_introspection_c.h
[3.477s] -- Up-to-date: /home/locobot/LoCoBotRos/interbotix_ws/install/kobuki_ros_interfaces/include/kobuki_ros_interfaces/kobuki_ros_interfaces/msg/detail/button_event__type_support.c
[3.477s] -- Up-to-date: /home/locobot/LoCoBotRos/interbotix_ws/install/kobuki_ros_interfaces/include/kobuki_ros_interfaces/kobuki_ros_interfaces/msg/detail/digital_output__type_support.c
[3.477s] -- Up-to-date: /home/locobot/LoCoBotRos/interbotix_ws/install/kobuki_ros_interfaces/include/kobuki_ros_interfaces/kobuki_ros_interfaces/msg/detail/sound__rosidl_typesupport_introspection_c.h
[3.478s] -- Up-to-date: /home/locobot/LoCoBotRos/interbotix_ws/install/kobuki_ros_interfaces/include/kobuki_ros_interfaces/kobuki_ros_interfaces/msg/detail/led__rosidl_typesupport_introspection_c.h
[3.478s] -- Up-to-date: /home/locobot/LoCoBotRos/interbotix_ws/install/kobuki_ros_interfaces/include/kobuki_ros_interfaces/kobuki_ros_interfaces/msg/rosidl_typesupport_introspection_c__visibility_control.h
[3.478s] -- Up-to-date: /home/locobot/LoCoBotRos/interbotix_ws/install/kobuki_ros_interfaces/include/kobuki_ros_interfaces/kobuki_ros_interfaces/action
[3.478s] -- Up-to-date: /home/locobot/LoCoBotRos/interbotix_ws/install/kobuki_ros_interfaces/include/kobuki_ros_interfaces/kobuki_ros_interfaces/action/detail
[3.478s] -- Up-to-date: /home/locobot/LoCoBotRos/interbotix_ws/install/kobuki_ros_interfaces/include/kobuki_ros_interfaces/kobuki_ros_interfaces/action/detail/auto_docking__type_support.c
[3.478s] -- Up-to-date: /home/locobot/LoCoBotRos/interbotix_ws/install/kobuki_ros_interfaces/include/kobuki_ros_interfaces/kobuki_ros_interfaces/action/detail/auto_docking__rosidl_typesupport_introspection_c.h
[3.478s] -- Up-to-date: /home/locobot/LoCoBotRos/interbotix_ws/install/kobuki_ros_interfaces/lib/libkobuki_ros_interfaces__rosidl_typesupport_introspection_c.so
[3.478s] -- Up-to-date: /home/locobot/LoCoBotRos/interbotix_ws/install/kobuki_ros_interfaces/lib/libkobuki_ros_interfaces__rosidl_typesupport_c.so
[3.478s] -- Up-to-date: /home/locobot/LoCoBotRos/interbotix_ws/install/kobuki_ros_interfaces/include/kobuki_ros_interfaces/kobuki_ros_interfaces
[3.478s] -- Up-to-date: /home/locobot/LoCoBotRos/interbotix_ws/install/kobuki_ros_interfaces/include/kobuki_ros_interfaces/kobuki_ros_interfaces/msg
[3.478s] -- Up-to-date: /home/locobot/LoCoBotRos/interbotix_ws/install/kobuki_ros_interfaces/include/kobuki_ros_interfaces/kobuki_ros_interfaces/msg/detail
[3.478s] -- Up-to-date: /home/locobot/LoCoBotRos/interbotix_ws/install/kobuki_ros_interfaces/include/kobuki_ros_interfaces/kobuki_ros_interfaces/msg/detail/power_system_event__type_support.cpp
[3.478s] -- Up-to-date: /home/locobot/LoCoBotRos/interbotix_ws/install/kobuki_ros_interfaces/include/kobuki_ros_interfaces/kobuki_ros_interfaces/msg/detail/robot_state_event__rosidl_typesupport_introspection_cpp.hpp
[3.479s] -- Up-to-date: /home/locobot/LoCoBotRos/interbotix_ws/install/kobuki_ros_interfaces/include/kobuki_ros_interfaces/kobuki_ros_interfaces/msg/detail/power_system_event__rosidl_typesupport_introspection_cpp.hpp
[3.479s] -- Up-to-date: /home/locobot/LoCoBotRos/interbotix_ws/install/kobuki_ros_interfaces/include/kobuki_ros_interfaces/kobuki_ros_interfaces/msg/detail/sound__type_support.cpp
[3.479s] -- Up-to-date: /home/locobot/LoCoBotRos/interbotix_ws/install/kobuki_ros_interfaces/include/kobuki_ros_interfaces/kobuki_ros_interfaces/msg/detail/led__rosidl_typesupport_introspection_cpp.hpp
[3.479s] -- Up-to-date: /home/locobot/LoCoBotRos/interbotix_ws/install/kobuki_ros_interfaces/include/kobuki_ros_interfaces/kobuki_ros_interfaces/msg/detail/digital_output__rosidl_typesupport_introspection_cpp.hpp
[3.479s] -- Up-to-date: /home/locobot/LoCoBotRos/interbotix_ws/install/kobuki_ros_interfaces/include/kobuki_ros_interfaces/kobuki_ros_interfaces/msg/detail/led__type_support.cpp
[3.479s] -- Up-to-date: /home/locobot/LoCoBotRos/interbotix_ws/install/kobuki_ros_interfaces/include/kobuki_ros_interfaces/kobuki_ros_interfaces/msg/detail/bumper_event__rosidl_typesupport_introspection_cpp.hpp
[3.479s] -- Up-to-date: /home/locobot/LoCoBotRos/interbotix_ws/install/kobuki_ros_interfaces/include/kobuki_ros_interfaces/kobuki_ros_interfaces/msg/detail/controller_info__type_support.cpp
[3.479s] -- Up-to-date: /home/locobot/LoCoBotRos/interbotix_ws/install/kobuki_ros_interfaces/include/kobuki_ros_interfaces/kobuki_ros_interfaces/msg/detail/digital_input_event__rosidl_typesupport_introspection_cpp.hpp
[3.479s] -- Up-to-date: /home/locobot/LoCoBotRos/interbotix_ws/install/kobuki_ros_interfaces/include/kobuki_ros_interfaces/kobuki_ros_interfaces/msg/detail/button_event__rosidl_typesupport_introspection_cpp.hpp
[3.479s] -- Up-to-date: /home/locobot/LoCoBotRos/interbotix_ws/install/kobuki_ros_interfaces/include/kobuki_ros_interfaces/kobuki_ros_interfaces/msg/detail/sound__rosidl_typesupport_introspection_cpp.hpp
[3.479s] -- Up-to-date: /home/locobot/LoCoBotRos/interbotix_ws/install/kobuki_ros_interfaces/include/kobuki_ros_interfaces/kobuki_ros_interfaces/msg/detail/robot_state_event__type_support.cpp
[3.479s] -- Up-to-date: /home/locobot/LoCoBotRos/interbotix_ws/install/kobuki_ros_interfaces/include/kobuki_ros_interfaces/kobuki_ros_interfaces/msg/detail/version_info__rosidl_typesupport_introspection_cpp.hpp
[3.480s] -- Up-to-date: /home/locobot/LoCoBotRos/interbotix_ws/install/kobuki_ros_interfaces/include/kobuki_ros_interfaces/kobuki_ros_interfaces/msg/detail/button_event__type_support.cpp
[3.480s] -- Up-to-date: /home/locobot/LoCoBotRos/interbotix_ws/install/kobuki_ros_interfaces/include/kobuki_ros_interfaces/kobuki_ros_interfaces/msg/detail/motor_power__type_support.cpp
[3.480s] -- Up-to-date: /home/locobot/LoCoBotRos/interbotix_ws/install/kobuki_ros_interfaces/include/kobuki_ros_interfaces/kobuki_ros_interfaces/msg/detail/wheel_drop_event__type_support.cpp
[3.480s] -- Up-to-date: /home/locobot/LoCoBotRos/interbotix_ws/install/kobuki_ros_interfaces/include/kobuki_ros_interfaces/kobuki_ros_interfaces/msg/detail/cliff_event__rosidl_typesupport_introspection_cpp.hpp
[3.480s] -- Up-to-date: /home/locobot/LoCoBotRos/interbotix_ws/install/kobuki_ros_interfaces/include/kobuki_ros_interfaces/kobuki_ros_interfaces/msg/detail/motor_power__rosidl_typesupport_introspection_cpp.hpp
[3.480s] -- Up-to-date: /home/locobot/LoCoBotRos/interbotix_ws/install/kobuki_ros_interfaces/include/kobuki_ros_interfaces/kobuki_ros_interfaces/msg/detail/scan_angle__rosidl_typesupport_introspection_cpp.hpp
[3.480s] -- Up-to-date: /home/locobot/LoCoBotRos/interbotix_ws/install/kobuki_ros_interfaces/include/kobuki_ros_interfaces/kobuki_ros_interfaces/msg/detail/dock_infra_red__type_support.cpp
[3.480s] -- Up-to-date: /home/locobot/LoCoBotRos/interbotix_ws/install/kobuki_ros_interfaces/include/kobuki_ros_interfaces/kobuki_ros_interfaces/msg/detail/cliff_event__type_support.cpp
[3.480s] -- Up-to-date: /home/locobot/LoCoBotRos/interbotix_ws/install/kobuki_ros_interfaces/include/kobuki_ros_interfaces/kobuki_ros_interfaces/msg/detail/version_info__type_support.cpp
[3.480s] -- Up-to-date: /home/locobot/LoCoBotRos/interbotix_ws/install/kobuki_ros_interfaces/include/kobuki_ros_interfaces/kobuki_ros_interfaces/msg/detail/digital_input_event__type_support.cpp
[3.480s] -- Up-to-date: /home/locobot/LoCoBotRos/interbotix_ws/install/kobuki_ros_interfaces/include/kobuki_ros_interfaces/kobuki_ros_interfaces/msg/detail/keyboard_input__rosidl_typesupport_introspection_cpp.hpp
[3.481s] -- Up-to-date: /home/locobot/LoCoBotRos/interbotix_ws/install/kobuki_ros_interfaces/include/kobuki_ros_interfaces/kobuki_ros_interfaces/msg/detail/controller_info__rosidl_typesupport_introspection_cpp.hpp
[3.481s] -- Up-to-date: /home/locobot/LoCoBotRos/interbotix_ws/install/kobuki_ros_interfaces/include/kobuki_ros_interfaces/kobuki_ros_interfaces/msg/detail/sensor_state__rosidl_typesupport_introspection_cpp.hpp
[3.481s] -- Up-to-date: /home/locobot/LoCoBotRos/interbotix_ws/install/kobuki_ros_interfaces/include/kobuki_ros_interfaces/kobuki_ros_interfaces/msg/detail/dock_infra_red__rosidl_typesupport_introspection_cpp.hpp
[3.481s] -- Up-to-date: /home/locobot/LoCoBotRos/interbotix_ws/install/kobuki_ros_interfaces/include/kobuki_ros_interfaces/kobuki_ros_interfaces/msg/detail/external_power__type_support.cpp
[3.481s] -- Up-to-date: /home/locobot/LoCoBotRos/interbotix_ws/install/kobuki_ros_interfaces/include/kobuki_ros_interfaces/kobuki_ros_interfaces/msg/detail/sensor_state__type_support.cpp
[3.481s] -- Up-to-date: /home/locobot/LoCoBotRos/interbotix_ws/install/kobuki_ros_interfaces/include/kobuki_ros_interfaces/kobuki_ros_interfaces/msg/detail/bumper_event__type_support.cpp
[3.481s] -- Up-to-date: /home/locobot/LoCoBotRos/interbotix_ws/install/kobuki_ros_interfaces/include/kobuki_ros_interfaces/kobuki_ros_interfaces/msg/detail/external_power__rosidl_typesupport_introspection_cpp.hpp
[3.481s] -- Up-to-date: /home/locobot/LoCoBotRos/interbotix_ws/install/kobuki_ros_interfaces/include/kobuki_ros_interfaces/kobuki_ros_interfaces/msg/detail/keyboard_input__type_support.cpp
[3.481s] -- Up-to-date: /home/locobot/LoCoBotRos/interbotix_ws/install/kobuki_ros_interfaces/include/kobuki_ros_interfaces/kobuki_ros_interfaces/msg/detail/wheel_drop_event__rosidl_typesupport_introspection_cpp.hpp
[3.481s] -- Up-to-date: /home/locobot/LoCoBotRos/interbotix_ws/install/kobuki_ros_interfaces/include/kobuki_ros_interfaces/kobuki_ros_interfaces/msg/detail/digital_output__type_support.cpp
[3.482s] -- Up-to-date: /home/locobot/LoCoBotRos/interbotix_ws/install/kobuki_ros_interfaces/include/kobuki_ros_interfaces/kobuki_ros_interfaces/msg/detail/scan_angle__type_support.cpp
[3.482s] -- Up-to-date: /home/locobot/LoCoBotRos/interbotix_ws/install/kobuki_ros_interfaces/include/kobuki_ros_interfaces/kobuki_ros_interfaces/action
[3.482s] -- Up-to-date: /home/locobot/LoCoBotRos/interbotix_ws/install/kobuki_ros_interfaces/include/kobuki_ros_interfaces/kobuki_ros_interfaces/action/detail
[3.482s] -- Up-to-date: /home/locobot/LoCoBotRos/interbotix_ws/install/kobuki_ros_interfaces/include/kobuki_ros_interfaces/kobuki_ros_interfaces/action/detail/auto_docking__type_support.cpp
[3.482s] -- Up-to-date: /home/locobot/LoCoBotRos/interbotix_ws/install/kobuki_ros_interfaces/include/kobuki_ros_interfaces/kobuki_ros_interfaces/action/detail/auto_docking__rosidl_typesupport_introspection_cpp.hpp
[3.482s] -- Up-to-date: /home/locobot/LoCoBotRos/interbotix_ws/install/kobuki_ros_interfaces/lib/libkobuki_ros_interfaces__rosidl_typesupport_introspection_cpp.so
[3.482s] -- Up-to-date: /home/locobot/LoCoBotRos/interbotix_ws/install/kobuki_ros_interfaces/lib/libkobuki_ros_interfaces__rosidl_typesupport_cpp.so
[3.482s] -- Up-to-date: /home/locobot/LoCoBotRos/interbotix_ws/install/kobuki_ros_interfaces/share/kobuki_ros_interfaces/environment/pythonpath.sh
[3.482s] -- Installing: /home/locobot/LoCoBotRos/interbotix_ws/install/kobuki_ros_interfaces/share/kobuki_ros_interfaces/environment/pythonpath.dsv
[3.482s] -- Up-to-date: /home/locobot/LoCoBotRos/interbotix_ws/install/kobuki_ros_interfaces/local/lib/python3.10/dist-packages/kobuki_ros_interfaces-1.0.0-py3.10.egg-info
[3.482s] -- Installing: /home/locobot/LoCoBotRos/interbotix_ws/install/kobuki_ros_interfaces/local/lib/python3.10/dist-packages/kobuki_ros_interfaces-1.0.0-py3.10.egg-info/dependency_links.txt
[3.483s] -- Installing: /home/locobot/LoCoBotRos/interbotix_ws/install/kobuki_ros_interfaces/local/lib/python3.10/dist-packages/kobuki_ros_interfaces-1.0.0-py3.10.egg-info/PKG-INFO
[3.483s] -- Installing: /home/locobot/LoCoBotRos/interbotix_ws/install/kobuki_ros_interfaces/local/lib/python3.10/dist-packages/kobuki_ros_interfaces-1.0.0-py3.10.egg-info/SOURCES.txt
[3.483s] -- Installing: /home/locobot/LoCoBotRos/interbotix_ws/install/kobuki_ros_interfaces/local/lib/python3.10/dist-packages/kobuki_ros_interfaces-1.0.0-py3.10.egg-info/top_level.txt
[3.483s] -- Up-to-date: /home/locobot/LoCoBotRos/interbotix_ws/install/kobuki_ros_interfaces/local/lib/python3.10/dist-packages/kobuki_ros_interfaces
[3.483s] -- Up-to-date: /home/locobot/LoCoBotRos/interbotix_ws/install/kobuki_ros_interfaces/local/lib/python3.10/dist-packages/kobuki_ros_interfaces/msg
[3.483s] -- Up-to-date: /home/locobot/LoCoBotRos/interbotix_ws/install/kobuki_ros_interfaces/local/lib/python3.10/dist-packages/kobuki_ros_interfaces/msg/_digital_output.py
[3.483s] -- Up-to-date: /home/locobot/LoCoBotRos/interbotix_ws/install/kobuki_ros_interfaces/local/lib/python3.10/dist-packages/kobuki_ros_interfaces/msg/_version_info.py
[3.483s] -- Up-to-date: /home/locobot/LoCoBotRos/interbotix_ws/install/kobuki_ros_interfaces/local/lib/python3.10/dist-packages/kobuki_ros_interfaces/msg/_keyboard_input.py
[3.483s] -- Up-to-date: /home/locobot/LoCoBotRos/interbotix_ws/install/kobuki_ros_interfaces/local/lib/python3.10/dist-packages/kobuki_ros_interfaces/msg/_cliff_event_s.c
[3.483s] -- Up-to-date: /home/locobot/LoCoBotRos/interbotix_ws/install/kobuki_ros_interfaces/local/lib/python3.10/dist-packages/kobuki_ros_interfaces/msg/_motor_power.py
[3.483s] -- Up-to-date: /home/locobot/LoCoBotRos/interbotix_ws/install/kobuki_ros_interfaces/local/lib/python3.10/dist-packages/kobuki_ros_interfaces/msg/_sound_s.c
[3.483s] -- Up-to-date: /home/locobot/LoCoBotRos/interbotix_ws/install/kobuki_ros_interfaces/local/lib/python3.10/dist-packages/kobuki_ros_interfaces/msg/_controller_info.py
[3.483s] -- Up-to-date: /home/locobot/LoCoBotRos/interbotix_ws/install/kobuki_ros_interfaces/local/lib/python3.10/dist-packages/kobuki_ros_interfaces/msg/_bumper_event.py
[3.483s] -- Up-to-date: /home/locobot/LoCoBotRos/interbotix_ws/install/kobuki_ros_interfaces/local/lib/python3.10/dist-packages/kobuki_ros_interfaces/msg/_version_info_s.c
[3.484s] -- Up-to-date: /home/locobot/LoCoBotRos/interbotix_ws/install/kobuki_ros_interfaces/local/lib/python3.10/dist-packages/kobuki_ros_interfaces/msg/_led_s.c
[3.484s] -- Up-to-date: /home/locobot/LoCoBotRos/interbotix_ws/install/kobuki_ros_interfaces/local/lib/python3.10/dist-packages/kobuki_ros_interfaces/msg/_dock_infra_red.py
[3.484s] -- Up-to-date: /home/locobot/LoCoBotRos/interbotix_ws/install/kobuki_ros_interfaces/local/lib/python3.10/dist-packages/kobuki_ros_interfaces/msg/_dock_infra_red_s.c
[3.484s] -- Up-to-date: /home/locobot/LoCoBotRos/interbotix_ws/install/kobuki_ros_interfaces/local/lib/python3.10/dist-packages/kobuki_ros_interfaces/msg/__init__.py
[3.484s] -- Up-to-date: /home/locobot/LoCoBotRos/interbotix_ws/install/kobuki_ros_interfaces/local/lib/python3.10/dist-packages/kobuki_ros_interfaces/msg/_external_power_s.c
[3.484s] -- Up-to-date: /home/locobot/LoCoBotRos/interbotix_ws/install/kobuki_ros_interfaces/local/lib/python3.10/dist-packages/kobuki_ros_interfaces/msg/_bumper_event_s.c
[3.484s] -- Up-to-date: /home/locobot/LoCoBotRos/interbotix_ws/install/kobuki_ros_interfaces/local/lib/python3.10/dist-packages/kobuki_ros_interfaces/msg/_keyboard_input_s.c
[3.484s] -- Up-to-date: /home/locobot/LoCoBotRos/interbotix_ws/install/kobuki_ros_interfaces/local/lib/python3.10/dist-packages/kobuki_ros_interfaces/msg/_power_system_event.py
[3.484s] -- Up-to-date: /home/locobot/LoCoBotRos/interbotix_ws/install/kobuki_ros_interfaces/local/lib/python3.10/dist-packages/kobuki_ros_interfaces/msg/_button_event.py
[3.484s] -- Up-to-date: /home/locobot/LoCoBotRos/interbotix_ws/install/kobuki_ros_interfaces/local/lib/python3.10/dist-packages/kobuki_ros_interfaces/msg/_controller_info_s.c
[3.484s] -- Up-to-date: /home/locobot/LoCoBotRos/interbotix_ws/install/kobuki_ros_interfaces/local/lib/python3.10/dist-packages/kobuki_ros_interfaces/msg/_cliff_event.py
[3.484s] -- Up-to-date: /home/locobot/LoCoBotRos/interbotix_ws/install/kobuki_ros_interfaces/local/lib/python3.10/dist-packages/kobuki_ros_interfaces/msg/_sensor_state_s.c
[3.484s] -- Up-to-date: /home/locobot/LoCoBotRos/interbotix_ws/install/kobuki_ros_interfaces/local/lib/python3.10/dist-packages/kobuki_ros_interfaces/msg/_power_system_event_s.c
[3.485s] -- Up-to-date: /home/locobot/LoCoBotRos/interbotix_ws/install/kobuki_ros_interfaces/local/lib/python3.10/dist-packages/kobuki_ros_interfaces/msg/_scan_angle_s.c
[3.485s] -- Up-to-date: /home/locobot/LoCoBotRos/interbotix_ws/install/kobuki_ros_interfaces/local/lib/python3.10/dist-packages/kobuki_ros_interfaces/msg/_scan_angle.py
[3.485s] -- Up-to-date: /home/locobot/LoCoBotRos/interbotix_ws/install/kobuki_ros_interfaces/local/lib/python3.10/dist-packages/kobuki_ros_interfaces/msg/_sensor_state.py
[3.485s] -- Up-to-date: /home/locobot/LoCoBotRos/interbotix_ws/install/kobuki_ros_interfaces/local/lib/python3.10/dist-packages/kobuki_ros_interfaces/msg/_robot_state_event.py
[3.485s] -- Up-to-date: /home/locobot/LoCoBotRos/interbotix_ws/install/kobuki_ros_interfaces/local/lib/python3.10/dist-packages/kobuki_ros_interfaces/msg/_robot_state_event_s.c
[3.485s] -- Up-to-date: /home/locobot/LoCoBotRos/interbotix_ws/install/kobuki_ros_interfaces/local/lib/python3.10/dist-packages/kobuki_ros_interfaces/msg/_sound.py
[3.485s] -- Up-to-date: /home/locobot/LoCoBotRos/interbotix_ws/install/kobuki_ros_interfaces/local/lib/python3.10/dist-packages/kobuki_ros_interfaces/msg/_digital_input_event.py
[3.485s] -- Up-to-date: /home/locobot/LoCoBotRos/interbotix_ws/install/kobuki_ros_interfaces/local/lib/python3.10/dist-packages/kobuki_ros_interfaces/msg/_digital_output_s.c
[3.485s] -- Up-to-date: /home/locobot/LoCoBotRos/interbotix_ws/install/kobuki_ros_interfaces/local/lib/python3.10/dist-packages/kobuki_ros_interfaces/msg/_motor_power_s.c
[3.485s] -- Up-to-date: /home/locobot/LoCoBotRos/interbotix_ws/install/kobuki_ros_interfaces/local/lib/python3.10/dist-packages/kobuki_ros_interfaces/msg/_external_power.py
[3.485s] -- Up-to-date: /home/locobot/LoCoBotRos/interbotix_ws/install/kobuki_ros_interfaces/local/lib/python3.10/dist-packages/kobuki_ros_interfaces/msg/_button_event_s.c
[3.485s] -- Up-to-date: /home/locobot/LoCoBotRos/interbotix_ws/install/kobuki_ros_interfaces/local/lib/python3.10/dist-packages/kobuki_ros_interfaces/msg/_wheel_drop_event.py
[3.485s] -- Up-to-date: /home/locobot/LoCoBotRos/interbotix_ws/install/kobuki_ros_interfaces/local/lib/python3.10/dist-packages/kobuki_ros_interfaces/msg/_digital_input_event_s.c
[3.485s] -- Up-to-date: /home/locobot/LoCoBotRos/interbotix_ws/install/kobuki_ros_interfaces/local/lib/python3.10/dist-packages/kobuki_ros_interfaces/msg/_led.py
[3.485s] -- Up-to-date: /home/locobot/LoCoBotRos/interbotix_ws/install/kobuki_ros_interfaces/local/lib/python3.10/dist-packages/kobuki_ros_interfaces/msg/_wheel_drop_event_s.c
[3.486s] -- Up-to-date: /home/locobot/LoCoBotRos/interbotix_ws/install/kobuki_ros_interfaces/local/lib/python3.10/dist-packages/kobuki_ros_interfaces/action
[3.486s] -- Up-to-date: /home/locobot/LoCoBotRos/interbotix_ws/install/kobuki_ros_interfaces/local/lib/python3.10/dist-packages/kobuki_ros_interfaces/action/_auto_docking_s.c
[3.486s] -- Up-to-date: /home/locobot/LoCoBotRos/interbotix_ws/install/kobuki_ros_interfaces/local/lib/python3.10/dist-packages/kobuki_ros_interfaces/action/_auto_docking.py
[3.486s] -- Up-to-date: /home/locobot/LoCoBotRos/interbotix_ws/install/kobuki_ros_interfaces/local/lib/python3.10/dist-packages/kobuki_ros_interfaces/action/__init__.py
[3.486s] -- Up-to-date: /home/locobot/LoCoBotRos/interbotix_ws/install/kobuki_ros_interfaces/local/lib/python3.10/dist-packages/kobuki_ros_interfaces/kobuki_ros_interfaces_s__rosidl_typesupport_fastrtps_c.cpython-310-x86_64-linux-gnu.so
[3.486s] -- Up-to-date: /home/locobot/LoCoBotRos/interbotix_ws/install/kobuki_ros_interfaces/local/lib/python3.10/dist-packages/kobuki_ros_interfaces/kobuki_ros_interfaces_s__rosidl_typesupport_introspection_c.cpython-310-x86_64-linux-gnu.so
[3.486s] -- Up-to-date: /home/locobot/LoCoBotRos/interbotix_ws/install/kobuki_ros_interfaces/local/lib/python3.10/dist-packages/kobuki_ros_interfaces/_kobuki_ros_interfaces_s.ep.rosidl_typesupport_c.c
[3.486s] -- Installing: /home/locobot/LoCoBotRos/interbotix_ws/install/kobuki_ros_interfaces/local/lib/python3.10/dist-packages/kobuki_ros_interfaces/__init__.py
[3.486s] -- Up-to-date: /home/locobot/LoCoBotRos/interbotix_ws/install/kobuki_ros_interfaces/local/lib/python3.10/dist-packages/kobuki_ros_interfaces/kobuki_ros_interfaces_s__rosidl_typesupport_c.cpython-310-x86_64-linux-gnu.so
[3.486s] -- Up-to-date: /home/locobot/LoCoBotRos/interbotix_ws/install/kobuki_ros_interfaces/local/lib/python3.10/dist-packages/kobuki_ros_interfaces/_kobuki_ros_interfaces_s.ep.rosidl_typesupport_fastrtps_c.c
[3.486s] -- Up-to-date: /home/locobot/LoCoBotRos/interbotix_ws/install/kobuki_ros_interfaces/local/lib/python3.10/dist-packages/kobuki_ros_interfaces/_kobuki_ros_interfaces_s.ep.rosidl_typesupport_introspection_c.c
[3.486s] -- Up-to-date: /home/locobot/LoCoBotRos/interbotix_ws/install/kobuki_ros_interfaces/local/lib/python3.10/dist-packages/kobuki_ros_interfaces/libkobuki_ros_interfaces__rosidl_generator_py.so
[3.551s] Listing '/home/locobot/LoCoBotRos/interbotix_ws/install/kobuki_ros_interfaces/local/lib/python3.10/dist-packages/kobuki_ros_interfaces'...
[3.552s] Compiling '/home/locobot/LoCoBotRos/interbotix_ws/install/kobuki_ros_interfaces/local/lib/python3.10/dist-packages/kobuki_ros_interfaces/__init__.py'...
[3.552s] Listing '/home/locobot/LoCoBotRos/interbotix_ws/install/kobuki_ros_interfaces/local/lib/python3.10/dist-packages/kobuki_ros_interfaces/action'...
[3.553s] Listing '/home/locobot/LoCoBotRos/interbotix_ws/install/kobuki_ros_interfaces/local/lib/python3.10/dist-packages/kobuki_ros_interfaces/msg'...
[3.571s] -- Up-to-date: /home/locobot/LoCoBotRos/interbotix_ws/install/kobuki_ros_interfaces/local/lib/python3.10/dist-packages/kobuki_ros_interfaces/kobuki_ros_interfaces_s__rosidl_typesupport_fastrtps_c.cpython-310-x86_64-linux-gnu.so
[3.571s] -- Up-to-date: /home/locobot/LoCoBotRos/interbotix_ws/install/kobuki_ros_interfaces/local/lib/python3.10/dist-packages/kobuki_ros_interfaces/kobuki_ros_interfaces_s__rosidl_typesupport_introspection_c.cpython-310-x86_64-linux-gnu.so
[3.571s] -- Up-to-date: /home/locobot/LoCoBotRos/interbotix_ws/install/kobuki_ros_interfaces/local/lib/python3.10/dist-packages/kobuki_ros_interfaces/kobuki_ros_interfaces_s__rosidl_typesupport_c.cpython-310-x86_64-linux-gnu.so
[3.571s] -- Up-to-date: /home/locobot/LoCoBotRos/interbotix_ws/install/kobuki_ros_interfaces/lib/libkobuki_ros_interfaces__rosidl_generator_py.so
[3.572s] -- Up-to-date: /home/locobot/LoCoBotRos/interbotix_ws/install/kobuki_ros_interfaces/share/kobuki_ros_interfaces/msg/BumperEvent.idl
[3.572s] -- Up-to-date: /home/locobot/LoCoBotRos/interbotix_ws/install/kobuki_ros_interfaces/share/kobuki_ros_interfaces/msg/CliffEvent.idl
[3.572s] -- Up-to-date: /home/locobot/LoCoBotRos/interbotix_ws/install/kobuki_ros_interfaces/share/kobuki_ros_interfaces/msg/DigitalOutput.idl
[3.573s] -- Up-to-date: /home/locobot/LoCoBotRos/interbotix_ws/install/kobuki_ros_interfaces/share/kobuki_ros_interfaces/msg/ExternalPower.idl
[3.573s] -- Up-to-date: /home/locobot/LoCoBotRos/interbotix_ws/install/kobuki_ros_interfaces/share/kobuki_ros_interfaces/msg/Led.idl
[3.573s] -- Up-to-date: /home/locobot/LoCoBotRos/interbotix_ws/install/kobuki_ros_interfaces/share/kobuki_ros_interfaces/msg/PowerSystemEvent.idl
[3.573s] -- Up-to-date: /home/locobot/LoCoBotRos/interbotix_ws/install/kobuki_ros_interfaces/share/kobuki_ros_interfaces/msg/SensorState.idl
[3.573s] -- Up-to-date: /home/locobot/LoCoBotRos/interbotix_ws/install/kobuki_ros_interfaces/share/kobuki_ros_interfaces/msg/VersionInfo.idl
[3.573s] -- Up-to-date: /home/locobot/LoCoBotRos/interbotix_ws/install/kobuki_ros_interfaces/share/kobuki_ros_interfaces/msg/ControllerInfo.idl
[3.573s] -- Up-to-date: /home/locobot/LoCoBotRos/interbotix_ws/install/kobuki_ros_interfaces/share/kobuki_ros_interfaces/msg/ButtonEvent.idl
[3.573s] -- Up-to-date: /home/locobot/LoCoBotRos/interbotix_ws/install/kobuki_ros_interfaces/share/kobuki_ros_interfaces/msg/DigitalInputEvent.idl
[3.574s] -- Up-to-date: /home/locobot/LoCoBotRos/interbotix_ws/install/kobuki_ros_interfaces/share/kobuki_ros_interfaces/msg/DockInfraRed.idl
[3.574s] -- Up-to-date: /home/locobot/LoCoBotRos/interbotix_ws/install/kobuki_ros_interfaces/share/kobuki_ros_interfaces/msg/KeyboardInput.idl
[3.574s] -- Up-to-date: /home/locobot/LoCoBotRos/interbotix_ws/install/kobuki_ros_interfaces/share/kobuki_ros_interfaces/msg/MotorPower.idl
[3.574s] -- Up-to-date: /home/locobot/LoCoBotRos/interbotix_ws/install/kobuki_ros_interfaces/share/kobuki_ros_interfaces/msg/RobotStateEvent.idl
[3.574s] -- Up-to-date: /home/locobot/LoCoBotRos/interbotix_ws/install/kobuki_ros_interfaces/share/kobuki_ros_interfaces/msg/Sound.idl
[3.575s] -- Up-to-date: /home/locobot/LoCoBotRos/interbotix_ws/install/kobuki_ros_interfaces/share/kobuki_ros_interfaces/msg/ScanAngle.idl
[3.575s] -- Up-to-date: /home/locobot/LoCoBotRos/interbotix_ws/install/kobuki_ros_interfaces/share/kobuki_ros_interfaces/msg/WheelDropEvent.idl
[3.575s] -- Up-to-date: /home/locobot/LoCoBotRos/interbotix_ws/install/kobuki_ros_interfaces/share/kobuki_ros_interfaces/action/AutoDocking.idl
[3.575s] -- Up-to-date: /home/locobot/LoCoBotRos/interbotix_ws/install/kobuki_ros_interfaces/share/kobuki_ros_interfaces/msg/BumperEvent.msg
[3.575s] -- Up-to-date: /home/locobot/LoCoBotRos/interbotix_ws/install/kobuki_ros_interfaces/share/kobuki_ros_interfaces/msg/CliffEvent.msg
[3.575s] -- Up-to-date: /home/locobot/LoCoBotRos/interbotix_ws/install/kobuki_ros_interfaces/share/kobuki_ros_interfaces/msg/DigitalOutput.msg
[3.576s] -- Up-to-date: /home/locobot/LoCoBotRos/interbotix_ws/install/kobuki_ros_interfaces/share/kobuki_ros_interfaces/msg/ExternalPower.msg
[3.576s] -- Up-to-date: /home/locobot/LoCoBotRos/interbotix_ws/install/kobuki_ros_interfaces/share/kobuki_ros_interfaces/msg/Led.msg
[3.576s] -- Up-to-date: /home/locobot/LoCoBotRos/interbotix_ws/install/kobuki_ros_interfaces/share/kobuki_ros_interfaces/msg/PowerSystemEvent.msg
[3.576s] -- Up-to-date: /home/locobot/LoCoBotRos/interbotix_ws/install/kobuki_ros_interfaces/share/kobuki_ros_interfaces/msg/SensorState.msg
[3.576s] -- Up-to-date: /home/locobot/LoCoBotRos/interbotix_ws/install/kobuki_ros_interfaces/share/kobuki_ros_interfaces/msg/VersionInfo.msg
[3.576s] -- Up-to-date: /home/locobot/LoCoBotRos/interbotix_ws/install/kobuki_ros_interfaces/share/kobuki_ros_interfaces/msg/ControllerInfo.msg
[3.577s] -- Up-to-date: /home/locobot/LoCoBotRos/interbotix_ws/install/kobuki_ros_interfaces/share/kobuki_ros_interfaces/msg/ButtonEvent.msg
[3.577s] -- Up-to-date: /home/locobot/LoCoBotRos/interbotix_ws/install/kobuki_ros_interfaces/share/kobuki_ros_interfaces/msg/DigitalInputEvent.msg
[3.577s] -- Up-to-date: /home/locobot/LoCoBotRos/interbotix_ws/install/kobuki_ros_interfaces/share/kobuki_ros_interfaces/msg/DockInfraRed.msg
[3.578s] -- Up-to-date: /home/locobot/LoCoBotRos/interbotix_ws/install/kobuki_ros_interfaces/share/kobuki_ros_interfaces/msg/KeyboardInput.msg
[3.579s] -- Up-to-date: /home/locobot/LoCoBotRos/interbotix_ws/install/kobuki_ros_interfaces/share/kobuki_ros_interfaces/msg/MotorPower.msg
[3.579s] -- Up-to-date: /home/locobot/LoCoBotRos/interbotix_ws/install/kobuki_ros_interfaces/share/kobuki_ros_interfaces/msg/RobotStateEvent.msg
[3.579s] -- Up-to-date: /home/locobot/LoCoBotRos/interbotix_ws/install/kobuki_ros_interfaces/share/kobuki_ros_interfaces/msg/Sound.msg
[3.579s] -- Up-to-date: /home/locobot/LoCoBotRos/interbotix_ws/install/kobuki_ros_interfaces/share/kobuki_ros_interfaces/msg/ScanAngle.msg
[3.579s] -- Up-to-date: /home/locobot/LoCoBotRos/interbotix_ws/install/kobuki_ros_interfaces/share/kobuki_ros_interfaces/msg/WheelDropEvent.msg
[3.580s] -- Up-to-date: /home/locobot/LoCoBotRos/interbotix_ws/install/kobuki_ros_interfaces/share/kobuki_ros_interfaces/action/AutoDocking.action
[3.580s] -- Up-to-date: /home/locobot/LoCoBotRos/interbotix_ws/install/kobuki_ros_interfaces/share/ament_index/resource_index/package_run_dependencies/kobuki_ros_interfaces
[3.580s] -- Up-to-date: /home/locobot/LoCoBotRos/interbotix_ws/install/kobuki_ros_interfaces/share/ament_index/resource_index/parent_prefix_path/kobuki_ros_interfaces
[3.580s] -- Up-to-date: /home/locobot/LoCoBotRos/interbotix_ws/install/kobuki_ros_interfaces/share/kobuki_ros_interfaces/environment/ament_prefix_path.sh
[3.580s] -- Installing: /home/locobot/LoCoBotRos/interbotix_ws/install/kobuki_ros_interfaces/share/kobuki_ros_interfaces/environment/ament_prefix_path.dsv
[3.580s] -- Up-to-date: /home/locobot/LoCoBotRos/interbotix_ws/install/kobuki_ros_interfaces/share/kobuki_ros_interfaces/environment/path.sh
[3.581s] -- Installing: /home/locobot/LoCoBotRos/interbotix_ws/install/kobuki_ros_interfaces/share/kobuki_ros_interfaces/environment/path.dsv
[3.581s] -- Up-to-date: /home/locobot/LoCoBotRos/interbotix_ws/install/kobuki_ros_interfaces/share/kobuki_ros_interfaces/local_setup.bash
[3.581s] -- Up-to-date: /home/locobot/LoCoBotRos/interbotix_ws/install/kobuki_ros_interfaces/share/kobuki_ros_interfaces/local_setup.sh
[3.581s] -- Up-to-date: /home/locobot/LoCoBotRos/interbotix_ws/install/kobuki_ros_interfaces/share/kobuki_ros_interfaces/local_setup.zsh
[3.581s] -- Installing: /home/locobot/LoCoBotRos/interbotix_ws/install/kobuki_ros_interfaces/share/kobuki_ros_interfaces/local_setup.dsv
[3.581s] -- Installing: /home/locobot/LoCoBotRos/interbotix_ws/install/kobuki_ros_interfaces/share/kobuki_ros_interfaces/package.dsv
[3.581s] -- Up-to-date: /home/locobot/LoCoBotRos/interbotix_ws/install/kobuki_ros_interfaces/share/ament_index/resource_index/packages/kobuki_ros_interfaces
[3.581s] -- Up-to-date: /home/locobot/LoCoBotRos/interbotix_ws/install/kobuki_ros_interfaces/share/kobuki_ros_interfaces/cmake/export_kobuki_ros_interfaces__rosidl_generator_cExport.cmake
[3.581s] -- Up-to-date: /home/locobot/LoCoBotRos/interbotix_ws/install/kobuki_ros_interfaces/share/kobuki_ros_interfaces/cmake/export_kobuki_ros_interfaces__rosidl_generator_cExport-release.cmake
[3.581s] -- Up-to-date: /home/locobot/LoCoBotRos/interbotix_ws/install/kobuki_ros_interfaces/share/kobuki_ros_interfaces/cmake/export_kobuki_ros_interfaces__rosidl_typesupport_fastrtps_cExport.cmake
[3.581s] -- Up-to-date: /home/locobot/LoCoBotRos/interbotix_ws/install/kobuki_ros_interfaces/share/kobuki_ros_interfaces/cmake/export_kobuki_ros_interfaces__rosidl_typesupport_fastrtps_cExport-release.cmake
[3.581s] -- Up-to-date: /home/locobot/LoCoBotRos/interbotix_ws/install/kobuki_ros_interfaces/share/kobuki_ros_interfaces/cmake/export_kobuki_ros_interfaces__rosidl_generator_cppExport.cmake
[3.582s] -- Up-to-date: /home/locobot/LoCoBotRos/interbotix_ws/install/kobuki_ros_interfaces/share/kobuki_ros_interfaces/cmake/export_kobuki_ros_interfaces__rosidl_typesupport_fastrtps_cppExport.cmake
[3.582s] -- Up-to-date: /home/locobot/LoCoBotRos/interbotix_ws/install/kobuki_ros_interfaces/share/kobuki_ros_interfaces/cmake/export_kobuki_ros_interfaces__rosidl_typesupport_fastrtps_cppExport-release.cmake
[3.582s] -- Up-to-date: /home/locobot/LoCoBotRos/interbotix_ws/install/kobuki_ros_interfaces/share/kobuki_ros_interfaces/cmake/kobuki_ros_interfaces__rosidl_typesupport_introspection_cExport.cmake
[3.582s] -- Up-to-date: /home/locobot/LoCoBotRos/interbotix_ws/install/kobuki_ros_interfaces/share/kobuki_ros_interfaces/cmake/kobuki_ros_interfaces__rosidl_typesupport_introspection_cExport-release.cmake
[3.582s] -- Up-to-date: /home/locobot/LoCoBotRos/interbotix_ws/install/kobuki_ros_interfaces/share/kobuki_ros_interfaces/cmake/kobuki_ros_interfaces__rosidl_typesupport_cExport.cmake
[3.582s] -- Up-to-date: /home/locobot/LoCoBotRos/interbotix_ws/install/kobuki_ros_interfaces/share/kobuki_ros_interfaces/cmake/kobuki_ros_interfaces__rosidl_typesupport_cExport-release.cmake
[3.582s] -- Up-to-date: /home/locobot/LoCoBotRos/interbotix_ws/install/kobuki_ros_interfaces/share/kobuki_ros_interfaces/cmake/kobuki_ros_interfaces__rosidl_typesupport_introspection_cppExport.cmake
[3.582s] -- Up-to-date: /home/locobot/LoCoBotRos/interbotix_ws/install/kobuki_ros_interfaces/share/kobuki_ros_interfaces/cmake/kobuki_ros_interfaces__rosidl_typesupport_introspection_cppExport-release.cmake
[3.583s] -- Up-to-date: /home/locobot/LoCoBotRos/interbotix_ws/install/kobuki_ros_interfaces/share/kobuki_ros_interfaces/cmake/kobuki_ros_interfaces__rosidl_typesupport_cppExport.cmake
[3.583s] -- Up-to-date: /home/locobot/LoCoBotRos/interbotix_ws/install/kobuki_ros_interfaces/share/kobuki_ros_interfaces/cmake/kobuki_ros_interfaces__rosidl_typesupport_cppExport-release.cmake
[3.583s] -- Up-to-date: /home/locobot/LoCoBotRos/interbotix_ws/install/kobuki_ros_interfaces/share/kobuki_ros_interfaces/cmake/export_kobuki_ros_interfaces__rosidl_generator_pyExport.cmake
[3.583s] -- Up-to-date: /home/locobot/LoCoBotRos/interbotix_ws/install/kobuki_ros_interfaces/share/kobuki_ros_interfaces/cmake/export_kobuki_ros_interfaces__rosidl_generator_pyExport-release.cmake
[3.583s] -- Up-to-date: /home/locobot/LoCoBotRos/interbotix_ws/install/kobuki_ros_interfaces/share/kobuki_ros_interfaces/cmake/rosidl_cmake-extras.cmake
[3.583s] -- Up-to-date: /home/locobot/LoCoBotRos/interbotix_ws/install/kobuki_ros_interfaces/share/kobuki_ros_interfaces/cmake/ament_cmake_export_dependencies-extras.cmake
[3.583s] -- Up-to-date: /home/locobot/LoCoBotRos/interbotix_ws/install/kobuki_ros_interfaces/share/kobuki_ros_interfaces/cmake/ament_cmake_export_include_directories-extras.cmake
[3.583s] -- Up-to-date: /home/locobot/LoCoBotRos/interbotix_ws/install/kobuki_ros_interfaces/share/kobuki_ros_interfaces/cmake/ament_cmake_export_libraries-extras.cmake
[3.583s] -- Up-to-date: /home/locobot/LoCoBotRos/interbotix_ws/install/kobuki_ros_interfaces/share/kobuki_ros_interfaces/cmake/ament_cmake_export_targets-extras.cmake
[3.583s] -- Up-to-date: /home/locobot/LoCoBotRos/interbotix_ws/install/kobuki_ros_interfaces/share/kobuki_ros_interfaces/cmake/rosidl_cmake_export_typesupport_targets-extras.cmake
[3.583s] -- Up-to-date: /home/locobot/LoCoBotRos/interbotix_ws/install/kobuki_ros_interfaces/share/kobuki_ros_interfaces/cmake/rosidl_cmake_export_typesupport_libraries-extras.cmake
[3.583s] -- Up-to-date: /home/locobot/LoCoBotRos/interbotix_ws/install/kobuki_ros_interfaces/share/kobuki_ros_interfaces/cmake/kobuki_ros_interfacesConfig.cmake
[3.584s] -- Up-to-date: /home/locobot/LoCoBotRos/interbotix_ws/install/kobuki_ros_interfaces/share/kobuki_ros_interfaces/cmake/kobuki_ros_interfacesConfig-version.cmake
[3.584s] -- Up-to-date: /home/locobot/LoCoBotRos/interbotix_ws/install/kobuki_ros_interfaces/share/kobuki_ros_interfaces/package.xml
[3.650s] Invoked command in '/home/locobot/LoCoBotRos/interbotix_ws/build/kobuki_ros_interfaces' returned '0': CMAKE_PREFIX_PATH=${CMAKE_PREFIX_PATH}:/opt/ros/humble /usr/bin/cmake --install /home/locobot/LoCoBotRos/interbotix_ws/build/kobuki_ros_interfaces
