-- Found ament_cmake: 2.5.4 (/home/rowanfoxx/ros2_jazzy/install/ament_cmake/share/ament_cmake/cmake)
-- Found hardware_interface: 4.28.1 (/usr/lib64/ros2-jazzy/share/hardware_interface/cmake)
-- Found rosidl_generator_c: 4.6.5 (/home/rowanfoxx/ros2_jazzy/install/rosidl_generator_c/share/rosidl_generator_c/cmake)
-- Found rosidl_generator_cpp: 4.6.5 (/home/rowanfoxx/ros2_jazzy/install/rosidl_generator_cpp/share/rosidl_generator_cpp/cmake)
-- Using all available rosidl_typesupport_c: rosidl_typesupport_introspection_c;rosidl_typesupport_fastrtps_c
-- Using all available rosidl_typesupport_cpp: rosidl_typesupport_introspection_cpp;rosidl_typesupport_fastrtps_cpp
-- Found TinyXML2 via Config file: /usr/lib64/cmake/tinyxml2
-- Found rmw_implementation_cmake: 7.3.2 (/home/rowanfoxx/ros2_jazzy/install/rmw_implementation_cmake/share/rmw_implementation_cmake/cmake)
-- Found rmw_fastrtps_cpp: 8.4.2 (/home/rowanfoxx/ros2_jazzy/install/rmw_fastrtps_cpp/share/rmw_fastrtps_cpp/cmake)
-- Found TinyXML2 via Config file: /usr/lib64/cmake/tinyxml2
-- Found TinyXML2 via Config file: /usr/lib64/cmake/tinyxml2
-- Found TinyXML2 via Config file: /usr/lib64/cmake/tinyxml2
-- Found TinyXML2 via Config file: /usr/lib64/cmake/tinyxml2
-- Using RMW implementation 'rmw_fastrtps_cpp' as default
-- Found interbotix_xs_msgs: 0.0.0 (/home/rowanfoxx/Documents/GitHub/LoCoBotRos/install/interbotix_xs_msgs/share/interbotix_xs_msgs/cmake)
-- Found ament_lint_auto: 0.17.2 (/home/rowanfoxx/ros2_jazzy/install/ament_lint_auto/share/ament_lint_auto/cmake)
[31mCMake Error at CMakeLists.txt:75 (find_package):
  By not providing "Findros2_control_test_assets.cmake" in CMAKE_MODULE_PATH
  this project has asked CMake to find a package configuration file provided
  by "ros2_control_test_assets", but CMake did not find one.

  Could not find a package configuration file provided by
  "ros2_control_test_assets" with any of the following names:

    ros2_control_test_assetsConfig.cmake
    ros2_control_test_assets-config.cmake

  Add the installation prefix of "ros2_control_test_assets" to
  CMAKE_PREFIX_PATH or set "ros2_control_test_assets_DIR" to a directory
  containing one of the above files.  If "ros2_control_test_assets" provides
  a separate development package or SDK, be sure it has been installed.

[0m
-- Configuring incomplete, errors occurred!
